[2021-06-16 13:07:05,842] {taskinstance.py:876} INFO - Dependencies all met for <TaskInstance: summary_db.queue_bills_due 2021-06-15T00:00:00+00:00 [queued]>
[2021-06-16 13:07:06,022] {taskinstance.py:876} INFO - Dependencies all met for <TaskInstance: summary_db.queue_bills_due 2021-06-15T00:00:00+00:00 [queued]>
[2021-06-16 13:07:06,022] {taskinstance.py:1067} INFO - 
--------------------------------------------------------------------------------
[2021-06-16 13:07:06,022] {taskinstance.py:1068} INFO - Starting attempt 2 of 5
[2021-06-16 13:07:06,022] {taskinstance.py:1069} INFO - 
--------------------------------------------------------------------------------
[2021-06-16 13:07:06,050] {taskinstance.py:1087} INFO - Executing <Task(PythonOperator): queue_bills_due> on 2021-06-15T00:00:00+00:00
[2021-06-16 13:07:06,064] {standard_task_runner.py:52} INFO - Started process 1448 to run task
[2021-06-16 13:07:06,077] {standard_task_runner.py:76} INFO - Running: ['***', 'tasks', 'run', 'summary_db', 'queue_bills_due', '2021-06-15T00:00:00+00:00', '--job-id', '214', '--pool', 'default_pool', '--raw', '--subdir', 'DAGS_FOLDER/first_dag.py', '--cfg-path', '/tmp/tmp0pt0r8oy', '--error-file', '/tmp/tmpeqvehmw4']
[2021-06-16 13:07:06,078] {standard_task_runner.py:77} INFO - Job 214: Subtask queue_bills_due
[2021-06-16 13:07:06,203] {logging_mixin.py:104} INFO - Running <TaskInstance: summary_db.queue_bills_due 2021-06-15T00:00:00+00:00 [running]> on host ac3e7c1eb084
[2021-06-16 13:07:06,297] {taskinstance.py:1282} INFO - Exporting the following env vars:
AIRFLOW_CTX_DAG_OWNER=***
AIRFLOW_CTX_DAG_ID=summary_db
AIRFLOW_CTX_TASK_ID=queue_bills_due
AIRFLOW_CTX_EXECUTION_DATE=2021-06-15T00:00:00+00:00
AIRFLOW_CTX_DAG_RUN_ID=scheduled__2021-06-15T00:00:00+00:00
[2021-06-16 13:07:06,298] {logging_mixin.py:104} INFO - ------------------------------------Inside Function-----------------------------
[2021-06-16 13:07:10,314] {logging_mixin.py:104} INFO - -------------------------------Data read into dataframe---------------------------
[2021-06-16 13:07:13,009] {logging_mixin.py:104} INFO - ----------------------------------Data written into summary DB----------------------
[2021-06-16 13:07:13,010] {python.py:151} INFO - Done. Returned value was: None
[2021-06-16 13:07:13,087] {taskinstance.py:1191} INFO - Marking task as SUCCESS. dag_id=summary_db, task_id=queue_bills_due, execution_date=20210615T000000, start_date=20210616T130705, end_date=20210616T130713
[2021-06-16 13:07:13,231] {taskinstance.py:1245} INFO - 0 downstream tasks scheduled from follow-on schedule check
[2021-06-16 13:07:13,261] {local_task_job.py:151} INFO - Task exited with return code 0
