[2021-06-28 15:20:21,328] {taskinstance.py:876} INFO - Dependencies all met for <TaskInstance: summary_db.queue_prepaid_list 2021-06-26T23:45:00+00:00 [queued]>
[2021-06-28 15:20:21,541] {taskinstance.py:876} INFO - Dependencies all met for <TaskInstance: summary_db.queue_prepaid_list 2021-06-26T23:45:00+00:00 [queued]>
[2021-06-28 15:20:21,546] {taskinstance.py:1067} INFO - 
--------------------------------------------------------------------------------
[2021-06-28 15:20:21,547] {taskinstance.py:1068} INFO - Starting attempt 1 of 4
[2021-06-28 15:20:21,547] {taskinstance.py:1069} INFO - 
--------------------------------------------------------------------------------
[2021-06-28 15:20:21,664] {taskinstance.py:1087} INFO - Executing <Task(PythonOperator): queue_prepaid_list> on 2021-06-26T23:45:00+00:00
[2021-06-28 15:20:21,707] {standard_task_runner.py:52} INFO - Started process 335 to run task
[2021-06-28 15:20:21,755] {standard_task_runner.py:76} INFO - Running: ['***', 'tasks', 'run', 'summary_db', 'queue_prepaid_list', '2021-06-26T23:45:00+00:00', '--job-id', '285', '--pool', 'default_pool', '--raw', '--subdir', 'DAGS_FOLDER/analytics_summary.py', '--cfg-path', '/tmp/tmp3op_5cip', '--error-file', '/tmp/tmp3cqzqfo5']
[2021-06-28 15:20:21,756] {standard_task_runner.py:77} INFO - Job 285: Subtask queue_prepaid_list
[2021-06-28 15:20:22,338] {logging_mixin.py:104} INFO - Running <TaskInstance: summary_db.queue_prepaid_list 2021-06-26T23:45:00+00:00 [running]> on host 32c9461fc328
[2021-06-28 15:20:22,625] {taskinstance.py:1282} INFO - Exporting the following env vars:
AIRFLOW_CTX_DAG_OWNER=***
AIRFLOW_CTX_DAG_ID=summary_db
AIRFLOW_CTX_TASK_ID=queue_prepaid_list
AIRFLOW_CTX_EXECUTION_DATE=2021-06-26T23:45:00+00:00
AIRFLOW_CTX_DAG_RUN_ID=scheduled__2021-06-26T23:45:00+00:00
[2021-06-28 15:20:22,629] {logging_mixin.py:104} INFO - ------------------------------------Inside Function-----------------------------
[2021-06-28 15:20:25,429] {logging_mixin.py:104} INFO - -------------------------------Data read into dataframe---------------------------
[2021-06-28 15:20:27,184] {logging_mixin.py:104} INFO - ----------------------------------Data written into summary DB----------------------
[2021-06-28 15:20:27,184] {python.py:151} INFO - Done. Returned value was: None
[2021-06-28 15:20:27,235] {taskinstance.py:1191} INFO - Marking task as SUCCESS. dag_id=summary_db, task_id=queue_prepaid_list, execution_date=20210626T234500, start_date=20210628T152021, end_date=20210628T152027
[2021-06-28 15:20:27,484] {taskinstance.py:1245} INFO - 0 downstream tasks scheduled from follow-on schedule check
[2021-06-28 15:20:27,522] {local_task_job.py:151} INFO - Task exited with return code 0
[2021-06-28 15:39:30,849] {taskinstance.py:876} INFO - Dependencies all met for <TaskInstance: summary_db.queue_prepaid_list 2021-06-26T23:45:00+00:00 [queued]>
[2021-06-28 15:39:30,913] {taskinstance.py:876} INFO - Dependencies all met for <TaskInstance: summary_db.queue_prepaid_list 2021-06-26T23:45:00+00:00 [queued]>
[2021-06-28 15:39:30,914] {taskinstance.py:1067} INFO - 
--------------------------------------------------------------------------------
[2021-06-28 15:39:30,914] {taskinstance.py:1068} INFO - Starting attempt 1 of 4
[2021-06-28 15:39:30,914] {taskinstance.py:1069} INFO - 
--------------------------------------------------------------------------------
[2021-06-28 15:39:30,934] {taskinstance.py:1087} INFO - Executing <Task(PythonOperator): queue_prepaid_list> on 2021-06-26T23:45:00+00:00
[2021-06-28 15:39:30,951] {standard_task_runner.py:52} INFO - Started process 391 to run task
[2021-06-28 15:39:30,965] {standard_task_runner.py:76} INFO - Running: ['***', 'tasks', 'run', 'summary_db', 'queue_prepaid_list', '2021-06-26T23:45:00+00:00', '--job-id', '314', '--pool', 'default_pool', '--raw', '--subdir', 'DAGS_FOLDER/analytics_summary.py', '--cfg-path', '/tmp/tmpov7h1d_j', '--error-file', '/tmp/tmp86jqdl07']
[2021-06-28 15:39:30,967] {standard_task_runner.py:77} INFO - Job 314: Subtask queue_prepaid_list
[2021-06-28 15:39:31,117] {logging_mixin.py:104} INFO - Running <TaskInstance: summary_db.queue_prepaid_list 2021-06-26T23:45:00+00:00 [running]> on host 32c9461fc328
[2021-06-28 15:39:31,269] {taskinstance.py:1282} INFO - Exporting the following env vars:
AIRFLOW_CTX_DAG_OWNER=***
AIRFLOW_CTX_DAG_ID=summary_db
AIRFLOW_CTX_TASK_ID=queue_prepaid_list
AIRFLOW_CTX_EXECUTION_DATE=2021-06-26T23:45:00+00:00
AIRFLOW_CTX_DAG_RUN_ID=scheduled__2021-06-26T23:45:00+00:00
[2021-06-28 15:39:31,270] {logging_mixin.py:104} INFO - ------------------------------------Inside Function-----------------------------
[2021-06-28 15:39:48,878] {logging_mixin.py:104} INFO - -------------------------------Data read into dataframe---------------------------
[2021-06-28 15:39:50,498] {logging_mixin.py:104} INFO - ----------------------------------Data written into summary DB----------------------
[2021-06-28 15:39:50,498] {python.py:151} INFO - Done. Returned value was: None
[2021-06-28 15:39:50,514] {taskinstance.py:1191} INFO - Marking task as SUCCESS. dag_id=summary_db, task_id=queue_prepaid_list, execution_date=20210626T234500, start_date=20210628T153930, end_date=20210628T153950
[2021-06-28 15:39:50,567] {taskinstance.py:1245} INFO - 0 downstream tasks scheduled from follow-on schedule check
[2021-06-28 15:39:50,614] {local_task_job.py:151} INFO - Task exited with return code 0
