[2021-06-14 12:48:59,562] {taskinstance.py:876} INFO - Dependencies all met for <TaskInstance: summary_db.ambassador_refunds 2021-06-13T00:00:00+00:00 [queued]>
[2021-06-14 12:48:59,969] {taskinstance.py:876} INFO - Dependencies all met for <TaskInstance: summary_db.ambassador_refunds 2021-06-13T00:00:00+00:00 [queued]>
[2021-06-14 12:48:59,970] {taskinstance.py:1067} INFO - 
--------------------------------------------------------------------------------
[2021-06-14 12:48:59,971] {taskinstance.py:1068} INFO - Starting attempt 1 of 2
[2021-06-14 12:48:59,972] {taskinstance.py:1069} INFO - 
--------------------------------------------------------------------------------
[2021-06-14 12:49:00,135] {taskinstance.py:1087} INFO - Executing <Task(PythonOperator): ambassador_refunds> on 2021-06-13T00:00:00+00:00
[2021-06-14 12:49:00,236] {standard_task_runner.py:52} INFO - Started process 373 to run task
[2021-06-14 12:49:00,325] {standard_task_runner.py:76} INFO - Running: ['***', 'tasks', 'run', 'summary_db', 'ambassador_refunds', '2021-06-13T00:00:00+00:00', '--job-id', '33', '--pool', 'default_pool', '--raw', '--subdir', 'DAGS_FOLDER/first_dag.py', '--cfg-path', '/tmp/tmp5n6jc_t5', '--error-file', '/tmp/tmpaeqjs9e8']
[2021-06-14 12:49:00,351] {standard_task_runner.py:77} INFO - Job 33: Subtask ambassador_refunds
[2021-06-14 12:49:01,257] {logging_mixin.py:104} INFO - Running <TaskInstance: summary_db.ambassador_refunds 2021-06-13T00:00:00+00:00 [running]> on host 7874826b9cd7
[2021-06-14 12:49:01,894] {taskinstance.py:1282} INFO - Exporting the following env vars:
AIRFLOW_CTX_DAG_OWNER=***
AIRFLOW_CTX_DAG_ID=summary_db
AIRFLOW_CTX_TASK_ID=ambassador_refunds
AIRFLOW_CTX_EXECUTION_DATE=2021-06-13T00:00:00+00:00
AIRFLOW_CTX_DAG_RUN_ID=scheduled__2021-06-13T00:00:00+00:00
[2021-06-14 12:49:01,907] {logging_mixin.py:104} INFO - ------------------------------------Inside Function-----------------------------
[2021-06-14 12:49:54,066] {logging_mixin.py:104} INFO - -------------------------------Data read into dataframe---------------------------
[2021-06-14 12:49:54,773] {logging_mixin.py:104} WARNING - /home/***/.local/lib/python3.6/site-packages/pandas/io/sql.py:1423 UserWarning: The provided table name '21N_ambassador_refunds' is not found exactly as such in the database after writing the table, possibly due to case sensitivity issues. Consider using lower case table names.
[2021-06-14 12:49:54,783] {logging_mixin.py:104} INFO - ----------------------------------Data written into summary DB----------------------
[2021-06-14 12:49:54,784] {python.py:151} INFO - Done. Returned value was: None
[2021-06-14 12:49:54,839] {taskinstance.py:1191} INFO - Marking task as SUCCESS. dag_id=summary_db, task_id=ambassador_refunds, execution_date=20210613T000000, start_date=20210614T124859, end_date=20210614T124954
[2021-06-14 12:49:55,059] {taskinstance.py:1245} INFO - 0 downstream tasks scheduled from follow-on schedule check
[2021-06-14 12:49:55,134] {local_task_job.py:151} INFO - Task exited with return code 0
[2021-06-14 15:28:07,227] {taskinstance.py:876} INFO - Dependencies all met for <TaskInstance: summary_db.ambassador_refunds 2021-06-13T00:00:00+00:00 [queued]>
[2021-06-14 15:28:07,448] {taskinstance.py:876} INFO - Dependencies all met for <TaskInstance: summary_db.ambassador_refunds 2021-06-13T00:00:00+00:00 [queued]>
[2021-06-14 15:28:07,449] {taskinstance.py:1067} INFO - 
--------------------------------------------------------------------------------
[2021-06-14 15:28:07,449] {taskinstance.py:1068} INFO - Starting attempt 1 of 2
[2021-06-14 15:28:07,449] {taskinstance.py:1069} INFO - 
--------------------------------------------------------------------------------
[2021-06-14 15:28:07,537] {taskinstance.py:1087} INFO - Executing <Task(PythonOperator): ambassador_refunds> on 2021-06-13T00:00:00+00:00
[2021-06-14 15:28:07,803] {standard_task_runner.py:52} INFO - Started process 801 to run task
[2021-06-14 15:28:07,947] {standard_task_runner.py:76} INFO - Running: ['***', 'tasks', 'run', 'summary_db', 'ambassador_refunds', '2021-06-13T00:00:00+00:00', '--job-id', '81', '--pool', 'default_pool', '--raw', '--subdir', 'DAGS_FOLDER/first_dag.py', '--cfg-path', '/tmp/tmpuoo3dpvv', '--error-file', '/tmp/tmp11qgor_i']
[2021-06-14 15:28:07,982] {standard_task_runner.py:77} INFO - Job 81: Subtask ambassador_refunds
[2021-06-14 15:28:09,124] {logging_mixin.py:104} INFO - Running <TaskInstance: summary_db.ambassador_refunds 2021-06-13T00:00:00+00:00 [running]> on host 7874826b9cd7
[2021-06-14 15:28:09,649] {taskinstance.py:1282} INFO - Exporting the following env vars:
AIRFLOW_CTX_DAG_OWNER=***
AIRFLOW_CTX_DAG_ID=summary_db
AIRFLOW_CTX_TASK_ID=ambassador_refunds
AIRFLOW_CTX_EXECUTION_DATE=2021-06-13T00:00:00+00:00
AIRFLOW_CTX_DAG_RUN_ID=scheduled__2021-06-13T00:00:00+00:00
[2021-06-14 15:28:09,658] {logging_mixin.py:104} INFO - ------------------------------------Inside Function-----------------------------
[2021-06-14 15:28:53,491] {logging_mixin.py:104} INFO - -------------------------------Data read into dataframe---------------------------
[2021-06-14 15:28:53,983] {logging_mixin.py:104} WARNING - /home/***/.local/lib/python3.6/site-packages/pandas/io/sql.py:1423 UserWarning: The provided table name '21N_ambassador_refunds' is not found exactly as such in the database after writing the table, possibly due to case sensitivity issues. Consider using lower case table names.
[2021-06-14 15:28:53,984] {logging_mixin.py:104} INFO - ----------------------------------Data written into summary DB----------------------
[2021-06-14 15:28:53,986] {python.py:151} INFO - Done. Returned value was: None
[2021-06-14 15:28:54,054] {taskinstance.py:1191} INFO - Marking task as SUCCESS. dag_id=summary_db, task_id=ambassador_refunds, execution_date=20210613T000000, start_date=20210614T152807, end_date=20210614T152854
[2021-06-14 15:28:54,206] {taskinstance.py:1245} INFO - 0 downstream tasks scheduled from follow-on schedule check
[2021-06-14 15:28:54,267] {local_task_job.py:151} INFO - Task exited with return code 0
[2021-06-14 18:33:53,876] {taskinstance.py:876} INFO - Dependencies all met for <TaskInstance: summary_db.ambassador_refunds 2021-06-13T00:00:00+00:00 [queued]>
[2021-06-14 18:33:54,553] {taskinstance.py:876} INFO - Dependencies all met for <TaskInstance: summary_db.ambassador_refunds 2021-06-13T00:00:00+00:00 [queued]>
[2021-06-14 18:33:54,558] {taskinstance.py:1067} INFO - 
--------------------------------------------------------------------------------
[2021-06-14 18:33:54,559] {taskinstance.py:1068} INFO - Starting attempt 1 of 2
[2021-06-14 18:33:54,563] {taskinstance.py:1069} INFO - 
--------------------------------------------------------------------------------
[2021-06-14 18:33:54,876] {taskinstance.py:1087} INFO - Executing <Task(PythonOperator): ambassador_refunds> on 2021-06-13T00:00:00+00:00
[2021-06-14 18:33:55,079] {standard_task_runner.py:52} INFO - Started process 254 to run task
[2021-06-14 18:33:55,187] {standard_task_runner.py:76} INFO - Running: ['***', 'tasks', 'run', 'summary_db', 'ambassador_refunds', '2021-06-13T00:00:00+00:00', '--job-id', '109', '--pool', 'default_pool', '--raw', '--subdir', 'DAGS_FOLDER/first_dag.py', '--cfg-path', '/tmp/tmp5ywgqye8', '--error-file', '/tmp/tmpeu8gedv3']
[2021-06-14 18:33:55,198] {standard_task_runner.py:77} INFO - Job 109: Subtask ambassador_refunds
[2021-06-14 18:33:57,312] {logging_mixin.py:104} INFO - Running <TaskInstance: summary_db.ambassador_refunds 2021-06-13T00:00:00+00:00 [running]> on host 89c270a4555f
[2021-06-14 18:33:58,837] {taskinstance.py:1282} INFO - Exporting the following env vars:
AIRFLOW_CTX_DAG_OWNER=***
AIRFLOW_CTX_DAG_ID=summary_db
AIRFLOW_CTX_TASK_ID=ambassador_refunds
AIRFLOW_CTX_EXECUTION_DATE=2021-06-13T00:00:00+00:00
AIRFLOW_CTX_DAG_RUN_ID=scheduled__2021-06-13T00:00:00+00:00
[2021-06-14 18:33:58,842] {logging_mixin.py:104} INFO - ------------------------------------Inside Function-----------------------------
[2021-06-14 18:35:05,178] {logging_mixin.py:104} INFO - -------------------------------Data read into dataframe---------------------------
[2021-06-14 18:35:05,427] {logging_mixin.py:104} WARNING - /home/***/.local/lib/python3.6/site-packages/pandas/io/sql.py:1423 UserWarning: The provided table name '21N_ambassador_refunds' is not found exactly as such in the database after writing the table, possibly due to case sensitivity issues. Consider using lower case table names.
[2021-06-14 18:35:05,428] {logging_mixin.py:104} INFO - ----------------------------------Data written into summary DB----------------------
[2021-06-14 18:35:05,428] {python.py:151} INFO - Done. Returned value was: None
[2021-06-14 18:35:05,456] {taskinstance.py:1191} INFO - Marking task as SUCCESS. dag_id=summary_db, task_id=ambassador_refunds, execution_date=20210613T000000, start_date=20210614T183353, end_date=20210614T183505
[2021-06-14 18:35:05,510] {taskinstance.py:1245} INFO - 0 downstream tasks scheduled from follow-on schedule check
[2021-06-14 18:35:05,539] {local_task_job.py:151} INFO - Task exited with return code 0
