[2021-06-16 13:21:57,368] {taskinstance.py:876} INFO - Dependencies all met for <TaskInstance: summary_db.dealer_master 2021-06-15T02:30:00+00:00 [queued]>
[2021-06-16 13:21:57,402] {taskinstance.py:876} INFO - Dependencies all met for <TaskInstance: summary_db.dealer_master 2021-06-15T02:30:00+00:00 [queued]>
[2021-06-16 13:21:57,402] {taskinstance.py:1067} INFO - 
--------------------------------------------------------------------------------
[2021-06-16 13:21:57,402] {taskinstance.py:1068} INFO - Starting attempt 2 of 5
[2021-06-16 13:21:57,402] {taskinstance.py:1069} INFO - 
--------------------------------------------------------------------------------
[2021-06-16 13:21:57,417] {taskinstance.py:1087} INFO - Executing <Task(PythonOperator): dealer_master> on 2021-06-15T02:30:00+00:00
[2021-06-16 13:21:57,426] {standard_task_runner.py:52} INFO - Started process 2212 to run task
[2021-06-16 13:21:57,432] {standard_task_runner.py:76} INFO - Running: ['***', 'tasks', 'run', 'summary_db', 'dealer_master', '2021-06-15T02:30:00+00:00', '--job-id', '249', '--pool', 'default_pool', '--raw', '--subdir', 'DAGS_FOLDER/first_dag.py', '--cfg-path', '/tmp/tmp7s0aynn9', '--error-file', '/tmp/tmp6s37cjqy']
[2021-06-16 13:21:57,433] {standard_task_runner.py:77} INFO - Job 249: Subtask dealer_master
[2021-06-16 13:21:57,538] {logging_mixin.py:104} INFO - Running <TaskInstance: summary_db.dealer_master 2021-06-15T02:30:00+00:00 [running]> on host ac3e7c1eb084
[2021-06-16 13:21:57,671] {taskinstance.py:1282} INFO - Exporting the following env vars:
AIRFLOW_CTX_DAG_OWNER=***
AIRFLOW_CTX_DAG_ID=summary_db
AIRFLOW_CTX_TASK_ID=dealer_master
AIRFLOW_CTX_EXECUTION_DATE=2021-06-15T02:30:00+00:00
AIRFLOW_CTX_DAG_RUN_ID=scheduled__2021-06-15T02:30:00+00:00
[2021-06-16 13:21:57,671] {logging_mixin.py:104} INFO - ------------------------------------Inside Function-----------------------------
[2021-06-16 13:21:59,922] {logging_mixin.py:104} INFO - -------------------------------Data read into dataframe---------------------------
[2021-06-16 13:22:05,889] {logging_mixin.py:104} INFO - ----------------------------------Data written into summary DB----------------------
[2021-06-16 13:22:05,890] {python.py:151} INFO - Done. Returned value was: None
[2021-06-16 13:22:06,034] {taskinstance.py:1191} INFO - Marking task as SUCCESS. dag_id=summary_db, task_id=dealer_master, execution_date=20210615T023000, start_date=20210616T132157, end_date=20210616T132206
[2021-06-16 13:22:06,358] {taskinstance.py:1245} INFO - 0 downstream tasks scheduled from follow-on schedule check
[2021-06-16 13:22:06,410] {local_task_job.py:151} INFO - Task exited with return code 0
