[2021-06-28 15:20:00,434] {taskinstance.py:876} INFO - Dependencies all met for <TaskInstance: summary_db.ambassador_mishaps 2021-06-26T23:45:00+00:00 [queued]>
[2021-06-28 15:20:00,637] {taskinstance.py:876} INFO - Dependencies all met for <TaskInstance: summary_db.ambassador_mishaps 2021-06-26T23:45:00+00:00 [queued]>
[2021-06-28 15:20:00,637] {taskinstance.py:1067} INFO - 
--------------------------------------------------------------------------------
[2021-06-28 15:20:00,637] {taskinstance.py:1068} INFO - Starting attempt 1 of 4
[2021-06-28 15:20:00,637] {taskinstance.py:1069} INFO - 
--------------------------------------------------------------------------------
[2021-06-28 15:20:00,723] {taskinstance.py:1087} INFO - Executing <Task(PythonOperator): ambassador_mishaps> on 2021-06-26T23:45:00+00:00
[2021-06-28 15:20:00,867] {standard_task_runner.py:52} INFO - Started process 296 to run task
[2021-06-28 15:20:00,928] {standard_task_runner.py:76} INFO - Running: ['***', 'tasks', 'run', 'summary_db', 'ambassador_mishaps', '2021-06-26T23:45:00+00:00', '--job-id', '269', '--pool', 'default_pool', '--raw', '--subdir', 'DAGS_FOLDER/analytics_summary.py', '--cfg-path', '/tmp/tmp4ng64fjp', '--error-file', '/tmp/tmpx_2noqmp']
[2021-06-28 15:20:00,934] {standard_task_runner.py:77} INFO - Job 269: Subtask ambassador_mishaps
[2021-06-28 15:20:01,580] {logging_mixin.py:104} INFO - Running <TaskInstance: summary_db.ambassador_mishaps 2021-06-26T23:45:00+00:00 [running]> on host 32c9461fc328
[2021-06-28 15:20:02,251] {taskinstance.py:1282} INFO - Exporting the following env vars:
AIRFLOW_CTX_DAG_OWNER=***
AIRFLOW_CTX_DAG_ID=summary_db
AIRFLOW_CTX_TASK_ID=ambassador_mishaps
AIRFLOW_CTX_EXECUTION_DATE=2021-06-26T23:45:00+00:00
AIRFLOW_CTX_DAG_RUN_ID=scheduled__2021-06-26T23:45:00+00:00
[2021-06-28 15:20:02,257] {logging_mixin.py:104} INFO - ------------------------------------Inside Function-----------------------------
[2021-06-28 15:20:06,295] {logging_mixin.py:104} INFO - -------------------------------Data read into dataframe---------------------------
[2021-06-28 15:20:17,494] {logging_mixin.py:104} INFO - ----------------------------------Data written into summary DB----------------------
[2021-06-28 15:20:17,495] {python.py:151} INFO - Done. Returned value was: None
[2021-06-28 15:20:17,552] {taskinstance.py:1191} INFO - Marking task as SUCCESS. dag_id=summary_db, task_id=ambassador_mishaps, execution_date=20210626T234500, start_date=20210628T152000, end_date=20210628T152017
[2021-06-28 15:20:17,707] {taskinstance.py:1245} INFO - 0 downstream tasks scheduled from follow-on schedule check
[2021-06-28 15:20:17,767] {local_task_job.py:151} INFO - Task exited with return code 0
[2021-06-28 15:38:30,612] {taskinstance.py:876} INFO - Dependencies all met for <TaskInstance: summary_db.ambassador_mishaps 2021-06-26T23:45:00+00:00 [queued]>
[2021-06-28 15:38:30,645] {taskinstance.py:876} INFO - Dependencies all met for <TaskInstance: summary_db.ambassador_mishaps 2021-06-26T23:45:00+00:00 [queued]>
[2021-06-28 15:38:30,646] {taskinstance.py:1067} INFO - 
--------------------------------------------------------------------------------
[2021-06-28 15:38:30,646] {taskinstance.py:1068} INFO - Starting attempt 1 of 4
[2021-06-28 15:38:30,646] {taskinstance.py:1069} INFO - 
--------------------------------------------------------------------------------
[2021-06-28 15:38:30,665] {taskinstance.py:1087} INFO - Executing <Task(PythonOperator): ambassador_mishaps> on 2021-06-26T23:45:00+00:00
[2021-06-28 15:38:30,674] {standard_task_runner.py:52} INFO - Started process 311 to run task
[2021-06-28 15:38:30,682] {standard_task_runner.py:76} INFO - Running: ['***', 'tasks', 'run', 'summary_db', 'ambassador_mishaps', '2021-06-26T23:45:00+00:00', '--job-id', '303', '--pool', 'default_pool', '--raw', '--subdir', 'DAGS_FOLDER/analytics_summary.py', '--cfg-path', '/tmp/tmp8_pkuxx2', '--error-file', '/tmp/tmp3l99zb4m']
[2021-06-28 15:38:30,683] {standard_task_runner.py:77} INFO - Job 303: Subtask ambassador_mishaps
[2021-06-28 15:38:30,770] {logging_mixin.py:104} INFO - Running <TaskInstance: summary_db.ambassador_mishaps 2021-06-26T23:45:00+00:00 [running]> on host 32c9461fc328
[2021-06-28 15:38:31,088] {taskinstance.py:1282} INFO - Exporting the following env vars:
AIRFLOW_CTX_DAG_OWNER=***
AIRFLOW_CTX_DAG_ID=summary_db
AIRFLOW_CTX_TASK_ID=ambassador_mishaps
AIRFLOW_CTX_EXECUTION_DATE=2021-06-26T23:45:00+00:00
AIRFLOW_CTX_DAG_RUN_ID=scheduled__2021-06-26T23:45:00+00:00
[2021-06-28 15:38:31,090] {logging_mixin.py:104} INFO - ------------------------------------Inside Function-----------------------------
[2021-06-28 15:38:34,083] {logging_mixin.py:104} INFO - -------------------------------Data read into dataframe---------------------------
[2021-06-28 15:38:38,045] {logging_mixin.py:104} INFO - ----------------------------------Data written into summary DB----------------------
[2021-06-28 15:38:38,046] {python.py:151} INFO - Done. Returned value was: None
[2021-06-28 15:38:38,065] {taskinstance.py:1191} INFO - Marking task as SUCCESS. dag_id=summary_db, task_id=ambassador_mishaps, execution_date=20210626T234500, start_date=20210628T153830, end_date=20210628T153838
[2021-06-28 15:38:38,145] {taskinstance.py:1245} INFO - 0 downstream tasks scheduled from follow-on schedule check
[2021-06-28 15:38:38,195] {local_task_job.py:151} INFO - Task exited with return code 0
