[2021-06-14 12:49:14,647] {taskinstance.py:876} INFO - Dependencies all met for <TaskInstance: summary_db.queue_repeat 2021-06-13T00:00:00+00:00 [queued]>
[2021-06-14 12:49:14,751] {taskinstance.py:876} INFO - Dependencies all met for <TaskInstance: summary_db.queue_repeat 2021-06-13T00:00:00+00:00 [queued]>
[2021-06-14 12:49:14,752] {taskinstance.py:1067} INFO - 
--------------------------------------------------------------------------------
[2021-06-14 12:49:14,753] {taskinstance.py:1068} INFO - Starting attempt 1 of 2
[2021-06-14 12:49:14,754] {taskinstance.py:1069} INFO - 
--------------------------------------------------------------------------------
[2021-06-14 12:49:14,849] {taskinstance.py:1087} INFO - Executing <Task(PythonOperator): queue_repeat> on 2021-06-13T00:00:00+00:00
[2021-06-14 12:49:14,906] {standard_task_runner.py:52} INFO - Started process 407 to run task
[2021-06-14 12:49:14,931] {standard_task_runner.py:76} INFO - Running: ['***', 'tasks', 'run', 'summary_db', 'queue_repeat', '2021-06-13T00:00:00+00:00', '--job-id', '49', '--pool', 'default_pool', '--raw', '--subdir', 'DAGS_FOLDER/first_dag.py', '--cfg-path', '/tmp/tmpqc9xl6dy', '--error-file', '/tmp/tmpflf_20nm']
[2021-06-14 12:49:14,936] {standard_task_runner.py:77} INFO - Job 49: Subtask queue_repeat
[2021-06-14 12:49:15,238] {logging_mixin.py:104} INFO - Running <TaskInstance: summary_db.queue_repeat 2021-06-13T00:00:00+00:00 [running]> on host 7874826b9cd7
[2021-06-14 12:49:15,548] {taskinstance.py:1282} INFO - Exporting the following env vars:
AIRFLOW_CTX_DAG_OWNER=***
AIRFLOW_CTX_DAG_ID=summary_db
AIRFLOW_CTX_TASK_ID=queue_repeat
AIRFLOW_CTX_EXECUTION_DATE=2021-06-13T00:00:00+00:00
AIRFLOW_CTX_DAG_RUN_ID=scheduled__2021-06-13T00:00:00+00:00
[2021-06-14 12:49:15,550] {logging_mixin.py:104} INFO - ------------------------------------Inside Function-----------------------------
[2021-06-14 12:49:18,985] {logging_mixin.py:104} INFO - -------------------------------Data read into dataframe---------------------------
[2021-06-14 12:49:19,302] {logging_mixin.py:104} WARNING - /home/***/.local/lib/python3.6/site-packages/pandas/io/sql.py:1423 UserWarning: The provided table name '21N_queue_repeat' is not found exactly as such in the database after writing the table, possibly due to case sensitivity issues. Consider using lower case table names.
[2021-06-14 12:49:19,303] {logging_mixin.py:104} INFO - ----------------------------------Data written into summary DB----------------------
[2021-06-14 12:49:19,303] {python.py:151} INFO - Done. Returned value was: None
[2021-06-14 12:49:19,359] {taskinstance.py:1191} INFO - Marking task as SUCCESS. dag_id=summary_db, task_id=queue_repeat, execution_date=20210613T000000, start_date=20210614T124914, end_date=20210614T124919
[2021-06-14 12:49:19,525] {taskinstance.py:1245} INFO - 0 downstream tasks scheduled from follow-on schedule check
[2021-06-14 12:49:19,578] {local_task_job.py:151} INFO - Task exited with return code 0
[2021-06-14 15:28:28,793] {taskinstance.py:876} INFO - Dependencies all met for <TaskInstance: summary_db.queue_repeat 2021-06-13T00:00:00+00:00 [queued]>
[2021-06-14 15:28:29,377] {taskinstance.py:876} INFO - Dependencies all met for <TaskInstance: summary_db.queue_repeat 2021-06-13T00:00:00+00:00 [queued]>
[2021-06-14 15:28:29,383] {taskinstance.py:1067} INFO - 
--------------------------------------------------------------------------------
[2021-06-14 15:28:29,384] {taskinstance.py:1068} INFO - Starting attempt 1 of 2
[2021-06-14 15:28:29,386] {taskinstance.py:1069} INFO - 
--------------------------------------------------------------------------------
[2021-06-14 15:28:29,600] {taskinstance.py:1087} INFO - Executing <Task(PythonOperator): queue_repeat> on 2021-06-13T00:00:00+00:00
[2021-06-14 15:28:29,671] {standard_task_runner.py:52} INFO - Started process 826 to run task
[2021-06-14 15:28:29,771] {standard_task_runner.py:76} INFO - Running: ['***', 'tasks', 'run', 'summary_db', 'queue_repeat', '2021-06-13T00:00:00+00:00', '--job-id', '87', '--pool', 'default_pool', '--raw', '--subdir', 'DAGS_FOLDER/first_dag.py', '--cfg-path', '/tmp/tmp30mxpt0v', '--error-file', '/tmp/tmpx6jf1ny2']
[2021-06-14 15:28:29,772] {standard_task_runner.py:77} INFO - Job 87: Subtask queue_repeat
[2021-06-14 15:28:30,423] {logging_mixin.py:104} INFO - Running <TaskInstance: summary_db.queue_repeat 2021-06-13T00:00:00+00:00 [running]> on host 7874826b9cd7
[2021-06-14 15:28:31,549] {taskinstance.py:1282} INFO - Exporting the following env vars:
AIRFLOW_CTX_DAG_OWNER=***
AIRFLOW_CTX_DAG_ID=summary_db
AIRFLOW_CTX_TASK_ID=queue_repeat
AIRFLOW_CTX_EXECUTION_DATE=2021-06-13T00:00:00+00:00
AIRFLOW_CTX_DAG_RUN_ID=scheduled__2021-06-13T00:00:00+00:00
[2021-06-14 15:28:31,562] {logging_mixin.py:104} INFO - ------------------------------------Inside Function-----------------------------
[2021-06-14 15:28:35,235] {logging_mixin.py:104} INFO - -------------------------------Data read into dataframe---------------------------
[2021-06-14 15:28:36,068] {logging_mixin.py:104} WARNING - /home/***/.local/lib/python3.6/site-packages/pandas/io/sql.py:1423 UserWarning: The provided table name '21N_queue_repeat' is not found exactly as such in the database after writing the table, possibly due to case sensitivity issues. Consider using lower case table names.
[2021-06-14 15:28:36,069] {logging_mixin.py:104} INFO - ----------------------------------Data written into summary DB----------------------
[2021-06-14 15:28:36,069] {python.py:151} INFO - Done. Returned value was: None
[2021-06-14 15:28:36,247] {taskinstance.py:1191} INFO - Marking task as SUCCESS. dag_id=summary_db, task_id=queue_repeat, execution_date=20210613T000000, start_date=20210614T152828, end_date=20210614T152836
[2021-06-14 15:28:36,438] {taskinstance.py:1245} INFO - 0 downstream tasks scheduled from follow-on schedule check
[2021-06-14 15:28:36,505] {local_task_job.py:151} INFO - Task exited with return code 0
[2021-06-14 18:34:32,598] {taskinstance.py:876} INFO - Dependencies all met for <TaskInstance: summary_db.queue_repeat 2021-06-13T00:00:00+00:00 [queued]>
[2021-06-14 18:34:33,491] {taskinstance.py:876} INFO - Dependencies all met for <TaskInstance: summary_db.queue_repeat 2021-06-13T00:00:00+00:00 [queued]>
[2021-06-14 18:34:33,491] {taskinstance.py:1067} INFO - 
--------------------------------------------------------------------------------
[2021-06-14 18:34:33,492] {taskinstance.py:1068} INFO - Starting attempt 1 of 2
[2021-06-14 18:34:33,493] {taskinstance.py:1069} INFO - 
--------------------------------------------------------------------------------
[2021-06-14 18:34:34,362] {taskinstance.py:1087} INFO - Executing <Task(PythonOperator): queue_repeat> on 2021-06-13T00:00:00+00:00
[2021-06-14 18:34:34,617] {standard_task_runner.py:52} INFO - Started process 301 to run task
[2021-06-14 18:34:34,705] {standard_task_runner.py:76} INFO - Running: ['***', 'tasks', 'run', 'summary_db', 'queue_repeat', '2021-06-13T00:00:00+00:00', '--job-id', '120', '--pool', 'default_pool', '--raw', '--subdir', 'DAGS_FOLDER/first_dag.py', '--cfg-path', '/tmp/tmp66_nzvd_', '--error-file', '/tmp/tmp64bmgpgx']
[2021-06-14 18:34:34,748] {standard_task_runner.py:77} INFO - Job 120: Subtask queue_repeat
[2021-06-14 18:34:35,541] {logging_mixin.py:104} INFO - Running <TaskInstance: summary_db.queue_repeat 2021-06-13T00:00:00+00:00 [running]> on host 89c270a4555f
[2021-06-14 18:34:36,265] {taskinstance.py:1282} INFO - Exporting the following env vars:
AIRFLOW_CTX_DAG_OWNER=***
AIRFLOW_CTX_DAG_ID=summary_db
AIRFLOW_CTX_TASK_ID=queue_repeat
AIRFLOW_CTX_EXECUTION_DATE=2021-06-13T00:00:00+00:00
AIRFLOW_CTX_DAG_RUN_ID=scheduled__2021-06-13T00:00:00+00:00
[2021-06-14 18:34:36,273] {logging_mixin.py:104} INFO - ------------------------------------Inside Function-----------------------------
[2021-06-14 18:34:47,506] {logging_mixin.py:104} INFO - -------------------------------Data read into dataframe---------------------------
[2021-06-14 18:34:47,807] {logging_mixin.py:104} WARNING - /home/***/.local/lib/python3.6/site-packages/pandas/io/sql.py:1423 UserWarning: The provided table name '21N_queue_repeat' is not found exactly as such in the database after writing the table, possibly due to case sensitivity issues. Consider using lower case table names.
[2021-06-14 18:34:47,808] {logging_mixin.py:104} INFO - ----------------------------------Data written into summary DB----------------------
[2021-06-14 18:34:47,818] {python.py:151} INFO - Done. Returned value was: None
[2021-06-14 18:34:47,892] {taskinstance.py:1191} INFO - Marking task as SUCCESS. dag_id=summary_db, task_id=queue_repeat, execution_date=20210613T000000, start_date=20210614T183432, end_date=20210614T183447
[2021-06-14 18:34:48,170] {taskinstance.py:1245} INFO - 0 downstream tasks scheduled from follow-on schedule check
[2021-06-14 18:34:48,266] {local_task_job.py:151} INFO - Task exited with return code 0
