[2021-06-23 05:37:06,957] {scheduler_job.py:182} INFO - Started process (PID=57) to work on /home/airflow/.local/lib/python3.6/site-packages/airflow/example_dags/example_kubernetes_executor.py
[2021-06-23 05:37:06,972] {scheduler_job.py:633} INFO - Processing file /home/airflow/.local/lib/python3.6/site-packages/airflow/example_dags/example_kubernetes_executor.py for tasks to queue
[2021-06-23 05:37:06,977] {logging_mixin.py:104} INFO - [2021-06-23 05:37:06,973] {dagbag.py:487} INFO - Filling up the DagBag from /home/airflow/.local/lib/python3.6/site-packages/airflow/example_dags/example_kubernetes_executor.py
[2021-06-23 05:37:07,115] {scheduler_job.py:643} INFO - DAG(s) dict_keys(['example_kubernetes_executor']) retrieved from /home/airflow/.local/lib/python3.6/site-packages/airflow/example_dags/example_kubernetes_executor.py
[2021-06-23 05:37:09,068] {logging_mixin.py:104} INFO - [2021-06-23 05:37:09,068] {dag.py:1832} INFO - Sync 1 DAGs
[2021-06-23 05:37:09,109] {logging_mixin.py:104} INFO - [2021-06-23 05:37:09,108] {dag.py:2305} INFO - Setting next_dagrun for example_kubernetes_executor to None
[2021-06-23 05:37:09,143] {scheduler_job.py:190} INFO - Processing /home/airflow/.local/lib/python3.6/site-packages/airflow/example_dags/example_kubernetes_executor.py took 2.191 seconds
[2021-06-23 05:37:39,683] {scheduler_job.py:182} INFO - Started process (PID=110) to work on /home/airflow/.local/lib/python3.6/site-packages/airflow/example_dags/example_kubernetes_executor.py
[2021-06-23 05:37:39,685] {scheduler_job.py:633} INFO - Processing file /home/airflow/.local/lib/python3.6/site-packages/airflow/example_dags/example_kubernetes_executor.py for tasks to queue
[2021-06-23 05:37:39,686] {logging_mixin.py:104} INFO - [2021-06-23 05:37:39,685] {dagbag.py:487} INFO - Filling up the DagBag from /home/airflow/.local/lib/python3.6/site-packages/airflow/example_dags/example_kubernetes_executor.py
[2021-06-23 05:37:39,801] {scheduler_job.py:643} INFO - DAG(s) dict_keys(['example_kubernetes_executor']) retrieved from /home/airflow/.local/lib/python3.6/site-packages/airflow/example_dags/example_kubernetes_executor.py
[2021-06-23 05:37:39,912] {logging_mixin.py:104} INFO - [2021-06-23 05:37:39,911] {dag.py:1832} INFO - Sync 1 DAGs
[2021-06-23 05:37:39,946] {logging_mixin.py:104} INFO - [2021-06-23 05:37:39,946] {dag.py:2305} INFO - Setting next_dagrun for example_kubernetes_executor to None
[2021-06-23 05:37:40,013] {scheduler_job.py:190} INFO - Processing /home/airflow/.local/lib/python3.6/site-packages/airflow/example_dags/example_kubernetes_executor.py took 0.358 seconds
[2021-06-23 05:38:10,423] {scheduler_job.py:182} INFO - Started process (PID=170) to work on /home/airflow/.local/lib/python3.6/site-packages/airflow/example_dags/example_kubernetes_executor.py
[2021-06-23 05:38:10,424] {scheduler_job.py:633} INFO - Processing file /home/airflow/.local/lib/python3.6/site-packages/airflow/example_dags/example_kubernetes_executor.py for tasks to queue
[2021-06-23 05:38:10,425] {logging_mixin.py:104} INFO - [2021-06-23 05:38:10,425] {dagbag.py:487} INFO - Filling up the DagBag from /home/airflow/.local/lib/python3.6/site-packages/airflow/example_dags/example_kubernetes_executor.py
[2021-06-23 05:38:10,449] {scheduler_job.py:643} INFO - DAG(s) dict_keys(['example_kubernetes_executor']) retrieved from /home/airflow/.local/lib/python3.6/site-packages/airflow/example_dags/example_kubernetes_executor.py
[2021-06-23 05:38:10,492] {logging_mixin.py:104} INFO - [2021-06-23 05:38:10,492] {dag.py:1832} INFO - Sync 1 DAGs
[2021-06-23 05:38:10,514] {logging_mixin.py:104} INFO - [2021-06-23 05:38:10,514] {dag.py:2305} INFO - Setting next_dagrun for example_kubernetes_executor to None
[2021-06-23 05:38:10,544] {scheduler_job.py:190} INFO - Processing /home/airflow/.local/lib/python3.6/site-packages/airflow/example_dags/example_kubernetes_executor.py took 0.126 seconds
[2021-06-23 05:38:40,762] {scheduler_job.py:182} INFO - Started process (PID=244) to work on /home/airflow/.local/lib/python3.6/site-packages/airflow/example_dags/example_kubernetes_executor.py
[2021-06-23 05:38:40,765] {scheduler_job.py:633} INFO - Processing file /home/airflow/.local/lib/python3.6/site-packages/airflow/example_dags/example_kubernetes_executor.py for tasks to queue
[2021-06-23 05:38:40,765] {logging_mixin.py:104} INFO - [2021-06-23 05:38:40,765] {dagbag.py:487} INFO - Filling up the DagBag from /home/airflow/.local/lib/python3.6/site-packages/airflow/example_dags/example_kubernetes_executor.py
[2021-06-23 05:38:40,785] {scheduler_job.py:643} INFO - DAG(s) dict_keys(['example_kubernetes_executor']) retrieved from /home/airflow/.local/lib/python3.6/site-packages/airflow/example_dags/example_kubernetes_executor.py
[2021-06-23 05:38:40,827] {logging_mixin.py:104} INFO - [2021-06-23 05:38:40,827] {dag.py:1832} INFO - Sync 1 DAGs
[2021-06-23 05:38:40,864] {logging_mixin.py:104} INFO - [2021-06-23 05:38:40,864] {dag.py:2305} INFO - Setting next_dagrun for example_kubernetes_executor to None
[2021-06-23 05:38:40,904] {scheduler_job.py:190} INFO - Processing /home/airflow/.local/lib/python3.6/site-packages/airflow/example_dags/example_kubernetes_executor.py took 0.147 seconds
[2021-06-23 05:39:11,538] {scheduler_job.py:182} INFO - Started process (PID=309) to work on /home/airflow/.local/lib/python3.6/site-packages/airflow/example_dags/example_kubernetes_executor.py
[2021-06-23 05:39:11,540] {scheduler_job.py:633} INFO - Processing file /home/airflow/.local/lib/python3.6/site-packages/airflow/example_dags/example_kubernetes_executor.py for tasks to queue
[2021-06-23 05:39:11,547] {logging_mixin.py:104} INFO - [2021-06-23 05:39:11,547] {dagbag.py:487} INFO - Filling up the DagBag from /home/airflow/.local/lib/python3.6/site-packages/airflow/example_dags/example_kubernetes_executor.py
[2021-06-23 05:39:11,570] {scheduler_job.py:643} INFO - DAG(s) dict_keys(['example_kubernetes_executor']) retrieved from /home/airflow/.local/lib/python3.6/site-packages/airflow/example_dags/example_kubernetes_executor.py
[2021-06-23 05:39:11,619] {logging_mixin.py:104} INFO - [2021-06-23 05:39:11,619] {dag.py:1832} INFO - Sync 1 DAGs
[2021-06-23 05:39:11,671] {logging_mixin.py:104} INFO - [2021-06-23 05:39:11,671] {dag.py:2305} INFO - Setting next_dagrun for example_kubernetes_executor to None
[2021-06-23 05:39:11,724] {scheduler_job.py:190} INFO - Processing /home/airflow/.local/lib/python3.6/site-packages/airflow/example_dags/example_kubernetes_executor.py took 0.191 seconds
[2021-06-23 05:39:41,762] {scheduler_job.py:182} INFO - Started process (PID=374) to work on /home/airflow/.local/lib/python3.6/site-packages/airflow/example_dags/example_kubernetes_executor.py
[2021-06-23 05:39:41,763] {scheduler_job.py:633} INFO - Processing file /home/airflow/.local/lib/python3.6/site-packages/airflow/example_dags/example_kubernetes_executor.py for tasks to queue
[2021-06-23 05:39:41,764] {logging_mixin.py:104} INFO - [2021-06-23 05:39:41,764] {dagbag.py:487} INFO - Filling up the DagBag from /home/airflow/.local/lib/python3.6/site-packages/airflow/example_dags/example_kubernetes_executor.py
[2021-06-23 05:39:41,780] {scheduler_job.py:643} INFO - DAG(s) dict_keys(['example_kubernetes_executor']) retrieved from /home/airflow/.local/lib/python3.6/site-packages/airflow/example_dags/example_kubernetes_executor.py
[2021-06-23 05:39:41,805] {logging_mixin.py:104} INFO - [2021-06-23 05:39:41,805] {dag.py:1832} INFO - Sync 1 DAGs
[2021-06-23 05:39:41,844] {logging_mixin.py:104} INFO - [2021-06-23 05:39:41,843] {dag.py:2305} INFO - Setting next_dagrun for example_kubernetes_executor to None
[2021-06-23 05:39:41,856] {scheduler_job.py:190} INFO - Processing /home/airflow/.local/lib/python3.6/site-packages/airflow/example_dags/example_kubernetes_executor.py took 0.099 seconds
[2021-06-23 05:40:12,508] {scheduler_job.py:182} INFO - Started process (PID=438) to work on /home/airflow/.local/lib/python3.6/site-packages/airflow/example_dags/example_kubernetes_executor.py
[2021-06-23 05:40:12,509] {scheduler_job.py:633} INFO - Processing file /home/airflow/.local/lib/python3.6/site-packages/airflow/example_dags/example_kubernetes_executor.py for tasks to queue
[2021-06-23 05:40:12,513] {logging_mixin.py:104} INFO - [2021-06-23 05:40:12,511] {dagbag.py:487} INFO - Filling up the DagBag from /home/airflow/.local/lib/python3.6/site-packages/airflow/example_dags/example_kubernetes_executor.py
[2021-06-23 05:40:12,538] {scheduler_job.py:643} INFO - DAG(s) dict_keys(['example_kubernetes_executor']) retrieved from /home/airflow/.local/lib/python3.6/site-packages/airflow/example_dags/example_kubernetes_executor.py
[2021-06-23 05:40:12,585] {logging_mixin.py:104} INFO - [2021-06-23 05:40:12,585] {dag.py:1832} INFO - Sync 1 DAGs
[2021-06-23 05:40:12,620] {logging_mixin.py:104} INFO - [2021-06-23 05:40:12,620] {dag.py:2305} INFO - Setting next_dagrun for example_kubernetes_executor to None
[2021-06-23 05:40:12,637] {scheduler_job.py:190} INFO - Processing /home/airflow/.local/lib/python3.6/site-packages/airflow/example_dags/example_kubernetes_executor.py took 0.134 seconds
[2021-06-23 05:40:43,064] {scheduler_job.py:182} INFO - Started process (PID=501) to work on /home/airflow/.local/lib/python3.6/site-packages/airflow/example_dags/example_kubernetes_executor.py
[2021-06-23 05:40:43,068] {scheduler_job.py:633} INFO - Processing file /home/airflow/.local/lib/python3.6/site-packages/airflow/example_dags/example_kubernetes_executor.py for tasks to queue
[2021-06-23 05:40:43,069] {logging_mixin.py:104} INFO - [2021-06-23 05:40:43,069] {dagbag.py:487} INFO - Filling up the DagBag from /home/airflow/.local/lib/python3.6/site-packages/airflow/example_dags/example_kubernetes_executor.py
[2021-06-23 05:40:43,093] {scheduler_job.py:643} INFO - DAG(s) dict_keys(['example_kubernetes_executor']) retrieved from /home/airflow/.local/lib/python3.6/site-packages/airflow/example_dags/example_kubernetes_executor.py
[2021-06-23 05:40:43,127] {logging_mixin.py:104} INFO - [2021-06-23 05:40:43,126] {dag.py:1832} INFO - Sync 1 DAGs
[2021-06-23 05:40:43,150] {logging_mixin.py:104} INFO - [2021-06-23 05:40:43,148] {dag.py:2305} INFO - Setting next_dagrun for example_kubernetes_executor to None
[2021-06-23 05:40:43,167] {scheduler_job.py:190} INFO - Processing /home/airflow/.local/lib/python3.6/site-packages/airflow/example_dags/example_kubernetes_executor.py took 0.106 seconds
[2021-06-23 05:41:13,528] {scheduler_job.py:182} INFO - Started process (PID=565) to work on /home/airflow/.local/lib/python3.6/site-packages/airflow/example_dags/example_kubernetes_executor.py
[2021-06-23 05:41:13,530] {scheduler_job.py:633} INFO - Processing file /home/airflow/.local/lib/python3.6/site-packages/airflow/example_dags/example_kubernetes_executor.py for tasks to queue
[2021-06-23 05:41:13,531] {logging_mixin.py:104} INFO - [2021-06-23 05:41:13,530] {dagbag.py:487} INFO - Filling up the DagBag from /home/airflow/.local/lib/python3.6/site-packages/airflow/example_dags/example_kubernetes_executor.py
[2021-06-23 05:41:13,549] {scheduler_job.py:643} INFO - DAG(s) dict_keys(['example_kubernetes_executor']) retrieved from /home/airflow/.local/lib/python3.6/site-packages/airflow/example_dags/example_kubernetes_executor.py
[2021-06-23 05:41:13,588] {logging_mixin.py:104} INFO - [2021-06-23 05:41:13,588] {dag.py:1832} INFO - Sync 1 DAGs
[2021-06-23 05:41:13,612] {logging_mixin.py:104} INFO - [2021-06-23 05:41:13,611] {dag.py:2305} INFO - Setting next_dagrun for example_kubernetes_executor to None
[2021-06-23 05:41:13,631] {scheduler_job.py:190} INFO - Processing /home/airflow/.local/lib/python3.6/site-packages/airflow/example_dags/example_kubernetes_executor.py took 0.108 seconds
[2021-06-23 05:41:43,725] {scheduler_job.py:182} INFO - Started process (PID=630) to work on /home/airflow/.local/lib/python3.6/site-packages/airflow/example_dags/example_kubernetes_executor.py
[2021-06-23 05:41:43,727] {scheduler_job.py:633} INFO - Processing file /home/airflow/.local/lib/python3.6/site-packages/airflow/example_dags/example_kubernetes_executor.py for tasks to queue
[2021-06-23 05:41:43,728] {logging_mixin.py:104} INFO - [2021-06-23 05:41:43,728] {dagbag.py:487} INFO - Filling up the DagBag from /home/airflow/.local/lib/python3.6/site-packages/airflow/example_dags/example_kubernetes_executor.py
[2021-06-23 05:41:43,760] {scheduler_job.py:643} INFO - DAG(s) dict_keys(['example_kubernetes_executor']) retrieved from /home/airflow/.local/lib/python3.6/site-packages/airflow/example_dags/example_kubernetes_executor.py
[2021-06-23 05:41:43,807] {logging_mixin.py:104} INFO - [2021-06-23 05:41:43,807] {dag.py:1832} INFO - Sync 1 DAGs
[2021-06-23 05:41:43,830] {logging_mixin.py:104} INFO - [2021-06-23 05:41:43,830] {dag.py:2305} INFO - Setting next_dagrun for example_kubernetes_executor to None
[2021-06-23 05:41:43,855] {scheduler_job.py:190} INFO - Processing /home/airflow/.local/lib/python3.6/site-packages/airflow/example_dags/example_kubernetes_executor.py took 0.139 seconds
[2021-06-23 05:42:14,489] {scheduler_job.py:182} INFO - Started process (PID=691) to work on /home/airflow/.local/lib/python3.6/site-packages/airflow/example_dags/example_kubernetes_executor.py
[2021-06-23 05:42:14,491] {scheduler_job.py:633} INFO - Processing file /home/airflow/.local/lib/python3.6/site-packages/airflow/example_dags/example_kubernetes_executor.py for tasks to queue
[2021-06-23 05:42:14,492] {logging_mixin.py:104} INFO - [2021-06-23 05:42:14,492] {dagbag.py:487} INFO - Filling up the DagBag from /home/airflow/.local/lib/python3.6/site-packages/airflow/example_dags/example_kubernetes_executor.py
[2021-06-23 05:42:14,511] {scheduler_job.py:643} INFO - DAG(s) dict_keys(['example_kubernetes_executor']) retrieved from /home/airflow/.local/lib/python3.6/site-packages/airflow/example_dags/example_kubernetes_executor.py
[2021-06-23 05:42:14,545] {logging_mixin.py:104} INFO - [2021-06-23 05:42:14,545] {dag.py:1832} INFO - Sync 1 DAGs
[2021-06-23 05:42:14,573] {logging_mixin.py:104} INFO - [2021-06-23 05:42:14,573] {dag.py:2305} INFO - Setting next_dagrun for example_kubernetes_executor to None
[2021-06-23 05:42:14,591] {scheduler_job.py:190} INFO - Processing /home/airflow/.local/lib/python3.6/site-packages/airflow/example_dags/example_kubernetes_executor.py took 0.106 seconds
[2021-06-23 05:42:45,318] {scheduler_job.py:182} INFO - Started process (PID=770) to work on /home/airflow/.local/lib/python3.6/site-packages/airflow/example_dags/example_kubernetes_executor.py
[2021-06-23 05:42:45,321] {scheduler_job.py:633} INFO - Processing file /home/airflow/.local/lib/python3.6/site-packages/airflow/example_dags/example_kubernetes_executor.py for tasks to queue
[2021-06-23 05:42:45,328] {logging_mixin.py:104} INFO - [2021-06-23 05:42:45,328] {dagbag.py:487} INFO - Filling up the DagBag from /home/airflow/.local/lib/python3.6/site-packages/airflow/example_dags/example_kubernetes_executor.py
[2021-06-23 05:42:45,355] {scheduler_job.py:643} INFO - DAG(s) dict_keys(['example_kubernetes_executor']) retrieved from /home/airflow/.local/lib/python3.6/site-packages/airflow/example_dags/example_kubernetes_executor.py
[2021-06-23 05:42:45,413] {logging_mixin.py:104} INFO - [2021-06-23 05:42:45,412] {dag.py:1832} INFO - Sync 1 DAGs
[2021-06-23 05:42:45,437] {logging_mixin.py:104} INFO - [2021-06-23 05:42:45,437] {dag.py:2305} INFO - Setting next_dagrun for example_kubernetes_executor to None
[2021-06-23 05:42:45,454] {scheduler_job.py:190} INFO - Processing /home/airflow/.local/lib/python3.6/site-packages/airflow/example_dags/example_kubernetes_executor.py took 0.141 seconds
[2021-06-23 05:43:15,990] {scheduler_job.py:182} INFO - Started process (PID=831) to work on /home/airflow/.local/lib/python3.6/site-packages/airflow/example_dags/example_kubernetes_executor.py
[2021-06-23 05:43:15,991] {scheduler_job.py:633} INFO - Processing file /home/airflow/.local/lib/python3.6/site-packages/airflow/example_dags/example_kubernetes_executor.py for tasks to queue
[2021-06-23 05:43:15,993] {logging_mixin.py:104} INFO - [2021-06-23 05:43:15,993] {dagbag.py:487} INFO - Filling up the DagBag from /home/airflow/.local/lib/python3.6/site-packages/airflow/example_dags/example_kubernetes_executor.py
[2021-06-23 05:43:16,015] {scheduler_job.py:643} INFO - DAG(s) dict_keys(['example_kubernetes_executor']) retrieved from /home/airflow/.local/lib/python3.6/site-packages/airflow/example_dags/example_kubernetes_executor.py
[2021-06-23 05:43:16,042] {logging_mixin.py:104} INFO - [2021-06-23 05:43:16,042] {dag.py:1832} INFO - Sync 1 DAGs
[2021-06-23 05:43:16,071] {logging_mixin.py:104} INFO - [2021-06-23 05:43:16,070] {dag.py:2305} INFO - Setting next_dagrun for example_kubernetes_executor to None
[2021-06-23 05:43:16,086] {scheduler_job.py:190} INFO - Processing /home/airflow/.local/lib/python3.6/site-packages/airflow/example_dags/example_kubernetes_executor.py took 0.101 seconds
[2021-06-23 05:43:46,548] {scheduler_job.py:182} INFO - Started process (PID=896) to work on /home/airflow/.local/lib/python3.6/site-packages/airflow/example_dags/example_kubernetes_executor.py
[2021-06-23 05:43:46,551] {scheduler_job.py:633} INFO - Processing file /home/airflow/.local/lib/python3.6/site-packages/airflow/example_dags/example_kubernetes_executor.py for tasks to queue
[2021-06-23 05:43:46,552] {logging_mixin.py:104} INFO - [2021-06-23 05:43:46,552] {dagbag.py:487} INFO - Filling up the DagBag from /home/airflow/.local/lib/python3.6/site-packages/airflow/example_dags/example_kubernetes_executor.py
[2021-06-23 05:43:46,608] {scheduler_job.py:643} INFO - DAG(s) dict_keys(['example_kubernetes_executor']) retrieved from /home/airflow/.local/lib/python3.6/site-packages/airflow/example_dags/example_kubernetes_executor.py
[2021-06-23 05:43:46,703] {logging_mixin.py:104} INFO - [2021-06-23 05:43:46,703] {dag.py:1832} INFO - Sync 1 DAGs
[2021-06-23 05:43:46,748] {logging_mixin.py:104} INFO - [2021-06-23 05:43:46,748] {dag.py:2305} INFO - Setting next_dagrun for example_kubernetes_executor to None
[2021-06-23 05:43:46,770] {scheduler_job.py:190} INFO - Processing /home/airflow/.local/lib/python3.6/site-packages/airflow/example_dags/example_kubernetes_executor.py took 0.234 seconds
[2021-06-23 05:44:17,100] {scheduler_job.py:182} INFO - Started process (PID=958) to work on /home/airflow/.local/lib/python3.6/site-packages/airflow/example_dags/example_kubernetes_executor.py
[2021-06-23 05:44:17,104] {scheduler_job.py:633} INFO - Processing file /home/airflow/.local/lib/python3.6/site-packages/airflow/example_dags/example_kubernetes_executor.py for tasks to queue
[2021-06-23 05:44:17,105] {logging_mixin.py:104} INFO - [2021-06-23 05:44:17,105] {dagbag.py:487} INFO - Filling up the DagBag from /home/airflow/.local/lib/python3.6/site-packages/airflow/example_dags/example_kubernetes_executor.py
[2021-06-23 05:44:17,127] {scheduler_job.py:643} INFO - DAG(s) dict_keys(['example_kubernetes_executor']) retrieved from /home/airflow/.local/lib/python3.6/site-packages/airflow/example_dags/example_kubernetes_executor.py
[2021-06-23 05:44:17,168] {logging_mixin.py:104} INFO - [2021-06-23 05:44:17,168] {dag.py:1832} INFO - Sync 1 DAGs
[2021-06-23 05:44:17,187] {logging_mixin.py:104} INFO - [2021-06-23 05:44:17,187] {dag.py:2305} INFO - Setting next_dagrun for example_kubernetes_executor to None
[2021-06-23 05:44:17,210] {scheduler_job.py:190} INFO - Processing /home/airflow/.local/lib/python3.6/site-packages/airflow/example_dags/example_kubernetes_executor.py took 0.120 seconds
[2021-06-23 05:44:47,411] {scheduler_job.py:182} INFO - Started process (PID=1022) to work on /home/airflow/.local/lib/python3.6/site-packages/airflow/example_dags/example_kubernetes_executor.py
[2021-06-23 05:44:47,415] {scheduler_job.py:633} INFO - Processing file /home/airflow/.local/lib/python3.6/site-packages/airflow/example_dags/example_kubernetes_executor.py for tasks to queue
[2021-06-23 05:44:47,421] {logging_mixin.py:104} INFO - [2021-06-23 05:44:47,420] {dagbag.py:487} INFO - Filling up the DagBag from /home/airflow/.local/lib/python3.6/site-packages/airflow/example_dags/example_kubernetes_executor.py
[2021-06-23 05:44:47,472] {scheduler_job.py:643} INFO - DAG(s) dict_keys(['example_kubernetes_executor']) retrieved from /home/airflow/.local/lib/python3.6/site-packages/airflow/example_dags/example_kubernetes_executor.py
[2021-06-23 05:44:47,526] {logging_mixin.py:104} INFO - [2021-06-23 05:44:47,525] {dag.py:1832} INFO - Sync 1 DAGs
[2021-06-23 05:44:47,559] {logging_mixin.py:104} INFO - [2021-06-23 05:44:47,559] {dag.py:2305} INFO - Setting next_dagrun for example_kubernetes_executor to None
[2021-06-23 05:44:47,582] {scheduler_job.py:190} INFO - Processing /home/airflow/.local/lib/python3.6/site-packages/airflow/example_dags/example_kubernetes_executor.py took 0.175 seconds
[2021-06-23 05:45:17,703] {scheduler_job.py:182} INFO - Started process (PID=1095) to work on /home/airflow/.local/lib/python3.6/site-packages/airflow/example_dags/example_kubernetes_executor.py
[2021-06-23 05:45:17,715] {scheduler_job.py:633} INFO - Processing file /home/airflow/.local/lib/python3.6/site-packages/airflow/example_dags/example_kubernetes_executor.py for tasks to queue
[2021-06-23 05:45:17,718] {logging_mixin.py:104} INFO - [2021-06-23 05:45:17,716] {dagbag.py:487} INFO - Filling up the DagBag from /home/airflow/.local/lib/python3.6/site-packages/airflow/example_dags/example_kubernetes_executor.py
[2021-06-23 05:45:17,743] {scheduler_job.py:643} INFO - DAG(s) dict_keys(['example_kubernetes_executor']) retrieved from /home/airflow/.local/lib/python3.6/site-packages/airflow/example_dags/example_kubernetes_executor.py
[2021-06-23 05:45:17,805] {logging_mixin.py:104} INFO - [2021-06-23 05:45:17,805] {dag.py:1832} INFO - Sync 1 DAGs
[2021-06-23 05:45:17,830] {logging_mixin.py:104} INFO - [2021-06-23 05:45:17,830] {dag.py:2305} INFO - Setting next_dagrun for example_kubernetes_executor to None
[2021-06-23 05:45:17,877] {scheduler_job.py:190} INFO - Processing /home/airflow/.local/lib/python3.6/site-packages/airflow/example_dags/example_kubernetes_executor.py took 0.180 seconds
[2021-06-23 05:45:48,208] {scheduler_job.py:182} INFO - Started process (PID=1160) to work on /home/airflow/.local/lib/python3.6/site-packages/airflow/example_dags/example_kubernetes_executor.py
[2021-06-23 05:45:48,210] {scheduler_job.py:633} INFO - Processing file /home/airflow/.local/lib/python3.6/site-packages/airflow/example_dags/example_kubernetes_executor.py for tasks to queue
[2021-06-23 05:45:48,210] {logging_mixin.py:104} INFO - [2021-06-23 05:45:48,210] {dagbag.py:487} INFO - Filling up the DagBag from /home/airflow/.local/lib/python3.6/site-packages/airflow/example_dags/example_kubernetes_executor.py
[2021-06-23 05:45:48,233] {scheduler_job.py:643} INFO - DAG(s) dict_keys(['example_kubernetes_executor']) retrieved from /home/airflow/.local/lib/python3.6/site-packages/airflow/example_dags/example_kubernetes_executor.py
[2021-06-23 05:45:48,279] {logging_mixin.py:104} INFO - [2021-06-23 05:45:48,279] {dag.py:1832} INFO - Sync 1 DAGs
[2021-06-23 05:45:48,307] {logging_mixin.py:104} INFO - [2021-06-23 05:45:48,307] {dag.py:2305} INFO - Setting next_dagrun for example_kubernetes_executor to None
[2021-06-23 05:45:48,339] {scheduler_job.py:190} INFO - Processing /home/airflow/.local/lib/python3.6/site-packages/airflow/example_dags/example_kubernetes_executor.py took 0.137 seconds
[2021-06-23 05:46:18,707] {scheduler_job.py:182} INFO - Started process (PID=1223) to work on /home/airflow/.local/lib/python3.6/site-packages/airflow/example_dags/example_kubernetes_executor.py
[2021-06-23 05:46:18,709] {scheduler_job.py:633} INFO - Processing file /home/airflow/.local/lib/python3.6/site-packages/airflow/example_dags/example_kubernetes_executor.py for tasks to queue
[2021-06-23 05:46:18,710] {logging_mixin.py:104} INFO - [2021-06-23 05:46:18,710] {dagbag.py:487} INFO - Filling up the DagBag from /home/airflow/.local/lib/python3.6/site-packages/airflow/example_dags/example_kubernetes_executor.py
[2021-06-23 05:46:18,731] {scheduler_job.py:643} INFO - DAG(s) dict_keys(['example_kubernetes_executor']) retrieved from /home/airflow/.local/lib/python3.6/site-packages/airflow/example_dags/example_kubernetes_executor.py
[2021-06-23 05:46:18,768] {logging_mixin.py:104} INFO - [2021-06-23 05:46:18,768] {dag.py:1832} INFO - Sync 1 DAGs
[2021-06-23 05:46:18,791] {logging_mixin.py:104} INFO - [2021-06-23 05:46:18,791] {dag.py:2305} INFO - Setting next_dagrun for example_kubernetes_executor to None
[2021-06-23 05:46:18,818] {scheduler_job.py:190} INFO - Processing /home/airflow/.local/lib/python3.6/site-packages/airflow/example_dags/example_kubernetes_executor.py took 0.115 seconds
[2021-06-23 05:46:49,281] {scheduler_job.py:182} INFO - Started process (PID=1285) to work on /home/airflow/.local/lib/python3.6/site-packages/airflow/example_dags/example_kubernetes_executor.py
[2021-06-23 05:46:49,282] {scheduler_job.py:633} INFO - Processing file /home/airflow/.local/lib/python3.6/site-packages/airflow/example_dags/example_kubernetes_executor.py for tasks to queue
[2021-06-23 05:46:49,283] {logging_mixin.py:104} INFO - [2021-06-23 05:46:49,283] {dagbag.py:487} INFO - Filling up the DagBag from /home/airflow/.local/lib/python3.6/site-packages/airflow/example_dags/example_kubernetes_executor.py
[2021-06-23 05:46:49,298] {scheduler_job.py:643} INFO - DAG(s) dict_keys(['example_kubernetes_executor']) retrieved from /home/airflow/.local/lib/python3.6/site-packages/airflow/example_dags/example_kubernetes_executor.py
[2021-06-23 05:46:49,321] {logging_mixin.py:104} INFO - [2021-06-23 05:46:49,321] {dag.py:1832} INFO - Sync 1 DAGs
[2021-06-23 05:46:49,340] {logging_mixin.py:104} INFO - [2021-06-23 05:46:49,340] {dag.py:2305} INFO - Setting next_dagrun for example_kubernetes_executor to None
[2021-06-23 05:46:49,357] {scheduler_job.py:190} INFO - Processing /home/airflow/.local/lib/python3.6/site-packages/airflow/example_dags/example_kubernetes_executor.py took 0.079 seconds
[2021-06-23 05:47:19,819] {scheduler_job.py:182} INFO - Started process (PID=1349) to work on /home/airflow/.local/lib/python3.6/site-packages/airflow/example_dags/example_kubernetes_executor.py
[2021-06-23 05:47:19,821] {scheduler_job.py:633} INFO - Processing file /home/airflow/.local/lib/python3.6/site-packages/airflow/example_dags/example_kubernetes_executor.py for tasks to queue
[2021-06-23 05:47:19,822] {logging_mixin.py:104} INFO - [2021-06-23 05:47:19,822] {dagbag.py:487} INFO - Filling up the DagBag from /home/airflow/.local/lib/python3.6/site-packages/airflow/example_dags/example_kubernetes_executor.py
[2021-06-23 05:47:19,843] {scheduler_job.py:643} INFO - DAG(s) dict_keys(['example_kubernetes_executor']) retrieved from /home/airflow/.local/lib/python3.6/site-packages/airflow/example_dags/example_kubernetes_executor.py
[2021-06-23 05:47:19,886] {logging_mixin.py:104} INFO - [2021-06-23 05:47:19,886] {dag.py:1832} INFO - Sync 1 DAGs
[2021-06-23 05:47:19,911] {logging_mixin.py:104} INFO - [2021-06-23 05:47:19,911] {dag.py:2305} INFO - Setting next_dagrun for example_kubernetes_executor to None
[2021-06-23 05:47:19,931] {scheduler_job.py:190} INFO - Processing /home/airflow/.local/lib/python3.6/site-packages/airflow/example_dags/example_kubernetes_executor.py took 0.116 seconds
[2021-06-23 05:47:50,189] {scheduler_job.py:182} INFO - Started process (PID=1411) to work on /home/airflow/.local/lib/python3.6/site-packages/airflow/example_dags/example_kubernetes_executor.py
[2021-06-23 05:47:50,191] {scheduler_job.py:633} INFO - Processing file /home/airflow/.local/lib/python3.6/site-packages/airflow/example_dags/example_kubernetes_executor.py for tasks to queue
[2021-06-23 05:47:50,192] {logging_mixin.py:104} INFO - [2021-06-23 05:47:50,192] {dagbag.py:487} INFO - Filling up the DagBag from /home/airflow/.local/lib/python3.6/site-packages/airflow/example_dags/example_kubernetes_executor.py
[2021-06-23 05:47:50,229] {scheduler_job.py:643} INFO - DAG(s) dict_keys(['example_kubernetes_executor']) retrieved from /home/airflow/.local/lib/python3.6/site-packages/airflow/example_dags/example_kubernetes_executor.py
[2021-06-23 05:47:50,385] {logging_mixin.py:104} INFO - [2021-06-23 05:47:50,385] {dag.py:1832} INFO - Sync 1 DAGs
[2021-06-23 05:47:50,481] {logging_mixin.py:104} INFO - [2021-06-23 05:47:50,481] {dag.py:2305} INFO - Setting next_dagrun for example_kubernetes_executor to None
[2021-06-23 05:47:50,550] {scheduler_job.py:190} INFO - Processing /home/airflow/.local/lib/python3.6/site-packages/airflow/example_dags/example_kubernetes_executor.py took 0.367 seconds
[2021-06-23 05:48:21,055] {scheduler_job.py:182} INFO - Started process (PID=1471) to work on /home/airflow/.local/lib/python3.6/site-packages/airflow/example_dags/example_kubernetes_executor.py
[2021-06-23 05:48:21,057] {scheduler_job.py:633} INFO - Processing file /home/airflow/.local/lib/python3.6/site-packages/airflow/example_dags/example_kubernetes_executor.py for tasks to queue
[2021-06-23 05:48:21,058] {logging_mixin.py:104} INFO - [2021-06-23 05:48:21,058] {dagbag.py:487} INFO - Filling up the DagBag from /home/airflow/.local/lib/python3.6/site-packages/airflow/example_dags/example_kubernetes_executor.py
[2021-06-23 05:48:21,076] {scheduler_job.py:643} INFO - DAG(s) dict_keys(['example_kubernetes_executor']) retrieved from /home/airflow/.local/lib/python3.6/site-packages/airflow/example_dags/example_kubernetes_executor.py
[2021-06-23 05:48:21,102] {logging_mixin.py:104} INFO - [2021-06-23 05:48:21,102] {dag.py:1832} INFO - Sync 1 DAGs
[2021-06-23 05:48:21,124] {logging_mixin.py:104} INFO - [2021-06-23 05:48:21,124] {dag.py:2305} INFO - Setting next_dagrun for example_kubernetes_executor to None
[2021-06-23 05:48:21,138] {scheduler_job.py:190} INFO - Processing /home/airflow/.local/lib/python3.6/site-packages/airflow/example_dags/example_kubernetes_executor.py took 0.087 seconds
[2021-06-23 05:48:51,246] {scheduler_job.py:182} INFO - Started process (PID=1544) to work on /home/airflow/.local/lib/python3.6/site-packages/airflow/example_dags/example_kubernetes_executor.py
[2021-06-23 05:48:51,259] {scheduler_job.py:633} INFO - Processing file /home/airflow/.local/lib/python3.6/site-packages/airflow/example_dags/example_kubernetes_executor.py for tasks to queue
[2021-06-23 05:48:51,260] {logging_mixin.py:104} INFO - [2021-06-23 05:48:51,260] {dagbag.py:487} INFO - Filling up the DagBag from /home/airflow/.local/lib/python3.6/site-packages/airflow/example_dags/example_kubernetes_executor.py
[2021-06-23 05:48:51,356] {scheduler_job.py:643} INFO - DAG(s) dict_keys(['example_kubernetes_executor']) retrieved from /home/airflow/.local/lib/python3.6/site-packages/airflow/example_dags/example_kubernetes_executor.py
[2021-06-23 05:48:51,437] {logging_mixin.py:104} INFO - [2021-06-23 05:48:51,436] {dag.py:1832} INFO - Sync 1 DAGs
[2021-06-23 05:48:51,513] {logging_mixin.py:104} INFO - [2021-06-23 05:48:51,513] {dag.py:2305} INFO - Setting next_dagrun for example_kubernetes_executor to None
[2021-06-23 05:48:51,591] {scheduler_job.py:190} INFO - Processing /home/airflow/.local/lib/python3.6/site-packages/airflow/example_dags/example_kubernetes_executor.py took 0.350 seconds
[2021-06-23 05:49:22,372] {scheduler_job.py:182} INFO - Started process (PID=1611) to work on /home/airflow/.local/lib/python3.6/site-packages/airflow/example_dags/example_kubernetes_executor.py
[2021-06-23 05:49:22,373] {scheduler_job.py:633} INFO - Processing file /home/airflow/.local/lib/python3.6/site-packages/airflow/example_dags/example_kubernetes_executor.py for tasks to queue
[2021-06-23 05:49:22,374] {logging_mixin.py:104} INFO - [2021-06-23 05:49:22,374] {dagbag.py:487} INFO - Filling up the DagBag from /home/airflow/.local/lib/python3.6/site-packages/airflow/example_dags/example_kubernetes_executor.py
[2021-06-23 05:49:22,391] {scheduler_job.py:643} INFO - DAG(s) dict_keys(['example_kubernetes_executor']) retrieved from /home/airflow/.local/lib/python3.6/site-packages/airflow/example_dags/example_kubernetes_executor.py
[2021-06-23 05:49:22,420] {logging_mixin.py:104} INFO - [2021-06-23 05:49:22,420] {dag.py:1832} INFO - Sync 1 DAGs
[2021-06-23 05:49:22,444] {logging_mixin.py:104} INFO - [2021-06-23 05:49:22,444] {dag.py:2305} INFO - Setting next_dagrun for example_kubernetes_executor to None
[2021-06-23 05:49:22,475] {scheduler_job.py:190} INFO - Processing /home/airflow/.local/lib/python3.6/site-packages/airflow/example_dags/example_kubernetes_executor.py took 0.107 seconds
[2021-06-23 05:49:52,763] {scheduler_job.py:182} INFO - Started process (PID=1672) to work on /home/airflow/.local/lib/python3.6/site-packages/airflow/example_dags/example_kubernetes_executor.py
[2021-06-23 05:49:52,765] {scheduler_job.py:633} INFO - Processing file /home/airflow/.local/lib/python3.6/site-packages/airflow/example_dags/example_kubernetes_executor.py for tasks to queue
[2021-06-23 05:49:52,766] {logging_mixin.py:104} INFO - [2021-06-23 05:49:52,766] {dagbag.py:487} INFO - Filling up the DagBag from /home/airflow/.local/lib/python3.6/site-packages/airflow/example_dags/example_kubernetes_executor.py
[2021-06-23 05:49:52,799] {scheduler_job.py:643} INFO - DAG(s) dict_keys(['example_kubernetes_executor']) retrieved from /home/airflow/.local/lib/python3.6/site-packages/airflow/example_dags/example_kubernetes_executor.py
[2021-06-23 05:49:52,866] {logging_mixin.py:104} INFO - [2021-06-23 05:49:52,865] {dag.py:1832} INFO - Sync 1 DAGs
[2021-06-23 05:49:52,896] {logging_mixin.py:104} INFO - [2021-06-23 05:49:52,895] {dag.py:2305} INFO - Setting next_dagrun for example_kubernetes_executor to None
[2021-06-23 05:49:52,930] {scheduler_job.py:190} INFO - Processing /home/airflow/.local/lib/python3.6/site-packages/airflow/example_dags/example_kubernetes_executor.py took 0.176 seconds
[2021-06-23 05:50:23,232] {scheduler_job.py:182} INFO - Started process (PID=1733) to work on /home/airflow/.local/lib/python3.6/site-packages/airflow/example_dags/example_kubernetes_executor.py
[2021-06-23 05:50:23,233] {scheduler_job.py:633} INFO - Processing file /home/airflow/.local/lib/python3.6/site-packages/airflow/example_dags/example_kubernetes_executor.py for tasks to queue
[2021-06-23 05:50:23,240] {logging_mixin.py:104} INFO - [2021-06-23 05:50:23,239] {dagbag.py:487} INFO - Filling up the DagBag from /home/airflow/.local/lib/python3.6/site-packages/airflow/example_dags/example_kubernetes_executor.py
[2021-06-23 05:50:23,258] {scheduler_job.py:643} INFO - DAG(s) dict_keys(['example_kubernetes_executor']) retrieved from /home/airflow/.local/lib/python3.6/site-packages/airflow/example_dags/example_kubernetes_executor.py
[2021-06-23 05:50:23,288] {logging_mixin.py:104} INFO - [2021-06-23 05:50:23,287] {dag.py:1832} INFO - Sync 1 DAGs
[2021-06-23 05:50:23,310] {logging_mixin.py:104} INFO - [2021-06-23 05:50:23,310] {dag.py:2305} INFO - Setting next_dagrun for example_kubernetes_executor to None
[2021-06-23 05:50:23,321] {scheduler_job.py:190} INFO - Processing /home/airflow/.local/lib/python3.6/site-packages/airflow/example_dags/example_kubernetes_executor.py took 0.103 seconds
[2021-06-23 05:50:53,575] {scheduler_job.py:182} INFO - Started process (PID=1795) to work on /home/airflow/.local/lib/python3.6/site-packages/airflow/example_dags/example_kubernetes_executor.py
[2021-06-23 05:50:53,576] {scheduler_job.py:633} INFO - Processing file /home/airflow/.local/lib/python3.6/site-packages/airflow/example_dags/example_kubernetes_executor.py for tasks to queue
[2021-06-23 05:50:53,578] {logging_mixin.py:104} INFO - [2021-06-23 05:50:53,578] {dagbag.py:487} INFO - Filling up the DagBag from /home/airflow/.local/lib/python3.6/site-packages/airflow/example_dags/example_kubernetes_executor.py
[2021-06-23 05:50:53,600] {scheduler_job.py:643} INFO - DAG(s) dict_keys(['example_kubernetes_executor']) retrieved from /home/airflow/.local/lib/python3.6/site-packages/airflow/example_dags/example_kubernetes_executor.py
[2021-06-23 05:50:53,631] {logging_mixin.py:104} INFO - [2021-06-23 05:50:53,630] {dag.py:1832} INFO - Sync 1 DAGs
[2021-06-23 05:50:53,670] {logging_mixin.py:104} INFO - [2021-06-23 05:50:53,669] {dag.py:2305} INFO - Setting next_dagrun for example_kubernetes_executor to None
[2021-06-23 05:50:53,687] {scheduler_job.py:190} INFO - Processing /home/airflow/.local/lib/python3.6/site-packages/airflow/example_dags/example_kubernetes_executor.py took 0.116 seconds
[2021-06-23 05:51:23,898] {scheduler_job.py:182} INFO - Started process (PID=1867) to work on /home/airflow/.local/lib/python3.6/site-packages/airflow/example_dags/example_kubernetes_executor.py
[2021-06-23 05:51:23,913] {scheduler_job.py:633} INFO - Processing file /home/airflow/.local/lib/python3.6/site-packages/airflow/example_dags/example_kubernetes_executor.py for tasks to queue
[2021-06-23 05:51:23,914] {logging_mixin.py:104} INFO - [2021-06-23 05:51:23,914] {dagbag.py:487} INFO - Filling up the DagBag from /home/airflow/.local/lib/python3.6/site-packages/airflow/example_dags/example_kubernetes_executor.py
[2021-06-23 05:51:23,940] {scheduler_job.py:643} INFO - DAG(s) dict_keys(['example_kubernetes_executor']) retrieved from /home/airflow/.local/lib/python3.6/site-packages/airflow/example_dags/example_kubernetes_executor.py
[2021-06-23 05:51:24,010] {logging_mixin.py:104} INFO - [2021-06-23 05:51:24,010] {dag.py:1832} INFO - Sync 1 DAGs
[2021-06-23 05:51:24,045] {logging_mixin.py:104} INFO - [2021-06-23 05:51:24,045] {dag.py:2305} INFO - Setting next_dagrun for example_kubernetes_executor to None
[2021-06-23 05:51:24,061] {scheduler_job.py:190} INFO - Processing /home/airflow/.local/lib/python3.6/site-packages/airflow/example_dags/example_kubernetes_executor.py took 0.168 seconds
[2021-06-23 05:51:54,302] {scheduler_job.py:182} INFO - Started process (PID=1937) to work on /home/airflow/.local/lib/python3.6/site-packages/airflow/example_dags/example_kubernetes_executor.py
[2021-06-23 05:51:54,303] {scheduler_job.py:633} INFO - Processing file /home/airflow/.local/lib/python3.6/site-packages/airflow/example_dags/example_kubernetes_executor.py for tasks to queue
[2021-06-23 05:51:54,305] {logging_mixin.py:104} INFO - [2021-06-23 05:51:54,304] {dagbag.py:487} INFO - Filling up the DagBag from /home/airflow/.local/lib/python3.6/site-packages/airflow/example_dags/example_kubernetes_executor.py
[2021-06-23 05:51:54,320] {scheduler_job.py:643} INFO - DAG(s) dict_keys(['example_kubernetes_executor']) retrieved from /home/airflow/.local/lib/python3.6/site-packages/airflow/example_dags/example_kubernetes_executor.py
[2021-06-23 05:51:54,354] {logging_mixin.py:104} INFO - [2021-06-23 05:51:54,354] {dag.py:1832} INFO - Sync 1 DAGs
[2021-06-23 05:51:54,386] {logging_mixin.py:104} INFO - [2021-06-23 05:51:54,385] {dag.py:2305} INFO - Setting next_dagrun for example_kubernetes_executor to None
[2021-06-23 05:51:54,400] {scheduler_job.py:190} INFO - Processing /home/airflow/.local/lib/python3.6/site-packages/airflow/example_dags/example_kubernetes_executor.py took 0.103 seconds
[2021-06-23 05:52:24,476] {scheduler_job.py:182} INFO - Started process (PID=1999) to work on /home/airflow/.local/lib/python3.6/site-packages/airflow/example_dags/example_kubernetes_executor.py
[2021-06-23 05:52:24,478] {scheduler_job.py:633} INFO - Processing file /home/airflow/.local/lib/python3.6/site-packages/airflow/example_dags/example_kubernetes_executor.py for tasks to queue
[2021-06-23 05:52:24,479] {logging_mixin.py:104} INFO - [2021-06-23 05:52:24,478] {dagbag.py:487} INFO - Filling up the DagBag from /home/airflow/.local/lib/python3.6/site-packages/airflow/example_dags/example_kubernetes_executor.py
[2021-06-23 05:52:24,494] {scheduler_job.py:643} INFO - DAG(s) dict_keys(['example_kubernetes_executor']) retrieved from /home/airflow/.local/lib/python3.6/site-packages/airflow/example_dags/example_kubernetes_executor.py
[2021-06-23 05:52:24,516] {logging_mixin.py:104} INFO - [2021-06-23 05:52:24,516] {dag.py:1832} INFO - Sync 1 DAGs
[2021-06-23 05:52:24,540] {logging_mixin.py:104} INFO - [2021-06-23 05:52:24,540] {dag.py:2305} INFO - Setting next_dagrun for example_kubernetes_executor to None
[2021-06-23 05:52:24,554] {scheduler_job.py:190} INFO - Processing /home/airflow/.local/lib/python3.6/site-packages/airflow/example_dags/example_kubernetes_executor.py took 0.081 seconds
[2021-06-23 05:52:55,165] {scheduler_job.py:182} INFO - Started process (PID=2063) to work on /home/airflow/.local/lib/python3.6/site-packages/airflow/example_dags/example_kubernetes_executor.py
[2021-06-23 05:52:55,167] {scheduler_job.py:633} INFO - Processing file /home/airflow/.local/lib/python3.6/site-packages/airflow/example_dags/example_kubernetes_executor.py for tasks to queue
[2021-06-23 05:52:55,168] {logging_mixin.py:104} INFO - [2021-06-23 05:52:55,167] {dagbag.py:487} INFO - Filling up the DagBag from /home/airflow/.local/lib/python3.6/site-packages/airflow/example_dags/example_kubernetes_executor.py
[2021-06-23 05:52:55,278] {scheduler_job.py:643} INFO - DAG(s) dict_keys(['example_kubernetes_executor']) retrieved from /home/airflow/.local/lib/python3.6/site-packages/airflow/example_dags/example_kubernetes_executor.py
[2021-06-23 05:52:55,502] {logging_mixin.py:104} INFO - [2021-06-23 05:52:55,502] {dag.py:1832} INFO - Sync 1 DAGs
[2021-06-23 05:52:55,578] {logging_mixin.py:104} INFO - [2021-06-23 05:52:55,578] {dag.py:2305} INFO - Setting next_dagrun for example_kubernetes_executor to None
[2021-06-23 05:52:55,638] {scheduler_job.py:190} INFO - Processing /home/airflow/.local/lib/python3.6/site-packages/airflow/example_dags/example_kubernetes_executor.py took 0.506 seconds
[2021-06-23 05:53:26,010] {scheduler_job.py:182} INFO - Started process (PID=2124) to work on /home/airflow/.local/lib/python3.6/site-packages/airflow/example_dags/example_kubernetes_executor.py
[2021-06-23 05:53:26,012] {scheduler_job.py:633} INFO - Processing file /home/airflow/.local/lib/python3.6/site-packages/airflow/example_dags/example_kubernetes_executor.py for tasks to queue
[2021-06-23 05:53:26,014] {logging_mixin.py:104} INFO - [2021-06-23 05:53:26,014] {dagbag.py:487} INFO - Filling up the DagBag from /home/airflow/.local/lib/python3.6/site-packages/airflow/example_dags/example_kubernetes_executor.py
[2021-06-23 05:53:26,041] {scheduler_job.py:643} INFO - DAG(s) dict_keys(['example_kubernetes_executor']) retrieved from /home/airflow/.local/lib/python3.6/site-packages/airflow/example_dags/example_kubernetes_executor.py
[2021-06-23 05:53:26,074] {logging_mixin.py:104} INFO - [2021-06-23 05:53:26,074] {dag.py:1832} INFO - Sync 1 DAGs
[2021-06-23 05:53:26,099] {logging_mixin.py:104} INFO - [2021-06-23 05:53:26,099] {dag.py:2305} INFO - Setting next_dagrun for example_kubernetes_executor to None
[2021-06-23 05:53:26,143] {scheduler_job.py:190} INFO - Processing /home/airflow/.local/lib/python3.6/site-packages/airflow/example_dags/example_kubernetes_executor.py took 0.137 seconds
[2021-06-23 05:53:56,314] {scheduler_job.py:182} INFO - Started process (PID=2186) to work on /home/airflow/.local/lib/python3.6/site-packages/airflow/example_dags/example_kubernetes_executor.py
[2021-06-23 05:53:56,322] {scheduler_job.py:633} INFO - Processing file /home/airflow/.local/lib/python3.6/site-packages/airflow/example_dags/example_kubernetes_executor.py for tasks to queue
[2021-06-23 05:53:56,323] {logging_mixin.py:104} INFO - [2021-06-23 05:53:56,323] {dagbag.py:487} INFO - Filling up the DagBag from /home/airflow/.local/lib/python3.6/site-packages/airflow/example_dags/example_kubernetes_executor.py
[2021-06-23 05:53:56,359] {scheduler_job.py:643} INFO - DAG(s) dict_keys(['example_kubernetes_executor']) retrieved from /home/airflow/.local/lib/python3.6/site-packages/airflow/example_dags/example_kubernetes_executor.py
[2021-06-23 05:53:56,406] {logging_mixin.py:104} INFO - [2021-06-23 05:53:56,406] {dag.py:1832} INFO - Sync 1 DAGs
[2021-06-23 05:53:56,442] {logging_mixin.py:104} INFO - [2021-06-23 05:53:56,440] {dag.py:2305} INFO - Setting next_dagrun for example_kubernetes_executor to None
[2021-06-23 05:53:56,463] {scheduler_job.py:190} INFO - Processing /home/airflow/.local/lib/python3.6/site-packages/airflow/example_dags/example_kubernetes_executor.py took 0.154 seconds
[2021-06-23 05:54:27,109] {scheduler_job.py:182} INFO - Started process (PID=2249) to work on /home/airflow/.local/lib/python3.6/site-packages/airflow/example_dags/example_kubernetes_executor.py
[2021-06-23 05:54:27,110] {scheduler_job.py:633} INFO - Processing file /home/airflow/.local/lib/python3.6/site-packages/airflow/example_dags/example_kubernetes_executor.py for tasks to queue
[2021-06-23 05:54:27,111] {logging_mixin.py:104} INFO - [2021-06-23 05:54:27,111] {dagbag.py:487} INFO - Filling up the DagBag from /home/airflow/.local/lib/python3.6/site-packages/airflow/example_dags/example_kubernetes_executor.py
[2021-06-23 05:54:27,126] {scheduler_job.py:643} INFO - DAG(s) dict_keys(['example_kubernetes_executor']) retrieved from /home/airflow/.local/lib/python3.6/site-packages/airflow/example_dags/example_kubernetes_executor.py
[2021-06-23 05:54:27,152] {logging_mixin.py:104} INFO - [2021-06-23 05:54:27,152] {dag.py:1832} INFO - Sync 1 DAGs
[2021-06-23 05:54:27,182] {logging_mixin.py:104} INFO - [2021-06-23 05:54:27,182] {dag.py:2305} INFO - Setting next_dagrun for example_kubernetes_executor to None
[2021-06-23 05:54:27,239] {scheduler_job.py:190} INFO - Processing /home/airflow/.local/lib/python3.6/site-packages/airflow/example_dags/example_kubernetes_executor.py took 0.133 seconds
[2021-06-23 05:54:57,545] {scheduler_job.py:182} INFO - Started process (PID=2325) to work on /home/airflow/.local/lib/python3.6/site-packages/airflow/example_dags/example_kubernetes_executor.py
[2021-06-23 05:54:57,546] {scheduler_job.py:633} INFO - Processing file /home/airflow/.local/lib/python3.6/site-packages/airflow/example_dags/example_kubernetes_executor.py for tasks to queue
[2021-06-23 05:54:57,548] {logging_mixin.py:104} INFO - [2021-06-23 05:54:57,547] {dagbag.py:487} INFO - Filling up the DagBag from /home/airflow/.local/lib/python3.6/site-packages/airflow/example_dags/example_kubernetes_executor.py
[2021-06-23 05:54:57,565] {scheduler_job.py:643} INFO - DAG(s) dict_keys(['example_kubernetes_executor']) retrieved from /home/airflow/.local/lib/python3.6/site-packages/airflow/example_dags/example_kubernetes_executor.py
[2021-06-23 05:54:57,594] {logging_mixin.py:104} INFO - [2021-06-23 05:54:57,594] {dag.py:1832} INFO - Sync 1 DAGs
[2021-06-23 05:54:57,618] {logging_mixin.py:104} INFO - [2021-06-23 05:54:57,618] {dag.py:2305} INFO - Setting next_dagrun for example_kubernetes_executor to None
[2021-06-23 05:54:57,641] {scheduler_job.py:190} INFO - Processing /home/airflow/.local/lib/python3.6/site-packages/airflow/example_dags/example_kubernetes_executor.py took 0.101 seconds
[2021-06-23 05:55:27,775] {scheduler_job.py:182} INFO - Started process (PID=2390) to work on /home/airflow/.local/lib/python3.6/site-packages/airflow/example_dags/example_kubernetes_executor.py
[2021-06-23 05:55:27,776] {scheduler_job.py:633} INFO - Processing file /home/airflow/.local/lib/python3.6/site-packages/airflow/example_dags/example_kubernetes_executor.py for tasks to queue
[2021-06-23 05:55:27,777] {logging_mixin.py:104} INFO - [2021-06-23 05:55:27,777] {dagbag.py:487} INFO - Filling up the DagBag from /home/airflow/.local/lib/python3.6/site-packages/airflow/example_dags/example_kubernetes_executor.py
[2021-06-23 05:55:27,793] {scheduler_job.py:643} INFO - DAG(s) dict_keys(['example_kubernetes_executor']) retrieved from /home/airflow/.local/lib/python3.6/site-packages/airflow/example_dags/example_kubernetes_executor.py
[2021-06-23 05:55:27,823] {logging_mixin.py:104} INFO - [2021-06-23 05:55:27,822] {dag.py:1832} INFO - Sync 1 DAGs
[2021-06-23 05:55:27,849] {logging_mixin.py:104} INFO - [2021-06-23 05:55:27,848] {dag.py:2305} INFO - Setting next_dagrun for example_kubernetes_executor to None
[2021-06-23 05:55:27,865] {scheduler_job.py:190} INFO - Processing /home/airflow/.local/lib/python3.6/site-packages/airflow/example_dags/example_kubernetes_executor.py took 0.095 seconds
[2021-06-23 05:55:58,090] {scheduler_job.py:182} INFO - Started process (PID=2452) to work on /home/airflow/.local/lib/python3.6/site-packages/airflow/example_dags/example_kubernetes_executor.py
[2021-06-23 05:55:58,092] {scheduler_job.py:633} INFO - Processing file /home/airflow/.local/lib/python3.6/site-packages/airflow/example_dags/example_kubernetes_executor.py for tasks to queue
[2021-06-23 05:55:58,093] {logging_mixin.py:104} INFO - [2021-06-23 05:55:58,093] {dagbag.py:487} INFO - Filling up the DagBag from /home/airflow/.local/lib/python3.6/site-packages/airflow/example_dags/example_kubernetes_executor.py
[2021-06-23 05:55:58,118] {scheduler_job.py:643} INFO - DAG(s) dict_keys(['example_kubernetes_executor']) retrieved from /home/airflow/.local/lib/python3.6/site-packages/airflow/example_dags/example_kubernetes_executor.py
[2021-06-23 05:55:58,153] {logging_mixin.py:104} INFO - [2021-06-23 05:55:58,153] {dag.py:1832} INFO - Sync 1 DAGs
[2021-06-23 05:55:58,202] {logging_mixin.py:104} INFO - [2021-06-23 05:55:58,202] {dag.py:2305} INFO - Setting next_dagrun for example_kubernetes_executor to None
[2021-06-23 05:55:58,245] {scheduler_job.py:190} INFO - Processing /home/airflow/.local/lib/python3.6/site-packages/airflow/example_dags/example_kubernetes_executor.py took 0.163 seconds
[2021-06-23 05:56:28,367] {scheduler_job.py:182} INFO - Started process (PID=2515) to work on /home/airflow/.local/lib/python3.6/site-packages/airflow/example_dags/example_kubernetes_executor.py
[2021-06-23 05:56:28,368] {scheduler_job.py:633} INFO - Processing file /home/airflow/.local/lib/python3.6/site-packages/airflow/example_dags/example_kubernetes_executor.py for tasks to queue
[2021-06-23 05:56:28,369] {logging_mixin.py:104} INFO - [2021-06-23 05:56:28,369] {dagbag.py:487} INFO - Filling up the DagBag from /home/airflow/.local/lib/python3.6/site-packages/airflow/example_dags/example_kubernetes_executor.py
[2021-06-23 05:56:28,395] {scheduler_job.py:643} INFO - DAG(s) dict_keys(['example_kubernetes_executor']) retrieved from /home/airflow/.local/lib/python3.6/site-packages/airflow/example_dags/example_kubernetes_executor.py
[2021-06-23 05:56:28,447] {logging_mixin.py:104} INFO - [2021-06-23 05:56:28,447] {dag.py:1832} INFO - Sync 1 DAGs
[2021-06-23 05:56:28,469] {logging_mixin.py:104} INFO - [2021-06-23 05:56:28,469] {dag.py:2305} INFO - Setting next_dagrun for example_kubernetes_executor to None
[2021-06-23 05:56:28,501] {scheduler_job.py:190} INFO - Processing /home/airflow/.local/lib/python3.6/site-packages/airflow/example_dags/example_kubernetes_executor.py took 0.139 seconds
[2021-06-23 05:56:58,780] {scheduler_job.py:182} INFO - Started process (PID=2581) to work on /home/airflow/.local/lib/python3.6/site-packages/airflow/example_dags/example_kubernetes_executor.py
[2021-06-23 05:56:58,783] {scheduler_job.py:633} INFO - Processing file /home/airflow/.local/lib/python3.6/site-packages/airflow/example_dags/example_kubernetes_executor.py for tasks to queue
[2021-06-23 05:56:58,785] {logging_mixin.py:104} INFO - [2021-06-23 05:56:58,785] {dagbag.py:487} INFO - Filling up the DagBag from /home/airflow/.local/lib/python3.6/site-packages/airflow/example_dags/example_kubernetes_executor.py
[2021-06-23 05:56:58,804] {scheduler_job.py:643} INFO - DAG(s) dict_keys(['example_kubernetes_executor']) retrieved from /home/airflow/.local/lib/python3.6/site-packages/airflow/example_dags/example_kubernetes_executor.py
[2021-06-23 05:56:58,880] {logging_mixin.py:104} INFO - [2021-06-23 05:56:58,879] {dag.py:1832} INFO - Sync 1 DAGs
[2021-06-23 05:56:58,957] {logging_mixin.py:104} INFO - [2021-06-23 05:56:58,957] {dag.py:2305} INFO - Setting next_dagrun for example_kubernetes_executor to None
[2021-06-23 05:56:59,021] {scheduler_job.py:190} INFO - Processing /home/airflow/.local/lib/python3.6/site-packages/airflow/example_dags/example_kubernetes_executor.py took 0.245 seconds
[2021-06-23 05:57:29,136] {scheduler_job.py:182} INFO - Started process (PID=2643) to work on /home/airflow/.local/lib/python3.6/site-packages/airflow/example_dags/example_kubernetes_executor.py
[2021-06-23 05:57:29,138] {scheduler_job.py:633} INFO - Processing file /home/airflow/.local/lib/python3.6/site-packages/airflow/example_dags/example_kubernetes_executor.py for tasks to queue
[2021-06-23 05:57:29,138] {logging_mixin.py:104} INFO - [2021-06-23 05:57:29,138] {dagbag.py:487} INFO - Filling up the DagBag from /home/airflow/.local/lib/python3.6/site-packages/airflow/example_dags/example_kubernetes_executor.py
[2021-06-23 05:57:29,154] {scheduler_job.py:643} INFO - DAG(s) dict_keys(['example_kubernetes_executor']) retrieved from /home/airflow/.local/lib/python3.6/site-packages/airflow/example_dags/example_kubernetes_executor.py
[2021-06-23 05:57:29,191] {logging_mixin.py:104} INFO - [2021-06-23 05:57:29,191] {dag.py:1832} INFO - Sync 1 DAGs
[2021-06-23 05:57:29,237] {logging_mixin.py:104} INFO - [2021-06-23 05:57:29,236] {dag.py:2305} INFO - Setting next_dagrun for example_kubernetes_executor to None
[2021-06-23 05:57:29,263] {scheduler_job.py:190} INFO - Processing /home/airflow/.local/lib/python3.6/site-packages/airflow/example_dags/example_kubernetes_executor.py took 0.132 seconds
[2021-06-23 05:57:59,298] {scheduler_job.py:182} INFO - Started process (PID=2705) to work on /home/airflow/.local/lib/python3.6/site-packages/airflow/example_dags/example_kubernetes_executor.py
[2021-06-23 05:57:59,300] {scheduler_job.py:633} INFO - Processing file /home/airflow/.local/lib/python3.6/site-packages/airflow/example_dags/example_kubernetes_executor.py for tasks to queue
[2021-06-23 05:57:59,300] {logging_mixin.py:104} INFO - [2021-06-23 05:57:59,300] {dagbag.py:487} INFO - Filling up the DagBag from /home/airflow/.local/lib/python3.6/site-packages/airflow/example_dags/example_kubernetes_executor.py
[2021-06-23 05:57:59,321] {scheduler_job.py:643} INFO - DAG(s) dict_keys(['example_kubernetes_executor']) retrieved from /home/airflow/.local/lib/python3.6/site-packages/airflow/example_dags/example_kubernetes_executor.py
[2021-06-23 05:57:59,388] {logging_mixin.py:104} INFO - [2021-06-23 05:57:59,388] {dag.py:1832} INFO - Sync 1 DAGs
[2021-06-23 05:57:59,435] {logging_mixin.py:104} INFO - [2021-06-23 05:57:59,435] {dag.py:2305} INFO - Setting next_dagrun for example_kubernetes_executor to None
[2021-06-23 05:57:59,469] {scheduler_job.py:190} INFO - Processing /home/airflow/.local/lib/python3.6/site-packages/airflow/example_dags/example_kubernetes_executor.py took 0.178 seconds
[2021-06-23 05:58:29,679] {scheduler_job.py:182} INFO - Started process (PID=2769) to work on /home/airflow/.local/lib/python3.6/site-packages/airflow/example_dags/example_kubernetes_executor.py
[2021-06-23 05:58:29,681] {scheduler_job.py:633} INFO - Processing file /home/airflow/.local/lib/python3.6/site-packages/airflow/example_dags/example_kubernetes_executor.py for tasks to queue
[2021-06-23 05:58:29,682] {logging_mixin.py:104} INFO - [2021-06-23 05:58:29,682] {dagbag.py:487} INFO - Filling up the DagBag from /home/airflow/.local/lib/python3.6/site-packages/airflow/example_dags/example_kubernetes_executor.py
[2021-06-23 05:58:29,698] {scheduler_job.py:643} INFO - DAG(s) dict_keys(['example_kubernetes_executor']) retrieved from /home/airflow/.local/lib/python3.6/site-packages/airflow/example_dags/example_kubernetes_executor.py
[2021-06-23 05:58:29,745] {logging_mixin.py:104} INFO - [2021-06-23 05:58:29,744] {dag.py:1832} INFO - Sync 1 DAGs
[2021-06-23 05:58:29,773] {logging_mixin.py:104} INFO - [2021-06-23 05:58:29,773] {dag.py:2305} INFO - Setting next_dagrun for example_kubernetes_executor to None
[2021-06-23 05:58:29,787] {scheduler_job.py:190} INFO - Processing /home/airflow/.local/lib/python3.6/site-packages/airflow/example_dags/example_kubernetes_executor.py took 0.112 seconds
[2021-06-23 05:59:00,029] {scheduler_job.py:182} INFO - Started process (PID=2844) to work on /home/airflow/.local/lib/python3.6/site-packages/airflow/example_dags/example_kubernetes_executor.py
[2021-06-23 05:59:00,031] {scheduler_job.py:633} INFO - Processing file /home/airflow/.local/lib/python3.6/site-packages/airflow/example_dags/example_kubernetes_executor.py for tasks to queue
[2021-06-23 05:59:00,032] {logging_mixin.py:104} INFO - [2021-06-23 05:59:00,032] {dagbag.py:487} INFO - Filling up the DagBag from /home/airflow/.local/lib/python3.6/site-packages/airflow/example_dags/example_kubernetes_executor.py
[2021-06-23 05:59:00,089] {scheduler_job.py:643} INFO - DAG(s) dict_keys(['example_kubernetes_executor']) retrieved from /home/airflow/.local/lib/python3.6/site-packages/airflow/example_dags/example_kubernetes_executor.py
[2021-06-23 05:59:00,140] {logging_mixin.py:104} INFO - [2021-06-23 05:59:00,140] {dag.py:1832} INFO - Sync 1 DAGs
[2021-06-23 05:59:00,171] {logging_mixin.py:104} INFO - [2021-06-23 05:59:00,171] {dag.py:2305} INFO - Setting next_dagrun for example_kubernetes_executor to None
[2021-06-23 05:59:00,213] {scheduler_job.py:190} INFO - Processing /home/airflow/.local/lib/python3.6/site-packages/airflow/example_dags/example_kubernetes_executor.py took 0.199 seconds
[2021-06-23 05:59:30,607] {scheduler_job.py:182} INFO - Started process (PID=2910) to work on /home/airflow/.local/lib/python3.6/site-packages/airflow/example_dags/example_kubernetes_executor.py
[2021-06-23 05:59:30,621] {scheduler_job.py:633} INFO - Processing file /home/airflow/.local/lib/python3.6/site-packages/airflow/example_dags/example_kubernetes_executor.py for tasks to queue
[2021-06-23 05:59:30,622] {logging_mixin.py:104} INFO - [2021-06-23 05:59:30,622] {dagbag.py:487} INFO - Filling up the DagBag from /home/airflow/.local/lib/python3.6/site-packages/airflow/example_dags/example_kubernetes_executor.py
[2021-06-23 05:59:30,678] {scheduler_job.py:643} INFO - DAG(s) dict_keys(['example_kubernetes_executor']) retrieved from /home/airflow/.local/lib/python3.6/site-packages/airflow/example_dags/example_kubernetes_executor.py
[2021-06-23 05:59:30,778] {logging_mixin.py:104} INFO - [2021-06-23 05:59:30,778] {dag.py:1832} INFO - Sync 1 DAGs
[2021-06-23 05:59:30,872] {logging_mixin.py:104} INFO - [2021-06-23 05:59:30,872] {dag.py:2305} INFO - Setting next_dagrun for example_kubernetes_executor to None
[2021-06-23 05:59:30,926] {scheduler_job.py:190} INFO - Processing /home/airflow/.local/lib/python3.6/site-packages/airflow/example_dags/example_kubernetes_executor.py took 0.325 seconds
[2021-06-23 06:00:01,136] {scheduler_job.py:182} INFO - Started process (PID=2973) to work on /home/airflow/.local/lib/python3.6/site-packages/airflow/example_dags/example_kubernetes_executor.py
[2021-06-23 06:00:01,138] {scheduler_job.py:633} INFO - Processing file /home/airflow/.local/lib/python3.6/site-packages/airflow/example_dags/example_kubernetes_executor.py for tasks to queue
[2021-06-23 06:00:01,138] {logging_mixin.py:104} INFO - [2021-06-23 06:00:01,138] {dagbag.py:487} INFO - Filling up the DagBag from /home/airflow/.local/lib/python3.6/site-packages/airflow/example_dags/example_kubernetes_executor.py
[2021-06-23 06:00:01,157] {scheduler_job.py:643} INFO - DAG(s) dict_keys(['example_kubernetes_executor']) retrieved from /home/airflow/.local/lib/python3.6/site-packages/airflow/example_dags/example_kubernetes_executor.py
[2021-06-23 06:00:01,192] {logging_mixin.py:104} INFO - [2021-06-23 06:00:01,191] {dag.py:1832} INFO - Sync 1 DAGs
[2021-06-23 06:00:01,219] {logging_mixin.py:104} INFO - [2021-06-23 06:00:01,219] {dag.py:2305} INFO - Setting next_dagrun for example_kubernetes_executor to None
[2021-06-23 06:00:01,241] {scheduler_job.py:190} INFO - Processing /home/airflow/.local/lib/python3.6/site-packages/airflow/example_dags/example_kubernetes_executor.py took 0.109 seconds
[2021-06-23 06:00:31,518] {scheduler_job.py:182} INFO - Started process (PID=3033) to work on /home/airflow/.local/lib/python3.6/site-packages/airflow/example_dags/example_kubernetes_executor.py
[2021-06-23 06:00:31,520] {scheduler_job.py:633} INFO - Processing file /home/airflow/.local/lib/python3.6/site-packages/airflow/example_dags/example_kubernetes_executor.py for tasks to queue
[2021-06-23 06:00:31,521] {logging_mixin.py:104} INFO - [2021-06-23 06:00:31,521] {dagbag.py:487} INFO - Filling up the DagBag from /home/airflow/.local/lib/python3.6/site-packages/airflow/example_dags/example_kubernetes_executor.py
[2021-06-23 06:00:31,543] {scheduler_job.py:643} INFO - DAG(s) dict_keys(['example_kubernetes_executor']) retrieved from /home/airflow/.local/lib/python3.6/site-packages/airflow/example_dags/example_kubernetes_executor.py
[2021-06-23 06:00:31,595] {logging_mixin.py:104} INFO - [2021-06-23 06:00:31,595] {dag.py:1832} INFO - Sync 1 DAGs
[2021-06-23 06:00:31,630] {logging_mixin.py:104} INFO - [2021-06-23 06:00:31,630] {dag.py:2305} INFO - Setting next_dagrun for example_kubernetes_executor to None
[2021-06-23 06:00:31,658] {scheduler_job.py:190} INFO - Processing /home/airflow/.local/lib/python3.6/site-packages/airflow/example_dags/example_kubernetes_executor.py took 0.146 seconds
