[2021-06-23 05:37:21,105] {scheduler_job.py:182} INFO - Started process (PID=83) to work on /home/airflow/.local/lib/python3.6/site-packages/airflow/example_dags/example_trigger_controller_dag.py
[2021-06-23 05:37:21,107] {scheduler_job.py:633} INFO - Processing file /home/airflow/.local/lib/python3.6/site-packages/airflow/example_dags/example_trigger_controller_dag.py for tasks to queue
[2021-06-23 05:37:21,108] {logging_mixin.py:104} INFO - [2021-06-23 05:37:21,108] {dagbag.py:487} INFO - Filling up the DagBag from /home/airflow/.local/lib/python3.6/site-packages/airflow/example_dags/example_trigger_controller_dag.py
[2021-06-23 05:37:21,141] {scheduler_job.py:643} INFO - DAG(s) dict_keys(['example_trigger_controller_dag']) retrieved from /home/airflow/.local/lib/python3.6/site-packages/airflow/example_dags/example_trigger_controller_dag.py
[2021-06-23 05:37:21,975] {logging_mixin.py:104} INFO - [2021-06-23 05:37:21,975] {dag.py:1832} INFO - Sync 1 DAGs
[2021-06-23 05:37:22,050] {logging_mixin.py:104} INFO - [2021-06-23 05:37:22,049] {dag.py:2305} INFO - Setting next_dagrun for example_trigger_controller_dag to 2021-06-21 00:00:00+00:00
[2021-06-23 05:37:22,116] {scheduler_job.py:190} INFO - Processing /home/airflow/.local/lib/python3.6/site-packages/airflow/example_dags/example_trigger_controller_dag.py took 1.017 seconds
[2021-06-23 05:37:52,421] {scheduler_job.py:182} INFO - Started process (PID=146) to work on /home/airflow/.local/lib/python3.6/site-packages/airflow/example_dags/example_trigger_controller_dag.py
[2021-06-23 05:37:52,429] {scheduler_job.py:633} INFO - Processing file /home/airflow/.local/lib/python3.6/site-packages/airflow/example_dags/example_trigger_controller_dag.py for tasks to queue
[2021-06-23 05:37:52,433] {logging_mixin.py:104} INFO - [2021-06-23 05:37:52,433] {dagbag.py:487} INFO - Filling up the DagBag from /home/airflow/.local/lib/python3.6/site-packages/airflow/example_dags/example_trigger_controller_dag.py
[2021-06-23 05:37:52,457] {scheduler_job.py:643} INFO - DAG(s) dict_keys(['example_trigger_controller_dag']) retrieved from /home/airflow/.local/lib/python3.6/site-packages/airflow/example_dags/example_trigger_controller_dag.py
[2021-06-23 05:37:52,519] {logging_mixin.py:104} INFO - [2021-06-23 05:37:52,519] {dag.py:1832} INFO - Sync 1 DAGs
[2021-06-23 05:37:52,570] {logging_mixin.py:104} INFO - [2021-06-23 05:37:52,569] {dag.py:2305} INFO - Setting next_dagrun for example_trigger_controller_dag to 2021-06-21 00:00:00+00:00
[2021-06-23 05:37:52,596] {scheduler_job.py:190} INFO - Processing /home/airflow/.local/lib/python3.6/site-packages/airflow/example_dags/example_trigger_controller_dag.py took 0.180 seconds
[2021-06-23 05:38:23,224] {scheduler_job.py:182} INFO - Started process (PID=208) to work on /home/airflow/.local/lib/python3.6/site-packages/airflow/example_dags/example_trigger_controller_dag.py
[2021-06-23 05:38:23,226] {scheduler_job.py:633} INFO - Processing file /home/airflow/.local/lib/python3.6/site-packages/airflow/example_dags/example_trigger_controller_dag.py for tasks to queue
[2021-06-23 05:38:23,229] {logging_mixin.py:104} INFO - [2021-06-23 05:38:23,229] {dagbag.py:487} INFO - Filling up the DagBag from /home/airflow/.local/lib/python3.6/site-packages/airflow/example_dags/example_trigger_controller_dag.py
[2021-06-23 05:38:23,254] {scheduler_job.py:643} INFO - DAG(s) dict_keys(['example_trigger_controller_dag']) retrieved from /home/airflow/.local/lib/python3.6/site-packages/airflow/example_dags/example_trigger_controller_dag.py
[2021-06-23 05:38:23,295] {logging_mixin.py:104} INFO - [2021-06-23 05:38:23,295] {dag.py:1832} INFO - Sync 1 DAGs
[2021-06-23 05:38:23,323] {logging_mixin.py:104} INFO - [2021-06-23 05:38:23,321] {dag.py:2305} INFO - Setting next_dagrun for example_trigger_controller_dag to 2021-06-21 00:00:00+00:00
[2021-06-23 05:38:23,344] {scheduler_job.py:190} INFO - Processing /home/airflow/.local/lib/python3.6/site-packages/airflow/example_dags/example_trigger_controller_dag.py took 0.132 seconds
[2021-06-23 05:38:54,020] {scheduler_job.py:182} INFO - Started process (PID=282) to work on /home/airflow/.local/lib/python3.6/site-packages/airflow/example_dags/example_trigger_controller_dag.py
[2021-06-23 05:38:54,022] {scheduler_job.py:633} INFO - Processing file /home/airflow/.local/lib/python3.6/site-packages/airflow/example_dags/example_trigger_controller_dag.py for tasks to queue
[2021-06-23 05:38:54,025] {logging_mixin.py:104} INFO - [2021-06-23 05:38:54,024] {dagbag.py:487} INFO - Filling up the DagBag from /home/airflow/.local/lib/python3.6/site-packages/airflow/example_dags/example_trigger_controller_dag.py
[2021-06-23 05:38:54,065] {scheduler_job.py:643} INFO - DAG(s) dict_keys(['example_trigger_controller_dag']) retrieved from /home/airflow/.local/lib/python3.6/site-packages/airflow/example_dags/example_trigger_controller_dag.py
[2021-06-23 05:38:54,130] {logging_mixin.py:104} INFO - [2021-06-23 05:38:54,130] {dag.py:1832} INFO - Sync 1 DAGs
[2021-06-23 05:38:54,167] {logging_mixin.py:104} INFO - [2021-06-23 05:38:54,167] {dag.py:2305} INFO - Setting next_dagrun for example_trigger_controller_dag to 2021-06-21 00:00:00+00:00
[2021-06-23 05:38:54,200] {scheduler_job.py:190} INFO - Processing /home/airflow/.local/lib/python3.6/site-packages/airflow/example_dags/example_trigger_controller_dag.py took 0.205 seconds
[2021-06-23 05:39:24,254] {scheduler_job.py:182} INFO - Started process (PID=347) to work on /home/airflow/.local/lib/python3.6/site-packages/airflow/example_dags/example_trigger_controller_dag.py
[2021-06-23 05:39:24,255] {scheduler_job.py:633} INFO - Processing file /home/airflow/.local/lib/python3.6/site-packages/airflow/example_dags/example_trigger_controller_dag.py for tasks to queue
[2021-06-23 05:39:24,256] {logging_mixin.py:104} INFO - [2021-06-23 05:39:24,256] {dagbag.py:487} INFO - Filling up the DagBag from /home/airflow/.local/lib/python3.6/site-packages/airflow/example_dags/example_trigger_controller_dag.py
[2021-06-23 05:39:24,271] {scheduler_job.py:643} INFO - DAG(s) dict_keys(['example_trigger_controller_dag']) retrieved from /home/airflow/.local/lib/python3.6/site-packages/airflow/example_dags/example_trigger_controller_dag.py
[2021-06-23 05:39:24,309] {logging_mixin.py:104} INFO - [2021-06-23 05:39:24,309] {dag.py:1832} INFO - Sync 1 DAGs
[2021-06-23 05:39:24,338] {logging_mixin.py:104} INFO - [2021-06-23 05:39:24,338] {dag.py:2305} INFO - Setting next_dagrun for example_trigger_controller_dag to 2021-06-21 00:00:00+00:00
[2021-06-23 05:39:24,355] {scheduler_job.py:190} INFO - Processing /home/airflow/.local/lib/python3.6/site-packages/airflow/example_dags/example_trigger_controller_dag.py took 0.110 seconds
[2021-06-23 05:39:54,454] {scheduler_job.py:182} INFO - Started process (PID=411) to work on /home/airflow/.local/lib/python3.6/site-packages/airflow/example_dags/example_trigger_controller_dag.py
[2021-06-23 05:39:54,456] {scheduler_job.py:633} INFO - Processing file /home/airflow/.local/lib/python3.6/site-packages/airflow/example_dags/example_trigger_controller_dag.py for tasks to queue
[2021-06-23 05:39:54,458] {logging_mixin.py:104} INFO - [2021-06-23 05:39:54,458] {dagbag.py:487} INFO - Filling up the DagBag from /home/airflow/.local/lib/python3.6/site-packages/airflow/example_dags/example_trigger_controller_dag.py
[2021-06-23 05:39:54,476] {scheduler_job.py:643} INFO - DAG(s) dict_keys(['example_trigger_controller_dag']) retrieved from /home/airflow/.local/lib/python3.6/site-packages/airflow/example_dags/example_trigger_controller_dag.py
[2021-06-23 05:39:54,519] {logging_mixin.py:104} INFO - [2021-06-23 05:39:54,519] {dag.py:1832} INFO - Sync 1 DAGs
[2021-06-23 05:39:54,575] {logging_mixin.py:104} INFO - [2021-06-23 05:39:54,575] {dag.py:2305} INFO - Setting next_dagrun for example_trigger_controller_dag to 2021-06-21 00:00:00+00:00
[2021-06-23 05:39:54,606] {scheduler_job.py:190} INFO - Processing /home/airflow/.local/lib/python3.6/site-packages/airflow/example_dags/example_trigger_controller_dag.py took 0.156 seconds
[2021-06-23 05:40:25,319] {scheduler_job.py:182} INFO - Started process (PID=473) to work on /home/airflow/.local/lib/python3.6/site-packages/airflow/example_dags/example_trigger_controller_dag.py
[2021-06-23 05:40:25,323] {scheduler_job.py:633} INFO - Processing file /home/airflow/.local/lib/python3.6/site-packages/airflow/example_dags/example_trigger_controller_dag.py for tasks to queue
[2021-06-23 05:40:25,330] {logging_mixin.py:104} INFO - [2021-06-23 05:40:25,330] {dagbag.py:487} INFO - Filling up the DagBag from /home/airflow/.local/lib/python3.6/site-packages/airflow/example_dags/example_trigger_controller_dag.py
[2021-06-23 05:40:25,354] {scheduler_job.py:643} INFO - DAG(s) dict_keys(['example_trigger_controller_dag']) retrieved from /home/airflow/.local/lib/python3.6/site-packages/airflow/example_dags/example_trigger_controller_dag.py
[2021-06-23 05:40:25,413] {logging_mixin.py:104} INFO - [2021-06-23 05:40:25,413] {dag.py:1832} INFO - Sync 1 DAGs
[2021-06-23 05:40:25,452] {logging_mixin.py:104} INFO - [2021-06-23 05:40:25,452] {dag.py:2305} INFO - Setting next_dagrun for example_trigger_controller_dag to 2021-06-21 00:00:00+00:00
[2021-06-23 05:40:25,469] {scheduler_job.py:190} INFO - Processing /home/airflow/.local/lib/python3.6/site-packages/airflow/example_dags/example_trigger_controller_dag.py took 0.154 seconds
[2021-06-23 05:40:56,347] {scheduler_job.py:182} INFO - Started process (PID=537) to work on /home/airflow/.local/lib/python3.6/site-packages/airflow/example_dags/example_trigger_controller_dag.py
[2021-06-23 05:40:56,350] {scheduler_job.py:633} INFO - Processing file /home/airflow/.local/lib/python3.6/site-packages/airflow/example_dags/example_trigger_controller_dag.py for tasks to queue
[2021-06-23 05:40:56,352] {logging_mixin.py:104} INFO - [2021-06-23 05:40:56,352] {dagbag.py:487} INFO - Filling up the DagBag from /home/airflow/.local/lib/python3.6/site-packages/airflow/example_dags/example_trigger_controller_dag.py
[2021-06-23 05:40:56,376] {scheduler_job.py:643} INFO - DAG(s) dict_keys(['example_trigger_controller_dag']) retrieved from /home/airflow/.local/lib/python3.6/site-packages/airflow/example_dags/example_trigger_controller_dag.py
[2021-06-23 05:40:56,457] {logging_mixin.py:104} INFO - [2021-06-23 05:40:56,457] {dag.py:1832} INFO - Sync 1 DAGs
[2021-06-23 05:40:56,502] {logging_mixin.py:104} INFO - [2021-06-23 05:40:56,501] {dag.py:2305} INFO - Setting next_dagrun for example_trigger_controller_dag to 2021-06-21 00:00:00+00:00
[2021-06-23 05:40:56,566] {scheduler_job.py:190} INFO - Processing /home/airflow/.local/lib/python3.6/site-packages/airflow/example_dags/example_trigger_controller_dag.py took 0.224 seconds
[2021-06-23 05:41:28,386] {scheduler_job.py:182} INFO - Started process (PID=601) to work on /home/airflow/.local/lib/python3.6/site-packages/airflow/example_dags/example_trigger_controller_dag.py
[2021-06-23 05:41:28,392] {scheduler_job.py:633} INFO - Processing file /home/airflow/.local/lib/python3.6/site-packages/airflow/example_dags/example_trigger_controller_dag.py for tasks to queue
[2021-06-23 05:41:28,393] {logging_mixin.py:104} INFO - [2021-06-23 05:41:28,393] {dagbag.py:487} INFO - Filling up the DagBag from /home/airflow/.local/lib/python3.6/site-packages/airflow/example_dags/example_trigger_controller_dag.py
[2021-06-23 05:41:28,416] {scheduler_job.py:643} INFO - DAG(s) dict_keys(['example_trigger_controller_dag']) retrieved from /home/airflow/.local/lib/python3.6/site-packages/airflow/example_dags/example_trigger_controller_dag.py
[2021-06-23 05:41:28,446] {logging_mixin.py:104} INFO - [2021-06-23 05:41:28,446] {dag.py:1832} INFO - Sync 1 DAGs
[2021-06-23 05:41:28,465] {logging_mixin.py:104} INFO - [2021-06-23 05:41:28,465] {dag.py:2305} INFO - Setting next_dagrun for example_trigger_controller_dag to 2021-06-21 00:00:00+00:00
[2021-06-23 05:41:28,480] {scheduler_job.py:190} INFO - Processing /home/airflow/.local/lib/python3.6/site-packages/airflow/example_dags/example_trigger_controller_dag.py took 0.100 seconds
[2021-06-23 05:42:00,974] {scheduler_job.py:182} INFO - Started process (PID=674) to work on /home/airflow/.local/lib/python3.6/site-packages/airflow/example_dags/example_trigger_controller_dag.py
[2021-06-23 05:42:00,976] {scheduler_job.py:633} INFO - Processing file /home/airflow/.local/lib/python3.6/site-packages/airflow/example_dags/example_trigger_controller_dag.py for tasks to queue
[2021-06-23 05:42:00,977] {logging_mixin.py:104} INFO - [2021-06-23 05:42:00,976] {dagbag.py:487} INFO - Filling up the DagBag from /home/airflow/.local/lib/python3.6/site-packages/airflow/example_dags/example_trigger_controller_dag.py
[2021-06-23 05:42:01,007] {scheduler_job.py:643} INFO - DAG(s) dict_keys(['example_trigger_controller_dag']) retrieved from /home/airflow/.local/lib/python3.6/site-packages/airflow/example_dags/example_trigger_controller_dag.py
[2021-06-23 05:42:01,107] {logging_mixin.py:104} INFO - [2021-06-23 05:42:01,107] {dag.py:1832} INFO - Sync 1 DAGs
[2021-06-23 05:42:01,152] {logging_mixin.py:104} INFO - [2021-06-23 05:42:01,152] {dag.py:2305} INFO - Setting next_dagrun for example_trigger_controller_dag to 2021-06-21 00:00:00+00:00
[2021-06-23 05:42:01,191] {scheduler_job.py:190} INFO - Processing /home/airflow/.local/lib/python3.6/site-packages/airflow/example_dags/example_trigger_controller_dag.py took 0.222 seconds
[2021-06-23 05:42:31,283] {scheduler_job.py:182} INFO - Started process (PID=740) to work on /home/airflow/.local/lib/python3.6/site-packages/airflow/example_dags/example_trigger_controller_dag.py
[2021-06-23 05:42:31,285] {scheduler_job.py:633} INFO - Processing file /home/airflow/.local/lib/python3.6/site-packages/airflow/example_dags/example_trigger_controller_dag.py for tasks to queue
[2021-06-23 05:42:31,286] {logging_mixin.py:104} INFO - [2021-06-23 05:42:31,286] {dagbag.py:487} INFO - Filling up the DagBag from /home/airflow/.local/lib/python3.6/site-packages/airflow/example_dags/example_trigger_controller_dag.py
[2021-06-23 05:42:31,314] {scheduler_job.py:643} INFO - DAG(s) dict_keys(['example_trigger_controller_dag']) retrieved from /home/airflow/.local/lib/python3.6/site-packages/airflow/example_dags/example_trigger_controller_dag.py
[2021-06-23 05:42:31,364] {logging_mixin.py:104} INFO - [2021-06-23 05:42:31,364] {dag.py:1832} INFO - Sync 1 DAGs
[2021-06-23 05:42:31,402] {logging_mixin.py:104} INFO - [2021-06-23 05:42:31,402] {dag.py:2305} INFO - Setting next_dagrun for example_trigger_controller_dag to 2021-06-21 00:00:00+00:00
[2021-06-23 05:42:31,421] {scheduler_job.py:190} INFO - Processing /home/airflow/.local/lib/python3.6/site-packages/airflow/example_dags/example_trigger_controller_dag.py took 0.145 seconds
[2021-06-23 05:43:01,561] {scheduler_job.py:182} INFO - Started process (PID=803) to work on /home/airflow/.local/lib/python3.6/site-packages/airflow/example_dags/example_trigger_controller_dag.py
[2021-06-23 05:43:01,563] {scheduler_job.py:633} INFO - Processing file /home/airflow/.local/lib/python3.6/site-packages/airflow/example_dags/example_trigger_controller_dag.py for tasks to queue
[2021-06-23 05:43:01,564] {logging_mixin.py:104} INFO - [2021-06-23 05:43:01,564] {dagbag.py:487} INFO - Filling up the DagBag from /home/airflow/.local/lib/python3.6/site-packages/airflow/example_dags/example_trigger_controller_dag.py
[2021-06-23 05:43:01,585] {scheduler_job.py:643} INFO - DAG(s) dict_keys(['example_trigger_controller_dag']) retrieved from /home/airflow/.local/lib/python3.6/site-packages/airflow/example_dags/example_trigger_controller_dag.py
[2021-06-23 05:43:01,645] {logging_mixin.py:104} INFO - [2021-06-23 05:43:01,644] {dag.py:1832} INFO - Sync 1 DAGs
[2021-06-23 05:43:01,690] {logging_mixin.py:104} INFO - [2021-06-23 05:43:01,690] {dag.py:2305} INFO - Setting next_dagrun for example_trigger_controller_dag to 2021-06-21 00:00:00+00:00
[2021-06-23 05:43:01,722] {scheduler_job.py:190} INFO - Processing /home/airflow/.local/lib/python3.6/site-packages/airflow/example_dags/example_trigger_controller_dag.py took 0.172 seconds
[2021-06-23 05:43:32,140] {scheduler_job.py:182} INFO - Started process (PID=867) to work on /home/airflow/.local/lib/python3.6/site-packages/airflow/example_dags/example_trigger_controller_dag.py
[2021-06-23 05:43:32,143] {scheduler_job.py:633} INFO - Processing file /home/airflow/.local/lib/python3.6/site-packages/airflow/example_dags/example_trigger_controller_dag.py for tasks to queue
[2021-06-23 05:43:32,144] {logging_mixin.py:104} INFO - [2021-06-23 05:43:32,144] {dagbag.py:487} INFO - Filling up the DagBag from /home/airflow/.local/lib/python3.6/site-packages/airflow/example_dags/example_trigger_controller_dag.py
[2021-06-23 05:43:32,166] {scheduler_job.py:643} INFO - DAG(s) dict_keys(['example_trigger_controller_dag']) retrieved from /home/airflow/.local/lib/python3.6/site-packages/airflow/example_dags/example_trigger_controller_dag.py
[2021-06-23 05:43:32,205] {logging_mixin.py:104} INFO - [2021-06-23 05:43:32,204] {dag.py:1832} INFO - Sync 1 DAGs
[2021-06-23 05:43:32,248] {logging_mixin.py:104} INFO - [2021-06-23 05:43:32,248] {dag.py:2305} INFO - Setting next_dagrun for example_trigger_controller_dag to 2021-06-21 00:00:00+00:00
[2021-06-23 05:43:32,268] {scheduler_job.py:190} INFO - Processing /home/airflow/.local/lib/python3.6/site-packages/airflow/example_dags/example_trigger_controller_dag.py took 0.132 seconds
[2021-06-23 05:44:02,622] {scheduler_job.py:182} INFO - Started process (PID=930) to work on /home/airflow/.local/lib/python3.6/site-packages/airflow/example_dags/example_trigger_controller_dag.py
[2021-06-23 05:44:02,624] {scheduler_job.py:633} INFO - Processing file /home/airflow/.local/lib/python3.6/site-packages/airflow/example_dags/example_trigger_controller_dag.py for tasks to queue
[2021-06-23 05:44:02,630] {logging_mixin.py:104} INFO - [2021-06-23 05:44:02,629] {dagbag.py:487} INFO - Filling up the DagBag from /home/airflow/.local/lib/python3.6/site-packages/airflow/example_dags/example_trigger_controller_dag.py
[2021-06-23 05:44:02,654] {scheduler_job.py:643} INFO - DAG(s) dict_keys(['example_trigger_controller_dag']) retrieved from /home/airflow/.local/lib/python3.6/site-packages/airflow/example_dags/example_trigger_controller_dag.py
[2021-06-23 05:44:02,696] {logging_mixin.py:104} INFO - [2021-06-23 05:44:02,696] {dag.py:1832} INFO - Sync 1 DAGs
[2021-06-23 05:44:02,741] {logging_mixin.py:104} INFO - [2021-06-23 05:44:02,741] {dag.py:2305} INFO - Setting next_dagrun for example_trigger_controller_dag to 2021-06-21 00:00:00+00:00
[2021-06-23 05:44:02,768] {scheduler_job.py:190} INFO - Processing /home/airflow/.local/lib/python3.6/site-packages/airflow/example_dags/example_trigger_controller_dag.py took 0.151 seconds
[2021-06-23 05:44:32,956] {scheduler_job.py:182} INFO - Started process (PID=992) to work on /home/airflow/.local/lib/python3.6/site-packages/airflow/example_dags/example_trigger_controller_dag.py
[2021-06-23 05:44:32,957] {scheduler_job.py:633} INFO - Processing file /home/airflow/.local/lib/python3.6/site-packages/airflow/example_dags/example_trigger_controller_dag.py for tasks to queue
[2021-06-23 05:44:32,958] {logging_mixin.py:104} INFO - [2021-06-23 05:44:32,958] {dagbag.py:487} INFO - Filling up the DagBag from /home/airflow/.local/lib/python3.6/site-packages/airflow/example_dags/example_trigger_controller_dag.py
[2021-06-23 05:44:32,978] {scheduler_job.py:643} INFO - DAG(s) dict_keys(['example_trigger_controller_dag']) retrieved from /home/airflow/.local/lib/python3.6/site-packages/airflow/example_dags/example_trigger_controller_dag.py
[2021-06-23 05:44:33,024] {logging_mixin.py:104} INFO - [2021-06-23 05:44:33,024] {dag.py:1832} INFO - Sync 1 DAGs
[2021-06-23 05:44:33,055] {logging_mixin.py:104} INFO - [2021-06-23 05:44:33,055] {dag.py:2305} INFO - Setting next_dagrun for example_trigger_controller_dag to 2021-06-21 00:00:00+00:00
[2021-06-23 05:44:33,080] {scheduler_job.py:190} INFO - Processing /home/airflow/.local/lib/python3.6/site-packages/airflow/example_dags/example_trigger_controller_dag.py took 0.136 seconds
[2021-06-23 05:45:03,566] {scheduler_job.py:182} INFO - Started process (PID=1054) to work on /home/airflow/.local/lib/python3.6/site-packages/airflow/example_dags/example_trigger_controller_dag.py
[2021-06-23 05:45:03,570] {scheduler_job.py:633} INFO - Processing file /home/airflow/.local/lib/python3.6/site-packages/airflow/example_dags/example_trigger_controller_dag.py for tasks to queue
[2021-06-23 05:45:03,571] {logging_mixin.py:104} INFO - [2021-06-23 05:45:03,570] {dagbag.py:487} INFO - Filling up the DagBag from /home/airflow/.local/lib/python3.6/site-packages/airflow/example_dags/example_trigger_controller_dag.py
[2021-06-23 05:45:03,602] {scheduler_job.py:643} INFO - DAG(s) dict_keys(['example_trigger_controller_dag']) retrieved from /home/airflow/.local/lib/python3.6/site-packages/airflow/example_dags/example_trigger_controller_dag.py
[2021-06-23 05:45:03,640] {logging_mixin.py:104} INFO - [2021-06-23 05:45:03,640] {dag.py:1832} INFO - Sync 1 DAGs
[2021-06-23 05:45:03,697] {logging_mixin.py:104} INFO - [2021-06-23 05:45:03,697] {dag.py:2305} INFO - Setting next_dagrun for example_trigger_controller_dag to 2021-06-21 00:00:00+00:00
[2021-06-23 05:45:03,714] {scheduler_job.py:190} INFO - Processing /home/airflow/.local/lib/python3.6/site-packages/airflow/example_dags/example_trigger_controller_dag.py took 0.153 seconds
[2021-06-23 05:45:33,755] {scheduler_job.py:182} INFO - Started process (PID=1128) to work on /home/airflow/.local/lib/python3.6/site-packages/airflow/example_dags/example_trigger_controller_dag.py
[2021-06-23 05:45:33,767] {scheduler_job.py:633} INFO - Processing file /home/airflow/.local/lib/python3.6/site-packages/airflow/example_dags/example_trigger_controller_dag.py for tasks to queue
[2021-06-23 05:45:33,768] {logging_mixin.py:104} INFO - [2021-06-23 05:45:33,768] {dagbag.py:487} INFO - Filling up the DagBag from /home/airflow/.local/lib/python3.6/site-packages/airflow/example_dags/example_trigger_controller_dag.py
[2021-06-23 05:45:33,786] {scheduler_job.py:643} INFO - DAG(s) dict_keys(['example_trigger_controller_dag']) retrieved from /home/airflow/.local/lib/python3.6/site-packages/airflow/example_dags/example_trigger_controller_dag.py
[2021-06-23 05:45:33,854] {logging_mixin.py:104} INFO - [2021-06-23 05:45:33,854] {dag.py:1832} INFO - Sync 1 DAGs
[2021-06-23 05:45:33,891] {logging_mixin.py:104} INFO - [2021-06-23 05:45:33,891] {dag.py:2305} INFO - Setting next_dagrun for example_trigger_controller_dag to 2021-06-21 00:00:00+00:00
[2021-06-23 05:45:33,934] {scheduler_job.py:190} INFO - Processing /home/airflow/.local/lib/python3.6/site-packages/airflow/example_dags/example_trigger_controller_dag.py took 0.184 seconds
[2021-06-23 05:46:05,098] {scheduler_job.py:182} INFO - Started process (PID=1193) to work on /home/airflow/.local/lib/python3.6/site-packages/airflow/example_dags/example_trigger_controller_dag.py
[2021-06-23 05:46:05,106] {scheduler_job.py:633} INFO - Processing file /home/airflow/.local/lib/python3.6/site-packages/airflow/example_dags/example_trigger_controller_dag.py for tasks to queue
[2021-06-23 05:46:05,109] {logging_mixin.py:104} INFO - [2021-06-23 05:46:05,108] {dagbag.py:487} INFO - Filling up the DagBag from /home/airflow/.local/lib/python3.6/site-packages/airflow/example_dags/example_trigger_controller_dag.py
[2021-06-23 05:46:05,125] {scheduler_job.py:643} INFO - DAG(s) dict_keys(['example_trigger_controller_dag']) retrieved from /home/airflow/.local/lib/python3.6/site-packages/airflow/example_dags/example_trigger_controller_dag.py
[2021-06-23 05:46:05,173] {logging_mixin.py:104} INFO - [2021-06-23 05:46:05,172] {dag.py:1832} INFO - Sync 1 DAGs
[2021-06-23 05:46:05,205] {logging_mixin.py:104} INFO - [2021-06-23 05:46:05,205] {dag.py:2305} INFO - Setting next_dagrun for example_trigger_controller_dag to 2021-06-21 00:00:00+00:00
[2021-06-23 05:46:05,223] {scheduler_job.py:190} INFO - Processing /home/airflow/.local/lib/python3.6/site-packages/airflow/example_dags/example_trigger_controller_dag.py took 0.129 seconds
[2021-06-23 05:46:35,536] {scheduler_job.py:182} INFO - Started process (PID=1256) to work on /home/airflow/.local/lib/python3.6/site-packages/airflow/example_dags/example_trigger_controller_dag.py
[2021-06-23 05:46:35,538] {scheduler_job.py:633} INFO - Processing file /home/airflow/.local/lib/python3.6/site-packages/airflow/example_dags/example_trigger_controller_dag.py for tasks to queue
[2021-06-23 05:46:35,539] {logging_mixin.py:104} INFO - [2021-06-23 05:46:35,539] {dagbag.py:487} INFO - Filling up the DagBag from /home/airflow/.local/lib/python3.6/site-packages/airflow/example_dags/example_trigger_controller_dag.py
[2021-06-23 05:46:35,557] {scheduler_job.py:643} INFO - DAG(s) dict_keys(['example_trigger_controller_dag']) retrieved from /home/airflow/.local/lib/python3.6/site-packages/airflow/example_dags/example_trigger_controller_dag.py
[2021-06-23 05:46:35,601] {logging_mixin.py:104} INFO - [2021-06-23 05:46:35,601] {dag.py:1832} INFO - Sync 1 DAGs
[2021-06-23 05:46:35,623] {logging_mixin.py:104} INFO - [2021-06-23 05:46:35,623] {dag.py:2305} INFO - Setting next_dagrun for example_trigger_controller_dag to 2021-06-21 00:00:00+00:00
[2021-06-23 05:46:35,655] {scheduler_job.py:190} INFO - Processing /home/airflow/.local/lib/python3.6/site-packages/airflow/example_dags/example_trigger_controller_dag.py took 0.126 seconds
[2021-06-23 05:47:06,401] {scheduler_job.py:182} INFO - Started process (PID=1319) to work on /home/airflow/.local/lib/python3.6/site-packages/airflow/example_dags/example_trigger_controller_dag.py
[2021-06-23 05:47:06,403] {scheduler_job.py:633} INFO - Processing file /home/airflow/.local/lib/python3.6/site-packages/airflow/example_dags/example_trigger_controller_dag.py for tasks to queue
[2021-06-23 05:47:06,404] {logging_mixin.py:104} INFO - [2021-06-23 05:47:06,403] {dagbag.py:487} INFO - Filling up the DagBag from /home/airflow/.local/lib/python3.6/site-packages/airflow/example_dags/example_trigger_controller_dag.py
[2021-06-23 05:47:06,429] {scheduler_job.py:643} INFO - DAG(s) dict_keys(['example_trigger_controller_dag']) retrieved from /home/airflow/.local/lib/python3.6/site-packages/airflow/example_dags/example_trigger_controller_dag.py
[2021-06-23 05:47:06,462] {logging_mixin.py:104} INFO - [2021-06-23 05:47:06,461] {dag.py:1832} INFO - Sync 1 DAGs
[2021-06-23 05:47:06,480] {logging_mixin.py:104} INFO - [2021-06-23 05:47:06,480] {dag.py:2305} INFO - Setting next_dagrun for example_trigger_controller_dag to 2021-06-21 00:00:00+00:00
[2021-06-23 05:47:06,491] {scheduler_job.py:190} INFO - Processing /home/airflow/.local/lib/python3.6/site-packages/airflow/example_dags/example_trigger_controller_dag.py took 0.095 seconds
[2021-06-23 05:47:36,563] {scheduler_job.py:182} INFO - Started process (PID=1383) to work on /home/airflow/.local/lib/python3.6/site-packages/airflow/example_dags/example_trigger_controller_dag.py
[2021-06-23 05:47:36,565] {scheduler_job.py:633} INFO - Processing file /home/airflow/.local/lib/python3.6/site-packages/airflow/example_dags/example_trigger_controller_dag.py for tasks to queue
[2021-06-23 05:47:36,566] {logging_mixin.py:104} INFO - [2021-06-23 05:47:36,566] {dagbag.py:487} INFO - Filling up the DagBag from /home/airflow/.local/lib/python3.6/site-packages/airflow/example_dags/example_trigger_controller_dag.py
[2021-06-23 05:47:36,581] {scheduler_job.py:643} INFO - DAG(s) dict_keys(['example_trigger_controller_dag']) retrieved from /home/airflow/.local/lib/python3.6/site-packages/airflow/example_dags/example_trigger_controller_dag.py
[2021-06-23 05:47:36,626] {logging_mixin.py:104} INFO - [2021-06-23 05:47:36,626] {dag.py:1832} INFO - Sync 1 DAGs
[2021-06-23 05:47:36,660] {logging_mixin.py:104} INFO - [2021-06-23 05:47:36,660] {dag.py:2305} INFO - Setting next_dagrun for example_trigger_controller_dag to 2021-06-21 00:00:00+00:00
[2021-06-23 05:47:36,681] {scheduler_job.py:190} INFO - Processing /home/airflow/.local/lib/python3.6/site-packages/airflow/example_dags/example_trigger_controller_dag.py took 0.123 seconds
[2021-06-23 05:48:06,965] {scheduler_job.py:182} INFO - Started process (PID=1451) to work on /home/airflow/.local/lib/python3.6/site-packages/airflow/example_dags/example_trigger_controller_dag.py
[2021-06-23 05:48:06,967] {scheduler_job.py:633} INFO - Processing file /home/airflow/.local/lib/python3.6/site-packages/airflow/example_dags/example_trigger_controller_dag.py for tasks to queue
[2021-06-23 05:48:06,968] {logging_mixin.py:104} INFO - [2021-06-23 05:48:06,968] {dagbag.py:487} INFO - Filling up the DagBag from /home/airflow/.local/lib/python3.6/site-packages/airflow/example_dags/example_trigger_controller_dag.py
[2021-06-23 05:48:06,996] {scheduler_job.py:643} INFO - DAG(s) dict_keys(['example_trigger_controller_dag']) retrieved from /home/airflow/.local/lib/python3.6/site-packages/airflow/example_dags/example_trigger_controller_dag.py
[2021-06-23 05:48:07,061] {logging_mixin.py:104} INFO - [2021-06-23 05:48:07,060] {dag.py:1832} INFO - Sync 1 DAGs
[2021-06-23 05:48:07,087] {logging_mixin.py:104} INFO - [2021-06-23 05:48:07,087] {dag.py:2305} INFO - Setting next_dagrun for example_trigger_controller_dag to 2021-06-21 00:00:00+00:00
[2021-06-23 05:48:07,121] {scheduler_job.py:190} INFO - Processing /home/airflow/.local/lib/python3.6/site-packages/airflow/example_dags/example_trigger_controller_dag.py took 0.161 seconds
[2021-06-23 05:48:37,683] {scheduler_job.py:182} INFO - Started process (PID=1519) to work on /home/airflow/.local/lib/python3.6/site-packages/airflow/example_dags/example_trigger_controller_dag.py
[2021-06-23 05:48:37,685] {scheduler_job.py:633} INFO - Processing file /home/airflow/.local/lib/python3.6/site-packages/airflow/example_dags/example_trigger_controller_dag.py for tasks to queue
[2021-06-23 05:48:37,686] {logging_mixin.py:104} INFO - [2021-06-23 05:48:37,686] {dagbag.py:487} INFO - Filling up the DagBag from /home/airflow/.local/lib/python3.6/site-packages/airflow/example_dags/example_trigger_controller_dag.py
[2021-06-23 05:48:37,749] {scheduler_job.py:643} INFO - DAG(s) dict_keys(['example_trigger_controller_dag']) retrieved from /home/airflow/.local/lib/python3.6/site-packages/airflow/example_dags/example_trigger_controller_dag.py
[2021-06-23 05:48:37,857] {logging_mixin.py:104} INFO - [2021-06-23 05:48:37,857] {dag.py:1832} INFO - Sync 1 DAGs
[2021-06-23 05:48:37,905] {logging_mixin.py:104} INFO - [2021-06-23 05:48:37,905] {dag.py:2305} INFO - Setting next_dagrun for example_trigger_controller_dag to 2021-06-21 00:00:00+00:00
[2021-06-23 05:48:37,951] {scheduler_job.py:190} INFO - Processing /home/airflow/.local/lib/python3.6/site-packages/airflow/example_dags/example_trigger_controller_dag.py took 0.273 seconds
[2021-06-23 05:49:08,114] {scheduler_job.py:182} INFO - Started process (PID=1584) to work on /home/airflow/.local/lib/python3.6/site-packages/airflow/example_dags/example_trigger_controller_dag.py
[2021-06-23 05:49:08,115] {scheduler_job.py:633} INFO - Processing file /home/airflow/.local/lib/python3.6/site-packages/airflow/example_dags/example_trigger_controller_dag.py for tasks to queue
[2021-06-23 05:49:08,116] {logging_mixin.py:104} INFO - [2021-06-23 05:49:08,116] {dagbag.py:487} INFO - Filling up the DagBag from /home/airflow/.local/lib/python3.6/site-packages/airflow/example_dags/example_trigger_controller_dag.py
[2021-06-23 05:49:08,128] {scheduler_job.py:643} INFO - DAG(s) dict_keys(['example_trigger_controller_dag']) retrieved from /home/airflow/.local/lib/python3.6/site-packages/airflow/example_dags/example_trigger_controller_dag.py
[2021-06-23 05:49:08,160] {logging_mixin.py:104} INFO - [2021-06-23 05:49:08,160] {dag.py:1832} INFO - Sync 1 DAGs
[2021-06-23 05:49:08,185] {logging_mixin.py:104} INFO - [2021-06-23 05:49:08,184] {dag.py:2305} INFO - Setting next_dagrun for example_trigger_controller_dag to 2021-06-21 00:00:00+00:00
[2021-06-23 05:49:08,198] {scheduler_job.py:190} INFO - Processing /home/airflow/.local/lib/python3.6/site-packages/airflow/example_dags/example_trigger_controller_dag.py took 0.090 seconds
[2021-06-23 05:49:38,651] {scheduler_job.py:182} INFO - Started process (PID=1646) to work on /home/airflow/.local/lib/python3.6/site-packages/airflow/example_dags/example_trigger_controller_dag.py
[2021-06-23 05:49:38,653] {scheduler_job.py:633} INFO - Processing file /home/airflow/.local/lib/python3.6/site-packages/airflow/example_dags/example_trigger_controller_dag.py for tasks to queue
[2021-06-23 05:49:38,654] {logging_mixin.py:104} INFO - [2021-06-23 05:49:38,654] {dagbag.py:487} INFO - Filling up the DagBag from /home/airflow/.local/lib/python3.6/site-packages/airflow/example_dags/example_trigger_controller_dag.py
[2021-06-23 05:49:38,686] {scheduler_job.py:643} INFO - DAG(s) dict_keys(['example_trigger_controller_dag']) retrieved from /home/airflow/.local/lib/python3.6/site-packages/airflow/example_dags/example_trigger_controller_dag.py
[2021-06-23 05:49:38,733] {logging_mixin.py:104} INFO - [2021-06-23 05:49:38,733] {dag.py:1832} INFO - Sync 1 DAGs
[2021-06-23 05:49:38,764] {logging_mixin.py:104} INFO - [2021-06-23 05:49:38,764] {dag.py:2305} INFO - Setting next_dagrun for example_trigger_controller_dag to 2021-06-21 00:00:00+00:00
[2021-06-23 05:49:38,786] {scheduler_job.py:190} INFO - Processing /home/airflow/.local/lib/python3.6/site-packages/airflow/example_dags/example_trigger_controller_dag.py took 0.140 seconds
[2021-06-23 05:50:08,876] {scheduler_job.py:182} INFO - Started process (PID=1707) to work on /home/airflow/.local/lib/python3.6/site-packages/airflow/example_dags/example_trigger_controller_dag.py
[2021-06-23 05:50:08,878] {scheduler_job.py:633} INFO - Processing file /home/airflow/.local/lib/python3.6/site-packages/airflow/example_dags/example_trigger_controller_dag.py for tasks to queue
[2021-06-23 05:50:08,880] {logging_mixin.py:104} INFO - [2021-06-23 05:50:08,879] {dagbag.py:487} INFO - Filling up the DagBag from /home/airflow/.local/lib/python3.6/site-packages/airflow/example_dags/example_trigger_controller_dag.py
[2021-06-23 05:50:08,897] {scheduler_job.py:643} INFO - DAG(s) dict_keys(['example_trigger_controller_dag']) retrieved from /home/airflow/.local/lib/python3.6/site-packages/airflow/example_dags/example_trigger_controller_dag.py
[2021-06-23 05:50:08,931] {logging_mixin.py:104} INFO - [2021-06-23 05:50:08,931] {dag.py:1832} INFO - Sync 1 DAGs
[2021-06-23 05:50:08,966] {logging_mixin.py:104} INFO - [2021-06-23 05:50:08,965] {dag.py:2305} INFO - Setting next_dagrun for example_trigger_controller_dag to 2021-06-21 00:00:00+00:00
[2021-06-23 05:50:08,988] {scheduler_job.py:190} INFO - Processing /home/airflow/.local/lib/python3.6/site-packages/airflow/example_dags/example_trigger_controller_dag.py took 0.117 seconds
[2021-06-23 05:50:39,460] {scheduler_job.py:182} INFO - Started process (PID=1769) to work on /home/airflow/.local/lib/python3.6/site-packages/airflow/example_dags/example_trigger_controller_dag.py
[2021-06-23 05:50:39,462] {scheduler_job.py:633} INFO - Processing file /home/airflow/.local/lib/python3.6/site-packages/airflow/example_dags/example_trigger_controller_dag.py for tasks to queue
[2021-06-23 05:50:39,474] {logging_mixin.py:104} INFO - [2021-06-23 05:50:39,474] {dagbag.py:487} INFO - Filling up the DagBag from /home/airflow/.local/lib/python3.6/site-packages/airflow/example_dags/example_trigger_controller_dag.py
[2021-06-23 05:50:39,511] {scheduler_job.py:643} INFO - DAG(s) dict_keys(['example_trigger_controller_dag']) retrieved from /home/airflow/.local/lib/python3.6/site-packages/airflow/example_dags/example_trigger_controller_dag.py
[2021-06-23 05:50:39,574] {logging_mixin.py:104} INFO - [2021-06-23 05:50:39,574] {dag.py:1832} INFO - Sync 1 DAGs
[2021-06-23 05:50:39,648] {logging_mixin.py:104} INFO - [2021-06-23 05:50:39,648] {dag.py:2305} INFO - Setting next_dagrun for example_trigger_controller_dag to 2021-06-21 00:00:00+00:00
[2021-06-23 05:50:39,688] {scheduler_job.py:190} INFO - Processing /home/airflow/.local/lib/python3.6/site-packages/airflow/example_dags/example_trigger_controller_dag.py took 0.242 seconds
[2021-06-23 05:51:09,774] {scheduler_job.py:182} INFO - Started process (PID=1840) to work on /home/airflow/.local/lib/python3.6/site-packages/airflow/example_dags/example_trigger_controller_dag.py
[2021-06-23 05:51:09,775] {scheduler_job.py:633} INFO - Processing file /home/airflow/.local/lib/python3.6/site-packages/airflow/example_dags/example_trigger_controller_dag.py for tasks to queue
[2021-06-23 05:51:09,776] {logging_mixin.py:104} INFO - [2021-06-23 05:51:09,776] {dagbag.py:487} INFO - Filling up the DagBag from /home/airflow/.local/lib/python3.6/site-packages/airflow/example_dags/example_trigger_controller_dag.py
[2021-06-23 05:51:09,791] {scheduler_job.py:643} INFO - DAG(s) dict_keys(['example_trigger_controller_dag']) retrieved from /home/airflow/.local/lib/python3.6/site-packages/airflow/example_dags/example_trigger_controller_dag.py
[2021-06-23 05:51:09,881] {logging_mixin.py:104} INFO - [2021-06-23 05:51:09,880] {dag.py:1832} INFO - Sync 1 DAGs
[2021-06-23 05:51:09,917] {logging_mixin.py:104} INFO - [2021-06-23 05:51:09,916] {dag.py:2305} INFO - Setting next_dagrun for example_trigger_controller_dag to 2021-06-21 00:00:00+00:00
[2021-06-23 05:51:09,950] {scheduler_job.py:190} INFO - Processing /home/airflow/.local/lib/python3.6/site-packages/airflow/example_dags/example_trigger_controller_dag.py took 0.182 seconds
[2021-06-23 05:51:40,452] {scheduler_job.py:182} INFO - Started process (PID=1908) to work on /home/airflow/.local/lib/python3.6/site-packages/airflow/example_dags/example_trigger_controller_dag.py
[2021-06-23 05:51:40,465] {scheduler_job.py:633} INFO - Processing file /home/airflow/.local/lib/python3.6/site-packages/airflow/example_dags/example_trigger_controller_dag.py for tasks to queue
[2021-06-23 05:51:40,466] {logging_mixin.py:104} INFO - [2021-06-23 05:51:40,466] {dagbag.py:487} INFO - Filling up the DagBag from /home/airflow/.local/lib/python3.6/site-packages/airflow/example_dags/example_trigger_controller_dag.py
[2021-06-23 05:51:40,495] {scheduler_job.py:643} INFO - DAG(s) dict_keys(['example_trigger_controller_dag']) retrieved from /home/airflow/.local/lib/python3.6/site-packages/airflow/example_dags/example_trigger_controller_dag.py
[2021-06-23 05:51:40,592] {logging_mixin.py:104} INFO - [2021-06-23 05:51:40,592] {dag.py:1832} INFO - Sync 1 DAGs
[2021-06-23 05:51:40,633] {logging_mixin.py:104} INFO - [2021-06-23 05:51:40,633] {dag.py:2305} INFO - Setting next_dagrun for example_trigger_controller_dag to 2021-06-21 00:00:00+00:00
[2021-06-23 05:51:40,657] {scheduler_job.py:190} INFO - Processing /home/airflow/.local/lib/python3.6/site-packages/airflow/example_dags/example_trigger_controller_dag.py took 0.227 seconds
[2021-06-23 05:52:11,150] {scheduler_job.py:182} INFO - Started process (PID=1973) to work on /home/airflow/.local/lib/python3.6/site-packages/airflow/example_dags/example_trigger_controller_dag.py
[2021-06-23 05:52:11,152] {scheduler_job.py:633} INFO - Processing file /home/airflow/.local/lib/python3.6/site-packages/airflow/example_dags/example_trigger_controller_dag.py for tasks to queue
[2021-06-23 05:52:11,152] {logging_mixin.py:104} INFO - [2021-06-23 05:52:11,152] {dagbag.py:487} INFO - Filling up the DagBag from /home/airflow/.local/lib/python3.6/site-packages/airflow/example_dags/example_trigger_controller_dag.py
[2021-06-23 05:52:11,171] {scheduler_job.py:643} INFO - DAG(s) dict_keys(['example_trigger_controller_dag']) retrieved from /home/airflow/.local/lib/python3.6/site-packages/airflow/example_dags/example_trigger_controller_dag.py
[2021-06-23 05:52:11,211] {logging_mixin.py:104} INFO - [2021-06-23 05:52:11,210] {dag.py:1832} INFO - Sync 1 DAGs
[2021-06-23 05:52:11,248] {logging_mixin.py:104} INFO - [2021-06-23 05:52:11,248] {dag.py:2305} INFO - Setting next_dagrun for example_trigger_controller_dag to 2021-06-21 00:00:00+00:00
[2021-06-23 05:52:11,279] {scheduler_job.py:190} INFO - Processing /home/airflow/.local/lib/python3.6/site-packages/airflow/example_dags/example_trigger_controller_dag.py took 0.134 seconds
[2021-06-23 05:52:41,846] {scheduler_job.py:182} INFO - Started process (PID=2038) to work on /home/airflow/.local/lib/python3.6/site-packages/airflow/example_dags/example_trigger_controller_dag.py
[2021-06-23 05:52:41,848] {scheduler_job.py:633} INFO - Processing file /home/airflow/.local/lib/python3.6/site-packages/airflow/example_dags/example_trigger_controller_dag.py for tasks to queue
[2021-06-23 05:52:41,857] {logging_mixin.py:104} INFO - [2021-06-23 05:52:41,857] {dagbag.py:487} INFO - Filling up the DagBag from /home/airflow/.local/lib/python3.6/site-packages/airflow/example_dags/example_trigger_controller_dag.py
[2021-06-23 05:52:41,921] {scheduler_job.py:643} INFO - DAG(s) dict_keys(['example_trigger_controller_dag']) retrieved from /home/airflow/.local/lib/python3.6/site-packages/airflow/example_dags/example_trigger_controller_dag.py
[2021-06-23 05:52:42,005] {logging_mixin.py:104} INFO - [2021-06-23 05:52:42,005] {dag.py:1832} INFO - Sync 1 DAGs
[2021-06-23 05:52:42,043] {logging_mixin.py:104} INFO - [2021-06-23 05:52:42,043] {dag.py:2305} INFO - Setting next_dagrun for example_trigger_controller_dag to 2021-06-21 00:00:00+00:00
[2021-06-23 05:52:42,070] {scheduler_job.py:190} INFO - Processing /home/airflow/.local/lib/python3.6/site-packages/airflow/example_dags/example_trigger_controller_dag.py took 0.227 seconds
[2021-06-23 05:53:12,260] {scheduler_job.py:182} INFO - Started process (PID=2099) to work on /home/airflow/.local/lib/python3.6/site-packages/airflow/example_dags/example_trigger_controller_dag.py
[2021-06-23 05:53:12,265] {scheduler_job.py:633} INFO - Processing file /home/airflow/.local/lib/python3.6/site-packages/airflow/example_dags/example_trigger_controller_dag.py for tasks to queue
[2021-06-23 05:53:12,268] {logging_mixin.py:104} INFO - [2021-06-23 05:53:12,268] {dagbag.py:487} INFO - Filling up the DagBag from /home/airflow/.local/lib/python3.6/site-packages/airflow/example_dags/example_trigger_controller_dag.py
[2021-06-23 05:53:12,286] {scheduler_job.py:643} INFO - DAG(s) dict_keys(['example_trigger_controller_dag']) retrieved from /home/airflow/.local/lib/python3.6/site-packages/airflow/example_dags/example_trigger_controller_dag.py
[2021-06-23 05:53:12,396] {logging_mixin.py:104} INFO - [2021-06-23 05:53:12,396] {dag.py:1832} INFO - Sync 1 DAGs
[2021-06-23 05:53:12,457] {logging_mixin.py:104} INFO - [2021-06-23 05:53:12,457] {dag.py:2305} INFO - Setting next_dagrun for example_trigger_controller_dag to 2021-06-21 00:00:00+00:00
[2021-06-23 05:53:12,487] {scheduler_job.py:190} INFO - Processing /home/airflow/.local/lib/python3.6/site-packages/airflow/example_dags/example_trigger_controller_dag.py took 0.238 seconds
[2021-06-23 05:53:42,952] {scheduler_job.py:182} INFO - Started process (PID=2160) to work on /home/airflow/.local/lib/python3.6/site-packages/airflow/example_dags/example_trigger_controller_dag.py
[2021-06-23 05:53:42,954] {scheduler_job.py:633} INFO - Processing file /home/airflow/.local/lib/python3.6/site-packages/airflow/example_dags/example_trigger_controller_dag.py for tasks to queue
[2021-06-23 05:53:42,956] {logging_mixin.py:104} INFO - [2021-06-23 05:53:42,956] {dagbag.py:487} INFO - Filling up the DagBag from /home/airflow/.local/lib/python3.6/site-packages/airflow/example_dags/example_trigger_controller_dag.py
[2021-06-23 05:53:42,984] {scheduler_job.py:643} INFO - DAG(s) dict_keys(['example_trigger_controller_dag']) retrieved from /home/airflow/.local/lib/python3.6/site-packages/airflow/example_dags/example_trigger_controller_dag.py
[2021-06-23 05:53:43,048] {logging_mixin.py:104} INFO - [2021-06-23 05:53:43,048] {dag.py:1832} INFO - Sync 1 DAGs
[2021-06-23 05:53:43,084] {logging_mixin.py:104} INFO - [2021-06-23 05:53:43,084] {dag.py:2305} INFO - Setting next_dagrun for example_trigger_controller_dag to 2021-06-21 00:00:00+00:00
[2021-06-23 05:53:43,107] {scheduler_job.py:190} INFO - Processing /home/airflow/.local/lib/python3.6/site-packages/airflow/example_dags/example_trigger_controller_dag.py took 0.162 seconds
[2021-06-23 05:54:13,975] {scheduler_job.py:182} INFO - Started process (PID=2223) to work on /home/airflow/.local/lib/python3.6/site-packages/airflow/example_dags/example_trigger_controller_dag.py
[2021-06-23 05:54:13,977] {scheduler_job.py:633} INFO - Processing file /home/airflow/.local/lib/python3.6/site-packages/airflow/example_dags/example_trigger_controller_dag.py for tasks to queue
[2021-06-23 05:54:13,978] {logging_mixin.py:104} INFO - [2021-06-23 05:54:13,978] {dagbag.py:487} INFO - Filling up the DagBag from /home/airflow/.local/lib/python3.6/site-packages/airflow/example_dags/example_trigger_controller_dag.py
[2021-06-23 05:54:14,032] {scheduler_job.py:643} INFO - DAG(s) dict_keys(['example_trigger_controller_dag']) retrieved from /home/airflow/.local/lib/python3.6/site-packages/airflow/example_dags/example_trigger_controller_dag.py
[2021-06-23 05:54:14,101] {logging_mixin.py:104} INFO - [2021-06-23 05:54:14,100] {dag.py:1832} INFO - Sync 1 DAGs
[2021-06-23 05:54:14,148] {logging_mixin.py:104} INFO - [2021-06-23 05:54:14,148] {dag.py:2305} INFO - Setting next_dagrun for example_trigger_controller_dag to 2021-06-21 00:00:00+00:00
[2021-06-23 05:54:14,222] {scheduler_job.py:190} INFO - Processing /home/airflow/.local/lib/python3.6/site-packages/airflow/example_dags/example_trigger_controller_dag.py took 0.252 seconds
[2021-06-23 05:54:44,367] {scheduler_job.py:182} INFO - Started process (PID=2299) to work on /home/airflow/.local/lib/python3.6/site-packages/airflow/example_dags/example_trigger_controller_dag.py
[2021-06-23 05:54:44,385] {scheduler_job.py:633} INFO - Processing file /home/airflow/.local/lib/python3.6/site-packages/airflow/example_dags/example_trigger_controller_dag.py for tasks to queue
[2021-06-23 05:54:44,392] {logging_mixin.py:104} INFO - [2021-06-23 05:54:44,392] {dagbag.py:487} INFO - Filling up the DagBag from /home/airflow/.local/lib/python3.6/site-packages/airflow/example_dags/example_trigger_controller_dag.py
[2021-06-23 05:54:44,462] {scheduler_job.py:643} INFO - DAG(s) dict_keys(['example_trigger_controller_dag']) retrieved from /home/airflow/.local/lib/python3.6/site-packages/airflow/example_dags/example_trigger_controller_dag.py
[2021-06-23 05:54:44,547] {logging_mixin.py:104} INFO - [2021-06-23 05:54:44,546] {dag.py:1832} INFO - Sync 1 DAGs
[2021-06-23 05:54:44,669] {logging_mixin.py:104} INFO - [2021-06-23 05:54:44,668] {dag.py:2305} INFO - Setting next_dagrun for example_trigger_controller_dag to 2021-06-21 00:00:00+00:00
[2021-06-23 05:54:44,735] {scheduler_job.py:190} INFO - Processing /home/airflow/.local/lib/python3.6/site-packages/airflow/example_dags/example_trigger_controller_dag.py took 0.372 seconds
[2021-06-23 05:55:15,165] {scheduler_job.py:182} INFO - Started process (PID=2366) to work on /home/airflow/.local/lib/python3.6/site-packages/airflow/example_dags/example_trigger_controller_dag.py
[2021-06-23 05:55:15,166] {scheduler_job.py:633} INFO - Processing file /home/airflow/.local/lib/python3.6/site-packages/airflow/example_dags/example_trigger_controller_dag.py for tasks to queue
[2021-06-23 05:55:15,167] {logging_mixin.py:104} INFO - [2021-06-23 05:55:15,167] {dagbag.py:487} INFO - Filling up the DagBag from /home/airflow/.local/lib/python3.6/site-packages/airflow/example_dags/example_trigger_controller_dag.py
[2021-06-23 05:55:15,205] {scheduler_job.py:643} INFO - DAG(s) dict_keys(['example_trigger_controller_dag']) retrieved from /home/airflow/.local/lib/python3.6/site-packages/airflow/example_dags/example_trigger_controller_dag.py
[2021-06-23 05:55:15,257] {logging_mixin.py:104} INFO - [2021-06-23 05:55:15,257] {dag.py:1832} INFO - Sync 1 DAGs
[2021-06-23 05:55:15,280] {logging_mixin.py:104} INFO - [2021-06-23 05:55:15,280] {dag.py:2305} INFO - Setting next_dagrun for example_trigger_controller_dag to 2021-06-21 00:00:00+00:00
[2021-06-23 05:55:15,294] {scheduler_job.py:190} INFO - Processing /home/airflow/.local/lib/python3.6/site-packages/airflow/example_dags/example_trigger_controller_dag.py took 0.134 seconds
[2021-06-23 05:55:47,021] {scheduler_job.py:182} INFO - Started process (PID=2428) to work on /home/airflow/.local/lib/python3.6/site-packages/airflow/example_dags/example_trigger_controller_dag.py
[2021-06-23 05:55:47,027] {scheduler_job.py:633} INFO - Processing file /home/airflow/.local/lib/python3.6/site-packages/airflow/example_dags/example_trigger_controller_dag.py for tasks to queue
[2021-06-23 05:55:47,028] {logging_mixin.py:104} INFO - [2021-06-23 05:55:47,028] {dagbag.py:487} INFO - Filling up the DagBag from /home/airflow/.local/lib/python3.6/site-packages/airflow/example_dags/example_trigger_controller_dag.py
[2021-06-23 05:55:47,097] {scheduler_job.py:643} INFO - DAG(s) dict_keys(['example_trigger_controller_dag']) retrieved from /home/airflow/.local/lib/python3.6/site-packages/airflow/example_dags/example_trigger_controller_dag.py
[2021-06-23 05:55:47,184] {logging_mixin.py:104} INFO - [2021-06-23 05:55:47,184] {dag.py:1832} INFO - Sync 1 DAGs
[2021-06-23 05:55:47,254] {logging_mixin.py:104} INFO - [2021-06-23 05:55:47,254] {dag.py:2305} INFO - Setting next_dagrun for example_trigger_controller_dag to 2021-06-21 00:00:00+00:00
[2021-06-23 05:55:47,298] {scheduler_job.py:190} INFO - Processing /home/airflow/.local/lib/python3.6/site-packages/airflow/example_dags/example_trigger_controller_dag.py took 0.286 seconds
[2021-06-23 05:56:17,778] {scheduler_job.py:182} INFO - Started process (PID=2489) to work on /home/airflow/.local/lib/python3.6/site-packages/airflow/example_dags/example_trigger_controller_dag.py
[2021-06-23 05:56:17,781] {scheduler_job.py:633} INFO - Processing file /home/airflow/.local/lib/python3.6/site-packages/airflow/example_dags/example_trigger_controller_dag.py for tasks to queue
[2021-06-23 05:56:17,782] {logging_mixin.py:104} INFO - [2021-06-23 05:56:17,782] {dagbag.py:487} INFO - Filling up the DagBag from /home/airflow/.local/lib/python3.6/site-packages/airflow/example_dags/example_trigger_controller_dag.py
[2021-06-23 05:56:17,802] {scheduler_job.py:643} INFO - DAG(s) dict_keys(['example_trigger_controller_dag']) retrieved from /home/airflow/.local/lib/python3.6/site-packages/airflow/example_dags/example_trigger_controller_dag.py
[2021-06-23 05:56:17,838] {logging_mixin.py:104} INFO - [2021-06-23 05:56:17,838] {dag.py:1832} INFO - Sync 1 DAGs
[2021-06-23 05:56:17,861] {logging_mixin.py:104} INFO - [2021-06-23 05:56:17,861] {dag.py:2305} INFO - Setting next_dagrun for example_trigger_controller_dag to 2021-06-21 00:00:00+00:00
[2021-06-23 05:56:17,877] {scheduler_job.py:190} INFO - Processing /home/airflow/.local/lib/python3.6/site-packages/airflow/example_dags/example_trigger_controller_dag.py took 0.103 seconds
[2021-06-23 05:56:48,332] {scheduler_job.py:182} INFO - Started process (PID=2566) to work on /home/airflow/.local/lib/python3.6/site-packages/airflow/example_dags/example_trigger_controller_dag.py
[2021-06-23 05:56:48,337] {scheduler_job.py:633} INFO - Processing file /home/airflow/.local/lib/python3.6/site-packages/airflow/example_dags/example_trigger_controller_dag.py for tasks to queue
[2021-06-23 05:56:48,342] {logging_mixin.py:104} INFO - [2021-06-23 05:56:48,342] {dagbag.py:487} INFO - Filling up the DagBag from /home/airflow/.local/lib/python3.6/site-packages/airflow/example_dags/example_trigger_controller_dag.py
[2021-06-23 05:56:48,364] {scheduler_job.py:643} INFO - DAG(s) dict_keys(['example_trigger_controller_dag']) retrieved from /home/airflow/.local/lib/python3.6/site-packages/airflow/example_dags/example_trigger_controller_dag.py
[2021-06-23 05:56:48,445] {logging_mixin.py:104} INFO - [2021-06-23 05:56:48,445] {dag.py:1832} INFO - Sync 1 DAGs
[2021-06-23 05:56:48,488] {logging_mixin.py:104} INFO - [2021-06-23 05:56:48,488] {dag.py:2305} INFO - Setting next_dagrun for example_trigger_controller_dag to 2021-06-21 00:00:00+00:00
[2021-06-23 05:56:48,511] {scheduler_job.py:190} INFO - Processing /home/airflow/.local/lib/python3.6/site-packages/airflow/example_dags/example_trigger_controller_dag.py took 0.183 seconds
[2021-06-23 05:57:21,189] {scheduler_job.py:182} INFO - Started process (PID=2628) to work on /home/airflow/.local/lib/python3.6/site-packages/airflow/example_dags/example_trigger_controller_dag.py
[2021-06-23 05:57:21,191] {scheduler_job.py:633} INFO - Processing file /home/airflow/.local/lib/python3.6/site-packages/airflow/example_dags/example_trigger_controller_dag.py for tasks to queue
[2021-06-23 05:57:21,192] {logging_mixin.py:104} INFO - [2021-06-23 05:57:21,191] {dagbag.py:487} INFO - Filling up the DagBag from /home/airflow/.local/lib/python3.6/site-packages/airflow/example_dags/example_trigger_controller_dag.py
[2021-06-23 05:57:21,280] {scheduler_job.py:643} INFO - DAG(s) dict_keys(['example_trigger_controller_dag']) retrieved from /home/airflow/.local/lib/python3.6/site-packages/airflow/example_dags/example_trigger_controller_dag.py
[2021-06-23 05:57:21,425] {logging_mixin.py:104} INFO - [2021-06-23 05:57:21,425] {dag.py:1832} INFO - Sync 1 DAGs
[2021-06-23 05:57:21,494] {logging_mixin.py:104} INFO - [2021-06-23 05:57:21,494] {dag.py:2305} INFO - Setting next_dagrun for example_trigger_controller_dag to 2021-06-21 00:00:00+00:00
[2021-06-23 05:57:21,548] {scheduler_job.py:190} INFO - Processing /home/airflow/.local/lib/python3.6/site-packages/airflow/example_dags/example_trigger_controller_dag.py took 0.375 seconds
[2021-06-23 05:57:51,682] {scheduler_job.py:182} INFO - Started process (PID=2689) to work on /home/airflow/.local/lib/python3.6/site-packages/airflow/example_dags/example_trigger_controller_dag.py
[2021-06-23 05:57:51,690] {scheduler_job.py:633} INFO - Processing file /home/airflow/.local/lib/python3.6/site-packages/airflow/example_dags/example_trigger_controller_dag.py for tasks to queue
[2021-06-23 05:57:51,692] {logging_mixin.py:104} INFO - [2021-06-23 05:57:51,691] {dagbag.py:487} INFO - Filling up the DagBag from /home/airflow/.local/lib/python3.6/site-packages/airflow/example_dags/example_trigger_controller_dag.py
[2021-06-23 05:57:51,729] {scheduler_job.py:643} INFO - DAG(s) dict_keys(['example_trigger_controller_dag']) retrieved from /home/airflow/.local/lib/python3.6/site-packages/airflow/example_dags/example_trigger_controller_dag.py
[2021-06-23 05:57:51,844] {logging_mixin.py:104} INFO - [2021-06-23 05:57:51,844] {dag.py:1832} INFO - Sync 1 DAGs
[2021-06-23 05:57:51,900] {logging_mixin.py:104} INFO - [2021-06-23 05:57:51,900] {dag.py:2305} INFO - Setting next_dagrun for example_trigger_controller_dag to 2021-06-21 00:00:00+00:00
[2021-06-23 05:57:51,953] {scheduler_job.py:190} INFO - Processing /home/airflow/.local/lib/python3.6/site-packages/airflow/example_dags/example_trigger_controller_dag.py took 0.276 seconds
[2021-06-23 05:58:22,351] {scheduler_job.py:182} INFO - Started process (PID=2756) to work on /home/airflow/.local/lib/python3.6/site-packages/airflow/example_dags/example_trigger_controller_dag.py
[2021-06-23 05:58:22,352] {scheduler_job.py:633} INFO - Processing file /home/airflow/.local/lib/python3.6/site-packages/airflow/example_dags/example_trigger_controller_dag.py for tasks to queue
[2021-06-23 05:58:22,353] {logging_mixin.py:104} INFO - [2021-06-23 05:58:22,353] {dagbag.py:487} INFO - Filling up the DagBag from /home/airflow/.local/lib/python3.6/site-packages/airflow/example_dags/example_trigger_controller_dag.py
[2021-06-23 05:58:22,375] {scheduler_job.py:643} INFO - DAG(s) dict_keys(['example_trigger_controller_dag']) retrieved from /home/airflow/.local/lib/python3.6/site-packages/airflow/example_dags/example_trigger_controller_dag.py
[2021-06-23 05:58:22,480] {logging_mixin.py:104} INFO - [2021-06-23 05:58:22,480] {dag.py:1832} INFO - Sync 1 DAGs
[2021-06-23 05:58:22,503] {logging_mixin.py:104} INFO - [2021-06-23 05:58:22,503] {dag.py:2305} INFO - Setting next_dagrun for example_trigger_controller_dag to 2021-06-21 00:00:00+00:00
[2021-06-23 05:58:22,520] {scheduler_job.py:190} INFO - Processing /home/airflow/.local/lib/python3.6/site-packages/airflow/example_dags/example_trigger_controller_dag.py took 0.176 seconds
[2021-06-23 05:58:52,677] {scheduler_job.py:182} INFO - Started process (PID=2821) to work on /home/airflow/.local/lib/python3.6/site-packages/airflow/example_dags/example_trigger_controller_dag.py
[2021-06-23 05:58:52,679] {scheduler_job.py:633} INFO - Processing file /home/airflow/.local/lib/python3.6/site-packages/airflow/example_dags/example_trigger_controller_dag.py for tasks to queue
[2021-06-23 05:58:52,680] {logging_mixin.py:104} INFO - [2021-06-23 05:58:52,680] {dagbag.py:487} INFO - Filling up the DagBag from /home/airflow/.local/lib/python3.6/site-packages/airflow/example_dags/example_trigger_controller_dag.py
[2021-06-23 05:58:52,713] {scheduler_job.py:643} INFO - DAG(s) dict_keys(['example_trigger_controller_dag']) retrieved from /home/airflow/.local/lib/python3.6/site-packages/airflow/example_dags/example_trigger_controller_dag.py
[2021-06-23 05:58:52,775] {logging_mixin.py:104} INFO - [2021-06-23 05:58:52,774] {dag.py:1832} INFO - Sync 1 DAGs
[2021-06-23 05:58:52,818] {logging_mixin.py:104} INFO - [2021-06-23 05:58:52,818] {dag.py:2305} INFO - Setting next_dagrun for example_trigger_controller_dag to 2021-06-21 00:00:00+00:00
[2021-06-23 05:58:52,867] {scheduler_job.py:190} INFO - Processing /home/airflow/.local/lib/python3.6/site-packages/airflow/example_dags/example_trigger_controller_dag.py took 0.204 seconds
[2021-06-23 05:59:23,255] {scheduler_job.py:182} INFO - Started process (PID=2884) to work on /home/airflow/.local/lib/python3.6/site-packages/airflow/example_dags/example_trigger_controller_dag.py
[2021-06-23 05:59:23,256] {scheduler_job.py:633} INFO - Processing file /home/airflow/.local/lib/python3.6/site-packages/airflow/example_dags/example_trigger_controller_dag.py for tasks to queue
[2021-06-23 05:59:23,267] {logging_mixin.py:104} INFO - [2021-06-23 05:59:23,266] {dagbag.py:487} INFO - Filling up the DagBag from /home/airflow/.local/lib/python3.6/site-packages/airflow/example_dags/example_trigger_controller_dag.py
[2021-06-23 05:59:23,308] {scheduler_job.py:643} INFO - DAG(s) dict_keys(['example_trigger_controller_dag']) retrieved from /home/airflow/.local/lib/python3.6/site-packages/airflow/example_dags/example_trigger_controller_dag.py
[2021-06-23 05:59:23,356] {logging_mixin.py:104} INFO - [2021-06-23 05:59:23,356] {dag.py:1832} INFO - Sync 1 DAGs
[2021-06-23 05:59:23,389] {logging_mixin.py:104} INFO - [2021-06-23 05:59:23,388] {dag.py:2305} INFO - Setting next_dagrun for example_trigger_controller_dag to 2021-06-21 00:00:00+00:00
[2021-06-23 05:59:23,418] {scheduler_job.py:190} INFO - Processing /home/airflow/.local/lib/python3.6/site-packages/airflow/example_dags/example_trigger_controller_dag.py took 0.178 seconds
[2021-06-23 05:59:53,453] {scheduler_job.py:182} INFO - Started process (PID=2948) to work on /home/airflow/.local/lib/python3.6/site-packages/airflow/example_dags/example_trigger_controller_dag.py
[2021-06-23 05:59:53,455] {scheduler_job.py:633} INFO - Processing file /home/airflow/.local/lib/python3.6/site-packages/airflow/example_dags/example_trigger_controller_dag.py for tasks to queue
[2021-06-23 05:59:53,456] {logging_mixin.py:104} INFO - [2021-06-23 05:59:53,456] {dagbag.py:487} INFO - Filling up the DagBag from /home/airflow/.local/lib/python3.6/site-packages/airflow/example_dags/example_trigger_controller_dag.py
[2021-06-23 05:59:53,467] {scheduler_job.py:643} INFO - DAG(s) dict_keys(['example_trigger_controller_dag']) retrieved from /home/airflow/.local/lib/python3.6/site-packages/airflow/example_dags/example_trigger_controller_dag.py
[2021-06-23 05:59:53,487] {logging_mixin.py:104} INFO - [2021-06-23 05:59:53,487] {dag.py:1832} INFO - Sync 1 DAGs
[2021-06-23 05:59:53,502] {logging_mixin.py:104} INFO - [2021-06-23 05:59:53,502] {dag.py:2305} INFO - Setting next_dagrun for example_trigger_controller_dag to 2021-06-21 00:00:00+00:00
[2021-06-23 05:59:53,514] {scheduler_job.py:190} INFO - Processing /home/airflow/.local/lib/python3.6/site-packages/airflow/example_dags/example_trigger_controller_dag.py took 0.064 seconds
[2021-06-23 06:00:23,923] {scheduler_job.py:182} INFO - Started process (PID=3010) to work on /home/airflow/.local/lib/python3.6/site-packages/airflow/example_dags/example_trigger_controller_dag.py
[2021-06-23 06:00:23,926] {scheduler_job.py:633} INFO - Processing file /home/airflow/.local/lib/python3.6/site-packages/airflow/example_dags/example_trigger_controller_dag.py for tasks to queue
[2021-06-23 06:00:23,926] {logging_mixin.py:104} INFO - [2021-06-23 06:00:23,926] {dagbag.py:487} INFO - Filling up the DagBag from /home/airflow/.local/lib/python3.6/site-packages/airflow/example_dags/example_trigger_controller_dag.py
[2021-06-23 06:00:23,948] {scheduler_job.py:643} INFO - DAG(s) dict_keys(['example_trigger_controller_dag']) retrieved from /home/airflow/.local/lib/python3.6/site-packages/airflow/example_dags/example_trigger_controller_dag.py
[2021-06-23 06:00:23,997] {logging_mixin.py:104} INFO - [2021-06-23 06:00:23,997] {dag.py:1832} INFO - Sync 1 DAGs
[2021-06-23 06:00:24,025] {logging_mixin.py:104} INFO - [2021-06-23 06:00:24,025] {dag.py:2305} INFO - Setting next_dagrun for example_trigger_controller_dag to 2021-06-21 00:00:00+00:00
[2021-06-23 06:00:24,059] {scheduler_job.py:190} INFO - Processing /home/airflow/.local/lib/python3.6/site-packages/airflow/example_dags/example_trigger_controller_dag.py took 0.144 seconds
[2021-06-23 06:00:54,857] {scheduler_job.py:182} INFO - Started process (PID=3080) to work on /home/airflow/.local/lib/python3.6/site-packages/airflow/example_dags/example_trigger_controller_dag.py
[2021-06-23 06:00:54,895] {scheduler_job.py:633} INFO - Processing file /home/airflow/.local/lib/python3.6/site-packages/airflow/example_dags/example_trigger_controller_dag.py for tasks to queue
[2021-06-23 06:00:54,897] {logging_mixin.py:104} INFO - [2021-06-23 06:00:54,896] {dagbag.py:487} INFO - Filling up the DagBag from /home/airflow/.local/lib/python3.6/site-packages/airflow/example_dags/example_trigger_controller_dag.py
[2021-06-23 06:00:54,960] {scheduler_job.py:643} INFO - DAG(s) dict_keys(['example_trigger_controller_dag']) retrieved from /home/airflow/.local/lib/python3.6/site-packages/airflow/example_dags/example_trigger_controller_dag.py
[2021-06-23 06:00:55,104] {logging_mixin.py:104} INFO - [2021-06-23 06:00:55,104] {dag.py:1832} INFO - Sync 1 DAGs
[2021-06-23 06:00:55,197] {logging_mixin.py:104} INFO - [2021-06-23 06:00:55,197] {dag.py:2305} INFO - Setting next_dagrun for example_trigger_controller_dag to 2021-06-21 00:00:00+00:00
[2021-06-23 06:00:56,749] {logging_mixin.py:104} INFO - [2021-06-23 06:00:56,749] {process_utils.py:207} INFO - Waiting up to 5 seconds for processes to exit...
