[2021-06-23 05:37:17,186] {scheduler_job.py:182} INFO - Started process (PID=74) to work on /home/airflow/.local/lib/python3.6/site-packages/airflow/example_dags/example_python_operator.py
[2021-06-23 05:37:17,204] {scheduler_job.py:633} INFO - Processing file /home/airflow/.local/lib/python3.6/site-packages/airflow/example_dags/example_python_operator.py for tasks to queue
[2021-06-23 05:37:17,205] {logging_mixin.py:104} INFO - [2021-06-23 05:37:17,205] {dagbag.py:487} INFO - Filling up the DagBag from /home/airflow/.local/lib/python3.6/site-packages/airflow/example_dags/example_python_operator.py
[2021-06-23 05:37:17,256] {scheduler_job.py:643} INFO - DAG(s) dict_keys(['example_python_operator']) retrieved from /home/airflow/.local/lib/python3.6/site-packages/airflow/example_dags/example_python_operator.py
[2021-06-23 05:37:17,997] {logging_mixin.py:104} INFO - [2021-06-23 05:37:17,997] {dag.py:1832} INFO - Sync 1 DAGs
[2021-06-23 05:37:18,022] {logging_mixin.py:104} INFO - [2021-06-23 05:37:18,022] {dag.py:2305} INFO - Setting next_dagrun for example_python_operator to None
[2021-06-23 05:37:18,067] {scheduler_job.py:190} INFO - Processing /home/airflow/.local/lib/python3.6/site-packages/airflow/example_dags/example_python_operator.py took 0.886 seconds
[2021-06-23 05:37:48,776] {scheduler_job.py:182} INFO - Started process (PID=137) to work on /home/airflow/.local/lib/python3.6/site-packages/airflow/example_dags/example_python_operator.py
[2021-06-23 05:37:48,788] {scheduler_job.py:633} INFO - Processing file /home/airflow/.local/lib/python3.6/site-packages/airflow/example_dags/example_python_operator.py for tasks to queue
[2021-06-23 05:37:48,793] {logging_mixin.py:104} INFO - [2021-06-23 05:37:48,793] {dagbag.py:487} INFO - Filling up the DagBag from /home/airflow/.local/lib/python3.6/site-packages/airflow/example_dags/example_python_operator.py
[2021-06-23 05:37:48,835] {scheduler_job.py:643} INFO - DAG(s) dict_keys(['example_python_operator']) retrieved from /home/airflow/.local/lib/python3.6/site-packages/airflow/example_dags/example_python_operator.py
[2021-06-23 05:37:48,919] {logging_mixin.py:104} INFO - [2021-06-23 05:37:48,919] {dag.py:1832} INFO - Sync 1 DAGs
[2021-06-23 05:37:48,973] {logging_mixin.py:104} INFO - [2021-06-23 05:37:48,973] {dag.py:2305} INFO - Setting next_dagrun for example_python_operator to None
[2021-06-23 05:37:49,005] {scheduler_job.py:190} INFO - Processing /home/airflow/.local/lib/python3.6/site-packages/airflow/example_dags/example_python_operator.py took 0.235 seconds
[2021-06-23 05:38:19,196] {scheduler_job.py:182} INFO - Started process (PID=199) to work on /home/airflow/.local/lib/python3.6/site-packages/airflow/example_dags/example_python_operator.py
[2021-06-23 05:38:19,198] {scheduler_job.py:633} INFO - Processing file /home/airflow/.local/lib/python3.6/site-packages/airflow/example_dags/example_python_operator.py for tasks to queue
[2021-06-23 05:38:19,200] {logging_mixin.py:104} INFO - [2021-06-23 05:38:19,199] {dagbag.py:487} INFO - Filling up the DagBag from /home/airflow/.local/lib/python3.6/site-packages/airflow/example_dags/example_python_operator.py
[2021-06-23 05:38:19,303] {scheduler_job.py:643} INFO - DAG(s) dict_keys(['example_python_operator']) retrieved from /home/airflow/.local/lib/python3.6/site-packages/airflow/example_dags/example_python_operator.py
[2021-06-23 05:38:19,426] {logging_mixin.py:104} INFO - [2021-06-23 05:38:19,426] {dag.py:1832} INFO - Sync 1 DAGs
[2021-06-23 05:38:19,509] {logging_mixin.py:104} INFO - [2021-06-23 05:38:19,509] {dag.py:2305} INFO - Setting next_dagrun for example_python_operator to None
[2021-06-23 05:38:19,583] {scheduler_job.py:190} INFO - Processing /home/airflow/.local/lib/python3.6/site-packages/airflow/example_dags/example_python_operator.py took 0.418 seconds
[2021-06-23 05:38:49,713] {scheduler_job.py:182} INFO - Started process (PID=263) to work on /home/airflow/.local/lib/python3.6/site-packages/airflow/example_dags/example_python_operator.py
[2021-06-23 05:38:49,715] {scheduler_job.py:633} INFO - Processing file /home/airflow/.local/lib/python3.6/site-packages/airflow/example_dags/example_python_operator.py for tasks to queue
[2021-06-23 05:38:49,717] {logging_mixin.py:104} INFO - [2021-06-23 05:38:49,716] {dagbag.py:487} INFO - Filling up the DagBag from /home/airflow/.local/lib/python3.6/site-packages/airflow/example_dags/example_python_operator.py
[2021-06-23 05:38:49,765] {scheduler_job.py:643} INFO - DAG(s) dict_keys(['example_python_operator']) retrieved from /home/airflow/.local/lib/python3.6/site-packages/airflow/example_dags/example_python_operator.py
[2021-06-23 05:38:49,859] {logging_mixin.py:104} INFO - [2021-06-23 05:38:49,855] {dag.py:1832} INFO - Sync 1 DAGs
[2021-06-23 05:38:49,902] {logging_mixin.py:104} INFO - [2021-06-23 05:38:49,902] {dag.py:2305} INFO - Setting next_dagrun for example_python_operator to None
[2021-06-23 05:38:49,921] {scheduler_job.py:190} INFO - Processing /home/airflow/.local/lib/python3.6/site-packages/airflow/example_dags/example_python_operator.py took 0.217 seconds
[2021-06-23 05:39:20,100] {scheduler_job.py:182} INFO - Started process (PID=323) to work on /home/airflow/.local/lib/python3.6/site-packages/airflow/example_dags/example_python_operator.py
[2021-06-23 05:39:20,102] {scheduler_job.py:633} INFO - Processing file /home/airflow/.local/lib/python3.6/site-packages/airflow/example_dags/example_python_operator.py for tasks to queue
[2021-06-23 05:39:20,103] {logging_mixin.py:104} INFO - [2021-06-23 05:39:20,103] {dagbag.py:487} INFO - Filling up the DagBag from /home/airflow/.local/lib/python3.6/site-packages/airflow/example_dags/example_python_operator.py
[2021-06-23 05:39:20,158] {scheduler_job.py:643} INFO - DAG(s) dict_keys(['example_python_operator']) retrieved from /home/airflow/.local/lib/python3.6/site-packages/airflow/example_dags/example_python_operator.py
[2021-06-23 05:39:20,234] {logging_mixin.py:104} INFO - [2021-06-23 05:39:20,234] {dag.py:1832} INFO - Sync 1 DAGs
[2021-06-23 05:39:20,298] {logging_mixin.py:104} INFO - [2021-06-23 05:39:20,298] {dag.py:2305} INFO - Setting next_dagrun for example_python_operator to None
[2021-06-23 05:39:20,322] {scheduler_job.py:190} INFO - Processing /home/airflow/.local/lib/python3.6/site-packages/airflow/example_dags/example_python_operator.py took 0.235 seconds
[2021-06-23 05:39:50,508] {scheduler_job.py:182} INFO - Started process (PID=400) to work on /home/airflow/.local/lib/python3.6/site-packages/airflow/example_dags/example_python_operator.py
[2021-06-23 05:39:50,509] {scheduler_job.py:633} INFO - Processing file /home/airflow/.local/lib/python3.6/site-packages/airflow/example_dags/example_python_operator.py for tasks to queue
[2021-06-23 05:39:50,511] {logging_mixin.py:104} INFO - [2021-06-23 05:39:50,510] {dagbag.py:487} INFO - Filling up the DagBag from /home/airflow/.local/lib/python3.6/site-packages/airflow/example_dags/example_python_operator.py
[2021-06-23 05:39:50,577] {scheduler_job.py:643} INFO - DAG(s) dict_keys(['example_python_operator']) retrieved from /home/airflow/.local/lib/python3.6/site-packages/airflow/example_dags/example_python_operator.py
[2021-06-23 05:39:50,629] {logging_mixin.py:104} INFO - [2021-06-23 05:39:50,629] {dag.py:1832} INFO - Sync 1 DAGs
[2021-06-23 05:39:50,663] {logging_mixin.py:104} INFO - [2021-06-23 05:39:50,662] {dag.py:2305} INFO - Setting next_dagrun for example_python_operator to None
[2021-06-23 05:39:50,690] {scheduler_job.py:190} INFO - Processing /home/airflow/.local/lib/python3.6/site-packages/airflow/example_dags/example_python_operator.py took 0.188 seconds
[2021-06-23 05:40:21,645] {scheduler_job.py:182} INFO - Started process (PID=462) to work on /home/airflow/.local/lib/python3.6/site-packages/airflow/example_dags/example_python_operator.py
[2021-06-23 05:40:21,651] {scheduler_job.py:633} INFO - Processing file /home/airflow/.local/lib/python3.6/site-packages/airflow/example_dags/example_python_operator.py for tasks to queue
[2021-06-23 05:40:21,654] {logging_mixin.py:104} INFO - [2021-06-23 05:40:21,654] {dagbag.py:487} INFO - Filling up the DagBag from /home/airflow/.local/lib/python3.6/site-packages/airflow/example_dags/example_python_operator.py
[2021-06-23 05:40:21,688] {scheduler_job.py:643} INFO - DAG(s) dict_keys(['example_python_operator']) retrieved from /home/airflow/.local/lib/python3.6/site-packages/airflow/example_dags/example_python_operator.py
[2021-06-23 05:40:21,767] {logging_mixin.py:104} INFO - [2021-06-23 05:40:21,767] {dag.py:1832} INFO - Sync 1 DAGs
[2021-06-23 05:40:21,799] {logging_mixin.py:104} INFO - [2021-06-23 05:40:21,799] {dag.py:2305} INFO - Setting next_dagrun for example_python_operator to None
[2021-06-23 05:40:21,821] {scheduler_job.py:190} INFO - Processing /home/airflow/.local/lib/python3.6/site-packages/airflow/example_dags/example_python_operator.py took 0.192 seconds
[2021-06-23 05:40:54,500] {scheduler_job.py:182} INFO - Started process (PID=529) to work on /home/airflow/.local/lib/python3.6/site-packages/airflow/example_dags/example_python_operator.py
[2021-06-23 05:40:54,503] {scheduler_job.py:633} INFO - Processing file /home/airflow/.local/lib/python3.6/site-packages/airflow/example_dags/example_python_operator.py for tasks to queue
[2021-06-23 05:40:54,508] {logging_mixin.py:104} INFO - [2021-06-23 05:40:54,508] {dagbag.py:487} INFO - Filling up the DagBag from /home/airflow/.local/lib/python3.6/site-packages/airflow/example_dags/example_python_operator.py
[2021-06-23 05:40:54,546] {scheduler_job.py:643} INFO - DAG(s) dict_keys(['example_python_operator']) retrieved from /home/airflow/.local/lib/python3.6/site-packages/airflow/example_dags/example_python_operator.py
[2021-06-23 05:40:54,644] {logging_mixin.py:104} INFO - [2021-06-23 05:40:54,644] {dag.py:1832} INFO - Sync 1 DAGs
[2021-06-23 05:40:54,684] {logging_mixin.py:104} INFO - [2021-06-23 05:40:54,684] {dag.py:2305} INFO - Setting next_dagrun for example_python_operator to None
[2021-06-23 05:40:54,730] {scheduler_job.py:190} INFO - Processing /home/airflow/.local/lib/python3.6/site-packages/airflow/example_dags/example_python_operator.py took 0.237 seconds
[2021-06-23 05:41:26,293] {scheduler_job.py:182} INFO - Started process (PID=594) to work on /home/airflow/.local/lib/python3.6/site-packages/airflow/example_dags/example_python_operator.py
[2021-06-23 05:41:26,297] {scheduler_job.py:633} INFO - Processing file /home/airflow/.local/lib/python3.6/site-packages/airflow/example_dags/example_python_operator.py for tasks to queue
[2021-06-23 05:41:26,298] {logging_mixin.py:104} INFO - [2021-06-23 05:41:26,298] {dagbag.py:487} INFO - Filling up the DagBag from /home/airflow/.local/lib/python3.6/site-packages/airflow/example_dags/example_python_operator.py
[2021-06-23 05:41:26,330] {scheduler_job.py:643} INFO - DAG(s) dict_keys(['example_python_operator']) retrieved from /home/airflow/.local/lib/python3.6/site-packages/airflow/example_dags/example_python_operator.py
[2021-06-23 05:41:26,428] {logging_mixin.py:104} INFO - [2021-06-23 05:41:26,427] {dag.py:1832} INFO - Sync 1 DAGs
[2021-06-23 05:41:26,451] {logging_mixin.py:104} INFO - [2021-06-23 05:41:26,450] {dag.py:2305} INFO - Setting next_dagrun for example_python_operator to None
[2021-06-23 05:41:26,466] {scheduler_job.py:190} INFO - Processing /home/airflow/.local/lib/python3.6/site-packages/airflow/example_dags/example_python_operator.py took 0.184 seconds
[2021-06-23 05:41:57,489] {scheduler_job.py:182} INFO - Started process (PID=656) to work on /home/airflow/.local/lib/python3.6/site-packages/airflow/example_dags/example_python_operator.py
[2021-06-23 05:41:57,490] {scheduler_job.py:633} INFO - Processing file /home/airflow/.local/lib/python3.6/site-packages/airflow/example_dags/example_python_operator.py for tasks to queue
[2021-06-23 05:41:57,491] {logging_mixin.py:104} INFO - [2021-06-23 05:41:57,491] {dagbag.py:487} INFO - Filling up the DagBag from /home/airflow/.local/lib/python3.6/site-packages/airflow/example_dags/example_python_operator.py
[2021-06-23 05:41:57,650] {scheduler_job.py:643} INFO - DAG(s) dict_keys(['example_python_operator']) retrieved from /home/airflow/.local/lib/python3.6/site-packages/airflow/example_dags/example_python_operator.py
[2021-06-23 05:41:57,841] {logging_mixin.py:104} INFO - [2021-06-23 05:41:57,841] {dag.py:1832} INFO - Sync 1 DAGs
[2021-06-23 05:41:57,945] {logging_mixin.py:104} INFO - [2021-06-23 05:41:57,944] {dag.py:2305} INFO - Setting next_dagrun for example_python_operator to None
[2021-06-23 05:41:58,013] {scheduler_job.py:190} INFO - Processing /home/airflow/.local/lib/python3.6/site-packages/airflow/example_dags/example_python_operator.py took 0.559 seconds
[2021-06-23 05:42:28,819] {scheduler_job.py:182} INFO - Started process (PID=727) to work on /home/airflow/.local/lib/python3.6/site-packages/airflow/example_dags/example_python_operator.py
[2021-06-23 05:42:28,822] {scheduler_job.py:633} INFO - Processing file /home/airflow/.local/lib/python3.6/site-packages/airflow/example_dags/example_python_operator.py for tasks to queue
[2021-06-23 05:42:28,823] {logging_mixin.py:104} INFO - [2021-06-23 05:42:28,822] {dagbag.py:487} INFO - Filling up the DagBag from /home/airflow/.local/lib/python3.6/site-packages/airflow/example_dags/example_python_operator.py
[2021-06-23 05:42:28,860] {scheduler_job.py:643} INFO - DAG(s) dict_keys(['example_python_operator']) retrieved from /home/airflow/.local/lib/python3.6/site-packages/airflow/example_dags/example_python_operator.py
[2021-06-23 05:42:28,942] {logging_mixin.py:104} INFO - [2021-06-23 05:42:28,941] {dag.py:1832} INFO - Sync 1 DAGs
[2021-06-23 05:42:29,000] {logging_mixin.py:104} INFO - [2021-06-23 05:42:29,000] {dag.py:2305} INFO - Setting next_dagrun for example_python_operator to None
[2021-06-23 05:42:29,031] {scheduler_job.py:190} INFO - Processing /home/airflow/.local/lib/python3.6/site-packages/airflow/example_dags/example_python_operator.py took 0.217 seconds
[2021-06-23 05:42:59,515] {scheduler_job.py:182} INFO - Started process (PID=796) to work on /home/airflow/.local/lib/python3.6/site-packages/airflow/example_dags/example_python_operator.py
[2021-06-23 05:42:59,517] {scheduler_job.py:633} INFO - Processing file /home/airflow/.local/lib/python3.6/site-packages/airflow/example_dags/example_python_operator.py for tasks to queue
[2021-06-23 05:42:59,518] {logging_mixin.py:104} INFO - [2021-06-23 05:42:59,518] {dagbag.py:487} INFO - Filling up the DagBag from /home/airflow/.local/lib/python3.6/site-packages/airflow/example_dags/example_python_operator.py
[2021-06-23 05:42:59,552] {scheduler_job.py:643} INFO - DAG(s) dict_keys(['example_python_operator']) retrieved from /home/airflow/.local/lib/python3.6/site-packages/airflow/example_dags/example_python_operator.py
[2021-06-23 05:42:59,632] {logging_mixin.py:104} INFO - [2021-06-23 05:42:59,632] {dag.py:1832} INFO - Sync 1 DAGs
[2021-06-23 05:42:59,686] {logging_mixin.py:104} INFO - [2021-06-23 05:42:59,685] {dag.py:2305} INFO - Setting next_dagrun for example_python_operator to None
[2021-06-23 05:42:59,715] {scheduler_job.py:190} INFO - Processing /home/airflow/.local/lib/python3.6/site-packages/airflow/example_dags/example_python_operator.py took 0.212 seconds
[2021-06-23 05:43:30,358] {scheduler_job.py:182} INFO - Started process (PID=860) to work on /home/airflow/.local/lib/python3.6/site-packages/airflow/example_dags/example_python_operator.py
[2021-06-23 05:43:30,360] {scheduler_job.py:633} INFO - Processing file /home/airflow/.local/lib/python3.6/site-packages/airflow/example_dags/example_python_operator.py for tasks to queue
[2021-06-23 05:43:30,361] {logging_mixin.py:104} INFO - [2021-06-23 05:43:30,361] {dagbag.py:487} INFO - Filling up the DagBag from /home/airflow/.local/lib/python3.6/site-packages/airflow/example_dags/example_python_operator.py
[2021-06-23 05:43:30,384] {scheduler_job.py:643} INFO - DAG(s) dict_keys(['example_python_operator']) retrieved from /home/airflow/.local/lib/python3.6/site-packages/airflow/example_dags/example_python_operator.py
[2021-06-23 05:43:30,431] {logging_mixin.py:104} INFO - [2021-06-23 05:43:30,431] {dag.py:1832} INFO - Sync 1 DAGs
[2021-06-23 05:43:30,463] {logging_mixin.py:104} INFO - [2021-06-23 05:43:30,462] {dag.py:2305} INFO - Setting next_dagrun for example_python_operator to None
[2021-06-23 05:43:30,492] {scheduler_job.py:190} INFO - Processing /home/airflow/.local/lib/python3.6/site-packages/airflow/example_dags/example_python_operator.py took 0.139 seconds
[2021-06-23 05:44:00,745] {scheduler_job.py:182} INFO - Started process (PID=923) to work on /home/airflow/.local/lib/python3.6/site-packages/airflow/example_dags/example_python_operator.py
[2021-06-23 05:44:00,748] {scheduler_job.py:633} INFO - Processing file /home/airflow/.local/lib/python3.6/site-packages/airflow/example_dags/example_python_operator.py for tasks to queue
[2021-06-23 05:44:00,750] {logging_mixin.py:104} INFO - [2021-06-23 05:44:00,749] {dagbag.py:487} INFO - Filling up the DagBag from /home/airflow/.local/lib/python3.6/site-packages/airflow/example_dags/example_python_operator.py
[2021-06-23 05:44:00,805] {scheduler_job.py:643} INFO - DAG(s) dict_keys(['example_python_operator']) retrieved from /home/airflow/.local/lib/python3.6/site-packages/airflow/example_dags/example_python_operator.py
[2021-06-23 05:44:00,921] {logging_mixin.py:104} INFO - [2021-06-23 05:44:00,921] {dag.py:1832} INFO - Sync 1 DAGs
[2021-06-23 05:44:00,947] {logging_mixin.py:104} INFO - [2021-06-23 05:44:00,947] {dag.py:2305} INFO - Setting next_dagrun for example_python_operator to None
[2021-06-23 05:44:00,979] {scheduler_job.py:190} INFO - Processing /home/airflow/.local/lib/python3.6/site-packages/airflow/example_dags/example_python_operator.py took 0.248 seconds
[2021-06-23 05:44:31,603] {scheduler_job.py:182} INFO - Started process (PID=986) to work on /home/airflow/.local/lib/python3.6/site-packages/airflow/example_dags/example_python_operator.py
[2021-06-23 05:44:31,605] {scheduler_job.py:633} INFO - Processing file /home/airflow/.local/lib/python3.6/site-packages/airflow/example_dags/example_python_operator.py for tasks to queue
[2021-06-23 05:44:31,606] {logging_mixin.py:104} INFO - [2021-06-23 05:44:31,605] {dagbag.py:487} INFO - Filling up the DagBag from /home/airflow/.local/lib/python3.6/site-packages/airflow/example_dags/example_python_operator.py
[2021-06-23 05:44:31,633] {scheduler_job.py:643} INFO - DAG(s) dict_keys(['example_python_operator']) retrieved from /home/airflow/.local/lib/python3.6/site-packages/airflow/example_dags/example_python_operator.py
[2021-06-23 05:44:31,671] {logging_mixin.py:104} INFO - [2021-06-23 05:44:31,671] {dag.py:1832} INFO - Sync 1 DAGs
[2021-06-23 05:44:31,706] {logging_mixin.py:104} INFO - [2021-06-23 05:44:31,705] {dag.py:2305} INFO - Setting next_dagrun for example_python_operator to None
[2021-06-23 05:44:31,726] {scheduler_job.py:190} INFO - Processing /home/airflow/.local/lib/python3.6/site-packages/airflow/example_dags/example_python_operator.py took 0.127 seconds
[2021-06-23 05:45:01,795] {scheduler_job.py:182} INFO - Started process (PID=1048) to work on /home/airflow/.local/lib/python3.6/site-packages/airflow/example_dags/example_python_operator.py
[2021-06-23 05:45:01,797] {scheduler_job.py:633} INFO - Processing file /home/airflow/.local/lib/python3.6/site-packages/airflow/example_dags/example_python_operator.py for tasks to queue
[2021-06-23 05:45:01,798] {logging_mixin.py:104} INFO - [2021-06-23 05:45:01,797] {dagbag.py:487} INFO - Filling up the DagBag from /home/airflow/.local/lib/python3.6/site-packages/airflow/example_dags/example_python_operator.py
[2021-06-23 05:45:01,821] {scheduler_job.py:643} INFO - DAG(s) dict_keys(['example_python_operator']) retrieved from /home/airflow/.local/lib/python3.6/site-packages/airflow/example_dags/example_python_operator.py
[2021-06-23 05:45:01,874] {logging_mixin.py:104} INFO - [2021-06-23 05:45:01,873] {dag.py:1832} INFO - Sync 1 DAGs
[2021-06-23 05:45:01,899] {logging_mixin.py:104} INFO - [2021-06-23 05:45:01,899] {dag.py:2305} INFO - Setting next_dagrun for example_python_operator to None
[2021-06-23 05:45:01,923] {scheduler_job.py:190} INFO - Processing /home/airflow/.local/lib/python3.6/site-packages/airflow/example_dags/example_python_operator.py took 0.132 seconds
[2021-06-23 05:45:32,178] {scheduler_job.py:182} INFO - Started process (PID=1121) to work on /home/airflow/.local/lib/python3.6/site-packages/airflow/example_dags/example_python_operator.py
[2021-06-23 05:45:32,212] {scheduler_job.py:633} INFO - Processing file /home/airflow/.local/lib/python3.6/site-packages/airflow/example_dags/example_python_operator.py for tasks to queue
[2021-06-23 05:45:32,213] {logging_mixin.py:104} INFO - [2021-06-23 05:45:32,213] {dagbag.py:487} INFO - Filling up the DagBag from /home/airflow/.local/lib/python3.6/site-packages/airflow/example_dags/example_python_operator.py
[2021-06-23 05:45:32,318] {scheduler_job.py:643} INFO - DAG(s) dict_keys(['example_python_operator']) retrieved from /home/airflow/.local/lib/python3.6/site-packages/airflow/example_dags/example_python_operator.py
[2021-06-23 05:45:32,459] {logging_mixin.py:104} INFO - [2021-06-23 05:45:32,459] {dag.py:1832} INFO - Sync 1 DAGs
[2021-06-23 05:45:32,560] {logging_mixin.py:104} INFO - [2021-06-23 05:45:32,560] {dag.py:2305} INFO - Setting next_dagrun for example_python_operator to None
[2021-06-23 05:45:32,626] {scheduler_job.py:190} INFO - Processing /home/airflow/.local/lib/python3.6/site-packages/airflow/example_dags/example_python_operator.py took 0.463 seconds
[2021-06-23 05:46:03,063] {scheduler_job.py:182} INFO - Started process (PID=1186) to work on /home/airflow/.local/lib/python3.6/site-packages/airflow/example_dags/example_python_operator.py
[2021-06-23 05:46:03,068] {scheduler_job.py:633} INFO - Processing file /home/airflow/.local/lib/python3.6/site-packages/airflow/example_dags/example_python_operator.py for tasks to queue
[2021-06-23 05:46:03,070] {logging_mixin.py:104} INFO - [2021-06-23 05:46:03,069] {dagbag.py:487} INFO - Filling up the DagBag from /home/airflow/.local/lib/python3.6/site-packages/airflow/example_dags/example_python_operator.py
[2021-06-23 05:46:03,086] {scheduler_job.py:643} INFO - DAG(s) dict_keys(['example_python_operator']) retrieved from /home/airflow/.local/lib/python3.6/site-packages/airflow/example_dags/example_python_operator.py
[2021-06-23 05:46:03,110] {logging_mixin.py:104} INFO - [2021-06-23 05:46:03,110] {dag.py:1832} INFO - Sync 1 DAGs
[2021-06-23 05:46:03,131] {logging_mixin.py:104} INFO - [2021-06-23 05:46:03,131] {dag.py:2305} INFO - Setting next_dagrun for example_python_operator to None
[2021-06-23 05:46:03,144] {scheduler_job.py:190} INFO - Processing /home/airflow/.local/lib/python3.6/site-packages/airflow/example_dags/example_python_operator.py took 0.085 seconds
[2021-06-23 05:46:33,917] {scheduler_job.py:182} INFO - Started process (PID=1249) to work on /home/airflow/.local/lib/python3.6/site-packages/airflow/example_dags/example_python_operator.py
[2021-06-23 05:46:33,919] {scheduler_job.py:633} INFO - Processing file /home/airflow/.local/lib/python3.6/site-packages/airflow/example_dags/example_python_operator.py for tasks to queue
[2021-06-23 05:46:33,920] {logging_mixin.py:104} INFO - [2021-06-23 05:46:33,919] {dagbag.py:487} INFO - Filling up the DagBag from /home/airflow/.local/lib/python3.6/site-packages/airflow/example_dags/example_python_operator.py
[2021-06-23 05:46:33,946] {scheduler_job.py:643} INFO - DAG(s) dict_keys(['example_python_operator']) retrieved from /home/airflow/.local/lib/python3.6/site-packages/airflow/example_dags/example_python_operator.py
[2021-06-23 05:46:34,006] {logging_mixin.py:104} INFO - [2021-06-23 05:46:34,006] {dag.py:1832} INFO - Sync 1 DAGs
[2021-06-23 05:46:34,038] {logging_mixin.py:104} INFO - [2021-06-23 05:46:34,038] {dag.py:2305} INFO - Setting next_dagrun for example_python_operator to None
[2021-06-23 05:46:34,076] {scheduler_job.py:190} INFO - Processing /home/airflow/.local/lib/python3.6/site-packages/airflow/example_dags/example_python_operator.py took 0.164 seconds
[2021-06-23 05:47:04,675] {scheduler_job.py:182} INFO - Started process (PID=1312) to work on /home/airflow/.local/lib/python3.6/site-packages/airflow/example_dags/example_python_operator.py
[2021-06-23 05:47:04,678] {scheduler_job.py:633} INFO - Processing file /home/airflow/.local/lib/python3.6/site-packages/airflow/example_dags/example_python_operator.py for tasks to queue
[2021-06-23 05:47:04,679] {logging_mixin.py:104} INFO - [2021-06-23 05:47:04,679] {dagbag.py:487} INFO - Filling up the DagBag from /home/airflow/.local/lib/python3.6/site-packages/airflow/example_dags/example_python_operator.py
[2021-06-23 05:47:04,710] {scheduler_job.py:643} INFO - DAG(s) dict_keys(['example_python_operator']) retrieved from /home/airflow/.local/lib/python3.6/site-packages/airflow/example_dags/example_python_operator.py
[2021-06-23 05:47:04,749] {logging_mixin.py:104} INFO - [2021-06-23 05:47:04,749] {dag.py:1832} INFO - Sync 1 DAGs
[2021-06-23 05:47:04,779] {logging_mixin.py:104} INFO - [2021-06-23 05:47:04,779] {dag.py:2305} INFO - Setting next_dagrun for example_python_operator to None
[2021-06-23 05:47:04,793] {scheduler_job.py:190} INFO - Processing /home/airflow/.local/lib/python3.6/site-packages/airflow/example_dags/example_python_operator.py took 0.122 seconds
[2021-06-23 05:47:34,904] {scheduler_job.py:182} INFO - Started process (PID=1376) to work on /home/airflow/.local/lib/python3.6/site-packages/airflow/example_dags/example_python_operator.py
[2021-06-23 05:47:34,906] {scheduler_job.py:633} INFO - Processing file /home/airflow/.local/lib/python3.6/site-packages/airflow/example_dags/example_python_operator.py for tasks to queue
[2021-06-23 05:47:34,907] {logging_mixin.py:104} INFO - [2021-06-23 05:47:34,907] {dagbag.py:487} INFO - Filling up the DagBag from /home/airflow/.local/lib/python3.6/site-packages/airflow/example_dags/example_python_operator.py
[2021-06-23 05:47:34,946] {scheduler_job.py:643} INFO - DAG(s) dict_keys(['example_python_operator']) retrieved from /home/airflow/.local/lib/python3.6/site-packages/airflow/example_dags/example_python_operator.py
[2021-06-23 05:47:34,996] {logging_mixin.py:104} INFO - [2021-06-23 05:47:34,996] {dag.py:1832} INFO - Sync 1 DAGs
[2021-06-23 05:47:35,057] {logging_mixin.py:104} INFO - [2021-06-23 05:47:35,057] {dag.py:2305} INFO - Setting next_dagrun for example_python_operator to None
[2021-06-23 05:47:35,071] {scheduler_job.py:190} INFO - Processing /home/airflow/.local/lib/python3.6/site-packages/airflow/example_dags/example_python_operator.py took 0.178 seconds
[2021-06-23 05:48:05,315] {scheduler_job.py:182} INFO - Started process (PID=1438) to work on /home/airflow/.local/lib/python3.6/site-packages/airflow/example_dags/example_python_operator.py
[2021-06-23 05:48:05,317] {scheduler_job.py:633} INFO - Processing file /home/airflow/.local/lib/python3.6/site-packages/airflow/example_dags/example_python_operator.py for tasks to queue
[2021-06-23 05:48:05,318] {logging_mixin.py:104} INFO - [2021-06-23 05:48:05,318] {dagbag.py:487} INFO - Filling up the DagBag from /home/airflow/.local/lib/python3.6/site-packages/airflow/example_dags/example_python_operator.py
[2021-06-23 05:48:05,340] {scheduler_job.py:643} INFO - DAG(s) dict_keys(['example_python_operator']) retrieved from /home/airflow/.local/lib/python3.6/site-packages/airflow/example_dags/example_python_operator.py
[2021-06-23 05:48:05,388] {logging_mixin.py:104} INFO - [2021-06-23 05:48:05,388] {dag.py:1832} INFO - Sync 1 DAGs
[2021-06-23 05:48:05,415] {logging_mixin.py:104} INFO - [2021-06-23 05:48:05,415] {dag.py:2305} INFO - Setting next_dagrun for example_python_operator to None
[2021-06-23 05:48:05,438] {scheduler_job.py:190} INFO - Processing /home/airflow/.local/lib/python3.6/site-packages/airflow/example_dags/example_python_operator.py took 0.129 seconds
[2021-06-23 05:48:36,051] {scheduler_job.py:182} INFO - Started process (PID=1509) to work on /home/airflow/.local/lib/python3.6/site-packages/airflow/example_dags/example_python_operator.py
[2021-06-23 05:48:36,053] {scheduler_job.py:633} INFO - Processing file /home/airflow/.local/lib/python3.6/site-packages/airflow/example_dags/example_python_operator.py for tasks to queue
[2021-06-23 05:48:36,054] {logging_mixin.py:104} INFO - [2021-06-23 05:48:36,054] {dagbag.py:487} INFO - Filling up the DagBag from /home/airflow/.local/lib/python3.6/site-packages/airflow/example_dags/example_python_operator.py
[2021-06-23 05:48:36,082] {scheduler_job.py:643} INFO - DAG(s) dict_keys(['example_python_operator']) retrieved from /home/airflow/.local/lib/python3.6/site-packages/airflow/example_dags/example_python_operator.py
[2021-06-23 05:48:36,129] {logging_mixin.py:104} INFO - [2021-06-23 05:48:36,129] {dag.py:1832} INFO - Sync 1 DAGs
[2021-06-23 05:48:36,159] {logging_mixin.py:104} INFO - [2021-06-23 05:48:36,159] {dag.py:2305} INFO - Setting next_dagrun for example_python_operator to None
[2021-06-23 05:48:36,181] {scheduler_job.py:190} INFO - Processing /home/airflow/.local/lib/python3.6/site-packages/airflow/example_dags/example_python_operator.py took 0.139 seconds
[2021-06-23 05:49:06,389] {scheduler_job.py:182} INFO - Started process (PID=1578) to work on /home/airflow/.local/lib/python3.6/site-packages/airflow/example_dags/example_python_operator.py
[2021-06-23 05:49:06,390] {scheduler_job.py:633} INFO - Processing file /home/airflow/.local/lib/python3.6/site-packages/airflow/example_dags/example_python_operator.py for tasks to queue
[2021-06-23 05:49:06,391] {logging_mixin.py:104} INFO - [2021-06-23 05:49:06,391] {dagbag.py:487} INFO - Filling up the DagBag from /home/airflow/.local/lib/python3.6/site-packages/airflow/example_dags/example_python_operator.py
[2021-06-23 05:49:06,421] {scheduler_job.py:643} INFO - DAG(s) dict_keys(['example_python_operator']) retrieved from /home/airflow/.local/lib/python3.6/site-packages/airflow/example_dags/example_python_operator.py
[2021-06-23 05:49:06,470] {logging_mixin.py:104} INFO - [2021-06-23 05:49:06,470] {dag.py:1832} INFO - Sync 1 DAGs
[2021-06-23 05:49:06,497] {logging_mixin.py:104} INFO - [2021-06-23 05:49:06,497] {dag.py:2305} INFO - Setting next_dagrun for example_python_operator to None
[2021-06-23 05:49:06,534] {scheduler_job.py:190} INFO - Processing /home/airflow/.local/lib/python3.6/site-packages/airflow/example_dags/example_python_operator.py took 0.150 seconds
[2021-06-23 05:49:37,016] {scheduler_job.py:182} INFO - Started process (PID=1640) to work on /home/airflow/.local/lib/python3.6/site-packages/airflow/example_dags/example_python_operator.py
[2021-06-23 05:49:37,019] {scheduler_job.py:633} INFO - Processing file /home/airflow/.local/lib/python3.6/site-packages/airflow/example_dags/example_python_operator.py for tasks to queue
[2021-06-23 05:49:37,020] {logging_mixin.py:104} INFO - [2021-06-23 05:49:37,019] {dagbag.py:487} INFO - Filling up the DagBag from /home/airflow/.local/lib/python3.6/site-packages/airflow/example_dags/example_python_operator.py
[2021-06-23 05:49:37,043] {scheduler_job.py:643} INFO - DAG(s) dict_keys(['example_python_operator']) retrieved from /home/airflow/.local/lib/python3.6/site-packages/airflow/example_dags/example_python_operator.py
[2021-06-23 05:49:37,089] {logging_mixin.py:104} INFO - [2021-06-23 05:49:37,089] {dag.py:1832} INFO - Sync 1 DAGs
[2021-06-23 05:49:37,122] {logging_mixin.py:104} INFO - [2021-06-23 05:49:37,122] {dag.py:2305} INFO - Setting next_dagrun for example_python_operator to None
[2021-06-23 05:49:37,149] {scheduler_job.py:190} INFO - Processing /home/airflow/.local/lib/python3.6/site-packages/airflow/example_dags/example_python_operator.py took 0.137 seconds
[2021-06-23 05:50:07,450] {scheduler_job.py:182} INFO - Started process (PID=1701) to work on /home/airflow/.local/lib/python3.6/site-packages/airflow/example_dags/example_python_operator.py
[2021-06-23 05:50:07,452] {scheduler_job.py:633} INFO - Processing file /home/airflow/.local/lib/python3.6/site-packages/airflow/example_dags/example_python_operator.py for tasks to queue
[2021-06-23 05:50:07,454] {logging_mixin.py:104} INFO - [2021-06-23 05:50:07,454] {dagbag.py:487} INFO - Filling up the DagBag from /home/airflow/.local/lib/python3.6/site-packages/airflow/example_dags/example_python_operator.py
[2021-06-23 05:50:07,475] {scheduler_job.py:643} INFO - DAG(s) dict_keys(['example_python_operator']) retrieved from /home/airflow/.local/lib/python3.6/site-packages/airflow/example_dags/example_python_operator.py
[2021-06-23 05:50:07,507] {logging_mixin.py:104} INFO - [2021-06-23 05:50:07,506] {dag.py:1832} INFO - Sync 1 DAGs
[2021-06-23 05:50:07,538] {logging_mixin.py:104} INFO - [2021-06-23 05:50:07,538] {dag.py:2305} INFO - Setting next_dagrun for example_python_operator to None
[2021-06-23 05:50:07,554] {scheduler_job.py:190} INFO - Processing /home/airflow/.local/lib/python3.6/site-packages/airflow/example_dags/example_python_operator.py took 0.111 seconds
[2021-06-23 05:50:38,305] {scheduler_job.py:182} INFO - Started process (PID=1763) to work on /home/airflow/.local/lib/python3.6/site-packages/airflow/example_dags/example_python_operator.py
[2021-06-23 05:50:38,314] {scheduler_job.py:633} INFO - Processing file /home/airflow/.local/lib/python3.6/site-packages/airflow/example_dags/example_python_operator.py for tasks to queue
[2021-06-23 05:50:38,325] {logging_mixin.py:104} INFO - [2021-06-23 05:50:38,325] {dagbag.py:487} INFO - Filling up the DagBag from /home/airflow/.local/lib/python3.6/site-packages/airflow/example_dags/example_python_operator.py
[2021-06-23 05:50:38,440] {scheduler_job.py:643} INFO - DAG(s) dict_keys(['example_python_operator']) retrieved from /home/airflow/.local/lib/python3.6/site-packages/airflow/example_dags/example_python_operator.py
[2021-06-23 05:50:38,547] {logging_mixin.py:104} INFO - [2021-06-23 05:50:38,547] {dag.py:1832} INFO - Sync 1 DAGs
[2021-06-23 05:50:38,640] {logging_mixin.py:104} INFO - [2021-06-23 05:50:38,640] {dag.py:2305} INFO - Setting next_dagrun for example_python_operator to None
[2021-06-23 05:50:38,715] {scheduler_job.py:190} INFO - Processing /home/airflow/.local/lib/python3.6/site-packages/airflow/example_dags/example_python_operator.py took 0.451 seconds
[2021-06-23 05:51:08,851] {scheduler_job.py:182} INFO - Started process (PID=1824) to work on /home/airflow/.local/lib/python3.6/site-packages/airflow/example_dags/example_python_operator.py
[2021-06-23 05:51:08,853] {scheduler_job.py:633} INFO - Processing file /home/airflow/.local/lib/python3.6/site-packages/airflow/example_dags/example_python_operator.py for tasks to queue
[2021-06-23 05:51:08,855] {logging_mixin.py:104} INFO - [2021-06-23 05:51:08,855] {dagbag.py:487} INFO - Filling up the DagBag from /home/airflow/.local/lib/python3.6/site-packages/airflow/example_dags/example_python_operator.py
[2021-06-23 05:51:08,877] {scheduler_job.py:643} INFO - DAG(s) dict_keys(['example_python_operator']) retrieved from /home/airflow/.local/lib/python3.6/site-packages/airflow/example_dags/example_python_operator.py
[2021-06-23 05:51:08,914] {logging_mixin.py:104} INFO - [2021-06-23 05:51:08,914] {dag.py:1832} INFO - Sync 1 DAGs
[2021-06-23 05:51:08,932] {logging_mixin.py:104} INFO - [2021-06-23 05:51:08,932] {dag.py:2305} INFO - Setting next_dagrun for example_python_operator to None
[2021-06-23 05:51:08,944] {scheduler_job.py:190} INFO - Processing /home/airflow/.local/lib/python3.6/site-packages/airflow/example_dags/example_python_operator.py took 0.098 seconds
[2021-06-23 05:51:39,644] {scheduler_job.py:182} INFO - Started process (PID=1903) to work on /home/airflow/.local/lib/python3.6/site-packages/airflow/example_dags/example_python_operator.py
[2021-06-23 05:51:39,645] {scheduler_job.py:633} INFO - Processing file /home/airflow/.local/lib/python3.6/site-packages/airflow/example_dags/example_python_operator.py for tasks to queue
[2021-06-23 05:51:39,646] {logging_mixin.py:104} INFO - [2021-06-23 05:51:39,646] {dagbag.py:487} INFO - Filling up the DagBag from /home/airflow/.local/lib/python3.6/site-packages/airflow/example_dags/example_python_operator.py
[2021-06-23 05:51:39,678] {scheduler_job.py:643} INFO - DAG(s) dict_keys(['example_python_operator']) retrieved from /home/airflow/.local/lib/python3.6/site-packages/airflow/example_dags/example_python_operator.py
[2021-06-23 05:51:39,764] {logging_mixin.py:104} INFO - [2021-06-23 05:51:39,764] {dag.py:1832} INFO - Sync 1 DAGs
[2021-06-23 05:51:39,803] {logging_mixin.py:104} INFO - [2021-06-23 05:51:39,803] {dag.py:2305} INFO - Setting next_dagrun for example_python_operator to None
[2021-06-23 05:51:39,828] {scheduler_job.py:190} INFO - Processing /home/airflow/.local/lib/python3.6/site-packages/airflow/example_dags/example_python_operator.py took 0.195 seconds
[2021-06-23 05:52:10,313] {scheduler_job.py:182} INFO - Started process (PID=1966) to work on /home/airflow/.local/lib/python3.6/site-packages/airflow/example_dags/example_python_operator.py
[2021-06-23 05:52:10,315] {scheduler_job.py:633} INFO - Processing file /home/airflow/.local/lib/python3.6/site-packages/airflow/example_dags/example_python_operator.py for tasks to queue
[2021-06-23 05:52:10,322] {logging_mixin.py:104} INFO - [2021-06-23 05:52:10,322] {dagbag.py:487} INFO - Filling up the DagBag from /home/airflow/.local/lib/python3.6/site-packages/airflow/example_dags/example_python_operator.py
[2021-06-23 05:52:10,349] {scheduler_job.py:643} INFO - DAG(s) dict_keys(['example_python_operator']) retrieved from /home/airflow/.local/lib/python3.6/site-packages/airflow/example_dags/example_python_operator.py
[2021-06-23 05:52:10,402] {logging_mixin.py:104} INFO - [2021-06-23 05:52:10,402] {dag.py:1832} INFO - Sync 1 DAGs
[2021-06-23 05:52:10,428] {logging_mixin.py:104} INFO - [2021-06-23 05:52:10,428] {dag.py:2305} INFO - Setting next_dagrun for example_python_operator to None
[2021-06-23 05:52:10,444] {scheduler_job.py:190} INFO - Processing /home/airflow/.local/lib/python3.6/site-packages/airflow/example_dags/example_python_operator.py took 0.135 seconds
[2021-06-23 05:52:41,199] {scheduler_job.py:182} INFO - Started process (PID=2031) to work on /home/airflow/.local/lib/python3.6/site-packages/airflow/example_dags/example_python_operator.py
[2021-06-23 05:52:41,203] {scheduler_job.py:633} INFO - Processing file /home/airflow/.local/lib/python3.6/site-packages/airflow/example_dags/example_python_operator.py for tasks to queue
[2021-06-23 05:52:41,204] {logging_mixin.py:104} INFO - [2021-06-23 05:52:41,204] {dagbag.py:487} INFO - Filling up the DagBag from /home/airflow/.local/lib/python3.6/site-packages/airflow/example_dags/example_python_operator.py
[2021-06-23 05:52:41,241] {scheduler_job.py:643} INFO - DAG(s) dict_keys(['example_python_operator']) retrieved from /home/airflow/.local/lib/python3.6/site-packages/airflow/example_dags/example_python_operator.py
[2021-06-23 05:52:41,322] {logging_mixin.py:104} INFO - [2021-06-23 05:52:41,321] {dag.py:1832} INFO - Sync 1 DAGs
[2021-06-23 05:52:41,365] {logging_mixin.py:104} INFO - [2021-06-23 05:52:41,364] {dag.py:2305} INFO - Setting next_dagrun for example_python_operator to None
[2021-06-23 05:52:41,401] {scheduler_job.py:190} INFO - Processing /home/airflow/.local/lib/python3.6/site-packages/airflow/example_dags/example_python_operator.py took 0.207 seconds
[2021-06-23 05:53:11,476] {scheduler_job.py:182} INFO - Started process (PID=2093) to work on /home/airflow/.local/lib/python3.6/site-packages/airflow/example_dags/example_python_operator.py
[2021-06-23 05:53:11,489] {scheduler_job.py:633} INFO - Processing file /home/airflow/.local/lib/python3.6/site-packages/airflow/example_dags/example_python_operator.py for tasks to queue
[2021-06-23 05:53:11,490] {logging_mixin.py:104} INFO - [2021-06-23 05:53:11,490] {dagbag.py:487} INFO - Filling up the DagBag from /home/airflow/.local/lib/python3.6/site-packages/airflow/example_dags/example_python_operator.py
[2021-06-23 05:53:11,514] {scheduler_job.py:643} INFO - DAG(s) dict_keys(['example_python_operator']) retrieved from /home/airflow/.local/lib/python3.6/site-packages/airflow/example_dags/example_python_operator.py
[2021-06-23 05:53:11,566] {logging_mixin.py:104} INFO - [2021-06-23 05:53:11,566] {dag.py:1832} INFO - Sync 1 DAGs
[2021-06-23 05:53:11,601] {logging_mixin.py:104} INFO - [2021-06-23 05:53:11,601] {dag.py:2305} INFO - Setting next_dagrun for example_python_operator to None
[2021-06-23 05:53:11,627] {scheduler_job.py:190} INFO - Processing /home/airflow/.local/lib/python3.6/site-packages/airflow/example_dags/example_python_operator.py took 0.155 seconds
[2021-06-23 05:53:41,921] {scheduler_job.py:182} INFO - Started process (PID=2154) to work on /home/airflow/.local/lib/python3.6/site-packages/airflow/example_dags/example_python_operator.py
[2021-06-23 05:53:41,928] {scheduler_job.py:633} INFO - Processing file /home/airflow/.local/lib/python3.6/site-packages/airflow/example_dags/example_python_operator.py for tasks to queue
[2021-06-23 05:53:41,929] {logging_mixin.py:104} INFO - [2021-06-23 05:53:41,929] {dagbag.py:487} INFO - Filling up the DagBag from /home/airflow/.local/lib/python3.6/site-packages/airflow/example_dags/example_python_operator.py
[2021-06-23 05:53:41,979] {scheduler_job.py:643} INFO - DAG(s) dict_keys(['example_python_operator']) retrieved from /home/airflow/.local/lib/python3.6/site-packages/airflow/example_dags/example_python_operator.py
[2021-06-23 05:53:42,056] {logging_mixin.py:104} INFO - [2021-06-23 05:53:42,056] {dag.py:1832} INFO - Sync 1 DAGs
[2021-06-23 05:53:42,122] {logging_mixin.py:104} INFO - [2021-06-23 05:53:42,122] {dag.py:2305} INFO - Setting next_dagrun for example_python_operator to None
[2021-06-23 05:53:42,199] {scheduler_job.py:190} INFO - Processing /home/airflow/.local/lib/python3.6/site-packages/airflow/example_dags/example_python_operator.py took 0.285 seconds
[2021-06-23 05:54:12,345] {scheduler_job.py:182} INFO - Started process (PID=2217) to work on /home/airflow/.local/lib/python3.6/site-packages/airflow/example_dags/example_python_operator.py
[2021-06-23 05:54:12,359] {scheduler_job.py:633} INFO - Processing file /home/airflow/.local/lib/python3.6/site-packages/airflow/example_dags/example_python_operator.py for tasks to queue
[2021-06-23 05:54:12,371] {logging_mixin.py:104} INFO - [2021-06-23 05:54:12,371] {dagbag.py:487} INFO - Filling up the DagBag from /home/airflow/.local/lib/python3.6/site-packages/airflow/example_dags/example_python_operator.py
[2021-06-23 05:54:12,436] {scheduler_job.py:643} INFO - DAG(s) dict_keys(['example_python_operator']) retrieved from /home/airflow/.local/lib/python3.6/site-packages/airflow/example_dags/example_python_operator.py
[2021-06-23 05:54:12,569] {logging_mixin.py:104} INFO - [2021-06-23 05:54:12,569] {dag.py:1832} INFO - Sync 1 DAGs
[2021-06-23 05:54:12,630] {logging_mixin.py:104} INFO - [2021-06-23 05:54:12,629] {dag.py:2305} INFO - Setting next_dagrun for example_python_operator to None
[2021-06-23 05:54:12,698] {scheduler_job.py:190} INFO - Processing /home/airflow/.local/lib/python3.6/site-packages/airflow/example_dags/example_python_operator.py took 0.374 seconds
[2021-06-23 05:54:43,360] {scheduler_job.py:182} INFO - Started process (PID=2293) to work on /home/airflow/.local/lib/python3.6/site-packages/airflow/example_dags/example_python_operator.py
[2021-06-23 05:54:43,361] {scheduler_job.py:633} INFO - Processing file /home/airflow/.local/lib/python3.6/site-packages/airflow/example_dags/example_python_operator.py for tasks to queue
[2021-06-23 05:54:43,362] {logging_mixin.py:104} INFO - [2021-06-23 05:54:43,362] {dagbag.py:487} INFO - Filling up the DagBag from /home/airflow/.local/lib/python3.6/site-packages/airflow/example_dags/example_python_operator.py
[2021-06-23 05:54:43,463] {scheduler_job.py:643} INFO - DAG(s) dict_keys(['example_python_operator']) retrieved from /home/airflow/.local/lib/python3.6/site-packages/airflow/example_dags/example_python_operator.py
[2021-06-23 05:54:43,645] {logging_mixin.py:104} INFO - [2021-06-23 05:54:43,645] {dag.py:1832} INFO - Sync 1 DAGs
[2021-06-23 05:54:43,686] {logging_mixin.py:104} INFO - [2021-06-23 05:54:43,686] {dag.py:2305} INFO - Setting next_dagrun for example_python_operator to None
[2021-06-23 05:54:43,717] {scheduler_job.py:190} INFO - Processing /home/airflow/.local/lib/python3.6/site-packages/airflow/example_dags/example_python_operator.py took 0.363 seconds
[2021-06-23 05:55:14,136] {scheduler_job.py:182} INFO - Started process (PID=2360) to work on /home/airflow/.local/lib/python3.6/site-packages/airflow/example_dags/example_python_operator.py
[2021-06-23 05:55:14,138] {scheduler_job.py:633} INFO - Processing file /home/airflow/.local/lib/python3.6/site-packages/airflow/example_dags/example_python_operator.py for tasks to queue
[2021-06-23 05:55:14,139] {logging_mixin.py:104} INFO - [2021-06-23 05:55:14,139] {dagbag.py:487} INFO - Filling up the DagBag from /home/airflow/.local/lib/python3.6/site-packages/airflow/example_dags/example_python_operator.py
[2021-06-23 05:55:14,179] {scheduler_job.py:643} INFO - DAG(s) dict_keys(['example_python_operator']) retrieved from /home/airflow/.local/lib/python3.6/site-packages/airflow/example_dags/example_python_operator.py
[2021-06-23 05:55:14,295] {logging_mixin.py:104} INFO - [2021-06-23 05:55:14,295] {dag.py:1832} INFO - Sync 1 DAGs
[2021-06-23 05:55:14,367] {logging_mixin.py:104} INFO - [2021-06-23 05:55:14,367] {dag.py:2305} INFO - Setting next_dagrun for example_python_operator to None
[2021-06-23 05:55:14,412] {scheduler_job.py:190} INFO - Processing /home/airflow/.local/lib/python3.6/site-packages/airflow/example_dags/example_python_operator.py took 0.282 seconds
[2021-06-23 05:55:44,687] {scheduler_job.py:182} INFO - Started process (PID=2421) to work on /home/airflow/.local/lib/python3.6/site-packages/airflow/example_dags/example_python_operator.py
[2021-06-23 05:55:44,689] {scheduler_job.py:633} INFO - Processing file /home/airflow/.local/lib/python3.6/site-packages/airflow/example_dags/example_python_operator.py for tasks to queue
[2021-06-23 05:55:44,690] {logging_mixin.py:104} INFO - [2021-06-23 05:55:44,690] {dagbag.py:487} INFO - Filling up the DagBag from /home/airflow/.local/lib/python3.6/site-packages/airflow/example_dags/example_python_operator.py
[2021-06-23 05:55:44,724] {scheduler_job.py:643} INFO - DAG(s) dict_keys(['example_python_operator']) retrieved from /home/airflow/.local/lib/python3.6/site-packages/airflow/example_dags/example_python_operator.py
[2021-06-23 05:55:44,812] {logging_mixin.py:104} INFO - [2021-06-23 05:55:44,812] {dag.py:1832} INFO - Sync 1 DAGs
[2021-06-23 05:55:44,865] {logging_mixin.py:104} INFO - [2021-06-23 05:55:44,865] {dag.py:2305} INFO - Setting next_dagrun for example_python_operator to None
[2021-06-23 05:55:44,906] {scheduler_job.py:190} INFO - Processing /home/airflow/.local/lib/python3.6/site-packages/airflow/example_dags/example_python_operator.py took 0.224 seconds
[2021-06-23 05:56:16,106] {scheduler_job.py:182} INFO - Started process (PID=2483) to work on /home/airflow/.local/lib/python3.6/site-packages/airflow/example_dags/example_python_operator.py
[2021-06-23 05:56:16,108] {scheduler_job.py:633} INFO - Processing file /home/airflow/.local/lib/python3.6/site-packages/airflow/example_dags/example_python_operator.py for tasks to queue
[2021-06-23 05:56:16,109] {logging_mixin.py:104} INFO - [2021-06-23 05:56:16,109] {dagbag.py:487} INFO - Filling up the DagBag from /home/airflow/.local/lib/python3.6/site-packages/airflow/example_dags/example_python_operator.py
[2021-06-23 05:56:16,131] {scheduler_job.py:643} INFO - DAG(s) dict_keys(['example_python_operator']) retrieved from /home/airflow/.local/lib/python3.6/site-packages/airflow/example_dags/example_python_operator.py
[2021-06-23 05:56:16,254] {logging_mixin.py:104} INFO - [2021-06-23 05:56:16,254] {dag.py:1832} INFO - Sync 1 DAGs
[2021-06-23 05:56:16,292] {logging_mixin.py:104} INFO - [2021-06-23 05:56:16,292] {dag.py:2305} INFO - Setting next_dagrun for example_python_operator to None
[2021-06-23 05:56:16,328] {scheduler_job.py:190} INFO - Processing /home/airflow/.local/lib/python3.6/site-packages/airflow/example_dags/example_python_operator.py took 0.226 seconds
[2021-06-23 05:56:46,938] {scheduler_job.py:182} INFO - Started process (PID=2557) to work on /home/airflow/.local/lib/python3.6/site-packages/airflow/example_dags/example_python_operator.py
[2021-06-23 05:56:46,942] {scheduler_job.py:633} INFO - Processing file /home/airflow/.local/lib/python3.6/site-packages/airflow/example_dags/example_python_operator.py for tasks to queue
[2021-06-23 05:56:46,944] {logging_mixin.py:104} INFO - [2021-06-23 05:56:46,943] {dagbag.py:487} INFO - Filling up the DagBag from /home/airflow/.local/lib/python3.6/site-packages/airflow/example_dags/example_python_operator.py
[2021-06-23 05:56:47,000] {scheduler_job.py:643} INFO - DAG(s) dict_keys(['example_python_operator']) retrieved from /home/airflow/.local/lib/python3.6/site-packages/airflow/example_dags/example_python_operator.py
[2021-06-23 05:56:47,061] {logging_mixin.py:104} INFO - [2021-06-23 05:56:47,060] {dag.py:1832} INFO - Sync 1 DAGs
[2021-06-23 05:56:47,104] {logging_mixin.py:104} INFO - [2021-06-23 05:56:47,104] {dag.py:2305} INFO - Setting next_dagrun for example_python_operator to None
[2021-06-23 05:56:47,188] {scheduler_job.py:190} INFO - Processing /home/airflow/.local/lib/python3.6/site-packages/airflow/example_dags/example_python_operator.py took 0.262 seconds
[2021-06-23 05:57:17,824] {scheduler_job.py:182} INFO - Started process (PID=2618) to work on /home/airflow/.local/lib/python3.6/site-packages/airflow/example_dags/example_python_operator.py
[2021-06-23 05:57:17,828] {scheduler_job.py:633} INFO - Processing file /home/airflow/.local/lib/python3.6/site-packages/airflow/example_dags/example_python_operator.py for tasks to queue
[2021-06-23 05:57:17,829] {logging_mixin.py:104} INFO - [2021-06-23 05:57:17,828] {dagbag.py:487} INFO - Filling up the DagBag from /home/airflow/.local/lib/python3.6/site-packages/airflow/example_dags/example_python_operator.py
[2021-06-23 05:57:17,857] {scheduler_job.py:643} INFO - DAG(s) dict_keys(['example_python_operator']) retrieved from /home/airflow/.local/lib/python3.6/site-packages/airflow/example_dags/example_python_operator.py
[2021-06-23 05:57:17,987] {logging_mixin.py:104} INFO - [2021-06-23 05:57:17,987] {dag.py:1832} INFO - Sync 1 DAGs
[2021-06-23 05:57:18,077] {logging_mixin.py:104} INFO - [2021-06-23 05:57:18,077] {dag.py:2305} INFO - Setting next_dagrun for example_python_operator to None
[2021-06-23 05:57:18,164] {scheduler_job.py:190} INFO - Processing /home/airflow/.local/lib/python3.6/site-packages/airflow/example_dags/example_python_operator.py took 0.364 seconds
[2021-06-23 05:57:49,125] {scheduler_job.py:182} INFO - Started process (PID=2679) to work on /home/airflow/.local/lib/python3.6/site-packages/airflow/example_dags/example_python_operator.py
[2021-06-23 05:57:49,127] {scheduler_job.py:633} INFO - Processing file /home/airflow/.local/lib/python3.6/site-packages/airflow/example_dags/example_python_operator.py for tasks to queue
[2021-06-23 05:57:49,128] {logging_mixin.py:104} INFO - [2021-06-23 05:57:49,128] {dagbag.py:487} INFO - Filling up the DagBag from /home/airflow/.local/lib/python3.6/site-packages/airflow/example_dags/example_python_operator.py
[2021-06-23 05:57:49,157] {scheduler_job.py:643} INFO - DAG(s) dict_keys(['example_python_operator']) retrieved from /home/airflow/.local/lib/python3.6/site-packages/airflow/example_dags/example_python_operator.py
[2021-06-23 05:57:49,238] {logging_mixin.py:104} INFO - [2021-06-23 05:57:49,238] {dag.py:1832} INFO - Sync 1 DAGs
[2021-06-23 05:57:49,284] {logging_mixin.py:104} INFO - [2021-06-23 05:57:49,284] {dag.py:2305} INFO - Setting next_dagrun for example_python_operator to None
[2021-06-23 05:57:49,313] {scheduler_job.py:190} INFO - Processing /home/airflow/.local/lib/python3.6/site-packages/airflow/example_dags/example_python_operator.py took 0.193 seconds
[2021-06-23 05:58:19,409] {scheduler_job.py:182} INFO - Started process (PID=2746) to work on /home/airflow/.local/lib/python3.6/site-packages/airflow/example_dags/example_python_operator.py
[2021-06-23 05:58:19,411] {scheduler_job.py:633} INFO - Processing file /home/airflow/.local/lib/python3.6/site-packages/airflow/example_dags/example_python_operator.py for tasks to queue
[2021-06-23 05:58:19,413] {logging_mixin.py:104} INFO - [2021-06-23 05:58:19,412] {dagbag.py:487} INFO - Filling up the DagBag from /home/airflow/.local/lib/python3.6/site-packages/airflow/example_dags/example_python_operator.py
[2021-06-23 05:58:19,448] {scheduler_job.py:643} INFO - DAG(s) dict_keys(['example_python_operator']) retrieved from /home/airflow/.local/lib/python3.6/site-packages/airflow/example_dags/example_python_operator.py
[2021-06-23 05:58:19,499] {logging_mixin.py:104} INFO - [2021-06-23 05:58:19,499] {dag.py:1832} INFO - Sync 1 DAGs
[2021-06-23 05:58:19,552] {logging_mixin.py:104} INFO - [2021-06-23 05:58:19,551] {dag.py:2305} INFO - Setting next_dagrun for example_python_operator to None
[2021-06-23 05:58:19,586] {scheduler_job.py:190} INFO - Processing /home/airflow/.local/lib/python3.6/site-packages/airflow/example_dags/example_python_operator.py took 0.183 seconds
[2021-06-23 05:58:50,205] {scheduler_job.py:182} INFO - Started process (PID=2814) to work on /home/airflow/.local/lib/python3.6/site-packages/airflow/example_dags/example_python_operator.py
[2021-06-23 05:58:50,207] {scheduler_job.py:633} INFO - Processing file /home/airflow/.local/lib/python3.6/site-packages/airflow/example_dags/example_python_operator.py for tasks to queue
[2021-06-23 05:58:50,208] {logging_mixin.py:104} INFO - [2021-06-23 05:58:50,207] {dagbag.py:487} INFO - Filling up the DagBag from /home/airflow/.local/lib/python3.6/site-packages/airflow/example_dags/example_python_operator.py
[2021-06-23 05:58:50,305] {scheduler_job.py:643} INFO - DAG(s) dict_keys(['example_python_operator']) retrieved from /home/airflow/.local/lib/python3.6/site-packages/airflow/example_dags/example_python_operator.py
[2021-06-23 05:58:50,388] {logging_mixin.py:104} INFO - [2021-06-23 05:58:50,386] {dag.py:1832} INFO - Sync 1 DAGs
[2021-06-23 05:58:50,429] {logging_mixin.py:104} INFO - [2021-06-23 05:58:50,429] {dag.py:2305} INFO - Setting next_dagrun for example_python_operator to None
[2021-06-23 05:58:50,462] {scheduler_job.py:190} INFO - Processing /home/airflow/.local/lib/python3.6/site-packages/airflow/example_dags/example_python_operator.py took 0.262 seconds
[2021-06-23 05:59:20,672] {scheduler_job.py:182} INFO - Started process (PID=2878) to work on /home/airflow/.local/lib/python3.6/site-packages/airflow/example_dags/example_python_operator.py
[2021-06-23 05:59:20,674] {scheduler_job.py:633} INFO - Processing file /home/airflow/.local/lib/python3.6/site-packages/airflow/example_dags/example_python_operator.py for tasks to queue
[2021-06-23 05:59:20,676] {logging_mixin.py:104} INFO - [2021-06-23 05:59:20,675] {dagbag.py:487} INFO - Filling up the DagBag from /home/airflow/.local/lib/python3.6/site-packages/airflow/example_dags/example_python_operator.py
[2021-06-23 05:59:20,702] {scheduler_job.py:643} INFO - DAG(s) dict_keys(['example_python_operator']) retrieved from /home/airflow/.local/lib/python3.6/site-packages/airflow/example_dags/example_python_operator.py
[2021-06-23 05:59:20,765] {logging_mixin.py:104} INFO - [2021-06-23 05:59:20,764] {dag.py:1832} INFO - Sync 1 DAGs
[2021-06-23 05:59:20,800] {logging_mixin.py:104} INFO - [2021-06-23 05:59:20,800] {dag.py:2305} INFO - Setting next_dagrun for example_python_operator to None
[2021-06-23 05:59:20,817] {scheduler_job.py:190} INFO - Processing /home/airflow/.local/lib/python3.6/site-packages/airflow/example_dags/example_python_operator.py took 0.151 seconds
[2021-06-23 05:59:50,904] {scheduler_job.py:182} INFO - Started process (PID=2942) to work on /home/airflow/.local/lib/python3.6/site-packages/airflow/example_dags/example_python_operator.py
[2021-06-23 05:59:50,905] {scheduler_job.py:633} INFO - Processing file /home/airflow/.local/lib/python3.6/site-packages/airflow/example_dags/example_python_operator.py for tasks to queue
[2021-06-23 05:59:50,906] {logging_mixin.py:104} INFO - [2021-06-23 05:59:50,906] {dagbag.py:487} INFO - Filling up the DagBag from /home/airflow/.local/lib/python3.6/site-packages/airflow/example_dags/example_python_operator.py
[2021-06-23 05:59:51,000] {scheduler_job.py:643} INFO - DAG(s) dict_keys(['example_python_operator']) retrieved from /home/airflow/.local/lib/python3.6/site-packages/airflow/example_dags/example_python_operator.py
[2021-06-23 05:59:51,074] {logging_mixin.py:104} INFO - [2021-06-23 05:59:51,074] {dag.py:1832} INFO - Sync 1 DAGs
[2021-06-23 05:59:51,125] {logging_mixin.py:104} INFO - [2021-06-23 05:59:51,125] {dag.py:2305} INFO - Setting next_dagrun for example_python_operator to None
[2021-06-23 05:59:51,147] {scheduler_job.py:190} INFO - Processing /home/airflow/.local/lib/python3.6/site-packages/airflow/example_dags/example_python_operator.py took 0.249 seconds
[2021-06-23 06:00:21,281] {scheduler_job.py:182} INFO - Started process (PID=3004) to work on /home/airflow/.local/lib/python3.6/site-packages/airflow/example_dags/example_python_operator.py
[2021-06-23 06:00:21,285] {scheduler_job.py:633} INFO - Processing file /home/airflow/.local/lib/python3.6/site-packages/airflow/example_dags/example_python_operator.py for tasks to queue
[2021-06-23 06:00:21,286] {logging_mixin.py:104} INFO - [2021-06-23 06:00:21,286] {dagbag.py:487} INFO - Filling up the DagBag from /home/airflow/.local/lib/python3.6/site-packages/airflow/example_dags/example_python_operator.py
[2021-06-23 06:00:21,309] {scheduler_job.py:643} INFO - DAG(s) dict_keys(['example_python_operator']) retrieved from /home/airflow/.local/lib/python3.6/site-packages/airflow/example_dags/example_python_operator.py
[2021-06-23 06:00:21,352] {logging_mixin.py:104} INFO - [2021-06-23 06:00:21,352] {dag.py:1832} INFO - Sync 1 DAGs
[2021-06-23 06:00:21,382] {logging_mixin.py:104} INFO - [2021-06-23 06:00:21,382] {dag.py:2305} INFO - Setting next_dagrun for example_python_operator to None
[2021-06-23 06:00:21,399] {scheduler_job.py:190} INFO - Processing /home/airflow/.local/lib/python3.6/site-packages/airflow/example_dags/example_python_operator.py took 0.121 seconds
[2021-06-23 06:00:51,523] {scheduler_job.py:182} INFO - Started process (PID=3065) to work on /home/airflow/.local/lib/python3.6/site-packages/airflow/example_dags/example_python_operator.py
[2021-06-23 06:00:51,555] {scheduler_job.py:633} INFO - Processing file /home/airflow/.local/lib/python3.6/site-packages/airflow/example_dags/example_python_operator.py for tasks to queue
[2021-06-23 06:00:51,557] {logging_mixin.py:104} INFO - [2021-06-23 06:00:51,556] {dagbag.py:487} INFO - Filling up the DagBag from /home/airflow/.local/lib/python3.6/site-packages/airflow/example_dags/example_python_operator.py
[2021-06-23 06:00:51,683] {scheduler_job.py:643} INFO - DAG(s) dict_keys(['example_python_operator']) retrieved from /home/airflow/.local/lib/python3.6/site-packages/airflow/example_dags/example_python_operator.py
[2021-06-23 06:00:51,875] {logging_mixin.py:104} INFO - [2021-06-23 06:00:51,875] {dag.py:1832} INFO - Sync 1 DAGs
[2021-06-23 06:00:51,971] {logging_mixin.py:104} INFO - [2021-06-23 06:00:51,971] {dag.py:2305} INFO - Setting next_dagrun for example_python_operator to None
[2021-06-23 06:00:52,044] {scheduler_job.py:190} INFO - Processing /home/airflow/.local/lib/python3.6/site-packages/airflow/example_dags/example_python_operator.py took 0.569 seconds
