[2021-06-23 05:37:22,662] {scheduler_job.py:182} INFO - Started process (PID=86) to work on /home/airflow/.local/lib/python3.6/site-packages/airflow/example_dags/example_subdag_operator.py
[2021-06-23 05:37:22,663] {scheduler_job.py:633} INFO - Processing file /home/airflow/.local/lib/python3.6/site-packages/airflow/example_dags/example_subdag_operator.py for tasks to queue
[2021-06-23 05:37:22,664] {logging_mixin.py:104} INFO - [2021-06-23 05:37:22,664] {dagbag.py:487} INFO - Filling up the DagBag from /home/airflow/.local/lib/python3.6/site-packages/airflow/example_dags/example_subdag_operator.py
[2021-06-23 05:37:22,818] {scheduler_job.py:643} INFO - DAG(s) dict_keys(['example_subdag_operator.section-1', 'example_subdag_operator.section-2', 'example_subdag_operator']) retrieved from /home/airflow/.local/lib/python3.6/site-packages/airflow/example_dags/example_subdag_operator.py
[2021-06-23 05:37:24,249] {logging_mixin.py:104} INFO - [2021-06-23 05:37:24,247] {dag.py:1832} INFO - Sync 3 DAGs
[2021-06-23 05:37:24,349] {logging_mixin.py:104} INFO - [2021-06-23 05:37:24,349] {dag.py:2305} INFO - Setting next_dagrun for example_subdag_operator to 2021-06-21 00:00:00+00:00
[2021-06-23 05:37:24,351] {logging_mixin.py:104} INFO - [2021-06-23 05:37:24,350] {dag.py:2305} INFO - Setting next_dagrun for example_subdag_operator.section-1 to None
[2021-06-23 05:37:24,351] {logging_mixin.py:104} INFO - [2021-06-23 05:37:24,351] {dag.py:2305} INFO - Setting next_dagrun for example_subdag_operator.section-2 to None
[2021-06-23 05:37:24,429] {logging_mixin.py:104} INFO - [2021-06-23 05:37:24,429] {dag.py:1832} INFO - Sync 2 DAGs
[2021-06-23 05:37:24,479] {logging_mixin.py:104} INFO - [2021-06-23 05:37:24,479] {dag.py:2305} INFO - Setting next_dagrun for example_subdag_operator.section-1 to None
[2021-06-23 05:37:24,486] {logging_mixin.py:104} INFO - [2021-06-23 05:37:24,486] {dag.py:2305} INFO - Setting next_dagrun for example_subdag_operator.section-2 to None
[2021-06-23 05:37:24,523] {scheduler_job.py:190} INFO - Processing /home/airflow/.local/lib/python3.6/site-packages/airflow/example_dags/example_subdag_operator.py took 1.884 seconds
[2021-06-23 05:37:54,626] {scheduler_job.py:182} INFO - Started process (PID=149) to work on /home/airflow/.local/lib/python3.6/site-packages/airflow/example_dags/example_subdag_operator.py
[2021-06-23 05:37:54,628] {scheduler_job.py:633} INFO - Processing file /home/airflow/.local/lib/python3.6/site-packages/airflow/example_dags/example_subdag_operator.py for tasks to queue
[2021-06-23 05:37:54,629] {logging_mixin.py:104} INFO - [2021-06-23 05:37:54,629] {dagbag.py:487} INFO - Filling up the DagBag from /home/airflow/.local/lib/python3.6/site-packages/airflow/example_dags/example_subdag_operator.py
[2021-06-23 05:37:54,712] {scheduler_job.py:643} INFO - DAG(s) dict_keys(['example_subdag_operator.section-1', 'example_subdag_operator.section-2', 'example_subdag_operator']) retrieved from /home/airflow/.local/lib/python3.6/site-packages/airflow/example_dags/example_subdag_operator.py
[2021-06-23 05:37:54,755] {logging_mixin.py:104} INFO - [2021-06-23 05:37:54,755] {dag.py:1832} INFO - Sync 3 DAGs
[2021-06-23 05:37:54,792] {logging_mixin.py:104} INFO - [2021-06-23 05:37:54,792] {dag.py:2305} INFO - Setting next_dagrun for example_subdag_operator to 2021-06-21 00:00:00+00:00
[2021-06-23 05:37:54,794] {logging_mixin.py:104} INFO - [2021-06-23 05:37:54,794] {dag.py:2305} INFO - Setting next_dagrun for example_subdag_operator.section-1 to None
[2021-06-23 05:37:54,795] {logging_mixin.py:104} INFO - [2021-06-23 05:37:54,795] {dag.py:2305} INFO - Setting next_dagrun for example_subdag_operator.section-2 to None
[2021-06-23 05:37:54,812] {logging_mixin.py:104} INFO - [2021-06-23 05:37:54,812] {dag.py:1832} INFO - Sync 2 DAGs
[2021-06-23 05:37:54,836] {logging_mixin.py:104} INFO - [2021-06-23 05:37:54,836] {dag.py:2305} INFO - Setting next_dagrun for example_subdag_operator.section-1 to None
[2021-06-23 05:37:54,836] {logging_mixin.py:104} INFO - [2021-06-23 05:37:54,836] {dag.py:2305} INFO - Setting next_dagrun for example_subdag_operator.section-2 to None
[2021-06-23 05:37:54,847] {scheduler_job.py:190} INFO - Processing /home/airflow/.local/lib/python3.6/site-packages/airflow/example_dags/example_subdag_operator.py took 0.226 seconds
[2021-06-23 05:38:25,237] {scheduler_job.py:182} INFO - Started process (PID=211) to work on /home/airflow/.local/lib/python3.6/site-packages/airflow/example_dags/example_subdag_operator.py
[2021-06-23 05:38:25,245] {scheduler_job.py:633} INFO - Processing file /home/airflow/.local/lib/python3.6/site-packages/airflow/example_dags/example_subdag_operator.py for tasks to queue
[2021-06-23 05:38:25,246] {logging_mixin.py:104} INFO - [2021-06-23 05:38:25,246] {dagbag.py:487} INFO - Filling up the DagBag from /home/airflow/.local/lib/python3.6/site-packages/airflow/example_dags/example_subdag_operator.py
[2021-06-23 05:38:25,300] {scheduler_job.py:643} INFO - DAG(s) dict_keys(['example_subdag_operator.section-1', 'example_subdag_operator.section-2', 'example_subdag_operator']) retrieved from /home/airflow/.local/lib/python3.6/site-packages/airflow/example_dags/example_subdag_operator.py
[2021-06-23 05:38:25,325] {logging_mixin.py:104} INFO - [2021-06-23 05:38:25,325] {dag.py:1832} INFO - Sync 3 DAGs
[2021-06-23 05:38:25,355] {logging_mixin.py:104} INFO - [2021-06-23 05:38:25,354] {dag.py:2305} INFO - Setting next_dagrun for example_subdag_operator to 2021-06-21 00:00:00+00:00
[2021-06-23 05:38:25,357] {logging_mixin.py:104} INFO - [2021-06-23 05:38:25,356] {dag.py:2305} INFO - Setting next_dagrun for example_subdag_operator.section-1 to None
[2021-06-23 05:38:25,357] {logging_mixin.py:104} INFO - [2021-06-23 05:38:25,357] {dag.py:2305} INFO - Setting next_dagrun for example_subdag_operator.section-2 to None
[2021-06-23 05:38:25,372] {logging_mixin.py:104} INFO - [2021-06-23 05:38:25,372] {dag.py:1832} INFO - Sync 2 DAGs
[2021-06-23 05:38:25,388] {logging_mixin.py:104} INFO - [2021-06-23 05:38:25,388] {dag.py:2305} INFO - Setting next_dagrun for example_subdag_operator.section-1 to None
[2021-06-23 05:38:25,389] {logging_mixin.py:104} INFO - [2021-06-23 05:38:25,389] {dag.py:2305} INFO - Setting next_dagrun for example_subdag_operator.section-2 to None
[2021-06-23 05:38:25,414] {scheduler_job.py:190} INFO - Processing /home/airflow/.local/lib/python3.6/site-packages/airflow/example_dags/example_subdag_operator.py took 0.183 seconds
[2021-06-23 05:38:55,753] {scheduler_job.py:182} INFO - Started process (PID=286) to work on /home/airflow/.local/lib/python3.6/site-packages/airflow/example_dags/example_subdag_operator.py
[2021-06-23 05:38:55,755] {scheduler_job.py:633} INFO - Processing file /home/airflow/.local/lib/python3.6/site-packages/airflow/example_dags/example_subdag_operator.py for tasks to queue
[2021-06-23 05:38:55,757] {logging_mixin.py:104} INFO - [2021-06-23 05:38:55,756] {dagbag.py:487} INFO - Filling up the DagBag from /home/airflow/.local/lib/python3.6/site-packages/airflow/example_dags/example_subdag_operator.py
[2021-06-23 05:38:55,842] {scheduler_job.py:643} INFO - DAG(s) dict_keys(['example_subdag_operator.section-1', 'example_subdag_operator.section-2', 'example_subdag_operator']) retrieved from /home/airflow/.local/lib/python3.6/site-packages/airflow/example_dags/example_subdag_operator.py
[2021-06-23 05:38:55,869] {logging_mixin.py:104} INFO - [2021-06-23 05:38:55,868] {dag.py:1832} INFO - Sync 3 DAGs
[2021-06-23 05:38:55,918] {logging_mixin.py:104} INFO - [2021-06-23 05:38:55,917] {dag.py:2305} INFO - Setting next_dagrun for example_subdag_operator to 2021-06-21 00:00:00+00:00
[2021-06-23 05:38:55,920] {logging_mixin.py:104} INFO - [2021-06-23 05:38:55,920] {dag.py:2305} INFO - Setting next_dagrun for example_subdag_operator.section-1 to None
[2021-06-23 05:38:55,921] {logging_mixin.py:104} INFO - [2021-06-23 05:38:55,920] {dag.py:2305} INFO - Setting next_dagrun for example_subdag_operator.section-2 to None
[2021-06-23 05:38:55,935] {logging_mixin.py:104} INFO - [2021-06-23 05:38:55,935] {dag.py:1832} INFO - Sync 2 DAGs
[2021-06-23 05:38:55,951] {logging_mixin.py:104} INFO - [2021-06-23 05:38:55,951] {dag.py:2305} INFO - Setting next_dagrun for example_subdag_operator.section-1 to None
[2021-06-23 05:38:55,951] {logging_mixin.py:104} INFO - [2021-06-23 05:38:55,951] {dag.py:2305} INFO - Setting next_dagrun for example_subdag_operator.section-2 to None
[2021-06-23 05:38:55,967] {scheduler_job.py:190} INFO - Processing /home/airflow/.local/lib/python3.6/site-packages/airflow/example_dags/example_subdag_operator.py took 0.219 seconds
[2021-06-23 05:39:26,439] {scheduler_job.py:182} INFO - Started process (PID=351) to work on /home/airflow/.local/lib/python3.6/site-packages/airflow/example_dags/example_subdag_operator.py
[2021-06-23 05:39:26,440] {scheduler_job.py:633} INFO - Processing file /home/airflow/.local/lib/python3.6/site-packages/airflow/example_dags/example_subdag_operator.py for tasks to queue
[2021-06-23 05:39:26,441] {logging_mixin.py:104} INFO - [2021-06-23 05:39:26,441] {dagbag.py:487} INFO - Filling up the DagBag from /home/airflow/.local/lib/python3.6/site-packages/airflow/example_dags/example_subdag_operator.py
[2021-06-23 05:39:26,498] {scheduler_job.py:643} INFO - DAG(s) dict_keys(['example_subdag_operator.section-1', 'example_subdag_operator.section-2', 'example_subdag_operator']) retrieved from /home/airflow/.local/lib/python3.6/site-packages/airflow/example_dags/example_subdag_operator.py
[2021-06-23 05:39:26,528] {logging_mixin.py:104} INFO - [2021-06-23 05:39:26,528] {dag.py:1832} INFO - Sync 3 DAGs
[2021-06-23 05:39:26,559] {logging_mixin.py:104} INFO - [2021-06-23 05:39:26,559] {dag.py:2305} INFO - Setting next_dagrun for example_subdag_operator to 2021-06-21 00:00:00+00:00
[2021-06-23 05:39:26,560] {logging_mixin.py:104} INFO - [2021-06-23 05:39:26,560] {dag.py:2305} INFO - Setting next_dagrun for example_subdag_operator.section-1 to None
[2021-06-23 05:39:26,561] {logging_mixin.py:104} INFO - [2021-06-23 05:39:26,561] {dag.py:2305} INFO - Setting next_dagrun for example_subdag_operator.section-2 to None
[2021-06-23 05:39:26,574] {logging_mixin.py:104} INFO - [2021-06-23 05:39:26,573] {dag.py:1832} INFO - Sync 2 DAGs
[2021-06-23 05:39:26,583] {logging_mixin.py:104} INFO - [2021-06-23 05:39:26,583] {dag.py:2305} INFO - Setting next_dagrun for example_subdag_operator.section-1 to None
[2021-06-23 05:39:26,584] {logging_mixin.py:104} INFO - [2021-06-23 05:39:26,584] {dag.py:2305} INFO - Setting next_dagrun for example_subdag_operator.section-2 to None
[2021-06-23 05:39:26,595] {scheduler_job.py:190} INFO - Processing /home/airflow/.local/lib/python3.6/site-packages/airflow/example_dags/example_subdag_operator.py took 0.162 seconds
[2021-06-23 05:39:56,697] {scheduler_job.py:182} INFO - Started process (PID=416) to work on /home/airflow/.local/lib/python3.6/site-packages/airflow/example_dags/example_subdag_operator.py
[2021-06-23 05:39:56,699] {scheduler_job.py:633} INFO - Processing file /home/airflow/.local/lib/python3.6/site-packages/airflow/example_dags/example_subdag_operator.py for tasks to queue
[2021-06-23 05:39:56,701] {logging_mixin.py:104} INFO - [2021-06-23 05:39:56,701] {dagbag.py:487} INFO - Filling up the DagBag from /home/airflow/.local/lib/python3.6/site-packages/airflow/example_dags/example_subdag_operator.py
[2021-06-23 05:39:56,743] {scheduler_job.py:643} INFO - DAG(s) dict_keys(['example_subdag_operator.section-1', 'example_subdag_operator.section-2', 'example_subdag_operator']) retrieved from /home/airflow/.local/lib/python3.6/site-packages/airflow/example_dags/example_subdag_operator.py
[2021-06-23 05:39:56,772] {logging_mixin.py:104} INFO - [2021-06-23 05:39:56,771] {dag.py:1832} INFO - Sync 3 DAGs
[2021-06-23 05:39:56,794] {logging_mixin.py:104} INFO - [2021-06-23 05:39:56,794] {dag.py:2305} INFO - Setting next_dagrun for example_subdag_operator to 2021-06-21 00:00:00+00:00
[2021-06-23 05:39:56,795] {logging_mixin.py:104} INFO - [2021-06-23 05:39:56,795] {dag.py:2305} INFO - Setting next_dagrun for example_subdag_operator.section-1 to None
[2021-06-23 05:39:56,796] {logging_mixin.py:104} INFO - [2021-06-23 05:39:56,796] {dag.py:2305} INFO - Setting next_dagrun for example_subdag_operator.section-2 to None
[2021-06-23 05:39:56,809] {logging_mixin.py:104} INFO - [2021-06-23 05:39:56,809] {dag.py:1832} INFO - Sync 2 DAGs
[2021-06-23 05:39:56,821] {logging_mixin.py:104} INFO - [2021-06-23 05:39:56,821] {dag.py:2305} INFO - Setting next_dagrun for example_subdag_operator.section-1 to None
[2021-06-23 05:39:56,823] {logging_mixin.py:104} INFO - [2021-06-23 05:39:56,822] {dag.py:2305} INFO - Setting next_dagrun for example_subdag_operator.section-2 to None
[2021-06-23 05:39:56,837] {scheduler_job.py:190} INFO - Processing /home/airflow/.local/lib/python3.6/site-packages/airflow/example_dags/example_subdag_operator.py took 0.145 seconds
[2021-06-23 05:40:27,604] {scheduler_job.py:182} INFO - Started process (PID=478) to work on /home/airflow/.local/lib/python3.6/site-packages/airflow/example_dags/example_subdag_operator.py
[2021-06-23 05:40:27,606] {scheduler_job.py:633} INFO - Processing file /home/airflow/.local/lib/python3.6/site-packages/airflow/example_dags/example_subdag_operator.py for tasks to queue
[2021-06-23 05:40:27,607] {logging_mixin.py:104} INFO - [2021-06-23 05:40:27,607] {dagbag.py:487} INFO - Filling up the DagBag from /home/airflow/.local/lib/python3.6/site-packages/airflow/example_dags/example_subdag_operator.py
[2021-06-23 05:40:27,680] {scheduler_job.py:643} INFO - DAG(s) dict_keys(['example_subdag_operator.section-1', 'example_subdag_operator.section-2', 'example_subdag_operator']) retrieved from /home/airflow/.local/lib/python3.6/site-packages/airflow/example_dags/example_subdag_operator.py
[2021-06-23 05:40:27,704] {logging_mixin.py:104} INFO - [2021-06-23 05:40:27,704] {dag.py:1832} INFO - Sync 3 DAGs
[2021-06-23 05:40:27,728] {logging_mixin.py:104} INFO - [2021-06-23 05:40:27,728] {dag.py:2305} INFO - Setting next_dagrun for example_subdag_operator to 2021-06-21 00:00:00+00:00
[2021-06-23 05:40:27,730] {logging_mixin.py:104} INFO - [2021-06-23 05:40:27,729] {dag.py:2305} INFO - Setting next_dagrun for example_subdag_operator.section-1 to None
[2021-06-23 05:40:27,730] {logging_mixin.py:104} INFO - [2021-06-23 05:40:27,730] {dag.py:2305} INFO - Setting next_dagrun for example_subdag_operator.section-2 to None
[2021-06-23 05:40:27,745] {logging_mixin.py:104} INFO - [2021-06-23 05:40:27,745] {dag.py:1832} INFO - Sync 2 DAGs
[2021-06-23 05:40:27,758] {logging_mixin.py:104} INFO - [2021-06-23 05:40:27,758] {dag.py:2305} INFO - Setting next_dagrun for example_subdag_operator.section-1 to None
[2021-06-23 05:40:27,758] {logging_mixin.py:104} INFO - [2021-06-23 05:40:27,758] {dag.py:2305} INFO - Setting next_dagrun for example_subdag_operator.section-2 to None
[2021-06-23 05:40:27,769] {scheduler_job.py:190} INFO - Processing /home/airflow/.local/lib/python3.6/site-packages/airflow/example_dags/example_subdag_operator.py took 0.175 seconds
[2021-06-23 05:40:58,031] {scheduler_job.py:182} INFO - Started process (PID=541) to work on /home/airflow/.local/lib/python3.6/site-packages/airflow/example_dags/example_subdag_operator.py
[2021-06-23 05:40:58,034] {scheduler_job.py:633} INFO - Processing file /home/airflow/.local/lib/python3.6/site-packages/airflow/example_dags/example_subdag_operator.py for tasks to queue
[2021-06-23 05:40:58,035] {logging_mixin.py:104} INFO - [2021-06-23 05:40:58,034] {dagbag.py:487} INFO - Filling up the DagBag from /home/airflow/.local/lib/python3.6/site-packages/airflow/example_dags/example_subdag_operator.py
[2021-06-23 05:40:58,097] {scheduler_job.py:643} INFO - DAG(s) dict_keys(['example_subdag_operator.section-1', 'example_subdag_operator.section-2', 'example_subdag_operator']) retrieved from /home/airflow/.local/lib/python3.6/site-packages/airflow/example_dags/example_subdag_operator.py
[2021-06-23 05:40:58,131] {logging_mixin.py:104} INFO - [2021-06-23 05:40:58,131] {dag.py:1832} INFO - Sync 3 DAGs
[2021-06-23 05:40:58,188] {logging_mixin.py:104} INFO - [2021-06-23 05:40:58,188] {dag.py:2305} INFO - Setting next_dagrun for example_subdag_operator to 2021-06-21 00:00:00+00:00
[2021-06-23 05:40:58,190] {logging_mixin.py:104} INFO - [2021-06-23 05:40:58,190] {dag.py:2305} INFO - Setting next_dagrun for example_subdag_operator.section-1 to None
[2021-06-23 05:40:58,190] {logging_mixin.py:104} INFO - [2021-06-23 05:40:58,190] {dag.py:2305} INFO - Setting next_dagrun for example_subdag_operator.section-2 to None
[2021-06-23 05:40:58,207] {logging_mixin.py:104} INFO - [2021-06-23 05:40:58,207] {dag.py:1832} INFO - Sync 2 DAGs
[2021-06-23 05:40:58,221] {logging_mixin.py:104} INFO - [2021-06-23 05:40:58,221] {dag.py:2305} INFO - Setting next_dagrun for example_subdag_operator.section-1 to None
[2021-06-23 05:40:58,222] {logging_mixin.py:104} INFO - [2021-06-23 05:40:58,221] {dag.py:2305} INFO - Setting next_dagrun for example_subdag_operator.section-2 to None
[2021-06-23 05:40:58,255] {scheduler_job.py:190} INFO - Processing /home/airflow/.local/lib/python3.6/site-packages/airflow/example_dags/example_subdag_operator.py took 0.230 seconds
[2021-06-23 05:41:29,323] {scheduler_job.py:182} INFO - Started process (PID=606) to work on /home/airflow/.local/lib/python3.6/site-packages/airflow/example_dags/example_subdag_operator.py
[2021-06-23 05:41:29,325] {scheduler_job.py:633} INFO - Processing file /home/airflow/.local/lib/python3.6/site-packages/airflow/example_dags/example_subdag_operator.py for tasks to queue
[2021-06-23 05:41:29,326] {logging_mixin.py:104} INFO - [2021-06-23 05:41:29,326] {dagbag.py:487} INFO - Filling up the DagBag from /home/airflow/.local/lib/python3.6/site-packages/airflow/example_dags/example_subdag_operator.py
[2021-06-23 05:41:29,368] {scheduler_job.py:643} INFO - DAG(s) dict_keys(['example_subdag_operator.section-1', 'example_subdag_operator.section-2', 'example_subdag_operator']) retrieved from /home/airflow/.local/lib/python3.6/site-packages/airflow/example_dags/example_subdag_operator.py
[2021-06-23 05:41:29,387] {logging_mixin.py:104} INFO - [2021-06-23 05:41:29,387] {dag.py:1832} INFO - Sync 3 DAGs
[2021-06-23 05:41:29,409] {logging_mixin.py:104} INFO - [2021-06-23 05:41:29,409] {dag.py:2305} INFO - Setting next_dagrun for example_subdag_operator to 2021-06-21 00:00:00+00:00
[2021-06-23 05:41:29,410] {logging_mixin.py:104} INFO - [2021-06-23 05:41:29,410] {dag.py:2305} INFO - Setting next_dagrun for example_subdag_operator.section-1 to None
[2021-06-23 05:41:29,411] {logging_mixin.py:104} INFO - [2021-06-23 05:41:29,410] {dag.py:2305} INFO - Setting next_dagrun for example_subdag_operator.section-2 to None
[2021-06-23 05:41:29,424] {logging_mixin.py:104} INFO - [2021-06-23 05:41:29,424] {dag.py:1832} INFO - Sync 2 DAGs
[2021-06-23 05:41:29,435] {logging_mixin.py:104} INFO - [2021-06-23 05:41:29,435] {dag.py:2305} INFO - Setting next_dagrun for example_subdag_operator.section-1 to None
[2021-06-23 05:41:29,435] {logging_mixin.py:104} INFO - [2021-06-23 05:41:29,435] {dag.py:2305} INFO - Setting next_dagrun for example_subdag_operator.section-2 to None
[2021-06-23 05:41:29,446] {scheduler_job.py:190} INFO - Processing /home/airflow/.local/lib/python3.6/site-packages/airflow/example_dags/example_subdag_operator.py took 0.131 seconds
[2021-06-23 05:42:01,912] {scheduler_job.py:182} INFO - Started process (PID=679) to work on /home/airflow/.local/lib/python3.6/site-packages/airflow/example_dags/example_subdag_operator.py
[2021-06-23 05:42:01,928] {scheduler_job.py:633} INFO - Processing file /home/airflow/.local/lib/python3.6/site-packages/airflow/example_dags/example_subdag_operator.py for tasks to queue
[2021-06-23 05:42:01,931] {logging_mixin.py:104} INFO - [2021-06-23 05:42:01,931] {dagbag.py:487} INFO - Filling up the DagBag from /home/airflow/.local/lib/python3.6/site-packages/airflow/example_dags/example_subdag_operator.py
[2021-06-23 05:42:02,015] {scheduler_job.py:643} INFO - DAG(s) dict_keys(['example_subdag_operator.section-1', 'example_subdag_operator.section-2', 'example_subdag_operator']) retrieved from /home/airflow/.local/lib/python3.6/site-packages/airflow/example_dags/example_subdag_operator.py
[2021-06-23 05:42:02,039] {logging_mixin.py:104} INFO - [2021-06-23 05:42:02,039] {dag.py:1832} INFO - Sync 3 DAGs
[2021-06-23 05:42:02,061] {logging_mixin.py:104} INFO - [2021-06-23 05:42:02,061] {dag.py:2305} INFO - Setting next_dagrun for example_subdag_operator to 2021-06-21 00:00:00+00:00
[2021-06-23 05:42:02,066] {logging_mixin.py:104} INFO - [2021-06-23 05:42:02,066] {dag.py:2305} INFO - Setting next_dagrun for example_subdag_operator.section-1 to None
[2021-06-23 05:42:02,072] {logging_mixin.py:104} INFO - [2021-06-23 05:42:02,071] {dag.py:2305} INFO - Setting next_dagrun for example_subdag_operator.section-2 to None
[2021-06-23 05:42:02,094] {logging_mixin.py:104} INFO - [2021-06-23 05:42:02,094] {dag.py:1832} INFO - Sync 2 DAGs
[2021-06-23 05:42:02,172] {logging_mixin.py:104} INFO - [2021-06-23 05:42:02,172] {dag.py:2305} INFO - Setting next_dagrun for example_subdag_operator.section-1 to None
[2021-06-23 05:42:02,196] {logging_mixin.py:104} INFO - [2021-06-23 05:42:02,196] {dag.py:2305} INFO - Setting next_dagrun for example_subdag_operator.section-2 to None
[2021-06-23 05:42:02,254] {scheduler_job.py:190} INFO - Processing /home/airflow/.local/lib/python3.6/site-packages/airflow/example_dags/example_subdag_operator.py took 0.348 seconds
[2021-06-23 05:42:32,837] {scheduler_job.py:182} INFO - Started process (PID=744) to work on /home/airflow/.local/lib/python3.6/site-packages/airflow/example_dags/example_subdag_operator.py
[2021-06-23 05:42:32,840] {scheduler_job.py:633} INFO - Processing file /home/airflow/.local/lib/python3.6/site-packages/airflow/example_dags/example_subdag_operator.py for tasks to queue
[2021-06-23 05:42:32,853] {logging_mixin.py:104} INFO - [2021-06-23 05:42:32,853] {dagbag.py:487} INFO - Filling up the DagBag from /home/airflow/.local/lib/python3.6/site-packages/airflow/example_dags/example_subdag_operator.py
[2021-06-23 05:42:33,012] {scheduler_job.py:643} INFO - DAG(s) dict_keys(['example_subdag_operator.section-1', 'example_subdag_operator.section-2', 'example_subdag_operator']) retrieved from /home/airflow/.local/lib/python3.6/site-packages/airflow/example_dags/example_subdag_operator.py
[2021-06-23 05:42:33,063] {logging_mixin.py:104} INFO - [2021-06-23 05:42:33,063] {dag.py:1832} INFO - Sync 3 DAGs
[2021-06-23 05:42:33,110] {logging_mixin.py:104} INFO - [2021-06-23 05:42:33,109] {dag.py:2305} INFO - Setting next_dagrun for example_subdag_operator to 2021-06-21 00:00:00+00:00
[2021-06-23 05:42:33,111] {logging_mixin.py:104} INFO - [2021-06-23 05:42:33,111] {dag.py:2305} INFO - Setting next_dagrun for example_subdag_operator.section-1 to None
[2021-06-23 05:42:33,112] {logging_mixin.py:104} INFO - [2021-06-23 05:42:33,112] {dag.py:2305} INFO - Setting next_dagrun for example_subdag_operator.section-2 to None
[2021-06-23 05:42:33,131] {logging_mixin.py:104} INFO - [2021-06-23 05:42:33,131] {dag.py:1832} INFO - Sync 2 DAGs
[2021-06-23 05:42:33,140] {logging_mixin.py:104} INFO - [2021-06-23 05:42:33,140] {dag.py:2305} INFO - Setting next_dagrun for example_subdag_operator.section-1 to None
[2021-06-23 05:42:33,141] {logging_mixin.py:104} INFO - [2021-06-23 05:42:33,141] {dag.py:2305} INFO - Setting next_dagrun for example_subdag_operator.section-2 to None
[2021-06-23 05:42:33,156] {scheduler_job.py:190} INFO - Processing /home/airflow/.local/lib/python3.6/site-packages/airflow/example_dags/example_subdag_operator.py took 0.336 seconds
[2021-06-23 05:43:04,026] {scheduler_job.py:182} INFO - Started process (PID=809) to work on /home/airflow/.local/lib/python3.6/site-packages/airflow/example_dags/example_subdag_operator.py
[2021-06-23 05:43:04,028] {scheduler_job.py:633} INFO - Processing file /home/airflow/.local/lib/python3.6/site-packages/airflow/example_dags/example_subdag_operator.py for tasks to queue
[2021-06-23 05:43:04,029] {logging_mixin.py:104} INFO - [2021-06-23 05:43:04,029] {dagbag.py:487} INFO - Filling up the DagBag from /home/airflow/.local/lib/python3.6/site-packages/airflow/example_dags/example_subdag_operator.py
[2021-06-23 05:43:04,066] {scheduler_job.py:643} INFO - DAG(s) dict_keys(['example_subdag_operator.section-1', 'example_subdag_operator.section-2', 'example_subdag_operator']) retrieved from /home/airflow/.local/lib/python3.6/site-packages/airflow/example_dags/example_subdag_operator.py
[2021-06-23 05:43:04,080] {logging_mixin.py:104} INFO - [2021-06-23 05:43:04,080] {dag.py:1832} INFO - Sync 3 DAGs
[2021-06-23 05:43:04,099] {logging_mixin.py:104} INFO - [2021-06-23 05:43:04,099] {dag.py:2305} INFO - Setting next_dagrun for example_subdag_operator to 2021-06-21 00:00:00+00:00
[2021-06-23 05:43:04,100] {logging_mixin.py:104} INFO - [2021-06-23 05:43:04,100] {dag.py:2305} INFO - Setting next_dagrun for example_subdag_operator.section-1 to None
[2021-06-23 05:43:04,101] {logging_mixin.py:104} INFO - [2021-06-23 05:43:04,101] {dag.py:2305} INFO - Setting next_dagrun for example_subdag_operator.section-2 to None
[2021-06-23 05:43:04,112] {logging_mixin.py:104} INFO - [2021-06-23 05:43:04,112] {dag.py:1832} INFO - Sync 2 DAGs
[2021-06-23 05:43:04,122] {logging_mixin.py:104} INFO - [2021-06-23 05:43:04,122] {dag.py:2305} INFO - Setting next_dagrun for example_subdag_operator.section-1 to None
[2021-06-23 05:43:04,122] {logging_mixin.py:104} INFO - [2021-06-23 05:43:04,122] {dag.py:2305} INFO - Setting next_dagrun for example_subdag_operator.section-2 to None
[2021-06-23 05:43:04,131] {scheduler_job.py:190} INFO - Processing /home/airflow/.local/lib/python3.6/site-packages/airflow/example_dags/example_subdag_operator.py took 0.109 seconds
[2021-06-23 05:43:34,563] {scheduler_job.py:182} INFO - Started process (PID=873) to work on /home/airflow/.local/lib/python3.6/site-packages/airflow/example_dags/example_subdag_operator.py
[2021-06-23 05:43:34,564] {scheduler_job.py:633} INFO - Processing file /home/airflow/.local/lib/python3.6/site-packages/airflow/example_dags/example_subdag_operator.py for tasks to queue
[2021-06-23 05:43:34,565] {logging_mixin.py:104} INFO - [2021-06-23 05:43:34,565] {dagbag.py:487} INFO - Filling up the DagBag from /home/airflow/.local/lib/python3.6/site-packages/airflow/example_dags/example_subdag_operator.py
[2021-06-23 05:43:34,621] {scheduler_job.py:643} INFO - DAG(s) dict_keys(['example_subdag_operator.section-1', 'example_subdag_operator.section-2', 'example_subdag_operator']) retrieved from /home/airflow/.local/lib/python3.6/site-packages/airflow/example_dags/example_subdag_operator.py
[2021-06-23 05:43:34,642] {logging_mixin.py:104} INFO - [2021-06-23 05:43:34,642] {dag.py:1832} INFO - Sync 3 DAGs
[2021-06-23 05:43:34,666] {logging_mixin.py:104} INFO - [2021-06-23 05:43:34,666] {dag.py:2305} INFO - Setting next_dagrun for example_subdag_operator to 2021-06-21 00:00:00+00:00
[2021-06-23 05:43:34,667] {logging_mixin.py:104} INFO - [2021-06-23 05:43:34,667] {dag.py:2305} INFO - Setting next_dagrun for example_subdag_operator.section-1 to None
[2021-06-23 05:43:34,667] {logging_mixin.py:104} INFO - [2021-06-23 05:43:34,667] {dag.py:2305} INFO - Setting next_dagrun for example_subdag_operator.section-2 to None
[2021-06-23 05:43:34,690] {logging_mixin.py:104} INFO - [2021-06-23 05:43:34,690] {dag.py:1832} INFO - Sync 2 DAGs
[2021-06-23 05:43:34,701] {logging_mixin.py:104} INFO - [2021-06-23 05:43:34,701] {dag.py:2305} INFO - Setting next_dagrun for example_subdag_operator.section-1 to None
[2021-06-23 05:43:34,704] {logging_mixin.py:104} INFO - [2021-06-23 05:43:34,701] {dag.py:2305} INFO - Setting next_dagrun for example_subdag_operator.section-2 to None
[2021-06-23 05:43:34,714] {scheduler_job.py:190} INFO - Processing /home/airflow/.local/lib/python3.6/site-packages/airflow/example_dags/example_subdag_operator.py took 0.154 seconds
[2021-06-23 05:44:05,146] {scheduler_job.py:182} INFO - Started process (PID=936) to work on /home/airflow/.local/lib/python3.6/site-packages/airflow/example_dags/example_subdag_operator.py
[2021-06-23 05:44:05,147] {scheduler_job.py:633} INFO - Processing file /home/airflow/.local/lib/python3.6/site-packages/airflow/example_dags/example_subdag_operator.py for tasks to queue
[2021-06-23 05:44:05,158] {logging_mixin.py:104} INFO - [2021-06-23 05:44:05,158] {dagbag.py:487} INFO - Filling up the DagBag from /home/airflow/.local/lib/python3.6/site-packages/airflow/example_dags/example_subdag_operator.py
[2021-06-23 05:44:05,225] {scheduler_job.py:643} INFO - DAG(s) dict_keys(['example_subdag_operator.section-1', 'example_subdag_operator.section-2', 'example_subdag_operator']) retrieved from /home/airflow/.local/lib/python3.6/site-packages/airflow/example_dags/example_subdag_operator.py
[2021-06-23 05:44:05,268] {logging_mixin.py:104} INFO - [2021-06-23 05:44:05,268] {dag.py:1832} INFO - Sync 3 DAGs
[2021-06-23 05:44:05,320] {logging_mixin.py:104} INFO - [2021-06-23 05:44:05,320] {dag.py:2305} INFO - Setting next_dagrun for example_subdag_operator to 2021-06-21 00:00:00+00:00
[2021-06-23 05:44:05,321] {logging_mixin.py:104} INFO - [2021-06-23 05:44:05,321] {dag.py:2305} INFO - Setting next_dagrun for example_subdag_operator.section-1 to None
[2021-06-23 05:44:05,322] {logging_mixin.py:104} INFO - [2021-06-23 05:44:05,321] {dag.py:2305} INFO - Setting next_dagrun for example_subdag_operator.section-2 to None
[2021-06-23 05:44:05,337] {logging_mixin.py:104} INFO - [2021-06-23 05:44:05,337] {dag.py:1832} INFO - Sync 2 DAGs
[2021-06-23 05:44:05,350] {logging_mixin.py:104} INFO - [2021-06-23 05:44:05,350] {dag.py:2305} INFO - Setting next_dagrun for example_subdag_operator.section-1 to None
[2021-06-23 05:44:05,350] {logging_mixin.py:104} INFO - [2021-06-23 05:44:05,350] {dag.py:2305} INFO - Setting next_dagrun for example_subdag_operator.section-2 to None
[2021-06-23 05:44:05,380] {scheduler_job.py:190} INFO - Processing /home/airflow/.local/lib/python3.6/site-packages/airflow/example_dags/example_subdag_operator.py took 0.252 seconds
[2021-06-23 05:44:35,550] {scheduler_job.py:182} INFO - Started process (PID=1008) to work on /home/airflow/.local/lib/python3.6/site-packages/airflow/example_dags/example_subdag_operator.py
[2021-06-23 05:44:35,551] {scheduler_job.py:633} INFO - Processing file /home/airflow/.local/lib/python3.6/site-packages/airflow/example_dags/example_subdag_operator.py for tasks to queue
[2021-06-23 05:44:35,552] {logging_mixin.py:104} INFO - [2021-06-23 05:44:35,552] {dagbag.py:487} INFO - Filling up the DagBag from /home/airflow/.local/lib/python3.6/site-packages/airflow/example_dags/example_subdag_operator.py
[2021-06-23 05:44:35,683] {scheduler_job.py:643} INFO - DAG(s) dict_keys(['example_subdag_operator.section-1', 'example_subdag_operator.section-2', 'example_subdag_operator']) retrieved from /home/airflow/.local/lib/python3.6/site-packages/airflow/example_dags/example_subdag_operator.py
[2021-06-23 05:44:35,709] {logging_mixin.py:104} INFO - [2021-06-23 05:44:35,708] {dag.py:1832} INFO - Sync 3 DAGs
[2021-06-23 05:44:35,742] {logging_mixin.py:104} INFO - [2021-06-23 05:44:35,742] {dag.py:2305} INFO - Setting next_dagrun for example_subdag_operator to 2021-06-21 00:00:00+00:00
[2021-06-23 05:44:35,750] {logging_mixin.py:104} INFO - [2021-06-23 05:44:35,749] {dag.py:2305} INFO - Setting next_dagrun for example_subdag_operator.section-1 to None
[2021-06-23 05:44:35,753] {logging_mixin.py:104} INFO - [2021-06-23 05:44:35,752] {dag.py:2305} INFO - Setting next_dagrun for example_subdag_operator.section-2 to None
[2021-06-23 05:44:35,796] {logging_mixin.py:104} INFO - [2021-06-23 05:44:35,796] {dag.py:1832} INFO - Sync 2 DAGs
[2021-06-23 05:44:35,836] {logging_mixin.py:104} INFO - [2021-06-23 05:44:35,836] {dag.py:2305} INFO - Setting next_dagrun for example_subdag_operator.section-1 to None
[2021-06-23 05:44:35,839] {logging_mixin.py:104} INFO - [2021-06-23 05:44:35,838] {dag.py:2305} INFO - Setting next_dagrun for example_subdag_operator.section-2 to None
[2021-06-23 05:44:35,924] {scheduler_job.py:190} INFO - Processing /home/airflow/.local/lib/python3.6/site-packages/airflow/example_dags/example_subdag_operator.py took 0.419 seconds
[2021-06-23 05:45:06,583] {scheduler_job.py:182} INFO - Started process (PID=1073) to work on /home/airflow/.local/lib/python3.6/site-packages/airflow/example_dags/example_subdag_operator.py
[2021-06-23 05:45:06,584] {scheduler_job.py:633} INFO - Processing file /home/airflow/.local/lib/python3.6/site-packages/airflow/example_dags/example_subdag_operator.py for tasks to queue
[2021-06-23 05:45:06,586] {logging_mixin.py:104} INFO - [2021-06-23 05:45:06,585] {dagbag.py:487} INFO - Filling up the DagBag from /home/airflow/.local/lib/python3.6/site-packages/airflow/example_dags/example_subdag_operator.py
[2021-06-23 05:45:06,633] {scheduler_job.py:643} INFO - DAG(s) dict_keys(['example_subdag_operator.section-1', 'example_subdag_operator.section-2', 'example_subdag_operator']) retrieved from /home/airflow/.local/lib/python3.6/site-packages/airflow/example_dags/example_subdag_operator.py
[2021-06-23 05:45:06,647] {logging_mixin.py:104} INFO - [2021-06-23 05:45:06,647] {dag.py:1832} INFO - Sync 3 DAGs
[2021-06-23 05:45:06,675] {logging_mixin.py:104} INFO - [2021-06-23 05:45:06,675] {dag.py:2305} INFO - Setting next_dagrun for example_subdag_operator to 2021-06-21 00:00:00+00:00
[2021-06-23 05:45:06,677] {logging_mixin.py:104} INFO - [2021-06-23 05:45:06,676] {dag.py:2305} INFO - Setting next_dagrun for example_subdag_operator.section-1 to None
[2021-06-23 05:45:06,677] {logging_mixin.py:104} INFO - [2021-06-23 05:45:06,677] {dag.py:2305} INFO - Setting next_dagrun for example_subdag_operator.section-2 to None
[2021-06-23 05:45:06,689] {logging_mixin.py:104} INFO - [2021-06-23 05:45:06,688] {dag.py:1832} INFO - Sync 2 DAGs
[2021-06-23 05:45:06,698] {logging_mixin.py:104} INFO - [2021-06-23 05:45:06,698] {dag.py:2305} INFO - Setting next_dagrun for example_subdag_operator.section-1 to None
[2021-06-23 05:45:06,698] {logging_mixin.py:104} INFO - [2021-06-23 05:45:06,698] {dag.py:2305} INFO - Setting next_dagrun for example_subdag_operator.section-2 to None
[2021-06-23 05:45:06,710] {scheduler_job.py:190} INFO - Processing /home/airflow/.local/lib/python3.6/site-packages/airflow/example_dags/example_subdag_operator.py took 0.134 seconds
[2021-06-23 05:45:36,842] {scheduler_job.py:182} INFO - Started process (PID=1137) to work on /home/airflow/.local/lib/python3.6/site-packages/airflow/example_dags/example_subdag_operator.py
[2021-06-23 05:45:36,844] {scheduler_job.py:633} INFO - Processing file /home/airflow/.local/lib/python3.6/site-packages/airflow/example_dags/example_subdag_operator.py for tasks to queue
[2021-06-23 05:45:36,846] {logging_mixin.py:104} INFO - [2021-06-23 05:45:36,846] {dagbag.py:487} INFO - Filling up the DagBag from /home/airflow/.local/lib/python3.6/site-packages/airflow/example_dags/example_subdag_operator.py
[2021-06-23 05:45:36,930] {scheduler_job.py:643} INFO - DAG(s) dict_keys(['example_subdag_operator.section-1', 'example_subdag_operator.section-2', 'example_subdag_operator']) retrieved from /home/airflow/.local/lib/python3.6/site-packages/airflow/example_dags/example_subdag_operator.py
[2021-06-23 05:45:36,983] {logging_mixin.py:104} INFO - [2021-06-23 05:45:36,983] {dag.py:1832} INFO - Sync 3 DAGs
[2021-06-23 05:45:37,037] {logging_mixin.py:104} INFO - [2021-06-23 05:45:37,037] {dag.py:2305} INFO - Setting next_dagrun for example_subdag_operator to 2021-06-21 00:00:00+00:00
[2021-06-23 05:45:37,039] {logging_mixin.py:104} INFO - [2021-06-23 05:45:37,039] {dag.py:2305} INFO - Setting next_dagrun for example_subdag_operator.section-1 to None
[2021-06-23 05:45:37,040] {logging_mixin.py:104} INFO - [2021-06-23 05:45:37,040] {dag.py:2305} INFO - Setting next_dagrun for example_subdag_operator.section-2 to None
[2021-06-23 05:45:37,074] {logging_mixin.py:104} INFO - [2021-06-23 05:45:37,074] {dag.py:1832} INFO - Sync 2 DAGs
[2021-06-23 05:45:37,099] {logging_mixin.py:104} INFO - [2021-06-23 05:45:37,098] {dag.py:2305} INFO - Setting next_dagrun for example_subdag_operator.section-1 to None
[2021-06-23 05:45:37,109] {logging_mixin.py:104} INFO - [2021-06-23 05:45:37,109] {dag.py:2305} INFO - Setting next_dagrun for example_subdag_operator.section-2 to None
[2021-06-23 05:45:37,139] {scheduler_job.py:190} INFO - Processing /home/airflow/.local/lib/python3.6/site-packages/airflow/example_dags/example_subdag_operator.py took 0.314 seconds
[2021-06-23 05:46:07,208] {scheduler_job.py:182} INFO - Started process (PID=1197) to work on /home/airflow/.local/lib/python3.6/site-packages/airflow/example_dags/example_subdag_operator.py
[2021-06-23 05:46:07,209] {scheduler_job.py:633} INFO - Processing file /home/airflow/.local/lib/python3.6/site-packages/airflow/example_dags/example_subdag_operator.py for tasks to queue
[2021-06-23 05:46:07,210] {logging_mixin.py:104} INFO - [2021-06-23 05:46:07,210] {dagbag.py:487} INFO - Filling up the DagBag from /home/airflow/.local/lib/python3.6/site-packages/airflow/example_dags/example_subdag_operator.py
[2021-06-23 05:46:07,399] {scheduler_job.py:643} INFO - DAG(s) dict_keys(['example_subdag_operator.section-1', 'example_subdag_operator.section-2', 'example_subdag_operator']) retrieved from /home/airflow/.local/lib/python3.6/site-packages/airflow/example_dags/example_subdag_operator.py
[2021-06-23 05:46:07,458] {logging_mixin.py:104} INFO - [2021-06-23 05:46:07,458] {dag.py:1832} INFO - Sync 3 DAGs
[2021-06-23 05:46:07,504] {logging_mixin.py:104} INFO - [2021-06-23 05:46:07,504] {dag.py:2305} INFO - Setting next_dagrun for example_subdag_operator to 2021-06-21 00:00:00+00:00
[2021-06-23 05:46:07,506] {logging_mixin.py:104} INFO - [2021-06-23 05:46:07,506] {dag.py:2305} INFO - Setting next_dagrun for example_subdag_operator.section-1 to None
[2021-06-23 05:46:07,506] {logging_mixin.py:104} INFO - [2021-06-23 05:46:07,506] {dag.py:2305} INFO - Setting next_dagrun for example_subdag_operator.section-2 to None
[2021-06-23 05:46:07,553] {logging_mixin.py:104} INFO - [2021-06-23 05:46:07,553] {dag.py:1832} INFO - Sync 2 DAGs
[2021-06-23 05:46:07,582] {logging_mixin.py:104} INFO - [2021-06-23 05:46:07,582] {dag.py:2305} INFO - Setting next_dagrun for example_subdag_operator.section-1 to None
[2021-06-23 05:46:07,589] {logging_mixin.py:104} INFO - [2021-06-23 05:46:07,585] {dag.py:2305} INFO - Setting next_dagrun for example_subdag_operator.section-2 to None
[2021-06-23 05:46:07,610] {scheduler_job.py:190} INFO - Processing /home/airflow/.local/lib/python3.6/site-packages/airflow/example_dags/example_subdag_operator.py took 0.417 seconds
[2021-06-23 05:46:37,828] {scheduler_job.py:182} INFO - Started process (PID=1260) to work on /home/airflow/.local/lib/python3.6/site-packages/airflow/example_dags/example_subdag_operator.py
[2021-06-23 05:46:37,830] {scheduler_job.py:633} INFO - Processing file /home/airflow/.local/lib/python3.6/site-packages/airflow/example_dags/example_subdag_operator.py for tasks to queue
[2021-06-23 05:46:37,832] {logging_mixin.py:104} INFO - [2021-06-23 05:46:37,831] {dagbag.py:487} INFO - Filling up the DagBag from /home/airflow/.local/lib/python3.6/site-packages/airflow/example_dags/example_subdag_operator.py
[2021-06-23 05:46:37,890] {scheduler_job.py:643} INFO - DAG(s) dict_keys(['example_subdag_operator.section-1', 'example_subdag_operator.section-2', 'example_subdag_operator']) retrieved from /home/airflow/.local/lib/python3.6/site-packages/airflow/example_dags/example_subdag_operator.py
[2021-06-23 05:46:37,912] {logging_mixin.py:104} INFO - [2021-06-23 05:46:37,912] {dag.py:1832} INFO - Sync 3 DAGs
[2021-06-23 05:46:37,940] {logging_mixin.py:104} INFO - [2021-06-23 05:46:37,939] {dag.py:2305} INFO - Setting next_dagrun for example_subdag_operator to 2021-06-21 00:00:00+00:00
[2021-06-23 05:46:37,943] {logging_mixin.py:104} INFO - [2021-06-23 05:46:37,942] {dag.py:2305} INFO - Setting next_dagrun for example_subdag_operator.section-1 to None
[2021-06-23 05:46:37,943] {logging_mixin.py:104} INFO - [2021-06-23 05:46:37,943] {dag.py:2305} INFO - Setting next_dagrun for example_subdag_operator.section-2 to None
[2021-06-23 05:46:37,967] {logging_mixin.py:104} INFO - [2021-06-23 05:46:37,967] {dag.py:1832} INFO - Sync 2 DAGs
[2021-06-23 05:46:37,979] {logging_mixin.py:104} INFO - [2021-06-23 05:46:37,979] {dag.py:2305} INFO - Setting next_dagrun for example_subdag_operator.section-1 to None
[2021-06-23 05:46:37,979] {logging_mixin.py:104} INFO - [2021-06-23 05:46:37,979] {dag.py:2305} INFO - Setting next_dagrun for example_subdag_operator.section-2 to None
[2021-06-23 05:46:37,995] {scheduler_job.py:190} INFO - Processing /home/airflow/.local/lib/python3.6/site-packages/airflow/example_dags/example_subdag_operator.py took 0.171 seconds
[2021-06-23 05:47:08,666] {scheduler_job.py:182} INFO - Started process (PID=1323) to work on /home/airflow/.local/lib/python3.6/site-packages/airflow/example_dags/example_subdag_operator.py
[2021-06-23 05:47:08,669] {scheduler_job.py:633} INFO - Processing file /home/airflow/.local/lib/python3.6/site-packages/airflow/example_dags/example_subdag_operator.py for tasks to queue
[2021-06-23 05:47:08,671] {logging_mixin.py:104} INFO - [2021-06-23 05:47:08,671] {dagbag.py:487} INFO - Filling up the DagBag from /home/airflow/.local/lib/python3.6/site-packages/airflow/example_dags/example_subdag_operator.py
[2021-06-23 05:47:08,785] {scheduler_job.py:643} INFO - DAG(s) dict_keys(['example_subdag_operator.section-1', 'example_subdag_operator.section-2', 'example_subdag_operator']) retrieved from /home/airflow/.local/lib/python3.6/site-packages/airflow/example_dags/example_subdag_operator.py
[2021-06-23 05:47:08,822] {logging_mixin.py:104} INFO - [2021-06-23 05:47:08,821] {dag.py:1832} INFO - Sync 3 DAGs
[2021-06-23 05:47:08,863] {logging_mixin.py:104} INFO - [2021-06-23 05:47:08,862] {dag.py:2305} INFO - Setting next_dagrun for example_subdag_operator to 2021-06-21 00:00:00+00:00
[2021-06-23 05:47:08,872] {logging_mixin.py:104} INFO - [2021-06-23 05:47:08,872] {dag.py:2305} INFO - Setting next_dagrun for example_subdag_operator.section-1 to None
[2021-06-23 05:47:08,872] {logging_mixin.py:104} INFO - [2021-06-23 05:47:08,872] {dag.py:2305} INFO - Setting next_dagrun for example_subdag_operator.section-2 to None
[2021-06-23 05:47:08,899] {logging_mixin.py:104} INFO - [2021-06-23 05:47:08,899] {dag.py:1832} INFO - Sync 2 DAGs
[2021-06-23 05:47:08,918] {logging_mixin.py:104} INFO - [2021-06-23 05:47:08,918] {dag.py:2305} INFO - Setting next_dagrun for example_subdag_operator.section-1 to None
[2021-06-23 05:47:08,919] {logging_mixin.py:104} INFO - [2021-06-23 05:47:08,919] {dag.py:2305} INFO - Setting next_dagrun for example_subdag_operator.section-2 to None
[2021-06-23 05:47:08,941] {scheduler_job.py:190} INFO - Processing /home/airflow/.local/lib/python3.6/site-packages/airflow/example_dags/example_subdag_operator.py took 0.289 seconds
[2021-06-23 05:47:39,932] {scheduler_job.py:182} INFO - Started process (PID=1398) to work on /home/airflow/.local/lib/python3.6/site-packages/airflow/example_dags/example_subdag_operator.py
[2021-06-23 05:47:39,939] {scheduler_job.py:633} INFO - Processing file /home/airflow/.local/lib/python3.6/site-packages/airflow/example_dags/example_subdag_operator.py for tasks to queue
[2021-06-23 05:47:39,940] {logging_mixin.py:104} INFO - [2021-06-23 05:47:39,940] {dagbag.py:487} INFO - Filling up the DagBag from /home/airflow/.local/lib/python3.6/site-packages/airflow/example_dags/example_subdag_operator.py
[2021-06-23 05:47:40,039] {scheduler_job.py:643} INFO - DAG(s) dict_keys(['example_subdag_operator.section-1', 'example_subdag_operator.section-2', 'example_subdag_operator']) retrieved from /home/airflow/.local/lib/python3.6/site-packages/airflow/example_dags/example_subdag_operator.py
[2021-06-23 05:47:40,079] {logging_mixin.py:104} INFO - [2021-06-23 05:47:40,079] {dag.py:1832} INFO - Sync 3 DAGs
[2021-06-23 05:47:40,119] {logging_mixin.py:104} INFO - [2021-06-23 05:47:40,118] {dag.py:2305} INFO - Setting next_dagrun for example_subdag_operator to 2021-06-21 00:00:00+00:00
[2021-06-23 05:47:40,123] {logging_mixin.py:104} INFO - [2021-06-23 05:47:40,123] {dag.py:2305} INFO - Setting next_dagrun for example_subdag_operator.section-1 to None
[2021-06-23 05:47:40,125] {logging_mixin.py:104} INFO - [2021-06-23 05:47:40,125] {dag.py:2305} INFO - Setting next_dagrun for example_subdag_operator.section-2 to None
[2021-06-23 05:47:40,142] {logging_mixin.py:104} INFO - [2021-06-23 05:47:40,142] {dag.py:1832} INFO - Sync 2 DAGs
[2021-06-23 05:47:40,166] {logging_mixin.py:104} INFO - [2021-06-23 05:47:40,166] {dag.py:2305} INFO - Setting next_dagrun for example_subdag_operator.section-1 to None
[2021-06-23 05:47:40,168] {logging_mixin.py:104} INFO - [2021-06-23 05:47:40,168] {dag.py:2305} INFO - Setting next_dagrun for example_subdag_operator.section-2 to None
[2021-06-23 05:47:40,209] {scheduler_job.py:190} INFO - Processing /home/airflow/.local/lib/python3.6/site-packages/airflow/example_dags/example_subdag_operator.py took 0.281 seconds
[2021-06-23 05:48:10,514] {scheduler_job.py:182} INFO - Started process (PID=1461) to work on /home/airflow/.local/lib/python3.6/site-packages/airflow/example_dags/example_subdag_operator.py
[2021-06-23 05:48:10,516] {scheduler_job.py:633} INFO - Processing file /home/airflow/.local/lib/python3.6/site-packages/airflow/example_dags/example_subdag_operator.py for tasks to queue
[2021-06-23 05:48:10,522] {logging_mixin.py:104} INFO - [2021-06-23 05:48:10,522] {dagbag.py:487} INFO - Filling up the DagBag from /home/airflow/.local/lib/python3.6/site-packages/airflow/example_dags/example_subdag_operator.py
[2021-06-23 05:48:10,616] {scheduler_job.py:643} INFO - DAG(s) dict_keys(['example_subdag_operator.section-1', 'example_subdag_operator.section-2', 'example_subdag_operator']) retrieved from /home/airflow/.local/lib/python3.6/site-packages/airflow/example_dags/example_subdag_operator.py
[2021-06-23 05:48:10,639] {logging_mixin.py:104} INFO - [2021-06-23 05:48:10,639] {dag.py:1832} INFO - Sync 3 DAGs
[2021-06-23 05:48:10,667] {logging_mixin.py:104} INFO - [2021-06-23 05:48:10,667] {dag.py:2305} INFO - Setting next_dagrun for example_subdag_operator to 2021-06-21 00:00:00+00:00
[2021-06-23 05:48:10,673] {logging_mixin.py:104} INFO - [2021-06-23 05:48:10,672] {dag.py:2305} INFO - Setting next_dagrun for example_subdag_operator.section-1 to None
[2021-06-23 05:48:10,673] {logging_mixin.py:104} INFO - [2021-06-23 05:48:10,673] {dag.py:2305} INFO - Setting next_dagrun for example_subdag_operator.section-2 to None
[2021-06-23 05:48:10,709] {logging_mixin.py:104} INFO - [2021-06-23 05:48:10,709] {dag.py:1832} INFO - Sync 2 DAGs
[2021-06-23 05:48:10,728] {logging_mixin.py:104} INFO - [2021-06-23 05:48:10,728] {dag.py:2305} INFO - Setting next_dagrun for example_subdag_operator.section-1 to None
[2021-06-23 05:48:10,728] {logging_mixin.py:104} INFO - [2021-06-23 05:48:10,728] {dag.py:2305} INFO - Setting next_dagrun for example_subdag_operator.section-2 to None
[2021-06-23 05:48:10,745] {scheduler_job.py:190} INFO - Processing /home/airflow/.local/lib/python3.6/site-packages/airflow/example_dags/example_subdag_operator.py took 0.240 seconds
[2021-06-23 05:48:41,088] {scheduler_job.py:182} INFO - Started process (PID=1524) to work on /home/airflow/.local/lib/python3.6/site-packages/airflow/example_dags/example_subdag_operator.py
[2021-06-23 05:48:41,090] {scheduler_job.py:633} INFO - Processing file /home/airflow/.local/lib/python3.6/site-packages/airflow/example_dags/example_subdag_operator.py for tasks to queue
[2021-06-23 05:48:41,091] {logging_mixin.py:104} INFO - [2021-06-23 05:48:41,091] {dagbag.py:487} INFO - Filling up the DagBag from /home/airflow/.local/lib/python3.6/site-packages/airflow/example_dags/example_subdag_operator.py
[2021-06-23 05:48:41,166] {scheduler_job.py:643} INFO - DAG(s) dict_keys(['example_subdag_operator.section-1', 'example_subdag_operator.section-2', 'example_subdag_operator']) retrieved from /home/airflow/.local/lib/python3.6/site-packages/airflow/example_dags/example_subdag_operator.py
[2021-06-23 05:48:41,186] {logging_mixin.py:104} INFO - [2021-06-23 05:48:41,186] {dag.py:1832} INFO - Sync 3 DAGs
[2021-06-23 05:48:41,236] {logging_mixin.py:104} INFO - [2021-06-23 05:48:41,236] {dag.py:2305} INFO - Setting next_dagrun for example_subdag_operator to 2021-06-21 00:00:00+00:00
[2021-06-23 05:48:41,238] {logging_mixin.py:104} INFO - [2021-06-23 05:48:41,238] {dag.py:2305} INFO - Setting next_dagrun for example_subdag_operator.section-1 to None
[2021-06-23 05:48:41,238] {logging_mixin.py:104} INFO - [2021-06-23 05:48:41,238] {dag.py:2305} INFO - Setting next_dagrun for example_subdag_operator.section-2 to None
[2021-06-23 05:48:41,265] {logging_mixin.py:104} INFO - [2021-06-23 05:48:41,265] {dag.py:1832} INFO - Sync 2 DAGs
[2021-06-23 05:48:41,275] {logging_mixin.py:104} INFO - [2021-06-23 05:48:41,274] {dag.py:2305} INFO - Setting next_dagrun for example_subdag_operator.section-1 to None
[2021-06-23 05:48:41,275] {logging_mixin.py:104} INFO - [2021-06-23 05:48:41,275] {dag.py:2305} INFO - Setting next_dagrun for example_subdag_operator.section-2 to None
[2021-06-23 05:48:41,293] {scheduler_job.py:190} INFO - Processing /home/airflow/.local/lib/python3.6/site-packages/airflow/example_dags/example_subdag_operator.py took 0.230 seconds
[2021-06-23 05:49:11,405] {scheduler_job.py:182} INFO - Started process (PID=1589) to work on /home/airflow/.local/lib/python3.6/site-packages/airflow/example_dags/example_subdag_operator.py
[2021-06-23 05:49:11,407] {scheduler_job.py:633} INFO - Processing file /home/airflow/.local/lib/python3.6/site-packages/airflow/example_dags/example_subdag_operator.py for tasks to queue
[2021-06-23 05:49:11,408] {logging_mixin.py:104} INFO - [2021-06-23 05:49:11,408] {dagbag.py:487} INFO - Filling up the DagBag from /home/airflow/.local/lib/python3.6/site-packages/airflow/example_dags/example_subdag_operator.py
[2021-06-23 05:49:11,473] {scheduler_job.py:643} INFO - DAG(s) dict_keys(['example_subdag_operator.section-1', 'example_subdag_operator.section-2', 'example_subdag_operator']) retrieved from /home/airflow/.local/lib/python3.6/site-packages/airflow/example_dags/example_subdag_operator.py
[2021-06-23 05:49:11,501] {logging_mixin.py:104} INFO - [2021-06-23 05:49:11,501] {dag.py:1832} INFO - Sync 3 DAGs
[2021-06-23 05:49:11,547] {logging_mixin.py:104} INFO - [2021-06-23 05:49:11,547] {dag.py:2305} INFO - Setting next_dagrun for example_subdag_operator to 2021-06-21 00:00:00+00:00
[2021-06-23 05:49:11,550] {logging_mixin.py:104} INFO - [2021-06-23 05:49:11,550] {dag.py:2305} INFO - Setting next_dagrun for example_subdag_operator.section-1 to None
[2021-06-23 05:49:11,551] {logging_mixin.py:104} INFO - [2021-06-23 05:49:11,550] {dag.py:2305} INFO - Setting next_dagrun for example_subdag_operator.section-2 to None
[2021-06-23 05:49:11,566] {logging_mixin.py:104} INFO - [2021-06-23 05:49:11,566] {dag.py:1832} INFO - Sync 2 DAGs
[2021-06-23 05:49:11,591] {logging_mixin.py:104} INFO - [2021-06-23 05:49:11,591] {dag.py:2305} INFO - Setting next_dagrun for example_subdag_operator.section-1 to None
[2021-06-23 05:49:11,591] {logging_mixin.py:104} INFO - [2021-06-23 05:49:11,591] {dag.py:2305} INFO - Setting next_dagrun for example_subdag_operator.section-2 to None
[2021-06-23 05:49:11,620] {scheduler_job.py:190} INFO - Processing /home/airflow/.local/lib/python3.6/site-packages/airflow/example_dags/example_subdag_operator.py took 0.229 seconds
[2021-06-23 05:49:42,120] {scheduler_job.py:182} INFO - Started process (PID=1650) to work on /home/airflow/.local/lib/python3.6/site-packages/airflow/example_dags/example_subdag_operator.py
[2021-06-23 05:49:42,121] {scheduler_job.py:633} INFO - Processing file /home/airflow/.local/lib/python3.6/site-packages/airflow/example_dags/example_subdag_operator.py for tasks to queue
[2021-06-23 05:49:42,122] {logging_mixin.py:104} INFO - [2021-06-23 05:49:42,122] {dagbag.py:487} INFO - Filling up the DagBag from /home/airflow/.local/lib/python3.6/site-packages/airflow/example_dags/example_subdag_operator.py
[2021-06-23 05:49:42,169] {scheduler_job.py:643} INFO - DAG(s) dict_keys(['example_subdag_operator.section-1', 'example_subdag_operator.section-2', 'example_subdag_operator']) retrieved from /home/airflow/.local/lib/python3.6/site-packages/airflow/example_dags/example_subdag_operator.py
[2021-06-23 05:49:42,186] {logging_mixin.py:104} INFO - [2021-06-23 05:49:42,186] {dag.py:1832} INFO - Sync 3 DAGs
[2021-06-23 05:49:42,210] {logging_mixin.py:104} INFO - [2021-06-23 05:49:42,210] {dag.py:2305} INFO - Setting next_dagrun for example_subdag_operator to 2021-06-21 00:00:00+00:00
[2021-06-23 05:49:42,213] {logging_mixin.py:104} INFO - [2021-06-23 05:49:42,213] {dag.py:2305} INFO - Setting next_dagrun for example_subdag_operator.section-1 to None
[2021-06-23 05:49:42,214] {logging_mixin.py:104} INFO - [2021-06-23 05:49:42,214] {dag.py:2305} INFO - Setting next_dagrun for example_subdag_operator.section-2 to None
[2021-06-23 05:49:42,232] {logging_mixin.py:104} INFO - [2021-06-23 05:49:42,232] {dag.py:1832} INFO - Sync 2 DAGs
[2021-06-23 05:49:42,254] {logging_mixin.py:104} INFO - [2021-06-23 05:49:42,254] {dag.py:2305} INFO - Setting next_dagrun for example_subdag_operator.section-1 to None
[2021-06-23 05:49:42,254] {logging_mixin.py:104} INFO - [2021-06-23 05:49:42,254] {dag.py:2305} INFO - Setting next_dagrun for example_subdag_operator.section-2 to None
[2021-06-23 05:49:42,269] {scheduler_job.py:190} INFO - Processing /home/airflow/.local/lib/python3.6/site-packages/airflow/example_dags/example_subdag_operator.py took 0.154 seconds
[2021-06-23 05:50:12,459] {scheduler_job.py:182} INFO - Started process (PID=1712) to work on /home/airflow/.local/lib/python3.6/site-packages/airflow/example_dags/example_subdag_operator.py
[2021-06-23 05:50:12,461] {scheduler_job.py:633} INFO - Processing file /home/airflow/.local/lib/python3.6/site-packages/airflow/example_dags/example_subdag_operator.py for tasks to queue
[2021-06-23 05:50:12,462] {logging_mixin.py:104} INFO - [2021-06-23 05:50:12,462] {dagbag.py:487} INFO - Filling up the DagBag from /home/airflow/.local/lib/python3.6/site-packages/airflow/example_dags/example_subdag_operator.py
[2021-06-23 05:50:12,497] {scheduler_job.py:643} INFO - DAG(s) dict_keys(['example_subdag_operator.section-1', 'example_subdag_operator.section-2', 'example_subdag_operator']) retrieved from /home/airflow/.local/lib/python3.6/site-packages/airflow/example_dags/example_subdag_operator.py
[2021-06-23 05:50:12,525] {logging_mixin.py:104} INFO - [2021-06-23 05:50:12,524] {dag.py:1832} INFO - Sync 3 DAGs
[2021-06-23 05:50:12,553] {logging_mixin.py:104} INFO - [2021-06-23 05:50:12,553] {dag.py:2305} INFO - Setting next_dagrun for example_subdag_operator to 2021-06-21 00:00:00+00:00
[2021-06-23 05:50:12,557] {logging_mixin.py:104} INFO - [2021-06-23 05:50:12,557] {dag.py:2305} INFO - Setting next_dagrun for example_subdag_operator.section-1 to None
[2021-06-23 05:50:12,559] {logging_mixin.py:104} INFO - [2021-06-23 05:50:12,558] {dag.py:2305} INFO - Setting next_dagrun for example_subdag_operator.section-2 to None
[2021-06-23 05:50:12,590] {logging_mixin.py:104} INFO - [2021-06-23 05:50:12,590] {dag.py:1832} INFO - Sync 2 DAGs
[2021-06-23 05:50:12,608] {logging_mixin.py:104} INFO - [2021-06-23 05:50:12,607] {dag.py:2305} INFO - Setting next_dagrun for example_subdag_operator.section-1 to None
[2021-06-23 05:50:12,608] {logging_mixin.py:104} INFO - [2021-06-23 05:50:12,608] {dag.py:2305} INFO - Setting next_dagrun for example_subdag_operator.section-2 to None
[2021-06-23 05:50:12,663] {scheduler_job.py:190} INFO - Processing /home/airflow/.local/lib/python3.6/site-packages/airflow/example_dags/example_subdag_operator.py took 0.210 seconds
[2021-06-23 05:50:42,904] {scheduler_job.py:182} INFO - Started process (PID=1783) to work on /home/airflow/.local/lib/python3.6/site-packages/airflow/example_dags/example_subdag_operator.py
[2021-06-23 05:50:42,908] {scheduler_job.py:633} INFO - Processing file /home/airflow/.local/lib/python3.6/site-packages/airflow/example_dags/example_subdag_operator.py for tasks to queue
[2021-06-23 05:50:42,911] {logging_mixin.py:104} INFO - [2021-06-23 05:50:42,911] {dagbag.py:487} INFO - Filling up the DagBag from /home/airflow/.local/lib/python3.6/site-packages/airflow/example_dags/example_subdag_operator.py
[2021-06-23 05:50:42,989] {scheduler_job.py:643} INFO - DAG(s) dict_keys(['example_subdag_operator.section-1', 'example_subdag_operator.section-2', 'example_subdag_operator']) retrieved from /home/airflow/.local/lib/python3.6/site-packages/airflow/example_dags/example_subdag_operator.py
[2021-06-23 05:50:43,019] {logging_mixin.py:104} INFO - [2021-06-23 05:50:43,018] {dag.py:1832} INFO - Sync 3 DAGs
[2021-06-23 05:50:43,050] {logging_mixin.py:104} INFO - [2021-06-23 05:50:43,049] {dag.py:2305} INFO - Setting next_dagrun for example_subdag_operator to 2021-06-21 00:00:00+00:00
[2021-06-23 05:50:43,051] {logging_mixin.py:104} INFO - [2021-06-23 05:50:43,051] {dag.py:2305} INFO - Setting next_dagrun for example_subdag_operator.section-1 to None
[2021-06-23 05:50:43,051] {logging_mixin.py:104} INFO - [2021-06-23 05:50:43,051] {dag.py:2305} INFO - Setting next_dagrun for example_subdag_operator.section-2 to None
[2021-06-23 05:50:43,081] {logging_mixin.py:104} INFO - [2021-06-23 05:50:43,080] {dag.py:1832} INFO - Sync 2 DAGs
[2021-06-23 05:50:43,099] {logging_mixin.py:104} INFO - [2021-06-23 05:50:43,099] {dag.py:2305} INFO - Setting next_dagrun for example_subdag_operator.section-1 to None
[2021-06-23 05:50:43,100] {logging_mixin.py:104} INFO - [2021-06-23 05:50:43,100] {dag.py:2305} INFO - Setting next_dagrun for example_subdag_operator.section-2 to None
[2021-06-23 05:50:43,112] {scheduler_job.py:190} INFO - Processing /home/airflow/.local/lib/python3.6/site-packages/airflow/example_dags/example_subdag_operator.py took 0.212 seconds
[2021-06-23 05:51:13,190] {scheduler_job.py:182} INFO - Started process (PID=1848) to work on /home/airflow/.local/lib/python3.6/site-packages/airflow/example_dags/example_subdag_operator.py
[2021-06-23 05:51:13,191] {scheduler_job.py:633} INFO - Processing file /home/airflow/.local/lib/python3.6/site-packages/airflow/example_dags/example_subdag_operator.py for tasks to queue
[2021-06-23 05:51:13,192] {logging_mixin.py:104} INFO - [2021-06-23 05:51:13,192] {dagbag.py:487} INFO - Filling up the DagBag from /home/airflow/.local/lib/python3.6/site-packages/airflow/example_dags/example_subdag_operator.py
[2021-06-23 05:51:13,245] {scheduler_job.py:643} INFO - DAG(s) dict_keys(['example_subdag_operator.section-1', 'example_subdag_operator.section-2', 'example_subdag_operator']) retrieved from /home/airflow/.local/lib/python3.6/site-packages/airflow/example_dags/example_subdag_operator.py
[2021-06-23 05:51:13,266] {logging_mixin.py:104} INFO - [2021-06-23 05:51:13,266] {dag.py:1832} INFO - Sync 3 DAGs
[2021-06-23 05:51:13,290] {logging_mixin.py:104} INFO - [2021-06-23 05:51:13,289] {dag.py:2305} INFO - Setting next_dagrun for example_subdag_operator to 2021-06-21 00:00:00+00:00
[2021-06-23 05:51:13,291] {logging_mixin.py:104} INFO - [2021-06-23 05:51:13,291] {dag.py:2305} INFO - Setting next_dagrun for example_subdag_operator.section-1 to None
[2021-06-23 05:51:13,291] {logging_mixin.py:104} INFO - [2021-06-23 05:51:13,291] {dag.py:2305} INFO - Setting next_dagrun for example_subdag_operator.section-2 to None
[2021-06-23 05:51:13,305] {logging_mixin.py:104} INFO - [2021-06-23 05:51:13,305] {dag.py:1832} INFO - Sync 2 DAGs
[2021-06-23 05:51:13,318] {logging_mixin.py:104} INFO - [2021-06-23 05:51:13,318] {dag.py:2305} INFO - Setting next_dagrun for example_subdag_operator.section-1 to None
[2021-06-23 05:51:13,319] {logging_mixin.py:104} INFO - [2021-06-23 05:51:13,319] {dag.py:2305} INFO - Setting next_dagrun for example_subdag_operator.section-2 to None
[2021-06-23 05:51:13,329] {scheduler_job.py:190} INFO - Processing /home/airflow/.local/lib/python3.6/site-packages/airflow/example_dags/example_subdag_operator.py took 0.146 seconds
[2021-06-23 05:51:43,830] {scheduler_job.py:182} INFO - Started process (PID=1913) to work on /home/airflow/.local/lib/python3.6/site-packages/airflow/example_dags/example_subdag_operator.py
[2021-06-23 05:51:43,833] {scheduler_job.py:633} INFO - Processing file /home/airflow/.local/lib/python3.6/site-packages/airflow/example_dags/example_subdag_operator.py for tasks to queue
[2021-06-23 05:51:43,843] {logging_mixin.py:104} INFO - [2021-06-23 05:51:43,841] {dagbag.py:487} INFO - Filling up the DagBag from /home/airflow/.local/lib/python3.6/site-packages/airflow/example_dags/example_subdag_operator.py
[2021-06-23 05:51:43,904] {scheduler_job.py:643} INFO - DAG(s) dict_keys(['example_subdag_operator.section-1', 'example_subdag_operator.section-2', 'example_subdag_operator']) retrieved from /home/airflow/.local/lib/python3.6/site-packages/airflow/example_dags/example_subdag_operator.py
[2021-06-23 05:51:43,924] {logging_mixin.py:104} INFO - [2021-06-23 05:51:43,923] {dag.py:1832} INFO - Sync 3 DAGs
[2021-06-23 05:51:43,960] {logging_mixin.py:104} INFO - [2021-06-23 05:51:43,960] {dag.py:2305} INFO - Setting next_dagrun for example_subdag_operator to 2021-06-21 00:00:00+00:00
[2021-06-23 05:51:43,963] {logging_mixin.py:104} INFO - [2021-06-23 05:51:43,963] {dag.py:2305} INFO - Setting next_dagrun for example_subdag_operator.section-1 to None
[2021-06-23 05:51:43,964] {logging_mixin.py:104} INFO - [2021-06-23 05:51:43,964] {dag.py:2305} INFO - Setting next_dagrun for example_subdag_operator.section-2 to None
[2021-06-23 05:51:43,975] {logging_mixin.py:104} INFO - [2021-06-23 05:51:43,975] {dag.py:1832} INFO - Sync 2 DAGs
[2021-06-23 05:51:43,989] {logging_mixin.py:104} INFO - [2021-06-23 05:51:43,989] {dag.py:2305} INFO - Setting next_dagrun for example_subdag_operator.section-1 to None
[2021-06-23 05:51:43,992] {logging_mixin.py:104} INFO - [2021-06-23 05:51:43,992] {dag.py:2305} INFO - Setting next_dagrun for example_subdag_operator.section-2 to None
[2021-06-23 05:51:44,002] {scheduler_job.py:190} INFO - Processing /home/airflow/.local/lib/python3.6/site-packages/airflow/example_dags/example_subdag_operator.py took 0.178 seconds
[2021-06-23 05:52:14,444] {scheduler_job.py:182} INFO - Started process (PID=1976) to work on /home/airflow/.local/lib/python3.6/site-packages/airflow/example_dags/example_subdag_operator.py
[2021-06-23 05:52:14,446] {scheduler_job.py:633} INFO - Processing file /home/airflow/.local/lib/python3.6/site-packages/airflow/example_dags/example_subdag_operator.py for tasks to queue
[2021-06-23 05:52:14,447] {logging_mixin.py:104} INFO - [2021-06-23 05:52:14,447] {dagbag.py:487} INFO - Filling up the DagBag from /home/airflow/.local/lib/python3.6/site-packages/airflow/example_dags/example_subdag_operator.py
[2021-06-23 05:52:14,514] {scheduler_job.py:643} INFO - DAG(s) dict_keys(['example_subdag_operator.section-1', 'example_subdag_operator.section-2', 'example_subdag_operator']) retrieved from /home/airflow/.local/lib/python3.6/site-packages/airflow/example_dags/example_subdag_operator.py
[2021-06-23 05:52:14,548] {logging_mixin.py:104} INFO - [2021-06-23 05:52:14,548] {dag.py:1832} INFO - Sync 3 DAGs
[2021-06-23 05:52:14,589] {logging_mixin.py:104} INFO - [2021-06-23 05:52:14,589] {dag.py:2305} INFO - Setting next_dagrun for example_subdag_operator to 2021-06-21 00:00:00+00:00
[2021-06-23 05:52:14,590] {logging_mixin.py:104} INFO - [2021-06-23 05:52:14,590] {dag.py:2305} INFO - Setting next_dagrun for example_subdag_operator.section-1 to None
[2021-06-23 05:52:14,591] {logging_mixin.py:104} INFO - [2021-06-23 05:52:14,591] {dag.py:2305} INFO - Setting next_dagrun for example_subdag_operator.section-2 to None
[2021-06-23 05:52:14,607] {logging_mixin.py:104} INFO - [2021-06-23 05:52:14,607] {dag.py:1832} INFO - Sync 2 DAGs
[2021-06-23 05:52:14,634] {logging_mixin.py:104} INFO - [2021-06-23 05:52:14,634] {dag.py:2305} INFO - Setting next_dagrun for example_subdag_operator.section-1 to None
[2021-06-23 05:52:14,637] {logging_mixin.py:104} INFO - [2021-06-23 05:52:14,637] {dag.py:2305} INFO - Setting next_dagrun for example_subdag_operator.section-2 to None
[2021-06-23 05:52:14,652] {scheduler_job.py:190} INFO - Processing /home/airflow/.local/lib/python3.6/site-packages/airflow/example_dags/example_subdag_operator.py took 0.215 seconds
[2021-06-23 05:52:45,498] {scheduler_job.py:182} INFO - Started process (PID=2042) to work on /home/airflow/.local/lib/python3.6/site-packages/airflow/example_dags/example_subdag_operator.py
[2021-06-23 05:52:45,499] {scheduler_job.py:633} INFO - Processing file /home/airflow/.local/lib/python3.6/site-packages/airflow/example_dags/example_subdag_operator.py for tasks to queue
[2021-06-23 05:52:45,501] {logging_mixin.py:104} INFO - [2021-06-23 05:52:45,500] {dagbag.py:487} INFO - Filling up the DagBag from /home/airflow/.local/lib/python3.6/site-packages/airflow/example_dags/example_subdag_operator.py
[2021-06-23 05:52:45,661] {scheduler_job.py:643} INFO - DAG(s) dict_keys(['example_subdag_operator.section-1', 'example_subdag_operator.section-2', 'example_subdag_operator']) retrieved from /home/airflow/.local/lib/python3.6/site-packages/airflow/example_dags/example_subdag_operator.py
[2021-06-23 05:52:45,732] {logging_mixin.py:104} INFO - [2021-06-23 05:52:45,732] {dag.py:1832} INFO - Sync 3 DAGs
[2021-06-23 05:52:45,810] {logging_mixin.py:104} INFO - [2021-06-23 05:52:45,809] {dag.py:2305} INFO - Setting next_dagrun for example_subdag_operator to 2021-06-21 00:00:00+00:00
[2021-06-23 05:52:45,813] {logging_mixin.py:104} INFO - [2021-06-23 05:52:45,813] {dag.py:2305} INFO - Setting next_dagrun for example_subdag_operator.section-1 to None
[2021-06-23 05:52:45,825] {logging_mixin.py:104} INFO - [2021-06-23 05:52:45,825] {dag.py:2305} INFO - Setting next_dagrun for example_subdag_operator.section-2 to None
[2021-06-23 05:52:45,877] {logging_mixin.py:104} INFO - [2021-06-23 05:52:45,877] {dag.py:1832} INFO - Sync 2 DAGs
[2021-06-23 05:52:45,913] {logging_mixin.py:104} INFO - [2021-06-23 05:52:45,912] {dag.py:2305} INFO - Setting next_dagrun for example_subdag_operator.section-1 to None
[2021-06-23 05:52:45,913] {logging_mixin.py:104} INFO - [2021-06-23 05:52:45,913] {dag.py:2305} INFO - Setting next_dagrun for example_subdag_operator.section-2 to None
[2021-06-23 05:52:45,998] {scheduler_job.py:190} INFO - Processing /home/airflow/.local/lib/python3.6/site-packages/airflow/example_dags/example_subdag_operator.py took 0.516 seconds
[2021-06-23 05:53:16,677] {scheduler_job.py:182} INFO - Started process (PID=2103) to work on /home/airflow/.local/lib/python3.6/site-packages/airflow/example_dags/example_subdag_operator.py
[2021-06-23 05:53:16,678] {scheduler_job.py:633} INFO - Processing file /home/airflow/.local/lib/python3.6/site-packages/airflow/example_dags/example_subdag_operator.py for tasks to queue
[2021-06-23 05:53:16,680] {logging_mixin.py:104} INFO - [2021-06-23 05:53:16,679] {dagbag.py:487} INFO - Filling up the DagBag from /home/airflow/.local/lib/python3.6/site-packages/airflow/example_dags/example_subdag_operator.py
[2021-06-23 05:53:16,750] {scheduler_job.py:643} INFO - DAG(s) dict_keys(['example_subdag_operator.section-1', 'example_subdag_operator.section-2', 'example_subdag_operator']) retrieved from /home/airflow/.local/lib/python3.6/site-packages/airflow/example_dags/example_subdag_operator.py
[2021-06-23 05:53:16,769] {logging_mixin.py:104} INFO - [2021-06-23 05:53:16,769] {dag.py:1832} INFO - Sync 3 DAGs
[2021-06-23 05:53:16,799] {logging_mixin.py:104} INFO - [2021-06-23 05:53:16,799] {dag.py:2305} INFO - Setting next_dagrun for example_subdag_operator to 2021-06-21 00:00:00+00:00
[2021-06-23 05:53:16,801] {logging_mixin.py:104} INFO - [2021-06-23 05:53:16,800] {dag.py:2305} INFO - Setting next_dagrun for example_subdag_operator.section-1 to None
[2021-06-23 05:53:16,801] {logging_mixin.py:104} INFO - [2021-06-23 05:53:16,801] {dag.py:2305} INFO - Setting next_dagrun for example_subdag_operator.section-2 to None
[2021-06-23 05:53:16,817] {logging_mixin.py:104} INFO - [2021-06-23 05:53:16,817] {dag.py:1832} INFO - Sync 2 DAGs
[2021-06-23 05:53:16,826] {logging_mixin.py:104} INFO - [2021-06-23 05:53:16,826] {dag.py:2305} INFO - Setting next_dagrun for example_subdag_operator.section-1 to None
[2021-06-23 05:53:16,826] {logging_mixin.py:104} INFO - [2021-06-23 05:53:16,826] {dag.py:2305} INFO - Setting next_dagrun for example_subdag_operator.section-2 to None
[2021-06-23 05:53:16,838] {scheduler_job.py:190} INFO - Processing /home/airflow/.local/lib/python3.6/site-packages/airflow/example_dags/example_subdag_operator.py took 0.166 seconds
[2021-06-23 05:53:47,417] {scheduler_job.py:182} INFO - Started process (PID=2172) to work on /home/airflow/.local/lib/python3.6/site-packages/airflow/example_dags/example_subdag_operator.py
[2021-06-23 05:53:47,430] {scheduler_job.py:633} INFO - Processing file /home/airflow/.local/lib/python3.6/site-packages/airflow/example_dags/example_subdag_operator.py for tasks to queue
[2021-06-23 05:53:47,431] {logging_mixin.py:104} INFO - [2021-06-23 05:53:47,430] {dagbag.py:487} INFO - Filling up the DagBag from /home/airflow/.local/lib/python3.6/site-packages/airflow/example_dags/example_subdag_operator.py
[2021-06-23 05:53:47,554] {scheduler_job.py:643} INFO - DAG(s) dict_keys(['example_subdag_operator.section-1', 'example_subdag_operator.section-2', 'example_subdag_operator']) retrieved from /home/airflow/.local/lib/python3.6/site-packages/airflow/example_dags/example_subdag_operator.py
[2021-06-23 05:53:47,627] {logging_mixin.py:104} INFO - [2021-06-23 05:53:47,627] {dag.py:1832} INFO - Sync 3 DAGs
[2021-06-23 05:53:47,685] {logging_mixin.py:104} INFO - [2021-06-23 05:53:47,684] {dag.py:2305} INFO - Setting next_dagrun for example_subdag_operator to 2021-06-21 00:00:00+00:00
[2021-06-23 05:53:47,686] {logging_mixin.py:104} INFO - [2021-06-23 05:53:47,686] {dag.py:2305} INFO - Setting next_dagrun for example_subdag_operator.section-1 to None
[2021-06-23 05:53:47,687] {logging_mixin.py:104} INFO - [2021-06-23 05:53:47,687] {dag.py:2305} INFO - Setting next_dagrun for example_subdag_operator.section-2 to None
[2021-06-23 05:53:47,711] {logging_mixin.py:104} INFO - [2021-06-23 05:53:47,709] {dag.py:1832} INFO - Sync 2 DAGs
[2021-06-23 05:53:47,743] {logging_mixin.py:104} INFO - [2021-06-23 05:53:47,742] {dag.py:2305} INFO - Setting next_dagrun for example_subdag_operator.section-1 to None
[2021-06-23 05:53:47,743] {logging_mixin.py:104} INFO - [2021-06-23 05:53:47,743] {dag.py:2305} INFO - Setting next_dagrun for example_subdag_operator.section-2 to None
[2021-06-23 05:53:47,774] {scheduler_job.py:190} INFO - Processing /home/airflow/.local/lib/python3.6/site-packages/airflow/example_dags/example_subdag_operator.py took 0.362 seconds
[2021-06-23 05:54:18,659] {scheduler_job.py:182} INFO - Started process (PID=2242) to work on /home/airflow/.local/lib/python3.6/site-packages/airflow/example_dags/example_subdag_operator.py
[2021-06-23 05:54:18,662] {scheduler_job.py:633} INFO - Processing file /home/airflow/.local/lib/python3.6/site-packages/airflow/example_dags/example_subdag_operator.py for tasks to queue
[2021-06-23 05:54:18,663] {logging_mixin.py:104} INFO - [2021-06-23 05:54:18,663] {dagbag.py:487} INFO - Filling up the DagBag from /home/airflow/.local/lib/python3.6/site-packages/airflow/example_dags/example_subdag_operator.py
[2021-06-23 05:54:18,727] {scheduler_job.py:643} INFO - DAG(s) dict_keys(['example_subdag_operator.section-1', 'example_subdag_operator.section-2', 'example_subdag_operator']) retrieved from /home/airflow/.local/lib/python3.6/site-packages/airflow/example_dags/example_subdag_operator.py
[2021-06-23 05:54:18,756] {logging_mixin.py:104} INFO - [2021-06-23 05:54:18,756] {dag.py:1832} INFO - Sync 3 DAGs
[2021-06-23 05:54:18,785] {logging_mixin.py:104} INFO - [2021-06-23 05:54:18,785] {dag.py:2305} INFO - Setting next_dagrun for example_subdag_operator to 2021-06-21 00:00:00+00:00
[2021-06-23 05:54:18,787] {logging_mixin.py:104} INFO - [2021-06-23 05:54:18,786] {dag.py:2305} INFO - Setting next_dagrun for example_subdag_operator.section-1 to None
[2021-06-23 05:54:18,790] {logging_mixin.py:104} INFO - [2021-06-23 05:54:18,788] {dag.py:2305} INFO - Setting next_dagrun for example_subdag_operator.section-2 to None
[2021-06-23 05:54:18,806] {logging_mixin.py:104} INFO - [2021-06-23 05:54:18,806] {dag.py:1832} INFO - Sync 2 DAGs
[2021-06-23 05:54:18,828] {logging_mixin.py:104} INFO - [2021-06-23 05:54:18,828] {dag.py:2305} INFO - Setting next_dagrun for example_subdag_operator.section-1 to None
[2021-06-23 05:54:18,829] {logging_mixin.py:104} INFO - [2021-06-23 05:54:18,829] {dag.py:2305} INFO - Setting next_dagrun for example_subdag_operator.section-2 to None
[2021-06-23 05:54:18,846] {scheduler_job.py:190} INFO - Processing /home/airflow/.local/lib/python3.6/site-packages/airflow/example_dags/example_subdag_operator.py took 0.192 seconds
[2021-06-23 05:54:49,211] {scheduler_job.py:182} INFO - Started process (PID=2308) to work on /home/airflow/.local/lib/python3.6/site-packages/airflow/example_dags/example_subdag_operator.py
[2021-06-23 05:54:49,213] {scheduler_job.py:633} INFO - Processing file /home/airflow/.local/lib/python3.6/site-packages/airflow/example_dags/example_subdag_operator.py for tasks to queue
[2021-06-23 05:54:49,214] {logging_mixin.py:104} INFO - [2021-06-23 05:54:49,214] {dagbag.py:487} INFO - Filling up the DagBag from /home/airflow/.local/lib/python3.6/site-packages/airflow/example_dags/example_subdag_operator.py
[2021-06-23 05:54:49,268] {scheduler_job.py:643} INFO - DAG(s) dict_keys(['example_subdag_operator.section-1', 'example_subdag_operator.section-2', 'example_subdag_operator']) retrieved from /home/airflow/.local/lib/python3.6/site-packages/airflow/example_dags/example_subdag_operator.py
[2021-06-23 05:54:49,295] {logging_mixin.py:104} INFO - [2021-06-23 05:54:49,294] {dag.py:1832} INFO - Sync 3 DAGs
[2021-06-23 05:54:49,319] {logging_mixin.py:104} INFO - [2021-06-23 05:54:49,318] {dag.py:2305} INFO - Setting next_dagrun for example_subdag_operator to 2021-06-21 00:00:00+00:00
[2021-06-23 05:54:49,320] {logging_mixin.py:104} INFO - [2021-06-23 05:54:49,320] {dag.py:2305} INFO - Setting next_dagrun for example_subdag_operator.section-1 to None
[2021-06-23 05:54:49,321] {logging_mixin.py:104} INFO - [2021-06-23 05:54:49,320] {dag.py:2305} INFO - Setting next_dagrun for example_subdag_operator.section-2 to None
[2021-06-23 05:54:49,336] {logging_mixin.py:104} INFO - [2021-06-23 05:54:49,336] {dag.py:1832} INFO - Sync 2 DAGs
[2021-06-23 05:54:49,347] {logging_mixin.py:104} INFO - [2021-06-23 05:54:49,347] {dag.py:2305} INFO - Setting next_dagrun for example_subdag_operator.section-1 to None
[2021-06-23 05:54:49,348] {logging_mixin.py:104} INFO - [2021-06-23 05:54:49,348] {dag.py:2305} INFO - Setting next_dagrun for example_subdag_operator.section-2 to None
[2021-06-23 05:54:49,362] {scheduler_job.py:190} INFO - Processing /home/airflow/.local/lib/python3.6/site-packages/airflow/example_dags/example_subdag_operator.py took 0.161 seconds
[2021-06-23 05:55:19,435] {scheduler_job.py:182} INFO - Started process (PID=2371) to work on /home/airflow/.local/lib/python3.6/site-packages/airflow/example_dags/example_subdag_operator.py
[2021-06-23 05:55:19,438] {scheduler_job.py:633} INFO - Processing file /home/airflow/.local/lib/python3.6/site-packages/airflow/example_dags/example_subdag_operator.py for tasks to queue
[2021-06-23 05:55:19,439] {logging_mixin.py:104} INFO - [2021-06-23 05:55:19,438] {dagbag.py:487} INFO - Filling up the DagBag from /home/airflow/.local/lib/python3.6/site-packages/airflow/example_dags/example_subdag_operator.py
[2021-06-23 05:55:19,498] {scheduler_job.py:643} INFO - DAG(s) dict_keys(['example_subdag_operator.section-1', 'example_subdag_operator.section-2', 'example_subdag_operator']) retrieved from /home/airflow/.local/lib/python3.6/site-packages/airflow/example_dags/example_subdag_operator.py
[2021-06-23 05:55:19,520] {logging_mixin.py:104} INFO - [2021-06-23 05:55:19,520] {dag.py:1832} INFO - Sync 3 DAGs
[2021-06-23 05:55:19,557] {logging_mixin.py:104} INFO - [2021-06-23 05:55:19,557] {dag.py:2305} INFO - Setting next_dagrun for example_subdag_operator to 2021-06-21 00:00:00+00:00
[2021-06-23 05:55:19,560] {logging_mixin.py:104} INFO - [2021-06-23 05:55:19,559] {dag.py:2305} INFO - Setting next_dagrun for example_subdag_operator.section-1 to None
[2021-06-23 05:55:19,560] {logging_mixin.py:104} INFO - [2021-06-23 05:55:19,560] {dag.py:2305} INFO - Setting next_dagrun for example_subdag_operator.section-2 to None
[2021-06-23 05:55:19,599] {logging_mixin.py:104} INFO - [2021-06-23 05:55:19,598] {dag.py:1832} INFO - Sync 2 DAGs
[2021-06-23 05:55:19,614] {logging_mixin.py:104} INFO - [2021-06-23 05:55:19,610] {dag.py:2305} INFO - Setting next_dagrun for example_subdag_operator.section-1 to None
[2021-06-23 05:55:19,615] {logging_mixin.py:104} INFO - [2021-06-23 05:55:19,614] {dag.py:2305} INFO - Setting next_dagrun for example_subdag_operator.section-2 to None
[2021-06-23 05:55:19,656] {scheduler_job.py:190} INFO - Processing /home/airflow/.local/lib/python3.6/site-packages/airflow/example_dags/example_subdag_operator.py took 0.224 seconds
[2021-06-23 05:55:49,816] {scheduler_job.py:182} INFO - Started process (PID=2433) to work on /home/airflow/.local/lib/python3.6/site-packages/airflow/example_dags/example_subdag_operator.py
[2021-06-23 05:55:49,820] {scheduler_job.py:633} INFO - Processing file /home/airflow/.local/lib/python3.6/site-packages/airflow/example_dags/example_subdag_operator.py for tasks to queue
[2021-06-23 05:55:49,822] {logging_mixin.py:104} INFO - [2021-06-23 05:55:49,822] {dagbag.py:487} INFO - Filling up the DagBag from /home/airflow/.local/lib/python3.6/site-packages/airflow/example_dags/example_subdag_operator.py
[2021-06-23 05:55:49,887] {scheduler_job.py:643} INFO - DAG(s) dict_keys(['example_subdag_operator.section-1', 'example_subdag_operator.section-2', 'example_subdag_operator']) retrieved from /home/airflow/.local/lib/python3.6/site-packages/airflow/example_dags/example_subdag_operator.py
[2021-06-23 05:55:49,919] {logging_mixin.py:104} INFO - [2021-06-23 05:55:49,919] {dag.py:1832} INFO - Sync 3 DAGs
[2021-06-23 05:55:49,943] {logging_mixin.py:104} INFO - [2021-06-23 05:55:49,943] {dag.py:2305} INFO - Setting next_dagrun for example_subdag_operator to 2021-06-21 00:00:00+00:00
[2021-06-23 05:55:49,945] {logging_mixin.py:104} INFO - [2021-06-23 05:55:49,945] {dag.py:2305} INFO - Setting next_dagrun for example_subdag_operator.section-1 to None
[2021-06-23 05:55:49,946] {logging_mixin.py:104} INFO - [2021-06-23 05:55:49,945] {dag.py:2305} INFO - Setting next_dagrun for example_subdag_operator.section-2 to None
[2021-06-23 05:55:49,962] {logging_mixin.py:104} INFO - [2021-06-23 05:55:49,962] {dag.py:1832} INFO - Sync 2 DAGs
[2021-06-23 05:55:49,972] {logging_mixin.py:104} INFO - [2021-06-23 05:55:49,972] {dag.py:2305} INFO - Setting next_dagrun for example_subdag_operator.section-1 to None
[2021-06-23 05:55:49,972] {logging_mixin.py:104} INFO - [2021-06-23 05:55:49,972] {dag.py:2305} INFO - Setting next_dagrun for example_subdag_operator.section-2 to None
[2021-06-23 05:55:49,997] {scheduler_job.py:190} INFO - Processing /home/airflow/.local/lib/python3.6/site-packages/airflow/example_dags/example_subdag_operator.py took 0.190 seconds
[2021-06-23 05:56:20,077] {scheduler_job.py:182} INFO - Started process (PID=2504) to work on /home/airflow/.local/lib/python3.6/site-packages/airflow/example_dags/example_subdag_operator.py
[2021-06-23 05:56:20,078] {scheduler_job.py:633} INFO - Processing file /home/airflow/.local/lib/python3.6/site-packages/airflow/example_dags/example_subdag_operator.py for tasks to queue
[2021-06-23 05:56:20,079] {logging_mixin.py:104} INFO - [2021-06-23 05:56:20,079] {dagbag.py:487} INFO - Filling up the DagBag from /home/airflow/.local/lib/python3.6/site-packages/airflow/example_dags/example_subdag_operator.py
[2021-06-23 05:56:20,136] {scheduler_job.py:643} INFO - DAG(s) dict_keys(['example_subdag_operator.section-1', 'example_subdag_operator.section-2', 'example_subdag_operator']) retrieved from /home/airflow/.local/lib/python3.6/site-packages/airflow/example_dags/example_subdag_operator.py
[2021-06-23 05:56:20,153] {logging_mixin.py:104} INFO - [2021-06-23 05:56:20,153] {dag.py:1832} INFO - Sync 3 DAGs
[2021-06-23 05:56:20,180] {logging_mixin.py:104} INFO - [2021-06-23 05:56:20,180] {dag.py:2305} INFO - Setting next_dagrun for example_subdag_operator to 2021-06-21 00:00:00+00:00
[2021-06-23 05:56:20,181] {logging_mixin.py:104} INFO - [2021-06-23 05:56:20,181] {dag.py:2305} INFO - Setting next_dagrun for example_subdag_operator.section-1 to None
[2021-06-23 05:56:20,181] {logging_mixin.py:104} INFO - [2021-06-23 05:56:20,181] {dag.py:2305} INFO - Setting next_dagrun for example_subdag_operator.section-2 to None
[2021-06-23 05:56:20,197] {logging_mixin.py:104} INFO - [2021-06-23 05:56:20,196] {dag.py:1832} INFO - Sync 2 DAGs
[2021-06-23 05:56:20,208] {logging_mixin.py:104} INFO - [2021-06-23 05:56:20,208] {dag.py:2305} INFO - Setting next_dagrun for example_subdag_operator.section-1 to None
[2021-06-23 05:56:20,209] {logging_mixin.py:104} INFO - [2021-06-23 05:56:20,209] {dag.py:2305} INFO - Setting next_dagrun for example_subdag_operator.section-2 to None
[2021-06-23 05:56:20,236] {scheduler_job.py:190} INFO - Processing /home/airflow/.local/lib/python3.6/site-packages/airflow/example_dags/example_subdag_operator.py took 0.165 seconds
[2021-06-23 05:56:50,780] {scheduler_job.py:182} INFO - Started process (PID=2574) to work on /home/airflow/.local/lib/python3.6/site-packages/airflow/example_dags/example_subdag_operator.py
[2021-06-23 05:56:50,794] {scheduler_job.py:633} INFO - Processing file /home/airflow/.local/lib/python3.6/site-packages/airflow/example_dags/example_subdag_operator.py for tasks to queue
[2021-06-23 05:56:50,795] {logging_mixin.py:104} INFO - [2021-06-23 05:56:50,795] {dagbag.py:487} INFO - Filling up the DagBag from /home/airflow/.local/lib/python3.6/site-packages/airflow/example_dags/example_subdag_operator.py
[2021-06-23 05:56:50,995] {scheduler_job.py:643} INFO - DAG(s) dict_keys(['example_subdag_operator.section-1', 'example_subdag_operator.section-2', 'example_subdag_operator']) retrieved from /home/airflow/.local/lib/python3.6/site-packages/airflow/example_dags/example_subdag_operator.py
[2021-06-23 05:56:51,057] {logging_mixin.py:104} INFO - [2021-06-23 05:56:51,057] {dag.py:1832} INFO - Sync 3 DAGs
[2021-06-23 05:56:51,175] {logging_mixin.py:104} INFO - [2021-06-23 05:56:51,174] {dag.py:2305} INFO - Setting next_dagrun for example_subdag_operator to 2021-06-21 00:00:00+00:00
[2021-06-23 05:56:51,176] {logging_mixin.py:104} INFO - [2021-06-23 05:56:51,176] {dag.py:2305} INFO - Setting next_dagrun for example_subdag_operator.section-1 to None
[2021-06-23 05:56:51,177] {logging_mixin.py:104} INFO - [2021-06-23 05:56:51,177] {dag.py:2305} INFO - Setting next_dagrun for example_subdag_operator.section-2 to None
[2021-06-23 05:56:51,239] {logging_mixin.py:104} INFO - [2021-06-23 05:56:51,239] {dag.py:1832} INFO - Sync 2 DAGs
[2021-06-23 05:56:51,279] {logging_mixin.py:104} INFO - [2021-06-23 05:56:51,279] {dag.py:2305} INFO - Setting next_dagrun for example_subdag_operator.section-1 to None
[2021-06-23 05:56:51,282] {logging_mixin.py:104} INFO - [2021-06-23 05:56:51,282] {dag.py:2305} INFO - Setting next_dagrun for example_subdag_operator.section-2 to None
[2021-06-23 05:56:51,320] {scheduler_job.py:190} INFO - Processing /home/airflow/.local/lib/python3.6/site-packages/airflow/example_dags/example_subdag_operator.py took 0.572 seconds
[2021-06-23 05:57:22,304] {scheduler_job.py:182} INFO - Started process (PID=2631) to work on /home/airflow/.local/lib/python3.6/site-packages/airflow/example_dags/example_subdag_operator.py
[2021-06-23 05:57:22,317] {scheduler_job.py:633} INFO - Processing file /home/airflow/.local/lib/python3.6/site-packages/airflow/example_dags/example_subdag_operator.py for tasks to queue
[2021-06-23 05:57:22,319] {logging_mixin.py:104} INFO - [2021-06-23 05:57:22,318] {dagbag.py:487} INFO - Filling up the DagBag from /home/airflow/.local/lib/python3.6/site-packages/airflow/example_dags/example_subdag_operator.py
[2021-06-23 05:57:22,510] {scheduler_job.py:643} INFO - DAG(s) dict_keys(['example_subdag_operator.section-1', 'example_subdag_operator.section-2', 'example_subdag_operator']) retrieved from /home/airflow/.local/lib/python3.6/site-packages/airflow/example_dags/example_subdag_operator.py
[2021-06-23 05:57:22,579] {logging_mixin.py:104} INFO - [2021-06-23 05:57:22,579] {dag.py:1832} INFO - Sync 3 DAGs
[2021-06-23 05:57:22,724] {logging_mixin.py:104} INFO - [2021-06-23 05:57:22,724] {dag.py:2305} INFO - Setting next_dagrun for example_subdag_operator to 2021-06-21 00:00:00+00:00
[2021-06-23 05:57:22,725] {logging_mixin.py:104} INFO - [2021-06-23 05:57:22,725] {dag.py:2305} INFO - Setting next_dagrun for example_subdag_operator.section-1 to None
[2021-06-23 05:57:22,737] {logging_mixin.py:104} INFO - [2021-06-23 05:57:22,737] {dag.py:2305} INFO - Setting next_dagrun for example_subdag_operator.section-2 to None
[2021-06-23 05:57:22,777] {logging_mixin.py:104} INFO - [2021-06-23 05:57:22,777] {dag.py:1832} INFO - Sync 2 DAGs
[2021-06-23 05:57:22,843] {logging_mixin.py:104} INFO - [2021-06-23 05:57:22,843] {dag.py:2305} INFO - Setting next_dagrun for example_subdag_operator.section-1 to None
[2021-06-23 05:57:22,844] {logging_mixin.py:104} INFO - [2021-06-23 05:57:22,844] {dag.py:2305} INFO - Setting next_dagrun for example_subdag_operator.section-2 to None
[2021-06-23 05:57:22,890] {scheduler_job.py:190} INFO - Processing /home/airflow/.local/lib/python3.6/site-packages/airflow/example_dags/example_subdag_operator.py took 0.603 seconds
[2021-06-23 05:57:53,313] {scheduler_job.py:182} INFO - Started process (PID=2696) to work on /home/airflow/.local/lib/python3.6/site-packages/airflow/example_dags/example_subdag_operator.py
[2021-06-23 05:57:53,314] {scheduler_job.py:633} INFO - Processing file /home/airflow/.local/lib/python3.6/site-packages/airflow/example_dags/example_subdag_operator.py for tasks to queue
[2021-06-23 05:57:53,315] {logging_mixin.py:104} INFO - [2021-06-23 05:57:53,315] {dagbag.py:487} INFO - Filling up the DagBag from /home/airflow/.local/lib/python3.6/site-packages/airflow/example_dags/example_subdag_operator.py
[2021-06-23 05:57:53,450] {scheduler_job.py:643} INFO - DAG(s) dict_keys(['example_subdag_operator.section-1', 'example_subdag_operator.section-2', 'example_subdag_operator']) retrieved from /home/airflow/.local/lib/python3.6/site-packages/airflow/example_dags/example_subdag_operator.py
[2021-06-23 05:57:53,508] {logging_mixin.py:104} INFO - [2021-06-23 05:57:53,508] {dag.py:1832} INFO - Sync 3 DAGs
[2021-06-23 05:57:53,579] {logging_mixin.py:104} INFO - [2021-06-23 05:57:53,579] {dag.py:2305} INFO - Setting next_dagrun for example_subdag_operator to 2021-06-21 00:00:00+00:00
[2021-06-23 05:57:53,581] {logging_mixin.py:104} INFO - [2021-06-23 05:57:53,580] {dag.py:2305} INFO - Setting next_dagrun for example_subdag_operator.section-1 to None
[2021-06-23 05:57:53,581] {logging_mixin.py:104} INFO - [2021-06-23 05:57:53,581] {dag.py:2305} INFO - Setting next_dagrun for example_subdag_operator.section-2 to None
[2021-06-23 05:57:53,623] {logging_mixin.py:104} INFO - [2021-06-23 05:57:53,622] {dag.py:1832} INFO - Sync 2 DAGs
[2021-06-23 05:57:53,662] {logging_mixin.py:104} INFO - [2021-06-23 05:57:53,662] {dag.py:2305} INFO - Setting next_dagrun for example_subdag_operator.section-1 to None
[2021-06-23 05:57:53,663] {logging_mixin.py:104} INFO - [2021-06-23 05:57:53,663] {dag.py:2305} INFO - Setting next_dagrun for example_subdag_operator.section-2 to None
[2021-06-23 05:57:53,730] {scheduler_job.py:190} INFO - Processing /home/airflow/.local/lib/python3.6/site-packages/airflow/example_dags/example_subdag_operator.py took 0.423 seconds
[2021-06-23 05:58:24,519] {scheduler_job.py:182} INFO - Started process (PID=2760) to work on /home/airflow/.local/lib/python3.6/site-packages/airflow/example_dags/example_subdag_operator.py
[2021-06-23 05:58:24,521] {scheduler_job.py:633} INFO - Processing file /home/airflow/.local/lib/python3.6/site-packages/airflow/example_dags/example_subdag_operator.py for tasks to queue
[2021-06-23 05:58:24,526] {logging_mixin.py:104} INFO - [2021-06-23 05:58:24,525] {dagbag.py:487} INFO - Filling up the DagBag from /home/airflow/.local/lib/python3.6/site-packages/airflow/example_dags/example_subdag_operator.py
[2021-06-23 05:58:24,571] {scheduler_job.py:643} INFO - DAG(s) dict_keys(['example_subdag_operator.section-1', 'example_subdag_operator.section-2', 'example_subdag_operator']) retrieved from /home/airflow/.local/lib/python3.6/site-packages/airflow/example_dags/example_subdag_operator.py
[2021-06-23 05:58:24,599] {logging_mixin.py:104} INFO - [2021-06-23 05:58:24,599] {dag.py:1832} INFO - Sync 3 DAGs
[2021-06-23 05:58:24,638] {logging_mixin.py:104} INFO - [2021-06-23 05:58:24,638] {dag.py:2305} INFO - Setting next_dagrun for example_subdag_operator to 2021-06-21 00:00:00+00:00
[2021-06-23 05:58:24,639] {logging_mixin.py:104} INFO - [2021-06-23 05:58:24,639] {dag.py:2305} INFO - Setting next_dagrun for example_subdag_operator.section-1 to None
[2021-06-23 05:58:24,640] {logging_mixin.py:104} INFO - [2021-06-23 05:58:24,640] {dag.py:2305} INFO - Setting next_dagrun for example_subdag_operator.section-2 to None
[2021-06-23 05:58:24,655] {logging_mixin.py:104} INFO - [2021-06-23 05:58:24,655] {dag.py:1832} INFO - Sync 2 DAGs
[2021-06-23 05:58:24,669] {logging_mixin.py:104} INFO - [2021-06-23 05:58:24,669] {dag.py:2305} INFO - Setting next_dagrun for example_subdag_operator.section-1 to None
[2021-06-23 05:58:24,670] {logging_mixin.py:104} INFO - [2021-06-23 05:58:24,670] {dag.py:2305} INFO - Setting next_dagrun for example_subdag_operator.section-2 to None
[2021-06-23 05:58:24,683] {scheduler_job.py:190} INFO - Processing /home/airflow/.local/lib/python3.6/site-packages/airflow/example_dags/example_subdag_operator.py took 0.167 seconds
[2021-06-23 05:58:54,945] {scheduler_job.py:182} INFO - Started process (PID=2824) to work on /home/airflow/.local/lib/python3.6/site-packages/airflow/example_dags/example_subdag_operator.py
[2021-06-23 05:58:54,946] {scheduler_job.py:633} INFO - Processing file /home/airflow/.local/lib/python3.6/site-packages/airflow/example_dags/example_subdag_operator.py for tasks to queue
[2021-06-23 05:58:54,947] {logging_mixin.py:104} INFO - [2021-06-23 05:58:54,947] {dagbag.py:487} INFO - Filling up the DagBag from /home/airflow/.local/lib/python3.6/site-packages/airflow/example_dags/example_subdag_operator.py
[2021-06-23 05:58:55,011] {scheduler_job.py:643} INFO - DAG(s) dict_keys(['example_subdag_operator.section-1', 'example_subdag_operator.section-2', 'example_subdag_operator']) retrieved from /home/airflow/.local/lib/python3.6/site-packages/airflow/example_dags/example_subdag_operator.py
[2021-06-23 05:58:55,036] {logging_mixin.py:104} INFO - [2021-06-23 05:58:55,036] {dag.py:1832} INFO - Sync 3 DAGs
[2021-06-23 05:58:55,061] {logging_mixin.py:104} INFO - [2021-06-23 05:58:55,061] {dag.py:2305} INFO - Setting next_dagrun for example_subdag_operator to 2021-06-21 00:00:00+00:00
[2021-06-23 05:58:55,068] {logging_mixin.py:104} INFO - [2021-06-23 05:58:55,067] {dag.py:2305} INFO - Setting next_dagrun for example_subdag_operator.section-1 to None
[2021-06-23 05:58:55,071] {logging_mixin.py:104} INFO - [2021-06-23 05:58:55,070] {dag.py:2305} INFO - Setting next_dagrun for example_subdag_operator.section-2 to None
[2021-06-23 05:58:55,092] {logging_mixin.py:104} INFO - [2021-06-23 05:58:55,092] {dag.py:1832} INFO - Sync 2 DAGs
[2021-06-23 05:58:55,104] {logging_mixin.py:104} INFO - [2021-06-23 05:58:55,104] {dag.py:2305} INFO - Setting next_dagrun for example_subdag_operator.section-1 to None
[2021-06-23 05:58:55,104] {logging_mixin.py:104} INFO - [2021-06-23 05:58:55,104] {dag.py:2305} INFO - Setting next_dagrun for example_subdag_operator.section-2 to None
[2021-06-23 05:58:55,115] {scheduler_job.py:190} INFO - Processing /home/airflow/.local/lib/python3.6/site-packages/airflow/example_dags/example_subdag_operator.py took 0.175 seconds
[2021-06-23 05:59:25,540] {scheduler_job.py:182} INFO - Started process (PID=2888) to work on /home/airflow/.local/lib/python3.6/site-packages/airflow/example_dags/example_subdag_operator.py
[2021-06-23 05:59:25,542] {scheduler_job.py:633} INFO - Processing file /home/airflow/.local/lib/python3.6/site-packages/airflow/example_dags/example_subdag_operator.py for tasks to queue
[2021-06-23 05:59:25,543] {logging_mixin.py:104} INFO - [2021-06-23 05:59:25,543] {dagbag.py:487} INFO - Filling up the DagBag from /home/airflow/.local/lib/python3.6/site-packages/airflow/example_dags/example_subdag_operator.py
[2021-06-23 05:59:25,591] {scheduler_job.py:643} INFO - DAG(s) dict_keys(['example_subdag_operator.section-1', 'example_subdag_operator.section-2', 'example_subdag_operator']) retrieved from /home/airflow/.local/lib/python3.6/site-packages/airflow/example_dags/example_subdag_operator.py
[2021-06-23 05:59:25,608] {logging_mixin.py:104} INFO - [2021-06-23 05:59:25,608] {dag.py:1832} INFO - Sync 3 DAGs
[2021-06-23 05:59:25,630] {logging_mixin.py:104} INFO - [2021-06-23 05:59:25,630] {dag.py:2305} INFO - Setting next_dagrun for example_subdag_operator to 2021-06-21 00:00:00+00:00
[2021-06-23 05:59:25,632] {logging_mixin.py:104} INFO - [2021-06-23 05:59:25,631] {dag.py:2305} INFO - Setting next_dagrun for example_subdag_operator.section-1 to None
[2021-06-23 05:59:25,632] {logging_mixin.py:104} INFO - [2021-06-23 05:59:25,632] {dag.py:2305} INFO - Setting next_dagrun for example_subdag_operator.section-2 to None
[2021-06-23 05:59:25,657] {logging_mixin.py:104} INFO - [2021-06-23 05:59:25,657] {dag.py:1832} INFO - Sync 2 DAGs
[2021-06-23 05:59:25,675] {logging_mixin.py:104} INFO - [2021-06-23 05:59:25,675] {dag.py:2305} INFO - Setting next_dagrun for example_subdag_operator.section-1 to None
[2021-06-23 05:59:25,676] {logging_mixin.py:104} INFO - [2021-06-23 05:59:25,676] {dag.py:2305} INFO - Setting next_dagrun for example_subdag_operator.section-2 to None
[2021-06-23 05:59:25,709] {scheduler_job.py:190} INFO - Processing /home/airflow/.local/lib/python3.6/site-packages/airflow/example_dags/example_subdag_operator.py took 0.173 seconds
[2021-06-23 05:59:56,676] {scheduler_job.py:182} INFO - Started process (PID=2953) to work on /home/airflow/.local/lib/python3.6/site-packages/airflow/example_dags/example_subdag_operator.py
[2021-06-23 05:59:56,678] {scheduler_job.py:633} INFO - Processing file /home/airflow/.local/lib/python3.6/site-packages/airflow/example_dags/example_subdag_operator.py for tasks to queue
[2021-06-23 05:59:56,679] {logging_mixin.py:104} INFO - [2021-06-23 05:59:56,679] {dagbag.py:487} INFO - Filling up the DagBag from /home/airflow/.local/lib/python3.6/site-packages/airflow/example_dags/example_subdag_operator.py
[2021-06-23 05:59:56,713] {scheduler_job.py:643} INFO - DAG(s) dict_keys(['example_subdag_operator.section-1', 'example_subdag_operator.section-2', 'example_subdag_operator']) retrieved from /home/airflow/.local/lib/python3.6/site-packages/airflow/example_dags/example_subdag_operator.py
[2021-06-23 05:59:56,727] {logging_mixin.py:104} INFO - [2021-06-23 05:59:56,726] {dag.py:1832} INFO - Sync 3 DAGs
[2021-06-23 05:59:56,748] {logging_mixin.py:104} INFO - [2021-06-23 05:59:56,748] {dag.py:2305} INFO - Setting next_dagrun for example_subdag_operator to 2021-06-21 00:00:00+00:00
[2021-06-23 05:59:56,749] {logging_mixin.py:104} INFO - [2021-06-23 05:59:56,749] {dag.py:2305} INFO - Setting next_dagrun for example_subdag_operator.section-1 to None
[2021-06-23 05:59:56,750] {logging_mixin.py:104} INFO - [2021-06-23 05:59:56,750] {dag.py:2305} INFO - Setting next_dagrun for example_subdag_operator.section-2 to None
[2021-06-23 05:59:56,766] {logging_mixin.py:104} INFO - [2021-06-23 05:59:56,766] {dag.py:1832} INFO - Sync 2 DAGs
[2021-06-23 05:59:56,776] {logging_mixin.py:104} INFO - [2021-06-23 05:59:56,776] {dag.py:2305} INFO - Setting next_dagrun for example_subdag_operator.section-1 to None
[2021-06-23 05:59:56,776] {logging_mixin.py:104} INFO - [2021-06-23 05:59:56,776] {dag.py:2305} INFO - Setting next_dagrun for example_subdag_operator.section-2 to None
[2021-06-23 05:59:56,791] {scheduler_job.py:190} INFO - Processing /home/airflow/.local/lib/python3.6/site-packages/airflow/example_dags/example_subdag_operator.py took 0.117 seconds
[2021-06-23 06:00:27,167] {scheduler_job.py:182} INFO - Started process (PID=3024) to work on /home/airflow/.local/lib/python3.6/site-packages/airflow/example_dags/example_subdag_operator.py
[2021-06-23 06:00:27,177] {scheduler_job.py:633} INFO - Processing file /home/airflow/.local/lib/python3.6/site-packages/airflow/example_dags/example_subdag_operator.py for tasks to queue
[2021-06-23 06:00:27,182] {logging_mixin.py:104} INFO - [2021-06-23 06:00:27,181] {dagbag.py:487} INFO - Filling up the DagBag from /home/airflow/.local/lib/python3.6/site-packages/airflow/example_dags/example_subdag_operator.py
[2021-06-23 06:00:27,347] {scheduler_job.py:643} INFO - DAG(s) dict_keys(['example_subdag_operator.section-1', 'example_subdag_operator.section-2', 'example_subdag_operator']) retrieved from /home/airflow/.local/lib/python3.6/site-packages/airflow/example_dags/example_subdag_operator.py
[2021-06-23 06:00:27,427] {logging_mixin.py:104} INFO - [2021-06-23 06:00:27,427] {dag.py:1832} INFO - Sync 3 DAGs
[2021-06-23 06:00:27,515] {logging_mixin.py:104} INFO - [2021-06-23 06:00:27,515] {dag.py:2305} INFO - Setting next_dagrun for example_subdag_operator to 2021-06-21 00:00:00+00:00
[2021-06-23 06:00:27,528] {logging_mixin.py:104} INFO - [2021-06-23 06:00:27,528] {dag.py:2305} INFO - Setting next_dagrun for example_subdag_operator.section-1 to None
[2021-06-23 06:00:27,529] {logging_mixin.py:104} INFO - [2021-06-23 06:00:27,529] {dag.py:2305} INFO - Setting next_dagrun for example_subdag_operator.section-2 to None
[2021-06-23 06:00:27,580] {logging_mixin.py:104} INFO - [2021-06-23 06:00:27,580] {dag.py:1832} INFO - Sync 2 DAGs
[2021-06-23 06:00:27,605] {logging_mixin.py:104} INFO - [2021-06-23 06:00:27,605] {dag.py:2305} INFO - Setting next_dagrun for example_subdag_operator.section-1 to None
[2021-06-23 06:00:27,606] {logging_mixin.py:104} INFO - [2021-06-23 06:00:27,606] {dag.py:2305} INFO - Setting next_dagrun for example_subdag_operator.section-2 to None
[2021-06-23 06:00:27,647] {scheduler_job.py:190} INFO - Processing /home/airflow/.local/lib/python3.6/site-packages/airflow/example_dags/example_subdag_operator.py took 0.485 seconds
