[2021-06-23 05:37:02,754] {scheduler_job.py:182} INFO - Started process (PID=45) to work on /home/airflow/.local/lib/python3.6/site-packages/airflow/example_dags/example_short_circuit_operator.py
[2021-06-23 05:37:02,756] {scheduler_job.py:633} INFO - Processing file /home/airflow/.local/lib/python3.6/site-packages/airflow/example_dags/example_short_circuit_operator.py for tasks to queue
[2021-06-23 05:37:02,764] {logging_mixin.py:104} INFO - [2021-06-23 05:37:02,764] {dagbag.py:487} INFO - Filling up the DagBag from /home/airflow/.local/lib/python3.6/site-packages/airflow/example_dags/example_short_circuit_operator.py
[2021-06-23 05:37:02,913] {scheduler_job.py:643} INFO - DAG(s) dict_keys(['example_short_circuit_operator']) retrieved from /home/airflow/.local/lib/python3.6/site-packages/airflow/example_dags/example_short_circuit_operator.py
[2021-06-23 05:37:04,882] {logging_mixin.py:104} INFO - [2021-06-23 05:37:04,882] {dag.py:1832} INFO - Sync 1 DAGs
[2021-06-23 05:37:04,922] {logging_mixin.py:104} INFO - [2021-06-23 05:37:04,921] {dag.py:2305} INFO - Setting next_dagrun for example_short_circuit_operator to 2021-06-21 00:00:00+00:00
[2021-06-23 05:37:05,056] {scheduler_job.py:190} INFO - Processing /home/airflow/.local/lib/python3.6/site-packages/airflow/example_dags/example_short_circuit_operator.py took 2.312 seconds
[2021-06-23 05:37:35,396] {scheduler_job.py:182} INFO - Started process (PID=107) to work on /home/airflow/.local/lib/python3.6/site-packages/airflow/example_dags/example_short_circuit_operator.py
[2021-06-23 05:37:35,398] {scheduler_job.py:633} INFO - Processing file /home/airflow/.local/lib/python3.6/site-packages/airflow/example_dags/example_short_circuit_operator.py for tasks to queue
[2021-06-23 05:37:35,399] {logging_mixin.py:104} INFO - [2021-06-23 05:37:35,398] {dagbag.py:487} INFO - Filling up the DagBag from /home/airflow/.local/lib/python3.6/site-packages/airflow/example_dags/example_short_circuit_operator.py
[2021-06-23 05:37:35,440] {scheduler_job.py:643} INFO - DAG(s) dict_keys(['example_short_circuit_operator']) retrieved from /home/airflow/.local/lib/python3.6/site-packages/airflow/example_dags/example_short_circuit_operator.py
[2021-06-23 05:37:35,530] {logging_mixin.py:104} INFO - [2021-06-23 05:37:35,529] {dag.py:1832} INFO - Sync 1 DAGs
[2021-06-23 05:37:35,566] {logging_mixin.py:104} INFO - [2021-06-23 05:37:35,566] {dag.py:2305} INFO - Setting next_dagrun for example_short_circuit_operator to 2021-06-21 00:00:00+00:00
[2021-06-23 05:37:35,610] {scheduler_job.py:190} INFO - Processing /home/airflow/.local/lib/python3.6/site-packages/airflow/example_dags/example_short_circuit_operator.py took 0.218 seconds
[2021-06-23 05:38:05,994] {scheduler_job.py:182} INFO - Started process (PID=168) to work on /home/airflow/.local/lib/python3.6/site-packages/airflow/example_dags/example_short_circuit_operator.py
[2021-06-23 05:38:05,995] {scheduler_job.py:633} INFO - Processing file /home/airflow/.local/lib/python3.6/site-packages/airflow/example_dags/example_short_circuit_operator.py for tasks to queue
[2021-06-23 05:38:05,997] {logging_mixin.py:104} INFO - [2021-06-23 05:38:05,996] {dagbag.py:487} INFO - Filling up the DagBag from /home/airflow/.local/lib/python3.6/site-packages/airflow/example_dags/example_short_circuit_operator.py
[2021-06-23 05:38:06,073] {scheduler_job.py:643} INFO - DAG(s) dict_keys(['example_short_circuit_operator']) retrieved from /home/airflow/.local/lib/python3.6/site-packages/airflow/example_dags/example_short_circuit_operator.py
[2021-06-23 05:38:06,197] {logging_mixin.py:104} INFO - [2021-06-23 05:38:06,197] {dag.py:1832} INFO - Sync 1 DAGs
[2021-06-23 05:38:06,279] {logging_mixin.py:104} INFO - [2021-06-23 05:38:06,278] {dag.py:2305} INFO - Setting next_dagrun for example_short_circuit_operator to 2021-06-21 00:00:00+00:00
[2021-06-23 05:38:06,382] {scheduler_job.py:190} INFO - Processing /home/airflow/.local/lib/python3.6/site-packages/airflow/example_dags/example_short_circuit_operator.py took 0.413 seconds
[2021-06-23 05:38:36,738] {scheduler_job.py:182} INFO - Started process (PID=231) to work on /home/airflow/.local/lib/python3.6/site-packages/airflow/example_dags/example_short_circuit_operator.py
[2021-06-23 05:38:36,740] {scheduler_job.py:633} INFO - Processing file /home/airflow/.local/lib/python3.6/site-packages/airflow/example_dags/example_short_circuit_operator.py for tasks to queue
[2021-06-23 05:38:36,742] {logging_mixin.py:104} INFO - [2021-06-23 05:38:36,742] {dagbag.py:487} INFO - Filling up the DagBag from /home/airflow/.local/lib/python3.6/site-packages/airflow/example_dags/example_short_circuit_operator.py
[2021-06-23 05:38:36,761] {scheduler_job.py:643} INFO - DAG(s) dict_keys(['example_short_circuit_operator']) retrieved from /home/airflow/.local/lib/python3.6/site-packages/airflow/example_dags/example_short_circuit_operator.py
[2021-06-23 05:38:36,800] {logging_mixin.py:104} INFO - [2021-06-23 05:38:36,800] {dag.py:1832} INFO - Sync 1 DAGs
[2021-06-23 05:38:36,824] {logging_mixin.py:104} INFO - [2021-06-23 05:38:36,824] {dag.py:2305} INFO - Setting next_dagrun for example_short_circuit_operator to 2021-06-21 00:00:00+00:00
[2021-06-23 05:38:36,837] {scheduler_job.py:190} INFO - Processing /home/airflow/.local/lib/python3.6/site-packages/airflow/example_dags/example_short_circuit_operator.py took 0.102 seconds
[2021-06-23 05:39:07,402] {scheduler_job.py:182} INFO - Started process (PID=301) to work on /home/airflow/.local/lib/python3.6/site-packages/airflow/example_dags/example_short_circuit_operator.py
[2021-06-23 05:39:07,404] {scheduler_job.py:633} INFO - Processing file /home/airflow/.local/lib/python3.6/site-packages/airflow/example_dags/example_short_circuit_operator.py for tasks to queue
[2021-06-23 05:39:07,405] {logging_mixin.py:104} INFO - [2021-06-23 05:39:07,405] {dagbag.py:487} INFO - Filling up the DagBag from /home/airflow/.local/lib/python3.6/site-packages/airflow/example_dags/example_short_circuit_operator.py
[2021-06-23 05:39:07,427] {scheduler_job.py:643} INFO - DAG(s) dict_keys(['example_short_circuit_operator']) retrieved from /home/airflow/.local/lib/python3.6/site-packages/airflow/example_dags/example_short_circuit_operator.py
[2021-06-23 05:39:07,460] {logging_mixin.py:104} INFO - [2021-06-23 05:39:07,460] {dag.py:1832} INFO - Sync 1 DAGs
[2021-06-23 05:39:07,492] {logging_mixin.py:104} INFO - [2021-06-23 05:39:07,491] {dag.py:2305} INFO - Setting next_dagrun for example_short_circuit_operator to 2021-06-21 00:00:00+00:00
[2021-06-23 05:39:07,510] {scheduler_job.py:190} INFO - Processing /home/airflow/.local/lib/python3.6/site-packages/airflow/example_dags/example_short_circuit_operator.py took 0.114 seconds
[2021-06-23 05:39:37,536] {scheduler_job.py:182} INFO - Started process (PID=372) to work on /home/airflow/.local/lib/python3.6/site-packages/airflow/example_dags/example_short_circuit_operator.py
[2021-06-23 05:39:37,542] {scheduler_job.py:633} INFO - Processing file /home/airflow/.local/lib/python3.6/site-packages/airflow/example_dags/example_short_circuit_operator.py for tasks to queue
[2021-06-23 05:39:37,546] {logging_mixin.py:104} INFO - [2021-06-23 05:39:37,546] {dagbag.py:487} INFO - Filling up the DagBag from /home/airflow/.local/lib/python3.6/site-packages/airflow/example_dags/example_short_circuit_operator.py
[2021-06-23 05:39:37,578] {scheduler_job.py:643} INFO - DAG(s) dict_keys(['example_short_circuit_operator']) retrieved from /home/airflow/.local/lib/python3.6/site-packages/airflow/example_dags/example_short_circuit_operator.py
[2021-06-23 05:39:37,643] {logging_mixin.py:104} INFO - [2021-06-23 05:39:37,643] {dag.py:1832} INFO - Sync 1 DAGs
[2021-06-23 05:39:37,691] {logging_mixin.py:104} INFO - [2021-06-23 05:39:37,690] {dag.py:2305} INFO - Setting next_dagrun for example_short_circuit_operator to 2021-06-21 00:00:00+00:00
[2021-06-23 05:39:37,718] {scheduler_job.py:190} INFO - Processing /home/airflow/.local/lib/python3.6/site-packages/airflow/example_dags/example_short_circuit_operator.py took 0.186 seconds
[2021-06-23 05:40:08,176] {scheduler_job.py:182} INFO - Started process (PID=436) to work on /home/airflow/.local/lib/python3.6/site-packages/airflow/example_dags/example_short_circuit_operator.py
[2021-06-23 05:40:08,178] {scheduler_job.py:633} INFO - Processing file /home/airflow/.local/lib/python3.6/site-packages/airflow/example_dags/example_short_circuit_operator.py for tasks to queue
[2021-06-23 05:40:08,179] {logging_mixin.py:104} INFO - [2021-06-23 05:40:08,179] {dagbag.py:487} INFO - Filling up the DagBag from /home/airflow/.local/lib/python3.6/site-packages/airflow/example_dags/example_short_circuit_operator.py
[2021-06-23 05:40:08,228] {scheduler_job.py:643} INFO - DAG(s) dict_keys(['example_short_circuit_operator']) retrieved from /home/airflow/.local/lib/python3.6/site-packages/airflow/example_dags/example_short_circuit_operator.py
[2021-06-23 05:40:08,310] {logging_mixin.py:104} INFO - [2021-06-23 05:40:08,310] {dag.py:1832} INFO - Sync 1 DAGs
[2021-06-23 05:40:08,375] {logging_mixin.py:104} INFO - [2021-06-23 05:40:08,375] {dag.py:2305} INFO - Setting next_dagrun for example_short_circuit_operator to 2021-06-21 00:00:00+00:00
[2021-06-23 05:40:08,469] {scheduler_job.py:190} INFO - Processing /home/airflow/.local/lib/python3.6/site-packages/airflow/example_dags/example_short_circuit_operator.py took 0.307 seconds
[2021-06-23 05:40:38,882] {scheduler_job.py:182} INFO - Started process (PID=499) to work on /home/airflow/.local/lib/python3.6/site-packages/airflow/example_dags/example_short_circuit_operator.py
[2021-06-23 05:40:38,889] {scheduler_job.py:633} INFO - Processing file /home/airflow/.local/lib/python3.6/site-packages/airflow/example_dags/example_short_circuit_operator.py for tasks to queue
[2021-06-23 05:40:38,890] {logging_mixin.py:104} INFO - [2021-06-23 05:40:38,890] {dagbag.py:487} INFO - Filling up the DagBag from /home/airflow/.local/lib/python3.6/site-packages/airflow/example_dags/example_short_circuit_operator.py
[2021-06-23 05:40:38,933] {scheduler_job.py:643} INFO - DAG(s) dict_keys(['example_short_circuit_operator']) retrieved from /home/airflow/.local/lib/python3.6/site-packages/airflow/example_dags/example_short_circuit_operator.py
[2021-06-23 05:40:38,990] {logging_mixin.py:104} INFO - [2021-06-23 05:40:38,990] {dag.py:1832} INFO - Sync 1 DAGs
[2021-06-23 05:40:39,017] {logging_mixin.py:104} INFO - [2021-06-23 05:40:39,017] {dag.py:2305} INFO - Setting next_dagrun for example_short_circuit_operator to 2021-06-21 00:00:00+00:00
[2021-06-23 05:40:39,037] {scheduler_job.py:190} INFO - Processing /home/airflow/.local/lib/python3.6/site-packages/airflow/example_dags/example_short_circuit_operator.py took 0.161 seconds
[2021-06-23 05:41:09,480] {scheduler_job.py:182} INFO - Started process (PID=563) to work on /home/airflow/.local/lib/python3.6/site-packages/airflow/example_dags/example_short_circuit_operator.py
[2021-06-23 05:41:09,484] {scheduler_job.py:633} INFO - Processing file /home/airflow/.local/lib/python3.6/site-packages/airflow/example_dags/example_short_circuit_operator.py for tasks to queue
[2021-06-23 05:41:09,485] {logging_mixin.py:104} INFO - [2021-06-23 05:41:09,485] {dagbag.py:487} INFO - Filling up the DagBag from /home/airflow/.local/lib/python3.6/site-packages/airflow/example_dags/example_short_circuit_operator.py
[2021-06-23 05:41:09,552] {scheduler_job.py:643} INFO - DAG(s) dict_keys(['example_short_circuit_operator']) retrieved from /home/airflow/.local/lib/python3.6/site-packages/airflow/example_dags/example_short_circuit_operator.py
[2021-06-23 05:41:09,701] {logging_mixin.py:104} INFO - [2021-06-23 05:41:09,701] {dag.py:1832} INFO - Sync 1 DAGs
[2021-06-23 05:41:09,748] {logging_mixin.py:104} INFO - [2021-06-23 05:41:09,747] {dag.py:2305} INFO - Setting next_dagrun for example_short_circuit_operator to 2021-06-21 00:00:00+00:00
[2021-06-23 05:41:09,790] {scheduler_job.py:190} INFO - Processing /home/airflow/.local/lib/python3.6/site-packages/airflow/example_dags/example_short_circuit_operator.py took 0.325 seconds
[2021-06-23 05:41:40,697] {scheduler_job.py:182} INFO - Started process (PID=628) to work on /home/airflow/.local/lib/python3.6/site-packages/airflow/example_dags/example_short_circuit_operator.py
[2021-06-23 05:41:40,699] {scheduler_job.py:633} INFO - Processing file /home/airflow/.local/lib/python3.6/site-packages/airflow/example_dags/example_short_circuit_operator.py for tasks to queue
[2021-06-23 05:41:40,700] {logging_mixin.py:104} INFO - [2021-06-23 05:41:40,700] {dagbag.py:487} INFO - Filling up the DagBag from /home/airflow/.local/lib/python3.6/site-packages/airflow/example_dags/example_short_circuit_operator.py
[2021-06-23 05:41:40,726] {scheduler_job.py:643} INFO - DAG(s) dict_keys(['example_short_circuit_operator']) retrieved from /home/airflow/.local/lib/python3.6/site-packages/airflow/example_dags/example_short_circuit_operator.py
[2021-06-23 05:41:40,778] {logging_mixin.py:104} INFO - [2021-06-23 05:41:40,778] {dag.py:1832} INFO - Sync 1 DAGs
[2021-06-23 05:41:40,806] {logging_mixin.py:104} INFO - [2021-06-23 05:41:40,806] {dag.py:2305} INFO - Setting next_dagrun for example_short_circuit_operator to 2021-06-21 00:00:00+00:00
[2021-06-23 05:41:40,848] {scheduler_job.py:190} INFO - Processing /home/airflow/.local/lib/python3.6/site-packages/airflow/example_dags/example_short_circuit_operator.py took 0.155 seconds
[2021-06-23 05:42:11,461] {scheduler_job.py:182} INFO - Started process (PID=689) to work on /home/airflow/.local/lib/python3.6/site-packages/airflow/example_dags/example_short_circuit_operator.py
[2021-06-23 05:42:11,469] {scheduler_job.py:633} INFO - Processing file /home/airflow/.local/lib/python3.6/site-packages/airflow/example_dags/example_short_circuit_operator.py for tasks to queue
[2021-06-23 05:42:11,470] {logging_mixin.py:104} INFO - [2021-06-23 05:42:11,470] {dagbag.py:487} INFO - Filling up the DagBag from /home/airflow/.local/lib/python3.6/site-packages/airflow/example_dags/example_short_circuit_operator.py
[2021-06-23 05:42:11,502] {scheduler_job.py:643} INFO - DAG(s) dict_keys(['example_short_circuit_operator']) retrieved from /home/airflow/.local/lib/python3.6/site-packages/airflow/example_dags/example_short_circuit_operator.py
[2021-06-23 05:42:11,545] {logging_mixin.py:104} INFO - [2021-06-23 05:42:11,545] {dag.py:1832} INFO - Sync 1 DAGs
[2021-06-23 05:42:11,582] {logging_mixin.py:104} INFO - [2021-06-23 05:42:11,582] {dag.py:2305} INFO - Setting next_dagrun for example_short_circuit_operator to 2021-06-21 00:00:00+00:00
[2021-06-23 05:42:11,598] {scheduler_job.py:190} INFO - Processing /home/airflow/.local/lib/python3.6/site-packages/airflow/example_dags/example_short_circuit_operator.py took 0.142 seconds
[2021-06-23 05:42:42,288] {scheduler_job.py:182} INFO - Started process (PID=764) to work on /home/airflow/.local/lib/python3.6/site-packages/airflow/example_dags/example_short_circuit_operator.py
[2021-06-23 05:42:42,290] {scheduler_job.py:633} INFO - Processing file /home/airflow/.local/lib/python3.6/site-packages/airflow/example_dags/example_short_circuit_operator.py for tasks to queue
[2021-06-23 05:42:42,292] {logging_mixin.py:104} INFO - [2021-06-23 05:42:42,291] {dagbag.py:487} INFO - Filling up the DagBag from /home/airflow/.local/lib/python3.6/site-packages/airflow/example_dags/example_short_circuit_operator.py
[2021-06-23 05:42:42,341] {scheduler_job.py:643} INFO - DAG(s) dict_keys(['example_short_circuit_operator']) retrieved from /home/airflow/.local/lib/python3.6/site-packages/airflow/example_dags/example_short_circuit_operator.py
[2021-06-23 05:42:42,421] {logging_mixin.py:104} INFO - [2021-06-23 05:42:42,421] {dag.py:1832} INFO - Sync 1 DAGs
[2021-06-23 05:42:42,447] {logging_mixin.py:104} INFO - [2021-06-23 05:42:42,447] {dag.py:2305} INFO - Setting next_dagrun for example_short_circuit_operator to 2021-06-21 00:00:00+00:00
[2021-06-23 05:42:42,479] {scheduler_job.py:190} INFO - Processing /home/airflow/.local/lib/python3.6/site-packages/airflow/example_dags/example_short_circuit_operator.py took 0.197 seconds
[2021-06-23 05:43:12,840] {scheduler_job.py:182} INFO - Started process (PID=829) to work on /home/airflow/.local/lib/python3.6/site-packages/airflow/example_dags/example_short_circuit_operator.py
[2021-06-23 05:43:12,842] {scheduler_job.py:633} INFO - Processing file /home/airflow/.local/lib/python3.6/site-packages/airflow/example_dags/example_short_circuit_operator.py for tasks to queue
[2021-06-23 05:43:12,844] {logging_mixin.py:104} INFO - [2021-06-23 05:43:12,844] {dagbag.py:487} INFO - Filling up the DagBag from /home/airflow/.local/lib/python3.6/site-packages/airflow/example_dags/example_short_circuit_operator.py
[2021-06-23 05:43:12,875] {scheduler_job.py:643} INFO - DAG(s) dict_keys(['example_short_circuit_operator']) retrieved from /home/airflow/.local/lib/python3.6/site-packages/airflow/example_dags/example_short_circuit_operator.py
[2021-06-23 05:43:12,918] {logging_mixin.py:104} INFO - [2021-06-23 05:43:12,918] {dag.py:1832} INFO - Sync 1 DAGs
[2021-06-23 05:43:12,942] {logging_mixin.py:104} INFO - [2021-06-23 05:43:12,942] {dag.py:2305} INFO - Setting next_dagrun for example_short_circuit_operator to 2021-06-21 00:00:00+00:00
[2021-06-23 05:43:12,964] {scheduler_job.py:190} INFO - Processing /home/airflow/.local/lib/python3.6/site-packages/airflow/example_dags/example_short_circuit_operator.py took 0.130 seconds
[2021-06-23 05:43:43,509] {scheduler_job.py:182} INFO - Started process (PID=894) to work on /home/airflow/.local/lib/python3.6/site-packages/airflow/example_dags/example_short_circuit_operator.py
[2021-06-23 05:43:43,510] {scheduler_job.py:633} INFO - Processing file /home/airflow/.local/lib/python3.6/site-packages/airflow/example_dags/example_short_circuit_operator.py for tasks to queue
[2021-06-23 05:43:43,512] {logging_mixin.py:104} INFO - [2021-06-23 05:43:43,512] {dagbag.py:487} INFO - Filling up the DagBag from /home/airflow/.local/lib/python3.6/site-packages/airflow/example_dags/example_short_circuit_operator.py
[2021-06-23 05:43:43,544] {scheduler_job.py:643} INFO - DAG(s) dict_keys(['example_short_circuit_operator']) retrieved from /home/airflow/.local/lib/python3.6/site-packages/airflow/example_dags/example_short_circuit_operator.py
[2021-06-23 05:43:43,612] {logging_mixin.py:104} INFO - [2021-06-23 05:43:43,612] {dag.py:1832} INFO - Sync 1 DAGs
[2021-06-23 05:43:43,688] {logging_mixin.py:104} INFO - [2021-06-23 05:43:43,688] {dag.py:2305} INFO - Setting next_dagrun for example_short_circuit_operator to 2021-06-21 00:00:00+00:00
[2021-06-23 05:43:43,724] {scheduler_job.py:190} INFO - Processing /home/airflow/.local/lib/python3.6/site-packages/airflow/example_dags/example_short_circuit_operator.py took 0.220 seconds
[2021-06-23 05:44:14,079] {scheduler_job.py:182} INFO - Started process (PID=956) to work on /home/airflow/.local/lib/python3.6/site-packages/airflow/example_dags/example_short_circuit_operator.py
[2021-06-23 05:44:14,080] {scheduler_job.py:633} INFO - Processing file /home/airflow/.local/lib/python3.6/site-packages/airflow/example_dags/example_short_circuit_operator.py for tasks to queue
[2021-06-23 05:44:14,081] {logging_mixin.py:104} INFO - [2021-06-23 05:44:14,081] {dagbag.py:487} INFO - Filling up the DagBag from /home/airflow/.local/lib/python3.6/site-packages/airflow/example_dags/example_short_circuit_operator.py
[2021-06-23 05:44:14,102] {scheduler_job.py:643} INFO - DAG(s) dict_keys(['example_short_circuit_operator']) retrieved from /home/airflow/.local/lib/python3.6/site-packages/airflow/example_dags/example_short_circuit_operator.py
[2021-06-23 05:44:14,129] {logging_mixin.py:104} INFO - [2021-06-23 05:44:14,129] {dag.py:1832} INFO - Sync 1 DAGs
[2021-06-23 05:44:14,159] {logging_mixin.py:104} INFO - [2021-06-23 05:44:14,158] {dag.py:2305} INFO - Setting next_dagrun for example_short_circuit_operator to 2021-06-21 00:00:00+00:00
[2021-06-23 05:44:14,185] {scheduler_job.py:190} INFO - Processing /home/airflow/.local/lib/python3.6/site-packages/airflow/example_dags/example_short_circuit_operator.py took 0.109 seconds
[2021-06-23 05:44:44,384] {scheduler_job.py:182} INFO - Started process (PID=1020) to work on /home/airflow/.local/lib/python3.6/site-packages/airflow/example_dags/example_short_circuit_operator.py
[2021-06-23 05:44:44,385] {scheduler_job.py:633} INFO - Processing file /home/airflow/.local/lib/python3.6/site-packages/airflow/example_dags/example_short_circuit_operator.py for tasks to queue
[2021-06-23 05:44:44,386] {logging_mixin.py:104} INFO - [2021-06-23 05:44:44,386] {dagbag.py:487} INFO - Filling up the DagBag from /home/airflow/.local/lib/python3.6/site-packages/airflow/example_dags/example_short_circuit_operator.py
[2021-06-23 05:44:44,419] {scheduler_job.py:643} INFO - DAG(s) dict_keys(['example_short_circuit_operator']) retrieved from /home/airflow/.local/lib/python3.6/site-packages/airflow/example_dags/example_short_circuit_operator.py
[2021-06-23 05:44:44,456] {logging_mixin.py:104} INFO - [2021-06-23 05:44:44,456] {dag.py:1832} INFO - Sync 1 DAGs
[2021-06-23 05:44:44,482] {logging_mixin.py:104} INFO - [2021-06-23 05:44:44,482] {dag.py:2305} INFO - Setting next_dagrun for example_short_circuit_operator to 2021-06-21 00:00:00+00:00
[2021-06-23 05:44:44,527] {scheduler_job.py:190} INFO - Processing /home/airflow/.local/lib/python3.6/site-packages/airflow/example_dags/example_short_circuit_operator.py took 0.151 seconds
[2021-06-23 05:45:15,410] {scheduler_job.py:182} INFO - Started process (PID=1081) to work on /home/airflow/.local/lib/python3.6/site-packages/airflow/example_dags/example_short_circuit_operator.py
[2021-06-23 05:45:15,412] {scheduler_job.py:633} INFO - Processing file /home/airflow/.local/lib/python3.6/site-packages/airflow/example_dags/example_short_circuit_operator.py for tasks to queue
[2021-06-23 05:45:15,413] {logging_mixin.py:104} INFO - [2021-06-23 05:45:15,412] {dagbag.py:487} INFO - Filling up the DagBag from /home/airflow/.local/lib/python3.6/site-packages/airflow/example_dags/example_short_circuit_operator.py
[2021-06-23 05:45:15,433] {scheduler_job.py:643} INFO - DAG(s) dict_keys(['example_short_circuit_operator']) retrieved from /home/airflow/.local/lib/python3.6/site-packages/airflow/example_dags/example_short_circuit_operator.py
[2021-06-23 05:45:15,459] {logging_mixin.py:104} INFO - [2021-06-23 05:45:15,459] {dag.py:1832} INFO - Sync 1 DAGs
[2021-06-23 05:45:15,482] {logging_mixin.py:104} INFO - [2021-06-23 05:45:15,481] {dag.py:2305} INFO - Setting next_dagrun for example_short_circuit_operator to 2021-06-21 00:00:00+00:00
[2021-06-23 05:45:15,499] {scheduler_job.py:190} INFO - Processing /home/airflow/.local/lib/python3.6/site-packages/airflow/example_dags/example_short_circuit_operator.py took 0.095 seconds
[2021-06-23 05:45:45,989] {scheduler_job.py:182} INFO - Started process (PID=1153) to work on /home/airflow/.local/lib/python3.6/site-packages/airflow/example_dags/example_short_circuit_operator.py
[2021-06-23 05:45:45,990] {scheduler_job.py:633} INFO - Processing file /home/airflow/.local/lib/python3.6/site-packages/airflow/example_dags/example_short_circuit_operator.py for tasks to queue
[2021-06-23 05:45:45,992] {logging_mixin.py:104} INFO - [2021-06-23 05:45:45,992] {dagbag.py:487} INFO - Filling up the DagBag from /home/airflow/.local/lib/python3.6/site-packages/airflow/example_dags/example_short_circuit_operator.py
[2021-06-23 05:45:46,027] {scheduler_job.py:643} INFO - DAG(s) dict_keys(['example_short_circuit_operator']) retrieved from /home/airflow/.local/lib/python3.6/site-packages/airflow/example_dags/example_short_circuit_operator.py
[2021-06-23 05:45:46,070] {logging_mixin.py:104} INFO - [2021-06-23 05:45:46,069] {dag.py:1832} INFO - Sync 1 DAGs
[2021-06-23 05:45:46,112] {logging_mixin.py:104} INFO - [2021-06-23 05:45:46,111] {dag.py:2305} INFO - Setting next_dagrun for example_short_circuit_operator to 2021-06-21 00:00:00+00:00
[2021-06-23 05:45:46,158] {scheduler_job.py:190} INFO - Processing /home/airflow/.local/lib/python3.6/site-packages/airflow/example_dags/example_short_circuit_operator.py took 0.175 seconds
[2021-06-23 05:46:16,493] {scheduler_job.py:182} INFO - Started process (PID=1219) to work on /home/airflow/.local/lib/python3.6/site-packages/airflow/example_dags/example_short_circuit_operator.py
[2021-06-23 05:46:16,495] {scheduler_job.py:633} INFO - Processing file /home/airflow/.local/lib/python3.6/site-packages/airflow/example_dags/example_short_circuit_operator.py for tasks to queue
[2021-06-23 05:46:16,509] {logging_mixin.py:104} INFO - [2021-06-23 05:46:16,509] {dagbag.py:487} INFO - Filling up the DagBag from /home/airflow/.local/lib/python3.6/site-packages/airflow/example_dags/example_short_circuit_operator.py
[2021-06-23 05:46:16,526] {scheduler_job.py:643} INFO - DAG(s) dict_keys(['example_short_circuit_operator']) retrieved from /home/airflow/.local/lib/python3.6/site-packages/airflow/example_dags/example_short_circuit_operator.py
[2021-06-23 05:46:16,564] {logging_mixin.py:104} INFO - [2021-06-23 05:46:16,564] {dag.py:1832} INFO - Sync 1 DAGs
[2021-06-23 05:46:16,601] {logging_mixin.py:104} INFO - [2021-06-23 05:46:16,601] {dag.py:2305} INFO - Setting next_dagrun for example_short_circuit_operator to 2021-06-21 00:00:00+00:00
[2021-06-23 05:46:16,621] {scheduler_job.py:190} INFO - Processing /home/airflow/.local/lib/python3.6/site-packages/airflow/example_dags/example_short_circuit_operator.py took 0.136 seconds
[2021-06-23 05:46:46,871] {scheduler_job.py:182} INFO - Started process (PID=1281) to work on /home/airflow/.local/lib/python3.6/site-packages/airflow/example_dags/example_short_circuit_operator.py
[2021-06-23 05:46:46,873] {scheduler_job.py:633} INFO - Processing file /home/airflow/.local/lib/python3.6/site-packages/airflow/example_dags/example_short_circuit_operator.py for tasks to queue
[2021-06-23 05:46:46,874] {logging_mixin.py:104} INFO - [2021-06-23 05:46:46,874] {dagbag.py:487} INFO - Filling up the DagBag from /home/airflow/.local/lib/python3.6/site-packages/airflow/example_dags/example_short_circuit_operator.py
[2021-06-23 05:46:46,899] {scheduler_job.py:643} INFO - DAG(s) dict_keys(['example_short_circuit_operator']) retrieved from /home/airflow/.local/lib/python3.6/site-packages/airflow/example_dags/example_short_circuit_operator.py
[2021-06-23 05:46:46,980] {logging_mixin.py:104} INFO - [2021-06-23 05:46:46,980] {dag.py:1832} INFO - Sync 1 DAGs
[2021-06-23 05:46:47,014] {logging_mixin.py:104} INFO - [2021-06-23 05:46:47,014] {dag.py:2305} INFO - Setting next_dagrun for example_short_circuit_operator to 2021-06-21 00:00:00+00:00
[2021-06-23 05:46:47,070] {scheduler_job.py:190} INFO - Processing /home/airflow/.local/lib/python3.6/site-packages/airflow/example_dags/example_short_circuit_operator.py took 0.205 seconds
[2021-06-23 05:47:17,951] {scheduler_job.py:182} INFO - Started process (PID=1345) to work on /home/airflow/.local/lib/python3.6/site-packages/airflow/example_dags/example_short_circuit_operator.py
[2021-06-23 05:47:17,960] {scheduler_job.py:633} INFO - Processing file /home/airflow/.local/lib/python3.6/site-packages/airflow/example_dags/example_short_circuit_operator.py for tasks to queue
[2021-06-23 05:47:17,964] {logging_mixin.py:104} INFO - [2021-06-23 05:47:17,964] {dagbag.py:487} INFO - Filling up the DagBag from /home/airflow/.local/lib/python3.6/site-packages/airflow/example_dags/example_short_circuit_operator.py
[2021-06-23 05:47:18,013] {scheduler_job.py:643} INFO - DAG(s) dict_keys(['example_short_circuit_operator']) retrieved from /home/airflow/.local/lib/python3.6/site-packages/airflow/example_dags/example_short_circuit_operator.py
[2021-06-23 05:47:18,056] {logging_mixin.py:104} INFO - [2021-06-23 05:47:18,056] {dag.py:1832} INFO - Sync 1 DAGs
[2021-06-23 05:47:18,100] {logging_mixin.py:104} INFO - [2021-06-23 05:47:18,100] {dag.py:2305} INFO - Setting next_dagrun for example_short_circuit_operator to 2021-06-21 00:00:00+00:00
[2021-06-23 05:47:18,134] {scheduler_job.py:190} INFO - Processing /home/airflow/.local/lib/python3.6/site-packages/airflow/example_dags/example_short_circuit_operator.py took 0.210 seconds
[2021-06-23 05:47:48,313] {scheduler_job.py:182} INFO - Started process (PID=1407) to work on /home/airflow/.local/lib/python3.6/site-packages/airflow/example_dags/example_short_circuit_operator.py
[2021-06-23 05:47:48,315] {scheduler_job.py:633} INFO - Processing file /home/airflow/.local/lib/python3.6/site-packages/airflow/example_dags/example_short_circuit_operator.py for tasks to queue
[2021-06-23 05:47:48,316] {logging_mixin.py:104} INFO - [2021-06-23 05:47:48,315] {dagbag.py:487} INFO - Filling up the DagBag from /home/airflow/.local/lib/python3.6/site-packages/airflow/example_dags/example_short_circuit_operator.py
[2021-06-23 05:47:48,331] {scheduler_job.py:643} INFO - DAG(s) dict_keys(['example_short_circuit_operator']) retrieved from /home/airflow/.local/lib/python3.6/site-packages/airflow/example_dags/example_short_circuit_operator.py
[2021-06-23 05:47:48,354] {logging_mixin.py:104} INFO - [2021-06-23 05:47:48,354] {dag.py:1832} INFO - Sync 1 DAGs
[2021-06-23 05:47:48,373] {logging_mixin.py:104} INFO - [2021-06-23 05:47:48,373] {dag.py:2305} INFO - Setting next_dagrun for example_short_circuit_operator to 2021-06-21 00:00:00+00:00
[2021-06-23 05:47:48,385] {scheduler_job.py:190} INFO - Processing /home/airflow/.local/lib/python3.6/site-packages/airflow/example_dags/example_short_circuit_operator.py took 0.075 seconds
[2021-06-23 05:48:18,928] {scheduler_job.py:182} INFO - Started process (PID=1468) to work on /home/airflow/.local/lib/python3.6/site-packages/airflow/example_dags/example_short_circuit_operator.py
[2021-06-23 05:48:18,930] {scheduler_job.py:633} INFO - Processing file /home/airflow/.local/lib/python3.6/site-packages/airflow/example_dags/example_short_circuit_operator.py for tasks to queue
[2021-06-23 05:48:18,931] {logging_mixin.py:104} INFO - [2021-06-23 05:48:18,930] {dagbag.py:487} INFO - Filling up the DagBag from /home/airflow/.local/lib/python3.6/site-packages/airflow/example_dags/example_short_circuit_operator.py
[2021-06-23 05:48:18,947] {scheduler_job.py:643} INFO - DAG(s) dict_keys(['example_short_circuit_operator']) retrieved from /home/airflow/.local/lib/python3.6/site-packages/airflow/example_dags/example_short_circuit_operator.py
[2021-06-23 05:48:18,975] {logging_mixin.py:104} INFO - [2021-06-23 05:48:18,975] {dag.py:1832} INFO - Sync 1 DAGs
[2021-06-23 05:48:18,999] {logging_mixin.py:104} INFO - [2021-06-23 05:48:18,999] {dag.py:2305} INFO - Setting next_dagrun for example_short_circuit_operator to 2021-06-21 00:00:00+00:00
[2021-06-23 05:48:19,020] {scheduler_job.py:190} INFO - Processing /home/airflow/.local/lib/python3.6/site-packages/airflow/example_dags/example_short_circuit_operator.py took 0.096 seconds
[2021-06-23 05:48:49,911] {scheduler_job.py:182} INFO - Started process (PID=1541) to work on /home/airflow/.local/lib/python3.6/site-packages/airflow/example_dags/example_short_circuit_operator.py
[2021-06-23 05:48:49,912] {scheduler_job.py:633} INFO - Processing file /home/airflow/.local/lib/python3.6/site-packages/airflow/example_dags/example_short_circuit_operator.py for tasks to queue
[2021-06-23 05:48:49,919] {logging_mixin.py:104} INFO - [2021-06-23 05:48:49,919] {dagbag.py:487} INFO - Filling up the DagBag from /home/airflow/.local/lib/python3.6/site-packages/airflow/example_dags/example_short_circuit_operator.py
[2021-06-23 05:48:49,943] {scheduler_job.py:643} INFO - DAG(s) dict_keys(['example_short_circuit_operator']) retrieved from /home/airflow/.local/lib/python3.6/site-packages/airflow/example_dags/example_short_circuit_operator.py
[2021-06-23 05:48:50,003] {logging_mixin.py:104} INFO - [2021-06-23 05:48:50,003] {dag.py:1832} INFO - Sync 1 DAGs
[2021-06-23 05:48:50,035] {logging_mixin.py:104} INFO - [2021-06-23 05:48:50,034] {dag.py:2305} INFO - Setting next_dagrun for example_short_circuit_operator to 2021-06-21 00:00:00+00:00
[2021-06-23 05:48:50,064] {scheduler_job.py:190} INFO - Processing /home/airflow/.local/lib/python3.6/site-packages/airflow/example_dags/example_short_circuit_operator.py took 0.162 seconds
[2021-06-23 05:49:20,171] {scheduler_job.py:182} INFO - Started process (PID=1609) to work on /home/airflow/.local/lib/python3.6/site-packages/airflow/example_dags/example_short_circuit_operator.py
[2021-06-23 05:49:20,181] {scheduler_job.py:633} INFO - Processing file /home/airflow/.local/lib/python3.6/site-packages/airflow/example_dags/example_short_circuit_operator.py for tasks to queue
[2021-06-23 05:49:20,182] {logging_mixin.py:104} INFO - [2021-06-23 05:49:20,181] {dagbag.py:487} INFO - Filling up the DagBag from /home/airflow/.local/lib/python3.6/site-packages/airflow/example_dags/example_short_circuit_operator.py
[2021-06-23 05:49:20,213] {scheduler_job.py:643} INFO - DAG(s) dict_keys(['example_short_circuit_operator']) retrieved from /home/airflow/.local/lib/python3.6/site-packages/airflow/example_dags/example_short_circuit_operator.py
[2021-06-23 05:49:20,275] {logging_mixin.py:104} INFO - [2021-06-23 05:49:20,264] {dag.py:1832} INFO - Sync 1 DAGs
[2021-06-23 05:49:20,316] {logging_mixin.py:104} INFO - [2021-06-23 05:49:20,316] {dag.py:2305} INFO - Setting next_dagrun for example_short_circuit_operator to 2021-06-21 00:00:00+00:00
[2021-06-23 05:49:20,334] {scheduler_job.py:190} INFO - Processing /home/airflow/.local/lib/python3.6/site-packages/airflow/example_dags/example_short_circuit_operator.py took 0.168 seconds
[2021-06-23 05:49:50,598] {scheduler_job.py:182} INFO - Started process (PID=1669) to work on /home/airflow/.local/lib/python3.6/site-packages/airflow/example_dags/example_short_circuit_operator.py
[2021-06-23 05:49:50,599] {scheduler_job.py:633} INFO - Processing file /home/airflow/.local/lib/python3.6/site-packages/airflow/example_dags/example_short_circuit_operator.py for tasks to queue
[2021-06-23 05:49:50,601] {logging_mixin.py:104} INFO - [2021-06-23 05:49:50,601] {dagbag.py:487} INFO - Filling up the DagBag from /home/airflow/.local/lib/python3.6/site-packages/airflow/example_dags/example_short_circuit_operator.py
[2021-06-23 05:49:50,624] {scheduler_job.py:643} INFO - DAG(s) dict_keys(['example_short_circuit_operator']) retrieved from /home/airflow/.local/lib/python3.6/site-packages/airflow/example_dags/example_short_circuit_operator.py
[2021-06-23 05:49:50,667] {logging_mixin.py:104} INFO - [2021-06-23 05:49:50,666] {dag.py:1832} INFO - Sync 1 DAGs
[2021-06-23 05:49:50,692] {logging_mixin.py:104} INFO - [2021-06-23 05:49:50,692] {dag.py:2305} INFO - Setting next_dagrun for example_short_circuit_operator to 2021-06-21 00:00:00+00:00
[2021-06-23 05:49:50,718] {scheduler_job.py:190} INFO - Processing /home/airflow/.local/lib/python3.6/site-packages/airflow/example_dags/example_short_circuit_operator.py took 0.124 seconds
[2021-06-23 05:50:20,965] {scheduler_job.py:182} INFO - Started process (PID=1730) to work on /home/airflow/.local/lib/python3.6/site-packages/airflow/example_dags/example_short_circuit_operator.py
[2021-06-23 05:50:20,967] {scheduler_job.py:633} INFO - Processing file /home/airflow/.local/lib/python3.6/site-packages/airflow/example_dags/example_short_circuit_operator.py for tasks to queue
[2021-06-23 05:50:20,967] {logging_mixin.py:104} INFO - [2021-06-23 05:50:20,967] {dagbag.py:487} INFO - Filling up the DagBag from /home/airflow/.local/lib/python3.6/site-packages/airflow/example_dags/example_short_circuit_operator.py
[2021-06-23 05:50:20,987] {scheduler_job.py:643} INFO - DAG(s) dict_keys(['example_short_circuit_operator']) retrieved from /home/airflow/.local/lib/python3.6/site-packages/airflow/example_dags/example_short_circuit_operator.py
[2021-06-23 05:50:21,014] {logging_mixin.py:104} INFO - [2021-06-23 05:50:21,014] {dag.py:1832} INFO - Sync 1 DAGs
[2021-06-23 05:50:21,040] {logging_mixin.py:104} INFO - [2021-06-23 05:50:21,040] {dag.py:2305} INFO - Setting next_dagrun for example_short_circuit_operator to 2021-06-21 00:00:00+00:00
[2021-06-23 05:50:21,059] {scheduler_job.py:190} INFO - Processing /home/airflow/.local/lib/python3.6/site-packages/airflow/example_dags/example_short_circuit_operator.py took 0.100 seconds
[2021-06-23 05:50:51,300] {scheduler_job.py:182} INFO - Started process (PID=1791) to work on /home/airflow/.local/lib/python3.6/site-packages/airflow/example_dags/example_short_circuit_operator.py
[2021-06-23 05:50:51,302] {scheduler_job.py:633} INFO - Processing file /home/airflow/.local/lib/python3.6/site-packages/airflow/example_dags/example_short_circuit_operator.py for tasks to queue
[2021-06-23 05:50:51,303] {logging_mixin.py:104} INFO - [2021-06-23 05:50:51,303] {dagbag.py:487} INFO - Filling up the DagBag from /home/airflow/.local/lib/python3.6/site-packages/airflow/example_dags/example_short_circuit_operator.py
[2021-06-23 05:50:51,329] {scheduler_job.py:643} INFO - DAG(s) dict_keys(['example_short_circuit_operator']) retrieved from /home/airflow/.local/lib/python3.6/site-packages/airflow/example_dags/example_short_circuit_operator.py
[2021-06-23 05:50:51,376] {logging_mixin.py:104} INFO - [2021-06-23 05:50:51,376] {dag.py:1832} INFO - Sync 1 DAGs
[2021-06-23 05:50:51,401] {logging_mixin.py:104} INFO - [2021-06-23 05:50:51,401] {dag.py:2305} INFO - Setting next_dagrun for example_short_circuit_operator to 2021-06-21 00:00:00+00:00
[2021-06-23 05:50:51,418] {scheduler_job.py:190} INFO - Processing /home/airflow/.local/lib/python3.6/site-packages/airflow/example_dags/example_short_circuit_operator.py took 0.126 seconds
[2021-06-23 05:51:21,549] {scheduler_job.py:182} INFO - Started process (PID=1853) to work on /home/airflow/.local/lib/python3.6/site-packages/airflow/example_dags/example_short_circuit_operator.py
[2021-06-23 05:51:21,551] {scheduler_job.py:633} INFO - Processing file /home/airflow/.local/lib/python3.6/site-packages/airflow/example_dags/example_short_circuit_operator.py for tasks to queue
[2021-06-23 05:51:21,552] {logging_mixin.py:104} INFO - [2021-06-23 05:51:21,551] {dagbag.py:487} INFO - Filling up the DagBag from /home/airflow/.local/lib/python3.6/site-packages/airflow/example_dags/example_short_circuit_operator.py
[2021-06-23 05:51:21,571] {scheduler_job.py:643} INFO - DAG(s) dict_keys(['example_short_circuit_operator']) retrieved from /home/airflow/.local/lib/python3.6/site-packages/airflow/example_dags/example_short_circuit_operator.py
[2021-06-23 05:51:21,603] {logging_mixin.py:104} INFO - [2021-06-23 05:51:21,602] {dag.py:1832} INFO - Sync 1 DAGs
[2021-06-23 05:51:21,625] {logging_mixin.py:104} INFO - [2021-06-23 05:51:21,625] {dag.py:2305} INFO - Setting next_dagrun for example_short_circuit_operator to 2021-06-21 00:00:00+00:00
[2021-06-23 05:51:21,651] {scheduler_job.py:190} INFO - Processing /home/airflow/.local/lib/python3.6/site-packages/airflow/example_dags/example_short_circuit_operator.py took 0.106 seconds
[2021-06-23 05:51:51,747] {scheduler_job.py:182} INFO - Started process (PID=1931) to work on /home/airflow/.local/lib/python3.6/site-packages/airflow/example_dags/example_short_circuit_operator.py
[2021-06-23 05:51:51,749] {scheduler_job.py:633} INFO - Processing file /home/airflow/.local/lib/python3.6/site-packages/airflow/example_dags/example_short_circuit_operator.py for tasks to queue
[2021-06-23 05:51:51,750] {logging_mixin.py:104} INFO - [2021-06-23 05:51:51,750] {dagbag.py:487} INFO - Filling up the DagBag from /home/airflow/.local/lib/python3.6/site-packages/airflow/example_dags/example_short_circuit_operator.py
[2021-06-23 05:51:51,772] {scheduler_job.py:643} INFO - DAG(s) dict_keys(['example_short_circuit_operator']) retrieved from /home/airflow/.local/lib/python3.6/site-packages/airflow/example_dags/example_short_circuit_operator.py
[2021-06-23 05:51:51,818] {logging_mixin.py:104} INFO - [2021-06-23 05:51:51,818] {dag.py:1832} INFO - Sync 1 DAGs
[2021-06-23 05:51:51,847] {logging_mixin.py:104} INFO - [2021-06-23 05:51:51,847] {dag.py:2305} INFO - Setting next_dagrun for example_short_circuit_operator to 2021-06-21 00:00:00+00:00
[2021-06-23 05:51:51,866] {scheduler_job.py:190} INFO - Processing /home/airflow/.local/lib/python3.6/site-packages/airflow/example_dags/example_short_circuit_operator.py took 0.123 seconds
[2021-06-23 05:52:22,189] {scheduler_job.py:182} INFO - Started process (PID=1997) to work on /home/airflow/.local/lib/python3.6/site-packages/airflow/example_dags/example_short_circuit_operator.py
[2021-06-23 05:52:22,192] {scheduler_job.py:633} INFO - Processing file /home/airflow/.local/lib/python3.6/site-packages/airflow/example_dags/example_short_circuit_operator.py for tasks to queue
[2021-06-23 05:52:22,198] {logging_mixin.py:104} INFO - [2021-06-23 05:52:22,198] {dagbag.py:487} INFO - Filling up the DagBag from /home/airflow/.local/lib/python3.6/site-packages/airflow/example_dags/example_short_circuit_operator.py
[2021-06-23 05:52:22,223] {scheduler_job.py:643} INFO - DAG(s) dict_keys(['example_short_circuit_operator']) retrieved from /home/airflow/.local/lib/python3.6/site-packages/airflow/example_dags/example_short_circuit_operator.py
[2021-06-23 05:52:22,339] {logging_mixin.py:104} INFO - [2021-06-23 05:52:22,339] {dag.py:1832} INFO - Sync 1 DAGs
[2021-06-23 05:52:22,400] {logging_mixin.py:104} INFO - [2021-06-23 05:52:22,400] {dag.py:2305} INFO - Setting next_dagrun for example_short_circuit_operator to 2021-06-21 00:00:00+00:00
[2021-06-23 05:52:22,442] {scheduler_job.py:190} INFO - Processing /home/airflow/.local/lib/python3.6/site-packages/airflow/example_dags/example_short_circuit_operator.py took 0.258 seconds
[2021-06-23 05:52:53,292] {scheduler_job.py:182} INFO - Started process (PID=2058) to work on /home/airflow/.local/lib/python3.6/site-packages/airflow/example_dags/example_short_circuit_operator.py
[2021-06-23 05:52:53,294] {scheduler_job.py:633} INFO - Processing file /home/airflow/.local/lib/python3.6/site-packages/airflow/example_dags/example_short_circuit_operator.py for tasks to queue
[2021-06-23 05:52:53,297] {logging_mixin.py:104} INFO - [2021-06-23 05:52:53,295] {dagbag.py:487} INFO - Filling up the DagBag from /home/airflow/.local/lib/python3.6/site-packages/airflow/example_dags/example_short_circuit_operator.py
[2021-06-23 05:52:53,328] {scheduler_job.py:643} INFO - DAG(s) dict_keys(['example_short_circuit_operator']) retrieved from /home/airflow/.local/lib/python3.6/site-packages/airflow/example_dags/example_short_circuit_operator.py
[2021-06-23 05:52:53,406] {logging_mixin.py:104} INFO - [2021-06-23 05:52:53,406] {dag.py:1832} INFO - Sync 1 DAGs
[2021-06-23 05:52:53,480] {logging_mixin.py:104} INFO - [2021-06-23 05:52:53,480] {dag.py:2305} INFO - Setting next_dagrun for example_short_circuit_operator to 2021-06-21 00:00:00+00:00
[2021-06-23 05:52:53,515] {scheduler_job.py:190} INFO - Processing /home/airflow/.local/lib/python3.6/site-packages/airflow/example_dags/example_short_circuit_operator.py took 0.237 seconds
[2021-06-23 05:53:23,811] {scheduler_job.py:182} INFO - Started process (PID=2122) to work on /home/airflow/.local/lib/python3.6/site-packages/airflow/example_dags/example_short_circuit_operator.py
[2021-06-23 05:53:23,818] {scheduler_job.py:633} INFO - Processing file /home/airflow/.local/lib/python3.6/site-packages/airflow/example_dags/example_short_circuit_operator.py for tasks to queue
[2021-06-23 05:53:23,820] {logging_mixin.py:104} INFO - [2021-06-23 05:53:23,820] {dagbag.py:487} INFO - Filling up the DagBag from /home/airflow/.local/lib/python3.6/site-packages/airflow/example_dags/example_short_circuit_operator.py
[2021-06-23 05:53:23,848] {scheduler_job.py:643} INFO - DAG(s) dict_keys(['example_short_circuit_operator']) retrieved from /home/airflow/.local/lib/python3.6/site-packages/airflow/example_dags/example_short_circuit_operator.py
[2021-06-23 05:53:23,932] {logging_mixin.py:104} INFO - [2021-06-23 05:53:23,932] {dag.py:1832} INFO - Sync 1 DAGs
[2021-06-23 05:53:23,963] {logging_mixin.py:104} INFO - [2021-06-23 05:53:23,963] {dag.py:2305} INFO - Setting next_dagrun for example_short_circuit_operator to 2021-06-21 00:00:00+00:00
[2021-06-23 05:53:23,981] {scheduler_job.py:190} INFO - Processing /home/airflow/.local/lib/python3.6/site-packages/airflow/example_dags/example_short_circuit_operator.py took 0.175 seconds
[2021-06-23 05:53:54,114] {scheduler_job.py:182} INFO - Started process (PID=2184) to work on /home/airflow/.local/lib/python3.6/site-packages/airflow/example_dags/example_short_circuit_operator.py
[2021-06-23 05:53:54,124] {scheduler_job.py:633} INFO - Processing file /home/airflow/.local/lib/python3.6/site-packages/airflow/example_dags/example_short_circuit_operator.py for tasks to queue
[2021-06-23 05:53:54,126] {logging_mixin.py:104} INFO - [2021-06-23 05:53:54,126] {dagbag.py:487} INFO - Filling up the DagBag from /home/airflow/.local/lib/python3.6/site-packages/airflow/example_dags/example_short_circuit_operator.py
[2021-06-23 05:53:54,165] {scheduler_job.py:643} INFO - DAG(s) dict_keys(['example_short_circuit_operator']) retrieved from /home/airflow/.local/lib/python3.6/site-packages/airflow/example_dags/example_short_circuit_operator.py
[2021-06-23 05:53:54,230] {logging_mixin.py:104} INFO - [2021-06-23 05:53:54,230] {dag.py:1832} INFO - Sync 1 DAGs
[2021-06-23 05:53:54,269] {logging_mixin.py:104} INFO - [2021-06-23 05:53:54,269] {dag.py:2305} INFO - Setting next_dagrun for example_short_circuit_operator to 2021-06-21 00:00:00+00:00
[2021-06-23 05:53:54,298] {scheduler_job.py:190} INFO - Processing /home/airflow/.local/lib/python3.6/site-packages/airflow/example_dags/example_short_circuit_operator.py took 0.190 seconds
[2021-06-23 05:54:25,076] {scheduler_job.py:182} INFO - Started process (PID=2246) to work on /home/airflow/.local/lib/python3.6/site-packages/airflow/example_dags/example_short_circuit_operator.py
[2021-06-23 05:54:25,077] {scheduler_job.py:633} INFO - Processing file /home/airflow/.local/lib/python3.6/site-packages/airflow/example_dags/example_short_circuit_operator.py for tasks to queue
[2021-06-23 05:54:25,078] {logging_mixin.py:104} INFO - [2021-06-23 05:54:25,078] {dagbag.py:487} INFO - Filling up the DagBag from /home/airflow/.local/lib/python3.6/site-packages/airflow/example_dags/example_short_circuit_operator.py
[2021-06-23 05:54:25,110] {scheduler_job.py:643} INFO - DAG(s) dict_keys(['example_short_circuit_operator']) retrieved from /home/airflow/.local/lib/python3.6/site-packages/airflow/example_dags/example_short_circuit_operator.py
[2021-06-23 05:54:25,150] {logging_mixin.py:104} INFO - [2021-06-23 05:54:25,150] {dag.py:1832} INFO - Sync 1 DAGs
[2021-06-23 05:54:25,168] {logging_mixin.py:104} INFO - [2021-06-23 05:54:25,168] {dag.py:2305} INFO - Setting next_dagrun for example_short_circuit_operator to 2021-06-21 00:00:00+00:00
[2021-06-23 05:54:25,180] {scheduler_job.py:190} INFO - Processing /home/airflow/.local/lib/python3.6/site-packages/airflow/example_dags/example_short_circuit_operator.py took 0.108 seconds
[2021-06-23 05:54:55,398] {scheduler_job.py:182} INFO - Started process (PID=2312) to work on /home/airflow/.local/lib/python3.6/site-packages/airflow/example_dags/example_short_circuit_operator.py
[2021-06-23 05:54:55,401] {scheduler_job.py:633} INFO - Processing file /home/airflow/.local/lib/python3.6/site-packages/airflow/example_dags/example_short_circuit_operator.py for tasks to queue
[2021-06-23 05:54:55,402] {logging_mixin.py:104} INFO - [2021-06-23 05:54:55,402] {dagbag.py:487} INFO - Filling up the DagBag from /home/airflow/.local/lib/python3.6/site-packages/airflow/example_dags/example_short_circuit_operator.py
[2021-06-23 05:54:55,419] {scheduler_job.py:643} INFO - DAG(s) dict_keys(['example_short_circuit_operator']) retrieved from /home/airflow/.local/lib/python3.6/site-packages/airflow/example_dags/example_short_circuit_operator.py
[2021-06-23 05:54:55,444] {logging_mixin.py:104} INFO - [2021-06-23 05:54:55,444] {dag.py:1832} INFO - Sync 1 DAGs
[2021-06-23 05:54:55,470] {logging_mixin.py:104} INFO - [2021-06-23 05:54:55,470] {dag.py:2305} INFO - Setting next_dagrun for example_short_circuit_operator to 2021-06-21 00:00:00+00:00
[2021-06-23 05:54:55,486] {scheduler_job.py:190} INFO - Processing /home/airflow/.local/lib/python3.6/site-packages/airflow/example_dags/example_short_circuit_operator.py took 0.093 seconds
[2021-06-23 05:55:25,601] {scheduler_job.py:182} INFO - Started process (PID=2384) to work on /home/airflow/.local/lib/python3.6/site-packages/airflow/example_dags/example_short_circuit_operator.py
[2021-06-23 05:55:25,603] {scheduler_job.py:633} INFO - Processing file /home/airflow/.local/lib/python3.6/site-packages/airflow/example_dags/example_short_circuit_operator.py for tasks to queue
[2021-06-23 05:55:25,609] {logging_mixin.py:104} INFO - [2021-06-23 05:55:25,608] {dagbag.py:487} INFO - Filling up the DagBag from /home/airflow/.local/lib/python3.6/site-packages/airflow/example_dags/example_short_circuit_operator.py
[2021-06-23 05:55:25,630] {scheduler_job.py:643} INFO - DAG(s) dict_keys(['example_short_circuit_operator']) retrieved from /home/airflow/.local/lib/python3.6/site-packages/airflow/example_dags/example_short_circuit_operator.py
[2021-06-23 05:55:25,672] {logging_mixin.py:104} INFO - [2021-06-23 05:55:25,672] {dag.py:1832} INFO - Sync 1 DAGs
[2021-06-23 05:55:25,698] {logging_mixin.py:104} INFO - [2021-06-23 05:55:25,697] {dag.py:2305} INFO - Setting next_dagrun for example_short_circuit_operator to 2021-06-21 00:00:00+00:00
[2021-06-23 05:55:25,724] {scheduler_job.py:190} INFO - Processing /home/airflow/.local/lib/python3.6/site-packages/airflow/example_dags/example_short_circuit_operator.py took 0.128 seconds
[2021-06-23 05:55:55,959] {scheduler_job.py:182} INFO - Started process (PID=2450) to work on /home/airflow/.local/lib/python3.6/site-packages/airflow/example_dags/example_short_circuit_operator.py
[2021-06-23 05:55:55,960] {scheduler_job.py:633} INFO - Processing file /home/airflow/.local/lib/python3.6/site-packages/airflow/example_dags/example_short_circuit_operator.py for tasks to queue
[2021-06-23 05:55:55,961] {logging_mixin.py:104} INFO - [2021-06-23 05:55:55,961] {dagbag.py:487} INFO - Filling up the DagBag from /home/airflow/.local/lib/python3.6/site-packages/airflow/example_dags/example_short_circuit_operator.py
[2021-06-23 05:55:55,977] {scheduler_job.py:643} INFO - DAG(s) dict_keys(['example_short_circuit_operator']) retrieved from /home/airflow/.local/lib/python3.6/site-packages/airflow/example_dags/example_short_circuit_operator.py
[2021-06-23 05:55:56,006] {logging_mixin.py:104} INFO - [2021-06-23 05:55:56,006] {dag.py:1832} INFO - Sync 1 DAGs
[2021-06-23 05:55:56,035] {logging_mixin.py:104} INFO - [2021-06-23 05:55:56,035] {dag.py:2305} INFO - Setting next_dagrun for example_short_circuit_operator to 2021-06-21 00:00:00+00:00
[2021-06-23 05:55:56,052] {scheduler_job.py:190} INFO - Processing /home/airflow/.local/lib/python3.6/site-packages/airflow/example_dags/example_short_circuit_operator.py took 0.098 seconds
[2021-06-23 05:56:26,354] {scheduler_job.py:182} INFO - Started process (PID=2513) to work on /home/airflow/.local/lib/python3.6/site-packages/airflow/example_dags/example_short_circuit_operator.py
[2021-06-23 05:56:26,356] {scheduler_job.py:633} INFO - Processing file /home/airflow/.local/lib/python3.6/site-packages/airflow/example_dags/example_short_circuit_operator.py for tasks to queue
[2021-06-23 05:56:26,357] {logging_mixin.py:104} INFO - [2021-06-23 05:56:26,357] {dagbag.py:487} INFO - Filling up the DagBag from /home/airflow/.local/lib/python3.6/site-packages/airflow/example_dags/example_short_circuit_operator.py
[2021-06-23 05:56:26,374] {scheduler_job.py:643} INFO - DAG(s) dict_keys(['example_short_circuit_operator']) retrieved from /home/airflow/.local/lib/python3.6/site-packages/airflow/example_dags/example_short_circuit_operator.py
[2021-06-23 05:56:26,409] {logging_mixin.py:104} INFO - [2021-06-23 05:56:26,409] {dag.py:1832} INFO - Sync 1 DAGs
[2021-06-23 05:56:26,437] {logging_mixin.py:104} INFO - [2021-06-23 05:56:26,437] {dag.py:2305} INFO - Setting next_dagrun for example_short_circuit_operator to 2021-06-21 00:00:00+00:00
[2021-06-23 05:56:26,468] {scheduler_job.py:190} INFO - Processing /home/airflow/.local/lib/python3.6/site-packages/airflow/example_dags/example_short_circuit_operator.py took 0.118 seconds
[2021-06-23 05:56:56,772] {scheduler_job.py:182} INFO - Started process (PID=2579) to work on /home/airflow/.local/lib/python3.6/site-packages/airflow/example_dags/example_short_circuit_operator.py
[2021-06-23 05:56:56,777] {scheduler_job.py:633} INFO - Processing file /home/airflow/.local/lib/python3.6/site-packages/airflow/example_dags/example_short_circuit_operator.py for tasks to queue
[2021-06-23 05:56:56,778] {logging_mixin.py:104} INFO - [2021-06-23 05:56:56,778] {dagbag.py:487} INFO - Filling up the DagBag from /home/airflow/.local/lib/python3.6/site-packages/airflow/example_dags/example_short_circuit_operator.py
[2021-06-23 05:56:56,811] {scheduler_job.py:643} INFO - DAG(s) dict_keys(['example_short_circuit_operator']) retrieved from /home/airflow/.local/lib/python3.6/site-packages/airflow/example_dags/example_short_circuit_operator.py
[2021-06-23 05:56:56,863] {logging_mixin.py:104} INFO - [2021-06-23 05:56:56,863] {dag.py:1832} INFO - Sync 1 DAGs
[2021-06-23 05:56:56,891] {logging_mixin.py:104} INFO - [2021-06-23 05:56:56,891] {dag.py:2305} INFO - Setting next_dagrun for example_short_circuit_operator to 2021-06-21 00:00:00+00:00
[2021-06-23 05:56:56,916] {scheduler_job.py:190} INFO - Processing /home/airflow/.local/lib/python3.6/site-packages/airflow/example_dags/example_short_circuit_operator.py took 0.153 seconds
[2021-06-23 05:57:27,006] {scheduler_job.py:182} INFO - Started process (PID=2641) to work on /home/airflow/.local/lib/python3.6/site-packages/airflow/example_dags/example_short_circuit_operator.py
[2021-06-23 05:57:27,008] {scheduler_job.py:633} INFO - Processing file /home/airflow/.local/lib/python3.6/site-packages/airflow/example_dags/example_short_circuit_operator.py for tasks to queue
[2021-06-23 05:57:27,009] {logging_mixin.py:104} INFO - [2021-06-23 05:57:27,009] {dagbag.py:487} INFO - Filling up the DagBag from /home/airflow/.local/lib/python3.6/site-packages/airflow/example_dags/example_short_circuit_operator.py
[2021-06-23 05:57:27,042] {scheduler_job.py:643} INFO - DAG(s) dict_keys(['example_short_circuit_operator']) retrieved from /home/airflow/.local/lib/python3.6/site-packages/airflow/example_dags/example_short_circuit_operator.py
[2021-06-23 05:57:27,085] {logging_mixin.py:104} INFO - [2021-06-23 05:57:27,084] {dag.py:1832} INFO - Sync 1 DAGs
[2021-06-23 05:57:27,115] {logging_mixin.py:104} INFO - [2021-06-23 05:57:27,114] {dag.py:2305} INFO - Setting next_dagrun for example_short_circuit_operator to 2021-06-21 00:00:00+00:00
[2021-06-23 05:57:27,133] {scheduler_job.py:190} INFO - Processing /home/airflow/.local/lib/python3.6/site-packages/airflow/example_dags/example_short_circuit_operator.py took 0.131 seconds
[2021-06-23 05:57:57,407] {scheduler_job.py:182} INFO - Started process (PID=2702) to work on /home/airflow/.local/lib/python3.6/site-packages/airflow/example_dags/example_short_circuit_operator.py
[2021-06-23 05:57:57,413] {scheduler_job.py:633} INFO - Processing file /home/airflow/.local/lib/python3.6/site-packages/airflow/example_dags/example_short_circuit_operator.py for tasks to queue
[2021-06-23 05:57:57,418] {logging_mixin.py:104} INFO - [2021-06-23 05:57:57,417] {dagbag.py:487} INFO - Filling up the DagBag from /home/airflow/.local/lib/python3.6/site-packages/airflow/example_dags/example_short_circuit_operator.py
[2021-06-23 05:57:57,449] {scheduler_job.py:643} INFO - DAG(s) dict_keys(['example_short_circuit_operator']) retrieved from /home/airflow/.local/lib/python3.6/site-packages/airflow/example_dags/example_short_circuit_operator.py
[2021-06-23 05:57:57,498] {logging_mixin.py:104} INFO - [2021-06-23 05:57:57,498] {dag.py:1832} INFO - Sync 1 DAGs
[2021-06-23 05:57:57,539] {logging_mixin.py:104} INFO - [2021-06-23 05:57:57,539] {dag.py:2305} INFO - Setting next_dagrun for example_short_circuit_operator to 2021-06-21 00:00:00+00:00
[2021-06-23 05:57:57,579] {scheduler_job.py:190} INFO - Processing /home/airflow/.local/lib/python3.6/site-packages/airflow/example_dags/example_short_circuit_operator.py took 0.177 seconds
[2021-06-23 05:58:27,967] {scheduler_job.py:182} INFO - Started process (PID=2765) to work on /home/airflow/.local/lib/python3.6/site-packages/airflow/example_dags/example_short_circuit_operator.py
[2021-06-23 05:58:27,970] {scheduler_job.py:633} INFO - Processing file /home/airflow/.local/lib/python3.6/site-packages/airflow/example_dags/example_short_circuit_operator.py for tasks to queue
[2021-06-23 05:58:27,974] {logging_mixin.py:104} INFO - [2021-06-23 05:58:27,973] {dagbag.py:487} INFO - Filling up the DagBag from /home/airflow/.local/lib/python3.6/site-packages/airflow/example_dags/example_short_circuit_operator.py
[2021-06-23 05:58:27,997] {scheduler_job.py:643} INFO - DAG(s) dict_keys(['example_short_circuit_operator']) retrieved from /home/airflow/.local/lib/python3.6/site-packages/airflow/example_dags/example_short_circuit_operator.py
[2021-06-23 05:58:28,033] {logging_mixin.py:104} INFO - [2021-06-23 05:58:28,033] {dag.py:1832} INFO - Sync 1 DAGs
[2021-06-23 05:58:28,066] {logging_mixin.py:104} INFO - [2021-06-23 05:58:28,065] {dag.py:2305} INFO - Setting next_dagrun for example_short_circuit_operator to 2021-06-21 00:00:00+00:00
[2021-06-23 05:58:28,099] {scheduler_job.py:190} INFO - Processing /home/airflow/.local/lib/python3.6/site-packages/airflow/example_dags/example_short_circuit_operator.py took 0.136 seconds
[2021-06-23 05:58:58,201] {scheduler_job.py:182} INFO - Started process (PID=2830) to work on /home/airflow/.local/lib/python3.6/site-packages/airflow/example_dags/example_short_circuit_operator.py
[2021-06-23 05:58:58,206] {scheduler_job.py:633} INFO - Processing file /home/airflow/.local/lib/python3.6/site-packages/airflow/example_dags/example_short_circuit_operator.py for tasks to queue
[2021-06-23 05:58:58,209] {logging_mixin.py:104} INFO - [2021-06-23 05:58:58,209] {dagbag.py:487} INFO - Filling up the DagBag from /home/airflow/.local/lib/python3.6/site-packages/airflow/example_dags/example_short_circuit_operator.py
[2021-06-23 05:58:58,241] {scheduler_job.py:643} INFO - DAG(s) dict_keys(['example_short_circuit_operator']) retrieved from /home/airflow/.local/lib/python3.6/site-packages/airflow/example_dags/example_short_circuit_operator.py
[2021-06-23 05:58:58,279] {logging_mixin.py:104} INFO - [2021-06-23 05:58:58,278] {dag.py:1832} INFO - Sync 1 DAGs
[2021-06-23 05:58:58,310] {logging_mixin.py:104} INFO - [2021-06-23 05:58:58,310] {dag.py:2305} INFO - Setting next_dagrun for example_short_circuit_operator to 2021-06-21 00:00:00+00:00
[2021-06-23 05:58:58,327] {scheduler_job.py:190} INFO - Processing /home/airflow/.local/lib/python3.6/site-packages/airflow/example_dags/example_short_circuit_operator.py took 0.130 seconds
[2021-06-23 05:59:29,582] {scheduler_job.py:182} INFO - Started process (PID=2906) to work on /home/airflow/.local/lib/python3.6/site-packages/airflow/example_dags/example_short_circuit_operator.py
[2021-06-23 05:59:29,611] {scheduler_job.py:633} INFO - Processing file /home/airflow/.local/lib/python3.6/site-packages/airflow/example_dags/example_short_circuit_operator.py for tasks to queue
[2021-06-23 05:59:29,618] {logging_mixin.py:104} INFO - [2021-06-23 05:59:29,618] {dagbag.py:487} INFO - Filling up the DagBag from /home/airflow/.local/lib/python3.6/site-packages/airflow/example_dags/example_short_circuit_operator.py
[2021-06-23 05:59:29,713] {scheduler_job.py:643} INFO - DAG(s) dict_keys(['example_short_circuit_operator']) retrieved from /home/airflow/.local/lib/python3.6/site-packages/airflow/example_dags/example_short_circuit_operator.py
[2021-06-23 05:59:29,849] {logging_mixin.py:104} INFO - [2021-06-23 05:59:29,848] {dag.py:1832} INFO - Sync 1 DAGs
[2021-06-23 05:59:29,922] {logging_mixin.py:104} INFO - [2021-06-23 05:59:29,922] {dag.py:2305} INFO - Setting next_dagrun for example_short_circuit_operator to 2021-06-21 00:00:00+00:00
[2021-06-23 05:59:29,956] {scheduler_job.py:190} INFO - Processing /home/airflow/.local/lib/python3.6/site-packages/airflow/example_dags/example_short_circuit_operator.py took 0.391 seconds
[2021-06-23 06:00:00,020] {scheduler_job.py:182} INFO - Started process (PID=2967) to work on /home/airflow/.local/lib/python3.6/site-packages/airflow/example_dags/example_short_circuit_operator.py
[2021-06-23 06:00:00,034] {scheduler_job.py:633} INFO - Processing file /home/airflow/.local/lib/python3.6/site-packages/airflow/example_dags/example_short_circuit_operator.py for tasks to queue
[2021-06-23 06:00:00,035] {logging_mixin.py:104} INFO - [2021-06-23 06:00:00,035] {dagbag.py:487} INFO - Filling up the DagBag from /home/airflow/.local/lib/python3.6/site-packages/airflow/example_dags/example_short_circuit_operator.py
[2021-06-23 06:00:00,069] {scheduler_job.py:643} INFO - DAG(s) dict_keys(['example_short_circuit_operator']) retrieved from /home/airflow/.local/lib/python3.6/site-packages/airflow/example_dags/example_short_circuit_operator.py
[2021-06-23 06:00:00,122] {logging_mixin.py:104} INFO - [2021-06-23 06:00:00,122] {dag.py:1832} INFO - Sync 1 DAGs
[2021-06-23 06:00:00,152] {logging_mixin.py:104} INFO - [2021-06-23 06:00:00,152] {dag.py:2305} INFO - Setting next_dagrun for example_short_circuit_operator to 2021-06-21 00:00:00+00:00
[2021-06-23 06:00:00,170] {scheduler_job.py:190} INFO - Processing /home/airflow/.local/lib/python3.6/site-packages/airflow/example_dags/example_short_circuit_operator.py took 0.155 seconds
[2021-06-23 06:00:30,379] {scheduler_job.py:182} INFO - Started process (PID=3031) to work on /home/airflow/.local/lib/python3.6/site-packages/airflow/example_dags/example_short_circuit_operator.py
[2021-06-23 06:00:30,380] {scheduler_job.py:633} INFO - Processing file /home/airflow/.local/lib/python3.6/site-packages/airflow/example_dags/example_short_circuit_operator.py for tasks to queue
[2021-06-23 06:00:30,381] {logging_mixin.py:104} INFO - [2021-06-23 06:00:30,381] {dagbag.py:487} INFO - Filling up the DagBag from /home/airflow/.local/lib/python3.6/site-packages/airflow/example_dags/example_short_circuit_operator.py
[2021-06-23 06:00:30,410] {scheduler_job.py:643} INFO - DAG(s) dict_keys(['example_short_circuit_operator']) retrieved from /home/airflow/.local/lib/python3.6/site-packages/airflow/example_dags/example_short_circuit_operator.py
[2021-06-23 06:00:30,447] {logging_mixin.py:104} INFO - [2021-06-23 06:00:30,447] {dag.py:1832} INFO - Sync 1 DAGs
[2021-06-23 06:00:30,472] {logging_mixin.py:104} INFO - [2021-06-23 06:00:30,471] {dag.py:2305} INFO - Setting next_dagrun for example_short_circuit_operator to 2021-06-21 00:00:00+00:00
[2021-06-23 06:00:30,489] {scheduler_job.py:190} INFO - Processing /home/airflow/.local/lib/python3.6/site-packages/airflow/example_dags/example_short_circuit_operator.py took 0.119 seconds
