[2021-06-23 05:37:19,123] {scheduler_job.py:182} INFO - Started process (PID=78) to work on /home/airflow/.local/lib/python3.6/site-packages/airflow/example_dags/example_bash_operator.py
[2021-06-23 05:37:19,125] {scheduler_job.py:633} INFO - Processing file /home/airflow/.local/lib/python3.6/site-packages/airflow/example_dags/example_bash_operator.py for tasks to queue
[2021-06-23 05:37:19,126] {logging_mixin.py:104} INFO - [2021-06-23 05:37:19,125] {dagbag.py:487} INFO - Filling up the DagBag from /home/airflow/.local/lib/python3.6/site-packages/airflow/example_dags/example_bash_operator.py
[2021-06-23 05:37:19,164] {scheduler_job.py:643} INFO - DAG(s) dict_keys(['example_bash_operator']) retrieved from /home/airflow/.local/lib/python3.6/site-packages/airflow/example_dags/example_bash_operator.py
[2021-06-23 05:37:19,878] {logging_mixin.py:104} INFO - [2021-06-23 05:37:19,878] {dag.py:1832} INFO - Sync 1 DAGs
[2021-06-23 05:37:19,940] {logging_mixin.py:104} INFO - [2021-06-23 05:37:19,940] {dag.py:2305} INFO - Setting next_dagrun for example_bash_operator to 2021-06-21 00:00:00+00:00
[2021-06-23 05:37:19,975] {scheduler_job.py:190} INFO - Processing /home/airflow/.local/lib/python3.6/site-packages/airflow/example_dags/example_bash_operator.py took 0.860 seconds
[2021-06-23 05:37:50,260] {scheduler_job.py:182} INFO - Started process (PID=141) to work on /home/airflow/.local/lib/python3.6/site-packages/airflow/example_dags/example_bash_operator.py
[2021-06-23 05:37:50,262] {scheduler_job.py:633} INFO - Processing file /home/airflow/.local/lib/python3.6/site-packages/airflow/example_dags/example_bash_operator.py for tasks to queue
[2021-06-23 05:37:50,276] {logging_mixin.py:104} INFO - [2021-06-23 05:37:50,276] {dagbag.py:487} INFO - Filling up the DagBag from /home/airflow/.local/lib/python3.6/site-packages/airflow/example_dags/example_bash_operator.py
[2021-06-23 05:37:50,314] {scheduler_job.py:643} INFO - DAG(s) dict_keys(['example_bash_operator']) retrieved from /home/airflow/.local/lib/python3.6/site-packages/airflow/example_dags/example_bash_operator.py
[2021-06-23 05:37:50,379] {logging_mixin.py:104} INFO - [2021-06-23 05:37:50,379] {dag.py:1832} INFO - Sync 1 DAGs
[2021-06-23 05:37:50,429] {logging_mixin.py:104} INFO - [2021-06-23 05:37:50,429] {dag.py:2305} INFO - Setting next_dagrun for example_bash_operator to 2021-06-21 00:00:00+00:00
[2021-06-23 05:37:50,452] {scheduler_job.py:190} INFO - Processing /home/airflow/.local/lib/python3.6/site-packages/airflow/example_dags/example_bash_operator.py took 0.211 seconds
[2021-06-23 05:38:20,948] {scheduler_job.py:182} INFO - Started process (PID=203) to work on /home/airflow/.local/lib/python3.6/site-packages/airflow/example_dags/example_bash_operator.py
[2021-06-23 05:38:20,951] {scheduler_job.py:633} INFO - Processing file /home/airflow/.local/lib/python3.6/site-packages/airflow/example_dags/example_bash_operator.py for tasks to queue
[2021-06-23 05:38:20,952] {logging_mixin.py:104} INFO - [2021-06-23 05:38:20,952] {dagbag.py:487} INFO - Filling up the DagBag from /home/airflow/.local/lib/python3.6/site-packages/airflow/example_dags/example_bash_operator.py
[2021-06-23 05:38:21,017] {scheduler_job.py:643} INFO - DAG(s) dict_keys(['example_bash_operator']) retrieved from /home/airflow/.local/lib/python3.6/site-packages/airflow/example_dags/example_bash_operator.py
[2021-06-23 05:38:21,073] {logging_mixin.py:104} INFO - [2021-06-23 05:38:21,073] {dag.py:1832} INFO - Sync 1 DAGs
[2021-06-23 05:38:21,148] {logging_mixin.py:104} INFO - [2021-06-23 05:38:21,148] {dag.py:2305} INFO - Setting next_dagrun for example_bash_operator to 2021-06-21 00:00:00+00:00
[2021-06-23 05:38:21,181] {scheduler_job.py:190} INFO - Processing /home/airflow/.local/lib/python3.6/site-packages/airflow/example_dags/example_bash_operator.py took 0.249 seconds
[2021-06-23 05:38:51,641] {scheduler_job.py:182} INFO - Started process (PID=267) to work on /home/airflow/.local/lib/python3.6/site-packages/airflow/example_dags/example_bash_operator.py
[2021-06-23 05:38:51,643] {scheduler_job.py:633} INFO - Processing file /home/airflow/.local/lib/python3.6/site-packages/airflow/example_dags/example_bash_operator.py for tasks to queue
[2021-06-23 05:38:51,644] {logging_mixin.py:104} INFO - [2021-06-23 05:38:51,644] {dagbag.py:487} INFO - Filling up the DagBag from /home/airflow/.local/lib/python3.6/site-packages/airflow/example_dags/example_bash_operator.py
[2021-06-23 05:38:51,670] {scheduler_job.py:643} INFO - DAG(s) dict_keys(['example_bash_operator']) retrieved from /home/airflow/.local/lib/python3.6/site-packages/airflow/example_dags/example_bash_operator.py
[2021-06-23 05:38:51,734] {logging_mixin.py:104} INFO - [2021-06-23 05:38:51,733] {dag.py:1832} INFO - Sync 1 DAGs
[2021-06-23 05:38:51,773] {logging_mixin.py:104} INFO - [2021-06-23 05:38:51,773] {dag.py:2305} INFO - Setting next_dagrun for example_bash_operator to 2021-06-21 00:00:00+00:00
[2021-06-23 05:38:51,799] {scheduler_job.py:190} INFO - Processing /home/airflow/.local/lib/python3.6/site-packages/airflow/example_dags/example_bash_operator.py took 0.171 seconds
[2021-06-23 05:39:22,607] {scheduler_job.py:182} INFO - Started process (PID=343) to work on /home/airflow/.local/lib/python3.6/site-packages/airflow/example_dags/example_bash_operator.py
[2021-06-23 05:39:22,609] {scheduler_job.py:633} INFO - Processing file /home/airflow/.local/lib/python3.6/site-packages/airflow/example_dags/example_bash_operator.py for tasks to queue
[2021-06-23 05:39:22,622] {logging_mixin.py:104} INFO - [2021-06-23 05:39:22,622] {dagbag.py:487} INFO - Filling up the DagBag from /home/airflow/.local/lib/python3.6/site-packages/airflow/example_dags/example_bash_operator.py
[2021-06-23 05:39:22,667] {scheduler_job.py:643} INFO - DAG(s) dict_keys(['example_bash_operator']) retrieved from /home/airflow/.local/lib/python3.6/site-packages/airflow/example_dags/example_bash_operator.py
[2021-06-23 05:39:22,714] {logging_mixin.py:104} INFO - [2021-06-23 05:39:22,714] {dag.py:1832} INFO - Sync 1 DAGs
[2021-06-23 05:39:22,760] {logging_mixin.py:104} INFO - [2021-06-23 05:39:22,760] {dag.py:2305} INFO - Setting next_dagrun for example_bash_operator to 2021-06-21 00:00:00+00:00
[2021-06-23 05:39:22,810] {scheduler_job.py:190} INFO - Processing /home/airflow/.local/lib/python3.6/site-packages/airflow/example_dags/example_bash_operator.py took 0.207 seconds
[2021-06-23 05:39:52,929] {scheduler_job.py:182} INFO - Started process (PID=407) to work on /home/airflow/.local/lib/python3.6/site-packages/airflow/example_dags/example_bash_operator.py
[2021-06-23 05:39:52,930] {scheduler_job.py:633} INFO - Processing file /home/airflow/.local/lib/python3.6/site-packages/airflow/example_dags/example_bash_operator.py for tasks to queue
[2021-06-23 05:39:52,931] {logging_mixin.py:104} INFO - [2021-06-23 05:39:52,931] {dagbag.py:487} INFO - Filling up the DagBag from /home/airflow/.local/lib/python3.6/site-packages/airflow/example_dags/example_bash_operator.py
[2021-06-23 05:39:52,955] {scheduler_job.py:643} INFO - DAG(s) dict_keys(['example_bash_operator']) retrieved from /home/airflow/.local/lib/python3.6/site-packages/airflow/example_dags/example_bash_operator.py
[2021-06-23 05:39:52,988] {logging_mixin.py:104} INFO - [2021-06-23 05:39:52,988] {dag.py:1832} INFO - Sync 1 DAGs
[2021-06-23 05:39:53,011] {logging_mixin.py:104} INFO - [2021-06-23 05:39:53,011] {dag.py:2305} INFO - Setting next_dagrun for example_bash_operator to 2021-06-21 00:00:00+00:00
[2021-06-23 05:39:53,028] {scheduler_job.py:190} INFO - Processing /home/airflow/.local/lib/python3.6/site-packages/airflow/example_dags/example_bash_operator.py took 0.103 seconds
[2021-06-23 05:40:23,132] {scheduler_job.py:182} INFO - Started process (PID=469) to work on /home/airflow/.local/lib/python3.6/site-packages/airflow/example_dags/example_bash_operator.py
[2021-06-23 05:40:23,136] {scheduler_job.py:633} INFO - Processing file /home/airflow/.local/lib/python3.6/site-packages/airflow/example_dags/example_bash_operator.py for tasks to queue
[2021-06-23 05:40:23,137] {logging_mixin.py:104} INFO - [2021-06-23 05:40:23,137] {dagbag.py:487} INFO - Filling up the DagBag from /home/airflow/.local/lib/python3.6/site-packages/airflow/example_dags/example_bash_operator.py
[2021-06-23 05:40:23,178] {scheduler_job.py:643} INFO - DAG(s) dict_keys(['example_bash_operator']) retrieved from /home/airflow/.local/lib/python3.6/site-packages/airflow/example_dags/example_bash_operator.py
[2021-06-23 05:40:23,229] {logging_mixin.py:104} INFO - [2021-06-23 05:40:23,229] {dag.py:1832} INFO - Sync 1 DAGs
[2021-06-23 05:40:23,291] {logging_mixin.py:104} INFO - [2021-06-23 05:40:23,290] {dag.py:2305} INFO - Setting next_dagrun for example_bash_operator to 2021-06-21 00:00:00+00:00
[2021-06-23 05:40:23,322] {scheduler_job.py:190} INFO - Processing /home/airflow/.local/lib/python3.6/site-packages/airflow/example_dags/example_bash_operator.py took 0.199 seconds
[2021-06-23 05:40:55,516] {scheduler_job.py:182} INFO - Started process (PID=533) to work on /home/airflow/.local/lib/python3.6/site-packages/airflow/example_dags/example_bash_operator.py
[2021-06-23 05:40:55,518] {scheduler_job.py:633} INFO - Processing file /home/airflow/.local/lib/python3.6/site-packages/airflow/example_dags/example_bash_operator.py for tasks to queue
[2021-06-23 05:40:55,519] {logging_mixin.py:104} INFO - [2021-06-23 05:40:55,519] {dagbag.py:487} INFO - Filling up the DagBag from /home/airflow/.local/lib/python3.6/site-packages/airflow/example_dags/example_bash_operator.py
[2021-06-23 05:40:55,569] {scheduler_job.py:643} INFO - DAG(s) dict_keys(['example_bash_operator']) retrieved from /home/airflow/.local/lib/python3.6/site-packages/airflow/example_dags/example_bash_operator.py
[2021-06-23 05:40:55,682] {logging_mixin.py:104} INFO - [2021-06-23 05:40:55,681] {dag.py:1832} INFO - Sync 1 DAGs
[2021-06-23 05:40:55,777] {logging_mixin.py:104} INFO - [2021-06-23 05:40:55,777] {dag.py:2305} INFO - Setting next_dagrun for example_bash_operator to 2021-06-21 00:00:00+00:00
[2021-06-23 05:40:55,829] {scheduler_job.py:190} INFO - Processing /home/airflow/.local/lib/python3.6/site-packages/airflow/example_dags/example_bash_operator.py took 0.318 seconds
[2021-06-23 05:41:27,834] {scheduler_job.py:182} INFO - Started process (PID=598) to work on /home/airflow/.local/lib/python3.6/site-packages/airflow/example_dags/example_bash_operator.py
[2021-06-23 05:41:27,836] {scheduler_job.py:633} INFO - Processing file /home/airflow/.local/lib/python3.6/site-packages/airflow/example_dags/example_bash_operator.py for tasks to queue
[2021-06-23 05:41:27,837] {logging_mixin.py:104} INFO - [2021-06-23 05:41:27,837] {dagbag.py:487} INFO - Filling up the DagBag from /home/airflow/.local/lib/python3.6/site-packages/airflow/example_dags/example_bash_operator.py
[2021-06-23 05:41:27,861] {scheduler_job.py:643} INFO - DAG(s) dict_keys(['example_bash_operator']) retrieved from /home/airflow/.local/lib/python3.6/site-packages/airflow/example_dags/example_bash_operator.py
[2021-06-23 05:41:27,904] {logging_mixin.py:104} INFO - [2021-06-23 05:41:27,904] {dag.py:1832} INFO - Sync 1 DAGs
[2021-06-23 05:41:27,938] {logging_mixin.py:104} INFO - [2021-06-23 05:41:27,937] {dag.py:2305} INFO - Setting next_dagrun for example_bash_operator to 2021-06-21 00:00:00+00:00
[2021-06-23 05:41:27,958] {scheduler_job.py:190} INFO - Processing /home/airflow/.local/lib/python3.6/site-packages/airflow/example_dags/example_bash_operator.py took 0.128 seconds
[2021-06-23 05:41:58,983] {scheduler_job.py:182} INFO - Started process (PID=660) to work on /home/airflow/.local/lib/python3.6/site-packages/airflow/example_dags/example_bash_operator.py
[2021-06-23 05:41:58,993] {scheduler_job.py:633} INFO - Processing file /home/airflow/.local/lib/python3.6/site-packages/airflow/example_dags/example_bash_operator.py for tasks to queue
[2021-06-23 05:41:58,996] {logging_mixin.py:104} INFO - [2021-06-23 05:41:58,996] {dagbag.py:487} INFO - Filling up the DagBag from /home/airflow/.local/lib/python3.6/site-packages/airflow/example_dags/example_bash_operator.py
[2021-06-23 05:41:59,095] {scheduler_job.py:643} INFO - DAG(s) dict_keys(['example_bash_operator']) retrieved from /home/airflow/.local/lib/python3.6/site-packages/airflow/example_dags/example_bash_operator.py
[2021-06-23 05:41:59,187] {logging_mixin.py:104} INFO - [2021-06-23 05:41:59,187] {dag.py:1832} INFO - Sync 1 DAGs
[2021-06-23 05:41:59,270] {logging_mixin.py:104} INFO - [2021-06-23 05:41:59,270] {dag.py:2305} INFO - Setting next_dagrun for example_bash_operator to 2021-06-21 00:00:00+00:00
[2021-06-23 05:41:59,311] {scheduler_job.py:190} INFO - Processing /home/airflow/.local/lib/python3.6/site-packages/airflow/example_dags/example_bash_operator.py took 0.334 seconds
[2021-06-23 05:42:30,103] {scheduler_job.py:182} INFO - Started process (PID=732) to work on /home/airflow/.local/lib/python3.6/site-packages/airflow/example_dags/example_bash_operator.py
[2021-06-23 05:42:30,105] {scheduler_job.py:633} INFO - Processing file /home/airflow/.local/lib/python3.6/site-packages/airflow/example_dags/example_bash_operator.py for tasks to queue
[2021-06-23 05:42:30,106] {logging_mixin.py:104} INFO - [2021-06-23 05:42:30,106] {dagbag.py:487} INFO - Filling up the DagBag from /home/airflow/.local/lib/python3.6/site-packages/airflow/example_dags/example_bash_operator.py
[2021-06-23 05:42:30,131] {scheduler_job.py:643} INFO - DAG(s) dict_keys(['example_bash_operator']) retrieved from /home/airflow/.local/lib/python3.6/site-packages/airflow/example_dags/example_bash_operator.py
[2021-06-23 05:42:30,172] {logging_mixin.py:104} INFO - [2021-06-23 05:42:30,172] {dag.py:1832} INFO - Sync 1 DAGs
[2021-06-23 05:42:30,199] {logging_mixin.py:104} INFO - [2021-06-23 05:42:30,199] {dag.py:2305} INFO - Setting next_dagrun for example_bash_operator to 2021-06-21 00:00:00+00:00
[2021-06-23 05:42:30,217] {scheduler_job.py:190} INFO - Processing /home/airflow/.local/lib/python3.6/site-packages/airflow/example_dags/example_bash_operator.py took 0.121 seconds
[2021-06-23 05:43:00,748] {scheduler_job.py:182} INFO - Started process (PID=799) to work on /home/airflow/.local/lib/python3.6/site-packages/airflow/example_dags/example_bash_operator.py
[2021-06-23 05:43:00,750] {scheduler_job.py:633} INFO - Processing file /home/airflow/.local/lib/python3.6/site-packages/airflow/example_dags/example_bash_operator.py for tasks to queue
[2021-06-23 05:43:00,751] {logging_mixin.py:104} INFO - [2021-06-23 05:43:00,751] {dagbag.py:487} INFO - Filling up the DagBag from /home/airflow/.local/lib/python3.6/site-packages/airflow/example_dags/example_bash_operator.py
[2021-06-23 05:43:00,776] {scheduler_job.py:643} INFO - DAG(s) dict_keys(['example_bash_operator']) retrieved from /home/airflow/.local/lib/python3.6/site-packages/airflow/example_dags/example_bash_operator.py
[2021-06-23 05:43:00,808] {logging_mixin.py:104} INFO - [2021-06-23 05:43:00,807] {dag.py:1832} INFO - Sync 1 DAGs
[2021-06-23 05:43:00,838] {logging_mixin.py:104} INFO - [2021-06-23 05:43:00,838] {dag.py:2305} INFO - Setting next_dagrun for example_bash_operator to 2021-06-21 00:00:00+00:00
[2021-06-23 05:43:00,868] {scheduler_job.py:190} INFO - Processing /home/airflow/.local/lib/python3.6/site-packages/airflow/example_dags/example_bash_operator.py took 0.125 seconds
[2021-06-23 05:43:31,547] {scheduler_job.py:182} INFO - Started process (PID=864) to work on /home/airflow/.local/lib/python3.6/site-packages/airflow/example_dags/example_bash_operator.py
[2021-06-23 05:43:31,549] {scheduler_job.py:633} INFO - Processing file /home/airflow/.local/lib/python3.6/site-packages/airflow/example_dags/example_bash_operator.py for tasks to queue
[2021-06-23 05:43:31,553] {logging_mixin.py:104} INFO - [2021-06-23 05:43:31,553] {dagbag.py:487} INFO - Filling up the DagBag from /home/airflow/.local/lib/python3.6/site-packages/airflow/example_dags/example_bash_operator.py
[2021-06-23 05:43:31,587] {scheduler_job.py:643} INFO - DAG(s) dict_keys(['example_bash_operator']) retrieved from /home/airflow/.local/lib/python3.6/site-packages/airflow/example_dags/example_bash_operator.py
[2021-06-23 05:43:31,636] {logging_mixin.py:104} INFO - [2021-06-23 05:43:31,636] {dag.py:1832} INFO - Sync 1 DAGs
[2021-06-23 05:43:31,681] {logging_mixin.py:104} INFO - [2021-06-23 05:43:31,681] {dag.py:2305} INFO - Setting next_dagrun for example_bash_operator to 2021-06-21 00:00:00+00:00
[2021-06-23 05:43:31,727] {scheduler_job.py:190} INFO - Processing /home/airflow/.local/lib/python3.6/site-packages/airflow/example_dags/example_bash_operator.py took 0.184 seconds
[2021-06-23 05:44:02,147] {scheduler_job.py:182} INFO - Started process (PID=926) to work on /home/airflow/.local/lib/python3.6/site-packages/airflow/example_dags/example_bash_operator.py
[2021-06-23 05:44:02,148] {scheduler_job.py:633} INFO - Processing file /home/airflow/.local/lib/python3.6/site-packages/airflow/example_dags/example_bash_operator.py for tasks to queue
[2021-06-23 05:44:02,154] {logging_mixin.py:104} INFO - [2021-06-23 05:44:02,154] {dagbag.py:487} INFO - Filling up the DagBag from /home/airflow/.local/lib/python3.6/site-packages/airflow/example_dags/example_bash_operator.py
[2021-06-23 05:44:02,214] {scheduler_job.py:643} INFO - DAG(s) dict_keys(['example_bash_operator']) retrieved from /home/airflow/.local/lib/python3.6/site-packages/airflow/example_dags/example_bash_operator.py
[2021-06-23 05:44:02,305] {logging_mixin.py:104} INFO - [2021-06-23 05:44:02,305] {dag.py:1832} INFO - Sync 1 DAGs
[2021-06-23 05:44:02,340] {logging_mixin.py:104} INFO - [2021-06-23 05:44:02,340] {dag.py:2305} INFO - Setting next_dagrun for example_bash_operator to 2021-06-21 00:00:00+00:00
[2021-06-23 05:44:02,373] {scheduler_job.py:190} INFO - Processing /home/airflow/.local/lib/python3.6/site-packages/airflow/example_dags/example_bash_operator.py took 0.231 seconds
[2021-06-23 05:44:32,793] {scheduler_job.py:182} INFO - Started process (PID=989) to work on /home/airflow/.local/lib/python3.6/site-packages/airflow/example_dags/example_bash_operator.py
[2021-06-23 05:44:32,795] {scheduler_job.py:633} INFO - Processing file /home/airflow/.local/lib/python3.6/site-packages/airflow/example_dags/example_bash_operator.py for tasks to queue
[2021-06-23 05:44:32,796] {logging_mixin.py:104} INFO - [2021-06-23 05:44:32,795] {dagbag.py:487} INFO - Filling up the DagBag from /home/airflow/.local/lib/python3.6/site-packages/airflow/example_dags/example_bash_operator.py
[2021-06-23 05:44:32,823] {scheduler_job.py:643} INFO - DAG(s) dict_keys(['example_bash_operator']) retrieved from /home/airflow/.local/lib/python3.6/site-packages/airflow/example_dags/example_bash_operator.py
[2021-06-23 05:44:32,855] {logging_mixin.py:104} INFO - [2021-06-23 05:44:32,855] {dag.py:1832} INFO - Sync 1 DAGs
[2021-06-23 05:44:32,903] {logging_mixin.py:104} INFO - [2021-06-23 05:44:32,902] {dag.py:2305} INFO - Setting next_dagrun for example_bash_operator to 2021-06-21 00:00:00+00:00
[2021-06-23 05:44:32,929] {scheduler_job.py:190} INFO - Processing /home/airflow/.local/lib/python3.6/site-packages/airflow/example_dags/example_bash_operator.py took 0.140 seconds
[2021-06-23 05:45:03,231] {scheduler_job.py:182} INFO - Started process (PID=1051) to work on /home/airflow/.local/lib/python3.6/site-packages/airflow/example_dags/example_bash_operator.py
[2021-06-23 05:45:03,232] {scheduler_job.py:633} INFO - Processing file /home/airflow/.local/lib/python3.6/site-packages/airflow/example_dags/example_bash_operator.py for tasks to queue
[2021-06-23 05:45:03,235] {logging_mixin.py:104} INFO - [2021-06-23 05:45:03,234] {dagbag.py:487} INFO - Filling up the DagBag from /home/airflow/.local/lib/python3.6/site-packages/airflow/example_dags/example_bash_operator.py
[2021-06-23 05:45:03,262] {scheduler_job.py:643} INFO - DAG(s) dict_keys(['example_bash_operator']) retrieved from /home/airflow/.local/lib/python3.6/site-packages/airflow/example_dags/example_bash_operator.py
[2021-06-23 05:45:03,300] {logging_mixin.py:104} INFO - [2021-06-23 05:45:03,300] {dag.py:1832} INFO - Sync 1 DAGs
[2021-06-23 05:45:03,340] {logging_mixin.py:104} INFO - [2021-06-23 05:45:03,340] {dag.py:2305} INFO - Setting next_dagrun for example_bash_operator to 2021-06-21 00:00:00+00:00
[2021-06-23 05:45:03,354] {scheduler_job.py:190} INFO - Processing /home/airflow/.local/lib/python3.6/site-packages/airflow/example_dags/example_bash_operator.py took 0.129 seconds
[2021-06-23 05:45:33,540] {scheduler_job.py:182} INFO - Started process (PID=1125) to work on /home/airflow/.local/lib/python3.6/site-packages/airflow/example_dags/example_bash_operator.py
[2021-06-23 05:45:33,547] {scheduler_job.py:633} INFO - Processing file /home/airflow/.local/lib/python3.6/site-packages/airflow/example_dags/example_bash_operator.py for tasks to queue
[2021-06-23 05:45:33,548] {logging_mixin.py:104} INFO - [2021-06-23 05:45:33,548] {dagbag.py:487} INFO - Filling up the DagBag from /home/airflow/.local/lib/python3.6/site-packages/airflow/example_dags/example_bash_operator.py
[2021-06-23 05:45:33,578] {scheduler_job.py:643} INFO - DAG(s) dict_keys(['example_bash_operator']) retrieved from /home/airflow/.local/lib/python3.6/site-packages/airflow/example_dags/example_bash_operator.py
[2021-06-23 05:45:33,642] {logging_mixin.py:104} INFO - [2021-06-23 05:45:33,642] {dag.py:1832} INFO - Sync 1 DAGs
[2021-06-23 05:45:33,691] {logging_mixin.py:104} INFO - [2021-06-23 05:45:33,691] {dag.py:2305} INFO - Setting next_dagrun for example_bash_operator to 2021-06-21 00:00:00+00:00
[2021-06-23 05:45:33,713] {scheduler_job.py:190} INFO - Processing /home/airflow/.local/lib/python3.6/site-packages/airflow/example_dags/example_bash_operator.py took 0.178 seconds
[2021-06-23 05:46:04,360] {scheduler_job.py:182} INFO - Started process (PID=1190) to work on /home/airflow/.local/lib/python3.6/site-packages/airflow/example_dags/example_bash_operator.py
[2021-06-23 05:46:04,366] {scheduler_job.py:633} INFO - Processing file /home/airflow/.local/lib/python3.6/site-packages/airflow/example_dags/example_bash_operator.py for tasks to queue
[2021-06-23 05:46:04,369] {logging_mixin.py:104} INFO - [2021-06-23 05:46:04,369] {dagbag.py:487} INFO - Filling up the DagBag from /home/airflow/.local/lib/python3.6/site-packages/airflow/example_dags/example_bash_operator.py
[2021-06-23 05:46:04,404] {scheduler_job.py:643} INFO - DAG(s) dict_keys(['example_bash_operator']) retrieved from /home/airflow/.local/lib/python3.6/site-packages/airflow/example_dags/example_bash_operator.py
[2021-06-23 05:46:04,466] {logging_mixin.py:104} INFO - [2021-06-23 05:46:04,465] {dag.py:1832} INFO - Sync 1 DAGs
[2021-06-23 05:46:04,524] {logging_mixin.py:104} INFO - [2021-06-23 05:46:04,523] {dag.py:2305} INFO - Setting next_dagrun for example_bash_operator to 2021-06-21 00:00:00+00:00
[2021-06-23 05:46:04,573] {scheduler_job.py:190} INFO - Processing /home/airflow/.local/lib/python3.6/site-packages/airflow/example_dags/example_bash_operator.py took 0.218 seconds
[2021-06-23 05:46:35,275] {scheduler_job.py:182} INFO - Started process (PID=1253) to work on /home/airflow/.local/lib/python3.6/site-packages/airflow/example_dags/example_bash_operator.py
[2021-06-23 05:46:35,277] {scheduler_job.py:633} INFO - Processing file /home/airflow/.local/lib/python3.6/site-packages/airflow/example_dags/example_bash_operator.py for tasks to queue
[2021-06-23 05:46:35,278] {logging_mixin.py:104} INFO - [2021-06-23 05:46:35,278] {dagbag.py:487} INFO - Filling up the DagBag from /home/airflow/.local/lib/python3.6/site-packages/airflow/example_dags/example_bash_operator.py
[2021-06-23 05:46:35,299] {scheduler_job.py:643} INFO - DAG(s) dict_keys(['example_bash_operator']) retrieved from /home/airflow/.local/lib/python3.6/site-packages/airflow/example_dags/example_bash_operator.py
[2021-06-23 05:46:35,338] {logging_mixin.py:104} INFO - [2021-06-23 05:46:35,338] {dag.py:1832} INFO - Sync 1 DAGs
[2021-06-23 05:46:35,365] {logging_mixin.py:104} INFO - [2021-06-23 05:46:35,364] {dag.py:2305} INFO - Setting next_dagrun for example_bash_operator to 2021-06-21 00:00:00+00:00
[2021-06-23 05:46:35,384] {scheduler_job.py:190} INFO - Processing /home/airflow/.local/lib/python3.6/site-packages/airflow/example_dags/example_bash_operator.py took 0.112 seconds
[2021-06-23 05:47:05,915] {scheduler_job.py:182} INFO - Started process (PID=1316) to work on /home/airflow/.local/lib/python3.6/site-packages/airflow/example_dags/example_bash_operator.py
[2021-06-23 05:47:05,920] {scheduler_job.py:633} INFO - Processing file /home/airflow/.local/lib/python3.6/site-packages/airflow/example_dags/example_bash_operator.py for tasks to queue
[2021-06-23 05:47:05,921] {logging_mixin.py:104} INFO - [2021-06-23 05:47:05,921] {dagbag.py:487} INFO - Filling up the DagBag from /home/airflow/.local/lib/python3.6/site-packages/airflow/example_dags/example_bash_operator.py
[2021-06-23 05:47:05,943] {scheduler_job.py:643} INFO - DAG(s) dict_keys(['example_bash_operator']) retrieved from /home/airflow/.local/lib/python3.6/site-packages/airflow/example_dags/example_bash_operator.py
[2021-06-23 05:47:05,987] {logging_mixin.py:104} INFO - [2021-06-23 05:47:05,986] {dag.py:1832} INFO - Sync 1 DAGs
[2021-06-23 05:47:06,020] {logging_mixin.py:104} INFO - [2021-06-23 05:47:06,020] {dag.py:2305} INFO - Setting next_dagrun for example_bash_operator to 2021-06-21 00:00:00+00:00
[2021-06-23 05:47:06,041] {scheduler_job.py:190} INFO - Processing /home/airflow/.local/lib/python3.6/site-packages/airflow/example_dags/example_bash_operator.py took 0.129 seconds
[2021-06-23 05:47:36,115] {scheduler_job.py:182} INFO - Started process (PID=1379) to work on /home/airflow/.local/lib/python3.6/site-packages/airflow/example_dags/example_bash_operator.py
[2021-06-23 05:47:36,117] {scheduler_job.py:633} INFO - Processing file /home/airflow/.local/lib/python3.6/site-packages/airflow/example_dags/example_bash_operator.py for tasks to queue
[2021-06-23 05:47:36,118] {logging_mixin.py:104} INFO - [2021-06-23 05:47:36,118] {dagbag.py:487} INFO - Filling up the DagBag from /home/airflow/.local/lib/python3.6/site-packages/airflow/example_dags/example_bash_operator.py
[2021-06-23 05:47:36,165] {scheduler_job.py:643} INFO - DAG(s) dict_keys(['example_bash_operator']) retrieved from /home/airflow/.local/lib/python3.6/site-packages/airflow/example_dags/example_bash_operator.py
[2021-06-23 05:47:36,206] {logging_mixin.py:104} INFO - [2021-06-23 05:47:36,206] {dag.py:1832} INFO - Sync 1 DAGs
[2021-06-23 05:47:36,248] {logging_mixin.py:104} INFO - [2021-06-23 05:47:36,247] {dag.py:2305} INFO - Setting next_dagrun for example_bash_operator to 2021-06-21 00:00:00+00:00
[2021-06-23 05:47:36,270] {scheduler_job.py:190} INFO - Processing /home/airflow/.local/lib/python3.6/site-packages/airflow/example_dags/example_bash_operator.py took 0.160 seconds
[2021-06-23 05:48:06,490] {scheduler_job.py:182} INFO - Started process (PID=1441) to work on /home/airflow/.local/lib/python3.6/site-packages/airflow/example_dags/example_bash_operator.py
[2021-06-23 05:48:06,493] {scheduler_job.py:633} INFO - Processing file /home/airflow/.local/lib/python3.6/site-packages/airflow/example_dags/example_bash_operator.py for tasks to queue
[2021-06-23 05:48:06,494] {logging_mixin.py:104} INFO - [2021-06-23 05:48:06,494] {dagbag.py:487} INFO - Filling up the DagBag from /home/airflow/.local/lib/python3.6/site-packages/airflow/example_dags/example_bash_operator.py
[2021-06-23 05:48:06,524] {scheduler_job.py:643} INFO - DAG(s) dict_keys(['example_bash_operator']) retrieved from /home/airflow/.local/lib/python3.6/site-packages/airflow/example_dags/example_bash_operator.py
[2021-06-23 05:48:06,578] {logging_mixin.py:104} INFO - [2021-06-23 05:48:06,578] {dag.py:1832} INFO - Sync 1 DAGs
[2021-06-23 05:48:06,656] {logging_mixin.py:104} INFO - [2021-06-23 05:48:06,656] {dag.py:2305} INFO - Setting next_dagrun for example_bash_operator to 2021-06-21 00:00:00+00:00
[2021-06-23 05:48:06,695] {scheduler_job.py:190} INFO - Processing /home/airflow/.local/lib/python3.6/site-packages/airflow/example_dags/example_bash_operator.py took 0.213 seconds
[2021-06-23 05:48:37,217] {scheduler_job.py:182} INFO - Started process (PID=1513) to work on /home/airflow/.local/lib/python3.6/site-packages/airflow/example_dags/example_bash_operator.py
[2021-06-23 05:48:37,218] {scheduler_job.py:633} INFO - Processing file /home/airflow/.local/lib/python3.6/site-packages/airflow/example_dags/example_bash_operator.py for tasks to queue
[2021-06-23 05:48:37,219] {logging_mixin.py:104} INFO - [2021-06-23 05:48:37,219] {dagbag.py:487} INFO - Filling up the DagBag from /home/airflow/.local/lib/python3.6/site-packages/airflow/example_dags/example_bash_operator.py
[2021-06-23 05:48:37,268] {scheduler_job.py:643} INFO - DAG(s) dict_keys(['example_bash_operator']) retrieved from /home/airflow/.local/lib/python3.6/site-packages/airflow/example_dags/example_bash_operator.py
[2021-06-23 05:48:37,324] {logging_mixin.py:104} INFO - [2021-06-23 05:48:37,324] {dag.py:1832} INFO - Sync 1 DAGs
[2021-06-23 05:48:37,387] {logging_mixin.py:104} INFO - [2021-06-23 05:48:37,386] {dag.py:2305} INFO - Setting next_dagrun for example_bash_operator to 2021-06-21 00:00:00+00:00
[2021-06-23 05:48:37,407] {scheduler_job.py:190} INFO - Processing /home/airflow/.local/lib/python3.6/site-packages/airflow/example_dags/example_bash_operator.py took 0.194 seconds
[2021-06-23 05:49:07,639] {scheduler_job.py:182} INFO - Started process (PID=1581) to work on /home/airflow/.local/lib/python3.6/site-packages/airflow/example_dags/example_bash_operator.py
[2021-06-23 05:49:07,641] {scheduler_job.py:633} INFO - Processing file /home/airflow/.local/lib/python3.6/site-packages/airflow/example_dags/example_bash_operator.py for tasks to queue
[2021-06-23 05:49:07,642] {logging_mixin.py:104} INFO - [2021-06-23 05:49:07,642] {dagbag.py:487} INFO - Filling up the DagBag from /home/airflow/.local/lib/python3.6/site-packages/airflow/example_dags/example_bash_operator.py
[2021-06-23 05:49:07,668] {scheduler_job.py:643} INFO - DAG(s) dict_keys(['example_bash_operator']) retrieved from /home/airflow/.local/lib/python3.6/site-packages/airflow/example_dags/example_bash_operator.py
[2021-06-23 05:49:07,706] {logging_mixin.py:104} INFO - [2021-06-23 05:49:07,706] {dag.py:1832} INFO - Sync 1 DAGs
[2021-06-23 05:49:07,756] {logging_mixin.py:104} INFO - [2021-06-23 05:49:07,755] {dag.py:2305} INFO - Setting next_dagrun for example_bash_operator to 2021-06-21 00:00:00+00:00
[2021-06-23 05:49:07,771] {scheduler_job.py:190} INFO - Processing /home/airflow/.local/lib/python3.6/site-packages/airflow/example_dags/example_bash_operator.py took 0.144 seconds
[2021-06-23 05:49:38,185] {scheduler_job.py:182} INFO - Started process (PID=1643) to work on /home/airflow/.local/lib/python3.6/site-packages/airflow/example_dags/example_bash_operator.py
[2021-06-23 05:49:38,186] {scheduler_job.py:633} INFO - Processing file /home/airflow/.local/lib/python3.6/site-packages/airflow/example_dags/example_bash_operator.py for tasks to queue
[2021-06-23 05:49:38,187] {logging_mixin.py:104} INFO - [2021-06-23 05:49:38,187] {dagbag.py:487} INFO - Filling up the DagBag from /home/airflow/.local/lib/python3.6/site-packages/airflow/example_dags/example_bash_operator.py
[2021-06-23 05:49:38,211] {scheduler_job.py:643} INFO - DAG(s) dict_keys(['example_bash_operator']) retrieved from /home/airflow/.local/lib/python3.6/site-packages/airflow/example_dags/example_bash_operator.py
[2021-06-23 05:49:38,271] {logging_mixin.py:104} INFO - [2021-06-23 05:49:38,271] {dag.py:1832} INFO - Sync 1 DAGs
[2021-06-23 05:49:38,338] {logging_mixin.py:104} INFO - [2021-06-23 05:49:38,338] {dag.py:2305} INFO - Setting next_dagrun for example_bash_operator to 2021-06-21 00:00:00+00:00
[2021-06-23 05:49:38,374] {scheduler_job.py:190} INFO - Processing /home/airflow/.local/lib/python3.6/site-packages/airflow/example_dags/example_bash_operator.py took 0.194 seconds
[2021-06-23 05:50:08,611] {scheduler_job.py:182} INFO - Started process (PID=1704) to work on /home/airflow/.local/lib/python3.6/site-packages/airflow/example_dags/example_bash_operator.py
[2021-06-23 05:50:08,619] {scheduler_job.py:633} INFO - Processing file /home/airflow/.local/lib/python3.6/site-packages/airflow/example_dags/example_bash_operator.py for tasks to queue
[2021-06-23 05:50:08,621] {logging_mixin.py:104} INFO - [2021-06-23 05:50:08,621] {dagbag.py:487} INFO - Filling up the DagBag from /home/airflow/.local/lib/python3.6/site-packages/airflow/example_dags/example_bash_operator.py
[2021-06-23 05:50:08,645] {scheduler_job.py:643} INFO - DAG(s) dict_keys(['example_bash_operator']) retrieved from /home/airflow/.local/lib/python3.6/site-packages/airflow/example_dags/example_bash_operator.py
[2021-06-23 05:50:08,693] {logging_mixin.py:104} INFO - [2021-06-23 05:50:08,693] {dag.py:1832} INFO - Sync 1 DAGs
[2021-06-23 05:50:08,724] {logging_mixin.py:104} INFO - [2021-06-23 05:50:08,724] {dag.py:2305} INFO - Setting next_dagrun for example_bash_operator to 2021-06-21 00:00:00+00:00
[2021-06-23 05:50:08,741] {scheduler_job.py:190} INFO - Processing /home/airflow/.local/lib/python3.6/site-packages/airflow/example_dags/example_bash_operator.py took 0.135 seconds
[2021-06-23 05:50:38,946] {scheduler_job.py:182} INFO - Started process (PID=1766) to work on /home/airflow/.local/lib/python3.6/site-packages/airflow/example_dags/example_bash_operator.py
[2021-06-23 05:50:38,953] {scheduler_job.py:633} INFO - Processing file /home/airflow/.local/lib/python3.6/site-packages/airflow/example_dags/example_bash_operator.py for tasks to queue
[2021-06-23 05:50:38,954] {logging_mixin.py:104} INFO - [2021-06-23 05:50:38,954] {dagbag.py:487} INFO - Filling up the DagBag from /home/airflow/.local/lib/python3.6/site-packages/airflow/example_dags/example_bash_operator.py
[2021-06-23 05:50:38,989] {scheduler_job.py:643} INFO - DAG(s) dict_keys(['example_bash_operator']) retrieved from /home/airflow/.local/lib/python3.6/site-packages/airflow/example_dags/example_bash_operator.py
[2021-06-23 05:50:39,078] {logging_mixin.py:104} INFO - [2021-06-23 05:50:39,078] {dag.py:1832} INFO - Sync 1 DAGs
[2021-06-23 05:50:39,168] {logging_mixin.py:104} INFO - [2021-06-23 05:50:39,168] {dag.py:2305} INFO - Setting next_dagrun for example_bash_operator to 2021-06-21 00:00:00+00:00
[2021-06-23 05:50:39,237] {scheduler_job.py:190} INFO - Processing /home/airflow/.local/lib/python3.6/site-packages/airflow/example_dags/example_bash_operator.py took 0.300 seconds
[2021-06-23 05:51:09,353] {scheduler_job.py:182} INFO - Started process (PID=1835) to work on /home/airflow/.local/lib/python3.6/site-packages/airflow/example_dags/example_bash_operator.py
[2021-06-23 05:51:09,355] {scheduler_job.py:633} INFO - Processing file /home/airflow/.local/lib/python3.6/site-packages/airflow/example_dags/example_bash_operator.py for tasks to queue
[2021-06-23 05:51:09,356] {logging_mixin.py:104} INFO - [2021-06-23 05:51:09,356] {dagbag.py:487} INFO - Filling up the DagBag from /home/airflow/.local/lib/python3.6/site-packages/airflow/example_dags/example_bash_operator.py
[2021-06-23 05:51:09,399] {scheduler_job.py:643} INFO - DAG(s) dict_keys(['example_bash_operator']) retrieved from /home/airflow/.local/lib/python3.6/site-packages/airflow/example_dags/example_bash_operator.py
[2021-06-23 05:51:09,453] {logging_mixin.py:104} INFO - [2021-06-23 05:51:09,452] {dag.py:1832} INFO - Sync 1 DAGs
[2021-06-23 05:51:09,536] {logging_mixin.py:104} INFO - [2021-06-23 05:51:09,536] {dag.py:2305} INFO - Setting next_dagrun for example_bash_operator to 2021-06-21 00:00:00+00:00
[2021-06-23 05:51:09,568] {scheduler_job.py:190} INFO - Processing /home/airflow/.local/lib/python3.6/site-packages/airflow/example_dags/example_bash_operator.py took 0.225 seconds
[2021-06-23 05:51:40,043] {scheduler_job.py:182} INFO - Started process (PID=1906) to work on /home/airflow/.local/lib/python3.6/site-packages/airflow/example_dags/example_bash_operator.py
[2021-06-23 05:51:40,044] {scheduler_job.py:633} INFO - Processing file /home/airflow/.local/lib/python3.6/site-packages/airflow/example_dags/example_bash_operator.py for tasks to queue
[2021-06-23 05:51:40,045] {logging_mixin.py:104} INFO - [2021-06-23 05:51:40,045] {dagbag.py:487} INFO - Filling up the DagBag from /home/airflow/.local/lib/python3.6/site-packages/airflow/example_dags/example_bash_operator.py
[2021-06-23 05:51:40,094] {scheduler_job.py:643} INFO - DAG(s) dict_keys(['example_bash_operator']) retrieved from /home/airflow/.local/lib/python3.6/site-packages/airflow/example_dags/example_bash_operator.py
[2021-06-23 05:51:40,241] {logging_mixin.py:104} INFO - [2021-06-23 05:51:40,241] {dag.py:1832} INFO - Sync 1 DAGs
[2021-06-23 05:51:40,331] {logging_mixin.py:104} INFO - [2021-06-23 05:51:40,330] {dag.py:2305} INFO - Setting next_dagrun for example_bash_operator to 2021-06-21 00:00:00+00:00
[2021-06-23 05:51:40,371] {scheduler_job.py:190} INFO - Processing /home/airflow/.local/lib/python3.6/site-packages/airflow/example_dags/example_bash_operator.py took 0.349 seconds
[2021-06-23 05:52:10,787] {scheduler_job.py:182} INFO - Started process (PID=1970) to work on /home/airflow/.local/lib/python3.6/site-packages/airflow/example_dags/example_bash_operator.py
[2021-06-23 05:52:10,798] {scheduler_job.py:633} INFO - Processing file /home/airflow/.local/lib/python3.6/site-packages/airflow/example_dags/example_bash_operator.py for tasks to queue
[2021-06-23 05:52:10,799] {logging_mixin.py:104} INFO - [2021-06-23 05:52:10,799] {dagbag.py:487} INFO - Filling up the DagBag from /home/airflow/.local/lib/python3.6/site-packages/airflow/example_dags/example_bash_operator.py
[2021-06-23 05:52:10,865] {scheduler_job.py:643} INFO - DAG(s) dict_keys(['example_bash_operator']) retrieved from /home/airflow/.local/lib/python3.6/site-packages/airflow/example_dags/example_bash_operator.py
[2021-06-23 05:52:10,952] {logging_mixin.py:104} INFO - [2021-06-23 05:52:10,952] {dag.py:1832} INFO - Sync 1 DAGs
[2021-06-23 05:52:11,024] {logging_mixin.py:104} INFO - [2021-06-23 05:52:11,024] {dag.py:2305} INFO - Setting next_dagrun for example_bash_operator to 2021-06-21 00:00:00+00:00
[2021-06-23 05:52:11,082] {scheduler_job.py:190} INFO - Processing /home/airflow/.local/lib/python3.6/site-packages/airflow/example_dags/example_bash_operator.py took 0.300 seconds
[2021-06-23 05:52:41,571] {scheduler_job.py:182} INFO - Started process (PID=2034) to work on /home/airflow/.local/lib/python3.6/site-packages/airflow/example_dags/example_bash_operator.py
[2021-06-23 05:52:41,572] {scheduler_job.py:633} INFO - Processing file /home/airflow/.local/lib/python3.6/site-packages/airflow/example_dags/example_bash_operator.py for tasks to queue
[2021-06-23 05:52:41,576] {logging_mixin.py:104} INFO - [2021-06-23 05:52:41,573] {dagbag.py:487} INFO - Filling up the DagBag from /home/airflow/.local/lib/python3.6/site-packages/airflow/example_dags/example_bash_operator.py
[2021-06-23 05:52:41,611] {scheduler_job.py:643} INFO - DAG(s) dict_keys(['example_bash_operator']) retrieved from /home/airflow/.local/lib/python3.6/site-packages/airflow/example_dags/example_bash_operator.py
[2021-06-23 05:52:41,658] {logging_mixin.py:104} INFO - [2021-06-23 05:52:41,658] {dag.py:1832} INFO - Sync 1 DAGs
[2021-06-23 05:52:41,707] {logging_mixin.py:104} INFO - [2021-06-23 05:52:41,707] {dag.py:2305} INFO - Setting next_dagrun for example_bash_operator to 2021-06-21 00:00:00+00:00
[2021-06-23 05:52:41,743] {scheduler_job.py:190} INFO - Processing /home/airflow/.local/lib/python3.6/site-packages/airflow/example_dags/example_bash_operator.py took 0.178 seconds
[2021-06-23 05:53:11,967] {scheduler_job.py:182} INFO - Started process (PID=2096) to work on /home/airflow/.local/lib/python3.6/site-packages/airflow/example_dags/example_bash_operator.py
[2021-06-23 05:53:11,968] {scheduler_job.py:633} INFO - Processing file /home/airflow/.local/lib/python3.6/site-packages/airflow/example_dags/example_bash_operator.py for tasks to queue
[2021-06-23 05:53:11,970] {logging_mixin.py:104} INFO - [2021-06-23 05:53:11,970] {dagbag.py:487} INFO - Filling up the DagBag from /home/airflow/.local/lib/python3.6/site-packages/airflow/example_dags/example_bash_operator.py
[2021-06-23 05:53:12,009] {scheduler_job.py:643} INFO - DAG(s) dict_keys(['example_bash_operator']) retrieved from /home/airflow/.local/lib/python3.6/site-packages/airflow/example_dags/example_bash_operator.py
[2021-06-23 05:53:12,056] {logging_mixin.py:104} INFO - [2021-06-23 05:53:12,056] {dag.py:1832} INFO - Sync 1 DAGs
[2021-06-23 05:53:12,132] {logging_mixin.py:104} INFO - [2021-06-23 05:53:12,131] {dag.py:2305} INFO - Setting next_dagrun for example_bash_operator to 2021-06-21 00:00:00+00:00
[2021-06-23 05:53:12,190] {scheduler_job.py:190} INFO - Processing /home/airflow/.local/lib/python3.6/site-packages/airflow/example_dags/example_bash_operator.py took 0.227 seconds
[2021-06-23 05:53:42,716] {scheduler_job.py:182} INFO - Started process (PID=2158) to work on /home/airflow/.local/lib/python3.6/site-packages/airflow/example_dags/example_bash_operator.py
[2021-06-23 05:53:42,719] {scheduler_job.py:633} INFO - Processing file /home/airflow/.local/lib/python3.6/site-packages/airflow/example_dags/example_bash_operator.py for tasks to queue
[2021-06-23 05:53:42,720] {logging_mixin.py:104} INFO - [2021-06-23 05:53:42,720] {dagbag.py:487} INFO - Filling up the DagBag from /home/airflow/.local/lib/python3.6/site-packages/airflow/example_dags/example_bash_operator.py
[2021-06-23 05:53:42,777] {scheduler_job.py:643} INFO - DAG(s) dict_keys(['example_bash_operator']) retrieved from /home/airflow/.local/lib/python3.6/site-packages/airflow/example_dags/example_bash_operator.py
[2021-06-23 05:53:42,851] {logging_mixin.py:104} INFO - [2021-06-23 05:53:42,851] {dag.py:1832} INFO - Sync 1 DAGs
[2021-06-23 05:53:42,889] {logging_mixin.py:104} INFO - [2021-06-23 05:53:42,889] {dag.py:2305} INFO - Setting next_dagrun for example_bash_operator to 2021-06-21 00:00:00+00:00
[2021-06-23 05:53:42,913] {scheduler_job.py:190} INFO - Processing /home/airflow/.local/lib/python3.6/site-packages/airflow/example_dags/example_bash_operator.py took 0.225 seconds
[2021-06-23 05:54:13,525] {scheduler_job.py:182} INFO - Started process (PID=2221) to work on /home/airflow/.local/lib/python3.6/site-packages/airflow/example_dags/example_bash_operator.py
[2021-06-23 05:54:13,543] {scheduler_job.py:633} INFO - Processing file /home/airflow/.local/lib/python3.6/site-packages/airflow/example_dags/example_bash_operator.py for tasks to queue
[2021-06-23 05:54:13,559] {logging_mixin.py:104} INFO - [2021-06-23 05:54:13,559] {dagbag.py:487} INFO - Filling up the DagBag from /home/airflow/.local/lib/python3.6/site-packages/airflow/example_dags/example_bash_operator.py
[2021-06-23 05:54:13,645] {scheduler_job.py:643} INFO - DAG(s) dict_keys(['example_bash_operator']) retrieved from /home/airflow/.local/lib/python3.6/site-packages/airflow/example_dags/example_bash_operator.py
[2021-06-23 05:54:13,724] {logging_mixin.py:104} INFO - [2021-06-23 05:54:13,724] {dag.py:1832} INFO - Sync 1 DAGs
[2021-06-23 05:54:13,815] {logging_mixin.py:104} INFO - [2021-06-23 05:54:13,815] {dag.py:2305} INFO - Setting next_dagrun for example_bash_operator to 2021-06-21 00:00:00+00:00
[2021-06-23 05:54:13,884] {scheduler_job.py:190} INFO - Processing /home/airflow/.local/lib/python3.6/site-packages/airflow/example_dags/example_bash_operator.py took 0.392 seconds
[2021-06-23 05:54:43,998] {scheduler_job.py:182} INFO - Started process (PID=2297) to work on /home/airflow/.local/lib/python3.6/site-packages/airflow/example_dags/example_bash_operator.py
[2021-06-23 05:54:43,999] {scheduler_job.py:633} INFO - Processing file /home/airflow/.local/lib/python3.6/site-packages/airflow/example_dags/example_bash_operator.py for tasks to queue
[2021-06-23 05:54:44,001] {logging_mixin.py:104} INFO - [2021-06-23 05:54:44,000] {dagbag.py:487} INFO - Filling up the DagBag from /home/airflow/.local/lib/python3.6/site-packages/airflow/example_dags/example_bash_operator.py
[2021-06-23 05:54:44,035] {scheduler_job.py:643} INFO - DAG(s) dict_keys(['example_bash_operator']) retrieved from /home/airflow/.local/lib/python3.6/site-packages/airflow/example_dags/example_bash_operator.py
[2021-06-23 05:54:44,110] {logging_mixin.py:104} INFO - [2021-06-23 05:54:44,110] {dag.py:1832} INFO - Sync 1 DAGs
[2021-06-23 05:54:44,278] {logging_mixin.py:104} INFO - [2021-06-23 05:54:44,277] {dag.py:2305} INFO - Setting next_dagrun for example_bash_operator to 2021-06-21 00:00:00+00:00
[2021-06-23 05:54:44,313] {scheduler_job.py:190} INFO - Processing /home/airflow/.local/lib/python3.6/site-packages/airflow/example_dags/example_bash_operator.py took 0.319 seconds
[2021-06-23 05:55:14,509] {scheduler_job.py:182} INFO - Started process (PID=2363) to work on /home/airflow/.local/lib/python3.6/site-packages/airflow/example_dags/example_bash_operator.py
[2021-06-23 05:55:14,534] {scheduler_job.py:633} INFO - Processing file /home/airflow/.local/lib/python3.6/site-packages/airflow/example_dags/example_bash_operator.py for tasks to queue
[2021-06-23 05:55:14,535] {logging_mixin.py:104} INFO - [2021-06-23 05:55:14,535] {dagbag.py:487} INFO - Filling up the DagBag from /home/airflow/.local/lib/python3.6/site-packages/airflow/example_dags/example_bash_operator.py
[2021-06-23 05:55:14,589] {scheduler_job.py:643} INFO - DAG(s) dict_keys(['example_bash_operator']) retrieved from /home/airflow/.local/lib/python3.6/site-packages/airflow/example_dags/example_bash_operator.py
[2021-06-23 05:55:14,841] {logging_mixin.py:104} INFO - [2021-06-23 05:55:14,841] {dag.py:1832} INFO - Sync 1 DAGs
[2021-06-23 05:55:14,905] {logging_mixin.py:104} INFO - [2021-06-23 05:55:14,905] {dag.py:2305} INFO - Setting next_dagrun for example_bash_operator to 2021-06-21 00:00:00+00:00
[2021-06-23 05:55:14,925] {scheduler_job.py:190} INFO - Processing /home/airflow/.local/lib/python3.6/site-packages/airflow/example_dags/example_bash_operator.py took 0.422 seconds
[2021-06-23 05:55:45,358] {scheduler_job.py:182} INFO - Started process (PID=2425) to work on /home/airflow/.local/lib/python3.6/site-packages/airflow/example_dags/example_bash_operator.py
[2021-06-23 05:55:45,370] {scheduler_job.py:633} INFO - Processing file /home/airflow/.local/lib/python3.6/site-packages/airflow/example_dags/example_bash_operator.py for tasks to queue
[2021-06-23 05:55:45,371] {logging_mixin.py:104} INFO - [2021-06-23 05:55:45,371] {dagbag.py:487} INFO - Filling up the DagBag from /home/airflow/.local/lib/python3.6/site-packages/airflow/example_dags/example_bash_operator.py
[2021-06-23 05:55:45,450] {scheduler_job.py:643} INFO - DAG(s) dict_keys(['example_bash_operator']) retrieved from /home/airflow/.local/lib/python3.6/site-packages/airflow/example_dags/example_bash_operator.py
[2021-06-23 05:55:45,564] {logging_mixin.py:104} INFO - [2021-06-23 05:55:45,564] {dag.py:1832} INFO - Sync 1 DAGs
[2021-06-23 05:55:45,679] {logging_mixin.py:104} INFO - [2021-06-23 05:55:45,679] {dag.py:2305} INFO - Setting next_dagrun for example_bash_operator to 2021-06-21 00:00:00+00:00
[2021-06-23 05:55:45,732] {scheduler_job.py:190} INFO - Processing /home/airflow/.local/lib/python3.6/site-packages/airflow/example_dags/example_bash_operator.py took 0.390 seconds
[2021-06-23 05:56:16,546] {scheduler_job.py:182} INFO - Started process (PID=2486) to work on /home/airflow/.local/lib/python3.6/site-packages/airflow/example_dags/example_bash_operator.py
[2021-06-23 05:56:16,548] {scheduler_job.py:633} INFO - Processing file /home/airflow/.local/lib/python3.6/site-packages/airflow/example_dags/example_bash_operator.py for tasks to queue
[2021-06-23 05:56:16,549] {logging_mixin.py:104} INFO - [2021-06-23 05:56:16,549] {dagbag.py:487} INFO - Filling up the DagBag from /home/airflow/.local/lib/python3.6/site-packages/airflow/example_dags/example_bash_operator.py
[2021-06-23 05:56:16,596] {scheduler_job.py:643} INFO - DAG(s) dict_keys(['example_bash_operator']) retrieved from /home/airflow/.local/lib/python3.6/site-packages/airflow/example_dags/example_bash_operator.py
[2021-06-23 05:56:16,647] {logging_mixin.py:104} INFO - [2021-06-23 05:56:16,646] {dag.py:1832} INFO - Sync 1 DAGs
[2021-06-23 05:56:16,712] {logging_mixin.py:104} INFO - [2021-06-23 05:56:16,712] {dag.py:2305} INFO - Setting next_dagrun for example_bash_operator to 2021-06-21 00:00:00+00:00
[2021-06-23 05:56:16,741] {scheduler_job.py:190} INFO - Processing /home/airflow/.local/lib/python3.6/site-packages/airflow/example_dags/example_bash_operator.py took 0.203 seconds
[2021-06-23 05:56:47,811] {scheduler_job.py:182} INFO - Started process (PID=2562) to work on /home/airflow/.local/lib/python3.6/site-packages/airflow/example_dags/example_bash_operator.py
[2021-06-23 05:56:47,814] {scheduler_job.py:633} INFO - Processing file /home/airflow/.local/lib/python3.6/site-packages/airflow/example_dags/example_bash_operator.py for tasks to queue
[2021-06-23 05:56:47,815] {logging_mixin.py:104} INFO - [2021-06-23 05:56:47,815] {dagbag.py:487} INFO - Filling up the DagBag from /home/airflow/.local/lib/python3.6/site-packages/airflow/example_dags/example_bash_operator.py
[2021-06-23 05:56:47,845] {scheduler_job.py:643} INFO - DAG(s) dict_keys(['example_bash_operator']) retrieved from /home/airflow/.local/lib/python3.6/site-packages/airflow/example_dags/example_bash_operator.py
[2021-06-23 05:56:47,881] {logging_mixin.py:104} INFO - [2021-06-23 05:56:47,880] {dag.py:1832} INFO - Sync 1 DAGs
[2021-06-23 05:56:47,927] {logging_mixin.py:104} INFO - [2021-06-23 05:56:47,927] {dag.py:2305} INFO - Setting next_dagrun for example_bash_operator to 2021-06-21 00:00:00+00:00
[2021-06-23 05:56:47,976] {scheduler_job.py:190} INFO - Processing /home/airflow/.local/lib/python3.6/site-packages/airflow/example_dags/example_bash_operator.py took 0.177 seconds
[2021-06-23 05:57:19,721] {scheduler_job.py:182} INFO - Started process (PID=2625) to work on /home/airflow/.local/lib/python3.6/site-packages/airflow/example_dags/example_bash_operator.py
[2021-06-23 05:57:19,723] {scheduler_job.py:633} INFO - Processing file /home/airflow/.local/lib/python3.6/site-packages/airflow/example_dags/example_bash_operator.py for tasks to queue
[2021-06-23 05:57:19,724] {logging_mixin.py:104} INFO - [2021-06-23 05:57:19,724] {dagbag.py:487} INFO - Filling up the DagBag from /home/airflow/.local/lib/python3.6/site-packages/airflow/example_dags/example_bash_operator.py
[2021-06-23 05:57:19,779] {scheduler_job.py:643} INFO - DAG(s) dict_keys(['example_bash_operator']) retrieved from /home/airflow/.local/lib/python3.6/site-packages/airflow/example_dags/example_bash_operator.py
[2021-06-23 05:57:19,838] {logging_mixin.py:104} INFO - [2021-06-23 05:57:19,838] {dag.py:1832} INFO - Sync 1 DAGs
[2021-06-23 05:57:19,880] {logging_mixin.py:104} INFO - [2021-06-23 05:57:19,879] {dag.py:2305} INFO - Setting next_dagrun for example_bash_operator to 2021-06-21 00:00:00+00:00
[2021-06-23 05:57:19,965] {scheduler_job.py:190} INFO - Processing /home/airflow/.local/lib/python3.6/site-packages/airflow/example_dags/example_bash_operator.py took 0.256 seconds
[2021-06-23 05:57:50,037] {scheduler_job.py:182} INFO - Started process (PID=2686) to work on /home/airflow/.local/lib/python3.6/site-packages/airflow/example_dags/example_bash_operator.py
[2021-06-23 05:57:50,039] {scheduler_job.py:633} INFO - Processing file /home/airflow/.local/lib/python3.6/site-packages/airflow/example_dags/example_bash_operator.py for tasks to queue
[2021-06-23 05:57:50,045] {logging_mixin.py:104} INFO - [2021-06-23 05:57:50,044] {dagbag.py:487} INFO - Filling up the DagBag from /home/airflow/.local/lib/python3.6/site-packages/airflow/example_dags/example_bash_operator.py
[2021-06-23 05:57:50,109] {scheduler_job.py:643} INFO - DAG(s) dict_keys(['example_bash_operator']) retrieved from /home/airflow/.local/lib/python3.6/site-packages/airflow/example_dags/example_bash_operator.py
[2021-06-23 05:57:50,159] {logging_mixin.py:104} INFO - [2021-06-23 05:57:50,157] {dag.py:1832} INFO - Sync 1 DAGs
[2021-06-23 05:57:50,274] {logging_mixin.py:104} INFO - [2021-06-23 05:57:50,274] {dag.py:2305} INFO - Setting next_dagrun for example_bash_operator to 2021-06-21 00:00:00+00:00
[2021-06-23 05:57:50,317] {scheduler_job.py:190} INFO - Processing /home/airflow/.local/lib/python3.6/site-packages/airflow/example_dags/example_bash_operator.py took 0.301 seconds
[2021-06-23 05:58:20,638] {scheduler_job.py:182} INFO - Started process (PID=2752) to work on /home/airflow/.local/lib/python3.6/site-packages/airflow/example_dags/example_bash_operator.py
[2021-06-23 05:58:20,676] {scheduler_job.py:633} INFO - Processing file /home/airflow/.local/lib/python3.6/site-packages/airflow/example_dags/example_bash_operator.py for tasks to queue
[2021-06-23 05:58:20,678] {logging_mixin.py:104} INFO - [2021-06-23 05:58:20,677] {dagbag.py:487} INFO - Filling up the DagBag from /home/airflow/.local/lib/python3.6/site-packages/airflow/example_dags/example_bash_operator.py
[2021-06-23 05:58:20,792] {scheduler_job.py:643} INFO - DAG(s) dict_keys(['example_bash_operator']) retrieved from /home/airflow/.local/lib/python3.6/site-packages/airflow/example_dags/example_bash_operator.py
[2021-06-23 05:58:20,954] {logging_mixin.py:104} INFO - [2021-06-23 05:58:20,953] {dag.py:1832} INFO - Sync 1 DAGs
[2021-06-23 05:58:21,035] {logging_mixin.py:104} INFO - [2021-06-23 05:58:21,035] {dag.py:2305} INFO - Setting next_dagrun for example_bash_operator to 2021-06-21 00:00:00+00:00
[2021-06-23 05:58:21,071] {scheduler_job.py:190} INFO - Processing /home/airflow/.local/lib/python3.6/site-packages/airflow/example_dags/example_bash_operator.py took 0.438 seconds
[2021-06-23 05:58:51,479] {scheduler_job.py:182} INFO - Started process (PID=2817) to work on /home/airflow/.local/lib/python3.6/site-packages/airflow/example_dags/example_bash_operator.py
[2021-06-23 05:58:51,482] {scheduler_job.py:633} INFO - Processing file /home/airflow/.local/lib/python3.6/site-packages/airflow/example_dags/example_bash_operator.py for tasks to queue
[2021-06-23 05:58:51,484] {logging_mixin.py:104} INFO - [2021-06-23 05:58:51,483] {dagbag.py:487} INFO - Filling up the DagBag from /home/airflow/.local/lib/python3.6/site-packages/airflow/example_dags/example_bash_operator.py
[2021-06-23 05:58:51,507] {scheduler_job.py:643} INFO - DAG(s) dict_keys(['example_bash_operator']) retrieved from /home/airflow/.local/lib/python3.6/site-packages/airflow/example_dags/example_bash_operator.py
[2021-06-23 05:58:51,574] {logging_mixin.py:104} INFO - [2021-06-23 05:58:51,574] {dag.py:1832} INFO - Sync 1 DAGs
[2021-06-23 05:58:51,612] {logging_mixin.py:104} INFO - [2021-06-23 05:58:51,612] {dag.py:2305} INFO - Setting next_dagrun for example_bash_operator to 2021-06-21 00:00:00+00:00
[2021-06-23 05:58:51,636] {scheduler_job.py:190} INFO - Processing /home/airflow/.local/lib/python3.6/site-packages/airflow/example_dags/example_bash_operator.py took 0.164 seconds
[2021-06-23 05:59:21,863] {scheduler_job.py:182} INFO - Started process (PID=2881) to work on /home/airflow/.local/lib/python3.6/site-packages/airflow/example_dags/example_bash_operator.py
[2021-06-23 05:59:21,867] {scheduler_job.py:633} INFO - Processing file /home/airflow/.local/lib/python3.6/site-packages/airflow/example_dags/example_bash_operator.py for tasks to queue
[2021-06-23 05:59:21,869] {logging_mixin.py:104} INFO - [2021-06-23 05:59:21,869] {dagbag.py:487} INFO - Filling up the DagBag from /home/airflow/.local/lib/python3.6/site-packages/airflow/example_dags/example_bash_operator.py
[2021-06-23 05:59:21,893] {scheduler_job.py:643} INFO - DAG(s) dict_keys(['example_bash_operator']) retrieved from /home/airflow/.local/lib/python3.6/site-packages/airflow/example_dags/example_bash_operator.py
[2021-06-23 05:59:21,932] {logging_mixin.py:104} INFO - [2021-06-23 05:59:21,932] {dag.py:1832} INFO - Sync 1 DAGs
[2021-06-23 05:59:21,959] {logging_mixin.py:104} INFO - [2021-06-23 05:59:21,959] {dag.py:2305} INFO - Setting next_dagrun for example_bash_operator to 2021-06-21 00:00:00+00:00
[2021-06-23 05:59:21,972] {scheduler_job.py:190} INFO - Processing /home/airflow/.local/lib/python3.6/site-packages/airflow/example_dags/example_bash_operator.py took 0.116 seconds
[2021-06-23 05:59:52,180] {scheduler_job.py:182} INFO - Started process (PID=2945) to work on /home/airflow/.local/lib/python3.6/site-packages/airflow/example_dags/example_bash_operator.py
[2021-06-23 05:59:52,182] {scheduler_job.py:633} INFO - Processing file /home/airflow/.local/lib/python3.6/site-packages/airflow/example_dags/example_bash_operator.py for tasks to queue
[2021-06-23 05:59:52,185] {logging_mixin.py:104} INFO - [2021-06-23 05:59:52,184] {dagbag.py:487} INFO - Filling up the DagBag from /home/airflow/.local/lib/python3.6/site-packages/airflow/example_dags/example_bash_operator.py
[2021-06-23 05:59:52,218] {scheduler_job.py:643} INFO - DAG(s) dict_keys(['example_bash_operator']) retrieved from /home/airflow/.local/lib/python3.6/site-packages/airflow/example_dags/example_bash_operator.py
[2021-06-23 05:59:52,292] {logging_mixin.py:104} INFO - [2021-06-23 05:59:52,292] {dag.py:1832} INFO - Sync 1 DAGs
[2021-06-23 05:59:52,335] {logging_mixin.py:104} INFO - [2021-06-23 05:59:52,335] {dag.py:2305} INFO - Setting next_dagrun for example_bash_operator to 2021-06-21 00:00:00+00:00
[2021-06-23 05:59:52,356] {scheduler_job.py:190} INFO - Processing /home/airflow/.local/lib/python3.6/site-packages/airflow/example_dags/example_bash_operator.py took 0.182 seconds
[2021-06-23 06:00:22,450] {scheduler_job.py:182} INFO - Started process (PID=3007) to work on /home/airflow/.local/lib/python3.6/site-packages/airflow/example_dags/example_bash_operator.py
[2021-06-23 06:00:22,452] {scheduler_job.py:633} INFO - Processing file /home/airflow/.local/lib/python3.6/site-packages/airflow/example_dags/example_bash_operator.py for tasks to queue
[2021-06-23 06:00:22,454] {logging_mixin.py:104} INFO - [2021-06-23 06:00:22,454] {dagbag.py:487} INFO - Filling up the DagBag from /home/airflow/.local/lib/python3.6/site-packages/airflow/example_dags/example_bash_operator.py
[2021-06-23 06:00:22,490] {scheduler_job.py:643} INFO - DAG(s) dict_keys(['example_bash_operator']) retrieved from /home/airflow/.local/lib/python3.6/site-packages/airflow/example_dags/example_bash_operator.py
[2021-06-23 06:00:22,558] {logging_mixin.py:104} INFO - [2021-06-23 06:00:22,558] {dag.py:1832} INFO - Sync 1 DAGs
[2021-06-23 06:00:22,613] {logging_mixin.py:104} INFO - [2021-06-23 06:00:22,613] {dag.py:2305} INFO - Setting next_dagrun for example_bash_operator to 2021-06-21 00:00:00+00:00
[2021-06-23 06:00:22,644] {scheduler_job.py:190} INFO - Processing /home/airflow/.local/lib/python3.6/site-packages/airflow/example_dags/example_bash_operator.py took 0.206 seconds
[2021-06-23 06:00:53,042] {scheduler_job.py:182} INFO - Started process (PID=3068) to work on /home/airflow/.local/lib/python3.6/site-packages/airflow/example_dags/example_bash_operator.py
[2021-06-23 06:00:53,044] {scheduler_job.py:633} INFO - Processing file /home/airflow/.local/lib/python3.6/site-packages/airflow/example_dags/example_bash_operator.py for tasks to queue
[2021-06-23 06:00:53,045] {logging_mixin.py:104} INFO - [2021-06-23 06:00:53,044] {dagbag.py:487} INFO - Filling up the DagBag from /home/airflow/.local/lib/python3.6/site-packages/airflow/example_dags/example_bash_operator.py
[2021-06-23 06:00:53,077] {scheduler_job.py:643} INFO - DAG(s) dict_keys(['example_bash_operator']) retrieved from /home/airflow/.local/lib/python3.6/site-packages/airflow/example_dags/example_bash_operator.py
[2021-06-23 06:00:53,123] {logging_mixin.py:104} INFO - [2021-06-23 06:00:53,122] {dag.py:1832} INFO - Sync 1 DAGs
[2021-06-23 06:00:53,152] {logging_mixin.py:104} INFO - [2021-06-23 06:00:53,152] {dag.py:2305} INFO - Setting next_dagrun for example_bash_operator to 2021-06-21 00:00:00+00:00
[2021-06-23 06:00:53,179] {scheduler_job.py:190} INFO - Processing /home/airflow/.local/lib/python3.6/site-packages/airflow/example_dags/example_bash_operator.py took 0.142 seconds
