[2021-06-23 05:37:19,160] {scheduler_job.py:182} INFO - Started process (PID=79) to work on /home/airflow/.local/lib/python3.6/site-packages/airflow/example_dags/example_branch_datetime_operator.py
[2021-06-23 05:37:19,170] {scheduler_job.py:633} INFO - Processing file /home/airflow/.local/lib/python3.6/site-packages/airflow/example_dags/example_branch_datetime_operator.py for tasks to queue
[2021-06-23 05:37:19,173] {logging_mixin.py:104} INFO - [2021-06-23 05:37:19,172] {dagbag.py:487} INFO - Filling up the DagBag from /home/airflow/.local/lib/python3.6/site-packages/airflow/example_dags/example_branch_datetime_operator.py
[2021-06-23 05:37:19,261] {scheduler_job.py:643} INFO - DAG(s) dict_keys(['example_branch_datetime_operator_2']) retrieved from /home/airflow/.local/lib/python3.6/site-packages/airflow/example_dags/example_branch_datetime_operator.py
[2021-06-23 05:37:20,208] {logging_mixin.py:104} INFO - [2021-06-23 05:37:20,208] {dag.py:1832} INFO - Sync 1 DAGs
[2021-06-23 05:37:20,282] {logging_mixin.py:104} INFO - [2021-06-23 05:37:20,282] {dag.py:2305} INFO - Setting next_dagrun for example_branch_datetime_operator_2 to 2021-06-21 00:00:00+00:00
[2021-06-23 05:37:20,319] {scheduler_job.py:190} INFO - Processing /home/airflow/.local/lib/python3.6/site-packages/airflow/example_dags/example_branch_datetime_operator.py took 1.167 seconds
[2021-06-23 05:37:50,500] {scheduler_job.py:182} INFO - Started process (PID=142) to work on /home/airflow/.local/lib/python3.6/site-packages/airflow/example_dags/example_branch_datetime_operator.py
[2021-06-23 05:37:50,522] {scheduler_job.py:633} INFO - Processing file /home/airflow/.local/lib/python3.6/site-packages/airflow/example_dags/example_branch_datetime_operator.py for tasks to queue
[2021-06-23 05:37:50,527] {logging_mixin.py:104} INFO - [2021-06-23 05:37:50,526] {dagbag.py:487} INFO - Filling up the DagBag from /home/airflow/.local/lib/python3.6/site-packages/airflow/example_dags/example_branch_datetime_operator.py
[2021-06-23 05:37:50,594] {scheduler_job.py:643} INFO - DAG(s) dict_keys(['example_branch_datetime_operator_2']) retrieved from /home/airflow/.local/lib/python3.6/site-packages/airflow/example_dags/example_branch_datetime_operator.py
[2021-06-23 05:37:50,659] {logging_mixin.py:104} INFO - [2021-06-23 05:37:50,659] {dag.py:1832} INFO - Sync 1 DAGs
[2021-06-23 05:37:50,701] {logging_mixin.py:104} INFO - [2021-06-23 05:37:50,701] {dag.py:2305} INFO - Setting next_dagrun for example_branch_datetime_operator_2 to 2021-06-21 00:00:00+00:00
[2021-06-23 05:37:50,727] {scheduler_job.py:190} INFO - Processing /home/airflow/.local/lib/python3.6/site-packages/airflow/example_dags/example_branch_datetime_operator.py took 0.250 seconds
[2021-06-23 05:38:21,232] {scheduler_job.py:182} INFO - Started process (PID=204) to work on /home/airflow/.local/lib/python3.6/site-packages/airflow/example_dags/example_branch_datetime_operator.py
[2021-06-23 05:38:21,233] {scheduler_job.py:633} INFO - Processing file /home/airflow/.local/lib/python3.6/site-packages/airflow/example_dags/example_branch_datetime_operator.py for tasks to queue
[2021-06-23 05:38:21,238] {logging_mixin.py:104} INFO - [2021-06-23 05:38:21,238] {dagbag.py:487} INFO - Filling up the DagBag from /home/airflow/.local/lib/python3.6/site-packages/airflow/example_dags/example_branch_datetime_operator.py
[2021-06-23 05:38:21,272] {scheduler_job.py:643} INFO - DAG(s) dict_keys(['example_branch_datetime_operator_2']) retrieved from /home/airflow/.local/lib/python3.6/site-packages/airflow/example_dags/example_branch_datetime_operator.py
[2021-06-23 05:38:21,343] {logging_mixin.py:104} INFO - [2021-06-23 05:38:21,343] {dag.py:1832} INFO - Sync 1 DAGs
[2021-06-23 05:38:21,396] {logging_mixin.py:104} INFO - [2021-06-23 05:38:21,396] {dag.py:2305} INFO - Setting next_dagrun for example_branch_datetime_operator_2 to 2021-06-21 00:00:00+00:00
[2021-06-23 05:38:21,433] {scheduler_job.py:190} INFO - Processing /home/airflow/.local/lib/python3.6/site-packages/airflow/example_dags/example_branch_datetime_operator.py took 0.208 seconds
[2021-06-23 05:38:51,837] {scheduler_job.py:182} INFO - Started process (PID=268) to work on /home/airflow/.local/lib/python3.6/site-packages/airflow/example_dags/example_branch_datetime_operator.py
[2021-06-23 05:38:51,839] {scheduler_job.py:633} INFO - Processing file /home/airflow/.local/lib/python3.6/site-packages/airflow/example_dags/example_branch_datetime_operator.py for tasks to queue
[2021-06-23 05:38:51,843] {logging_mixin.py:104} INFO - [2021-06-23 05:38:51,843] {dagbag.py:487} INFO - Filling up the DagBag from /home/airflow/.local/lib/python3.6/site-packages/airflow/example_dags/example_branch_datetime_operator.py
[2021-06-23 05:38:51,869] {scheduler_job.py:643} INFO - DAG(s) dict_keys(['example_branch_datetime_operator_2']) retrieved from /home/airflow/.local/lib/python3.6/site-packages/airflow/example_dags/example_branch_datetime_operator.py
[2021-06-23 05:38:51,909] {logging_mixin.py:104} INFO - [2021-06-23 05:38:51,909] {dag.py:1832} INFO - Sync 1 DAGs
[2021-06-23 05:38:51,945] {logging_mixin.py:104} INFO - [2021-06-23 05:38:51,945] {dag.py:2305} INFO - Setting next_dagrun for example_branch_datetime_operator_2 to 2021-06-21 00:00:00+00:00
[2021-06-23 05:38:51,962] {scheduler_job.py:190} INFO - Processing /home/airflow/.local/lib/python3.6/site-packages/airflow/example_dags/example_branch_datetime_operator.py took 0.130 seconds
[2021-06-23 05:39:22,834] {scheduler_job.py:182} INFO - Started process (PID=344) to work on /home/airflow/.local/lib/python3.6/site-packages/airflow/example_dags/example_branch_datetime_operator.py
[2021-06-23 05:39:22,836] {scheduler_job.py:633} INFO - Processing file /home/airflow/.local/lib/python3.6/site-packages/airflow/example_dags/example_branch_datetime_operator.py for tasks to queue
[2021-06-23 05:39:22,839] {logging_mixin.py:104} INFO - [2021-06-23 05:39:22,838] {dagbag.py:487} INFO - Filling up the DagBag from /home/airflow/.local/lib/python3.6/site-packages/airflow/example_dags/example_branch_datetime_operator.py
[2021-06-23 05:39:22,864] {scheduler_job.py:643} INFO - DAG(s) dict_keys(['example_branch_datetime_operator_2']) retrieved from /home/airflow/.local/lib/python3.6/site-packages/airflow/example_dags/example_branch_datetime_operator.py
[2021-06-23 05:39:22,941] {logging_mixin.py:104} INFO - [2021-06-23 05:39:22,941] {dag.py:1832} INFO - Sync 1 DAGs
[2021-06-23 05:39:22,982] {logging_mixin.py:104} INFO - [2021-06-23 05:39:22,981] {dag.py:2305} INFO - Setting next_dagrun for example_branch_datetime_operator_2 to 2021-06-21 00:00:00+00:00
[2021-06-23 05:39:23,041] {scheduler_job.py:190} INFO - Processing /home/airflow/.local/lib/python3.6/site-packages/airflow/example_dags/example_branch_datetime_operator.py took 0.213 seconds
[2021-06-23 05:39:53,945] {scheduler_job.py:182} INFO - Started process (PID=409) to work on /home/airflow/.local/lib/python3.6/site-packages/airflow/example_dags/example_branch_datetime_operator.py
[2021-06-23 05:39:53,947] {scheduler_job.py:633} INFO - Processing file /home/airflow/.local/lib/python3.6/site-packages/airflow/example_dags/example_branch_datetime_operator.py for tasks to queue
[2021-06-23 05:39:53,948] {logging_mixin.py:104} INFO - [2021-06-23 05:39:53,947] {dagbag.py:487} INFO - Filling up the DagBag from /home/airflow/.local/lib/python3.6/site-packages/airflow/example_dags/example_branch_datetime_operator.py
[2021-06-23 05:39:53,967] {scheduler_job.py:643} INFO - DAG(s) dict_keys(['example_branch_datetime_operator_2']) retrieved from /home/airflow/.local/lib/python3.6/site-packages/airflow/example_dags/example_branch_datetime_operator.py
[2021-06-23 05:39:54,004] {logging_mixin.py:104} INFO - [2021-06-23 05:39:54,004] {dag.py:1832} INFO - Sync 1 DAGs
[2021-06-23 05:39:54,036] {logging_mixin.py:104} INFO - [2021-06-23 05:39:54,036] {dag.py:2305} INFO - Setting next_dagrun for example_branch_datetime_operator_2 to 2021-06-21 00:00:00+00:00
[2021-06-23 05:39:54,052] {scheduler_job.py:190} INFO - Processing /home/airflow/.local/lib/python3.6/site-packages/airflow/example_dags/example_branch_datetime_operator.py took 0.117 seconds
[2021-06-23 05:40:24,140] {scheduler_job.py:182} INFO - Started process (PID=470) to work on /home/airflow/.local/lib/python3.6/site-packages/airflow/example_dags/example_branch_datetime_operator.py
[2021-06-23 05:40:24,142] {scheduler_job.py:633} INFO - Processing file /home/airflow/.local/lib/python3.6/site-packages/airflow/example_dags/example_branch_datetime_operator.py for tasks to queue
[2021-06-23 05:40:24,143] {logging_mixin.py:104} INFO - [2021-06-23 05:40:24,143] {dagbag.py:487} INFO - Filling up the DagBag from /home/airflow/.local/lib/python3.6/site-packages/airflow/example_dags/example_branch_datetime_operator.py
[2021-06-23 05:40:24,160] {scheduler_job.py:643} INFO - DAG(s) dict_keys(['example_branch_datetime_operator_2']) retrieved from /home/airflow/.local/lib/python3.6/site-packages/airflow/example_dags/example_branch_datetime_operator.py
[2021-06-23 05:40:24,192] {logging_mixin.py:104} INFO - [2021-06-23 05:40:24,191] {dag.py:1832} INFO - Sync 1 DAGs
[2021-06-23 05:40:24,226] {logging_mixin.py:104} INFO - [2021-06-23 05:40:24,226] {dag.py:2305} INFO - Setting next_dagrun for example_branch_datetime_operator_2 to 2021-06-21 00:00:00+00:00
[2021-06-23 05:40:24,247] {scheduler_job.py:190} INFO - Processing /home/airflow/.local/lib/python3.6/site-packages/airflow/example_dags/example_branch_datetime_operator.py took 0.117 seconds
[2021-06-23 05:40:55,870] {scheduler_job.py:182} INFO - Started process (PID=534) to work on /home/airflow/.local/lib/python3.6/site-packages/airflow/example_dags/example_branch_datetime_operator.py
[2021-06-23 05:40:55,873] {scheduler_job.py:633} INFO - Processing file /home/airflow/.local/lib/python3.6/site-packages/airflow/example_dags/example_branch_datetime_operator.py for tasks to queue
[2021-06-23 05:40:55,874] {logging_mixin.py:104} INFO - [2021-06-23 05:40:55,874] {dagbag.py:487} INFO - Filling up the DagBag from /home/airflow/.local/lib/python3.6/site-packages/airflow/example_dags/example_branch_datetime_operator.py
[2021-06-23 05:40:55,918] {scheduler_job.py:643} INFO - DAG(s) dict_keys(['example_branch_datetime_operator_2']) retrieved from /home/airflow/.local/lib/python3.6/site-packages/airflow/example_dags/example_branch_datetime_operator.py
[2021-06-23 05:40:55,988] {logging_mixin.py:104} INFO - [2021-06-23 05:40:55,988] {dag.py:1832} INFO - Sync 1 DAGs
[2021-06-23 05:40:56,023] {logging_mixin.py:104} INFO - [2021-06-23 05:40:56,023] {dag.py:2305} INFO - Setting next_dagrun for example_branch_datetime_operator_2 to 2021-06-21 00:00:00+00:00
[2021-06-23 05:40:56,043] {scheduler_job.py:190} INFO - Processing /home/airflow/.local/lib/python3.6/site-packages/airflow/example_dags/example_branch_datetime_operator.py took 0.184 seconds
[2021-06-23 05:41:27,981] {scheduler_job.py:182} INFO - Started process (PID=599) to work on /home/airflow/.local/lib/python3.6/site-packages/airflow/example_dags/example_branch_datetime_operator.py
[2021-06-23 05:41:27,985] {scheduler_job.py:633} INFO - Processing file /home/airflow/.local/lib/python3.6/site-packages/airflow/example_dags/example_branch_datetime_operator.py for tasks to queue
[2021-06-23 05:41:27,991] {logging_mixin.py:104} INFO - [2021-06-23 05:41:27,990] {dagbag.py:487} INFO - Filling up the DagBag from /home/airflow/.local/lib/python3.6/site-packages/airflow/example_dags/example_branch_datetime_operator.py
[2021-06-23 05:41:28,019] {scheduler_job.py:643} INFO - DAG(s) dict_keys(['example_branch_datetime_operator_2']) retrieved from /home/airflow/.local/lib/python3.6/site-packages/airflow/example_dags/example_branch_datetime_operator.py
[2021-06-23 05:41:28,087] {logging_mixin.py:104} INFO - [2021-06-23 05:41:28,087] {dag.py:1832} INFO - Sync 1 DAGs
[2021-06-23 05:41:28,129] {logging_mixin.py:104} INFO - [2021-06-23 05:41:28,129] {dag.py:2305} INFO - Setting next_dagrun for example_branch_datetime_operator_2 to 2021-06-21 00:00:00+00:00
[2021-06-23 05:41:28,160] {scheduler_job.py:190} INFO - Processing /home/airflow/.local/lib/python3.6/site-packages/airflow/example_dags/example_branch_datetime_operator.py took 0.183 seconds
[2021-06-23 05:41:59,906] {scheduler_job.py:182} INFO - Started process (PID=668) to work on /home/airflow/.local/lib/python3.6/site-packages/airflow/example_dags/example_branch_datetime_operator.py
[2021-06-23 05:41:59,915] {scheduler_job.py:633} INFO - Processing file /home/airflow/.local/lib/python3.6/site-packages/airflow/example_dags/example_branch_datetime_operator.py for tasks to queue
[2021-06-23 05:41:59,921] {logging_mixin.py:104} INFO - [2021-06-23 05:41:59,920] {dagbag.py:487} INFO - Filling up the DagBag from /home/airflow/.local/lib/python3.6/site-packages/airflow/example_dags/example_branch_datetime_operator.py
[2021-06-23 05:42:00,002] {scheduler_job.py:643} INFO - DAG(s) dict_keys(['example_branch_datetime_operator_2']) retrieved from /home/airflow/.local/lib/python3.6/site-packages/airflow/example_dags/example_branch_datetime_operator.py
[2021-06-23 05:42:00,169] {logging_mixin.py:104} INFO - [2021-06-23 05:42:00,169] {dag.py:1832} INFO - Sync 1 DAGs
[2021-06-23 05:42:00,277] {logging_mixin.py:104} INFO - [2021-06-23 05:42:00,277] {dag.py:2305} INFO - Setting next_dagrun for example_branch_datetime_operator_2 to 2021-06-21 00:00:00+00:00
[2021-06-23 05:42:00,373] {scheduler_job.py:190} INFO - Processing /home/airflow/.local/lib/python3.6/site-packages/airflow/example_dags/example_branch_datetime_operator.py took 0.486 seconds
[2021-06-23 05:42:30,897] {scheduler_job.py:182} INFO - Started process (PID=737) to work on /home/airflow/.local/lib/python3.6/site-packages/airflow/example_dags/example_branch_datetime_operator.py
[2021-06-23 05:42:30,900] {scheduler_job.py:633} INFO - Processing file /home/airflow/.local/lib/python3.6/site-packages/airflow/example_dags/example_branch_datetime_operator.py for tasks to queue
[2021-06-23 05:42:30,901] {logging_mixin.py:104} INFO - [2021-06-23 05:42:30,901] {dagbag.py:487} INFO - Filling up the DagBag from /home/airflow/.local/lib/python3.6/site-packages/airflow/example_dags/example_branch_datetime_operator.py
[2021-06-23 05:42:30,926] {scheduler_job.py:643} INFO - DAG(s) dict_keys(['example_branch_datetime_operator_2']) retrieved from /home/airflow/.local/lib/python3.6/site-packages/airflow/example_dags/example_branch_datetime_operator.py
[2021-06-23 05:42:30,977] {logging_mixin.py:104} INFO - [2021-06-23 05:42:30,977] {dag.py:1832} INFO - Sync 1 DAGs
[2021-06-23 05:42:31,017] {logging_mixin.py:104} INFO - [2021-06-23 05:42:31,016] {dag.py:2305} INFO - Setting next_dagrun for example_branch_datetime_operator_2 to 2021-06-21 00:00:00+00:00
[2021-06-23 05:42:31,040] {scheduler_job.py:190} INFO - Processing /home/airflow/.local/lib/python3.6/site-packages/airflow/example_dags/example_branch_datetime_operator.py took 0.151 seconds
[2021-06-23 05:43:01,399] {scheduler_job.py:182} INFO - Started process (PID=801) to work on /home/airflow/.local/lib/python3.6/site-packages/airflow/example_dags/example_branch_datetime_operator.py
[2021-06-23 05:43:01,400] {scheduler_job.py:633} INFO - Processing file /home/airflow/.local/lib/python3.6/site-packages/airflow/example_dags/example_branch_datetime_operator.py for tasks to queue
[2021-06-23 05:43:01,401] {logging_mixin.py:104} INFO - [2021-06-23 05:43:01,401] {dagbag.py:487} INFO - Filling up the DagBag from /home/airflow/.local/lib/python3.6/site-packages/airflow/example_dags/example_branch_datetime_operator.py
[2021-06-23 05:43:01,425] {scheduler_job.py:643} INFO - DAG(s) dict_keys(['example_branch_datetime_operator_2']) retrieved from /home/airflow/.local/lib/python3.6/site-packages/airflow/example_dags/example_branch_datetime_operator.py
[2021-06-23 05:43:01,466] {logging_mixin.py:104} INFO - [2021-06-23 05:43:01,465] {dag.py:1832} INFO - Sync 1 DAGs
[2021-06-23 05:43:01,498] {logging_mixin.py:104} INFO - [2021-06-23 05:43:01,497] {dag.py:2305} INFO - Setting next_dagrun for example_branch_datetime_operator_2 to 2021-06-21 00:00:00+00:00
[2021-06-23 05:43:01,526] {scheduler_job.py:190} INFO - Processing /home/airflow/.local/lib/python3.6/site-packages/airflow/example_dags/example_branch_datetime_operator.py took 0.134 seconds
[2021-06-23 05:43:31,760] {scheduler_job.py:182} INFO - Started process (PID=865) to work on /home/airflow/.local/lib/python3.6/site-packages/airflow/example_dags/example_branch_datetime_operator.py
[2021-06-23 05:43:31,763] {scheduler_job.py:633} INFO - Processing file /home/airflow/.local/lib/python3.6/site-packages/airflow/example_dags/example_branch_datetime_operator.py for tasks to queue
[2021-06-23 05:43:31,766] {logging_mixin.py:104} INFO - [2021-06-23 05:43:31,766] {dagbag.py:487} INFO - Filling up the DagBag from /home/airflow/.local/lib/python3.6/site-packages/airflow/example_dags/example_branch_datetime_operator.py
[2021-06-23 05:43:31,795] {scheduler_job.py:643} INFO - DAG(s) dict_keys(['example_branch_datetime_operator_2']) retrieved from /home/airflow/.local/lib/python3.6/site-packages/airflow/example_dags/example_branch_datetime_operator.py
[2021-06-23 05:43:31,865] {logging_mixin.py:104} INFO - [2021-06-23 05:43:31,865] {dag.py:1832} INFO - Sync 1 DAGs
[2021-06-23 05:43:31,903] {logging_mixin.py:104} INFO - [2021-06-23 05:43:31,903] {dag.py:2305} INFO - Setting next_dagrun for example_branch_datetime_operator_2 to 2021-06-21 00:00:00+00:00
[2021-06-23 05:43:31,932] {scheduler_job.py:190} INFO - Processing /home/airflow/.local/lib/python3.6/site-packages/airflow/example_dags/example_branch_datetime_operator.py took 0.180 seconds
[2021-06-23 05:44:02,175] {scheduler_job.py:182} INFO - Started process (PID=927) to work on /home/airflow/.local/lib/python3.6/site-packages/airflow/example_dags/example_branch_datetime_operator.py
[2021-06-23 05:44:02,176] {scheduler_job.py:633} INFO - Processing file /home/airflow/.local/lib/python3.6/site-packages/airflow/example_dags/example_branch_datetime_operator.py for tasks to queue
[2021-06-23 05:44:02,177] {logging_mixin.py:104} INFO - [2021-06-23 05:44:02,177] {dagbag.py:487} INFO - Filling up the DagBag from /home/airflow/.local/lib/python3.6/site-packages/airflow/example_dags/example_branch_datetime_operator.py
[2021-06-23 05:44:02,218] {scheduler_job.py:643} INFO - DAG(s) dict_keys(['example_branch_datetime_operator_2']) retrieved from /home/airflow/.local/lib/python3.6/site-packages/airflow/example_dags/example_branch_datetime_operator.py
[2021-06-23 05:44:02,270] {logging_mixin.py:104} INFO - [2021-06-23 05:44:02,270] {dag.py:1832} INFO - Sync 1 DAGs
[2021-06-23 05:44:02,327] {logging_mixin.py:104} INFO - [2021-06-23 05:44:02,327] {dag.py:2305} INFO - Setting next_dagrun for example_branch_datetime_operator_2 to 2021-06-21 00:00:00+00:00
[2021-06-23 05:44:02,355] {scheduler_job.py:190} INFO - Processing /home/airflow/.local/lib/python3.6/site-packages/airflow/example_dags/example_branch_datetime_operator.py took 0.195 seconds
[2021-06-23 05:44:32,799] {scheduler_job.py:182} INFO - Started process (PID=990) to work on /home/airflow/.local/lib/python3.6/site-packages/airflow/example_dags/example_branch_datetime_operator.py
[2021-06-23 05:44:32,801] {scheduler_job.py:633} INFO - Processing file /home/airflow/.local/lib/python3.6/site-packages/airflow/example_dags/example_branch_datetime_operator.py for tasks to queue
[2021-06-23 05:44:32,803] {logging_mixin.py:104} INFO - [2021-06-23 05:44:32,803] {dagbag.py:487} INFO - Filling up the DagBag from /home/airflow/.local/lib/python3.6/site-packages/airflow/example_dags/example_branch_datetime_operator.py
[2021-06-23 05:44:32,823] {scheduler_job.py:643} INFO - DAG(s) dict_keys(['example_branch_datetime_operator_2']) retrieved from /home/airflow/.local/lib/python3.6/site-packages/airflow/example_dags/example_branch_datetime_operator.py
[2021-06-23 05:44:32,863] {logging_mixin.py:104} INFO - [2021-06-23 05:44:32,862] {dag.py:1832} INFO - Sync 1 DAGs
[2021-06-23 05:44:32,900] {logging_mixin.py:104} INFO - [2021-06-23 05:44:32,900] {dag.py:2305} INFO - Setting next_dagrun for example_branch_datetime_operator_2 to 2021-06-21 00:00:00+00:00
[2021-06-23 05:44:32,920] {scheduler_job.py:190} INFO - Processing /home/airflow/.local/lib/python3.6/site-packages/airflow/example_dags/example_branch_datetime_operator.py took 0.126 seconds
[2021-06-23 05:45:03,239] {scheduler_job.py:182} INFO - Started process (PID=1052) to work on /home/airflow/.local/lib/python3.6/site-packages/airflow/example_dags/example_branch_datetime_operator.py
[2021-06-23 05:45:03,240] {scheduler_job.py:633} INFO - Processing file /home/airflow/.local/lib/python3.6/site-packages/airflow/example_dags/example_branch_datetime_operator.py for tasks to queue
[2021-06-23 05:45:03,242] {logging_mixin.py:104} INFO - [2021-06-23 05:45:03,241] {dagbag.py:487} INFO - Filling up the DagBag from /home/airflow/.local/lib/python3.6/site-packages/airflow/example_dags/example_branch_datetime_operator.py
[2021-06-23 05:45:03,263] {scheduler_job.py:643} INFO - DAG(s) dict_keys(['example_branch_datetime_operator_2']) retrieved from /home/airflow/.local/lib/python3.6/site-packages/airflow/example_dags/example_branch_datetime_operator.py
[2021-06-23 05:45:03,298] {logging_mixin.py:104} INFO - [2021-06-23 05:45:03,297] {dag.py:1832} INFO - Sync 1 DAGs
[2021-06-23 05:45:03,321] {logging_mixin.py:104} INFO - [2021-06-23 05:45:03,321] {dag.py:2305} INFO - Setting next_dagrun for example_branch_datetime_operator_2 to 2021-06-21 00:00:00+00:00
[2021-06-23 05:45:03,348] {scheduler_job.py:190} INFO - Processing /home/airflow/.local/lib/python3.6/site-packages/airflow/example_dags/example_branch_datetime_operator.py took 0.118 seconds
[2021-06-23 05:45:33,567] {scheduler_job.py:182} INFO - Started process (PID=1126) to work on /home/airflow/.local/lib/python3.6/site-packages/airflow/example_dags/example_branch_datetime_operator.py
[2021-06-23 05:45:33,577] {scheduler_job.py:633} INFO - Processing file /home/airflow/.local/lib/python3.6/site-packages/airflow/example_dags/example_branch_datetime_operator.py for tasks to queue
[2021-06-23 05:45:33,578] {logging_mixin.py:104} INFO - [2021-06-23 05:45:33,578] {dagbag.py:487} INFO - Filling up the DagBag from /home/airflow/.local/lib/python3.6/site-packages/airflow/example_dags/example_branch_datetime_operator.py
[2021-06-23 05:45:33,598] {scheduler_job.py:643} INFO - DAG(s) dict_keys(['example_branch_datetime_operator_2']) retrieved from /home/airflow/.local/lib/python3.6/site-packages/airflow/example_dags/example_branch_datetime_operator.py
[2021-06-23 05:45:33,637] {logging_mixin.py:104} INFO - [2021-06-23 05:45:33,636] {dag.py:1832} INFO - Sync 1 DAGs
[2021-06-23 05:45:33,701] {logging_mixin.py:104} INFO - [2021-06-23 05:45:33,701] {dag.py:2305} INFO - Setting next_dagrun for example_branch_datetime_operator_2 to 2021-06-21 00:00:00+00:00
[2021-06-23 05:45:33,722] {scheduler_job.py:190} INFO - Processing /home/airflow/.local/lib/python3.6/site-packages/airflow/example_dags/example_branch_datetime_operator.py took 0.160 seconds
[2021-06-23 05:46:04,660] {scheduler_job.py:182} INFO - Started process (PID=1191) to work on /home/airflow/.local/lib/python3.6/site-packages/airflow/example_dags/example_branch_datetime_operator.py
[2021-06-23 05:46:04,662] {scheduler_job.py:633} INFO - Processing file /home/airflow/.local/lib/python3.6/site-packages/airflow/example_dags/example_branch_datetime_operator.py for tasks to queue
[2021-06-23 05:46:04,663] {logging_mixin.py:104} INFO - [2021-06-23 05:46:04,663] {dagbag.py:487} INFO - Filling up the DagBag from /home/airflow/.local/lib/python3.6/site-packages/airflow/example_dags/example_branch_datetime_operator.py
[2021-06-23 05:46:04,749] {scheduler_job.py:643} INFO - DAG(s) dict_keys(['example_branch_datetime_operator_2']) retrieved from /home/airflow/.local/lib/python3.6/site-packages/airflow/example_dags/example_branch_datetime_operator.py
[2021-06-23 05:46:04,840] {logging_mixin.py:104} INFO - [2021-06-23 05:46:04,840] {dag.py:1832} INFO - Sync 1 DAGs
[2021-06-23 05:46:04,884] {logging_mixin.py:104} INFO - [2021-06-23 05:46:04,884] {dag.py:2305} INFO - Setting next_dagrun for example_branch_datetime_operator_2 to 2021-06-21 00:00:00+00:00
[2021-06-23 05:46:04,910] {scheduler_job.py:190} INFO - Processing /home/airflow/.local/lib/python3.6/site-packages/airflow/example_dags/example_branch_datetime_operator.py took 0.283 seconds
[2021-06-23 05:46:35,402] {scheduler_job.py:182} INFO - Started process (PID=1254) to work on /home/airflow/.local/lib/python3.6/site-packages/airflow/example_dags/example_branch_datetime_operator.py
[2021-06-23 05:46:35,405] {scheduler_job.py:633} INFO - Processing file /home/airflow/.local/lib/python3.6/site-packages/airflow/example_dags/example_branch_datetime_operator.py for tasks to queue
[2021-06-23 05:46:35,406] {logging_mixin.py:104} INFO - [2021-06-23 05:46:35,406] {dagbag.py:487} INFO - Filling up the DagBag from /home/airflow/.local/lib/python3.6/site-packages/airflow/example_dags/example_branch_datetime_operator.py
[2021-06-23 05:46:35,424] {scheduler_job.py:643} INFO - DAG(s) dict_keys(['example_branch_datetime_operator_2']) retrieved from /home/airflow/.local/lib/python3.6/site-packages/airflow/example_dags/example_branch_datetime_operator.py
[2021-06-23 05:46:35,460] {logging_mixin.py:104} INFO - [2021-06-23 05:46:35,460] {dag.py:1832} INFO - Sync 1 DAGs
[2021-06-23 05:46:35,491] {logging_mixin.py:104} INFO - [2021-06-23 05:46:35,491] {dag.py:2305} INFO - Setting next_dagrun for example_branch_datetime_operator_2 to 2021-06-21 00:00:00+00:00
[2021-06-23 05:46:35,508] {scheduler_job.py:190} INFO - Processing /home/airflow/.local/lib/python3.6/site-packages/airflow/example_dags/example_branch_datetime_operator.py took 0.111 seconds
[2021-06-23 05:47:06,073] {scheduler_job.py:182} INFO - Started process (PID=1317) to work on /home/airflow/.local/lib/python3.6/site-packages/airflow/example_dags/example_branch_datetime_operator.py
[2021-06-23 05:47:06,075] {scheduler_job.py:633} INFO - Processing file /home/airflow/.local/lib/python3.6/site-packages/airflow/example_dags/example_branch_datetime_operator.py for tasks to queue
[2021-06-23 05:47:06,077] {logging_mixin.py:104} INFO - [2021-06-23 05:47:06,076] {dagbag.py:487} INFO - Filling up the DagBag from /home/airflow/.local/lib/python3.6/site-packages/airflow/example_dags/example_branch_datetime_operator.py
[2021-06-23 05:47:06,098] {scheduler_job.py:643} INFO - DAG(s) dict_keys(['example_branch_datetime_operator_2']) retrieved from /home/airflow/.local/lib/python3.6/site-packages/airflow/example_dags/example_branch_datetime_operator.py
[2021-06-23 05:47:06,155] {logging_mixin.py:104} INFO - [2021-06-23 05:47:06,155] {dag.py:1832} INFO - Sync 1 DAGs
[2021-06-23 05:47:06,200] {logging_mixin.py:104} INFO - [2021-06-23 05:47:06,200] {dag.py:2305} INFO - Setting next_dagrun for example_branch_datetime_operator_2 to 2021-06-21 00:00:00+00:00
[2021-06-23 05:47:06,244] {scheduler_job.py:190} INFO - Processing /home/airflow/.local/lib/python3.6/site-packages/airflow/example_dags/example_branch_datetime_operator.py took 0.175 seconds
[2021-06-23 05:47:36,282] {scheduler_job.py:182} INFO - Started process (PID=1380) to work on /home/airflow/.local/lib/python3.6/site-packages/airflow/example_dags/example_branch_datetime_operator.py
[2021-06-23 05:47:36,284] {scheduler_job.py:633} INFO - Processing file /home/airflow/.local/lib/python3.6/site-packages/airflow/example_dags/example_branch_datetime_operator.py for tasks to queue
[2021-06-23 05:47:36,285] {logging_mixin.py:104} INFO - [2021-06-23 05:47:36,284] {dagbag.py:487} INFO - Filling up the DagBag from /home/airflow/.local/lib/python3.6/site-packages/airflow/example_dags/example_branch_datetime_operator.py
[2021-06-23 05:47:36,300] {scheduler_job.py:643} INFO - DAG(s) dict_keys(['example_branch_datetime_operator_2']) retrieved from /home/airflow/.local/lib/python3.6/site-packages/airflow/example_dags/example_branch_datetime_operator.py
[2021-06-23 05:47:36,335] {logging_mixin.py:104} INFO - [2021-06-23 05:47:36,335] {dag.py:1832} INFO - Sync 1 DAGs
[2021-06-23 05:47:36,363] {logging_mixin.py:104} INFO - [2021-06-23 05:47:36,363] {dag.py:2305} INFO - Setting next_dagrun for example_branch_datetime_operator_2 to 2021-06-21 00:00:00+00:00
[2021-06-23 05:47:36,384] {scheduler_job.py:190} INFO - Processing /home/airflow/.local/lib/python3.6/site-packages/airflow/example_dags/example_branch_datetime_operator.py took 0.107 seconds
[2021-06-23 05:48:06,711] {scheduler_job.py:182} INFO - Started process (PID=1449) to work on /home/airflow/.local/lib/python3.6/site-packages/airflow/example_dags/example_branch_datetime_operator.py
[2021-06-23 05:48:06,713] {scheduler_job.py:633} INFO - Processing file /home/airflow/.local/lib/python3.6/site-packages/airflow/example_dags/example_branch_datetime_operator.py for tasks to queue
[2021-06-23 05:48:06,714] {logging_mixin.py:104} INFO - [2021-06-23 05:48:06,713] {dagbag.py:487} INFO - Filling up the DagBag from /home/airflow/.local/lib/python3.6/site-packages/airflow/example_dags/example_branch_datetime_operator.py
[2021-06-23 05:48:06,745] {scheduler_job.py:643} INFO - DAG(s) dict_keys(['example_branch_datetime_operator_2']) retrieved from /home/airflow/.local/lib/python3.6/site-packages/airflow/example_dags/example_branch_datetime_operator.py
[2021-06-23 05:48:06,810] {logging_mixin.py:104} INFO - [2021-06-23 05:48:06,809] {dag.py:1832} INFO - Sync 1 DAGs
[2021-06-23 05:48:06,875] {logging_mixin.py:104} INFO - [2021-06-23 05:48:06,875] {dag.py:2305} INFO - Setting next_dagrun for example_branch_datetime_operator_2 to 2021-06-21 00:00:00+00:00
[2021-06-23 05:48:06,904] {scheduler_job.py:190} INFO - Processing /home/airflow/.local/lib/python3.6/site-packages/airflow/example_dags/example_branch_datetime_operator.py took 0.201 seconds
[2021-06-23 05:48:37,438] {scheduler_job.py:182} INFO - Started process (PID=1514) to work on /home/airflow/.local/lib/python3.6/site-packages/airflow/example_dags/example_branch_datetime_operator.py
[2021-06-23 05:48:37,439] {scheduler_job.py:633} INFO - Processing file /home/airflow/.local/lib/python3.6/site-packages/airflow/example_dags/example_branch_datetime_operator.py for tasks to queue
[2021-06-23 05:48:37,440] {logging_mixin.py:104} INFO - [2021-06-23 05:48:37,440] {dagbag.py:487} INFO - Filling up the DagBag from /home/airflow/.local/lib/python3.6/site-packages/airflow/example_dags/example_branch_datetime_operator.py
[2021-06-23 05:48:37,463] {scheduler_job.py:643} INFO - DAG(s) dict_keys(['example_branch_datetime_operator_2']) retrieved from /home/airflow/.local/lib/python3.6/site-packages/airflow/example_dags/example_branch_datetime_operator.py
[2021-06-23 05:48:37,530] {logging_mixin.py:104} INFO - [2021-06-23 05:48:37,530] {dag.py:1832} INFO - Sync 1 DAGs
[2021-06-23 05:48:37,591] {logging_mixin.py:104} INFO - [2021-06-23 05:48:37,590] {dag.py:2305} INFO - Setting next_dagrun for example_branch_datetime_operator_2 to 2021-06-21 00:00:00+00:00
[2021-06-23 05:48:37,638] {scheduler_job.py:190} INFO - Processing /home/airflow/.local/lib/python3.6/site-packages/airflow/example_dags/example_branch_datetime_operator.py took 0.204 seconds
[2021-06-23 05:49:07,767] {scheduler_job.py:182} INFO - Started process (PID=1582) to work on /home/airflow/.local/lib/python3.6/site-packages/airflow/example_dags/example_branch_datetime_operator.py
[2021-06-23 05:49:07,768] {scheduler_job.py:633} INFO - Processing file /home/airflow/.local/lib/python3.6/site-packages/airflow/example_dags/example_branch_datetime_operator.py for tasks to queue
[2021-06-23 05:49:07,769] {logging_mixin.py:104} INFO - [2021-06-23 05:49:07,769] {dagbag.py:487} INFO - Filling up the DagBag from /home/airflow/.local/lib/python3.6/site-packages/airflow/example_dags/example_branch_datetime_operator.py
[2021-06-23 05:49:07,791] {scheduler_job.py:643} INFO - DAG(s) dict_keys(['example_branch_datetime_operator_2']) retrieved from /home/airflow/.local/lib/python3.6/site-packages/airflow/example_dags/example_branch_datetime_operator.py
[2021-06-23 05:49:07,838] {logging_mixin.py:104} INFO - [2021-06-23 05:49:07,838] {dag.py:1832} INFO - Sync 1 DAGs
[2021-06-23 05:49:07,870] {logging_mixin.py:104} INFO - [2021-06-23 05:49:07,870] {dag.py:2305} INFO - Setting next_dagrun for example_branch_datetime_operator_2 to 2021-06-21 00:00:00+00:00
[2021-06-23 05:49:07,897] {scheduler_job.py:190} INFO - Processing /home/airflow/.local/lib/python3.6/site-packages/airflow/example_dags/example_branch_datetime_operator.py took 0.135 seconds
[2021-06-23 05:49:38,400] {scheduler_job.py:182} INFO - Started process (PID=1644) to work on /home/airflow/.local/lib/python3.6/site-packages/airflow/example_dags/example_branch_datetime_operator.py
[2021-06-23 05:49:38,401] {scheduler_job.py:633} INFO - Processing file /home/airflow/.local/lib/python3.6/site-packages/airflow/example_dags/example_branch_datetime_operator.py for tasks to queue
[2021-06-23 05:49:38,402] {logging_mixin.py:104} INFO - [2021-06-23 05:49:38,402] {dagbag.py:487} INFO - Filling up the DagBag from /home/airflow/.local/lib/python3.6/site-packages/airflow/example_dags/example_branch_datetime_operator.py
[2021-06-23 05:49:38,443] {scheduler_job.py:643} INFO - DAG(s) dict_keys(['example_branch_datetime_operator_2']) retrieved from /home/airflow/.local/lib/python3.6/site-packages/airflow/example_dags/example_branch_datetime_operator.py
[2021-06-23 05:49:38,494] {logging_mixin.py:104} INFO - [2021-06-23 05:49:38,494] {dag.py:1832} INFO - Sync 1 DAGs
[2021-06-23 05:49:38,547] {logging_mixin.py:104} INFO - [2021-06-23 05:49:38,547] {dag.py:2305} INFO - Setting next_dagrun for example_branch_datetime_operator_2 to 2021-06-21 00:00:00+00:00
[2021-06-23 05:49:38,584] {scheduler_job.py:190} INFO - Processing /home/airflow/.local/lib/python3.6/site-packages/airflow/example_dags/example_branch_datetime_operator.py took 0.197 seconds
[2021-06-23 05:50:08,739] {scheduler_job.py:182} INFO - Started process (PID=1705) to work on /home/airflow/.local/lib/python3.6/site-packages/airflow/example_dags/example_branch_datetime_operator.py
[2021-06-23 05:50:08,741] {scheduler_job.py:633} INFO - Processing file /home/airflow/.local/lib/python3.6/site-packages/airflow/example_dags/example_branch_datetime_operator.py for tasks to queue
[2021-06-23 05:50:08,742] {logging_mixin.py:104} INFO - [2021-06-23 05:50:08,742] {dagbag.py:487} INFO - Filling up the DagBag from /home/airflow/.local/lib/python3.6/site-packages/airflow/example_dags/example_branch_datetime_operator.py
[2021-06-23 05:50:08,759] {scheduler_job.py:643} INFO - DAG(s) dict_keys(['example_branch_datetime_operator_2']) retrieved from /home/airflow/.local/lib/python3.6/site-packages/airflow/example_dags/example_branch_datetime_operator.py
[2021-06-23 05:50:08,794] {logging_mixin.py:104} INFO - [2021-06-23 05:50:08,794] {dag.py:1832} INFO - Sync 1 DAGs
[2021-06-23 05:50:08,842] {logging_mixin.py:104} INFO - [2021-06-23 05:50:08,841] {dag.py:2305} INFO - Setting next_dagrun for example_branch_datetime_operator_2 to 2021-06-21 00:00:00+00:00
[2021-06-23 05:50:08,856] {scheduler_job.py:190} INFO - Processing /home/airflow/.local/lib/python3.6/site-packages/airflow/example_dags/example_branch_datetime_operator.py took 0.122 seconds
[2021-06-23 05:50:39,074] {scheduler_job.py:182} INFO - Started process (PID=1767) to work on /home/airflow/.local/lib/python3.6/site-packages/airflow/example_dags/example_branch_datetime_operator.py
[2021-06-23 05:50:39,076] {scheduler_job.py:633} INFO - Processing file /home/airflow/.local/lib/python3.6/site-packages/airflow/example_dags/example_branch_datetime_operator.py for tasks to queue
[2021-06-23 05:50:39,076] {logging_mixin.py:104} INFO - [2021-06-23 05:50:39,076] {dagbag.py:487} INFO - Filling up the DagBag from /home/airflow/.local/lib/python3.6/site-packages/airflow/example_dags/example_branch_datetime_operator.py
[2021-06-23 05:50:39,132] {scheduler_job.py:643} INFO - DAG(s) dict_keys(['example_branch_datetime_operator_2']) retrieved from /home/airflow/.local/lib/python3.6/site-packages/airflow/example_dags/example_branch_datetime_operator.py
[2021-06-23 05:50:39,276] {logging_mixin.py:104} INFO - [2021-06-23 05:50:39,276] {dag.py:1832} INFO - Sync 1 DAGs
[2021-06-23 05:50:39,354] {logging_mixin.py:104} INFO - [2021-06-23 05:50:39,354] {dag.py:2305} INFO - Setting next_dagrun for example_branch_datetime_operator_2 to 2021-06-21 00:00:00+00:00
[2021-06-23 05:50:39,411] {scheduler_job.py:190} INFO - Processing /home/airflow/.local/lib/python3.6/site-packages/airflow/example_dags/example_branch_datetime_operator.py took 0.351 seconds
[2021-06-23 05:51:09,598] {scheduler_job.py:182} INFO - Started process (PID=1836) to work on /home/airflow/.local/lib/python3.6/site-packages/airflow/example_dags/example_branch_datetime_operator.py
[2021-06-23 05:51:09,600] {scheduler_job.py:633} INFO - Processing file /home/airflow/.local/lib/python3.6/site-packages/airflow/example_dags/example_branch_datetime_operator.py for tasks to queue
[2021-06-23 05:51:09,602] {logging_mixin.py:104} INFO - [2021-06-23 05:51:09,601] {dagbag.py:487} INFO - Filling up the DagBag from /home/airflow/.local/lib/python3.6/site-packages/airflow/example_dags/example_branch_datetime_operator.py
[2021-06-23 05:51:09,624] {scheduler_job.py:643} INFO - DAG(s) dict_keys(['example_branch_datetime_operator_2']) retrieved from /home/airflow/.local/lib/python3.6/site-packages/airflow/example_dags/example_branch_datetime_operator.py
[2021-06-23 05:51:09,672] {logging_mixin.py:104} INFO - [2021-06-23 05:51:09,672] {dag.py:1832} INFO - Sync 1 DAGs
[2021-06-23 05:51:09,720] {logging_mixin.py:104} INFO - [2021-06-23 05:51:09,719] {dag.py:2305} INFO - Setting next_dagrun for example_branch_datetime_operator_2 to 2021-06-21 00:00:00+00:00
[2021-06-23 05:51:09,743] {scheduler_job.py:190} INFO - Processing /home/airflow/.local/lib/python3.6/site-packages/airflow/example_dags/example_branch_datetime_operator.py took 0.155 seconds
[2021-06-23 05:51:40,271] {scheduler_job.py:182} INFO - Started process (PID=1907) to work on /home/airflow/.local/lib/python3.6/site-packages/airflow/example_dags/example_branch_datetime_operator.py
[2021-06-23 05:51:40,273] {scheduler_job.py:633} INFO - Processing file /home/airflow/.local/lib/python3.6/site-packages/airflow/example_dags/example_branch_datetime_operator.py for tasks to queue
[2021-06-23 05:51:40,274] {logging_mixin.py:104} INFO - [2021-06-23 05:51:40,273] {dagbag.py:487} INFO - Filling up the DagBag from /home/airflow/.local/lib/python3.6/site-packages/airflow/example_dags/example_branch_datetime_operator.py
[2021-06-23 05:51:40,305] {scheduler_job.py:643} INFO - DAG(s) dict_keys(['example_branch_datetime_operator_2']) retrieved from /home/airflow/.local/lib/python3.6/site-packages/airflow/example_dags/example_branch_datetime_operator.py
[2021-06-23 05:51:40,406] {logging_mixin.py:104} INFO - [2021-06-23 05:51:40,406] {dag.py:1832} INFO - Sync 1 DAGs
[2021-06-23 05:51:40,485] {logging_mixin.py:104} INFO - [2021-06-23 05:51:40,485] {dag.py:2305} INFO - Setting next_dagrun for example_branch_datetime_operator_2 to 2021-06-21 00:00:00+00:00
[2021-06-23 05:51:40,544] {scheduler_job.py:190} INFO - Processing /home/airflow/.local/lib/python3.6/site-packages/airflow/example_dags/example_branch_datetime_operator.py took 0.281 seconds
[2021-06-23 05:52:10,823] {scheduler_job.py:182} INFO - Started process (PID=1971) to work on /home/airflow/.local/lib/python3.6/site-packages/airflow/example_dags/example_branch_datetime_operator.py
[2021-06-23 05:52:10,825] {scheduler_job.py:633} INFO - Processing file /home/airflow/.local/lib/python3.6/site-packages/airflow/example_dags/example_branch_datetime_operator.py for tasks to queue
[2021-06-23 05:52:10,839] {logging_mixin.py:104} INFO - [2021-06-23 05:52:10,839] {dagbag.py:487} INFO - Filling up the DagBag from /home/airflow/.local/lib/python3.6/site-packages/airflow/example_dags/example_branch_datetime_operator.py
[2021-06-23 05:52:10,903] {scheduler_job.py:643} INFO - DAG(s) dict_keys(['example_branch_datetime_operator_2']) retrieved from /home/airflow/.local/lib/python3.6/site-packages/airflow/example_dags/example_branch_datetime_operator.py
[2021-06-23 05:52:11,039] {logging_mixin.py:104} INFO - [2021-06-23 05:52:11,039] {dag.py:1832} INFO - Sync 1 DAGs
[2021-06-23 05:52:11,108] {logging_mixin.py:104} INFO - [2021-06-23 05:52:11,107] {dag.py:2305} INFO - Setting next_dagrun for example_branch_datetime_operator_2 to 2021-06-21 00:00:00+00:00
[2021-06-23 05:52:11,126] {scheduler_job.py:190} INFO - Processing /home/airflow/.local/lib/python3.6/site-packages/airflow/example_dags/example_branch_datetime_operator.py took 0.325 seconds
[2021-06-23 05:52:41,630] {scheduler_job.py:182} INFO - Started process (PID=2035) to work on /home/airflow/.local/lib/python3.6/site-packages/airflow/example_dags/example_branch_datetime_operator.py
[2021-06-23 05:52:41,632] {scheduler_job.py:633} INFO - Processing file /home/airflow/.local/lib/python3.6/site-packages/airflow/example_dags/example_branch_datetime_operator.py for tasks to queue
[2021-06-23 05:52:41,634] {logging_mixin.py:104} INFO - [2021-06-23 05:52:41,634] {dagbag.py:487} INFO - Filling up the DagBag from /home/airflow/.local/lib/python3.6/site-packages/airflow/example_dags/example_branch_datetime_operator.py
[2021-06-23 05:52:41,658] {scheduler_job.py:643} INFO - DAG(s) dict_keys(['example_branch_datetime_operator_2']) retrieved from /home/airflow/.local/lib/python3.6/site-packages/airflow/example_dags/example_branch_datetime_operator.py
[2021-06-23 05:52:41,728] {logging_mixin.py:104} INFO - [2021-06-23 05:52:41,728] {dag.py:1832} INFO - Sync 1 DAGs
[2021-06-23 05:52:41,775] {logging_mixin.py:104} INFO - [2021-06-23 05:52:41,775] {dag.py:2305} INFO - Setting next_dagrun for example_branch_datetime_operator_2 to 2021-06-21 00:00:00+00:00
[2021-06-23 05:52:41,799] {scheduler_job.py:190} INFO - Processing /home/airflow/.local/lib/python3.6/site-packages/airflow/example_dags/example_branch_datetime_operator.py took 0.174 seconds
[2021-06-23 05:53:11,985] {scheduler_job.py:182} INFO - Started process (PID=2097) to work on /home/airflow/.local/lib/python3.6/site-packages/airflow/example_dags/example_branch_datetime_operator.py
[2021-06-23 05:53:11,988] {scheduler_job.py:633} INFO - Processing file /home/airflow/.local/lib/python3.6/site-packages/airflow/example_dags/example_branch_datetime_operator.py for tasks to queue
[2021-06-23 05:53:11,993] {logging_mixin.py:104} INFO - [2021-06-23 05:53:11,993] {dagbag.py:487} INFO - Filling up the DagBag from /home/airflow/.local/lib/python3.6/site-packages/airflow/example_dags/example_branch_datetime_operator.py
[2021-06-23 05:53:12,027] {scheduler_job.py:643} INFO - DAG(s) dict_keys(['example_branch_datetime_operator_2']) retrieved from /home/airflow/.local/lib/python3.6/site-packages/airflow/example_dags/example_branch_datetime_operator.py
[2021-06-23 05:53:12,069] {logging_mixin.py:104} INFO - [2021-06-23 05:53:12,069] {dag.py:1832} INFO - Sync 1 DAGs
[2021-06-23 05:53:12,109] {logging_mixin.py:104} INFO - [2021-06-23 05:53:12,109] {dag.py:2305} INFO - Setting next_dagrun for example_branch_datetime_operator_2 to 2021-06-21 00:00:00+00:00
[2021-06-23 05:53:12,136] {scheduler_job.py:190} INFO - Processing /home/airflow/.local/lib/python3.6/site-packages/airflow/example_dags/example_branch_datetime_operator.py took 0.157 seconds
[2021-06-23 05:53:42,436] {scheduler_job.py:182} INFO - Started process (PID=2157) to work on /home/airflow/.local/lib/python3.6/site-packages/airflow/example_dags/example_branch_datetime_operator.py
[2021-06-23 05:53:42,456] {scheduler_job.py:633} INFO - Processing file /home/airflow/.local/lib/python3.6/site-packages/airflow/example_dags/example_branch_datetime_operator.py for tasks to queue
[2021-06-23 05:53:42,457] {logging_mixin.py:104} INFO - [2021-06-23 05:53:42,457] {dagbag.py:487} INFO - Filling up the DagBag from /home/airflow/.local/lib/python3.6/site-packages/airflow/example_dags/example_branch_datetime_operator.py
[2021-06-23 05:53:42,495] {scheduler_job.py:643} INFO - DAG(s) dict_keys(['example_branch_datetime_operator_2']) retrieved from /home/airflow/.local/lib/python3.6/site-packages/airflow/example_dags/example_branch_datetime_operator.py
[2021-06-23 05:53:42,539] {logging_mixin.py:104} INFO - [2021-06-23 05:53:42,539] {dag.py:1832} INFO - Sync 1 DAGs
[2021-06-23 05:53:42,622] {logging_mixin.py:104} INFO - [2021-06-23 05:53:42,617] {dag.py:2305} INFO - Setting next_dagrun for example_branch_datetime_operator_2 to 2021-06-21 00:00:00+00:00
[2021-06-23 05:53:42,660] {scheduler_job.py:190} INFO - Processing /home/airflow/.local/lib/python3.6/site-packages/airflow/example_dags/example_branch_datetime_operator.py took 0.228 seconds
[2021-06-23 05:54:13,261] {scheduler_job.py:182} INFO - Started process (PID=2220) to work on /home/airflow/.local/lib/python3.6/site-packages/airflow/example_dags/example_branch_datetime_operator.py
[2021-06-23 05:54:13,283] {scheduler_job.py:633} INFO - Processing file /home/airflow/.local/lib/python3.6/site-packages/airflow/example_dags/example_branch_datetime_operator.py for tasks to queue
[2021-06-23 05:54:13,284] {logging_mixin.py:104} INFO - [2021-06-23 05:54:13,284] {dagbag.py:487} INFO - Filling up the DagBag from /home/airflow/.local/lib/python3.6/site-packages/airflow/example_dags/example_branch_datetime_operator.py
[2021-06-23 05:54:13,432] {scheduler_job.py:643} INFO - DAG(s) dict_keys(['example_branch_datetime_operator_2']) retrieved from /home/airflow/.local/lib/python3.6/site-packages/airflow/example_dags/example_branch_datetime_operator.py
[2021-06-23 05:54:13,607] {logging_mixin.py:104} INFO - [2021-06-23 05:54:13,607] {dag.py:1832} INFO - Sync 1 DAGs
[2021-06-23 05:54:13,723] {logging_mixin.py:104} INFO - [2021-06-23 05:54:13,723] {dag.py:2305} INFO - Setting next_dagrun for example_branch_datetime_operator_2 to 2021-06-21 00:00:00+00:00
[2021-06-23 05:54:13,885] {scheduler_job.py:190} INFO - Processing /home/airflow/.local/lib/python3.6/site-packages/airflow/example_dags/example_branch_datetime_operator.py took 0.671 seconds
[2021-06-23 05:54:44,028] {scheduler_job.py:182} INFO - Started process (PID=2298) to work on /home/airflow/.local/lib/python3.6/site-packages/airflow/example_dags/example_branch_datetime_operator.py
[2021-06-23 05:54:44,044] {scheduler_job.py:633} INFO - Processing file /home/airflow/.local/lib/python3.6/site-packages/airflow/example_dags/example_branch_datetime_operator.py for tasks to queue
[2021-06-23 05:54:44,046] {logging_mixin.py:104} INFO - [2021-06-23 05:54:44,046] {dagbag.py:487} INFO - Filling up the DagBag from /home/airflow/.local/lib/python3.6/site-packages/airflow/example_dags/example_branch_datetime_operator.py
[2021-06-23 05:54:44,080] {scheduler_job.py:643} INFO - DAG(s) dict_keys(['example_branch_datetime_operator_2']) retrieved from /home/airflow/.local/lib/python3.6/site-packages/airflow/example_dags/example_branch_datetime_operator.py
[2021-06-23 05:54:44,195] {logging_mixin.py:104} INFO - [2021-06-23 05:54:44,193] {dag.py:1832} INFO - Sync 1 DAGs
[2021-06-23 05:54:44,300] {logging_mixin.py:104} INFO - [2021-06-23 05:54:44,300] {dag.py:2305} INFO - Setting next_dagrun for example_branch_datetime_operator_2 to 2021-06-21 00:00:00+00:00
[2021-06-23 05:54:44,343] {scheduler_job.py:190} INFO - Processing /home/airflow/.local/lib/python3.6/site-packages/airflow/example_dags/example_branch_datetime_operator.py took 0.320 seconds
[2021-06-23 05:55:14,862] {scheduler_job.py:182} INFO - Started process (PID=2364) to work on /home/airflow/.local/lib/python3.6/site-packages/airflow/example_dags/example_branch_datetime_operator.py
[2021-06-23 05:55:14,865] {scheduler_job.py:633} INFO - Processing file /home/airflow/.local/lib/python3.6/site-packages/airflow/example_dags/example_branch_datetime_operator.py for tasks to queue
[2021-06-23 05:55:14,866] {logging_mixin.py:104} INFO - [2021-06-23 05:55:14,866] {dagbag.py:487} INFO - Filling up the DagBag from /home/airflow/.local/lib/python3.6/site-packages/airflow/example_dags/example_branch_datetime_operator.py
[2021-06-23 05:55:14,879] {scheduler_job.py:643} INFO - DAG(s) dict_keys(['example_branch_datetime_operator_2']) retrieved from /home/airflow/.local/lib/python3.6/site-packages/airflow/example_dags/example_branch_datetime_operator.py
[2021-06-23 05:55:14,993] {logging_mixin.py:104} INFO - [2021-06-23 05:55:14,993] {dag.py:1832} INFO - Sync 1 DAGs
[2021-06-23 05:55:15,088] {logging_mixin.py:104} INFO - [2021-06-23 05:55:15,088] {dag.py:2305} INFO - Setting next_dagrun for example_branch_datetime_operator_2 to 2021-06-21 00:00:00+00:00
[2021-06-23 05:55:15,128] {scheduler_job.py:190} INFO - Processing /home/airflow/.local/lib/python3.6/site-packages/airflow/example_dags/example_branch_datetime_operator.py took 0.295 seconds
[2021-06-23 05:55:45,855] {scheduler_job.py:182} INFO - Started process (PID=2426) to work on /home/airflow/.local/lib/python3.6/site-packages/airflow/example_dags/example_branch_datetime_operator.py
[2021-06-23 05:55:45,857] {scheduler_job.py:633} INFO - Processing file /home/airflow/.local/lib/python3.6/site-packages/airflow/example_dags/example_branch_datetime_operator.py for tasks to queue
[2021-06-23 05:55:45,890] {logging_mixin.py:104} INFO - [2021-06-23 05:55:45,889] {dagbag.py:487} INFO - Filling up the DagBag from /home/airflow/.local/lib/python3.6/site-packages/airflow/example_dags/example_branch_datetime_operator.py
[2021-06-23 05:55:45,946] {scheduler_job.py:643} INFO - DAG(s) dict_keys(['example_branch_datetime_operator_2']) retrieved from /home/airflow/.local/lib/python3.6/site-packages/airflow/example_dags/example_branch_datetime_operator.py
[2021-06-23 05:55:46,140] {logging_mixin.py:104} INFO - [2021-06-23 05:55:46,140] {dag.py:1832} INFO - Sync 1 DAGs
[2021-06-23 05:55:46,331] {logging_mixin.py:104} INFO - [2021-06-23 05:55:46,331] {dag.py:2305} INFO - Setting next_dagrun for example_branch_datetime_operator_2 to 2021-06-21 00:00:00+00:00
[2021-06-23 05:55:46,419] {scheduler_job.py:190} INFO - Processing /home/airflow/.local/lib/python3.6/site-packages/airflow/example_dags/example_branch_datetime_operator.py took 0.563 seconds
[2021-06-23 05:56:16,761] {scheduler_job.py:182} INFO - Started process (PID=2487) to work on /home/airflow/.local/lib/python3.6/site-packages/airflow/example_dags/example_branch_datetime_operator.py
[2021-06-23 05:56:16,764] {scheduler_job.py:633} INFO - Processing file /home/airflow/.local/lib/python3.6/site-packages/airflow/example_dags/example_branch_datetime_operator.py for tasks to queue
[2021-06-23 05:56:16,765] {logging_mixin.py:104} INFO - [2021-06-23 05:56:16,765] {dagbag.py:487} INFO - Filling up the DagBag from /home/airflow/.local/lib/python3.6/site-packages/airflow/example_dags/example_branch_datetime_operator.py
[2021-06-23 05:56:16,789] {scheduler_job.py:643} INFO - DAG(s) dict_keys(['example_branch_datetime_operator_2']) retrieved from /home/airflow/.local/lib/python3.6/site-packages/airflow/example_dags/example_branch_datetime_operator.py
[2021-06-23 05:56:16,827] {logging_mixin.py:104} INFO - [2021-06-23 05:56:16,827] {dag.py:1832} INFO - Sync 1 DAGs
[2021-06-23 05:56:16,849] {logging_mixin.py:104} INFO - [2021-06-23 05:56:16,849] {dag.py:2305} INFO - Setting next_dagrun for example_branch_datetime_operator_2 to 2021-06-21 00:00:00+00:00
[2021-06-23 05:56:16,870] {scheduler_job.py:190} INFO - Processing /home/airflow/.local/lib/python3.6/site-packages/airflow/example_dags/example_branch_datetime_operator.py took 0.115 seconds
[2021-06-23 05:56:48,008] {scheduler_job.py:182} INFO - Started process (PID=2563) to work on /home/airflow/.local/lib/python3.6/site-packages/airflow/example_dags/example_branch_datetime_operator.py
[2021-06-23 05:56:48,021] {scheduler_job.py:633} INFO - Processing file /home/airflow/.local/lib/python3.6/site-packages/airflow/example_dags/example_branch_datetime_operator.py for tasks to queue
[2021-06-23 05:56:48,022] {logging_mixin.py:104} INFO - [2021-06-23 05:56:48,022] {dagbag.py:487} INFO - Filling up the DagBag from /home/airflow/.local/lib/python3.6/site-packages/airflow/example_dags/example_branch_datetime_operator.py
[2021-06-23 05:56:48,057] {scheduler_job.py:643} INFO - DAG(s) dict_keys(['example_branch_datetime_operator_2']) retrieved from /home/airflow/.local/lib/python3.6/site-packages/airflow/example_dags/example_branch_datetime_operator.py
[2021-06-23 05:56:48,135] {logging_mixin.py:104} INFO - [2021-06-23 05:56:48,135] {dag.py:1832} INFO - Sync 1 DAGs
[2021-06-23 05:56:48,184] {logging_mixin.py:104} INFO - [2021-06-23 05:56:48,183] {dag.py:2305} INFO - Setting next_dagrun for example_branch_datetime_operator_2 to 2021-06-21 00:00:00+00:00
[2021-06-23 05:56:48,215] {scheduler_job.py:190} INFO - Processing /home/airflow/.local/lib/python3.6/site-packages/airflow/example_dags/example_branch_datetime_operator.py took 0.211 seconds
[2021-06-23 05:57:20,023] {scheduler_job.py:182} INFO - Started process (PID=2626) to work on /home/airflow/.local/lib/python3.6/site-packages/airflow/example_dags/example_branch_datetime_operator.py
[2021-06-23 05:57:20,024] {scheduler_job.py:633} INFO - Processing file /home/airflow/.local/lib/python3.6/site-packages/airflow/example_dags/example_branch_datetime_operator.py for tasks to queue
[2021-06-23 05:57:20,038] {logging_mixin.py:104} INFO - [2021-06-23 05:57:20,038] {dagbag.py:487} INFO - Filling up the DagBag from /home/airflow/.local/lib/python3.6/site-packages/airflow/example_dags/example_branch_datetime_operator.py
[2021-06-23 05:57:20,135] {scheduler_job.py:643} INFO - DAG(s) dict_keys(['example_branch_datetime_operator_2']) retrieved from /home/airflow/.local/lib/python3.6/site-packages/airflow/example_dags/example_branch_datetime_operator.py
[2021-06-23 05:57:20,299] {logging_mixin.py:104} INFO - [2021-06-23 05:57:20,299] {dag.py:1832} INFO - Sync 1 DAGs
[2021-06-23 05:57:20,427] {logging_mixin.py:104} INFO - [2021-06-23 05:57:20,427] {dag.py:2305} INFO - Setting next_dagrun for example_branch_datetime_operator_2 to 2021-06-21 00:00:00+00:00
[2021-06-23 05:57:20,542] {scheduler_job.py:190} INFO - Processing /home/airflow/.local/lib/python3.6/site-packages/airflow/example_dags/example_branch_datetime_operator.py took 0.535 seconds
[2021-06-23 05:57:51,281] {scheduler_job.py:182} INFO - Started process (PID=2687) to work on /home/airflow/.local/lib/python3.6/site-packages/airflow/example_dags/example_branch_datetime_operator.py
[2021-06-23 05:57:51,283] {scheduler_job.py:633} INFO - Processing file /home/airflow/.local/lib/python3.6/site-packages/airflow/example_dags/example_branch_datetime_operator.py for tasks to queue
[2021-06-23 05:57:51,287] {logging_mixin.py:104} INFO - [2021-06-23 05:57:51,284] {dagbag.py:487} INFO - Filling up the DagBag from /home/airflow/.local/lib/python3.6/site-packages/airflow/example_dags/example_branch_datetime_operator.py
[2021-06-23 05:57:51,324] {scheduler_job.py:643} INFO - DAG(s) dict_keys(['example_branch_datetime_operator_2']) retrieved from /home/airflow/.local/lib/python3.6/site-packages/airflow/example_dags/example_branch_datetime_operator.py
[2021-06-23 05:57:51,425] {logging_mixin.py:104} INFO - [2021-06-23 05:57:51,424] {dag.py:1832} INFO - Sync 1 DAGs
[2021-06-23 05:57:51,501] {logging_mixin.py:104} INFO - [2021-06-23 05:57:51,501] {dag.py:2305} INFO - Setting next_dagrun for example_branch_datetime_operator_2 to 2021-06-21 00:00:00+00:00
[2021-06-23 05:57:51,592] {scheduler_job.py:190} INFO - Processing /home/airflow/.local/lib/python3.6/site-packages/airflow/example_dags/example_branch_datetime_operator.py took 0.319 seconds
[2021-06-23 05:58:22,125] {scheduler_job.py:182} INFO - Started process (PID=2754) to work on /home/airflow/.local/lib/python3.6/site-packages/airflow/example_dags/example_branch_datetime_operator.py
[2021-06-23 05:58:22,126] {scheduler_job.py:633} INFO - Processing file /home/airflow/.local/lib/python3.6/site-packages/airflow/example_dags/example_branch_datetime_operator.py for tasks to queue
[2021-06-23 05:58:22,127] {logging_mixin.py:104} INFO - [2021-06-23 05:58:22,127] {dagbag.py:487} INFO - Filling up the DagBag from /home/airflow/.local/lib/python3.6/site-packages/airflow/example_dags/example_branch_datetime_operator.py
[2021-06-23 05:58:22,155] {scheduler_job.py:643} INFO - DAG(s) dict_keys(['example_branch_datetime_operator_2']) retrieved from /home/airflow/.local/lib/python3.6/site-packages/airflow/example_dags/example_branch_datetime_operator.py
[2021-06-23 05:58:22,210] {logging_mixin.py:104} INFO - [2021-06-23 05:58:22,210] {dag.py:1832} INFO - Sync 1 DAGs
[2021-06-23 05:58:22,282] {logging_mixin.py:104} INFO - [2021-06-23 05:58:22,281] {dag.py:2305} INFO - Setting next_dagrun for example_branch_datetime_operator_2 to 2021-06-21 00:00:00+00:00
[2021-06-23 05:58:22,314] {scheduler_job.py:190} INFO - Processing /home/airflow/.local/lib/python3.6/site-packages/airflow/example_dags/example_branch_datetime_operator.py took 0.195 seconds
[2021-06-23 05:58:52,489] {scheduler_job.py:182} INFO - Started process (PID=2819) to work on /home/airflow/.local/lib/python3.6/site-packages/airflow/example_dags/example_branch_datetime_operator.py
[2021-06-23 05:58:52,490] {scheduler_job.py:633} INFO - Processing file /home/airflow/.local/lib/python3.6/site-packages/airflow/example_dags/example_branch_datetime_operator.py for tasks to queue
[2021-06-23 05:58:52,492] {logging_mixin.py:104} INFO - [2021-06-23 05:58:52,491] {dagbag.py:487} INFO - Filling up the DagBag from /home/airflow/.local/lib/python3.6/site-packages/airflow/example_dags/example_branch_datetime_operator.py
[2021-06-23 05:58:52,514] {scheduler_job.py:643} INFO - DAG(s) dict_keys(['example_branch_datetime_operator_2']) retrieved from /home/airflow/.local/lib/python3.6/site-packages/airflow/example_dags/example_branch_datetime_operator.py
[2021-06-23 05:58:52,563] {logging_mixin.py:104} INFO - [2021-06-23 05:58:52,563] {dag.py:1832} INFO - Sync 1 DAGs
[2021-06-23 05:58:52,614] {logging_mixin.py:104} INFO - [2021-06-23 05:58:52,614] {dag.py:2305} INFO - Setting next_dagrun for example_branch_datetime_operator_2 to 2021-06-21 00:00:00+00:00
[2021-06-23 05:58:52,631] {scheduler_job.py:190} INFO - Processing /home/airflow/.local/lib/python3.6/site-packages/airflow/example_dags/example_branch_datetime_operator.py took 0.159 seconds
[2021-06-23 05:59:23,006] {scheduler_job.py:182} INFO - Started process (PID=2882) to work on /home/airflow/.local/lib/python3.6/site-packages/airflow/example_dags/example_branch_datetime_operator.py
[2021-06-23 05:59:23,008] {scheduler_job.py:633} INFO - Processing file /home/airflow/.local/lib/python3.6/site-packages/airflow/example_dags/example_branch_datetime_operator.py for tasks to queue
[2021-06-23 05:59:23,009] {logging_mixin.py:104} INFO - [2021-06-23 05:59:23,008] {dagbag.py:487} INFO - Filling up the DagBag from /home/airflow/.local/lib/python3.6/site-packages/airflow/example_dags/example_branch_datetime_operator.py
[2021-06-23 05:59:23,027] {scheduler_job.py:643} INFO - DAG(s) dict_keys(['example_branch_datetime_operator_2']) retrieved from /home/airflow/.local/lib/python3.6/site-packages/airflow/example_dags/example_branch_datetime_operator.py
[2021-06-23 05:59:23,065] {logging_mixin.py:104} INFO - [2021-06-23 05:59:23,065] {dag.py:1832} INFO - Sync 1 DAGs
[2021-06-23 05:59:23,105] {logging_mixin.py:104} INFO - [2021-06-23 05:59:23,105] {dag.py:2305} INFO - Setting next_dagrun for example_branch_datetime_operator_2 to 2021-06-21 00:00:00+00:00
[2021-06-23 05:59:23,183] {scheduler_job.py:190} INFO - Processing /home/airflow/.local/lib/python3.6/site-packages/airflow/example_dags/example_branch_datetime_operator.py took 0.182 seconds
[2021-06-23 05:59:53,345] {scheduler_job.py:182} INFO - Started process (PID=2946) to work on /home/airflow/.local/lib/python3.6/site-packages/airflow/example_dags/example_branch_datetime_operator.py
[2021-06-23 05:59:53,346] {scheduler_job.py:633} INFO - Processing file /home/airflow/.local/lib/python3.6/site-packages/airflow/example_dags/example_branch_datetime_operator.py for tasks to queue
[2021-06-23 05:59:53,347] {logging_mixin.py:104} INFO - [2021-06-23 05:59:53,347] {dagbag.py:487} INFO - Filling up the DagBag from /home/airflow/.local/lib/python3.6/site-packages/airflow/example_dags/example_branch_datetime_operator.py
[2021-06-23 05:59:53,367] {scheduler_job.py:643} INFO - DAG(s) dict_keys(['example_branch_datetime_operator_2']) retrieved from /home/airflow/.local/lib/python3.6/site-packages/airflow/example_dags/example_branch_datetime_operator.py
[2021-06-23 05:59:53,391] {logging_mixin.py:104} INFO - [2021-06-23 05:59:53,391] {dag.py:1832} INFO - Sync 1 DAGs
[2021-06-23 05:59:53,423] {logging_mixin.py:104} INFO - [2021-06-23 05:59:53,423] {dag.py:2305} INFO - Setting next_dagrun for example_branch_datetime_operator_2 to 2021-06-21 00:00:00+00:00
[2021-06-23 05:59:53,436] {scheduler_job.py:190} INFO - Processing /home/airflow/.local/lib/python3.6/site-packages/airflow/example_dags/example_branch_datetime_operator.py took 0.094 seconds
[2021-06-23 06:00:23,693] {scheduler_job.py:182} INFO - Started process (PID=3008) to work on /home/airflow/.local/lib/python3.6/site-packages/airflow/example_dags/example_branch_datetime_operator.py
[2021-06-23 06:00:23,694] {scheduler_job.py:633} INFO - Processing file /home/airflow/.local/lib/python3.6/site-packages/airflow/example_dags/example_branch_datetime_operator.py for tasks to queue
[2021-06-23 06:00:23,695] {logging_mixin.py:104} INFO - [2021-06-23 06:00:23,695] {dagbag.py:487} INFO - Filling up the DagBag from /home/airflow/.local/lib/python3.6/site-packages/airflow/example_dags/example_branch_datetime_operator.py
[2021-06-23 06:00:23,733] {scheduler_job.py:643} INFO - DAG(s) dict_keys(['example_branch_datetime_operator_2']) retrieved from /home/airflow/.local/lib/python3.6/site-packages/airflow/example_dags/example_branch_datetime_operator.py
[2021-06-23 06:00:23,818] {logging_mixin.py:104} INFO - [2021-06-23 06:00:23,818] {dag.py:1832} INFO - Sync 1 DAGs
[2021-06-23 06:00:23,858] {logging_mixin.py:104} INFO - [2021-06-23 06:00:23,858] {dag.py:2305} INFO - Setting next_dagrun for example_branch_datetime_operator_2 to 2021-06-21 00:00:00+00:00
[2021-06-23 06:00:23,893] {scheduler_job.py:190} INFO - Processing /home/airflow/.local/lib/python3.6/site-packages/airflow/example_dags/example_branch_datetime_operator.py took 0.208 seconds
[2021-06-23 06:00:54,260] {scheduler_job.py:182} INFO - Started process (PID=3078) to work on /home/airflow/.local/lib/python3.6/site-packages/airflow/example_dags/example_branch_datetime_operator.py
[2021-06-23 06:00:54,279] {scheduler_job.py:633} INFO - Processing file /home/airflow/.local/lib/python3.6/site-packages/airflow/example_dags/example_branch_datetime_operator.py for tasks to queue
[2021-06-23 06:00:54,281] {logging_mixin.py:104} INFO - [2021-06-23 06:00:54,281] {dagbag.py:487} INFO - Filling up the DagBag from /home/airflow/.local/lib/python3.6/site-packages/airflow/example_dags/example_branch_datetime_operator.py
[2021-06-23 06:00:54,365] {scheduler_job.py:643} INFO - DAG(s) dict_keys(['example_branch_datetime_operator_2']) retrieved from /home/airflow/.local/lib/python3.6/site-packages/airflow/example_dags/example_branch_datetime_operator.py
[2021-06-23 06:00:54,429] {logging_mixin.py:104} INFO - [2021-06-23 06:00:54,429] {dag.py:1832} INFO - Sync 1 DAGs
[2021-06-23 06:00:54,646] {logging_mixin.py:104} INFO - [2021-06-23 06:00:54,645] {dag.py:2305} INFO - Setting next_dagrun for example_branch_datetime_operator_2 to 2021-06-21 00:00:00+00:00
[2021-06-23 06:00:54,715] {scheduler_job.py:190} INFO - Processing /home/airflow/.local/lib/python3.6/site-packages/airflow/example_dags/example_branch_datetime_operator.py took 0.518 seconds
