[2021-06-23 05:37:18,359] {scheduler_job.py:182} INFO - Started process (PID=77) to work on /home/airflow/.local/lib/python3.6/site-packages/airflow/example_dags/example_nested_branch_dag.py
[2021-06-23 05:37:18,366] {scheduler_job.py:633} INFO - Processing file /home/airflow/.local/lib/python3.6/site-packages/airflow/example_dags/example_nested_branch_dag.py for tasks to queue
[2021-06-23 05:37:18,367] {logging_mixin.py:104} INFO - [2021-06-23 05:37:18,367] {dagbag.py:487} INFO - Filling up the DagBag from /home/airflow/.local/lib/python3.6/site-packages/airflow/example_dags/example_nested_branch_dag.py
[2021-06-23 05:37:18,398] {scheduler_job.py:643} INFO - DAG(s) dict_keys(['example_nested_branch_dag']) retrieved from /home/airflow/.local/lib/python3.6/site-packages/airflow/example_dags/example_nested_branch_dag.py
[2021-06-23 05:37:19,054] {logging_mixin.py:104} INFO - [2021-06-23 05:37:19,054] {dag.py:1832} INFO - Sync 1 DAGs
[2021-06-23 05:37:19,080] {logging_mixin.py:104} INFO - [2021-06-23 05:37:19,079] {dag.py:2305} INFO - Setting next_dagrun for example_nested_branch_dag to 2021-06-21 00:00:00+00:00
[2021-06-23 05:37:19,124] {scheduler_job.py:190} INFO - Processing /home/airflow/.local/lib/python3.6/site-packages/airflow/example_dags/example_nested_branch_dag.py took 0.776 seconds
[2021-06-23 05:37:50,027] {scheduler_job.py:182} INFO - Started process (PID=140) to work on /home/airflow/.local/lib/python3.6/site-packages/airflow/example_dags/example_nested_branch_dag.py
[2021-06-23 05:37:50,032] {scheduler_job.py:633} INFO - Processing file /home/airflow/.local/lib/python3.6/site-packages/airflow/example_dags/example_nested_branch_dag.py for tasks to queue
[2021-06-23 05:37:50,039] {logging_mixin.py:104} INFO - [2021-06-23 05:37:50,039] {dagbag.py:487} INFO - Filling up the DagBag from /home/airflow/.local/lib/python3.6/site-packages/airflow/example_dags/example_nested_branch_dag.py
[2021-06-23 05:37:50,084] {scheduler_job.py:643} INFO - DAG(s) dict_keys(['example_nested_branch_dag']) retrieved from /home/airflow/.local/lib/python3.6/site-packages/airflow/example_dags/example_nested_branch_dag.py
[2021-06-23 05:37:50,150] {logging_mixin.py:104} INFO - [2021-06-23 05:37:50,150] {dag.py:1832} INFO - Sync 1 DAGs
[2021-06-23 05:37:50,193] {logging_mixin.py:104} INFO - [2021-06-23 05:37:50,193] {dag.py:2305} INFO - Setting next_dagrun for example_nested_branch_dag to 2021-06-21 00:00:00+00:00
[2021-06-23 05:37:50,208] {scheduler_job.py:190} INFO - Processing /home/airflow/.local/lib/python3.6/site-packages/airflow/example_dags/example_nested_branch_dag.py took 0.191 seconds
[2021-06-23 05:38:20,933] {scheduler_job.py:182} INFO - Started process (PID=202) to work on /home/airflow/.local/lib/python3.6/site-packages/airflow/example_dags/example_nested_branch_dag.py
[2021-06-23 05:38:20,937] {scheduler_job.py:633} INFO - Processing file /home/airflow/.local/lib/python3.6/site-packages/airflow/example_dags/example_nested_branch_dag.py for tasks to queue
[2021-06-23 05:38:20,938] {logging_mixin.py:104} INFO - [2021-06-23 05:38:20,938] {dagbag.py:487} INFO - Filling up the DagBag from /home/airflow/.local/lib/python3.6/site-packages/airflow/example_dags/example_nested_branch_dag.py
[2021-06-23 05:38:21,016] {scheduler_job.py:643} INFO - DAG(s) dict_keys(['example_nested_branch_dag']) retrieved from /home/airflow/.local/lib/python3.6/site-packages/airflow/example_dags/example_nested_branch_dag.py
[2021-06-23 05:38:21,083] {logging_mixin.py:104} INFO - [2021-06-23 05:38:21,083] {dag.py:1832} INFO - Sync 1 DAGs
[2021-06-23 05:38:21,169] {logging_mixin.py:104} INFO - [2021-06-23 05:38:21,168] {dag.py:2305} INFO - Setting next_dagrun for example_nested_branch_dag to 2021-06-21 00:00:00+00:00
[2021-06-23 05:38:21,200] {scheduler_job.py:190} INFO - Processing /home/airflow/.local/lib/python3.6/site-packages/airflow/example_dags/example_nested_branch_dag.py took 0.280 seconds
[2021-06-23 05:38:51,376] {scheduler_job.py:182} INFO - Started process (PID=266) to work on /home/airflow/.local/lib/python3.6/site-packages/airflow/example_dags/example_nested_branch_dag.py
[2021-06-23 05:38:51,379] {scheduler_job.py:633} INFO - Processing file /home/airflow/.local/lib/python3.6/site-packages/airflow/example_dags/example_nested_branch_dag.py for tasks to queue
[2021-06-23 05:38:51,380] {logging_mixin.py:104} INFO - [2021-06-23 05:38:51,380] {dagbag.py:487} INFO - Filling up the DagBag from /home/airflow/.local/lib/python3.6/site-packages/airflow/example_dags/example_nested_branch_dag.py
[2021-06-23 05:38:51,433] {scheduler_job.py:643} INFO - DAG(s) dict_keys(['example_nested_branch_dag']) retrieved from /home/airflow/.local/lib/python3.6/site-packages/airflow/example_dags/example_nested_branch_dag.py
[2021-06-23 05:38:51,520] {logging_mixin.py:104} INFO - [2021-06-23 05:38:51,519] {dag.py:1832} INFO - Sync 1 DAGs
[2021-06-23 05:38:51,577] {logging_mixin.py:104} INFO - [2021-06-23 05:38:51,577] {dag.py:2305} INFO - Setting next_dagrun for example_nested_branch_dag to 2021-06-21 00:00:00+00:00
[2021-06-23 05:38:51,605] {scheduler_job.py:190} INFO - Processing /home/airflow/.local/lib/python3.6/site-packages/airflow/example_dags/example_nested_branch_dag.py took 0.247 seconds
[2021-06-23 05:39:22,365] {scheduler_job.py:182} INFO - Started process (PID=339) to work on /home/airflow/.local/lib/python3.6/site-packages/airflow/example_dags/example_nested_branch_dag.py
[2021-06-23 05:39:22,368] {scheduler_job.py:633} INFO - Processing file /home/airflow/.local/lib/python3.6/site-packages/airflow/example_dags/example_nested_branch_dag.py for tasks to queue
[2021-06-23 05:39:22,369] {logging_mixin.py:104} INFO - [2021-06-23 05:39:22,369] {dagbag.py:487} INFO - Filling up the DagBag from /home/airflow/.local/lib/python3.6/site-packages/airflow/example_dags/example_nested_branch_dag.py
[2021-06-23 05:39:22,407] {scheduler_job.py:643} INFO - DAG(s) dict_keys(['example_nested_branch_dag']) retrieved from /home/airflow/.local/lib/python3.6/site-packages/airflow/example_dags/example_nested_branch_dag.py
[2021-06-23 05:39:22,484] {logging_mixin.py:104} INFO - [2021-06-23 05:39:22,484] {dag.py:1832} INFO - Sync 1 DAGs
[2021-06-23 05:39:22,545] {logging_mixin.py:104} INFO - [2021-06-23 05:39:22,545] {dag.py:2305} INFO - Setting next_dagrun for example_nested_branch_dag to 2021-06-21 00:00:00+00:00
[2021-06-23 05:39:22,566] {scheduler_job.py:190} INFO - Processing /home/airflow/.local/lib/python3.6/site-packages/airflow/example_dags/example_nested_branch_dag.py took 0.214 seconds
[2021-06-23 05:39:52,782] {scheduler_job.py:182} INFO - Started process (PID=406) to work on /home/airflow/.local/lib/python3.6/site-packages/airflow/example_dags/example_nested_branch_dag.py
[2021-06-23 05:39:52,784] {scheduler_job.py:633} INFO - Processing file /home/airflow/.local/lib/python3.6/site-packages/airflow/example_dags/example_nested_branch_dag.py for tasks to queue
[2021-06-23 05:39:52,787] {logging_mixin.py:104} INFO - [2021-06-23 05:39:52,786] {dagbag.py:487} INFO - Filling up the DagBag from /home/airflow/.local/lib/python3.6/site-packages/airflow/example_dags/example_nested_branch_dag.py
[2021-06-23 05:39:52,815] {scheduler_job.py:643} INFO - DAG(s) dict_keys(['example_nested_branch_dag']) retrieved from /home/airflow/.local/lib/python3.6/site-packages/airflow/example_dags/example_nested_branch_dag.py
[2021-06-23 05:39:52,855] {logging_mixin.py:104} INFO - [2021-06-23 05:39:52,855] {dag.py:1832} INFO - Sync 1 DAGs
[2021-06-23 05:39:52,892] {logging_mixin.py:104} INFO - [2021-06-23 05:39:52,892] {dag.py:2305} INFO - Setting next_dagrun for example_nested_branch_dag to 2021-06-21 00:00:00+00:00
[2021-06-23 05:39:52,911] {scheduler_job.py:190} INFO - Processing /home/airflow/.local/lib/python3.6/site-packages/airflow/example_dags/example_nested_branch_dag.py took 0.133 seconds
[2021-06-23 05:40:23,124] {scheduler_job.py:182} INFO - Started process (PID=468) to work on /home/airflow/.local/lib/python3.6/site-packages/airflow/example_dags/example_nested_branch_dag.py
[2021-06-23 05:40:23,125] {scheduler_job.py:633} INFO - Processing file /home/airflow/.local/lib/python3.6/site-packages/airflow/example_dags/example_nested_branch_dag.py for tasks to queue
[2021-06-23 05:40:23,127] {logging_mixin.py:104} INFO - [2021-06-23 05:40:23,127] {dagbag.py:487} INFO - Filling up the DagBag from /home/airflow/.local/lib/python3.6/site-packages/airflow/example_dags/example_nested_branch_dag.py
[2021-06-23 05:40:23,156] {scheduler_job.py:643} INFO - DAG(s) dict_keys(['example_nested_branch_dag']) retrieved from /home/airflow/.local/lib/python3.6/site-packages/airflow/example_dags/example_nested_branch_dag.py
[2021-06-23 05:40:23,225] {logging_mixin.py:104} INFO - [2021-06-23 05:40:23,225] {dag.py:1832} INFO - Sync 1 DAGs
[2021-06-23 05:40:23,302] {logging_mixin.py:104} INFO - [2021-06-23 05:40:23,302] {dag.py:2305} INFO - Setting next_dagrun for example_nested_branch_dag to 2021-06-21 00:00:00+00:00
[2021-06-23 05:40:23,324] {scheduler_job.py:190} INFO - Processing /home/airflow/.local/lib/python3.6/site-packages/airflow/example_dags/example_nested_branch_dag.py took 0.205 seconds
[2021-06-23 05:40:55,176] {scheduler_job.py:182} INFO - Started process (PID=532) to work on /home/airflow/.local/lib/python3.6/site-packages/airflow/example_dags/example_nested_branch_dag.py
[2021-06-23 05:40:55,178] {scheduler_job.py:633} INFO - Processing file /home/airflow/.local/lib/python3.6/site-packages/airflow/example_dags/example_nested_branch_dag.py for tasks to queue
[2021-06-23 05:40:55,180] {logging_mixin.py:104} INFO - [2021-06-23 05:40:55,180] {dagbag.py:487} INFO - Filling up the DagBag from /home/airflow/.local/lib/python3.6/site-packages/airflow/example_dags/example_nested_branch_dag.py
[2021-06-23 05:40:55,250] {scheduler_job.py:643} INFO - DAG(s) dict_keys(['example_nested_branch_dag']) retrieved from /home/airflow/.local/lib/python3.6/site-packages/airflow/example_dags/example_nested_branch_dag.py
[2021-06-23 05:40:55,363] {logging_mixin.py:104} INFO - [2021-06-23 05:40:55,363] {dag.py:1832} INFO - Sync 1 DAGs
[2021-06-23 05:40:55,427] {logging_mixin.py:104} INFO - [2021-06-23 05:40:55,427] {dag.py:2305} INFO - Setting next_dagrun for example_nested_branch_dag to 2021-06-21 00:00:00+00:00
[2021-06-23 05:40:55,477] {scheduler_job.py:190} INFO - Processing /home/airflow/.local/lib/python3.6/site-packages/airflow/example_dags/example_nested_branch_dag.py took 0.310 seconds
[2021-06-23 05:41:27,618] {scheduler_job.py:182} INFO - Started process (PID=597) to work on /home/airflow/.local/lib/python3.6/site-packages/airflow/example_dags/example_nested_branch_dag.py
[2021-06-23 05:41:27,620] {scheduler_job.py:633} INFO - Processing file /home/airflow/.local/lib/python3.6/site-packages/airflow/example_dags/example_nested_branch_dag.py for tasks to queue
[2021-06-23 05:41:27,621] {logging_mixin.py:104} INFO - [2021-06-23 05:41:27,621] {dagbag.py:487} INFO - Filling up the DagBag from /home/airflow/.local/lib/python3.6/site-packages/airflow/example_dags/example_nested_branch_dag.py
[2021-06-23 05:41:27,676] {scheduler_job.py:643} INFO - DAG(s) dict_keys(['example_nested_branch_dag']) retrieved from /home/airflow/.local/lib/python3.6/site-packages/airflow/example_dags/example_nested_branch_dag.py
[2021-06-23 05:41:27,727] {logging_mixin.py:104} INFO - [2021-06-23 05:41:27,726] {dag.py:1832} INFO - Sync 1 DAGs
[2021-06-23 05:41:27,775] {logging_mixin.py:104} INFO - [2021-06-23 05:41:27,774] {dag.py:2305} INFO - Setting next_dagrun for example_nested_branch_dag to 2021-06-21 00:00:00+00:00
[2021-06-23 05:41:27,813] {scheduler_job.py:190} INFO - Processing /home/airflow/.local/lib/python3.6/site-packages/airflow/example_dags/example_nested_branch_dag.py took 0.207 seconds
[2021-06-23 05:41:58,254] {scheduler_job.py:182} INFO - Started process (PID=659) to work on /home/airflow/.local/lib/python3.6/site-packages/airflow/example_dags/example_nested_branch_dag.py
[2021-06-23 05:41:58,269] {scheduler_job.py:633} INFO - Processing file /home/airflow/.local/lib/python3.6/site-packages/airflow/example_dags/example_nested_branch_dag.py for tasks to queue
[2021-06-23 05:41:58,298] {logging_mixin.py:104} INFO - [2021-06-23 05:41:58,270] {dagbag.py:487} INFO - Filling up the DagBag from /home/airflow/.local/lib/python3.6/site-packages/airflow/example_dags/example_nested_branch_dag.py
[2021-06-23 05:41:58,413] {scheduler_job.py:643} INFO - DAG(s) dict_keys(['example_nested_branch_dag']) retrieved from /home/airflow/.local/lib/python3.6/site-packages/airflow/example_dags/example_nested_branch_dag.py
[2021-06-23 05:41:58,573] {logging_mixin.py:104} INFO - [2021-06-23 05:41:58,572] {dag.py:1832} INFO - Sync 1 DAGs
[2021-06-23 05:41:58,686] {logging_mixin.py:104} INFO - [2021-06-23 05:41:58,686] {dag.py:2305} INFO - Setting next_dagrun for example_nested_branch_dag to 2021-06-21 00:00:00+00:00
[2021-06-23 05:41:58,751] {scheduler_job.py:190} INFO - Processing /home/airflow/.local/lib/python3.6/site-packages/airflow/example_dags/example_nested_branch_dag.py took 0.513 seconds
[2021-06-23 05:42:29,062] {scheduler_job.py:182} INFO - Started process (PID=729) to work on /home/airflow/.local/lib/python3.6/site-packages/airflow/example_dags/example_nested_branch_dag.py
[2021-06-23 05:42:29,072] {scheduler_job.py:633} INFO - Processing file /home/airflow/.local/lib/python3.6/site-packages/airflow/example_dags/example_nested_branch_dag.py for tasks to queue
[2021-06-23 05:42:29,080] {logging_mixin.py:104} INFO - [2021-06-23 05:42:29,080] {dagbag.py:487} INFO - Filling up the DagBag from /home/airflow/.local/lib/python3.6/site-packages/airflow/example_dags/example_nested_branch_dag.py
[2021-06-23 05:42:29,110] {scheduler_job.py:643} INFO - DAG(s) dict_keys(['example_nested_branch_dag']) retrieved from /home/airflow/.local/lib/python3.6/site-packages/airflow/example_dags/example_nested_branch_dag.py
[2021-06-23 05:42:29,142] {logging_mixin.py:104} INFO - [2021-06-23 05:42:29,142] {dag.py:1832} INFO - Sync 1 DAGs
[2021-06-23 05:42:29,178] {logging_mixin.py:104} INFO - [2021-06-23 05:42:29,178] {dag.py:2305} INFO - Setting next_dagrun for example_nested_branch_dag to 2021-06-21 00:00:00+00:00
[2021-06-23 05:42:29,191] {scheduler_job.py:190} INFO - Processing /home/airflow/.local/lib/python3.6/site-packages/airflow/example_dags/example_nested_branch_dag.py took 0.135 seconds
[2021-06-23 05:42:59,721] {scheduler_job.py:182} INFO - Started process (PID=798) to work on /home/airflow/.local/lib/python3.6/site-packages/airflow/example_dags/example_nested_branch_dag.py
[2021-06-23 05:42:59,723] {scheduler_job.py:633} INFO - Processing file /home/airflow/.local/lib/python3.6/site-packages/airflow/example_dags/example_nested_branch_dag.py for tasks to queue
[2021-06-23 05:42:59,725] {logging_mixin.py:104} INFO - [2021-06-23 05:42:59,724] {dagbag.py:487} INFO - Filling up the DagBag from /home/airflow/.local/lib/python3.6/site-packages/airflow/example_dags/example_nested_branch_dag.py
[2021-06-23 05:42:59,751] {scheduler_job.py:643} INFO - DAG(s) dict_keys(['example_nested_branch_dag']) retrieved from /home/airflow/.local/lib/python3.6/site-packages/airflow/example_dags/example_nested_branch_dag.py
[2021-06-23 05:42:59,788] {logging_mixin.py:104} INFO - [2021-06-23 05:42:59,788] {dag.py:1832} INFO - Sync 1 DAGs
[2021-06-23 05:42:59,810] {logging_mixin.py:104} INFO - [2021-06-23 05:42:59,810] {dag.py:2305} INFO - Setting next_dagrun for example_nested_branch_dag to 2021-06-21 00:00:00+00:00
[2021-06-23 05:42:59,821] {scheduler_job.py:190} INFO - Processing /home/airflow/.local/lib/python3.6/site-packages/airflow/example_dags/example_nested_branch_dag.py took 0.105 seconds
[2021-06-23 05:43:30,536] {scheduler_job.py:182} INFO - Started process (PID=862) to work on /home/airflow/.local/lib/python3.6/site-packages/airflow/example_dags/example_nested_branch_dag.py
[2021-06-23 05:43:30,538] {scheduler_job.py:633} INFO - Processing file /home/airflow/.local/lib/python3.6/site-packages/airflow/example_dags/example_nested_branch_dag.py for tasks to queue
[2021-06-23 05:43:30,540] {logging_mixin.py:104} INFO - [2021-06-23 05:43:30,540] {dagbag.py:487} INFO - Filling up the DagBag from /home/airflow/.local/lib/python3.6/site-packages/airflow/example_dags/example_nested_branch_dag.py
[2021-06-23 05:43:30,576] {scheduler_job.py:643} INFO - DAG(s) dict_keys(['example_nested_branch_dag']) retrieved from /home/airflow/.local/lib/python3.6/site-packages/airflow/example_dags/example_nested_branch_dag.py
[2021-06-23 05:43:30,637] {logging_mixin.py:104} INFO - [2021-06-23 05:43:30,637] {dag.py:1832} INFO - Sync 1 DAGs
[2021-06-23 05:43:30,708] {logging_mixin.py:104} INFO - [2021-06-23 05:43:30,708] {dag.py:2305} INFO - Setting next_dagrun for example_nested_branch_dag to 2021-06-21 00:00:00+00:00
[2021-06-23 05:43:30,748] {scheduler_job.py:190} INFO - Processing /home/airflow/.local/lib/python3.6/site-packages/airflow/example_dags/example_nested_branch_dag.py took 0.222 seconds
[2021-06-23 05:44:01,009] {scheduler_job.py:182} INFO - Started process (PID=925) to work on /home/airflow/.local/lib/python3.6/site-packages/airflow/example_dags/example_nested_branch_dag.py
[2021-06-23 05:44:01,013] {scheduler_job.py:633} INFO - Processing file /home/airflow/.local/lib/python3.6/site-packages/airflow/example_dags/example_nested_branch_dag.py for tasks to queue
[2021-06-23 05:44:01,014] {logging_mixin.py:104} INFO - [2021-06-23 05:44:01,014] {dagbag.py:487} INFO - Filling up the DagBag from /home/airflow/.local/lib/python3.6/site-packages/airflow/example_dags/example_nested_branch_dag.py
[2021-06-23 05:44:01,046] {scheduler_job.py:643} INFO - DAG(s) dict_keys(['example_nested_branch_dag']) retrieved from /home/airflow/.local/lib/python3.6/site-packages/airflow/example_dags/example_nested_branch_dag.py
[2021-06-23 05:44:01,092] {logging_mixin.py:104} INFO - [2021-06-23 05:44:01,092] {dag.py:1832} INFO - Sync 1 DAGs
[2021-06-23 05:44:01,125] {logging_mixin.py:104} INFO - [2021-06-23 05:44:01,125] {dag.py:2305} INFO - Setting next_dagrun for example_nested_branch_dag to 2021-06-21 00:00:00+00:00
[2021-06-23 05:44:01,138] {scheduler_job.py:190} INFO - Processing /home/airflow/.local/lib/python3.6/site-packages/airflow/example_dags/example_nested_branch_dag.py took 0.136 seconds
[2021-06-23 05:44:31,749] {scheduler_job.py:182} INFO - Started process (PID=988) to work on /home/airflow/.local/lib/python3.6/site-packages/airflow/example_dags/example_nested_branch_dag.py
[2021-06-23 05:44:31,751] {scheduler_job.py:633} INFO - Processing file /home/airflow/.local/lib/python3.6/site-packages/airflow/example_dags/example_nested_branch_dag.py for tasks to queue
[2021-06-23 05:44:31,752] {logging_mixin.py:104} INFO - [2021-06-23 05:44:31,752] {dagbag.py:487} INFO - Filling up the DagBag from /home/airflow/.local/lib/python3.6/site-packages/airflow/example_dags/example_nested_branch_dag.py
[2021-06-23 05:44:31,785] {scheduler_job.py:643} INFO - DAG(s) dict_keys(['example_nested_branch_dag']) retrieved from /home/airflow/.local/lib/python3.6/site-packages/airflow/example_dags/example_nested_branch_dag.py
[2021-06-23 05:44:31,822] {logging_mixin.py:104} INFO - [2021-06-23 05:44:31,821] {dag.py:1832} INFO - Sync 1 DAGs
[2021-06-23 05:44:31,851] {logging_mixin.py:104} INFO - [2021-06-23 05:44:31,851] {dag.py:2305} INFO - Setting next_dagrun for example_nested_branch_dag to 2021-06-21 00:00:00+00:00
[2021-06-23 05:44:31,871] {scheduler_job.py:190} INFO - Processing /home/airflow/.local/lib/python3.6/site-packages/airflow/example_dags/example_nested_branch_dag.py took 0.127 seconds
[2021-06-23 05:45:02,085] {scheduler_job.py:182} INFO - Started process (PID=1050) to work on /home/airflow/.local/lib/python3.6/site-packages/airflow/example_dags/example_nested_branch_dag.py
[2021-06-23 05:45:02,087] {scheduler_job.py:633} INFO - Processing file /home/airflow/.local/lib/python3.6/site-packages/airflow/example_dags/example_nested_branch_dag.py for tasks to queue
[2021-06-23 05:45:02,088] {logging_mixin.py:104} INFO - [2021-06-23 05:45:02,088] {dagbag.py:487} INFO - Filling up the DagBag from /home/airflow/.local/lib/python3.6/site-packages/airflow/example_dags/example_nested_branch_dag.py
[2021-06-23 05:45:02,127] {scheduler_job.py:643} INFO - DAG(s) dict_keys(['example_nested_branch_dag']) retrieved from /home/airflow/.local/lib/python3.6/site-packages/airflow/example_dags/example_nested_branch_dag.py
[2021-06-23 05:45:02,161] {logging_mixin.py:104} INFO - [2021-06-23 05:45:02,161] {dag.py:1832} INFO - Sync 1 DAGs
[2021-06-23 05:45:02,187] {logging_mixin.py:104} INFO - [2021-06-23 05:45:02,186] {dag.py:2305} INFO - Setting next_dagrun for example_nested_branch_dag to 2021-06-21 00:00:00+00:00
[2021-06-23 05:45:02,207] {scheduler_job.py:190} INFO - Processing /home/airflow/.local/lib/python3.6/site-packages/airflow/example_dags/example_nested_branch_dag.py took 0.127 seconds
[2021-06-23 05:45:33,084] {scheduler_job.py:182} INFO - Started process (PID=1124) to work on /home/airflow/.local/lib/python3.6/site-packages/airflow/example_dags/example_nested_branch_dag.py
[2021-06-23 05:45:33,095] {scheduler_job.py:633} INFO - Processing file /home/airflow/.local/lib/python3.6/site-packages/airflow/example_dags/example_nested_branch_dag.py for tasks to queue
[2021-06-23 05:45:33,098] {logging_mixin.py:104} INFO - [2021-06-23 05:45:33,098] {dagbag.py:487} INFO - Filling up the DagBag from /home/airflow/.local/lib/python3.6/site-packages/airflow/example_dags/example_nested_branch_dag.py
[2021-06-23 05:45:33,126] {scheduler_job.py:643} INFO - DAG(s) dict_keys(['example_nested_branch_dag']) retrieved from /home/airflow/.local/lib/python3.6/site-packages/airflow/example_dags/example_nested_branch_dag.py
[2021-06-23 05:45:33,189] {logging_mixin.py:104} INFO - [2021-06-23 05:45:33,189] {dag.py:1832} INFO - Sync 1 DAGs
[2021-06-23 05:45:33,221] {logging_mixin.py:104} INFO - [2021-06-23 05:45:33,221] {dag.py:2305} INFO - Setting next_dagrun for example_nested_branch_dag to 2021-06-21 00:00:00+00:00
[2021-06-23 05:45:33,242] {scheduler_job.py:190} INFO - Processing /home/airflow/.local/lib/python3.6/site-packages/airflow/example_dags/example_nested_branch_dag.py took 0.163 seconds
[2021-06-23 05:46:04,180] {scheduler_job.py:182} INFO - Started process (PID=1189) to work on /home/airflow/.local/lib/python3.6/site-packages/airflow/example_dags/example_nested_branch_dag.py
[2021-06-23 05:46:04,182] {scheduler_job.py:633} INFO - Processing file /home/airflow/.local/lib/python3.6/site-packages/airflow/example_dags/example_nested_branch_dag.py for tasks to queue
[2021-06-23 05:46:04,183] {logging_mixin.py:104} INFO - [2021-06-23 05:46:04,183] {dagbag.py:487} INFO - Filling up the DagBag from /home/airflow/.local/lib/python3.6/site-packages/airflow/example_dags/example_nested_branch_dag.py
[2021-06-23 05:46:04,211] {scheduler_job.py:643} INFO - DAG(s) dict_keys(['example_nested_branch_dag']) retrieved from /home/airflow/.local/lib/python3.6/site-packages/airflow/example_dags/example_nested_branch_dag.py
[2021-06-23 05:46:04,259] {logging_mixin.py:104} INFO - [2021-06-23 05:46:04,258] {dag.py:1832} INFO - Sync 1 DAGs
[2021-06-23 05:46:04,306] {logging_mixin.py:104} INFO - [2021-06-23 05:46:04,305] {dag.py:2305} INFO - Setting next_dagrun for example_nested_branch_dag to 2021-06-21 00:00:00+00:00
[2021-06-23 05:46:04,334] {scheduler_job.py:190} INFO - Processing /home/airflow/.local/lib/python3.6/site-packages/airflow/example_dags/example_nested_branch_dag.py took 0.168 seconds
[2021-06-23 05:46:35,108] {scheduler_job.py:182} INFO - Started process (PID=1252) to work on /home/airflow/.local/lib/python3.6/site-packages/airflow/example_dags/example_nested_branch_dag.py
[2021-06-23 05:46:35,110] {scheduler_job.py:633} INFO - Processing file /home/airflow/.local/lib/python3.6/site-packages/airflow/example_dags/example_nested_branch_dag.py for tasks to queue
[2021-06-23 05:46:35,111] {logging_mixin.py:104} INFO - [2021-06-23 05:46:35,110] {dagbag.py:487} INFO - Filling up the DagBag from /home/airflow/.local/lib/python3.6/site-packages/airflow/example_dags/example_nested_branch_dag.py
[2021-06-23 05:46:35,137] {scheduler_job.py:643} INFO - DAG(s) dict_keys(['example_nested_branch_dag']) retrieved from /home/airflow/.local/lib/python3.6/site-packages/airflow/example_dags/example_nested_branch_dag.py
[2021-06-23 05:46:35,187] {logging_mixin.py:104} INFO - [2021-06-23 05:46:35,187] {dag.py:1832} INFO - Sync 1 DAGs
[2021-06-23 05:46:35,220] {logging_mixin.py:104} INFO - [2021-06-23 05:46:35,220] {dag.py:2305} INFO - Setting next_dagrun for example_nested_branch_dag to 2021-06-21 00:00:00+00:00
[2021-06-23 05:46:35,257] {scheduler_job.py:190} INFO - Processing /home/airflow/.local/lib/python3.6/site-packages/airflow/example_dags/example_nested_branch_dag.py took 0.154 seconds
[2021-06-23 05:47:05,818] {scheduler_job.py:182} INFO - Started process (PID=1315) to work on /home/airflow/.local/lib/python3.6/site-packages/airflow/example_dags/example_nested_branch_dag.py
[2021-06-23 05:47:05,820] {scheduler_job.py:633} INFO - Processing file /home/airflow/.local/lib/python3.6/site-packages/airflow/example_dags/example_nested_branch_dag.py for tasks to queue
[2021-06-23 05:47:05,821] {logging_mixin.py:104} INFO - [2021-06-23 05:47:05,821] {dagbag.py:487} INFO - Filling up the DagBag from /home/airflow/.local/lib/python3.6/site-packages/airflow/example_dags/example_nested_branch_dag.py
[2021-06-23 05:47:05,839] {scheduler_job.py:643} INFO - DAG(s) dict_keys(['example_nested_branch_dag']) retrieved from /home/airflow/.local/lib/python3.6/site-packages/airflow/example_dags/example_nested_branch_dag.py
[2021-06-23 05:47:05,863] {logging_mixin.py:104} INFO - [2021-06-23 05:47:05,863] {dag.py:1832} INFO - Sync 1 DAGs
[2021-06-23 05:47:05,889] {logging_mixin.py:104} INFO - [2021-06-23 05:47:05,889] {dag.py:2305} INFO - Setting next_dagrun for example_nested_branch_dag to 2021-06-21 00:00:00+00:00
[2021-06-23 05:47:05,901] {scheduler_job.py:190} INFO - Processing /home/airflow/.local/lib/python3.6/site-packages/airflow/example_dags/example_nested_branch_dag.py took 0.088 seconds
[2021-06-23 05:47:36,102] {scheduler_job.py:182} INFO - Started process (PID=1378) to work on /home/airflow/.local/lib/python3.6/site-packages/airflow/example_dags/example_nested_branch_dag.py
[2021-06-23 05:47:36,104] {scheduler_job.py:633} INFO - Processing file /home/airflow/.local/lib/python3.6/site-packages/airflow/example_dags/example_nested_branch_dag.py for tasks to queue
[2021-06-23 05:47:36,107] {logging_mixin.py:104} INFO - [2021-06-23 05:47:36,107] {dagbag.py:487} INFO - Filling up the DagBag from /home/airflow/.local/lib/python3.6/site-packages/airflow/example_dags/example_nested_branch_dag.py
[2021-06-23 05:47:36,145] {scheduler_job.py:643} INFO - DAG(s) dict_keys(['example_nested_branch_dag']) retrieved from /home/airflow/.local/lib/python3.6/site-packages/airflow/example_dags/example_nested_branch_dag.py
[2021-06-23 05:47:36,200] {logging_mixin.py:104} INFO - [2021-06-23 05:47:36,200] {dag.py:1832} INFO - Sync 1 DAGs
[2021-06-23 05:47:36,235] {logging_mixin.py:104} INFO - [2021-06-23 05:47:36,235] {dag.py:2305} INFO - Setting next_dagrun for example_nested_branch_dag to 2021-06-21 00:00:00+00:00
[2021-06-23 05:47:36,255] {scheduler_job.py:190} INFO - Processing /home/airflow/.local/lib/python3.6/site-packages/airflow/example_dags/example_nested_branch_dag.py took 0.163 seconds
[2021-06-23 05:48:06,493] {scheduler_job.py:182} INFO - Started process (PID=1440) to work on /home/airflow/.local/lib/python3.6/site-packages/airflow/example_dags/example_nested_branch_dag.py
[2021-06-23 05:48:06,495] {scheduler_job.py:633} INFO - Processing file /home/airflow/.local/lib/python3.6/site-packages/airflow/example_dags/example_nested_branch_dag.py for tasks to queue
[2021-06-23 05:48:06,496] {logging_mixin.py:104} INFO - [2021-06-23 05:48:06,496] {dagbag.py:487} INFO - Filling up the DagBag from /home/airflow/.local/lib/python3.6/site-packages/airflow/example_dags/example_nested_branch_dag.py
[2021-06-23 05:48:06,522] {scheduler_job.py:643} INFO - DAG(s) dict_keys(['example_nested_branch_dag']) retrieved from /home/airflow/.local/lib/python3.6/site-packages/airflow/example_dags/example_nested_branch_dag.py
[2021-06-23 05:48:06,579] {logging_mixin.py:104} INFO - [2021-06-23 05:48:06,579] {dag.py:1832} INFO - Sync 1 DAGs
[2021-06-23 05:48:06,632] {logging_mixin.py:104} INFO - [2021-06-23 05:48:06,631] {dag.py:2305} INFO - Setting next_dagrun for example_nested_branch_dag to 2021-06-21 00:00:00+00:00
[2021-06-23 05:48:06,657] {scheduler_job.py:190} INFO - Processing /home/airflow/.local/lib/python3.6/site-packages/airflow/example_dags/example_nested_branch_dag.py took 0.176 seconds
[2021-06-23 05:48:37,208] {scheduler_job.py:182} INFO - Started process (PID=1512) to work on /home/airflow/.local/lib/python3.6/site-packages/airflow/example_dags/example_nested_branch_dag.py
[2021-06-23 05:48:37,211] {scheduler_job.py:633} INFO - Processing file /home/airflow/.local/lib/python3.6/site-packages/airflow/example_dags/example_nested_branch_dag.py for tasks to queue
[2021-06-23 05:48:37,213] {logging_mixin.py:104} INFO - [2021-06-23 05:48:37,213] {dagbag.py:487} INFO - Filling up the DagBag from /home/airflow/.local/lib/python3.6/site-packages/airflow/example_dags/example_nested_branch_dag.py
[2021-06-23 05:48:37,261] {scheduler_job.py:643} INFO - DAG(s) dict_keys(['example_nested_branch_dag']) retrieved from /home/airflow/.local/lib/python3.6/site-packages/airflow/example_dags/example_nested_branch_dag.py
[2021-06-23 05:48:37,324] {logging_mixin.py:104} INFO - [2021-06-23 05:48:37,324] {dag.py:1832} INFO - Sync 1 DAGs
[2021-06-23 05:48:37,391] {logging_mixin.py:104} INFO - [2021-06-23 05:48:37,391] {dag.py:2305} INFO - Setting next_dagrun for example_nested_branch_dag to 2021-06-21 00:00:00+00:00
[2021-06-23 05:48:37,407] {scheduler_job.py:190} INFO - Processing /home/airflow/.local/lib/python3.6/site-packages/airflow/example_dags/example_nested_branch_dag.py took 0.207 seconds
[2021-06-23 05:49:07,629] {scheduler_job.py:182} INFO - Started process (PID=1580) to work on /home/airflow/.local/lib/python3.6/site-packages/airflow/example_dags/example_nested_branch_dag.py
[2021-06-23 05:49:07,630] {scheduler_job.py:633} INFO - Processing file /home/airflow/.local/lib/python3.6/site-packages/airflow/example_dags/example_nested_branch_dag.py for tasks to queue
[2021-06-23 05:49:07,631] {logging_mixin.py:104} INFO - [2021-06-23 05:49:07,631] {dagbag.py:487} INFO - Filling up the DagBag from /home/airflow/.local/lib/python3.6/site-packages/airflow/example_dags/example_nested_branch_dag.py
[2021-06-23 05:49:07,655] {scheduler_job.py:643} INFO - DAG(s) dict_keys(['example_nested_branch_dag']) retrieved from /home/airflow/.local/lib/python3.6/site-packages/airflow/example_dags/example_nested_branch_dag.py
[2021-06-23 05:49:07,691] {logging_mixin.py:104} INFO - [2021-06-23 05:49:07,691] {dag.py:1832} INFO - Sync 1 DAGs
[2021-06-23 05:49:07,726] {logging_mixin.py:104} INFO - [2021-06-23 05:49:07,726] {dag.py:2305} INFO - Setting next_dagrun for example_nested_branch_dag to 2021-06-21 00:00:00+00:00
[2021-06-23 05:49:07,743] {scheduler_job.py:190} INFO - Processing /home/airflow/.local/lib/python3.6/site-packages/airflow/example_dags/example_nested_branch_dag.py took 0.119 seconds
[2021-06-23 05:49:38,178] {scheduler_job.py:182} INFO - Started process (PID=1642) to work on /home/airflow/.local/lib/python3.6/site-packages/airflow/example_dags/example_nested_branch_dag.py
[2021-06-23 05:49:38,180] {scheduler_job.py:633} INFO - Processing file /home/airflow/.local/lib/python3.6/site-packages/airflow/example_dags/example_nested_branch_dag.py for tasks to queue
[2021-06-23 05:49:38,181] {logging_mixin.py:104} INFO - [2021-06-23 05:49:38,181] {dagbag.py:487} INFO - Filling up the DagBag from /home/airflow/.local/lib/python3.6/site-packages/airflow/example_dags/example_nested_branch_dag.py
[2021-06-23 05:49:38,214] {scheduler_job.py:643} INFO - DAG(s) dict_keys(['example_nested_branch_dag']) retrieved from /home/airflow/.local/lib/python3.6/site-packages/airflow/example_dags/example_nested_branch_dag.py
[2021-06-23 05:49:38,285] {logging_mixin.py:104} INFO - [2021-06-23 05:49:38,285] {dag.py:1832} INFO - Sync 1 DAGs
[2021-06-23 05:49:38,341] {logging_mixin.py:104} INFO - [2021-06-23 05:49:38,341] {dag.py:2305} INFO - Setting next_dagrun for example_nested_branch_dag to 2021-06-21 00:00:00+00:00
[2021-06-23 05:49:38,361] {scheduler_job.py:190} INFO - Processing /home/airflow/.local/lib/python3.6/site-packages/airflow/example_dags/example_nested_branch_dag.py took 0.187 seconds
[2021-06-23 05:50:08,601] {scheduler_job.py:182} INFO - Started process (PID=1703) to work on /home/airflow/.local/lib/python3.6/site-packages/airflow/example_dags/example_nested_branch_dag.py
[2021-06-23 05:50:08,606] {scheduler_job.py:633} INFO - Processing file /home/airflow/.local/lib/python3.6/site-packages/airflow/example_dags/example_nested_branch_dag.py for tasks to queue
[2021-06-23 05:50:08,608] {logging_mixin.py:104} INFO - [2021-06-23 05:50:08,607] {dagbag.py:487} INFO - Filling up the DagBag from /home/airflow/.local/lib/python3.6/site-packages/airflow/example_dags/example_nested_branch_dag.py
[2021-06-23 05:50:08,627] {scheduler_job.py:643} INFO - DAG(s) dict_keys(['example_nested_branch_dag']) retrieved from /home/airflow/.local/lib/python3.6/site-packages/airflow/example_dags/example_nested_branch_dag.py
[2021-06-23 05:50:08,659] {logging_mixin.py:104} INFO - [2021-06-23 05:50:08,659] {dag.py:1832} INFO - Sync 1 DAGs
[2021-06-23 05:50:08,696] {logging_mixin.py:104} INFO - [2021-06-23 05:50:08,696] {dag.py:2305} INFO - Setting next_dagrun for example_nested_branch_dag to 2021-06-21 00:00:00+00:00
[2021-06-23 05:50:08,715] {scheduler_job.py:190} INFO - Processing /home/airflow/.local/lib/python3.6/site-packages/airflow/example_dags/example_nested_branch_dag.py took 0.118 seconds
[2021-06-23 05:50:38,771] {scheduler_job.py:182} INFO - Started process (PID=1765) to work on /home/airflow/.local/lib/python3.6/site-packages/airflow/example_dags/example_nested_branch_dag.py
[2021-06-23 05:50:38,772] {scheduler_job.py:633} INFO - Processing file /home/airflow/.local/lib/python3.6/site-packages/airflow/example_dags/example_nested_branch_dag.py for tasks to queue
[2021-06-23 05:50:38,774] {logging_mixin.py:104} INFO - [2021-06-23 05:50:38,773] {dagbag.py:487} INFO - Filling up the DagBag from /home/airflow/.local/lib/python3.6/site-packages/airflow/example_dags/example_nested_branch_dag.py
[2021-06-23 05:50:38,830] {scheduler_job.py:643} INFO - DAG(s) dict_keys(['example_nested_branch_dag']) retrieved from /home/airflow/.local/lib/python3.6/site-packages/airflow/example_dags/example_nested_branch_dag.py
[2021-06-23 05:50:38,922] {logging_mixin.py:104} INFO - [2021-06-23 05:50:38,922] {dag.py:1832} INFO - Sync 1 DAGs
[2021-06-23 05:50:38,982] {logging_mixin.py:104} INFO - [2021-06-23 05:50:38,982] {dag.py:2305} INFO - Setting next_dagrun for example_nested_branch_dag to 2021-06-21 00:00:00+00:00
[2021-06-23 05:50:39,024] {scheduler_job.py:190} INFO - Processing /home/airflow/.local/lib/python3.6/site-packages/airflow/example_dags/example_nested_branch_dag.py took 0.262 seconds
[2021-06-23 05:51:09,109] {scheduler_job.py:182} INFO - Started process (PID=1826) to work on /home/airflow/.local/lib/python3.6/site-packages/airflow/example_dags/example_nested_branch_dag.py
[2021-06-23 05:51:09,110] {scheduler_job.py:633} INFO - Processing file /home/airflow/.local/lib/python3.6/site-packages/airflow/example_dags/example_nested_branch_dag.py for tasks to queue
[2021-06-23 05:51:09,111] {logging_mixin.py:104} INFO - [2021-06-23 05:51:09,111] {dagbag.py:487} INFO - Filling up the DagBag from /home/airflow/.local/lib/python3.6/site-packages/airflow/example_dags/example_nested_branch_dag.py
[2021-06-23 05:51:09,138] {scheduler_job.py:643} INFO - DAG(s) dict_keys(['example_nested_branch_dag']) retrieved from /home/airflow/.local/lib/python3.6/site-packages/airflow/example_dags/example_nested_branch_dag.py
[2021-06-23 05:51:09,233] {logging_mixin.py:104} INFO - [2021-06-23 05:51:09,233] {dag.py:1832} INFO - Sync 1 DAGs
[2021-06-23 05:51:09,290] {logging_mixin.py:104} INFO - [2021-06-23 05:51:09,289] {dag.py:2305} INFO - Setting next_dagrun for example_nested_branch_dag to 2021-06-21 00:00:00+00:00
[2021-06-23 05:51:09,318] {scheduler_job.py:190} INFO - Processing /home/airflow/.local/lib/python3.6/site-packages/airflow/example_dags/example_nested_branch_dag.py took 0.214 seconds
[2021-06-23 05:51:39,862] {scheduler_job.py:182} INFO - Started process (PID=1905) to work on /home/airflow/.local/lib/python3.6/site-packages/airflow/example_dags/example_nested_branch_dag.py
[2021-06-23 05:51:39,864] {scheduler_job.py:633} INFO - Processing file /home/airflow/.local/lib/python3.6/site-packages/airflow/example_dags/example_nested_branch_dag.py for tasks to queue
[2021-06-23 05:51:39,869] {logging_mixin.py:104} INFO - [2021-06-23 05:51:39,869] {dagbag.py:487} INFO - Filling up the DagBag from /home/airflow/.local/lib/python3.6/site-packages/airflow/example_dags/example_nested_branch_dag.py
[2021-06-23 05:51:39,901] {scheduler_job.py:643} INFO - DAG(s) dict_keys(['example_nested_branch_dag']) retrieved from /home/airflow/.local/lib/python3.6/site-packages/airflow/example_dags/example_nested_branch_dag.py
[2021-06-23 05:51:40,020] {logging_mixin.py:104} INFO - [2021-06-23 05:51:40,020] {dag.py:1832} INFO - Sync 1 DAGs
[2021-06-23 05:51:40,111] {logging_mixin.py:104} INFO - [2021-06-23 05:51:40,110] {dag.py:2305} INFO - Setting next_dagrun for example_nested_branch_dag to 2021-06-21 00:00:00+00:00
[2021-06-23 05:51:40,210] {scheduler_job.py:190} INFO - Processing /home/airflow/.local/lib/python3.6/site-packages/airflow/example_dags/example_nested_branch_dag.py took 0.353 seconds
[2021-06-23 05:52:10,482] {scheduler_job.py:182} INFO - Started process (PID=1968) to work on /home/airflow/.local/lib/python3.6/site-packages/airflow/example_dags/example_nested_branch_dag.py
[2021-06-23 05:52:10,484] {scheduler_job.py:633} INFO - Processing file /home/airflow/.local/lib/python3.6/site-packages/airflow/example_dags/example_nested_branch_dag.py for tasks to queue
[2021-06-23 05:52:10,485] {logging_mixin.py:104} INFO - [2021-06-23 05:52:10,485] {dagbag.py:487} INFO - Filling up the DagBag from /home/airflow/.local/lib/python3.6/site-packages/airflow/example_dags/example_nested_branch_dag.py
[2021-06-23 05:52:10,509] {scheduler_job.py:643} INFO - DAG(s) dict_keys(['example_nested_branch_dag']) retrieved from /home/airflow/.local/lib/python3.6/site-packages/airflow/example_dags/example_nested_branch_dag.py
[2021-06-23 05:52:10,547] {logging_mixin.py:104} INFO - [2021-06-23 05:52:10,547] {dag.py:1832} INFO - Sync 1 DAGs
[2021-06-23 05:52:10,591] {logging_mixin.py:104} INFO - [2021-06-23 05:52:10,590] {dag.py:2305} INFO - Setting next_dagrun for example_nested_branch_dag to 2021-06-21 00:00:00+00:00
[2021-06-23 05:52:10,625] {scheduler_job.py:190} INFO - Processing /home/airflow/.local/lib/python3.6/site-packages/airflow/example_dags/example_nested_branch_dag.py took 0.151 seconds
[2021-06-23 05:52:41,444] {scheduler_job.py:182} INFO - Started process (PID=2033) to work on /home/airflow/.local/lib/python3.6/site-packages/airflow/example_dags/example_nested_branch_dag.py
[2021-06-23 05:52:41,446] {scheduler_job.py:633} INFO - Processing file /home/airflow/.local/lib/python3.6/site-packages/airflow/example_dags/example_nested_branch_dag.py for tasks to queue
[2021-06-23 05:52:41,447] {logging_mixin.py:104} INFO - [2021-06-23 05:52:41,447] {dagbag.py:487} INFO - Filling up the DagBag from /home/airflow/.local/lib/python3.6/site-packages/airflow/example_dags/example_nested_branch_dag.py
[2021-06-23 05:52:41,490] {scheduler_job.py:643} INFO - DAG(s) dict_keys(['example_nested_branch_dag']) retrieved from /home/airflow/.local/lib/python3.6/site-packages/airflow/example_dags/example_nested_branch_dag.py
[2021-06-23 05:52:41,529] {logging_mixin.py:104} INFO - [2021-06-23 05:52:41,529] {dag.py:1832} INFO - Sync 1 DAGs
[2021-06-23 05:52:41,583] {logging_mixin.py:104} INFO - [2021-06-23 05:52:41,582] {dag.py:2305} INFO - Setting next_dagrun for example_nested_branch_dag to 2021-06-21 00:00:00+00:00
[2021-06-23 05:52:41,602] {scheduler_job.py:190} INFO - Processing /home/airflow/.local/lib/python3.6/site-packages/airflow/example_dags/example_nested_branch_dag.py took 0.174 seconds
[2021-06-23 05:53:11,806] {scheduler_job.py:182} INFO - Started process (PID=2095) to work on /home/airflow/.local/lib/python3.6/site-packages/airflow/example_dags/example_nested_branch_dag.py
[2021-06-23 05:53:11,808] {scheduler_job.py:633} INFO - Processing file /home/airflow/.local/lib/python3.6/site-packages/airflow/example_dags/example_nested_branch_dag.py for tasks to queue
[2021-06-23 05:53:11,810] {logging_mixin.py:104} INFO - [2021-06-23 05:53:11,810] {dagbag.py:487} INFO - Filling up the DagBag from /home/airflow/.local/lib/python3.6/site-packages/airflow/example_dags/example_nested_branch_dag.py
[2021-06-23 05:53:11,844] {scheduler_job.py:643} INFO - DAG(s) dict_keys(['example_nested_branch_dag']) retrieved from /home/airflow/.local/lib/python3.6/site-packages/airflow/example_dags/example_nested_branch_dag.py
[2021-06-23 05:53:11,888] {logging_mixin.py:104} INFO - [2021-06-23 05:53:11,888] {dag.py:1832} INFO - Sync 1 DAGs
[2021-06-23 05:53:11,918] {logging_mixin.py:104} INFO - [2021-06-23 05:53:11,918] {dag.py:2305} INFO - Setting next_dagrun for example_nested_branch_dag to 2021-06-21 00:00:00+00:00
[2021-06-23 05:53:11,935] {scheduler_job.py:190} INFO - Processing /home/airflow/.local/lib/python3.6/site-packages/airflow/example_dags/example_nested_branch_dag.py took 0.134 seconds
[2021-06-23 05:53:42,441] {scheduler_job.py:182} INFO - Started process (PID=2156) to work on /home/airflow/.local/lib/python3.6/site-packages/airflow/example_dags/example_nested_branch_dag.py
[2021-06-23 05:53:42,442] {scheduler_job.py:633} INFO - Processing file /home/airflow/.local/lib/python3.6/site-packages/airflow/example_dags/example_nested_branch_dag.py for tasks to queue
[2021-06-23 05:53:42,443] {logging_mixin.py:104} INFO - [2021-06-23 05:53:42,443] {dagbag.py:487} INFO - Filling up the DagBag from /home/airflow/.local/lib/python3.6/site-packages/airflow/example_dags/example_nested_branch_dag.py
[2021-06-23 05:53:42,467] {scheduler_job.py:643} INFO - DAG(s) dict_keys(['example_nested_branch_dag']) retrieved from /home/airflow/.local/lib/python3.6/site-packages/airflow/example_dags/example_nested_branch_dag.py
[2021-06-23 05:53:42,548] {logging_mixin.py:104} INFO - [2021-06-23 05:53:42,547] {dag.py:1832} INFO - Sync 1 DAGs
[2021-06-23 05:53:42,617] {logging_mixin.py:104} INFO - [2021-06-23 05:53:42,617] {dag.py:2305} INFO - Setting next_dagrun for example_nested_branch_dag to 2021-06-21 00:00:00+00:00
[2021-06-23 05:53:42,655] {scheduler_job.py:190} INFO - Processing /home/airflow/.local/lib/python3.6/site-packages/airflow/example_dags/example_nested_branch_dag.py took 0.221 seconds
[2021-06-23 05:54:12,788] {scheduler_job.py:182} INFO - Started process (PID=2219) to work on /home/airflow/.local/lib/python3.6/site-packages/airflow/example_dags/example_nested_branch_dag.py
[2021-06-23 05:54:12,800] {scheduler_job.py:633} INFO - Processing file /home/airflow/.local/lib/python3.6/site-packages/airflow/example_dags/example_nested_branch_dag.py for tasks to queue
[2021-06-23 05:54:12,817] {logging_mixin.py:104} INFO - [2021-06-23 05:54:12,817] {dagbag.py:487} INFO - Filling up the DagBag from /home/airflow/.local/lib/python3.6/site-packages/airflow/example_dags/example_nested_branch_dag.py
[2021-06-23 05:54:12,894] {scheduler_job.py:643} INFO - DAG(s) dict_keys(['example_nested_branch_dag']) retrieved from /home/airflow/.local/lib/python3.6/site-packages/airflow/example_dags/example_nested_branch_dag.py
[2021-06-23 05:54:13,079] {logging_mixin.py:104} INFO - [2021-06-23 05:54:13,079] {dag.py:1832} INFO - Sync 1 DAGs
[2021-06-23 05:54:13,233] {logging_mixin.py:104} INFO - [2021-06-23 05:54:13,232] {dag.py:2305} INFO - Setting next_dagrun for example_nested_branch_dag to 2021-06-21 00:00:00+00:00
[2021-06-23 05:54:13,354] {scheduler_job.py:190} INFO - Processing /home/airflow/.local/lib/python3.6/site-packages/airflow/example_dags/example_nested_branch_dag.py took 0.571 seconds
[2021-06-23 05:54:43,816] {scheduler_job.py:182} INFO - Started process (PID=2296) to work on /home/airflow/.local/lib/python3.6/site-packages/airflow/example_dags/example_nested_branch_dag.py
[2021-06-23 05:54:43,823] {scheduler_job.py:633} INFO - Processing file /home/airflow/.local/lib/python3.6/site-packages/airflow/example_dags/example_nested_branch_dag.py for tasks to queue
[2021-06-23 05:54:43,830] {logging_mixin.py:104} INFO - [2021-06-23 05:54:43,826] {dagbag.py:487} INFO - Filling up the DagBag from /home/airflow/.local/lib/python3.6/site-packages/airflow/example_dags/example_nested_branch_dag.py
[2021-06-23 05:54:43,875] {scheduler_job.py:643} INFO - DAG(s) dict_keys(['example_nested_branch_dag']) retrieved from /home/airflow/.local/lib/python3.6/site-packages/airflow/example_dags/example_nested_branch_dag.py
[2021-06-23 05:54:43,916] {logging_mixin.py:104} INFO - [2021-06-23 05:54:43,916] {dag.py:1832} INFO - Sync 1 DAGs
[2021-06-23 05:54:43,953] {logging_mixin.py:104} INFO - [2021-06-23 05:54:43,953] {dag.py:2305} INFO - Setting next_dagrun for example_nested_branch_dag to 2021-06-21 00:00:00+00:00
[2021-06-23 05:54:43,972] {scheduler_job.py:190} INFO - Processing /home/airflow/.local/lib/python3.6/site-packages/airflow/example_dags/example_nested_branch_dag.py took 0.166 seconds
[2021-06-23 05:55:14,446] {scheduler_job.py:182} INFO - Started process (PID=2362) to work on /home/airflow/.local/lib/python3.6/site-packages/airflow/example_dags/example_nested_branch_dag.py
[2021-06-23 05:55:14,461] {scheduler_job.py:633} INFO - Processing file /home/airflow/.local/lib/python3.6/site-packages/airflow/example_dags/example_nested_branch_dag.py for tasks to queue
[2021-06-23 05:55:14,462] {logging_mixin.py:104} INFO - [2021-06-23 05:55:14,461] {dagbag.py:487} INFO - Filling up the DagBag from /home/airflow/.local/lib/python3.6/site-packages/airflow/example_dags/example_nested_branch_dag.py
[2021-06-23 05:55:14,516] {scheduler_job.py:643} INFO - DAG(s) dict_keys(['example_nested_branch_dag']) retrieved from /home/airflow/.local/lib/python3.6/site-packages/airflow/example_dags/example_nested_branch_dag.py
[2021-06-23 05:55:14,634] {logging_mixin.py:104} INFO - [2021-06-23 05:55:14,634] {dag.py:1832} INFO - Sync 1 DAGs
[2021-06-23 05:55:14,742] {logging_mixin.py:104} INFO - [2021-06-23 05:55:14,741] {dag.py:2305} INFO - Setting next_dagrun for example_nested_branch_dag to 2021-06-21 00:00:00+00:00
[2021-06-23 05:55:14,774] {scheduler_job.py:190} INFO - Processing /home/airflow/.local/lib/python3.6/site-packages/airflow/example_dags/example_nested_branch_dag.py took 0.335 seconds
[2021-06-23 05:55:44,989] {scheduler_job.py:182} INFO - Started process (PID=2424) to work on /home/airflow/.local/lib/python3.6/site-packages/airflow/example_dags/example_nested_branch_dag.py
[2021-06-23 05:55:44,997] {scheduler_job.py:633} INFO - Processing file /home/airflow/.local/lib/python3.6/site-packages/airflow/example_dags/example_nested_branch_dag.py for tasks to queue
[2021-06-23 05:55:45,000] {logging_mixin.py:104} INFO - [2021-06-23 05:55:45,000] {dagbag.py:487} INFO - Filling up the DagBag from /home/airflow/.local/lib/python3.6/site-packages/airflow/example_dags/example_nested_branch_dag.py
[2021-06-23 05:55:45,061] {scheduler_job.py:643} INFO - DAG(s) dict_keys(['example_nested_branch_dag']) retrieved from /home/airflow/.local/lib/python3.6/site-packages/airflow/example_dags/example_nested_branch_dag.py
[2021-06-23 05:55:45,146] {logging_mixin.py:104} INFO - [2021-06-23 05:55:45,146] {dag.py:1832} INFO - Sync 1 DAGs
[2021-06-23 05:55:45,230] {logging_mixin.py:104} INFO - [2021-06-23 05:55:45,226] {dag.py:2305} INFO - Setting next_dagrun for example_nested_branch_dag to 2021-06-21 00:00:00+00:00
[2021-06-23 05:55:45,304] {scheduler_job.py:190} INFO - Processing /home/airflow/.local/lib/python3.6/site-packages/airflow/example_dags/example_nested_branch_dag.py took 0.321 seconds
[2021-06-23 05:56:16,550] {scheduler_job.py:182} INFO - Started process (PID=2485) to work on /home/airflow/.local/lib/python3.6/site-packages/airflow/example_dags/example_nested_branch_dag.py
[2021-06-23 05:56:16,552] {scheduler_job.py:633} INFO - Processing file /home/airflow/.local/lib/python3.6/site-packages/airflow/example_dags/example_nested_branch_dag.py for tasks to queue
[2021-06-23 05:56:16,553] {logging_mixin.py:104} INFO - [2021-06-23 05:56:16,553] {dagbag.py:487} INFO - Filling up the DagBag from /home/airflow/.local/lib/python3.6/site-packages/airflow/example_dags/example_nested_branch_dag.py
[2021-06-23 05:56:16,583] {scheduler_job.py:643} INFO - DAG(s) dict_keys(['example_nested_branch_dag']) retrieved from /home/airflow/.local/lib/python3.6/site-packages/airflow/example_dags/example_nested_branch_dag.py
[2021-06-23 05:56:16,658] {logging_mixin.py:104} INFO - [2021-06-23 05:56:16,658] {dag.py:1832} INFO - Sync 1 DAGs
[2021-06-23 05:56:16,704] {logging_mixin.py:104} INFO - [2021-06-23 05:56:16,704] {dag.py:2305} INFO - Setting next_dagrun for example_nested_branch_dag to 2021-06-21 00:00:00+00:00
[2021-06-23 05:56:16,732] {scheduler_job.py:190} INFO - Processing /home/airflow/.local/lib/python3.6/site-packages/airflow/example_dags/example_nested_branch_dag.py took 0.187 seconds
[2021-06-23 05:56:47,550] {scheduler_job.py:182} INFO - Started process (PID=2561) to work on /home/airflow/.local/lib/python3.6/site-packages/airflow/example_dags/example_nested_branch_dag.py
[2021-06-23 05:56:47,554] {scheduler_job.py:633} INFO - Processing file /home/airflow/.local/lib/python3.6/site-packages/airflow/example_dags/example_nested_branch_dag.py for tasks to queue
[2021-06-23 05:56:47,561] {logging_mixin.py:104} INFO - [2021-06-23 05:56:47,561] {dagbag.py:487} INFO - Filling up the DagBag from /home/airflow/.local/lib/python3.6/site-packages/airflow/example_dags/example_nested_branch_dag.py
[2021-06-23 05:56:47,629] {scheduler_job.py:643} INFO - DAG(s) dict_keys(['example_nested_branch_dag']) retrieved from /home/airflow/.local/lib/python3.6/site-packages/airflow/example_dags/example_nested_branch_dag.py
[2021-06-23 05:56:47,694] {logging_mixin.py:104} INFO - [2021-06-23 05:56:47,694] {dag.py:1832} INFO - Sync 1 DAGs
[2021-06-23 05:56:47,751] {logging_mixin.py:104} INFO - [2021-06-23 05:56:47,751] {dag.py:2305} INFO - Setting next_dagrun for example_nested_branch_dag to 2021-06-21 00:00:00+00:00
[2021-06-23 05:56:47,778] {scheduler_job.py:190} INFO - Processing /home/airflow/.local/lib/python3.6/site-packages/airflow/example_dags/example_nested_branch_dag.py took 0.242 seconds
[2021-06-23 05:57:19,399] {scheduler_job.py:182} INFO - Started process (PID=2623) to work on /home/airflow/.local/lib/python3.6/site-packages/airflow/example_dags/example_nested_branch_dag.py
[2021-06-23 05:57:19,403] {scheduler_job.py:633} INFO - Processing file /home/airflow/.local/lib/python3.6/site-packages/airflow/example_dags/example_nested_branch_dag.py for tasks to queue
[2021-06-23 05:57:19,406] {logging_mixin.py:104} INFO - [2021-06-23 05:57:19,406] {dagbag.py:487} INFO - Filling up the DagBag from /home/airflow/.local/lib/python3.6/site-packages/airflow/example_dags/example_nested_branch_dag.py
[2021-06-23 05:57:19,448] {scheduler_job.py:643} INFO - DAG(s) dict_keys(['example_nested_branch_dag']) retrieved from /home/airflow/.local/lib/python3.6/site-packages/airflow/example_dags/example_nested_branch_dag.py
[2021-06-23 05:57:19,543] {logging_mixin.py:104} INFO - [2021-06-23 05:57:19,543] {dag.py:1832} INFO - Sync 1 DAGs
[2021-06-23 05:57:19,620] {logging_mixin.py:104} INFO - [2021-06-23 05:57:19,620] {dag.py:2305} INFO - Setting next_dagrun for example_nested_branch_dag to 2021-06-21 00:00:00+00:00
[2021-06-23 05:57:19,660] {scheduler_job.py:190} INFO - Processing /home/airflow/.local/lib/python3.6/site-packages/airflow/example_dags/example_nested_branch_dag.py took 0.266 seconds
[2021-06-23 05:57:50,010] {scheduler_job.py:182} INFO - Started process (PID=2685) to work on /home/airflow/.local/lib/python3.6/site-packages/airflow/example_dags/example_nested_branch_dag.py
[2021-06-23 05:57:50,012] {scheduler_job.py:633} INFO - Processing file /home/airflow/.local/lib/python3.6/site-packages/airflow/example_dags/example_nested_branch_dag.py for tasks to queue
[2021-06-23 05:57:50,013] {logging_mixin.py:104} INFO - [2021-06-23 05:57:50,013] {dagbag.py:487} INFO - Filling up the DagBag from /home/airflow/.local/lib/python3.6/site-packages/airflow/example_dags/example_nested_branch_dag.py
[2021-06-23 05:57:50,052] {scheduler_job.py:643} INFO - DAG(s) dict_keys(['example_nested_branch_dag']) retrieved from /home/airflow/.local/lib/python3.6/site-packages/airflow/example_dags/example_nested_branch_dag.py
[2021-06-23 05:57:50,137] {logging_mixin.py:104} INFO - [2021-06-23 05:57:50,136] {dag.py:1832} INFO - Sync 1 DAGs
[2021-06-23 05:57:50,175] {logging_mixin.py:104} INFO - [2021-06-23 05:57:50,174] {dag.py:2305} INFO - Setting next_dagrun for example_nested_branch_dag to 2021-06-21 00:00:00+00:00
[2021-06-23 05:57:50,212] {scheduler_job.py:190} INFO - Processing /home/airflow/.local/lib/python3.6/site-packages/airflow/example_dags/example_nested_branch_dag.py took 0.207 seconds
[2021-06-23 05:58:20,648] {scheduler_job.py:182} INFO - Started process (PID=2751) to work on /home/airflow/.local/lib/python3.6/site-packages/airflow/example_dags/example_nested_branch_dag.py
[2021-06-23 05:58:20,650] {scheduler_job.py:633} INFO - Processing file /home/airflow/.local/lib/python3.6/site-packages/airflow/example_dags/example_nested_branch_dag.py for tasks to queue
[2021-06-23 05:58:20,651] {logging_mixin.py:104} INFO - [2021-06-23 05:58:20,651] {dagbag.py:487} INFO - Filling up the DagBag from /home/airflow/.local/lib/python3.6/site-packages/airflow/example_dags/example_nested_branch_dag.py
[2021-06-23 05:58:20,700] {scheduler_job.py:643} INFO - DAG(s) dict_keys(['example_nested_branch_dag']) retrieved from /home/airflow/.local/lib/python3.6/site-packages/airflow/example_dags/example_nested_branch_dag.py
[2021-06-23 05:58:20,851] {logging_mixin.py:104} INFO - [2021-06-23 05:58:20,851] {dag.py:1832} INFO - Sync 1 DAGs
[2021-06-23 05:58:20,934] {logging_mixin.py:104} INFO - [2021-06-23 05:58:20,934] {dag.py:2305} INFO - Setting next_dagrun for example_nested_branch_dag to 2021-06-21 00:00:00+00:00
[2021-06-23 05:58:20,956] {scheduler_job.py:190} INFO - Processing /home/airflow/.local/lib/python3.6/site-packages/airflow/example_dags/example_nested_branch_dag.py took 0.322 seconds
[2021-06-23 05:58:51,468] {scheduler_job.py:182} INFO - Started process (PID=2816) to work on /home/airflow/.local/lib/python3.6/site-packages/airflow/example_dags/example_nested_branch_dag.py
[2021-06-23 05:58:51,477] {scheduler_job.py:633} INFO - Processing file /home/airflow/.local/lib/python3.6/site-packages/airflow/example_dags/example_nested_branch_dag.py for tasks to queue
[2021-06-23 05:58:51,478] {logging_mixin.py:104} INFO - [2021-06-23 05:58:51,478] {dagbag.py:487} INFO - Filling up the DagBag from /home/airflow/.local/lib/python3.6/site-packages/airflow/example_dags/example_nested_branch_dag.py
[2021-06-23 05:58:51,507] {scheduler_job.py:643} INFO - DAG(s) dict_keys(['example_nested_branch_dag']) retrieved from /home/airflow/.local/lib/python3.6/site-packages/airflow/example_dags/example_nested_branch_dag.py
[2021-06-23 05:58:51,551] {logging_mixin.py:104} INFO - [2021-06-23 05:58:51,551] {dag.py:1832} INFO - Sync 1 DAGs
[2021-06-23 05:58:51,592] {logging_mixin.py:104} INFO - [2021-06-23 05:58:51,591] {dag.py:2305} INFO - Setting next_dagrun for example_nested_branch_dag to 2021-06-21 00:00:00+00:00
[2021-06-23 05:58:51,659] {scheduler_job.py:190} INFO - Processing /home/airflow/.local/lib/python3.6/site-packages/airflow/example_dags/example_nested_branch_dag.py took 0.196 seconds
[2021-06-23 05:59:21,849] {scheduler_job.py:182} INFO - Started process (PID=2880) to work on /home/airflow/.local/lib/python3.6/site-packages/airflow/example_dags/example_nested_branch_dag.py
[2021-06-23 05:59:21,851] {scheduler_job.py:633} INFO - Processing file /home/airflow/.local/lib/python3.6/site-packages/airflow/example_dags/example_nested_branch_dag.py for tasks to queue
[2021-06-23 05:59:21,852] {logging_mixin.py:104} INFO - [2021-06-23 05:59:21,851] {dagbag.py:487} INFO - Filling up the DagBag from /home/airflow/.local/lib/python3.6/site-packages/airflow/example_dags/example_nested_branch_dag.py
[2021-06-23 05:59:21,873] {scheduler_job.py:643} INFO - DAG(s) dict_keys(['example_nested_branch_dag']) retrieved from /home/airflow/.local/lib/python3.6/site-packages/airflow/example_dags/example_nested_branch_dag.py
[2021-06-23 05:59:21,922] {logging_mixin.py:104} INFO - [2021-06-23 05:59:21,922] {dag.py:1832} INFO - Sync 1 DAGs
[2021-06-23 05:59:21,969] {logging_mixin.py:104} INFO - [2021-06-23 05:59:21,969] {dag.py:2305} INFO - Setting next_dagrun for example_nested_branch_dag to 2021-06-21 00:00:00+00:00
[2021-06-23 05:59:21,989] {scheduler_job.py:190} INFO - Processing /home/airflow/.local/lib/python3.6/site-packages/airflow/example_dags/example_nested_branch_dag.py took 0.144 seconds
[2021-06-23 05:59:52,178] {scheduler_job.py:182} INFO - Started process (PID=2944) to work on /home/airflow/.local/lib/python3.6/site-packages/airflow/example_dags/example_nested_branch_dag.py
[2021-06-23 05:59:52,179] {scheduler_job.py:633} INFO - Processing file /home/airflow/.local/lib/python3.6/site-packages/airflow/example_dags/example_nested_branch_dag.py for tasks to queue
[2021-06-23 05:59:52,180] {logging_mixin.py:104} INFO - [2021-06-23 05:59:52,180] {dagbag.py:487} INFO - Filling up the DagBag from /home/airflow/.local/lib/python3.6/site-packages/airflow/example_dags/example_nested_branch_dag.py
[2021-06-23 05:59:52,203] {scheduler_job.py:643} INFO - DAG(s) dict_keys(['example_nested_branch_dag']) retrieved from /home/airflow/.local/lib/python3.6/site-packages/airflow/example_dags/example_nested_branch_dag.py
[2021-06-23 05:59:52,236] {logging_mixin.py:104} INFO - [2021-06-23 05:59:52,236] {dag.py:1832} INFO - Sync 1 DAGs
[2021-06-23 05:59:52,271] {logging_mixin.py:104} INFO - [2021-06-23 05:59:52,270] {dag.py:2305} INFO - Setting next_dagrun for example_nested_branch_dag to 2021-06-21 00:00:00+00:00
[2021-06-23 05:59:52,314] {scheduler_job.py:190} INFO - Processing /home/airflow/.local/lib/python3.6/site-packages/airflow/example_dags/example_nested_branch_dag.py took 0.144 seconds
[2021-06-23 06:00:22,431] {scheduler_job.py:182} INFO - Started process (PID=3006) to work on /home/airflow/.local/lib/python3.6/site-packages/airflow/example_dags/example_nested_branch_dag.py
[2021-06-23 06:00:22,434] {scheduler_job.py:633} INFO - Processing file /home/airflow/.local/lib/python3.6/site-packages/airflow/example_dags/example_nested_branch_dag.py for tasks to queue
[2021-06-23 06:00:22,435] {logging_mixin.py:104} INFO - [2021-06-23 06:00:22,435] {dagbag.py:487} INFO - Filling up the DagBag from /home/airflow/.local/lib/python3.6/site-packages/airflow/example_dags/example_nested_branch_dag.py
[2021-06-23 06:00:22,470] {scheduler_job.py:643} INFO - DAG(s) dict_keys(['example_nested_branch_dag']) retrieved from /home/airflow/.local/lib/python3.6/site-packages/airflow/example_dags/example_nested_branch_dag.py
[2021-06-23 06:00:22,569] {logging_mixin.py:104} INFO - [2021-06-23 06:00:22,569] {dag.py:1832} INFO - Sync 1 DAGs
[2021-06-23 06:00:22,651] {logging_mixin.py:104} INFO - [2021-06-23 06:00:22,649] {dag.py:2305} INFO - Setting next_dagrun for example_nested_branch_dag to 2021-06-21 00:00:00+00:00
[2021-06-23 06:00:22,713] {scheduler_job.py:190} INFO - Processing /home/airflow/.local/lib/python3.6/site-packages/airflow/example_dags/example_nested_branch_dag.py took 0.291 seconds
[2021-06-23 06:00:53,037] {scheduler_job.py:182} INFO - Started process (PID=3067) to work on /home/airflow/.local/lib/python3.6/site-packages/airflow/example_dags/example_nested_branch_dag.py
[2021-06-23 06:00:53,041] {scheduler_job.py:633} INFO - Processing file /home/airflow/.local/lib/python3.6/site-packages/airflow/example_dags/example_nested_branch_dag.py for tasks to queue
[2021-06-23 06:00:53,050] {logging_mixin.py:104} INFO - [2021-06-23 06:00:53,050] {dagbag.py:487} INFO - Filling up the DagBag from /home/airflow/.local/lib/python3.6/site-packages/airflow/example_dags/example_nested_branch_dag.py
[2021-06-23 06:00:53,076] {scheduler_job.py:643} INFO - DAG(s) dict_keys(['example_nested_branch_dag']) retrieved from /home/airflow/.local/lib/python3.6/site-packages/airflow/example_dags/example_nested_branch_dag.py
[2021-06-23 06:00:53,121] {logging_mixin.py:104} INFO - [2021-06-23 06:00:53,121] {dag.py:1832} INFO - Sync 1 DAGs
[2021-06-23 06:00:53,150] {logging_mixin.py:104} INFO - [2021-06-23 06:00:53,150] {dag.py:2305} INFO - Setting next_dagrun for example_nested_branch_dag to 2021-06-21 00:00:00+00:00
[2021-06-23 06:00:53,166] {scheduler_job.py:190} INFO - Processing /home/airflow/.local/lib/python3.6/site-packages/airflow/example_dags/example_nested_branch_dag.py took 0.135 seconds
