[2021-06-23 05:37:23,861] {scheduler_job.py:182} INFO - Started process (PID=96) to work on /home/airflow/.local/lib/python3.6/site-packages/airflow/example_dags/example_external_task_marker_dag.py
[2021-06-23 05:37:23,863] {scheduler_job.py:633} INFO - Processing file /home/airflow/.local/lib/python3.6/site-packages/airflow/example_dags/example_external_task_marker_dag.py for tasks to queue
[2021-06-23 05:37:23,864] {logging_mixin.py:104} INFO - [2021-06-23 05:37:23,864] {dagbag.py:487} INFO - Filling up the DagBag from /home/airflow/.local/lib/python3.6/site-packages/airflow/example_dags/example_external_task_marker_dag.py
[2021-06-23 05:37:24,021] {scheduler_job.py:643} INFO - DAG(s) dict_keys(['example_external_task_marker_parent', 'example_external_task_marker_child']) retrieved from /home/airflow/.local/lib/python3.6/site-packages/airflow/example_dags/example_external_task_marker_dag.py
[2021-06-23 05:37:25,876] {logging_mixin.py:104} INFO - [2021-06-23 05:37:25,876] {dag.py:1832} INFO - Sync 2 DAGs
[2021-06-23 05:37:25,908] {logging_mixin.py:104} INFO - [2021-06-23 05:37:25,908] {dag.py:2305} INFO - Setting next_dagrun for example_external_task_marker_child to None
[2021-06-23 05:37:25,912] {logging_mixin.py:104} INFO - [2021-06-23 05:37:25,912] {dag.py:2305} INFO - Setting next_dagrun for example_external_task_marker_parent to None
[2021-06-23 05:37:25,999] {scheduler_job.py:190} INFO - Processing /home/airflow/.local/lib/python3.6/site-packages/airflow/example_dags/example_external_task_marker_dag.py took 2.175 seconds
[2021-06-23 05:37:56,827] {scheduler_job.py:182} INFO - Started process (PID=156) to work on /home/airflow/.local/lib/python3.6/site-packages/airflow/example_dags/example_external_task_marker_dag.py
[2021-06-23 05:37:56,830] {scheduler_job.py:633} INFO - Processing file /home/airflow/.local/lib/python3.6/site-packages/airflow/example_dags/example_external_task_marker_dag.py for tasks to queue
[2021-06-23 05:37:56,831] {logging_mixin.py:104} INFO - [2021-06-23 05:37:56,830] {dagbag.py:487} INFO - Filling up the DagBag from /home/airflow/.local/lib/python3.6/site-packages/airflow/example_dags/example_external_task_marker_dag.py
[2021-06-23 05:37:56,851] {scheduler_job.py:643} INFO - DAG(s) dict_keys(['example_external_task_marker_parent', 'example_external_task_marker_child']) retrieved from /home/airflow/.local/lib/python3.6/site-packages/airflow/example_dags/example_external_task_marker_dag.py
[2021-06-23 05:37:57,736] {logging_mixin.py:104} INFO - [2021-06-23 05:37:57,736] {dag.py:1832} INFO - Sync 2 DAGs
[2021-06-23 05:37:57,780] {logging_mixin.py:104} INFO - [2021-06-23 05:37:57,779] {dag.py:2305} INFO - Setting next_dagrun for example_external_task_marker_child to None
[2021-06-23 05:37:57,781] {logging_mixin.py:104} INFO - [2021-06-23 05:37:57,781] {dag.py:2305} INFO - Setting next_dagrun for example_external_task_marker_parent to None
[2021-06-23 05:37:57,836] {scheduler_job.py:190} INFO - Processing /home/airflow/.local/lib/python3.6/site-packages/airflow/example_dags/example_external_task_marker_dag.py took 1.015 seconds
[2021-06-23 05:38:28,456] {scheduler_job.py:182} INFO - Started process (PID=226) to work on /home/airflow/.local/lib/python3.6/site-packages/airflow/example_dags/example_external_task_marker_dag.py
[2021-06-23 05:38:28,457] {scheduler_job.py:633} INFO - Processing file /home/airflow/.local/lib/python3.6/site-packages/airflow/example_dags/example_external_task_marker_dag.py for tasks to queue
[2021-06-23 05:38:28,458] {logging_mixin.py:104} INFO - [2021-06-23 05:38:28,458] {dagbag.py:487} INFO - Filling up the DagBag from /home/airflow/.local/lib/python3.6/site-packages/airflow/example_dags/example_external_task_marker_dag.py
[2021-06-23 05:38:28,518] {scheduler_job.py:643} INFO - DAG(s) dict_keys(['example_external_task_marker_parent', 'example_external_task_marker_child']) retrieved from /home/airflow/.local/lib/python3.6/site-packages/airflow/example_dags/example_external_task_marker_dag.py
[2021-06-23 05:38:29,649] {logging_mixin.py:104} INFO - [2021-06-23 05:38:29,649] {dag.py:1832} INFO - Sync 2 DAGs
[2021-06-23 05:38:29,675] {logging_mixin.py:104} INFO - [2021-06-23 05:38:29,675] {dag.py:2305} INFO - Setting next_dagrun for example_external_task_marker_child to None
[2021-06-23 05:38:29,676] {logging_mixin.py:104} INFO - [2021-06-23 05:38:29,676] {dag.py:2305} INFO - Setting next_dagrun for example_external_task_marker_parent to None
[2021-06-23 05:38:29,708] {scheduler_job.py:190} INFO - Processing /home/airflow/.local/lib/python3.6/site-packages/airflow/example_dags/example_external_task_marker_dag.py took 1.287 seconds
[2021-06-23 05:38:59,985] {scheduler_job.py:182} INFO - Started process (PID=290) to work on /home/airflow/.local/lib/python3.6/site-packages/airflow/example_dags/example_external_task_marker_dag.py
[2021-06-23 05:38:59,989] {scheduler_job.py:633} INFO - Processing file /home/airflow/.local/lib/python3.6/site-packages/airflow/example_dags/example_external_task_marker_dag.py for tasks to queue
[2021-06-23 05:39:00,016] {logging_mixin.py:104} INFO - [2021-06-23 05:39:00,016] {dagbag.py:487} INFO - Filling up the DagBag from /home/airflow/.local/lib/python3.6/site-packages/airflow/example_dags/example_external_task_marker_dag.py
[2021-06-23 05:39:00,066] {scheduler_job.py:643} INFO - DAG(s) dict_keys(['example_external_task_marker_parent', 'example_external_task_marker_child']) retrieved from /home/airflow/.local/lib/python3.6/site-packages/airflow/example_dags/example_external_task_marker_dag.py
[2021-06-23 05:39:00,731] {logging_mixin.py:104} INFO - [2021-06-23 05:39:00,731] {dag.py:1832} INFO - Sync 2 DAGs
[2021-06-23 05:39:00,758] {logging_mixin.py:104} INFO - [2021-06-23 05:39:00,758] {dag.py:2305} INFO - Setting next_dagrun for example_external_task_marker_child to None
[2021-06-23 05:39:00,759] {logging_mixin.py:104} INFO - [2021-06-23 05:39:00,759] {dag.py:2305} INFO - Setting next_dagrun for example_external_task_marker_parent to None
[2021-06-23 05:39:00,778] {scheduler_job.py:190} INFO - Processing /home/airflow/.local/lib/python3.6/site-packages/airflow/example_dags/example_external_task_marker_dag.py took 0.798 seconds
[2021-06-23 05:39:31,631] {scheduler_job.py:182} INFO - Started process (PID=354) to work on /home/airflow/.local/lib/python3.6/site-packages/airflow/example_dags/example_external_task_marker_dag.py
[2021-06-23 05:39:31,641] {scheduler_job.py:633} INFO - Processing file /home/airflow/.local/lib/python3.6/site-packages/airflow/example_dags/example_external_task_marker_dag.py for tasks to queue
[2021-06-23 05:39:31,643] {logging_mixin.py:104} INFO - [2021-06-23 05:39:31,643] {dagbag.py:487} INFO - Filling up the DagBag from /home/airflow/.local/lib/python3.6/site-packages/airflow/example_dags/example_external_task_marker_dag.py
[2021-06-23 05:39:31,686] {scheduler_job.py:643} INFO - DAG(s) dict_keys(['example_external_task_marker_parent', 'example_external_task_marker_child']) retrieved from /home/airflow/.local/lib/python3.6/site-packages/airflow/example_dags/example_external_task_marker_dag.py
[2021-06-23 05:39:32,428] {logging_mixin.py:104} INFO - [2021-06-23 05:39:32,428] {dag.py:1832} INFO - Sync 2 DAGs
[2021-06-23 05:39:32,448] {logging_mixin.py:104} INFO - [2021-06-23 05:39:32,448] {dag.py:2305} INFO - Setting next_dagrun for example_external_task_marker_child to None
[2021-06-23 05:39:32,450] {logging_mixin.py:104} INFO - [2021-06-23 05:39:32,450] {dag.py:2305} INFO - Setting next_dagrun for example_external_task_marker_parent to None
[2021-06-23 05:39:32,467] {scheduler_job.py:190} INFO - Processing /home/airflow/.local/lib/python3.6/site-packages/airflow/example_dags/example_external_task_marker_dag.py took 0.840 seconds
[2021-06-23 05:40:02,781] {scheduler_job.py:182} INFO - Started process (PID=426) to work on /home/airflow/.local/lib/python3.6/site-packages/airflow/example_dags/example_external_task_marker_dag.py
[2021-06-23 05:40:02,783] {scheduler_job.py:633} INFO - Processing file /home/airflow/.local/lib/python3.6/site-packages/airflow/example_dags/example_external_task_marker_dag.py for tasks to queue
[2021-06-23 05:40:02,783] {logging_mixin.py:104} INFO - [2021-06-23 05:40:02,783] {dagbag.py:487} INFO - Filling up the DagBag from /home/airflow/.local/lib/python3.6/site-packages/airflow/example_dags/example_external_task_marker_dag.py
[2021-06-23 05:40:02,861] {scheduler_job.py:643} INFO - DAG(s) dict_keys(['example_external_task_marker_parent', 'example_external_task_marker_child']) retrieved from /home/airflow/.local/lib/python3.6/site-packages/airflow/example_dags/example_external_task_marker_dag.py
[2021-06-23 05:40:04,209] {logging_mixin.py:104} INFO - [2021-06-23 05:40:04,209] {dag.py:1832} INFO - Sync 2 DAGs
[2021-06-23 05:40:04,239] {logging_mixin.py:104} INFO - [2021-06-23 05:40:04,238] {dag.py:2305} INFO - Setting next_dagrun for example_external_task_marker_child to None
[2021-06-23 05:40:04,241] {logging_mixin.py:104} INFO - [2021-06-23 05:40:04,240] {dag.py:2305} INFO - Setting next_dagrun for example_external_task_marker_parent to None
[2021-06-23 05:40:04,269] {scheduler_job.py:190} INFO - Processing /home/airflow/.local/lib/python3.6/site-packages/airflow/example_dags/example_external_task_marker_dag.py took 1.502 seconds
[2021-06-23 05:40:34,848] {scheduler_job.py:182} INFO - Started process (PID=492) to work on /home/airflow/.local/lib/python3.6/site-packages/airflow/example_dags/example_external_task_marker_dag.py
[2021-06-23 05:40:34,871] {scheduler_job.py:633} INFO - Processing file /home/airflow/.local/lib/python3.6/site-packages/airflow/example_dags/example_external_task_marker_dag.py for tasks to queue
[2021-06-23 05:40:34,875] {logging_mixin.py:104} INFO - [2021-06-23 05:40:34,875] {dagbag.py:487} INFO - Filling up the DagBag from /home/airflow/.local/lib/python3.6/site-packages/airflow/example_dags/example_external_task_marker_dag.py
[2021-06-23 05:40:34,896] {scheduler_job.py:643} INFO - DAG(s) dict_keys(['example_external_task_marker_parent', 'example_external_task_marker_child']) retrieved from /home/airflow/.local/lib/python3.6/site-packages/airflow/example_dags/example_external_task_marker_dag.py
[2021-06-23 05:40:35,678] {logging_mixin.py:104} INFO - [2021-06-23 05:40:35,678] {dag.py:1832} INFO - Sync 2 DAGs
[2021-06-23 05:40:35,700] {logging_mixin.py:104} INFO - [2021-06-23 05:40:35,700] {dag.py:2305} INFO - Setting next_dagrun for example_external_task_marker_child to None
[2021-06-23 05:40:35,702] {logging_mixin.py:104} INFO - [2021-06-23 05:40:35,702] {dag.py:2305} INFO - Setting next_dagrun for example_external_task_marker_parent to None
[2021-06-23 05:40:35,729] {scheduler_job.py:190} INFO - Processing /home/airflow/.local/lib/python3.6/site-packages/airflow/example_dags/example_external_task_marker_dag.py took 0.886 seconds
[2021-06-23 05:41:06,237] {scheduler_job.py:182} INFO - Started process (PID=556) to work on /home/airflow/.local/lib/python3.6/site-packages/airflow/example_dags/example_external_task_marker_dag.py
[2021-06-23 05:41:06,257] {scheduler_job.py:633} INFO - Processing file /home/airflow/.local/lib/python3.6/site-packages/airflow/example_dags/example_external_task_marker_dag.py for tasks to queue
[2021-06-23 05:41:06,261] {logging_mixin.py:104} INFO - [2021-06-23 05:41:06,261] {dagbag.py:487} INFO - Filling up the DagBag from /home/airflow/.local/lib/python3.6/site-packages/airflow/example_dags/example_external_task_marker_dag.py
[2021-06-23 05:41:06,302] {scheduler_job.py:643} INFO - DAG(s) dict_keys(['example_external_task_marker_parent', 'example_external_task_marker_child']) retrieved from /home/airflow/.local/lib/python3.6/site-packages/airflow/example_dags/example_external_task_marker_dag.py
[2021-06-23 05:41:07,282] {logging_mixin.py:104} INFO - [2021-06-23 05:41:07,282] {dag.py:1832} INFO - Sync 2 DAGs
[2021-06-23 05:41:07,305] {logging_mixin.py:104} INFO - [2021-06-23 05:41:07,305] {dag.py:2305} INFO - Setting next_dagrun for example_external_task_marker_child to None
[2021-06-23 05:41:07,309] {logging_mixin.py:104} INFO - [2021-06-23 05:41:07,309] {dag.py:2305} INFO - Setting next_dagrun for example_external_task_marker_parent to None
[2021-06-23 05:41:07,342] {scheduler_job.py:190} INFO - Processing /home/airflow/.local/lib/python3.6/site-packages/airflow/example_dags/example_external_task_marker_dag.py took 1.127 seconds
[2021-06-23 05:41:37,526] {scheduler_job.py:182} INFO - Started process (PID=625) to work on /home/airflow/.local/lib/python3.6/site-packages/airflow/example_dags/example_external_task_marker_dag.py
[2021-06-23 05:41:37,528] {scheduler_job.py:633} INFO - Processing file /home/airflow/.local/lib/python3.6/site-packages/airflow/example_dags/example_external_task_marker_dag.py for tasks to queue
[2021-06-23 05:41:37,529] {logging_mixin.py:104} INFO - [2021-06-23 05:41:37,529] {dagbag.py:487} INFO - Filling up the DagBag from /home/airflow/.local/lib/python3.6/site-packages/airflow/example_dags/example_external_task_marker_dag.py
[2021-06-23 05:41:37,545] {scheduler_job.py:643} INFO - DAG(s) dict_keys(['example_external_task_marker_parent', 'example_external_task_marker_child']) retrieved from /home/airflow/.local/lib/python3.6/site-packages/airflow/example_dags/example_external_task_marker_dag.py
[2021-06-23 05:41:37,591] {logging_mixin.py:104} INFO - [2021-06-23 05:41:37,591] {dag.py:1832} INFO - Sync 2 DAGs
[2021-06-23 05:41:37,614] {logging_mixin.py:104} INFO - [2021-06-23 05:41:37,614] {dag.py:2305} INFO - Setting next_dagrun for example_external_task_marker_child to None
[2021-06-23 05:41:37,615] {logging_mixin.py:104} INFO - [2021-06-23 05:41:37,615] {dag.py:2305} INFO - Setting next_dagrun for example_external_task_marker_parent to None
[2021-06-23 05:41:37,630] {scheduler_job.py:190} INFO - Processing /home/airflow/.local/lib/python3.6/site-packages/airflow/example_dags/example_external_task_marker_dag.py took 0.109 seconds
[2021-06-23 05:42:07,689] {scheduler_job.py:182} INFO - Started process (PID=686) to work on /home/airflow/.local/lib/python3.6/site-packages/airflow/example_dags/example_external_task_marker_dag.py
[2021-06-23 05:42:07,697] {scheduler_job.py:633} INFO - Processing file /home/airflow/.local/lib/python3.6/site-packages/airflow/example_dags/example_external_task_marker_dag.py for tasks to queue
[2021-06-23 05:42:07,707] {logging_mixin.py:104} INFO - [2021-06-23 05:42:07,707] {dagbag.py:487} INFO - Filling up the DagBag from /home/airflow/.local/lib/python3.6/site-packages/airflow/example_dags/example_external_task_marker_dag.py
[2021-06-23 05:42:07,735] {scheduler_job.py:643} INFO - DAG(s) dict_keys(['example_external_task_marker_parent', 'example_external_task_marker_child']) retrieved from /home/airflow/.local/lib/python3.6/site-packages/airflow/example_dags/example_external_task_marker_dag.py
[2021-06-23 05:42:08,358] {logging_mixin.py:104} INFO - [2021-06-23 05:42:08,357] {dag.py:1832} INFO - Sync 2 DAGs
[2021-06-23 05:42:08,390] {logging_mixin.py:104} INFO - [2021-06-23 05:42:08,390] {dag.py:2305} INFO - Setting next_dagrun for example_external_task_marker_child to None
[2021-06-23 05:42:08,391] {logging_mixin.py:104} INFO - [2021-06-23 05:42:08,391] {dag.py:2305} INFO - Setting next_dagrun for example_external_task_marker_parent to None
[2021-06-23 05:42:08,411] {scheduler_job.py:190} INFO - Processing /home/airflow/.local/lib/python3.6/site-packages/airflow/example_dags/example_external_task_marker_dag.py took 0.733 seconds
[2021-06-23 05:42:38,487] {scheduler_job.py:182} INFO - Started process (PID=748) to work on /home/airflow/.local/lib/python3.6/site-packages/airflow/example_dags/example_external_task_marker_dag.py
[2021-06-23 05:42:38,489] {scheduler_job.py:633} INFO - Processing file /home/airflow/.local/lib/python3.6/site-packages/airflow/example_dags/example_external_task_marker_dag.py for tasks to queue
[2021-06-23 05:42:38,490] {logging_mixin.py:104} INFO - [2021-06-23 05:42:38,490] {dagbag.py:487} INFO - Filling up the DagBag from /home/airflow/.local/lib/python3.6/site-packages/airflow/example_dags/example_external_task_marker_dag.py
[2021-06-23 05:42:38,517] {scheduler_job.py:643} INFO - DAG(s) dict_keys(['example_external_task_marker_parent', 'example_external_task_marker_child']) retrieved from /home/airflow/.local/lib/python3.6/site-packages/airflow/example_dags/example_external_task_marker_dag.py
[2021-06-23 05:42:39,137] {logging_mixin.py:104} INFO - [2021-06-23 05:42:39,136] {dag.py:1832} INFO - Sync 2 DAGs
[2021-06-23 05:42:39,173] {logging_mixin.py:104} INFO - [2021-06-23 05:42:39,173] {dag.py:2305} INFO - Setting next_dagrun for example_external_task_marker_child to None
[2021-06-23 05:42:39,179] {logging_mixin.py:104} INFO - [2021-06-23 05:42:39,179] {dag.py:2305} INFO - Setting next_dagrun for example_external_task_marker_parent to None
[2021-06-23 05:42:39,215] {scheduler_job.py:190} INFO - Processing /home/airflow/.local/lib/python3.6/site-packages/airflow/example_dags/example_external_task_marker_dag.py took 0.733 seconds
[2021-06-23 05:43:09,527] {scheduler_job.py:182} INFO - Started process (PID=822) to work on /home/airflow/.local/lib/python3.6/site-packages/airflow/example_dags/example_external_task_marker_dag.py
[2021-06-23 05:43:09,531] {scheduler_job.py:633} INFO - Processing file /home/airflow/.local/lib/python3.6/site-packages/airflow/example_dags/example_external_task_marker_dag.py for tasks to queue
[2021-06-23 05:43:09,537] {logging_mixin.py:104} INFO - [2021-06-23 05:43:09,537] {dagbag.py:487} INFO - Filling up the DagBag from /home/airflow/.local/lib/python3.6/site-packages/airflow/example_dags/example_external_task_marker_dag.py
[2021-06-23 05:43:09,622] {scheduler_job.py:643} INFO - DAG(s) dict_keys(['example_external_task_marker_parent', 'example_external_task_marker_child']) retrieved from /home/airflow/.local/lib/python3.6/site-packages/airflow/example_dags/example_external_task_marker_dag.py
[2021-06-23 05:43:10,511] {logging_mixin.py:104} INFO - [2021-06-23 05:43:10,510] {dag.py:1832} INFO - Sync 2 DAGs
[2021-06-23 05:43:10,539] {logging_mixin.py:104} INFO - [2021-06-23 05:43:10,539] {dag.py:2305} INFO - Setting next_dagrun for example_external_task_marker_child to None
[2021-06-23 05:43:10,540] {logging_mixin.py:104} INFO - [2021-06-23 05:43:10,540] {dag.py:2305} INFO - Setting next_dagrun for example_external_task_marker_parent to None
[2021-06-23 05:43:10,572] {scheduler_job.py:190} INFO - Processing /home/airflow/.local/lib/python3.6/site-packages/airflow/example_dags/example_external_task_marker_dag.py took 1.067 seconds
[2021-06-23 05:43:40,823] {scheduler_job.py:182} INFO - Started process (PID=891) to work on /home/airflow/.local/lib/python3.6/site-packages/airflow/example_dags/example_external_task_marker_dag.py
[2021-06-23 05:43:40,824] {scheduler_job.py:633} INFO - Processing file /home/airflow/.local/lib/python3.6/site-packages/airflow/example_dags/example_external_task_marker_dag.py for tasks to queue
[2021-06-23 05:43:40,825] {logging_mixin.py:104} INFO - [2021-06-23 05:43:40,825] {dagbag.py:487} INFO - Filling up the DagBag from /home/airflow/.local/lib/python3.6/site-packages/airflow/example_dags/example_external_task_marker_dag.py
[2021-06-23 05:43:40,858] {scheduler_job.py:643} INFO - DAG(s) dict_keys(['example_external_task_marker_parent', 'example_external_task_marker_child']) retrieved from /home/airflow/.local/lib/python3.6/site-packages/airflow/example_dags/example_external_task_marker_dag.py
[2021-06-23 05:43:41,395] {logging_mixin.py:104} INFO - [2021-06-23 05:43:41,395] {dag.py:1832} INFO - Sync 2 DAGs
[2021-06-23 05:43:41,418] {logging_mixin.py:104} INFO - [2021-06-23 05:43:41,418] {dag.py:2305} INFO - Setting next_dagrun for example_external_task_marker_child to None
[2021-06-23 05:43:41,419] {logging_mixin.py:104} INFO - [2021-06-23 05:43:41,419] {dag.py:2305} INFO - Setting next_dagrun for example_external_task_marker_parent to None
[2021-06-23 05:43:41,441] {scheduler_job.py:190} INFO - Processing /home/airflow/.local/lib/python3.6/site-packages/airflow/example_dags/example_external_task_marker_dag.py took 0.623 seconds
[2021-06-23 05:44:11,511] {scheduler_job.py:182} INFO - Started process (PID=953) to work on /home/airflow/.local/lib/python3.6/site-packages/airflow/example_dags/example_external_task_marker_dag.py
[2021-06-23 05:44:11,512] {scheduler_job.py:633} INFO - Processing file /home/airflow/.local/lib/python3.6/site-packages/airflow/example_dags/example_external_task_marker_dag.py for tasks to queue
[2021-06-23 05:44:11,517] {logging_mixin.py:104} INFO - [2021-06-23 05:44:11,514] {dagbag.py:487} INFO - Filling up the DagBag from /home/airflow/.local/lib/python3.6/site-packages/airflow/example_dags/example_external_task_marker_dag.py
[2021-06-23 05:44:11,540] {scheduler_job.py:643} INFO - DAG(s) dict_keys(['example_external_task_marker_parent', 'example_external_task_marker_child']) retrieved from /home/airflow/.local/lib/python3.6/site-packages/airflow/example_dags/example_external_task_marker_dag.py
[2021-06-23 05:44:11,979] {logging_mixin.py:104} INFO - [2021-06-23 05:44:11,979] {dag.py:1832} INFO - Sync 2 DAGs
[2021-06-23 05:44:11,997] {logging_mixin.py:104} INFO - [2021-06-23 05:44:11,997] {dag.py:2305} INFO - Setting next_dagrun for example_external_task_marker_child to None
[2021-06-23 05:44:12,000] {logging_mixin.py:104} INFO - [2021-06-23 05:44:12,000] {dag.py:2305} INFO - Setting next_dagrun for example_external_task_marker_parent to None
[2021-06-23 05:44:12,018] {scheduler_job.py:190} INFO - Processing /home/airflow/.local/lib/python3.6/site-packages/airflow/example_dags/example_external_task_marker_dag.py took 0.512 seconds
[2021-06-23 05:44:42,738] {scheduler_job.py:182} INFO - Started process (PID=1017) to work on /home/airflow/.local/lib/python3.6/site-packages/airflow/example_dags/example_external_task_marker_dag.py
[2021-06-23 05:44:42,740] {scheduler_job.py:633} INFO - Processing file /home/airflow/.local/lib/python3.6/site-packages/airflow/example_dags/example_external_task_marker_dag.py for tasks to queue
[2021-06-23 05:44:42,742] {logging_mixin.py:104} INFO - [2021-06-23 05:44:42,742] {dagbag.py:487} INFO - Filling up the DagBag from /home/airflow/.local/lib/python3.6/site-packages/airflow/example_dags/example_external_task_marker_dag.py
[2021-06-23 05:44:42,775] {scheduler_job.py:643} INFO - DAG(s) dict_keys(['example_external_task_marker_parent', 'example_external_task_marker_child']) retrieved from /home/airflow/.local/lib/python3.6/site-packages/airflow/example_dags/example_external_task_marker_dag.py
[2021-06-23 05:44:43,284] {logging_mixin.py:104} INFO - [2021-06-23 05:44:43,284] {dag.py:1832} INFO - Sync 2 DAGs
[2021-06-23 05:44:43,317] {logging_mixin.py:104} INFO - [2021-06-23 05:44:43,317] {dag.py:2305} INFO - Setting next_dagrun for example_external_task_marker_child to None
[2021-06-23 05:44:43,319] {logging_mixin.py:104} INFO - [2021-06-23 05:44:43,319] {dag.py:2305} INFO - Setting next_dagrun for example_external_task_marker_parent to None
[2021-06-23 05:44:43,341] {scheduler_job.py:190} INFO - Processing /home/airflow/.local/lib/python3.6/site-packages/airflow/example_dags/example_external_task_marker_dag.py took 0.608 seconds
[2021-06-23 05:45:13,753] {scheduler_job.py:182} INFO - Started process (PID=1079) to work on /home/airflow/.local/lib/python3.6/site-packages/airflow/example_dags/example_external_task_marker_dag.py
[2021-06-23 05:45:13,754] {scheduler_job.py:633} INFO - Processing file /home/airflow/.local/lib/python3.6/site-packages/airflow/example_dags/example_external_task_marker_dag.py for tasks to queue
[2021-06-23 05:45:13,755] {logging_mixin.py:104} INFO - [2021-06-23 05:45:13,755] {dagbag.py:487} INFO - Filling up the DagBag from /home/airflow/.local/lib/python3.6/site-packages/airflow/example_dags/example_external_task_marker_dag.py
[2021-06-23 05:45:13,781] {scheduler_job.py:643} INFO - DAG(s) dict_keys(['example_external_task_marker_parent', 'example_external_task_marker_child']) retrieved from /home/airflow/.local/lib/python3.6/site-packages/airflow/example_dags/example_external_task_marker_dag.py
[2021-06-23 05:45:14,359] {logging_mixin.py:104} INFO - [2021-06-23 05:45:14,359] {dag.py:1832} INFO - Sync 2 DAGs
[2021-06-23 05:45:14,381] {logging_mixin.py:104} INFO - [2021-06-23 05:45:14,381] {dag.py:2305} INFO - Setting next_dagrun for example_external_task_marker_child to None
[2021-06-23 05:45:14,382] {logging_mixin.py:104} INFO - [2021-06-23 05:45:14,382] {dag.py:2305} INFO - Setting next_dagrun for example_external_task_marker_parent to None
[2021-06-23 05:45:14,400] {scheduler_job.py:190} INFO - Processing /home/airflow/.local/lib/python3.6/site-packages/airflow/example_dags/example_external_task_marker_dag.py took 0.651 seconds
[2021-06-23 05:45:45,248] {scheduler_job.py:182} INFO - Started process (PID=1142) to work on /home/airflow/.local/lib/python3.6/site-packages/airflow/example_dags/example_external_task_marker_dag.py
[2021-06-23 05:45:45,250] {scheduler_job.py:633} INFO - Processing file /home/airflow/.local/lib/python3.6/site-packages/airflow/example_dags/example_external_task_marker_dag.py for tasks to queue
[2021-06-23 05:45:45,251] {logging_mixin.py:104} INFO - [2021-06-23 05:45:45,250] {dagbag.py:487} INFO - Filling up the DagBag from /home/airflow/.local/lib/python3.6/site-packages/airflow/example_dags/example_external_task_marker_dag.py
[2021-06-23 05:45:45,269] {scheduler_job.py:643} INFO - DAG(s) dict_keys(['example_external_task_marker_parent', 'example_external_task_marker_child']) retrieved from /home/airflow/.local/lib/python3.6/site-packages/airflow/example_dags/example_external_task_marker_dag.py
[2021-06-23 05:45:45,964] {logging_mixin.py:104} INFO - [2021-06-23 05:45:45,963] {dag.py:1832} INFO - Sync 2 DAGs
[2021-06-23 05:45:46,005] {logging_mixin.py:104} INFO - [2021-06-23 05:45:46,005] {dag.py:2305} INFO - Setting next_dagrun for example_external_task_marker_child to None
[2021-06-23 05:45:46,006] {logging_mixin.py:104} INFO - [2021-06-23 05:45:46,006] {dag.py:2305} INFO - Setting next_dagrun for example_external_task_marker_parent to None
[2021-06-23 05:45:46,035] {scheduler_job.py:190} INFO - Processing /home/airflow/.local/lib/python3.6/site-packages/airflow/example_dags/example_external_task_marker_dag.py took 0.791 seconds
[2021-06-23 05:46:16,628] {scheduler_job.py:182} INFO - Started process (PID=1221) to work on /home/airflow/.local/lib/python3.6/site-packages/airflow/example_dags/example_external_task_marker_dag.py
[2021-06-23 05:46:16,630] {scheduler_job.py:633} INFO - Processing file /home/airflow/.local/lib/python3.6/site-packages/airflow/example_dags/example_external_task_marker_dag.py for tasks to queue
[2021-06-23 05:46:16,632] {logging_mixin.py:104} INFO - [2021-06-23 05:46:16,631] {dagbag.py:487} INFO - Filling up the DagBag from /home/airflow/.local/lib/python3.6/site-packages/airflow/example_dags/example_external_task_marker_dag.py
[2021-06-23 05:46:16,655] {scheduler_job.py:643} INFO - DAG(s) dict_keys(['example_external_task_marker_parent', 'example_external_task_marker_child']) retrieved from /home/airflow/.local/lib/python3.6/site-packages/airflow/example_dags/example_external_task_marker_dag.py
[2021-06-23 05:46:17,140] {logging_mixin.py:104} INFO - [2021-06-23 05:46:17,140] {dag.py:1832} INFO - Sync 2 DAGs
[2021-06-23 05:46:17,176] {logging_mixin.py:104} INFO - [2021-06-23 05:46:17,176] {dag.py:2305} INFO - Setting next_dagrun for example_external_task_marker_child to None
[2021-06-23 05:46:17,178] {logging_mixin.py:104} INFO - [2021-06-23 05:46:17,177] {dag.py:2305} INFO - Setting next_dagrun for example_external_task_marker_parent to None
[2021-06-23 05:46:17,219] {scheduler_job.py:190} INFO - Processing /home/airflow/.local/lib/python3.6/site-packages/airflow/example_dags/example_external_task_marker_dag.py took 0.600 seconds
[2021-06-23 05:46:47,585] {scheduler_job.py:182} INFO - Started process (PID=1284) to work on /home/airflow/.local/lib/python3.6/site-packages/airflow/example_dags/example_external_task_marker_dag.py
[2021-06-23 05:46:47,587] {scheduler_job.py:633} INFO - Processing file /home/airflow/.local/lib/python3.6/site-packages/airflow/example_dags/example_external_task_marker_dag.py for tasks to queue
[2021-06-23 05:46:47,588] {logging_mixin.py:104} INFO - [2021-06-23 05:46:47,588] {dagbag.py:487} INFO - Filling up the DagBag from /home/airflow/.local/lib/python3.6/site-packages/airflow/example_dags/example_external_task_marker_dag.py
[2021-06-23 05:46:47,660] {scheduler_job.py:643} INFO - DAG(s) dict_keys(['example_external_task_marker_parent', 'example_external_task_marker_child']) retrieved from /home/airflow/.local/lib/python3.6/site-packages/airflow/example_dags/example_external_task_marker_dag.py
[2021-06-23 05:46:48,360] {logging_mixin.py:104} INFO - [2021-06-23 05:46:48,360] {dag.py:1832} INFO - Sync 2 DAGs
[2021-06-23 05:46:48,382] {logging_mixin.py:104} INFO - [2021-06-23 05:46:48,382] {dag.py:2305} INFO - Setting next_dagrun for example_external_task_marker_child to None
[2021-06-23 05:46:48,385] {logging_mixin.py:104} INFO - [2021-06-23 05:46:48,384] {dag.py:2305} INFO - Setting next_dagrun for example_external_task_marker_parent to None
[2021-06-23 05:46:48,412] {scheduler_job.py:190} INFO - Processing /home/airflow/.local/lib/python3.6/site-packages/airflow/example_dags/example_external_task_marker_dag.py took 0.831 seconds
[2021-06-23 05:47:19,164] {scheduler_job.py:182} INFO - Started process (PID=1348) to work on /home/airflow/.local/lib/python3.6/site-packages/airflow/example_dags/example_external_task_marker_dag.py
[2021-06-23 05:47:19,168] {scheduler_job.py:633} INFO - Processing file /home/airflow/.local/lib/python3.6/site-packages/airflow/example_dags/example_external_task_marker_dag.py for tasks to queue
[2021-06-23 05:47:19,170] {logging_mixin.py:104} INFO - [2021-06-23 05:47:19,169] {dagbag.py:487} INFO - Filling up the DagBag from /home/airflow/.local/lib/python3.6/site-packages/airflow/example_dags/example_external_task_marker_dag.py
[2021-06-23 05:47:19,192] {scheduler_job.py:643} INFO - DAG(s) dict_keys(['example_external_task_marker_parent', 'example_external_task_marker_child']) retrieved from /home/airflow/.local/lib/python3.6/site-packages/airflow/example_dags/example_external_task_marker_dag.py
[2021-06-23 05:47:19,723] {logging_mixin.py:104} INFO - [2021-06-23 05:47:19,723] {dag.py:1832} INFO - Sync 2 DAGs
[2021-06-23 05:47:19,751] {logging_mixin.py:104} INFO - [2021-06-23 05:47:19,751] {dag.py:2305} INFO - Setting next_dagrun for example_external_task_marker_child to None
[2021-06-23 05:47:19,752] {logging_mixin.py:104} INFO - [2021-06-23 05:47:19,752] {dag.py:2305} INFO - Setting next_dagrun for example_external_task_marker_parent to None
[2021-06-23 05:47:19,793] {scheduler_job.py:190} INFO - Processing /home/airflow/.local/lib/python3.6/site-packages/airflow/example_dags/example_external_task_marker_dag.py took 0.633 seconds
[2021-06-23 05:47:50,278] {scheduler_job.py:182} INFO - Started process (PID=1412) to work on /home/airflow/.local/lib/python3.6/site-packages/airflow/example_dags/example_external_task_marker_dag.py
[2021-06-23 05:47:50,280] {scheduler_job.py:633} INFO - Processing file /home/airflow/.local/lib/python3.6/site-packages/airflow/example_dags/example_external_task_marker_dag.py for tasks to queue
[2021-06-23 05:47:50,282] {logging_mixin.py:104} INFO - [2021-06-23 05:47:50,282] {dagbag.py:487} INFO - Filling up the DagBag from /home/airflow/.local/lib/python3.6/site-packages/airflow/example_dags/example_external_task_marker_dag.py
[2021-06-23 05:47:50,350] {scheduler_job.py:643} INFO - DAG(s) dict_keys(['example_external_task_marker_parent', 'example_external_task_marker_child']) retrieved from /home/airflow/.local/lib/python3.6/site-packages/airflow/example_dags/example_external_task_marker_dag.py
[2021-06-23 05:47:52,130] {logging_mixin.py:104} INFO - [2021-06-23 05:47:52,130] {dag.py:1832} INFO - Sync 2 DAGs
[2021-06-23 05:47:52,180] {logging_mixin.py:104} INFO - [2021-06-23 05:47:52,180] {dag.py:2305} INFO - Setting next_dagrun for example_external_task_marker_child to None
[2021-06-23 05:47:52,181] {logging_mixin.py:104} INFO - [2021-06-23 05:47:52,181] {dag.py:2305} INFO - Setting next_dagrun for example_external_task_marker_parent to None
[2021-06-23 05:47:52,300] {scheduler_job.py:190} INFO - Processing /home/airflow/.local/lib/python3.6/site-packages/airflow/example_dags/example_external_task_marker_dag.py took 2.033 seconds
[2021-06-23 05:48:23,118] {scheduler_job.py:182} INFO - Started process (PID=1484) to work on /home/airflow/.local/lib/python3.6/site-packages/airflow/example_dags/example_external_task_marker_dag.py
[2021-06-23 05:48:23,121] {scheduler_job.py:633} INFO - Processing file /home/airflow/.local/lib/python3.6/site-packages/airflow/example_dags/example_external_task_marker_dag.py for tasks to queue
[2021-06-23 05:48:23,123] {logging_mixin.py:104} INFO - [2021-06-23 05:48:23,123] {dagbag.py:487} INFO - Filling up the DagBag from /home/airflow/.local/lib/python3.6/site-packages/airflow/example_dags/example_external_task_marker_dag.py
[2021-06-23 05:48:23,146] {scheduler_job.py:643} INFO - DAG(s) dict_keys(['example_external_task_marker_parent', 'example_external_task_marker_child']) retrieved from /home/airflow/.local/lib/python3.6/site-packages/airflow/example_dags/example_external_task_marker_dag.py
[2021-06-23 05:48:23,831] {logging_mixin.py:104} INFO - [2021-06-23 05:48:23,831] {dag.py:1832} INFO - Sync 2 DAGs
[2021-06-23 05:48:23,857] {logging_mixin.py:104} INFO - [2021-06-23 05:48:23,857] {dag.py:2305} INFO - Setting next_dagrun for example_external_task_marker_child to None
[2021-06-23 05:48:23,859] {logging_mixin.py:104} INFO - [2021-06-23 05:48:23,859] {dag.py:2305} INFO - Setting next_dagrun for example_external_task_marker_parent to None
[2021-06-23 05:48:23,877] {scheduler_job.py:190} INFO - Processing /home/airflow/.local/lib/python3.6/site-packages/airflow/example_dags/example_external_task_marker_dag.py took 0.763 seconds
[2021-06-23 05:48:54,057] {scheduler_job.py:182} INFO - Started process (PID=1552) to work on /home/airflow/.local/lib/python3.6/site-packages/airflow/example_dags/example_external_task_marker_dag.py
[2021-06-23 05:48:54,059] {scheduler_job.py:633} INFO - Processing file /home/airflow/.local/lib/python3.6/site-packages/airflow/example_dags/example_external_task_marker_dag.py for tasks to queue
[2021-06-23 05:48:54,063] {logging_mixin.py:104} INFO - [2021-06-23 05:48:54,059] {dagbag.py:487} INFO - Filling up the DagBag from /home/airflow/.local/lib/python3.6/site-packages/airflow/example_dags/example_external_task_marker_dag.py
[2021-06-23 05:48:54,101] {scheduler_job.py:643} INFO - DAG(s) dict_keys(['example_external_task_marker_parent', 'example_external_task_marker_child']) retrieved from /home/airflow/.local/lib/python3.6/site-packages/airflow/example_dags/example_external_task_marker_dag.py
[2021-06-23 05:48:54,197] {logging_mixin.py:104} INFO - [2021-06-23 05:48:54,197] {dag.py:1832} INFO - Sync 2 DAGs
[2021-06-23 05:48:54,270] {logging_mixin.py:104} INFO - [2021-06-23 05:48:54,270] {dag.py:2305} INFO - Setting next_dagrun for example_external_task_marker_child to None
[2021-06-23 05:48:54,272] {logging_mixin.py:104} INFO - [2021-06-23 05:48:54,272] {dag.py:2305} INFO - Setting next_dagrun for example_external_task_marker_parent to None
[2021-06-23 05:48:54,322] {scheduler_job.py:190} INFO - Processing /home/airflow/.local/lib/python3.6/site-packages/airflow/example_dags/example_external_task_marker_dag.py took 0.273 seconds
[2021-06-23 05:49:24,703] {scheduler_job.py:182} INFO - Started process (PID=1616) to work on /home/airflow/.local/lib/python3.6/site-packages/airflow/example_dags/example_external_task_marker_dag.py
[2021-06-23 05:49:24,705] {scheduler_job.py:633} INFO - Processing file /home/airflow/.local/lib/python3.6/site-packages/airflow/example_dags/example_external_task_marker_dag.py for tasks to queue
[2021-06-23 05:49:24,706] {logging_mixin.py:104} INFO - [2021-06-23 05:49:24,706] {dagbag.py:487} INFO - Filling up the DagBag from /home/airflow/.local/lib/python3.6/site-packages/airflow/example_dags/example_external_task_marker_dag.py
[2021-06-23 05:49:24,725] {scheduler_job.py:643} INFO - DAG(s) dict_keys(['example_external_task_marker_parent', 'example_external_task_marker_child']) retrieved from /home/airflow/.local/lib/python3.6/site-packages/airflow/example_dags/example_external_task_marker_dag.py
[2021-06-23 05:49:25,167] {logging_mixin.py:104} INFO - [2021-06-23 05:49:25,167] {dag.py:1832} INFO - Sync 2 DAGs
[2021-06-23 05:49:25,181] {logging_mixin.py:104} INFO - [2021-06-23 05:49:25,181] {dag.py:2305} INFO - Setting next_dagrun for example_external_task_marker_child to None
[2021-06-23 05:49:25,182] {logging_mixin.py:104} INFO - [2021-06-23 05:49:25,182] {dag.py:2305} INFO - Setting next_dagrun for example_external_task_marker_parent to None
[2021-06-23 05:49:25,197] {scheduler_job.py:190} INFO - Processing /home/airflow/.local/lib/python3.6/site-packages/airflow/example_dags/example_external_task_marker_dag.py took 0.499 seconds
[2021-06-23 05:49:55,826] {scheduler_job.py:182} INFO - Started process (PID=1677) to work on /home/airflow/.local/lib/python3.6/site-packages/airflow/example_dags/example_external_task_marker_dag.py
[2021-06-23 05:49:55,828] {scheduler_job.py:633} INFO - Processing file /home/airflow/.local/lib/python3.6/site-packages/airflow/example_dags/example_external_task_marker_dag.py for tasks to queue
[2021-06-23 05:49:55,829] {logging_mixin.py:104} INFO - [2021-06-23 05:49:55,828] {dagbag.py:487} INFO - Filling up the DagBag from /home/airflow/.local/lib/python3.6/site-packages/airflow/example_dags/example_external_task_marker_dag.py
[2021-06-23 05:49:55,846] {scheduler_job.py:643} INFO - DAG(s) dict_keys(['example_external_task_marker_parent', 'example_external_task_marker_child']) retrieved from /home/airflow/.local/lib/python3.6/site-packages/airflow/example_dags/example_external_task_marker_dag.py
[2021-06-23 05:49:56,439] {logging_mixin.py:104} INFO - [2021-06-23 05:49:56,439] {dag.py:1832} INFO - Sync 2 DAGs
[2021-06-23 05:49:56,464] {logging_mixin.py:104} INFO - [2021-06-23 05:49:56,464] {dag.py:2305} INFO - Setting next_dagrun for example_external_task_marker_child to None
[2021-06-23 05:49:56,465] {logging_mixin.py:104} INFO - [2021-06-23 05:49:56,465] {dag.py:2305} INFO - Setting next_dagrun for example_external_task_marker_parent to None
[2021-06-23 05:49:56,486] {scheduler_job.py:190} INFO - Processing /home/airflow/.local/lib/python3.6/site-packages/airflow/example_dags/example_external_task_marker_dag.py took 0.667 seconds
[2021-06-23 05:50:27,378] {scheduler_job.py:182} INFO - Started process (PID=1738) to work on /home/airflow/.local/lib/python3.6/site-packages/airflow/example_dags/example_external_task_marker_dag.py
[2021-06-23 05:50:27,380] {scheduler_job.py:633} INFO - Processing file /home/airflow/.local/lib/python3.6/site-packages/airflow/example_dags/example_external_task_marker_dag.py for tasks to queue
[2021-06-23 05:50:27,381] {logging_mixin.py:104} INFO - [2021-06-23 05:50:27,381] {dagbag.py:487} INFO - Filling up the DagBag from /home/airflow/.local/lib/python3.6/site-packages/airflow/example_dags/example_external_task_marker_dag.py
[2021-06-23 05:50:27,407] {scheduler_job.py:643} INFO - DAG(s) dict_keys(['example_external_task_marker_parent', 'example_external_task_marker_child']) retrieved from /home/airflow/.local/lib/python3.6/site-packages/airflow/example_dags/example_external_task_marker_dag.py
[2021-06-23 05:50:28,177] {logging_mixin.py:104} INFO - [2021-06-23 05:50:28,177] {dag.py:1832} INFO - Sync 2 DAGs
[2021-06-23 05:50:28,203] {logging_mixin.py:104} INFO - [2021-06-23 05:50:28,203] {dag.py:2305} INFO - Setting next_dagrun for example_external_task_marker_child to None
[2021-06-23 05:50:28,205] {logging_mixin.py:104} INFO - [2021-06-23 05:50:28,204] {dag.py:2305} INFO - Setting next_dagrun for example_external_task_marker_parent to None
[2021-06-23 05:50:28,225] {scheduler_job.py:190} INFO - Processing /home/airflow/.local/lib/python3.6/site-packages/airflow/example_dags/example_external_task_marker_dag.py took 0.852 seconds
[2021-06-23 05:50:58,777] {scheduler_job.py:182} INFO - Started process (PID=1812) to work on /home/airflow/.local/lib/python3.6/site-packages/airflow/example_dags/example_external_task_marker_dag.py
[2021-06-23 05:50:58,782] {scheduler_job.py:633} INFO - Processing file /home/airflow/.local/lib/python3.6/site-packages/airflow/example_dags/example_external_task_marker_dag.py for tasks to queue
[2021-06-23 05:50:58,787] {logging_mixin.py:104} INFO - [2021-06-23 05:50:58,783] {dagbag.py:487} INFO - Filling up the DagBag from /home/airflow/.local/lib/python3.6/site-packages/airflow/example_dags/example_external_task_marker_dag.py
[2021-06-23 05:50:58,859] {scheduler_job.py:643} INFO - DAG(s) dict_keys(['example_external_task_marker_parent', 'example_external_task_marker_child']) retrieved from /home/airflow/.local/lib/python3.6/site-packages/airflow/example_dags/example_external_task_marker_dag.py
[2021-06-23 05:50:59,671] {logging_mixin.py:104} INFO - [2021-06-23 05:50:59,671] {dag.py:1832} INFO - Sync 2 DAGs
[2021-06-23 05:50:59,703] {logging_mixin.py:104} INFO - [2021-06-23 05:50:59,703] {dag.py:2305} INFO - Setting next_dagrun for example_external_task_marker_child to None
[2021-06-23 05:50:59,716] {logging_mixin.py:104} INFO - [2021-06-23 05:50:59,716] {dag.py:2305} INFO - Setting next_dagrun for example_external_task_marker_parent to None
[2021-06-23 05:50:59,763] {scheduler_job.py:190} INFO - Processing /home/airflow/.local/lib/python3.6/site-packages/airflow/example_dags/example_external_task_marker_dag.py took 0.997 seconds
[2021-06-23 05:51:30,150] {scheduler_job.py:182} INFO - Started process (PID=1875) to work on /home/airflow/.local/lib/python3.6/site-packages/airflow/example_dags/example_external_task_marker_dag.py
[2021-06-23 05:51:30,160] {scheduler_job.py:633} INFO - Processing file /home/airflow/.local/lib/python3.6/site-packages/airflow/example_dags/example_external_task_marker_dag.py for tasks to queue
[2021-06-23 05:51:30,161] {logging_mixin.py:104} INFO - [2021-06-23 05:51:30,161] {dagbag.py:487} INFO - Filling up the DagBag from /home/airflow/.local/lib/python3.6/site-packages/airflow/example_dags/example_external_task_marker_dag.py
[2021-06-23 05:51:30,191] {scheduler_job.py:643} INFO - DAG(s) dict_keys(['example_external_task_marker_parent', 'example_external_task_marker_child']) retrieved from /home/airflow/.local/lib/python3.6/site-packages/airflow/example_dags/example_external_task_marker_dag.py
[2021-06-23 05:51:30,828] {logging_mixin.py:104} INFO - [2021-06-23 05:51:30,828] {dag.py:1832} INFO - Sync 2 DAGs
[2021-06-23 05:51:30,886] {logging_mixin.py:104} INFO - [2021-06-23 05:51:30,886] {dag.py:2305} INFO - Setting next_dagrun for example_external_task_marker_child to None
[2021-06-23 05:51:30,895] {logging_mixin.py:104} INFO - [2021-06-23 05:51:30,894] {dag.py:2305} INFO - Setting next_dagrun for example_external_task_marker_parent to None
[2021-06-23 05:51:30,927] {scheduler_job.py:190} INFO - Processing /home/airflow/.local/lib/python3.6/site-packages/airflow/example_dags/example_external_task_marker_dag.py took 0.792 seconds
[2021-06-23 05:52:01,944] {scheduler_job.py:182} INFO - Started process (PID=1943) to work on /home/airflow/.local/lib/python3.6/site-packages/airflow/example_dags/example_external_task_marker_dag.py
[2021-06-23 05:52:01,945] {scheduler_job.py:633} INFO - Processing file /home/airflow/.local/lib/python3.6/site-packages/airflow/example_dags/example_external_task_marker_dag.py for tasks to queue
[2021-06-23 05:52:01,952] {logging_mixin.py:104} INFO - [2021-06-23 05:52:01,952] {dagbag.py:487} INFO - Filling up the DagBag from /home/airflow/.local/lib/python3.6/site-packages/airflow/example_dags/example_external_task_marker_dag.py
[2021-06-23 05:52:01,972] {scheduler_job.py:643} INFO - DAG(s) dict_keys(['example_external_task_marker_parent', 'example_external_task_marker_child']) retrieved from /home/airflow/.local/lib/python3.6/site-packages/airflow/example_dags/example_external_task_marker_dag.py
[2021-06-23 05:52:03,174] {logging_mixin.py:104} INFO - [2021-06-23 05:52:03,174] {dag.py:1832} INFO - Sync 2 DAGs
[2021-06-23 05:52:03,223] {logging_mixin.py:104} INFO - [2021-06-23 05:52:03,223] {dag.py:2305} INFO - Setting next_dagrun for example_external_task_marker_child to None
[2021-06-23 05:52:03,247] {logging_mixin.py:104} INFO - [2021-06-23 05:52:03,247] {dag.py:2305} INFO - Setting next_dagrun for example_external_task_marker_parent to None
[2021-06-23 05:52:03,319] {scheduler_job.py:190} INFO - Processing /home/airflow/.local/lib/python3.6/site-packages/airflow/example_dags/example_external_task_marker_dag.py took 1.383 seconds
[2021-06-23 05:52:35,606] {scheduler_job.py:182} INFO - Started process (PID=2022) to work on /home/airflow/.local/lib/python3.6/site-packages/airflow/example_dags/example_external_task_marker_dag.py
[2021-06-23 05:52:35,607] {scheduler_job.py:633} INFO - Processing file /home/airflow/.local/lib/python3.6/site-packages/airflow/example_dags/example_external_task_marker_dag.py for tasks to queue
[2021-06-23 05:52:35,616] {logging_mixin.py:104} INFO - [2021-06-23 05:52:35,616] {dagbag.py:487} INFO - Filling up the DagBag from /home/airflow/.local/lib/python3.6/site-packages/airflow/example_dags/example_external_task_marker_dag.py
[2021-06-23 05:52:35,683] {scheduler_job.py:643} INFO - DAG(s) dict_keys(['example_external_task_marker_parent', 'example_external_task_marker_child']) retrieved from /home/airflow/.local/lib/python3.6/site-packages/airflow/example_dags/example_external_task_marker_dag.py
[2021-06-23 05:52:36,577] {logging_mixin.py:104} INFO - [2021-06-23 05:52:36,576] {dag.py:1832} INFO - Sync 2 DAGs
[2021-06-23 05:52:36,623] {logging_mixin.py:104} INFO - [2021-06-23 05:52:36,623] {dag.py:2305} INFO - Setting next_dagrun for example_external_task_marker_child to None
[2021-06-23 05:52:36,627] {logging_mixin.py:104} INFO - [2021-06-23 05:52:36,626] {dag.py:2305} INFO - Setting next_dagrun for example_external_task_marker_parent to None
[2021-06-23 05:52:36,674] {scheduler_job.py:190} INFO - Processing /home/airflow/.local/lib/python3.6/site-packages/airflow/example_dags/example_external_task_marker_dag.py took 1.083 seconds
[2021-06-23 05:53:06,773] {scheduler_job.py:182} INFO - Started process (PID=2081) to work on /home/airflow/.local/lib/python3.6/site-packages/airflow/example_dags/example_external_task_marker_dag.py
[2021-06-23 05:53:06,777] {scheduler_job.py:633} INFO - Processing file /home/airflow/.local/lib/python3.6/site-packages/airflow/example_dags/example_external_task_marker_dag.py for tasks to queue
[2021-06-23 05:53:06,779] {logging_mixin.py:104} INFO - [2021-06-23 05:53:06,779] {dagbag.py:487} INFO - Filling up the DagBag from /home/airflow/.local/lib/python3.6/site-packages/airflow/example_dags/example_external_task_marker_dag.py
[2021-06-23 05:53:06,804] {scheduler_job.py:643} INFO - DAG(s) dict_keys(['example_external_task_marker_parent', 'example_external_task_marker_child']) retrieved from /home/airflow/.local/lib/python3.6/site-packages/airflow/example_dags/example_external_task_marker_dag.py
[2021-06-23 05:53:06,864] {logging_mixin.py:104} INFO - [2021-06-23 05:53:06,864] {dag.py:1832} INFO - Sync 2 DAGs
[2021-06-23 05:53:06,913] {logging_mixin.py:104} INFO - [2021-06-23 05:53:06,913] {dag.py:2305} INFO - Setting next_dagrun for example_external_task_marker_child to None
[2021-06-23 05:53:06,915] {logging_mixin.py:104} INFO - [2021-06-23 05:53:06,915] {dag.py:2305} INFO - Setting next_dagrun for example_external_task_marker_parent to None
[2021-06-23 05:53:06,936] {scheduler_job.py:190} INFO - Processing /home/airflow/.local/lib/python3.6/site-packages/airflow/example_dags/example_external_task_marker_dag.py took 0.167 seconds
[2021-06-23 05:53:37,557] {scheduler_job.py:182} INFO - Started process (PID=2147) to work on /home/airflow/.local/lib/python3.6/site-packages/airflow/example_dags/example_external_task_marker_dag.py
[2021-06-23 05:53:37,559] {scheduler_job.py:633} INFO - Processing file /home/airflow/.local/lib/python3.6/site-packages/airflow/example_dags/example_external_task_marker_dag.py for tasks to queue
[2021-06-23 05:53:37,561] {logging_mixin.py:104} INFO - [2021-06-23 05:53:37,561] {dagbag.py:487} INFO - Filling up the DagBag from /home/airflow/.local/lib/python3.6/site-packages/airflow/example_dags/example_external_task_marker_dag.py
[2021-06-23 05:53:37,578] {scheduler_job.py:643} INFO - DAG(s) dict_keys(['example_external_task_marker_parent', 'example_external_task_marker_child']) retrieved from /home/airflow/.local/lib/python3.6/site-packages/airflow/example_dags/example_external_task_marker_dag.py
[2021-06-23 05:53:38,296] {logging_mixin.py:104} INFO - [2021-06-23 05:53:38,296] {dag.py:1832} INFO - Sync 2 DAGs
[2021-06-23 05:53:38,326] {logging_mixin.py:104} INFO - [2021-06-23 05:53:38,326] {dag.py:2305} INFO - Setting next_dagrun for example_external_task_marker_child to None
[2021-06-23 05:53:38,329] {logging_mixin.py:104} INFO - [2021-06-23 05:53:38,328] {dag.py:2305} INFO - Setting next_dagrun for example_external_task_marker_parent to None
[2021-06-23 05:53:38,347] {scheduler_job.py:190} INFO - Processing /home/airflow/.local/lib/python3.6/site-packages/airflow/example_dags/example_external_task_marker_dag.py took 0.794 seconds
[2021-06-23 05:54:09,811] {scheduler_job.py:182} INFO - Started process (PID=2212) to work on /home/airflow/.local/lib/python3.6/site-packages/airflow/example_dags/example_external_task_marker_dag.py
[2021-06-23 05:54:09,813] {scheduler_job.py:633} INFO - Processing file /home/airflow/.local/lib/python3.6/site-packages/airflow/example_dags/example_external_task_marker_dag.py for tasks to queue
[2021-06-23 05:54:09,814] {logging_mixin.py:104} INFO - [2021-06-23 05:54:09,814] {dagbag.py:487} INFO - Filling up the DagBag from /home/airflow/.local/lib/python3.6/site-packages/airflow/example_dags/example_external_task_marker_dag.py
[2021-06-23 05:54:10,081] {scheduler_job.py:643} INFO - DAG(s) dict_keys(['example_external_task_marker_parent', 'example_external_task_marker_child']) retrieved from /home/airflow/.local/lib/python3.6/site-packages/airflow/example_dags/example_external_task_marker_dag.py
[2021-06-23 05:54:10,275] {logging_mixin.py:104} INFO - [2021-06-23 05:54:10,274] {dag.py:1832} INFO - Sync 2 DAGs
[2021-06-23 05:54:10,435] {logging_mixin.py:104} INFO - [2021-06-23 05:54:10,435] {dag.py:2305} INFO - Setting next_dagrun for example_external_task_marker_child to None
[2021-06-23 05:54:10,437] {logging_mixin.py:104} INFO - [2021-06-23 05:54:10,436] {dag.py:2305} INFO - Setting next_dagrun for example_external_task_marker_parent to None
[2021-06-23 05:54:10,491] {scheduler_job.py:190} INFO - Processing /home/airflow/.local/lib/python3.6/site-packages/airflow/example_dags/example_external_task_marker_dag.py took 0.695 seconds
[2021-06-23 05:54:41,016] {scheduler_job.py:182} INFO - Started process (PID=2276) to work on /home/airflow/.local/lib/python3.6/site-packages/airflow/example_dags/example_external_task_marker_dag.py
[2021-06-23 05:54:41,018] {scheduler_job.py:633} INFO - Processing file /home/airflow/.local/lib/python3.6/site-packages/airflow/example_dags/example_external_task_marker_dag.py for tasks to queue
[2021-06-23 05:54:41,019] {logging_mixin.py:104} INFO - [2021-06-23 05:54:41,019] {dagbag.py:487} INFO - Filling up the DagBag from /home/airflow/.local/lib/python3.6/site-packages/airflow/example_dags/example_external_task_marker_dag.py
[2021-06-23 05:54:41,040] {scheduler_job.py:643} INFO - DAG(s) dict_keys(['example_external_task_marker_parent', 'example_external_task_marker_child']) retrieved from /home/airflow/.local/lib/python3.6/site-packages/airflow/example_dags/example_external_task_marker_dag.py
[2021-06-23 05:54:41,755] {logging_mixin.py:104} INFO - [2021-06-23 05:54:41,755] {dag.py:1832} INFO - Sync 2 DAGs
[2021-06-23 05:54:41,806] {logging_mixin.py:104} INFO - [2021-06-23 05:54:41,806] {dag.py:2305} INFO - Setting next_dagrun for example_external_task_marker_child to None
[2021-06-23 05:54:41,811] {logging_mixin.py:104} INFO - [2021-06-23 05:54:41,811] {dag.py:2305} INFO - Setting next_dagrun for example_external_task_marker_parent to None
[2021-06-23 05:54:41,833] {scheduler_job.py:190} INFO - Processing /home/airflow/.local/lib/python3.6/site-packages/airflow/example_dags/example_external_task_marker_dag.py took 0.833 seconds
[2021-06-23 05:55:11,951] {scheduler_job.py:182} INFO - Started process (PID=2352) to work on /home/airflow/.local/lib/python3.6/site-packages/airflow/example_dags/example_external_task_marker_dag.py
[2021-06-23 05:55:11,953] {scheduler_job.py:633} INFO - Processing file /home/airflow/.local/lib/python3.6/site-packages/airflow/example_dags/example_external_task_marker_dag.py for tasks to queue
[2021-06-23 05:55:11,954] {logging_mixin.py:104} INFO - [2021-06-23 05:55:11,954] {dagbag.py:487} INFO - Filling up the DagBag from /home/airflow/.local/lib/python3.6/site-packages/airflow/example_dags/example_external_task_marker_dag.py
[2021-06-23 05:55:11,977] {scheduler_job.py:643} INFO - DAG(s) dict_keys(['example_external_task_marker_parent', 'example_external_task_marker_child']) retrieved from /home/airflow/.local/lib/python3.6/site-packages/airflow/example_dags/example_external_task_marker_dag.py
[2021-06-23 05:55:12,963] {logging_mixin.py:104} INFO - [2021-06-23 05:55:12,962] {dag.py:1832} INFO - Sync 2 DAGs
[2021-06-23 05:55:13,004] {logging_mixin.py:104} INFO - [2021-06-23 05:55:13,004] {dag.py:2305} INFO - Setting next_dagrun for example_external_task_marker_child to None
[2021-06-23 05:55:13,007] {logging_mixin.py:104} INFO - [2021-06-23 05:55:13,007] {dag.py:2305} INFO - Setting next_dagrun for example_external_task_marker_parent to None
[2021-06-23 05:55:13,066] {scheduler_job.py:190} INFO - Processing /home/airflow/.local/lib/python3.6/site-packages/airflow/example_dags/example_external_task_marker_dag.py took 1.124 seconds
[2021-06-23 05:55:43,268] {scheduler_job.py:182} INFO - Started process (PID=2416) to work on /home/airflow/.local/lib/python3.6/site-packages/airflow/example_dags/example_external_task_marker_dag.py
[2021-06-23 05:55:43,270] {scheduler_job.py:633} INFO - Processing file /home/airflow/.local/lib/python3.6/site-packages/airflow/example_dags/example_external_task_marker_dag.py for tasks to queue
[2021-06-23 05:55:43,272] {logging_mixin.py:104} INFO - [2021-06-23 05:55:43,272] {dagbag.py:487} INFO - Filling up the DagBag from /home/airflow/.local/lib/python3.6/site-packages/airflow/example_dags/example_external_task_marker_dag.py
[2021-06-23 05:55:43,301] {scheduler_job.py:643} INFO - DAG(s) dict_keys(['example_external_task_marker_parent', 'example_external_task_marker_child']) retrieved from /home/airflow/.local/lib/python3.6/site-packages/airflow/example_dags/example_external_task_marker_dag.py
[2021-06-23 05:55:44,000] {logging_mixin.py:104} INFO - [2021-06-23 05:55:44,000] {dag.py:1832} INFO - Sync 2 DAGs
[2021-06-23 05:55:44,049] {logging_mixin.py:104} INFO - [2021-06-23 05:55:44,049] {dag.py:2305} INFO - Setting next_dagrun for example_external_task_marker_child to None
[2021-06-23 05:55:44,051] {logging_mixin.py:104} INFO - [2021-06-23 05:55:44,051] {dag.py:2305} INFO - Setting next_dagrun for example_external_task_marker_parent to None
[2021-06-23 05:55:44,077] {scheduler_job.py:190} INFO - Processing /home/airflow/.local/lib/python3.6/site-packages/airflow/example_dags/example_external_task_marker_dag.py took 0.822 seconds
[2021-06-23 05:56:14,889] {scheduler_job.py:182} INFO - Started process (PID=2480) to work on /home/airflow/.local/lib/python3.6/site-packages/airflow/example_dags/example_external_task_marker_dag.py
[2021-06-23 05:56:14,891] {scheduler_job.py:633} INFO - Processing file /home/airflow/.local/lib/python3.6/site-packages/airflow/example_dags/example_external_task_marker_dag.py for tasks to queue
[2021-06-23 05:56:14,898] {logging_mixin.py:104} INFO - [2021-06-23 05:56:14,897] {dagbag.py:487} INFO - Filling up the DagBag from /home/airflow/.local/lib/python3.6/site-packages/airflow/example_dags/example_external_task_marker_dag.py
[2021-06-23 05:56:14,916] {scheduler_job.py:643} INFO - DAG(s) dict_keys(['example_external_task_marker_parent', 'example_external_task_marker_child']) retrieved from /home/airflow/.local/lib/python3.6/site-packages/airflow/example_dags/example_external_task_marker_dag.py
[2021-06-23 05:56:15,831] {logging_mixin.py:104} INFO - [2021-06-23 05:56:15,831] {dag.py:1832} INFO - Sync 2 DAGs
[2021-06-23 05:56:15,858] {logging_mixin.py:104} INFO - [2021-06-23 05:56:15,858] {dag.py:2305} INFO - Setting next_dagrun for example_external_task_marker_child to None
[2021-06-23 05:56:15,859] {logging_mixin.py:104} INFO - [2021-06-23 05:56:15,859] {dag.py:2305} INFO - Setting next_dagrun for example_external_task_marker_parent to None
[2021-06-23 05:56:15,901] {scheduler_job.py:190} INFO - Processing /home/airflow/.local/lib/python3.6/site-packages/airflow/example_dags/example_external_task_marker_dag.py took 1.016 seconds
[2021-06-23 05:56:46,165] {scheduler_job.py:182} INFO - Started process (PID=2545) to work on /home/airflow/.local/lib/python3.6/site-packages/airflow/example_dags/example_external_task_marker_dag.py
[2021-06-23 05:56:46,169] {scheduler_job.py:633} INFO - Processing file /home/airflow/.local/lib/python3.6/site-packages/airflow/example_dags/example_external_task_marker_dag.py for tasks to queue
[2021-06-23 05:56:46,170] {logging_mixin.py:104} INFO - [2021-06-23 05:56:46,170] {dagbag.py:487} INFO - Filling up the DagBag from /home/airflow/.local/lib/python3.6/site-packages/airflow/example_dags/example_external_task_marker_dag.py
[2021-06-23 05:56:46,187] {scheduler_job.py:643} INFO - DAG(s) dict_keys(['example_external_task_marker_parent', 'example_external_task_marker_child']) retrieved from /home/airflow/.local/lib/python3.6/site-packages/airflow/example_dags/example_external_task_marker_dag.py
[2021-06-23 05:56:46,807] {logging_mixin.py:104} INFO - [2021-06-23 05:56:46,806] {dag.py:1832} INFO - Sync 2 DAGs
[2021-06-23 05:56:46,849] {logging_mixin.py:104} INFO - [2021-06-23 05:56:46,849] {dag.py:2305} INFO - Setting next_dagrun for example_external_task_marker_child to None
[2021-06-23 05:56:46,850] {logging_mixin.py:104} INFO - [2021-06-23 05:56:46,850] {dag.py:2305} INFO - Setting next_dagrun for example_external_task_marker_parent to None
[2021-06-23 05:56:46,878] {scheduler_job.py:190} INFO - Processing /home/airflow/.local/lib/python3.6/site-packages/airflow/example_dags/example_external_task_marker_dag.py took 0.719 seconds
[2021-06-23 05:57:17,007] {scheduler_job.py:182} INFO - Started process (PID=2610) to work on /home/airflow/.local/lib/python3.6/site-packages/airflow/example_dags/example_external_task_marker_dag.py
[2021-06-23 05:57:17,009] {scheduler_job.py:633} INFO - Processing file /home/airflow/.local/lib/python3.6/site-packages/airflow/example_dags/example_external_task_marker_dag.py for tasks to queue
[2021-06-23 05:57:17,010] {logging_mixin.py:104} INFO - [2021-06-23 05:57:17,010] {dagbag.py:487} INFO - Filling up the DagBag from /home/airflow/.local/lib/python3.6/site-packages/airflow/example_dags/example_external_task_marker_dag.py
[2021-06-23 05:57:17,320] {scheduler_job.py:643} INFO - DAG(s) dict_keys(['example_external_task_marker_parent', 'example_external_task_marker_child']) retrieved from /home/airflow/.local/lib/python3.6/site-packages/airflow/example_dags/example_external_task_marker_dag.py
[2021-06-23 05:57:19,295] {logging_mixin.py:104} INFO - [2021-06-23 05:57:19,295] {dag.py:1832} INFO - Sync 2 DAGs
[2021-06-23 05:57:19,322] {logging_mixin.py:104} INFO - [2021-06-23 05:57:19,322] {dag.py:2305} INFO - Setting next_dagrun for example_external_task_marker_child to None
[2021-06-23 05:57:19,340] {logging_mixin.py:104} INFO - [2021-06-23 05:57:19,340] {dag.py:2305} INFO - Setting next_dagrun for example_external_task_marker_parent to None
[2021-06-23 05:57:19,370] {scheduler_job.py:190} INFO - Processing /home/airflow/.local/lib/python3.6/site-packages/airflow/example_dags/example_external_task_marker_dag.py took 2.426 seconds
[2021-06-23 05:57:49,397] {scheduler_job.py:182} INFO - Started process (PID=2683) to work on /home/airflow/.local/lib/python3.6/site-packages/airflow/example_dags/example_external_task_marker_dag.py
[2021-06-23 05:57:49,402] {scheduler_job.py:633} INFO - Processing file /home/airflow/.local/lib/python3.6/site-packages/airflow/example_dags/example_external_task_marker_dag.py for tasks to queue
[2021-06-23 05:57:49,403] {logging_mixin.py:104} INFO - [2021-06-23 05:57:49,403] {dagbag.py:487} INFO - Filling up the DagBag from /home/airflow/.local/lib/python3.6/site-packages/airflow/example_dags/example_external_task_marker_dag.py
[2021-06-23 05:57:49,424] {scheduler_job.py:643} INFO - DAG(s) dict_keys(['example_external_task_marker_parent', 'example_external_task_marker_child']) retrieved from /home/airflow/.local/lib/python3.6/site-packages/airflow/example_dags/example_external_task_marker_dag.py
[2021-06-23 05:57:49,920] {logging_mixin.py:104} INFO - [2021-06-23 05:57:49,919] {dag.py:1832} INFO - Sync 2 DAGs
[2021-06-23 05:57:49,956] {logging_mixin.py:104} INFO - [2021-06-23 05:57:49,956] {dag.py:2305} INFO - Setting next_dagrun for example_external_task_marker_child to None
[2021-06-23 05:57:49,963] {logging_mixin.py:104} INFO - [2021-06-23 05:57:49,963] {dag.py:2305} INFO - Setting next_dagrun for example_external_task_marker_parent to None
[2021-06-23 05:57:49,984] {scheduler_job.py:190} INFO - Processing /home/airflow/.local/lib/python3.6/site-packages/airflow/example_dags/example_external_task_marker_dag.py took 0.591 seconds
[2021-06-23 05:58:20,998] {scheduler_job.py:182} INFO - Started process (PID=2753) to work on /home/airflow/.local/lib/python3.6/site-packages/airflow/example_dags/example_external_task_marker_dag.py
[2021-06-23 05:58:21,000] {scheduler_job.py:633} INFO - Processing file /home/airflow/.local/lib/python3.6/site-packages/airflow/example_dags/example_external_task_marker_dag.py for tasks to queue
[2021-06-23 05:58:21,001] {logging_mixin.py:104} INFO - [2021-06-23 05:58:21,001] {dagbag.py:487} INFO - Filling up the DagBag from /home/airflow/.local/lib/python3.6/site-packages/airflow/example_dags/example_external_task_marker_dag.py
[2021-06-23 05:58:21,027] {scheduler_job.py:643} INFO - DAG(s) dict_keys(['example_external_task_marker_parent', 'example_external_task_marker_child']) retrieved from /home/airflow/.local/lib/python3.6/site-packages/airflow/example_dags/example_external_task_marker_dag.py
[2021-06-23 05:58:21,122] {logging_mixin.py:104} INFO - [2021-06-23 05:58:21,122] {dag.py:1832} INFO - Sync 2 DAGs
[2021-06-23 05:58:21,203] {logging_mixin.py:104} INFO - [2021-06-23 05:58:21,203] {dag.py:2305} INFO - Setting next_dagrun for example_external_task_marker_child to None
[2021-06-23 05:58:21,205] {logging_mixin.py:104} INFO - [2021-06-23 05:58:21,205] {dag.py:2305} INFO - Setting next_dagrun for example_external_task_marker_parent to None
[2021-06-23 05:58:21,248] {scheduler_job.py:190} INFO - Processing /home/airflow/.local/lib/python3.6/site-packages/airflow/example_dags/example_external_task_marker_dag.py took 0.261 seconds
[2021-06-23 05:58:51,685] {scheduler_job.py:182} INFO - Started process (PID=2818) to work on /home/airflow/.local/lib/python3.6/site-packages/airflow/example_dags/example_external_task_marker_dag.py
[2021-06-23 05:58:51,690] {scheduler_job.py:633} INFO - Processing file /home/airflow/.local/lib/python3.6/site-packages/airflow/example_dags/example_external_task_marker_dag.py for tasks to queue
[2021-06-23 05:58:51,691] {logging_mixin.py:104} INFO - [2021-06-23 05:58:51,691] {dagbag.py:487} INFO - Filling up the DagBag from /home/airflow/.local/lib/python3.6/site-packages/airflow/example_dags/example_external_task_marker_dag.py
[2021-06-23 05:58:51,725] {scheduler_job.py:643} INFO - DAG(s) dict_keys(['example_external_task_marker_parent', 'example_external_task_marker_child']) retrieved from /home/airflow/.local/lib/python3.6/site-packages/airflow/example_dags/example_external_task_marker_dag.py
[2021-06-23 05:58:52,416] {logging_mixin.py:104} INFO - [2021-06-23 05:58:52,416] {dag.py:1832} INFO - Sync 2 DAGs
[2021-06-23 05:58:52,434] {logging_mixin.py:104} INFO - [2021-06-23 05:58:52,434] {dag.py:2305} INFO - Setting next_dagrun for example_external_task_marker_child to None
[2021-06-23 05:58:52,436] {logging_mixin.py:104} INFO - [2021-06-23 05:58:52,436] {dag.py:2305} INFO - Setting next_dagrun for example_external_task_marker_parent to None
[2021-06-23 05:58:52,452] {scheduler_job.py:190} INFO - Processing /home/airflow/.local/lib/python3.6/site-packages/airflow/example_dags/example_external_task_marker_dag.py took 0.776 seconds
[2021-06-23 05:59:23,315] {scheduler_job.py:182} INFO - Started process (PID=2885) to work on /home/airflow/.local/lib/python3.6/site-packages/airflow/example_dags/example_external_task_marker_dag.py
[2021-06-23 05:59:23,327] {scheduler_job.py:633} INFO - Processing file /home/airflow/.local/lib/python3.6/site-packages/airflow/example_dags/example_external_task_marker_dag.py for tasks to queue
[2021-06-23 05:59:23,329] {logging_mixin.py:104} INFO - [2021-06-23 05:59:23,329] {dagbag.py:487} INFO - Filling up the DagBag from /home/airflow/.local/lib/python3.6/site-packages/airflow/example_dags/example_external_task_marker_dag.py
[2021-06-23 05:59:23,362] {scheduler_job.py:643} INFO - DAG(s) dict_keys(['example_external_task_marker_parent', 'example_external_task_marker_child']) retrieved from /home/airflow/.local/lib/python3.6/site-packages/airflow/example_dags/example_external_task_marker_dag.py
[2021-06-23 05:59:23,825] {logging_mixin.py:104} INFO - [2021-06-23 05:59:23,824] {dag.py:1832} INFO - Sync 2 DAGs
[2021-06-23 05:59:23,839] {logging_mixin.py:104} INFO - [2021-06-23 05:59:23,839] {dag.py:2305} INFO - Setting next_dagrun for example_external_task_marker_child to None
[2021-06-23 05:59:23,840] {logging_mixin.py:104} INFO - [2021-06-23 05:59:23,839] {dag.py:2305} INFO - Setting next_dagrun for example_external_task_marker_parent to None
[2021-06-23 05:59:23,851] {scheduler_job.py:190} INFO - Processing /home/airflow/.local/lib/python3.6/site-packages/airflow/example_dags/example_external_task_marker_dag.py took 0.557 seconds
[2021-06-23 05:59:54,465] {scheduler_job.py:182} INFO - Started process (PID=2949) to work on /home/airflow/.local/lib/python3.6/site-packages/airflow/example_dags/example_external_task_marker_dag.py
[2021-06-23 05:59:54,466] {scheduler_job.py:633} INFO - Processing file /home/airflow/.local/lib/python3.6/site-packages/airflow/example_dags/example_external_task_marker_dag.py for tasks to queue
[2021-06-23 05:59:54,467] {logging_mixin.py:104} INFO - [2021-06-23 05:59:54,467] {dagbag.py:487} INFO - Filling up the DagBag from /home/airflow/.local/lib/python3.6/site-packages/airflow/example_dags/example_external_task_marker_dag.py
[2021-06-23 05:59:54,480] {scheduler_job.py:643} INFO - DAG(s) dict_keys(['example_external_task_marker_parent', 'example_external_task_marker_child']) retrieved from /home/airflow/.local/lib/python3.6/site-packages/airflow/example_dags/example_external_task_marker_dag.py
[2021-06-23 05:59:54,506] {logging_mixin.py:104} INFO - [2021-06-23 05:59:54,506] {dag.py:1832} INFO - Sync 2 DAGs
[2021-06-23 05:59:54,526] {logging_mixin.py:104} INFO - [2021-06-23 05:59:54,526] {dag.py:2305} INFO - Setting next_dagrun for example_external_task_marker_child to None
[2021-06-23 05:59:54,527] {logging_mixin.py:104} INFO - [2021-06-23 05:59:54,527] {dag.py:2305} INFO - Setting next_dagrun for example_external_task_marker_parent to None
[2021-06-23 05:59:54,547] {scheduler_job.py:190} INFO - Processing /home/airflow/.local/lib/python3.6/site-packages/airflow/example_dags/example_external_task_marker_dag.py took 0.086 seconds
[2021-06-23 06:00:25,118] {scheduler_job.py:182} INFO - Started process (PID=3013) to work on /home/airflow/.local/lib/python3.6/site-packages/airflow/example_dags/example_external_task_marker_dag.py
[2021-06-23 06:00:25,130] {scheduler_job.py:633} INFO - Processing file /home/airflow/.local/lib/python3.6/site-packages/airflow/example_dags/example_external_task_marker_dag.py for tasks to queue
[2021-06-23 06:00:25,132] {logging_mixin.py:104} INFO - [2021-06-23 06:00:25,132] {dagbag.py:487} INFO - Filling up the DagBag from /home/airflow/.local/lib/python3.6/site-packages/airflow/example_dags/example_external_task_marker_dag.py
[2021-06-23 06:00:25,155] {scheduler_job.py:643} INFO - DAG(s) dict_keys(['example_external_task_marker_parent', 'example_external_task_marker_child']) retrieved from /home/airflow/.local/lib/python3.6/site-packages/airflow/example_dags/example_external_task_marker_dag.py
[2021-06-23 06:00:26,001] {logging_mixin.py:104} INFO - [2021-06-23 06:00:26,001] {dag.py:1832} INFO - Sync 2 DAGs
[2021-06-23 06:00:26,032] {logging_mixin.py:104} INFO - [2021-06-23 06:00:26,032] {dag.py:2305} INFO - Setting next_dagrun for example_external_task_marker_child to None
[2021-06-23 06:00:26,033] {logging_mixin.py:104} INFO - [2021-06-23 06:00:26,033] {dag.py:2305} INFO - Setting next_dagrun for example_external_task_marker_parent to None
[2021-06-23 06:00:26,067] {scheduler_job.py:190} INFO - Processing /home/airflow/.local/lib/python3.6/site-packages/airflow/example_dags/example_external_task_marker_dag.py took 0.953 seconds
