[2021-06-23 05:37:21,564] {scheduler_job.py:182} INFO - Started process (PID=84) to work on /home/airflow/.local/lib/python3.6/site-packages/airflow/example_dags/example_latest_only_with_trigger.py
[2021-06-23 05:37:21,566] {scheduler_job.py:633} INFO - Processing file /home/airflow/.local/lib/python3.6/site-packages/airflow/example_dags/example_latest_only_with_trigger.py for tasks to queue
[2021-06-23 05:37:21,567] {logging_mixin.py:104} INFO - [2021-06-23 05:37:21,567] {dagbag.py:487} INFO - Filling up the DagBag from /home/airflow/.local/lib/python3.6/site-packages/airflow/example_dags/example_latest_only_with_trigger.py
[2021-06-23 05:37:21,649] {scheduler_job.py:643} INFO - DAG(s) dict_keys(['latest_only_with_trigger']) retrieved from /home/airflow/.local/lib/python3.6/site-packages/airflow/example_dags/example_latest_only_with_trigger.py
[2021-06-23 05:37:22,504] {logging_mixin.py:104} INFO - [2021-06-23 05:37:22,504] {dag.py:1832} INFO - Sync 1 DAGs
[2021-06-23 05:37:22,551] {logging_mixin.py:104} INFO - [2021-06-23 05:37:22,551] {dag.py:2305} INFO - Setting next_dagrun for latest_only_with_trigger to 2021-06-21 00:00:00+00:00
[2021-06-23 05:37:22,590] {scheduler_job.py:190} INFO - Processing /home/airflow/.local/lib/python3.6/site-packages/airflow/example_dags/example_latest_only_with_trigger.py took 1.041 seconds
[2021-06-23 05:37:53,432] {scheduler_job.py:182} INFO - Started process (PID=147) to work on /home/airflow/.local/lib/python3.6/site-packages/airflow/example_dags/example_latest_only_with_trigger.py
[2021-06-23 05:37:53,434] {scheduler_job.py:633} INFO - Processing file /home/airflow/.local/lib/python3.6/site-packages/airflow/example_dags/example_latest_only_with_trigger.py for tasks to queue
[2021-06-23 05:37:53,435] {logging_mixin.py:104} INFO - [2021-06-23 05:37:53,435] {dagbag.py:487} INFO - Filling up the DagBag from /home/airflow/.local/lib/python3.6/site-packages/airflow/example_dags/example_latest_only_with_trigger.py
[2021-06-23 05:37:53,463] {scheduler_job.py:643} INFO - DAG(s) dict_keys(['latest_only_with_trigger']) retrieved from /home/airflow/.local/lib/python3.6/site-packages/airflow/example_dags/example_latest_only_with_trigger.py
[2021-06-23 05:37:53,532] {logging_mixin.py:104} INFO - [2021-06-23 05:37:53,531] {dag.py:1832} INFO - Sync 1 DAGs
[2021-06-23 05:37:53,578] {logging_mixin.py:104} INFO - [2021-06-23 05:37:53,578] {dag.py:2305} INFO - Setting next_dagrun for latest_only_with_trigger to 2021-06-21 00:00:00+00:00
[2021-06-23 05:37:53,615] {scheduler_job.py:190} INFO - Processing /home/airflow/.local/lib/python3.6/site-packages/airflow/example_dags/example_latest_only_with_trigger.py took 0.193 seconds
[2021-06-23 05:38:24,221] {scheduler_job.py:182} INFO - Started process (PID=209) to work on /home/airflow/.local/lib/python3.6/site-packages/airflow/example_dags/example_latest_only_with_trigger.py
[2021-06-23 05:38:24,223] {scheduler_job.py:633} INFO - Processing file /home/airflow/.local/lib/python3.6/site-packages/airflow/example_dags/example_latest_only_with_trigger.py for tasks to queue
[2021-06-23 05:38:24,230] {logging_mixin.py:104} INFO - [2021-06-23 05:38:24,230] {dagbag.py:487} INFO - Filling up the DagBag from /home/airflow/.local/lib/python3.6/site-packages/airflow/example_dags/example_latest_only_with_trigger.py
[2021-06-23 05:38:24,247] {scheduler_job.py:643} INFO - DAG(s) dict_keys(['latest_only_with_trigger']) retrieved from /home/airflow/.local/lib/python3.6/site-packages/airflow/example_dags/example_latest_only_with_trigger.py
[2021-06-23 05:38:24,275] {logging_mixin.py:104} INFO - [2021-06-23 05:38:24,274] {dag.py:1832} INFO - Sync 1 DAGs
[2021-06-23 05:38:24,298] {logging_mixin.py:104} INFO - [2021-06-23 05:38:24,298] {dag.py:2305} INFO - Setting next_dagrun for latest_only_with_trigger to 2021-06-21 00:00:00+00:00
[2021-06-23 05:38:24,321] {scheduler_job.py:190} INFO - Processing /home/airflow/.local/lib/python3.6/site-packages/airflow/example_dags/example_latest_only_with_trigger.py took 0.104 seconds
[2021-06-23 05:38:54,740] {scheduler_job.py:182} INFO - Started process (PID=284) to work on /home/airflow/.local/lib/python3.6/site-packages/airflow/example_dags/example_latest_only_with_trigger.py
[2021-06-23 05:38:54,742] {scheduler_job.py:633} INFO - Processing file /home/airflow/.local/lib/python3.6/site-packages/airflow/example_dags/example_latest_only_with_trigger.py for tasks to queue
[2021-06-23 05:38:54,743] {logging_mixin.py:104} INFO - [2021-06-23 05:38:54,743] {dagbag.py:487} INFO - Filling up the DagBag from /home/airflow/.local/lib/python3.6/site-packages/airflow/example_dags/example_latest_only_with_trigger.py
[2021-06-23 05:38:54,765] {scheduler_job.py:643} INFO - DAG(s) dict_keys(['latest_only_with_trigger']) retrieved from /home/airflow/.local/lib/python3.6/site-packages/airflow/example_dags/example_latest_only_with_trigger.py
[2021-06-23 05:38:54,824] {logging_mixin.py:104} INFO - [2021-06-23 05:38:54,824] {dag.py:1832} INFO - Sync 1 DAGs
[2021-06-23 05:38:54,871] {logging_mixin.py:104} INFO - [2021-06-23 05:38:54,871] {dag.py:2305} INFO - Setting next_dagrun for latest_only_with_trigger to 2021-06-21 00:00:00+00:00
[2021-06-23 05:38:54,894] {scheduler_job.py:190} INFO - Processing /home/airflow/.local/lib/python3.6/site-packages/airflow/example_dags/example_latest_only_with_trigger.py took 0.161 seconds
[2021-06-23 05:39:25,269] {scheduler_job.py:182} INFO - Started process (PID=349) to work on /home/airflow/.local/lib/python3.6/site-packages/airflow/example_dags/example_latest_only_with_trigger.py
[2021-06-23 05:39:25,271] {scheduler_job.py:633} INFO - Processing file /home/airflow/.local/lib/python3.6/site-packages/airflow/example_dags/example_latest_only_with_trigger.py for tasks to queue
[2021-06-23 05:39:25,276] {logging_mixin.py:104} INFO - [2021-06-23 05:39:25,272] {dagbag.py:487} INFO - Filling up the DagBag from /home/airflow/.local/lib/python3.6/site-packages/airflow/example_dags/example_latest_only_with_trigger.py
[2021-06-23 05:39:25,301] {scheduler_job.py:643} INFO - DAG(s) dict_keys(['latest_only_with_trigger']) retrieved from /home/airflow/.local/lib/python3.6/site-packages/airflow/example_dags/example_latest_only_with_trigger.py
[2021-06-23 05:39:25,346] {logging_mixin.py:104} INFO - [2021-06-23 05:39:25,346] {dag.py:1832} INFO - Sync 1 DAGs
[2021-06-23 05:39:25,386] {logging_mixin.py:104} INFO - [2021-06-23 05:39:25,386] {dag.py:2305} INFO - Setting next_dagrun for latest_only_with_trigger to 2021-06-21 00:00:00+00:00
[2021-06-23 05:39:25,412] {scheduler_job.py:190} INFO - Processing /home/airflow/.local/lib/python3.6/site-packages/airflow/example_dags/example_latest_only_with_trigger.py took 0.160 seconds
[2021-06-23 05:39:55,647] {scheduler_job.py:182} INFO - Started process (PID=413) to work on /home/airflow/.local/lib/python3.6/site-packages/airflow/example_dags/example_latest_only_with_trigger.py
[2021-06-23 05:39:55,650] {scheduler_job.py:633} INFO - Processing file /home/airflow/.local/lib/python3.6/site-packages/airflow/example_dags/example_latest_only_with_trigger.py for tasks to queue
[2021-06-23 05:39:55,651] {logging_mixin.py:104} INFO - [2021-06-23 05:39:55,651] {dagbag.py:487} INFO - Filling up the DagBag from /home/airflow/.local/lib/python3.6/site-packages/airflow/example_dags/example_latest_only_with_trigger.py
[2021-06-23 05:39:55,690] {scheduler_job.py:643} INFO - DAG(s) dict_keys(['latest_only_with_trigger']) retrieved from /home/airflow/.local/lib/python3.6/site-packages/airflow/example_dags/example_latest_only_with_trigger.py
[2021-06-23 05:39:55,759] {logging_mixin.py:104} INFO - [2021-06-23 05:39:55,758] {dag.py:1832} INFO - Sync 1 DAGs
[2021-06-23 05:39:55,868] {logging_mixin.py:104} INFO - [2021-06-23 05:39:55,868] {dag.py:2305} INFO - Setting next_dagrun for latest_only_with_trigger to 2021-06-21 00:00:00+00:00
[2021-06-23 05:39:55,919] {scheduler_job.py:190} INFO - Processing /home/airflow/.local/lib/python3.6/site-packages/airflow/example_dags/example_latest_only_with_trigger.py took 0.276 seconds
[2021-06-23 05:40:26,492] {scheduler_job.py:182} INFO - Started process (PID=474) to work on /home/airflow/.local/lib/python3.6/site-packages/airflow/example_dags/example_latest_only_with_trigger.py
[2021-06-23 05:40:26,501] {scheduler_job.py:633} INFO - Processing file /home/airflow/.local/lib/python3.6/site-packages/airflow/example_dags/example_latest_only_with_trigger.py for tasks to queue
[2021-06-23 05:40:26,502] {logging_mixin.py:104} INFO - [2021-06-23 05:40:26,502] {dagbag.py:487} INFO - Filling up the DagBag from /home/airflow/.local/lib/python3.6/site-packages/airflow/example_dags/example_latest_only_with_trigger.py
[2021-06-23 05:40:26,523] {scheduler_job.py:643} INFO - DAG(s) dict_keys(['latest_only_with_trigger']) retrieved from /home/airflow/.local/lib/python3.6/site-packages/airflow/example_dags/example_latest_only_with_trigger.py
[2021-06-23 05:40:26,573] {logging_mixin.py:104} INFO - [2021-06-23 05:40:26,573] {dag.py:1832} INFO - Sync 1 DAGs
[2021-06-23 05:40:26,609] {logging_mixin.py:104} INFO - [2021-06-23 05:40:26,608] {dag.py:2305} INFO - Setting next_dagrun for latest_only_with_trigger to 2021-06-21 00:00:00+00:00
[2021-06-23 05:40:26,628] {scheduler_job.py:190} INFO - Processing /home/airflow/.local/lib/python3.6/site-packages/airflow/example_dags/example_latest_only_with_trigger.py took 0.141 seconds
[2021-06-23 05:40:56,848] {scheduler_job.py:182} INFO - Started process (PID=538) to work on /home/airflow/.local/lib/python3.6/site-packages/airflow/example_dags/example_latest_only_with_trigger.py
[2021-06-23 05:40:56,850] {scheduler_job.py:633} INFO - Processing file /home/airflow/.local/lib/python3.6/site-packages/airflow/example_dags/example_latest_only_with_trigger.py for tasks to queue
[2021-06-23 05:40:56,851] {logging_mixin.py:104} INFO - [2021-06-23 05:40:56,851] {dagbag.py:487} INFO - Filling up the DagBag from /home/airflow/.local/lib/python3.6/site-packages/airflow/example_dags/example_latest_only_with_trigger.py
[2021-06-23 05:40:56,872] {scheduler_job.py:643} INFO - DAG(s) dict_keys(['latest_only_with_trigger']) retrieved from /home/airflow/.local/lib/python3.6/site-packages/airflow/example_dags/example_latest_only_with_trigger.py
[2021-06-23 05:40:56,921] {logging_mixin.py:104} INFO - [2021-06-23 05:40:56,921] {dag.py:1832} INFO - Sync 1 DAGs
[2021-06-23 05:40:56,951] {logging_mixin.py:104} INFO - [2021-06-23 05:40:56,951] {dag.py:2305} INFO - Setting next_dagrun for latest_only_with_trigger to 2021-06-21 00:00:00+00:00
[2021-06-23 05:40:56,965] {scheduler_job.py:190} INFO - Processing /home/airflow/.local/lib/python3.6/site-packages/airflow/example_dags/example_latest_only_with_trigger.py took 0.122 seconds
[2021-06-23 05:41:29,051] {scheduler_job.py:182} INFO - Started process (PID=604) to work on /home/airflow/.local/lib/python3.6/site-packages/airflow/example_dags/example_latest_only_with_trigger.py
[2021-06-23 05:41:29,053] {scheduler_job.py:633} INFO - Processing file /home/airflow/.local/lib/python3.6/site-packages/airflow/example_dags/example_latest_only_with_trigger.py for tasks to queue
[2021-06-23 05:41:29,054] {logging_mixin.py:104} INFO - [2021-06-23 05:41:29,054] {dagbag.py:487} INFO - Filling up the DagBag from /home/airflow/.local/lib/python3.6/site-packages/airflow/example_dags/example_latest_only_with_trigger.py
[2021-06-23 05:41:29,072] {scheduler_job.py:643} INFO - DAG(s) dict_keys(['latest_only_with_trigger']) retrieved from /home/airflow/.local/lib/python3.6/site-packages/airflow/example_dags/example_latest_only_with_trigger.py
[2021-06-23 05:41:29,107] {logging_mixin.py:104} INFO - [2021-06-23 05:41:29,106] {dag.py:1832} INFO - Sync 1 DAGs
[2021-06-23 05:41:29,131] {logging_mixin.py:104} INFO - [2021-06-23 05:41:29,130] {dag.py:2305} INFO - Setting next_dagrun for latest_only_with_trigger to 2021-06-21 00:00:00+00:00
[2021-06-23 05:41:29,147] {scheduler_job.py:190} INFO - Processing /home/airflow/.local/lib/python3.6/site-packages/airflow/example_dags/example_latest_only_with_trigger.py took 0.100 seconds
[2021-06-23 05:42:01,025] {scheduler_job.py:182} INFO - Started process (PID=675) to work on /home/airflow/.local/lib/python3.6/site-packages/airflow/example_dags/example_latest_only_with_trigger.py
[2021-06-23 05:42:01,026] {scheduler_job.py:633} INFO - Processing file /home/airflow/.local/lib/python3.6/site-packages/airflow/example_dags/example_latest_only_with_trigger.py for tasks to queue
[2021-06-23 05:42:01,027] {logging_mixin.py:104} INFO - [2021-06-23 05:42:01,027] {dagbag.py:487} INFO - Filling up the DagBag from /home/airflow/.local/lib/python3.6/site-packages/airflow/example_dags/example_latest_only_with_trigger.py
[2021-06-23 05:42:01,068] {scheduler_job.py:643} INFO - DAG(s) dict_keys(['latest_only_with_trigger']) retrieved from /home/airflow/.local/lib/python3.6/site-packages/airflow/example_dags/example_latest_only_with_trigger.py
[2021-06-23 05:42:01,105] {logging_mixin.py:104} INFO - [2021-06-23 05:42:01,104] {dag.py:1832} INFO - Sync 1 DAGs
[2021-06-23 05:42:01,144] {logging_mixin.py:104} INFO - [2021-06-23 05:42:01,143] {dag.py:2305} INFO - Setting next_dagrun for latest_only_with_trigger to 2021-06-21 00:00:00+00:00
[2021-06-23 05:42:01,185] {scheduler_job.py:190} INFO - Processing /home/airflow/.local/lib/python3.6/site-packages/airflow/example_dags/example_latest_only_with_trigger.py took 0.166 seconds
[2021-06-23 05:42:31,457] {scheduler_job.py:182} INFO - Started process (PID=741) to work on /home/airflow/.local/lib/python3.6/site-packages/airflow/example_dags/example_latest_only_with_trigger.py
[2021-06-23 05:42:31,461] {scheduler_job.py:633} INFO - Processing file /home/airflow/.local/lib/python3.6/site-packages/airflow/example_dags/example_latest_only_with_trigger.py for tasks to queue
[2021-06-23 05:42:31,462] {logging_mixin.py:104} INFO - [2021-06-23 05:42:31,462] {dagbag.py:487} INFO - Filling up the DagBag from /home/airflow/.local/lib/python3.6/site-packages/airflow/example_dags/example_latest_only_with_trigger.py
[2021-06-23 05:42:31,512] {scheduler_job.py:643} INFO - DAG(s) dict_keys(['latest_only_with_trigger']) retrieved from /home/airflow/.local/lib/python3.6/site-packages/airflow/example_dags/example_latest_only_with_trigger.py
[2021-06-23 05:42:31,560] {logging_mixin.py:104} INFO - [2021-06-23 05:42:31,560] {dag.py:1832} INFO - Sync 1 DAGs
[2021-06-23 05:42:31,598] {logging_mixin.py:104} INFO - [2021-06-23 05:42:31,598] {dag.py:2305} INFO - Setting next_dagrun for latest_only_with_trigger to 2021-06-21 00:00:00+00:00
[2021-06-23 05:42:31,624] {scheduler_job.py:190} INFO - Processing /home/airflow/.local/lib/python3.6/site-packages/airflow/example_dags/example_latest_only_with_trigger.py took 0.171 seconds
[2021-06-23 05:43:01,816] {scheduler_job.py:182} INFO - Started process (PID=806) to work on /home/airflow/.local/lib/python3.6/site-packages/airflow/example_dags/example_latest_only_with_trigger.py
[2021-06-23 05:43:01,818] {scheduler_job.py:633} INFO - Processing file /home/airflow/.local/lib/python3.6/site-packages/airflow/example_dags/example_latest_only_with_trigger.py for tasks to queue
[2021-06-23 05:43:01,819] {logging_mixin.py:104} INFO - [2021-06-23 05:43:01,819] {dagbag.py:487} INFO - Filling up the DagBag from /home/airflow/.local/lib/python3.6/site-packages/airflow/example_dags/example_latest_only_with_trigger.py
[2021-06-23 05:43:01,844] {scheduler_job.py:643} INFO - DAG(s) dict_keys(['latest_only_with_trigger']) retrieved from /home/airflow/.local/lib/python3.6/site-packages/airflow/example_dags/example_latest_only_with_trigger.py
[2021-06-23 05:43:01,910] {logging_mixin.py:104} INFO - [2021-06-23 05:43:01,909] {dag.py:1832} INFO - Sync 1 DAGs
[2021-06-23 05:43:01,942] {logging_mixin.py:104} INFO - [2021-06-23 05:43:01,942] {dag.py:2305} INFO - Setting next_dagrun for latest_only_with_trigger to 2021-06-21 00:00:00+00:00
[2021-06-23 05:43:01,982] {scheduler_job.py:190} INFO - Processing /home/airflow/.local/lib/python3.6/site-packages/airflow/example_dags/example_latest_only_with_trigger.py took 0.176 seconds
[2021-06-23 05:43:32,309] {scheduler_job.py:182} INFO - Started process (PID=868) to work on /home/airflow/.local/lib/python3.6/site-packages/airflow/example_dags/example_latest_only_with_trigger.py
[2021-06-23 05:43:32,310] {scheduler_job.py:633} INFO - Processing file /home/airflow/.local/lib/python3.6/site-packages/airflow/example_dags/example_latest_only_with_trigger.py for tasks to queue
[2021-06-23 05:43:32,311] {logging_mixin.py:104} INFO - [2021-06-23 05:43:32,311] {dagbag.py:487} INFO - Filling up the DagBag from /home/airflow/.local/lib/python3.6/site-packages/airflow/example_dags/example_latest_only_with_trigger.py
[2021-06-23 05:43:32,331] {scheduler_job.py:643} INFO - DAG(s) dict_keys(['latest_only_with_trigger']) retrieved from /home/airflow/.local/lib/python3.6/site-packages/airflow/example_dags/example_latest_only_with_trigger.py
[2021-06-23 05:43:32,362] {logging_mixin.py:104} INFO - [2021-06-23 05:43:32,362] {dag.py:1832} INFO - Sync 1 DAGs
[2021-06-23 05:43:32,385] {logging_mixin.py:104} INFO - [2021-06-23 05:43:32,384] {dag.py:2305} INFO - Setting next_dagrun for latest_only_with_trigger to 2021-06-21 00:00:00+00:00
[2021-06-23 05:43:32,399] {scheduler_job.py:190} INFO - Processing /home/airflow/.local/lib/python3.6/site-packages/airflow/example_dags/example_latest_only_with_trigger.py took 0.096 seconds
[2021-06-23 05:44:02,796] {scheduler_job.py:182} INFO - Started process (PID=931) to work on /home/airflow/.local/lib/python3.6/site-packages/airflow/example_dags/example_latest_only_with_trigger.py
[2021-06-23 05:44:02,800] {scheduler_job.py:633} INFO - Processing file /home/airflow/.local/lib/python3.6/site-packages/airflow/example_dags/example_latest_only_with_trigger.py for tasks to queue
[2021-06-23 05:44:02,801] {logging_mixin.py:104} INFO - [2021-06-23 05:44:02,801] {dagbag.py:487} INFO - Filling up the DagBag from /home/airflow/.local/lib/python3.6/site-packages/airflow/example_dags/example_latest_only_with_trigger.py
[2021-06-23 05:44:02,832] {scheduler_job.py:643} INFO - DAG(s) dict_keys(['latest_only_with_trigger']) retrieved from /home/airflow/.local/lib/python3.6/site-packages/airflow/example_dags/example_latest_only_with_trigger.py
[2021-06-23 05:44:02,878] {logging_mixin.py:104} INFO - [2021-06-23 05:44:02,877] {dag.py:1832} INFO - Sync 1 DAGs
[2021-06-23 05:44:02,902] {logging_mixin.py:104} INFO - [2021-06-23 05:44:02,902] {dag.py:2305} INFO - Setting next_dagrun for latest_only_with_trigger to 2021-06-21 00:00:00+00:00
[2021-06-23 05:44:02,919] {scheduler_job.py:190} INFO - Processing /home/airflow/.local/lib/python3.6/site-packages/airflow/example_dags/example_latest_only_with_trigger.py took 0.128 seconds
[2021-06-23 05:44:33,108] {scheduler_job.py:182} INFO - Started process (PID=994) to work on /home/airflow/.local/lib/python3.6/site-packages/airflow/example_dags/example_latest_only_with_trigger.py
[2021-06-23 05:44:33,109] {scheduler_job.py:633} INFO - Processing file /home/airflow/.local/lib/python3.6/site-packages/airflow/example_dags/example_latest_only_with_trigger.py for tasks to queue
[2021-06-23 05:44:33,110] {logging_mixin.py:104} INFO - [2021-06-23 05:44:33,110] {dagbag.py:487} INFO - Filling up the DagBag from /home/airflow/.local/lib/python3.6/site-packages/airflow/example_dags/example_latest_only_with_trigger.py
[2021-06-23 05:44:33,135] {scheduler_job.py:643} INFO - DAG(s) dict_keys(['latest_only_with_trigger']) retrieved from /home/airflow/.local/lib/python3.6/site-packages/airflow/example_dags/example_latest_only_with_trigger.py
[2021-06-23 05:44:33,171] {logging_mixin.py:104} INFO - [2021-06-23 05:44:33,171] {dag.py:1832} INFO - Sync 1 DAGs
[2021-06-23 05:44:33,200] {logging_mixin.py:104} INFO - [2021-06-23 05:44:33,200] {dag.py:2305} INFO - Setting next_dagrun for latest_only_with_trigger to 2021-06-21 00:00:00+00:00
[2021-06-23 05:44:33,226] {scheduler_job.py:190} INFO - Processing /home/airflow/.local/lib/python3.6/site-packages/airflow/example_dags/example_latest_only_with_trigger.py took 0.124 seconds
[2021-06-23 05:45:03,761] {scheduler_job.py:182} INFO - Started process (PID=1064) to work on /home/airflow/.local/lib/python3.6/site-packages/airflow/example_dags/example_latest_only_with_trigger.py
[2021-06-23 05:45:03,762] {scheduler_job.py:633} INFO - Processing file /home/airflow/.local/lib/python3.6/site-packages/airflow/example_dags/example_latest_only_with_trigger.py for tasks to queue
[2021-06-23 05:45:03,766] {logging_mixin.py:104} INFO - [2021-06-23 05:45:03,765] {dagbag.py:487} INFO - Filling up the DagBag from /home/airflow/.local/lib/python3.6/site-packages/airflow/example_dags/example_latest_only_with_trigger.py
[2021-06-23 05:45:03,814] {scheduler_job.py:643} INFO - DAG(s) dict_keys(['latest_only_with_trigger']) retrieved from /home/airflow/.local/lib/python3.6/site-packages/airflow/example_dags/example_latest_only_with_trigger.py
[2021-06-23 05:45:03,889] {logging_mixin.py:104} INFO - [2021-06-23 05:45:03,889] {dag.py:1832} INFO - Sync 1 DAGs
[2021-06-23 05:45:03,961] {logging_mixin.py:104} INFO - [2021-06-23 05:45:03,961] {dag.py:2305} INFO - Setting next_dagrun for latest_only_with_trigger to 2021-06-21 00:00:00+00:00
[2021-06-23 05:45:03,995] {scheduler_job.py:190} INFO - Processing /home/airflow/.local/lib/python3.6/site-packages/airflow/example_dags/example_latest_only_with_trigger.py took 0.239 seconds
[2021-06-23 05:45:34,996] {scheduler_job.py:182} INFO - Started process (PID=1133) to work on /home/airflow/.local/lib/python3.6/site-packages/airflow/example_dags/example_latest_only_with_trigger.py
[2021-06-23 05:45:35,008] {scheduler_job.py:633} INFO - Processing file /home/airflow/.local/lib/python3.6/site-packages/airflow/example_dags/example_latest_only_with_trigger.py for tasks to queue
[2021-06-23 05:45:35,009] {logging_mixin.py:104} INFO - [2021-06-23 05:45:35,009] {dagbag.py:487} INFO - Filling up the DagBag from /home/airflow/.local/lib/python3.6/site-packages/airflow/example_dags/example_latest_only_with_trigger.py
[2021-06-23 05:45:35,041] {scheduler_job.py:643} INFO - DAG(s) dict_keys(['latest_only_with_trigger']) retrieved from /home/airflow/.local/lib/python3.6/site-packages/airflow/example_dags/example_latest_only_with_trigger.py
[2021-06-23 05:45:35,120] {logging_mixin.py:104} INFO - [2021-06-23 05:45:35,120] {dag.py:1832} INFO - Sync 1 DAGs
[2021-06-23 05:45:35,190] {logging_mixin.py:104} INFO - [2021-06-23 05:45:35,190] {dag.py:2305} INFO - Setting next_dagrun for latest_only_with_trigger to 2021-06-21 00:00:00+00:00
[2021-06-23 05:45:35,249] {scheduler_job.py:190} INFO - Processing /home/airflow/.local/lib/python3.6/site-packages/airflow/example_dags/example_latest_only_with_trigger.py took 0.260 seconds
[2021-06-23 05:46:06,134] {scheduler_job.py:182} INFO - Started process (PID=1195) to work on /home/airflow/.local/lib/python3.6/site-packages/airflow/example_dags/example_latest_only_with_trigger.py
[2021-06-23 05:46:06,140] {scheduler_job.py:633} INFO - Processing file /home/airflow/.local/lib/python3.6/site-packages/airflow/example_dags/example_latest_only_with_trigger.py for tasks to queue
[2021-06-23 05:46:06,141] {logging_mixin.py:104} INFO - [2021-06-23 05:46:06,141] {dagbag.py:487} INFO - Filling up the DagBag from /home/airflow/.local/lib/python3.6/site-packages/airflow/example_dags/example_latest_only_with_trigger.py
[2021-06-23 05:46:06,161] {scheduler_job.py:643} INFO - DAG(s) dict_keys(['latest_only_with_trigger']) retrieved from /home/airflow/.local/lib/python3.6/site-packages/airflow/example_dags/example_latest_only_with_trigger.py
[2021-06-23 05:46:06,214] {logging_mixin.py:104} INFO - [2021-06-23 05:46:06,213] {dag.py:1832} INFO - Sync 1 DAGs
[2021-06-23 05:46:06,261] {logging_mixin.py:104} INFO - [2021-06-23 05:46:06,261] {dag.py:2305} INFO - Setting next_dagrun for latest_only_with_trigger to 2021-06-21 00:00:00+00:00
[2021-06-23 05:46:06,290] {scheduler_job.py:190} INFO - Processing /home/airflow/.local/lib/python3.6/site-packages/airflow/example_dags/example_latest_only_with_trigger.py took 0.161 seconds
[2021-06-23 05:46:36,688] {scheduler_job.py:182} INFO - Started process (PID=1257) to work on /home/airflow/.local/lib/python3.6/site-packages/airflow/example_dags/example_latest_only_with_trigger.py
[2021-06-23 05:46:36,696] {scheduler_job.py:633} INFO - Processing file /home/airflow/.local/lib/python3.6/site-packages/airflow/example_dags/example_latest_only_with_trigger.py for tasks to queue
[2021-06-23 05:46:36,697] {logging_mixin.py:104} INFO - [2021-06-23 05:46:36,697] {dagbag.py:487} INFO - Filling up the DagBag from /home/airflow/.local/lib/python3.6/site-packages/airflow/example_dags/example_latest_only_with_trigger.py
[2021-06-23 05:46:36,715] {scheduler_job.py:643} INFO - DAG(s) dict_keys(['latest_only_with_trigger']) retrieved from /home/airflow/.local/lib/python3.6/site-packages/airflow/example_dags/example_latest_only_with_trigger.py
[2021-06-23 05:46:36,759] {logging_mixin.py:104} INFO - [2021-06-23 05:46:36,759] {dag.py:1832} INFO - Sync 1 DAGs
[2021-06-23 05:46:36,780] {logging_mixin.py:104} INFO - [2021-06-23 05:46:36,780] {dag.py:2305} INFO - Setting next_dagrun for latest_only_with_trigger to 2021-06-21 00:00:00+00:00
[2021-06-23 05:46:36,811] {scheduler_job.py:190} INFO - Processing /home/airflow/.local/lib/python3.6/site-packages/airflow/example_dags/example_latest_only_with_trigger.py took 0.131 seconds
[2021-06-23 05:47:07,480] {scheduler_job.py:182} INFO - Started process (PID=1320) to work on /home/airflow/.local/lib/python3.6/site-packages/airflow/example_dags/example_latest_only_with_trigger.py
[2021-06-23 05:47:07,485] {scheduler_job.py:633} INFO - Processing file /home/airflow/.local/lib/python3.6/site-packages/airflow/example_dags/example_latest_only_with_trigger.py for tasks to queue
[2021-06-23 05:47:07,486] {logging_mixin.py:104} INFO - [2021-06-23 05:47:07,485] {dagbag.py:487} INFO - Filling up the DagBag from /home/airflow/.local/lib/python3.6/site-packages/airflow/example_dags/example_latest_only_with_trigger.py
[2021-06-23 05:47:07,518] {scheduler_job.py:643} INFO - DAG(s) dict_keys(['latest_only_with_trigger']) retrieved from /home/airflow/.local/lib/python3.6/site-packages/airflow/example_dags/example_latest_only_with_trigger.py
[2021-06-23 05:47:07,561] {logging_mixin.py:104} INFO - [2021-06-23 05:47:07,561] {dag.py:1832} INFO - Sync 1 DAGs
[2021-06-23 05:47:07,616] {logging_mixin.py:104} INFO - [2021-06-23 05:47:07,616] {dag.py:2305} INFO - Setting next_dagrun for latest_only_with_trigger to 2021-06-21 00:00:00+00:00
[2021-06-23 05:47:07,640] {scheduler_job.py:190} INFO - Processing /home/airflow/.local/lib/python3.6/site-packages/airflow/example_dags/example_latest_only_with_trigger.py took 0.164 seconds
[2021-06-23 05:47:37,734] {scheduler_job.py:182} INFO - Started process (PID=1384) to work on /home/airflow/.local/lib/python3.6/site-packages/airflow/example_dags/example_latest_only_with_trigger.py
[2021-06-23 05:47:37,753] {scheduler_job.py:633} INFO - Processing file /home/airflow/.local/lib/python3.6/site-packages/airflow/example_dags/example_latest_only_with_trigger.py for tasks to queue
[2021-06-23 05:47:37,754] {logging_mixin.py:104} INFO - [2021-06-23 05:47:37,753] {dagbag.py:487} INFO - Filling up the DagBag from /home/airflow/.local/lib/python3.6/site-packages/airflow/example_dags/example_latest_only_with_trigger.py
[2021-06-23 05:47:37,805] {scheduler_job.py:643} INFO - DAG(s) dict_keys(['latest_only_with_trigger']) retrieved from /home/airflow/.local/lib/python3.6/site-packages/airflow/example_dags/example_latest_only_with_trigger.py
[2021-06-23 05:47:37,846] {logging_mixin.py:104} INFO - [2021-06-23 05:47:37,846] {dag.py:1832} INFO - Sync 1 DAGs
[2021-06-23 05:47:37,869] {logging_mixin.py:104} INFO - [2021-06-23 05:47:37,869] {dag.py:2305} INFO - Setting next_dagrun for latest_only_with_trigger to 2021-06-21 00:00:00+00:00
[2021-06-23 05:47:37,896] {scheduler_job.py:190} INFO - Processing /home/airflow/.local/lib/python3.6/site-packages/airflow/example_dags/example_latest_only_with_trigger.py took 0.172 seconds
[2021-06-23 05:48:08,170] {scheduler_job.py:182} INFO - Started process (PID=1455) to work on /home/airflow/.local/lib/python3.6/site-packages/airflow/example_dags/example_latest_only_with_trigger.py
[2021-06-23 05:48:08,172] {scheduler_job.py:633} INFO - Processing file /home/airflow/.local/lib/python3.6/site-packages/airflow/example_dags/example_latest_only_with_trigger.py for tasks to queue
[2021-06-23 05:48:08,179] {logging_mixin.py:104} INFO - [2021-06-23 05:48:08,176] {dagbag.py:487} INFO - Filling up the DagBag from /home/airflow/.local/lib/python3.6/site-packages/airflow/example_dags/example_latest_only_with_trigger.py
[2021-06-23 05:48:08,214] {scheduler_job.py:643} INFO - DAG(s) dict_keys(['latest_only_with_trigger']) retrieved from /home/airflow/.local/lib/python3.6/site-packages/airflow/example_dags/example_latest_only_with_trigger.py
[2021-06-23 05:48:08,341] {logging_mixin.py:104} INFO - [2021-06-23 05:48:08,341] {dag.py:1832} INFO - Sync 1 DAGs
[2021-06-23 05:48:08,407] {logging_mixin.py:104} INFO - [2021-06-23 05:48:08,407] {dag.py:2305} INFO - Setting next_dagrun for latest_only_with_trigger to 2021-06-21 00:00:00+00:00
[2021-06-23 05:48:08,445] {scheduler_job.py:190} INFO - Processing /home/airflow/.local/lib/python3.6/site-packages/airflow/example_dags/example_latest_only_with_trigger.py took 0.292 seconds
[2021-06-23 05:48:38,705] {scheduler_job.py:182} INFO - Started process (PID=1521) to work on /home/airflow/.local/lib/python3.6/site-packages/airflow/example_dags/example_latest_only_with_trigger.py
[2021-06-23 05:48:38,719] {scheduler_job.py:633} INFO - Processing file /home/airflow/.local/lib/python3.6/site-packages/airflow/example_dags/example_latest_only_with_trigger.py for tasks to queue
[2021-06-23 05:48:38,720] {logging_mixin.py:104} INFO - [2021-06-23 05:48:38,720] {dagbag.py:487} INFO - Filling up the DagBag from /home/airflow/.local/lib/python3.6/site-packages/airflow/example_dags/example_latest_only_with_trigger.py
[2021-06-23 05:48:38,795] {scheduler_job.py:643} INFO - DAG(s) dict_keys(['latest_only_with_trigger']) retrieved from /home/airflow/.local/lib/python3.6/site-packages/airflow/example_dags/example_latest_only_with_trigger.py
[2021-06-23 05:48:38,920] {logging_mixin.py:104} INFO - [2021-06-23 05:48:38,920] {dag.py:1832} INFO - Sync 1 DAGs
[2021-06-23 05:48:39,008] {logging_mixin.py:104} INFO - [2021-06-23 05:48:39,008] {dag.py:2305} INFO - Setting next_dagrun for latest_only_with_trigger to 2021-06-21 00:00:00+00:00
[2021-06-23 05:48:39,072] {scheduler_job.py:190} INFO - Processing /home/airflow/.local/lib/python3.6/site-packages/airflow/example_dags/example_latest_only_with_trigger.py took 0.383 seconds
[2021-06-23 05:49:09,119] {scheduler_job.py:182} INFO - Started process (PID=1586) to work on /home/airflow/.local/lib/python3.6/site-packages/airflow/example_dags/example_latest_only_with_trigger.py
[2021-06-23 05:49:09,120] {scheduler_job.py:633} INFO - Processing file /home/airflow/.local/lib/python3.6/site-packages/airflow/example_dags/example_latest_only_with_trigger.py for tasks to queue
[2021-06-23 05:49:09,121] {logging_mixin.py:104} INFO - [2021-06-23 05:49:09,121] {dagbag.py:487} INFO - Filling up the DagBag from /home/airflow/.local/lib/python3.6/site-packages/airflow/example_dags/example_latest_only_with_trigger.py
[2021-06-23 05:49:09,141] {scheduler_job.py:643} INFO - DAG(s) dict_keys(['latest_only_with_trigger']) retrieved from /home/airflow/.local/lib/python3.6/site-packages/airflow/example_dags/example_latest_only_with_trigger.py
[2021-06-23 05:49:09,168] {logging_mixin.py:104} INFO - [2021-06-23 05:49:09,167] {dag.py:1832} INFO - Sync 1 DAGs
[2021-06-23 05:49:09,189] {logging_mixin.py:104} INFO - [2021-06-23 05:49:09,189] {dag.py:2305} INFO - Setting next_dagrun for latest_only_with_trigger to 2021-06-21 00:00:00+00:00
[2021-06-23 05:49:09,202] {scheduler_job.py:190} INFO - Processing /home/airflow/.local/lib/python3.6/site-packages/airflow/example_dags/example_latest_only_with_trigger.py took 0.087 seconds
[2021-06-23 05:49:39,727] {scheduler_job.py:182} INFO - Started process (PID=1648) to work on /home/airflow/.local/lib/python3.6/site-packages/airflow/example_dags/example_latest_only_with_trigger.py
[2021-06-23 05:49:39,736] {scheduler_job.py:633} INFO - Processing file /home/airflow/.local/lib/python3.6/site-packages/airflow/example_dags/example_latest_only_with_trigger.py for tasks to queue
[2021-06-23 05:49:39,737] {logging_mixin.py:104} INFO - [2021-06-23 05:49:39,736] {dagbag.py:487} INFO - Filling up the DagBag from /home/airflow/.local/lib/python3.6/site-packages/airflow/example_dags/example_latest_only_with_trigger.py
[2021-06-23 05:49:39,768] {scheduler_job.py:643} INFO - DAG(s) dict_keys(['latest_only_with_trigger']) retrieved from /home/airflow/.local/lib/python3.6/site-packages/airflow/example_dags/example_latest_only_with_trigger.py
[2021-06-23 05:49:39,854] {logging_mixin.py:104} INFO - [2021-06-23 05:49:39,854] {dag.py:1832} INFO - Sync 1 DAGs
[2021-06-23 05:49:39,893] {logging_mixin.py:104} INFO - [2021-06-23 05:49:39,893] {dag.py:2305} INFO - Setting next_dagrun for latest_only_with_trigger to 2021-06-21 00:00:00+00:00
[2021-06-23 05:49:39,921] {scheduler_job.py:190} INFO - Processing /home/airflow/.local/lib/python3.6/site-packages/airflow/example_dags/example_latest_only_with_trigger.py took 0.214 seconds
[2021-06-23 05:50:10,052] {scheduler_job.py:182} INFO - Started process (PID=1708) to work on /home/airflow/.local/lib/python3.6/site-packages/airflow/example_dags/example_latest_only_with_trigger.py
[2021-06-23 05:50:10,055] {scheduler_job.py:633} INFO - Processing file /home/airflow/.local/lib/python3.6/site-packages/airflow/example_dags/example_latest_only_with_trigger.py for tasks to queue
[2021-06-23 05:50:10,068] {logging_mixin.py:104} INFO - [2021-06-23 05:50:10,056] {dagbag.py:487} INFO - Filling up the DagBag from /home/airflow/.local/lib/python3.6/site-packages/airflow/example_dags/example_latest_only_with_trigger.py
[2021-06-23 05:50:10,133] {scheduler_job.py:643} INFO - DAG(s) dict_keys(['latest_only_with_trigger']) retrieved from /home/airflow/.local/lib/python3.6/site-packages/airflow/example_dags/example_latest_only_with_trigger.py
[2021-06-23 05:50:10,216] {logging_mixin.py:104} INFO - [2021-06-23 05:50:10,215] {dag.py:1832} INFO - Sync 1 DAGs
[2021-06-23 05:50:10,282] {logging_mixin.py:104} INFO - [2021-06-23 05:50:10,282] {dag.py:2305} INFO - Setting next_dagrun for latest_only_with_trigger to 2021-06-21 00:00:00+00:00
[2021-06-23 05:50:10,301] {scheduler_job.py:190} INFO - Processing /home/airflow/.local/lib/python3.6/site-packages/airflow/example_dags/example_latest_only_with_trigger.py took 0.281 seconds
[2021-06-23 05:50:40,689] {scheduler_job.py:182} INFO - Started process (PID=1770) to work on /home/airflow/.local/lib/python3.6/site-packages/airflow/example_dags/example_latest_only_with_trigger.py
[2021-06-23 05:50:40,691] {scheduler_job.py:633} INFO - Processing file /home/airflow/.local/lib/python3.6/site-packages/airflow/example_dags/example_latest_only_with_trigger.py for tasks to queue
[2021-06-23 05:50:40,692] {logging_mixin.py:104} INFO - [2021-06-23 05:50:40,692] {dagbag.py:487} INFO - Filling up the DagBag from /home/airflow/.local/lib/python3.6/site-packages/airflow/example_dags/example_latest_only_with_trigger.py
[2021-06-23 05:50:40,712] {scheduler_job.py:643} INFO - DAG(s) dict_keys(['latest_only_with_trigger']) retrieved from /home/airflow/.local/lib/python3.6/site-packages/airflow/example_dags/example_latest_only_with_trigger.py
[2021-06-23 05:50:40,780] {logging_mixin.py:104} INFO - [2021-06-23 05:50:40,780] {dag.py:1832} INFO - Sync 1 DAGs
[2021-06-23 05:50:40,821] {logging_mixin.py:104} INFO - [2021-06-23 05:50:40,821] {dag.py:2305} INFO - Setting next_dagrun for latest_only_with_trigger to 2021-06-21 00:00:00+00:00
[2021-06-23 05:50:40,844] {scheduler_job.py:190} INFO - Processing /home/airflow/.local/lib/python3.6/site-packages/airflow/example_dags/example_latest_only_with_trigger.py took 0.160 seconds
[2021-06-23 05:51:10,998] {scheduler_job.py:182} INFO - Started process (PID=1842) to work on /home/airflow/.local/lib/python3.6/site-packages/airflow/example_dags/example_latest_only_with_trigger.py
[2021-06-23 05:51:10,999] {scheduler_job.py:633} INFO - Processing file /home/airflow/.local/lib/python3.6/site-packages/airflow/example_dags/example_latest_only_with_trigger.py for tasks to queue
[2021-06-23 05:51:11,001] {logging_mixin.py:104} INFO - [2021-06-23 05:51:11,000] {dagbag.py:487} INFO - Filling up the DagBag from /home/airflow/.local/lib/python3.6/site-packages/airflow/example_dags/example_latest_only_with_trigger.py
[2021-06-23 05:51:11,046] {scheduler_job.py:643} INFO - DAG(s) dict_keys(['latest_only_with_trigger']) retrieved from /home/airflow/.local/lib/python3.6/site-packages/airflow/example_dags/example_latest_only_with_trigger.py
[2021-06-23 05:51:11,110] {logging_mixin.py:104} INFO - [2021-06-23 05:51:11,109] {dag.py:1832} INFO - Sync 1 DAGs
[2021-06-23 05:51:11,149] {logging_mixin.py:104} INFO - [2021-06-23 05:51:11,148] {dag.py:2305} INFO - Setting next_dagrun for latest_only_with_trigger to 2021-06-21 00:00:00+00:00
[2021-06-23 05:51:11,173] {scheduler_job.py:190} INFO - Processing /home/airflow/.local/lib/python3.6/site-packages/airflow/example_dags/example_latest_only_with_trigger.py took 0.180 seconds
[2021-06-23 05:51:41,683] {scheduler_job.py:182} INFO - Started process (PID=1910) to work on /home/airflow/.local/lib/python3.6/site-packages/airflow/example_dags/example_latest_only_with_trigger.py
[2021-06-23 05:51:41,685] {scheduler_job.py:633} INFO - Processing file /home/airflow/.local/lib/python3.6/site-packages/airflow/example_dags/example_latest_only_with_trigger.py for tasks to queue
[2021-06-23 05:51:41,687] {logging_mixin.py:104} INFO - [2021-06-23 05:51:41,687] {dagbag.py:487} INFO - Filling up the DagBag from /home/airflow/.local/lib/python3.6/site-packages/airflow/example_dags/example_latest_only_with_trigger.py
[2021-06-23 05:51:41,710] {scheduler_job.py:643} INFO - DAG(s) dict_keys(['latest_only_with_trigger']) retrieved from /home/airflow/.local/lib/python3.6/site-packages/airflow/example_dags/example_latest_only_with_trigger.py
[2021-06-23 05:51:41,749] {logging_mixin.py:104} INFO - [2021-06-23 05:51:41,749] {dag.py:1832} INFO - Sync 1 DAGs
[2021-06-23 05:51:41,775] {logging_mixin.py:104} INFO - [2021-06-23 05:51:41,773] {dag.py:2305} INFO - Setting next_dagrun for latest_only_with_trigger to 2021-06-21 00:00:00+00:00
[2021-06-23 05:51:41,797] {scheduler_job.py:190} INFO - Processing /home/airflow/.local/lib/python3.6/site-packages/airflow/example_dags/example_latest_only_with_trigger.py took 0.118 seconds
[2021-06-23 05:52:12,285] {scheduler_job.py:182} INFO - Started process (PID=1974) to work on /home/airflow/.local/lib/python3.6/site-packages/airflow/example_dags/example_latest_only_with_trigger.py
[2021-06-23 05:52:12,289] {scheduler_job.py:633} INFO - Processing file /home/airflow/.local/lib/python3.6/site-packages/airflow/example_dags/example_latest_only_with_trigger.py for tasks to queue
[2021-06-23 05:52:12,290] {logging_mixin.py:104} INFO - [2021-06-23 05:52:12,290] {dagbag.py:487} INFO - Filling up the DagBag from /home/airflow/.local/lib/python3.6/site-packages/airflow/example_dags/example_latest_only_with_trigger.py
[2021-06-23 05:52:12,314] {scheduler_job.py:643} INFO - DAG(s) dict_keys(['latest_only_with_trigger']) retrieved from /home/airflow/.local/lib/python3.6/site-packages/airflow/example_dags/example_latest_only_with_trigger.py
[2021-06-23 05:52:12,365] {logging_mixin.py:104} INFO - [2021-06-23 05:52:12,365] {dag.py:1832} INFO - Sync 1 DAGs
[2021-06-23 05:52:12,396] {logging_mixin.py:104} INFO - [2021-06-23 05:52:12,395] {dag.py:2305} INFO - Setting next_dagrun for latest_only_with_trigger to 2021-06-21 00:00:00+00:00
[2021-06-23 05:52:12,416] {scheduler_job.py:190} INFO - Processing /home/airflow/.local/lib/python3.6/site-packages/airflow/example_dags/example_latest_only_with_trigger.py took 0.141 seconds
[2021-06-23 05:52:43,104] {scheduler_job.py:182} INFO - Started process (PID=2039) to work on /home/airflow/.local/lib/python3.6/site-packages/airflow/example_dags/example_latest_only_with_trigger.py
[2021-06-23 05:52:43,117] {scheduler_job.py:633} INFO - Processing file /home/airflow/.local/lib/python3.6/site-packages/airflow/example_dags/example_latest_only_with_trigger.py for tasks to queue
[2021-06-23 05:52:43,129] {logging_mixin.py:104} INFO - [2021-06-23 05:52:43,129] {dagbag.py:487} INFO - Filling up the DagBag from /home/airflow/.local/lib/python3.6/site-packages/airflow/example_dags/example_latest_only_with_trigger.py
[2021-06-23 05:52:43,198] {scheduler_job.py:643} INFO - DAG(s) dict_keys(['latest_only_with_trigger']) retrieved from /home/airflow/.local/lib/python3.6/site-packages/airflow/example_dags/example_latest_only_with_trigger.py
[2021-06-23 05:52:43,291] {logging_mixin.py:104} INFO - [2021-06-23 05:52:43,291] {dag.py:1832} INFO - Sync 1 DAGs
[2021-06-23 05:52:43,364] {logging_mixin.py:104} INFO - [2021-06-23 05:52:43,357] {dag.py:2305} INFO - Setting next_dagrun for latest_only_with_trigger to 2021-06-21 00:00:00+00:00
[2021-06-23 05:52:43,421] {scheduler_job.py:190} INFO - Processing /home/airflow/.local/lib/python3.6/site-packages/airflow/example_dags/example_latest_only_with_trigger.py took 0.347 seconds
[2021-06-23 05:53:13,543] {scheduler_job.py:182} INFO - Started process (PID=2101) to work on /home/airflow/.local/lib/python3.6/site-packages/airflow/example_dags/example_latest_only_with_trigger.py
[2021-06-23 05:53:13,544] {scheduler_job.py:633} INFO - Processing file /home/airflow/.local/lib/python3.6/site-packages/airflow/example_dags/example_latest_only_with_trigger.py for tasks to queue
[2021-06-23 05:53:13,545] {logging_mixin.py:104} INFO - [2021-06-23 05:53:13,545] {dagbag.py:487} INFO - Filling up the DagBag from /home/airflow/.local/lib/python3.6/site-packages/airflow/example_dags/example_latest_only_with_trigger.py
[2021-06-23 05:53:13,563] {scheduler_job.py:643} INFO - DAG(s) dict_keys(['latest_only_with_trigger']) retrieved from /home/airflow/.local/lib/python3.6/site-packages/airflow/example_dags/example_latest_only_with_trigger.py
[2021-06-23 05:53:13,601] {logging_mixin.py:104} INFO - [2021-06-23 05:53:13,601] {dag.py:1832} INFO - Sync 1 DAGs
[2021-06-23 05:53:13,624] {logging_mixin.py:104} INFO - [2021-06-23 05:53:13,624] {dag.py:2305} INFO - Setting next_dagrun for latest_only_with_trigger to 2021-06-21 00:00:00+00:00
[2021-06-23 05:53:13,648] {scheduler_job.py:190} INFO - Processing /home/airflow/.local/lib/python3.6/site-packages/airflow/example_dags/example_latest_only_with_trigger.py took 0.109 seconds
[2021-06-23 05:53:44,181] {scheduler_job.py:182} INFO - Started process (PID=2162) to work on /home/airflow/.local/lib/python3.6/site-packages/airflow/example_dags/example_latest_only_with_trigger.py
[2021-06-23 05:53:44,195] {scheduler_job.py:633} INFO - Processing file /home/airflow/.local/lib/python3.6/site-packages/airflow/example_dags/example_latest_only_with_trigger.py for tasks to queue
[2021-06-23 05:53:44,196] {logging_mixin.py:104} INFO - [2021-06-23 05:53:44,196] {dagbag.py:487} INFO - Filling up the DagBag from /home/airflow/.local/lib/python3.6/site-packages/airflow/example_dags/example_latest_only_with_trigger.py
[2021-06-23 05:53:44,229] {scheduler_job.py:643} INFO - DAG(s) dict_keys(['latest_only_with_trigger']) retrieved from /home/airflow/.local/lib/python3.6/site-packages/airflow/example_dags/example_latest_only_with_trigger.py
[2021-06-23 05:53:44,295] {logging_mixin.py:104} INFO - [2021-06-23 05:53:44,294] {dag.py:1832} INFO - Sync 1 DAGs
[2021-06-23 05:53:44,327] {logging_mixin.py:104} INFO - [2021-06-23 05:53:44,326] {dag.py:2305} INFO - Setting next_dagrun for latest_only_with_trigger to 2021-06-21 00:00:00+00:00
[2021-06-23 05:53:44,349] {scheduler_job.py:190} INFO - Processing /home/airflow/.local/lib/python3.6/site-packages/airflow/example_dags/example_latest_only_with_trigger.py took 0.173 seconds
[2021-06-23 05:54:15,377] {scheduler_job.py:182} INFO - Started process (PID=2225) to work on /home/airflow/.local/lib/python3.6/site-packages/airflow/example_dags/example_latest_only_with_trigger.py
[2021-06-23 05:54:15,392] {scheduler_job.py:633} INFO - Processing file /home/airflow/.local/lib/python3.6/site-packages/airflow/example_dags/example_latest_only_with_trigger.py for tasks to queue
[2021-06-23 05:54:15,397] {logging_mixin.py:104} INFO - [2021-06-23 05:54:15,397] {dagbag.py:487} INFO - Filling up the DagBag from /home/airflow/.local/lib/python3.6/site-packages/airflow/example_dags/example_latest_only_with_trigger.py
[2021-06-23 05:54:15,445] {scheduler_job.py:643} INFO - DAG(s) dict_keys(['latest_only_with_trigger']) retrieved from /home/airflow/.local/lib/python3.6/site-packages/airflow/example_dags/example_latest_only_with_trigger.py
[2021-06-23 05:54:15,518] {logging_mixin.py:104} INFO - [2021-06-23 05:54:15,518] {dag.py:1832} INFO - Sync 1 DAGs
[2021-06-23 05:54:15,626] {logging_mixin.py:104} INFO - [2021-06-23 05:54:15,625] {dag.py:2305} INFO - Setting next_dagrun for latest_only_with_trigger to 2021-06-21 00:00:00+00:00
[2021-06-23 05:54:15,740] {scheduler_job.py:190} INFO - Processing /home/airflow/.local/lib/python3.6/site-packages/airflow/example_dags/example_latest_only_with_trigger.py took 0.376 seconds
[2021-06-23 05:54:45,829] {scheduler_job.py:182} INFO - Started process (PID=2304) to work on /home/airflow/.local/lib/python3.6/site-packages/airflow/example_dags/example_latest_only_with_trigger.py
[2021-06-23 05:54:45,899] {scheduler_job.py:633} INFO - Processing file /home/airflow/.local/lib/python3.6/site-packages/airflow/example_dags/example_latest_only_with_trigger.py for tasks to queue
[2021-06-23 05:54:45,900] {logging_mixin.py:104} INFO - [2021-06-23 05:54:45,900] {dagbag.py:487} INFO - Filling up the DagBag from /home/airflow/.local/lib/python3.6/site-packages/airflow/example_dags/example_latest_only_with_trigger.py
[2021-06-23 05:54:45,976] {scheduler_job.py:643} INFO - DAG(s) dict_keys(['latest_only_with_trigger']) retrieved from /home/airflow/.local/lib/python3.6/site-packages/airflow/example_dags/example_latest_only_with_trigger.py
[2021-06-23 05:54:46,077] {logging_mixin.py:104} INFO - [2021-06-23 05:54:46,077] {dag.py:1832} INFO - Sync 1 DAGs
[2021-06-23 05:54:46,108] {logging_mixin.py:104} INFO - [2021-06-23 05:54:46,108] {dag.py:2305} INFO - Setting next_dagrun for latest_only_with_trigger to 2021-06-21 00:00:00+00:00
[2021-06-23 05:54:46,140] {scheduler_job.py:190} INFO - Processing /home/airflow/.local/lib/python3.6/site-packages/airflow/example_dags/example_latest_only_with_trigger.py took 0.318 seconds
[2021-06-23 05:55:16,200] {scheduler_job.py:182} INFO - Started process (PID=2367) to work on /home/airflow/.local/lib/python3.6/site-packages/airflow/example_dags/example_latest_only_with_trigger.py
[2021-06-23 05:55:16,210] {scheduler_job.py:633} INFO - Processing file /home/airflow/.local/lib/python3.6/site-packages/airflow/example_dags/example_latest_only_with_trigger.py for tasks to queue
[2021-06-23 05:55:16,211] {logging_mixin.py:104} INFO - [2021-06-23 05:55:16,211] {dagbag.py:487} INFO - Filling up the DagBag from /home/airflow/.local/lib/python3.6/site-packages/airflow/example_dags/example_latest_only_with_trigger.py
[2021-06-23 05:55:16,236] {scheduler_job.py:643} INFO - DAG(s) dict_keys(['latest_only_with_trigger']) retrieved from /home/airflow/.local/lib/python3.6/site-packages/airflow/example_dags/example_latest_only_with_trigger.py
[2021-06-23 05:55:16,323] {logging_mixin.py:104} INFO - [2021-06-23 05:55:16,322] {dag.py:1832} INFO - Sync 1 DAGs
[2021-06-23 05:55:16,362] {logging_mixin.py:104} INFO - [2021-06-23 05:55:16,362] {dag.py:2305} INFO - Setting next_dagrun for latest_only_with_trigger to 2021-06-21 00:00:00+00:00
[2021-06-23 05:55:16,390] {scheduler_job.py:190} INFO - Processing /home/airflow/.local/lib/python3.6/site-packages/airflow/example_dags/example_latest_only_with_trigger.py took 0.195 seconds
[2021-06-23 05:55:47,306] {scheduler_job.py:182} INFO - Started process (PID=2429) to work on /home/airflow/.local/lib/python3.6/site-packages/airflow/example_dags/example_latest_only_with_trigger.py
[2021-06-23 05:55:47,310] {scheduler_job.py:633} INFO - Processing file /home/airflow/.local/lib/python3.6/site-packages/airflow/example_dags/example_latest_only_with_trigger.py for tasks to queue
[2021-06-23 05:55:47,311] {logging_mixin.py:104} INFO - [2021-06-23 05:55:47,311] {dagbag.py:487} INFO - Filling up the DagBag from /home/airflow/.local/lib/python3.6/site-packages/airflow/example_dags/example_latest_only_with_trigger.py
[2021-06-23 05:55:47,378] {scheduler_job.py:643} INFO - DAG(s) dict_keys(['latest_only_with_trigger']) retrieved from /home/airflow/.local/lib/python3.6/site-packages/airflow/example_dags/example_latest_only_with_trigger.py
[2021-06-23 05:55:47,465] {logging_mixin.py:104} INFO - [2021-06-23 05:55:47,465] {dag.py:1832} INFO - Sync 1 DAGs
[2021-06-23 05:55:47,589] {logging_mixin.py:104} INFO - [2021-06-23 05:55:47,589] {dag.py:2305} INFO - Setting next_dagrun for latest_only_with_trigger to 2021-06-21 00:00:00+00:00
[2021-06-23 05:55:47,685] {scheduler_job.py:190} INFO - Processing /home/airflow/.local/lib/python3.6/site-packages/airflow/example_dags/example_latest_only_with_trigger.py took 0.396 seconds
[2021-06-23 05:56:17,901] {scheduler_job.py:182} INFO - Started process (PID=2490) to work on /home/airflow/.local/lib/python3.6/site-packages/airflow/example_dags/example_latest_only_with_trigger.py
[2021-06-23 05:56:17,903] {scheduler_job.py:633} INFO - Processing file /home/airflow/.local/lib/python3.6/site-packages/airflow/example_dags/example_latest_only_with_trigger.py for tasks to queue
[2021-06-23 05:56:17,907] {logging_mixin.py:104} INFO - [2021-06-23 05:56:17,905] {dagbag.py:487} INFO - Filling up the DagBag from /home/airflow/.local/lib/python3.6/site-packages/airflow/example_dags/example_latest_only_with_trigger.py
[2021-06-23 05:56:17,933] {scheduler_job.py:643} INFO - DAG(s) dict_keys(['latest_only_with_trigger']) retrieved from /home/airflow/.local/lib/python3.6/site-packages/airflow/example_dags/example_latest_only_with_trigger.py
[2021-06-23 05:56:17,971] {logging_mixin.py:104} INFO - [2021-06-23 05:56:17,971] {dag.py:1832} INFO - Sync 1 DAGs
[2021-06-23 05:56:17,998] {logging_mixin.py:104} INFO - [2021-06-23 05:56:17,998] {dag.py:2305} INFO - Setting next_dagrun for latest_only_with_trigger to 2021-06-21 00:00:00+00:00
[2021-06-23 05:56:18,022] {scheduler_job.py:190} INFO - Processing /home/airflow/.local/lib/python3.6/site-packages/airflow/example_dags/example_latest_only_with_trigger.py took 0.126 seconds
[2021-06-23 05:56:48,517] {scheduler_job.py:182} INFO - Started process (PID=2567) to work on /home/airflow/.local/lib/python3.6/site-packages/airflow/example_dags/example_latest_only_with_trigger.py
[2021-06-23 05:56:48,521] {scheduler_job.py:633} INFO - Processing file /home/airflow/.local/lib/python3.6/site-packages/airflow/example_dags/example_latest_only_with_trigger.py for tasks to queue
[2021-06-23 05:56:48,522] {logging_mixin.py:104} INFO - [2021-06-23 05:56:48,522] {dagbag.py:487} INFO - Filling up the DagBag from /home/airflow/.local/lib/python3.6/site-packages/airflow/example_dags/example_latest_only_with_trigger.py
[2021-06-23 05:56:48,556] {scheduler_job.py:643} INFO - DAG(s) dict_keys(['latest_only_with_trigger']) retrieved from /home/airflow/.local/lib/python3.6/site-packages/airflow/example_dags/example_latest_only_with_trigger.py
[2021-06-23 05:56:48,678] {logging_mixin.py:104} INFO - [2021-06-23 05:56:48,677] {dag.py:1832} INFO - Sync 1 DAGs
[2021-06-23 05:56:48,740] {logging_mixin.py:104} INFO - [2021-06-23 05:56:48,740] {dag.py:2305} INFO - Setting next_dagrun for latest_only_with_trigger to 2021-06-21 00:00:00+00:00
[2021-06-23 05:56:48,778] {scheduler_job.py:190} INFO - Processing /home/airflow/.local/lib/python3.6/site-packages/airflow/example_dags/example_latest_only_with_trigger.py took 0.272 seconds
[2021-06-23 05:57:21,622] {scheduler_job.py:182} INFO - Started process (PID=2629) to work on /home/airflow/.local/lib/python3.6/site-packages/airflow/example_dags/example_latest_only_with_trigger.py
[2021-06-23 05:57:21,623] {scheduler_job.py:633} INFO - Processing file /home/airflow/.local/lib/python3.6/site-packages/airflow/example_dags/example_latest_only_with_trigger.py for tasks to queue
[2021-06-23 05:57:21,628] {logging_mixin.py:104} INFO - [2021-06-23 05:57:21,628] {dagbag.py:487} INFO - Filling up the DagBag from /home/airflow/.local/lib/python3.6/site-packages/airflow/example_dags/example_latest_only_with_trigger.py
[2021-06-23 05:57:21,676] {scheduler_job.py:643} INFO - DAG(s) dict_keys(['latest_only_with_trigger']) retrieved from /home/airflow/.local/lib/python3.6/site-packages/airflow/example_dags/example_latest_only_with_trigger.py
[2021-06-23 05:57:21,867] {logging_mixin.py:104} INFO - [2021-06-23 05:57:21,867] {dag.py:1832} INFO - Sync 1 DAGs
[2021-06-23 05:57:21,949] {logging_mixin.py:104} INFO - [2021-06-23 05:57:21,949] {dag.py:2305} INFO - Setting next_dagrun for latest_only_with_trigger to 2021-06-21 00:00:00+00:00
[2021-06-23 05:57:22,016] {scheduler_job.py:190} INFO - Processing /home/airflow/.local/lib/python3.6/site-packages/airflow/example_dags/example_latest_only_with_trigger.py took 0.406 seconds
[2021-06-23 05:57:52,817] {scheduler_job.py:182} INFO - Started process (PID=2694) to work on /home/airflow/.local/lib/python3.6/site-packages/airflow/example_dags/example_latest_only_with_trigger.py
[2021-06-23 05:57:52,820] {scheduler_job.py:633} INFO - Processing file /home/airflow/.local/lib/python3.6/site-packages/airflow/example_dags/example_latest_only_with_trigger.py for tasks to queue
[2021-06-23 05:57:52,831] {logging_mixin.py:104} INFO - [2021-06-23 05:57:52,831] {dagbag.py:487} INFO - Filling up the DagBag from /home/airflow/.local/lib/python3.6/site-packages/airflow/example_dags/example_latest_only_with_trigger.py
[2021-06-23 05:57:52,868] {scheduler_job.py:643} INFO - DAG(s) dict_keys(['latest_only_with_trigger']) retrieved from /home/airflow/.local/lib/python3.6/site-packages/airflow/example_dags/example_latest_only_with_trigger.py
[2021-06-23 05:57:52,972] {logging_mixin.py:104} INFO - [2021-06-23 05:57:52,972] {dag.py:1832} INFO - Sync 1 DAGs
[2021-06-23 05:57:53,014] {logging_mixin.py:104} INFO - [2021-06-23 05:57:53,014] {dag.py:2305} INFO - Setting next_dagrun for latest_only_with_trigger to 2021-06-21 00:00:00+00:00
[2021-06-23 05:57:53,052] {scheduler_job.py:190} INFO - Processing /home/airflow/.local/lib/python3.6/site-packages/airflow/example_dags/example_latest_only_with_trigger.py took 0.247 seconds
[2021-06-23 05:58:23,363] {scheduler_job.py:182} INFO - Started process (PID=2757) to work on /home/airflow/.local/lib/python3.6/site-packages/airflow/example_dags/example_latest_only_with_trigger.py
[2021-06-23 05:58:23,365] {scheduler_job.py:633} INFO - Processing file /home/airflow/.local/lib/python3.6/site-packages/airflow/example_dags/example_latest_only_with_trigger.py for tasks to queue
[2021-06-23 05:58:23,366] {logging_mixin.py:104} INFO - [2021-06-23 05:58:23,366] {dagbag.py:487} INFO - Filling up the DagBag from /home/airflow/.local/lib/python3.6/site-packages/airflow/example_dags/example_latest_only_with_trigger.py
[2021-06-23 05:58:23,385] {scheduler_job.py:643} INFO - DAG(s) dict_keys(['latest_only_with_trigger']) retrieved from /home/airflow/.local/lib/python3.6/site-packages/airflow/example_dags/example_latest_only_with_trigger.py
[2021-06-23 05:58:23,429] {logging_mixin.py:104} INFO - [2021-06-23 05:58:23,429] {dag.py:1832} INFO - Sync 1 DAGs
[2021-06-23 05:58:23,454] {logging_mixin.py:104} INFO - [2021-06-23 05:58:23,454] {dag.py:2305} INFO - Setting next_dagrun for latest_only_with_trigger to 2021-06-21 00:00:00+00:00
[2021-06-23 05:58:23,492] {scheduler_job.py:190} INFO - Processing /home/airflow/.local/lib/python3.6/site-packages/airflow/example_dags/example_latest_only_with_trigger.py took 0.133 seconds
[2021-06-23 05:58:53,728] {scheduler_job.py:182} INFO - Started process (PID=2822) to work on /home/airflow/.local/lib/python3.6/site-packages/airflow/example_dags/example_latest_only_with_trigger.py
[2021-06-23 05:58:53,738] {scheduler_job.py:633} INFO - Processing file /home/airflow/.local/lib/python3.6/site-packages/airflow/example_dags/example_latest_only_with_trigger.py for tasks to queue
[2021-06-23 05:58:53,739] {logging_mixin.py:104} INFO - [2021-06-23 05:58:53,739] {dagbag.py:487} INFO - Filling up the DagBag from /home/airflow/.local/lib/python3.6/site-packages/airflow/example_dags/example_latest_only_with_trigger.py
[2021-06-23 05:58:53,777] {scheduler_job.py:643} INFO - DAG(s) dict_keys(['latest_only_with_trigger']) retrieved from /home/airflow/.local/lib/python3.6/site-packages/airflow/example_dags/example_latest_only_with_trigger.py
[2021-06-23 05:58:53,838] {logging_mixin.py:104} INFO - [2021-06-23 05:58:53,838] {dag.py:1832} INFO - Sync 1 DAGs
[2021-06-23 05:58:53,876] {logging_mixin.py:104} INFO - [2021-06-23 05:58:53,875] {dag.py:2305} INFO - Setting next_dagrun for latest_only_with_trigger to 2021-06-21 00:00:00+00:00
[2021-06-23 05:58:53,914] {scheduler_job.py:190} INFO - Processing /home/airflow/.local/lib/python3.6/site-packages/airflow/example_dags/example_latest_only_with_trigger.py took 0.191 seconds
[2021-06-23 05:59:24,447] {scheduler_job.py:182} INFO - Started process (PID=2886) to work on /home/airflow/.local/lib/python3.6/site-packages/airflow/example_dags/example_latest_only_with_trigger.py
[2021-06-23 05:59:24,449] {scheduler_job.py:633} INFO - Processing file /home/airflow/.local/lib/python3.6/site-packages/airflow/example_dags/example_latest_only_with_trigger.py for tasks to queue
[2021-06-23 05:59:24,450] {logging_mixin.py:104} INFO - [2021-06-23 05:59:24,450] {dagbag.py:487} INFO - Filling up the DagBag from /home/airflow/.local/lib/python3.6/site-packages/airflow/example_dags/example_latest_only_with_trigger.py
[2021-06-23 05:59:24,465] {scheduler_job.py:643} INFO - DAG(s) dict_keys(['latest_only_with_trigger']) retrieved from /home/airflow/.local/lib/python3.6/site-packages/airflow/example_dags/example_latest_only_with_trigger.py
[2021-06-23 05:59:24,488] {logging_mixin.py:104} INFO - [2021-06-23 05:59:24,488] {dag.py:1832} INFO - Sync 1 DAGs
[2021-06-23 05:59:24,508] {logging_mixin.py:104} INFO - [2021-06-23 05:59:24,508] {dag.py:2305} INFO - Setting next_dagrun for latest_only_with_trigger to 2021-06-21 00:00:00+00:00
[2021-06-23 05:59:24,519] {scheduler_job.py:190} INFO - Processing /home/airflow/.local/lib/python3.6/site-packages/airflow/example_dags/example_latest_only_with_trigger.py took 0.076 seconds
[2021-06-23 05:59:54,560] {scheduler_job.py:182} INFO - Started process (PID=2950) to work on /home/airflow/.local/lib/python3.6/site-packages/airflow/example_dags/example_latest_only_with_trigger.py
[2021-06-23 05:59:54,561] {scheduler_job.py:633} INFO - Processing file /home/airflow/.local/lib/python3.6/site-packages/airflow/example_dags/example_latest_only_with_trigger.py for tasks to queue
[2021-06-23 05:59:54,562] {logging_mixin.py:104} INFO - [2021-06-23 05:59:54,562] {dagbag.py:487} INFO - Filling up the DagBag from /home/airflow/.local/lib/python3.6/site-packages/airflow/example_dags/example_latest_only_with_trigger.py
[2021-06-23 05:59:54,580] {scheduler_job.py:643} INFO - DAG(s) dict_keys(['latest_only_with_trigger']) retrieved from /home/airflow/.local/lib/python3.6/site-packages/airflow/example_dags/example_latest_only_with_trigger.py
[2021-06-23 05:59:54,606] {logging_mixin.py:104} INFO - [2021-06-23 05:59:54,606] {dag.py:1832} INFO - Sync 1 DAGs
[2021-06-23 05:59:54,628] {logging_mixin.py:104} INFO - [2021-06-23 05:59:54,628] {dag.py:2305} INFO - Setting next_dagrun for latest_only_with_trigger to 2021-06-21 00:00:00+00:00
[2021-06-23 05:59:54,648] {scheduler_job.py:190} INFO - Processing /home/airflow/.local/lib/python3.6/site-packages/airflow/example_dags/example_latest_only_with_trigger.py took 0.092 seconds
[2021-06-23 06:00:24,952] {scheduler_job.py:182} INFO - Started process (PID=3011) to work on /home/airflow/.local/lib/python3.6/site-packages/airflow/example_dags/example_latest_only_with_trigger.py
[2021-06-23 06:00:24,954] {scheduler_job.py:633} INFO - Processing file /home/airflow/.local/lib/python3.6/site-packages/airflow/example_dags/example_latest_only_with_trigger.py for tasks to queue
[2021-06-23 06:00:24,956] {logging_mixin.py:104} INFO - [2021-06-23 06:00:24,955] {dagbag.py:487} INFO - Filling up the DagBag from /home/airflow/.local/lib/python3.6/site-packages/airflow/example_dags/example_latest_only_with_trigger.py
[2021-06-23 06:00:24,978] {scheduler_job.py:643} INFO - DAG(s) dict_keys(['latest_only_with_trigger']) retrieved from /home/airflow/.local/lib/python3.6/site-packages/airflow/example_dags/example_latest_only_with_trigger.py
[2021-06-23 06:00:25,019] {logging_mixin.py:104} INFO - [2021-06-23 06:00:25,019] {dag.py:1832} INFO - Sync 1 DAGs
[2021-06-23 06:00:25,069] {logging_mixin.py:104} INFO - [2021-06-23 06:00:25,069] {dag.py:2305} INFO - Setting next_dagrun for latest_only_with_trigger to 2021-06-21 00:00:00+00:00
[2021-06-23 06:00:25,097] {scheduler_job.py:190} INFO - Processing /home/airflow/.local/lib/python3.6/site-packages/airflow/example_dags/example_latest_only_with_trigger.py took 0.150 seconds
