[2021-06-23 05:37:20,378] {scheduler_job.py:182} INFO - Started process (PID=82) to work on /home/airflow/.local/lib/python3.6/site-packages/airflow/example_dags/example_branch_python_dop_operator_3.py
[2021-06-23 05:37:20,400] {scheduler_job.py:633} INFO - Processing file /home/airflow/.local/lib/python3.6/site-packages/airflow/example_dags/example_branch_python_dop_operator_3.py for tasks to queue
[2021-06-23 05:37:20,401] {logging_mixin.py:104} INFO - [2021-06-23 05:37:20,400] {dagbag.py:487} INFO - Filling up the DagBag from /home/airflow/.local/lib/python3.6/site-packages/airflow/example_dags/example_branch_python_dop_operator_3.py
[2021-06-23 05:37:20,467] {scheduler_job.py:643} INFO - DAG(s) dict_keys(['example_branch_dop_operator_v3']) retrieved from /home/airflow/.local/lib/python3.6/site-packages/airflow/example_dags/example_branch_python_dop_operator_3.py
[2021-06-23 05:37:21,333] {logging_mixin.py:104} INFO - [2021-06-23 05:37:21,333] {dag.py:1832} INFO - Sync 1 DAGs
[2021-06-23 05:37:21,394] {logging_mixin.py:104} INFO - [2021-06-23 05:37:21,394] {dag.py:2305} INFO - Setting next_dagrun for example_branch_dop_operator_v3 to 2021-06-21 00:00:00+00:00
[2021-06-23 05:37:21,509] {scheduler_job.py:190} INFO - Processing /home/airflow/.local/lib/python3.6/site-packages/airflow/example_dags/example_branch_python_dop_operator_3.py took 1.136 seconds
[2021-06-23 05:37:51,621] {scheduler_job.py:182} INFO - Started process (PID=145) to work on /home/airflow/.local/lib/python3.6/site-packages/airflow/example_dags/example_branch_python_dop_operator_3.py
[2021-06-23 05:37:51,624] {scheduler_job.py:633} INFO - Processing file /home/airflow/.local/lib/python3.6/site-packages/airflow/example_dags/example_branch_python_dop_operator_3.py for tasks to queue
[2021-06-23 05:37:51,625] {logging_mixin.py:104} INFO - [2021-06-23 05:37:51,624] {dagbag.py:487} INFO - Filling up the DagBag from /home/airflow/.local/lib/python3.6/site-packages/airflow/example_dags/example_branch_python_dop_operator_3.py
[2021-06-23 05:37:51,667] {scheduler_job.py:643} INFO - DAG(s) dict_keys(['example_branch_dop_operator_v3']) retrieved from /home/airflow/.local/lib/python3.6/site-packages/airflow/example_dags/example_branch_python_dop_operator_3.py
[2021-06-23 05:37:51,770] {logging_mixin.py:104} INFO - [2021-06-23 05:37:51,769] {dag.py:1832} INFO - Sync 1 DAGs
[2021-06-23 05:37:51,871] {logging_mixin.py:104} INFO - [2021-06-23 05:37:51,871] {dag.py:2305} INFO - Setting next_dagrun for example_branch_dop_operator_v3 to 2021-06-21 00:00:00+00:00
[2021-06-23 05:37:51,919] {scheduler_job.py:190} INFO - Processing /home/airflow/.local/lib/python3.6/site-packages/airflow/example_dags/example_branch_python_dop_operator_3.py took 0.313 seconds
[2021-06-23 05:38:22,252] {scheduler_job.py:182} INFO - Started process (PID=205) to work on /home/airflow/.local/lib/python3.6/site-packages/airflow/example_dags/example_branch_python_dop_operator_3.py
[2021-06-23 05:38:22,256] {scheduler_job.py:633} INFO - Processing file /home/airflow/.local/lib/python3.6/site-packages/airflow/example_dags/example_branch_python_dop_operator_3.py for tasks to queue
[2021-06-23 05:38:22,258] {logging_mixin.py:104} INFO - [2021-06-23 05:38:22,257] {dagbag.py:487} INFO - Filling up the DagBag from /home/airflow/.local/lib/python3.6/site-packages/airflow/example_dags/example_branch_python_dop_operator_3.py
[2021-06-23 05:38:22,294] {scheduler_job.py:643} INFO - DAG(s) dict_keys(['example_branch_dop_operator_v3']) retrieved from /home/airflow/.local/lib/python3.6/site-packages/airflow/example_dags/example_branch_python_dop_operator_3.py
[2021-06-23 05:38:22,362] {logging_mixin.py:104} INFO - [2021-06-23 05:38:22,362] {dag.py:1832} INFO - Sync 1 DAGs
[2021-06-23 05:38:22,465] {logging_mixin.py:104} INFO - [2021-06-23 05:38:22,465] {dag.py:2305} INFO - Setting next_dagrun for example_branch_dop_operator_v3 to 2021-06-21 00:00:00+00:00
[2021-06-23 05:38:22,520] {scheduler_job.py:190} INFO - Processing /home/airflow/.local/lib/python3.6/site-packages/airflow/example_dags/example_branch_python_dop_operator_3.py took 0.277 seconds
[2021-06-23 05:38:52,986] {scheduler_job.py:182} INFO - Started process (PID=270) to work on /home/airflow/.local/lib/python3.6/site-packages/airflow/example_dags/example_branch_python_dop_operator_3.py
[2021-06-23 05:38:52,988] {scheduler_job.py:633} INFO - Processing file /home/airflow/.local/lib/python3.6/site-packages/airflow/example_dags/example_branch_python_dop_operator_3.py for tasks to queue
[2021-06-23 05:38:52,992] {logging_mixin.py:104} INFO - [2021-06-23 05:38:52,991] {dagbag.py:487} INFO - Filling up the DagBag from /home/airflow/.local/lib/python3.6/site-packages/airflow/example_dags/example_branch_python_dop_operator_3.py
[2021-06-23 05:38:53,013] {scheduler_job.py:643} INFO - DAG(s) dict_keys(['example_branch_dop_operator_v3']) retrieved from /home/airflow/.local/lib/python3.6/site-packages/airflow/example_dags/example_branch_python_dop_operator_3.py
[2021-06-23 05:38:53,059] {logging_mixin.py:104} INFO - [2021-06-23 05:38:53,059] {dag.py:1832} INFO - Sync 1 DAGs
[2021-06-23 05:38:53,102] {logging_mixin.py:104} INFO - [2021-06-23 05:38:53,102] {dag.py:2305} INFO - Setting next_dagrun for example_branch_dop_operator_v3 to 2021-06-21 00:00:00+00:00
[2021-06-23 05:38:53,120] {scheduler_job.py:190} INFO - Processing /home/airflow/.local/lib/python3.6/site-packages/airflow/example_dags/example_branch_python_dop_operator_3.py took 0.138 seconds
[2021-06-23 05:39:24,094] {scheduler_job.py:182} INFO - Started process (PID=346) to work on /home/airflow/.local/lib/python3.6/site-packages/airflow/example_dags/example_branch_python_dop_operator_3.py
[2021-06-23 05:39:24,096] {scheduler_job.py:633} INFO - Processing file /home/airflow/.local/lib/python3.6/site-packages/airflow/example_dags/example_branch_python_dop_operator_3.py for tasks to queue
[2021-06-23 05:39:24,097] {logging_mixin.py:104} INFO - [2021-06-23 05:39:24,096] {dagbag.py:487} INFO - Filling up the DagBag from /home/airflow/.local/lib/python3.6/site-packages/airflow/example_dags/example_branch_python_dop_operator_3.py
[2021-06-23 05:39:24,117] {scheduler_job.py:643} INFO - DAG(s) dict_keys(['example_branch_dop_operator_v3']) retrieved from /home/airflow/.local/lib/python3.6/site-packages/airflow/example_dags/example_branch_python_dop_operator_3.py
[2021-06-23 05:39:24,156] {logging_mixin.py:104} INFO - [2021-06-23 05:39:24,156] {dag.py:1832} INFO - Sync 1 DAGs
[2021-06-23 05:39:24,206] {logging_mixin.py:104} INFO - [2021-06-23 05:39:24,206] {dag.py:2305} INFO - Setting next_dagrun for example_branch_dop_operator_v3 to 2021-06-21 00:00:00+00:00
[2021-06-23 05:39:24,222] {scheduler_job.py:190} INFO - Processing /home/airflow/.local/lib/python3.6/site-packages/airflow/example_dags/example_branch_python_dop_operator_3.py took 0.131 seconds
[2021-06-23 05:39:54,456] {scheduler_job.py:182} INFO - Started process (PID=410) to work on /home/airflow/.local/lib/python3.6/site-packages/airflow/example_dags/example_branch_python_dop_operator_3.py
[2021-06-23 05:39:54,458] {scheduler_job.py:633} INFO - Processing file /home/airflow/.local/lib/python3.6/site-packages/airflow/example_dags/example_branch_python_dop_operator_3.py for tasks to queue
[2021-06-23 05:39:54,459] {logging_mixin.py:104} INFO - [2021-06-23 05:39:54,459] {dagbag.py:487} INFO - Filling up the DagBag from /home/airflow/.local/lib/python3.6/site-packages/airflow/example_dags/example_branch_python_dop_operator_3.py
[2021-06-23 05:39:54,479] {scheduler_job.py:643} INFO - DAG(s) dict_keys(['example_branch_dop_operator_v3']) retrieved from /home/airflow/.local/lib/python3.6/site-packages/airflow/example_dags/example_branch_python_dop_operator_3.py
[2021-06-23 05:39:54,525] {logging_mixin.py:104} INFO - [2021-06-23 05:39:54,525] {dag.py:1832} INFO - Sync 1 DAGs
[2021-06-23 05:39:54,580] {logging_mixin.py:104} INFO - [2021-06-23 05:39:54,580] {dag.py:2305} INFO - Setting next_dagrun for example_branch_dop_operator_v3 to 2021-06-21 00:00:00+00:00
[2021-06-23 05:39:54,596] {scheduler_job.py:190} INFO - Processing /home/airflow/.local/lib/python3.6/site-packages/airflow/example_dags/example_branch_python_dop_operator_3.py took 0.144 seconds
[2021-06-23 05:40:25,149] {scheduler_job.py:182} INFO - Started process (PID=472) to work on /home/airflow/.local/lib/python3.6/site-packages/airflow/example_dags/example_branch_python_dop_operator_3.py
[2021-06-23 05:40:25,151] {scheduler_job.py:633} INFO - Processing file /home/airflow/.local/lib/python3.6/site-packages/airflow/example_dags/example_branch_python_dop_operator_3.py for tasks to queue
[2021-06-23 05:40:25,152] {logging_mixin.py:104} INFO - [2021-06-23 05:40:25,152] {dagbag.py:487} INFO - Filling up the DagBag from /home/airflow/.local/lib/python3.6/site-packages/airflow/example_dags/example_branch_python_dop_operator_3.py
[2021-06-23 05:40:25,171] {scheduler_job.py:643} INFO - DAG(s) dict_keys(['example_branch_dop_operator_v3']) retrieved from /home/airflow/.local/lib/python3.6/site-packages/airflow/example_dags/example_branch_python_dop_operator_3.py
[2021-06-23 05:40:25,213] {logging_mixin.py:104} INFO - [2021-06-23 05:40:25,212] {dag.py:1832} INFO - Sync 1 DAGs
[2021-06-23 05:40:25,279] {logging_mixin.py:104} INFO - [2021-06-23 05:40:25,279] {dag.py:2305} INFO - Setting next_dagrun for example_branch_dop_operator_v3 to 2021-06-21 00:00:00+00:00
[2021-06-23 05:40:25,297] {scheduler_job.py:190} INFO - Processing /home/airflow/.local/lib/python3.6/site-packages/airflow/example_dags/example_branch_python_dop_operator_3.py took 0.152 seconds
[2021-06-23 05:40:56,068] {scheduler_job.py:182} INFO - Started process (PID=536) to work on /home/airflow/.local/lib/python3.6/site-packages/airflow/example_dags/example_branch_python_dop_operator_3.py
[2021-06-23 05:40:56,078] {scheduler_job.py:633} INFO - Processing file /home/airflow/.local/lib/python3.6/site-packages/airflow/example_dags/example_branch_python_dop_operator_3.py for tasks to queue
[2021-06-23 05:40:56,086] {logging_mixin.py:104} INFO - [2021-06-23 05:40:56,078] {dagbag.py:487} INFO - Filling up the DagBag from /home/airflow/.local/lib/python3.6/site-packages/airflow/example_dags/example_branch_python_dop_operator_3.py
[2021-06-23 05:40:56,113] {scheduler_job.py:643} INFO - DAG(s) dict_keys(['example_branch_dop_operator_v3']) retrieved from /home/airflow/.local/lib/python3.6/site-packages/airflow/example_dags/example_branch_python_dop_operator_3.py
[2021-06-23 05:40:56,155] {logging_mixin.py:104} INFO - [2021-06-23 05:40:56,154] {dag.py:1832} INFO - Sync 1 DAGs
[2021-06-23 05:40:56,221] {logging_mixin.py:104} INFO - [2021-06-23 05:40:56,221] {dag.py:2305} INFO - Setting next_dagrun for example_branch_dop_operator_v3 to 2021-06-21 00:00:00+00:00
[2021-06-23 05:40:56,304] {scheduler_job.py:190} INFO - Processing /home/airflow/.local/lib/python3.6/site-packages/airflow/example_dags/example_branch_python_dop_operator_3.py took 0.239 seconds
[2021-06-23 05:41:28,188] {scheduler_job.py:182} INFO - Started process (PID=600) to work on /home/airflow/.local/lib/python3.6/site-packages/airflow/example_dags/example_branch_python_dop_operator_3.py
[2021-06-23 05:41:28,189] {scheduler_job.py:633} INFO - Processing file /home/airflow/.local/lib/python3.6/site-packages/airflow/example_dags/example_branch_python_dop_operator_3.py for tasks to queue
[2021-06-23 05:41:28,190] {logging_mixin.py:104} INFO - [2021-06-23 05:41:28,190] {dagbag.py:487} INFO - Filling up the DagBag from /home/airflow/.local/lib/python3.6/site-packages/airflow/example_dags/example_branch_python_dop_operator_3.py
[2021-06-23 05:41:28,241] {scheduler_job.py:643} INFO - DAG(s) dict_keys(['example_branch_dop_operator_v3']) retrieved from /home/airflow/.local/lib/python3.6/site-packages/airflow/example_dags/example_branch_python_dop_operator_3.py
[2021-06-23 05:41:28,304] {logging_mixin.py:104} INFO - [2021-06-23 05:41:28,303] {dag.py:1832} INFO - Sync 1 DAGs
[2021-06-23 05:41:28,347] {logging_mixin.py:104} INFO - [2021-06-23 05:41:28,347] {dag.py:2305} INFO - Setting next_dagrun for example_branch_dop_operator_v3 to 2021-06-21 00:00:00+00:00
[2021-06-23 05:41:28,363] {scheduler_job.py:190} INFO - Processing /home/airflow/.local/lib/python3.6/site-packages/airflow/example_dags/example_branch_python_dop_operator_3.py took 0.183 seconds
[2021-06-23 05:42:00,497] {scheduler_job.py:182} INFO - Started process (PID=671) to work on /home/airflow/.local/lib/python3.6/site-packages/airflow/example_dags/example_branch_python_dop_operator_3.py
[2021-06-23 05:42:00,510] {scheduler_job.py:633} INFO - Processing file /home/airflow/.local/lib/python3.6/site-packages/airflow/example_dags/example_branch_python_dop_operator_3.py for tasks to queue
[2021-06-23 05:42:00,511] {logging_mixin.py:104} INFO - [2021-06-23 05:42:00,511] {dagbag.py:487} INFO - Filling up the DagBag from /home/airflow/.local/lib/python3.6/site-packages/airflow/example_dags/example_branch_python_dop_operator_3.py
[2021-06-23 05:42:00,643] {scheduler_job.py:643} INFO - DAG(s) dict_keys(['example_branch_dop_operator_v3']) retrieved from /home/airflow/.local/lib/python3.6/site-packages/airflow/example_dags/example_branch_python_dop_operator_3.py
[2021-06-23 05:42:00,785] {logging_mixin.py:104} INFO - [2021-06-23 05:42:00,785] {dag.py:1832} INFO - Sync 1 DAGs
[2021-06-23 05:42:00,933] {logging_mixin.py:104} INFO - [2021-06-23 05:42:00,932] {dag.py:2305} INFO - Setting next_dagrun for example_branch_dop_operator_v3 to 2021-06-21 00:00:00+00:00
[2021-06-23 05:42:00,985] {scheduler_job.py:190} INFO - Processing /home/airflow/.local/lib/python3.6/site-packages/airflow/example_dags/example_branch_python_dop_operator_3.py took 0.495 seconds
[2021-06-23 05:42:31,080] {scheduler_job.py:182} INFO - Started process (PID=739) to work on /home/airflow/.local/lib/python3.6/site-packages/airflow/example_dags/example_branch_python_dop_operator_3.py
[2021-06-23 05:42:31,082] {scheduler_job.py:633} INFO - Processing file /home/airflow/.local/lib/python3.6/site-packages/airflow/example_dags/example_branch_python_dop_operator_3.py for tasks to queue
[2021-06-23 05:42:31,083] {logging_mixin.py:104} INFO - [2021-06-23 05:42:31,083] {dagbag.py:487} INFO - Filling up the DagBag from /home/airflow/.local/lib/python3.6/site-packages/airflow/example_dags/example_branch_python_dop_operator_3.py
[2021-06-23 05:42:31,122] {scheduler_job.py:643} INFO - DAG(s) dict_keys(['example_branch_dop_operator_v3']) retrieved from /home/airflow/.local/lib/python3.6/site-packages/airflow/example_dags/example_branch_python_dop_operator_3.py
[2021-06-23 05:42:31,185] {logging_mixin.py:104} INFO - [2021-06-23 05:42:31,185] {dag.py:1832} INFO - Sync 1 DAGs
[2021-06-23 05:42:31,235] {logging_mixin.py:104} INFO - [2021-06-23 05:42:31,235] {dag.py:2305} INFO - Setting next_dagrun for example_branch_dop_operator_v3 to 2021-06-21 00:00:00+00:00
[2021-06-23 05:42:31,255] {scheduler_job.py:190} INFO - Processing /home/airflow/.local/lib/python3.6/site-packages/airflow/example_dags/example_branch_python_dop_operator_3.py took 0.182 seconds
[2021-06-23 05:43:01,404] {scheduler_job.py:182} INFO - Started process (PID=802) to work on /home/airflow/.local/lib/python3.6/site-packages/airflow/example_dags/example_branch_python_dop_operator_3.py
[2021-06-23 05:43:01,406] {scheduler_job.py:633} INFO - Processing file /home/airflow/.local/lib/python3.6/site-packages/airflow/example_dags/example_branch_python_dop_operator_3.py for tasks to queue
[2021-06-23 05:43:01,409] {logging_mixin.py:104} INFO - [2021-06-23 05:43:01,407] {dagbag.py:487} INFO - Filling up the DagBag from /home/airflow/.local/lib/python3.6/site-packages/airflow/example_dags/example_branch_python_dop_operator_3.py
[2021-06-23 05:43:01,434] {scheduler_job.py:643} INFO - DAG(s) dict_keys(['example_branch_dop_operator_v3']) retrieved from /home/airflow/.local/lib/python3.6/site-packages/airflow/example_dags/example_branch_python_dop_operator_3.py
[2021-06-23 05:43:01,469] {logging_mixin.py:104} INFO - [2021-06-23 05:43:01,468] {dag.py:1832} INFO - Sync 1 DAGs
[2021-06-23 05:43:01,508] {logging_mixin.py:104} INFO - [2021-06-23 05:43:01,508] {dag.py:2305} INFO - Setting next_dagrun for example_branch_dop_operator_v3 to 2021-06-21 00:00:00+00:00
[2021-06-23 05:43:01,553] {scheduler_job.py:190} INFO - Processing /home/airflow/.local/lib/python3.6/site-packages/airflow/example_dags/example_branch_python_dop_operator_3.py took 0.153 seconds
[2021-06-23 05:43:31,963] {scheduler_job.py:182} INFO - Started process (PID=866) to work on /home/airflow/.local/lib/python3.6/site-packages/airflow/example_dags/example_branch_python_dop_operator_3.py
[2021-06-23 05:43:31,965] {scheduler_job.py:633} INFO - Processing file /home/airflow/.local/lib/python3.6/site-packages/airflow/example_dags/example_branch_python_dop_operator_3.py for tasks to queue
[2021-06-23 05:43:31,966] {logging_mixin.py:104} INFO - [2021-06-23 05:43:31,966] {dagbag.py:487} INFO - Filling up the DagBag from /home/airflow/.local/lib/python3.6/site-packages/airflow/example_dags/example_branch_python_dop_operator_3.py
[2021-06-23 05:43:31,999] {scheduler_job.py:643} INFO - DAG(s) dict_keys(['example_branch_dop_operator_v3']) retrieved from /home/airflow/.local/lib/python3.6/site-packages/airflow/example_dags/example_branch_python_dop_operator_3.py
[2021-06-23 05:43:32,048] {logging_mixin.py:104} INFO - [2021-06-23 05:43:32,048] {dag.py:1832} INFO - Sync 1 DAGs
[2021-06-23 05:43:32,089] {logging_mixin.py:104} INFO - [2021-06-23 05:43:32,088] {dag.py:2305} INFO - Setting next_dagrun for example_branch_dop_operator_v3 to 2021-06-21 00:00:00+00:00
[2021-06-23 05:43:32,117] {scheduler_job.py:190} INFO - Processing /home/airflow/.local/lib/python3.6/site-packages/airflow/example_dags/example_branch_python_dop_operator_3.py took 0.164 seconds
[2021-06-23 05:44:02,387] {scheduler_job.py:182} INFO - Started process (PID=928) to work on /home/airflow/.local/lib/python3.6/site-packages/airflow/example_dags/example_branch_python_dop_operator_3.py
[2021-06-23 05:44:02,399] {scheduler_job.py:633} INFO - Processing file /home/airflow/.local/lib/python3.6/site-packages/airflow/example_dags/example_branch_python_dop_operator_3.py for tasks to queue
[2021-06-23 05:44:02,401] {logging_mixin.py:104} INFO - [2021-06-23 05:44:02,400] {dagbag.py:487} INFO - Filling up the DagBag from /home/airflow/.local/lib/python3.6/site-packages/airflow/example_dags/example_branch_python_dop_operator_3.py
[2021-06-23 05:44:02,458] {scheduler_job.py:643} INFO - DAG(s) dict_keys(['example_branch_dop_operator_v3']) retrieved from /home/airflow/.local/lib/python3.6/site-packages/airflow/example_dags/example_branch_python_dop_operator_3.py
[2021-06-23 05:44:02,525] {logging_mixin.py:104} INFO - [2021-06-23 05:44:02,524] {dag.py:1832} INFO - Sync 1 DAGs
[2021-06-23 05:44:02,576] {logging_mixin.py:104} INFO - [2021-06-23 05:44:02,576] {dag.py:2305} INFO - Setting next_dagrun for example_branch_dop_operator_v3 to 2021-06-21 00:00:00+00:00
[2021-06-23 05:44:02,597] {scheduler_job.py:190} INFO - Processing /home/airflow/.local/lib/python3.6/site-packages/airflow/example_dags/example_branch_python_dop_operator_3.py took 0.215 seconds
[2021-06-23 05:44:32,942] {scheduler_job.py:182} INFO - Started process (PID=991) to work on /home/airflow/.local/lib/python3.6/site-packages/airflow/example_dags/example_branch_python_dop_operator_3.py
[2021-06-23 05:44:32,944] {scheduler_job.py:633} INFO - Processing file /home/airflow/.local/lib/python3.6/site-packages/airflow/example_dags/example_branch_python_dop_operator_3.py for tasks to queue
[2021-06-23 05:44:32,945] {logging_mixin.py:104} INFO - [2021-06-23 05:44:32,945] {dagbag.py:487} INFO - Filling up the DagBag from /home/airflow/.local/lib/python3.6/site-packages/airflow/example_dags/example_branch_python_dop_operator_3.py
[2021-06-23 05:44:32,974] {scheduler_job.py:643} INFO - DAG(s) dict_keys(['example_branch_dop_operator_v3']) retrieved from /home/airflow/.local/lib/python3.6/site-packages/airflow/example_dags/example_branch_python_dop_operator_3.py
[2021-06-23 05:44:33,015] {logging_mixin.py:104} INFO - [2021-06-23 05:44:33,015] {dag.py:1832} INFO - Sync 1 DAGs
[2021-06-23 05:44:33,070] {logging_mixin.py:104} INFO - [2021-06-23 05:44:33,070] {dag.py:2305} INFO - Setting next_dagrun for example_branch_dop_operator_v3 to 2021-06-21 00:00:00+00:00
[2021-06-23 05:44:33,086] {scheduler_job.py:190} INFO - Processing /home/airflow/.local/lib/python3.6/site-packages/airflow/example_dags/example_branch_python_dop_operator_3.py took 0.148 seconds
[2021-06-23 05:45:03,370] {scheduler_job.py:182} INFO - Started process (PID=1053) to work on /home/airflow/.local/lib/python3.6/site-packages/airflow/example_dags/example_branch_python_dop_operator_3.py
[2021-06-23 05:45:03,372] {scheduler_job.py:633} INFO - Processing file /home/airflow/.local/lib/python3.6/site-packages/airflow/example_dags/example_branch_python_dop_operator_3.py for tasks to queue
[2021-06-23 05:45:03,376] {logging_mixin.py:104} INFO - [2021-06-23 05:45:03,372] {dagbag.py:487} INFO - Filling up the DagBag from /home/airflow/.local/lib/python3.6/site-packages/airflow/example_dags/example_branch_python_dop_operator_3.py
[2021-06-23 05:45:03,407] {scheduler_job.py:643} INFO - DAG(s) dict_keys(['example_branch_dop_operator_v3']) retrieved from /home/airflow/.local/lib/python3.6/site-packages/airflow/example_dags/example_branch_python_dop_operator_3.py
[2021-06-23 05:45:03,440] {logging_mixin.py:104} INFO - [2021-06-23 05:45:03,439] {dag.py:1832} INFO - Sync 1 DAGs
[2021-06-23 05:45:03,502] {logging_mixin.py:104} INFO - [2021-06-23 05:45:03,502] {dag.py:2305} INFO - Setting next_dagrun for example_branch_dop_operator_v3 to 2021-06-21 00:00:00+00:00
[2021-06-23 05:45:03,542] {scheduler_job.py:190} INFO - Processing /home/airflow/.local/lib/python3.6/site-packages/airflow/example_dags/example_branch_python_dop_operator_3.py took 0.176 seconds
[2021-06-23 05:45:33,745] {scheduler_job.py:182} INFO - Started process (PID=1127) to work on /home/airflow/.local/lib/python3.6/site-packages/airflow/example_dags/example_branch_python_dop_operator_3.py
[2021-06-23 05:45:33,753] {scheduler_job.py:633} INFO - Processing file /home/airflow/.local/lib/python3.6/site-packages/airflow/example_dags/example_branch_python_dop_operator_3.py for tasks to queue
[2021-06-23 05:45:33,754] {logging_mixin.py:104} INFO - [2021-06-23 05:45:33,754] {dagbag.py:487} INFO - Filling up the DagBag from /home/airflow/.local/lib/python3.6/site-packages/airflow/example_dags/example_branch_python_dop_operator_3.py
[2021-06-23 05:45:33,800] {scheduler_job.py:643} INFO - DAG(s) dict_keys(['example_branch_dop_operator_v3']) retrieved from /home/airflow/.local/lib/python3.6/site-packages/airflow/example_dags/example_branch_python_dop_operator_3.py
[2021-06-23 05:45:33,862] {logging_mixin.py:104} INFO - [2021-06-23 05:45:33,862] {dag.py:1832} INFO - Sync 1 DAGs
[2021-06-23 05:45:33,924] {logging_mixin.py:104} INFO - [2021-06-23 05:45:33,924] {dag.py:2305} INFO - Setting next_dagrun for example_branch_dop_operator_v3 to 2021-06-21 00:00:00+00:00
[2021-06-23 05:45:33,953] {scheduler_job.py:190} INFO - Processing /home/airflow/.local/lib/python3.6/site-packages/airflow/example_dags/example_branch_python_dop_operator_3.py took 0.214 seconds
[2021-06-23 05:46:04,938] {scheduler_job.py:182} INFO - Started process (PID=1192) to work on /home/airflow/.local/lib/python3.6/site-packages/airflow/example_dags/example_branch_python_dop_operator_3.py
[2021-06-23 05:46:04,941] {scheduler_job.py:633} INFO - Processing file /home/airflow/.local/lib/python3.6/site-packages/airflow/example_dags/example_branch_python_dop_operator_3.py for tasks to queue
[2021-06-23 05:46:04,942] {logging_mixin.py:104} INFO - [2021-06-23 05:46:04,942] {dagbag.py:487} INFO - Filling up the DagBag from /home/airflow/.local/lib/python3.6/site-packages/airflow/example_dags/example_branch_python_dop_operator_3.py
[2021-06-23 05:46:04,974] {scheduler_job.py:643} INFO - DAG(s) dict_keys(['example_branch_dop_operator_v3']) retrieved from /home/airflow/.local/lib/python3.6/site-packages/airflow/example_dags/example_branch_python_dop_operator_3.py
[2021-06-23 05:46:05,021] {logging_mixin.py:104} INFO - [2021-06-23 05:46:05,021] {dag.py:1832} INFO - Sync 1 DAGs
[2021-06-23 05:46:05,080] {logging_mixin.py:104} INFO - [2021-06-23 05:46:05,080] {dag.py:2305} INFO - Setting next_dagrun for example_branch_dop_operator_v3 to 2021-06-21 00:00:00+00:00
[2021-06-23 05:46:05,098] {scheduler_job.py:190} INFO - Processing /home/airflow/.local/lib/python3.6/site-packages/airflow/example_dags/example_branch_python_dop_operator_3.py took 0.170 seconds
[2021-06-23 05:46:35,528] {scheduler_job.py:182} INFO - Started process (PID=1255) to work on /home/airflow/.local/lib/python3.6/site-packages/airflow/example_dags/example_branch_python_dop_operator_3.py
[2021-06-23 05:46:35,529] {scheduler_job.py:633} INFO - Processing file /home/airflow/.local/lib/python3.6/site-packages/airflow/example_dags/example_branch_python_dop_operator_3.py for tasks to queue
[2021-06-23 05:46:35,530] {logging_mixin.py:104} INFO - [2021-06-23 05:46:35,530] {dagbag.py:487} INFO - Filling up the DagBag from /home/airflow/.local/lib/python3.6/site-packages/airflow/example_dags/example_branch_python_dop_operator_3.py
[2021-06-23 05:46:35,554] {scheduler_job.py:643} INFO - DAG(s) dict_keys(['example_branch_dop_operator_v3']) retrieved from /home/airflow/.local/lib/python3.6/site-packages/airflow/example_dags/example_branch_python_dop_operator_3.py
[2021-06-23 05:46:35,600] {logging_mixin.py:104} INFO - [2021-06-23 05:46:35,600] {dag.py:1832} INFO - Sync 1 DAGs
[2021-06-23 05:46:35,652] {logging_mixin.py:104} INFO - [2021-06-23 05:46:35,652] {dag.py:2305} INFO - Setting next_dagrun for example_branch_dop_operator_v3 to 2021-06-21 00:00:00+00:00
[2021-06-23 05:46:35,676] {scheduler_job.py:190} INFO - Processing /home/airflow/.local/lib/python3.6/site-packages/airflow/example_dags/example_branch_python_dop_operator_3.py took 0.152 seconds
[2021-06-23 05:47:06,274] {scheduler_job.py:182} INFO - Started process (PID=1318) to work on /home/airflow/.local/lib/python3.6/site-packages/airflow/example_dags/example_branch_python_dop_operator_3.py
[2021-06-23 05:47:06,280] {scheduler_job.py:633} INFO - Processing file /home/airflow/.local/lib/python3.6/site-packages/airflow/example_dags/example_branch_python_dop_operator_3.py for tasks to queue
[2021-06-23 05:47:06,281] {logging_mixin.py:104} INFO - [2021-06-23 05:47:06,281] {dagbag.py:487} INFO - Filling up the DagBag from /home/airflow/.local/lib/python3.6/site-packages/airflow/example_dags/example_branch_python_dop_operator_3.py
[2021-06-23 05:47:06,302] {scheduler_job.py:643} INFO - DAG(s) dict_keys(['example_branch_dop_operator_v3']) retrieved from /home/airflow/.local/lib/python3.6/site-packages/airflow/example_dags/example_branch_python_dop_operator_3.py
[2021-06-23 05:47:06,336] {logging_mixin.py:104} INFO - [2021-06-23 05:47:06,336] {dag.py:1832} INFO - Sync 1 DAGs
[2021-06-23 05:47:06,368] {logging_mixin.py:104} INFO - [2021-06-23 05:47:06,368] {dag.py:2305} INFO - Setting next_dagrun for example_branch_dop_operator_v3 to 2021-06-21 00:00:00+00:00
[2021-06-23 05:47:06,382] {scheduler_job.py:190} INFO - Processing /home/airflow/.local/lib/python3.6/site-packages/airflow/example_dags/example_branch_python_dop_operator_3.py took 0.113 seconds
[2021-06-23 05:47:36,403] {scheduler_job.py:182} INFO - Started process (PID=1381) to work on /home/airflow/.local/lib/python3.6/site-packages/airflow/example_dags/example_branch_python_dop_operator_3.py
[2021-06-23 05:47:36,405] {scheduler_job.py:633} INFO - Processing file /home/airflow/.local/lib/python3.6/site-packages/airflow/example_dags/example_branch_python_dop_operator_3.py for tasks to queue
[2021-06-23 05:47:36,406] {logging_mixin.py:104} INFO - [2021-06-23 05:47:36,405] {dagbag.py:487} INFO - Filling up the DagBag from /home/airflow/.local/lib/python3.6/site-packages/airflow/example_dags/example_branch_python_dop_operator_3.py
[2021-06-23 05:47:36,422] {scheduler_job.py:643} INFO - DAG(s) dict_keys(['example_branch_dop_operator_v3']) retrieved from /home/airflow/.local/lib/python3.6/site-packages/airflow/example_dags/example_branch_python_dop_operator_3.py
[2021-06-23 05:47:36,468] {logging_mixin.py:104} INFO - [2021-06-23 05:47:36,468] {dag.py:1832} INFO - Sync 1 DAGs
[2021-06-23 05:47:36,520] {logging_mixin.py:104} INFO - [2021-06-23 05:47:36,520] {dag.py:2305} INFO - Setting next_dagrun for example_branch_dop_operator_v3 to 2021-06-21 00:00:00+00:00
[2021-06-23 05:47:36,539] {scheduler_job.py:190} INFO - Processing /home/airflow/.local/lib/python3.6/site-packages/airflow/example_dags/example_branch_python_dop_operator_3.py took 0.141 seconds
[2021-06-23 05:48:06,758] {scheduler_job.py:182} INFO - Started process (PID=1450) to work on /home/airflow/.local/lib/python3.6/site-packages/airflow/example_dags/example_branch_python_dop_operator_3.py
[2021-06-23 05:48:06,759] {scheduler_job.py:633} INFO - Processing file /home/airflow/.local/lib/python3.6/site-packages/airflow/example_dags/example_branch_python_dop_operator_3.py for tasks to queue
[2021-06-23 05:48:06,760] {logging_mixin.py:104} INFO - [2021-06-23 05:48:06,760] {dagbag.py:487} INFO - Filling up the DagBag from /home/airflow/.local/lib/python3.6/site-packages/airflow/example_dags/example_branch_python_dop_operator_3.py
[2021-06-23 05:48:06,790] {scheduler_job.py:643} INFO - DAG(s) dict_keys(['example_branch_dop_operator_v3']) retrieved from /home/airflow/.local/lib/python3.6/site-packages/airflow/example_dags/example_branch_python_dop_operator_3.py
[2021-06-23 05:48:06,845] {logging_mixin.py:104} INFO - [2021-06-23 05:48:06,845] {dag.py:1832} INFO - Sync 1 DAGs
[2021-06-23 05:48:06,901] {logging_mixin.py:104} INFO - [2021-06-23 05:48:06,901] {dag.py:2305} INFO - Setting next_dagrun for example_branch_dop_operator_v3 to 2021-06-21 00:00:00+00:00
[2021-06-23 05:48:06,940] {scheduler_job.py:190} INFO - Processing /home/airflow/.local/lib/python3.6/site-packages/airflow/example_dags/example_branch_python_dop_operator_3.py took 0.193 seconds
[2021-06-23 05:48:37,438] {scheduler_job.py:182} INFO - Started process (PID=1515) to work on /home/airflow/.local/lib/python3.6/site-packages/airflow/example_dags/example_branch_python_dop_operator_3.py
[2021-06-23 05:48:37,440] {scheduler_job.py:633} INFO - Processing file /home/airflow/.local/lib/python3.6/site-packages/airflow/example_dags/example_branch_python_dop_operator_3.py for tasks to queue
[2021-06-23 05:48:37,443] {logging_mixin.py:104} INFO - [2021-06-23 05:48:37,443] {dagbag.py:487} INFO - Filling up the DagBag from /home/airflow/.local/lib/python3.6/site-packages/airflow/example_dags/example_branch_python_dop_operator_3.py
[2021-06-23 05:48:37,478] {scheduler_job.py:643} INFO - DAG(s) dict_keys(['example_branch_dop_operator_v3']) retrieved from /home/airflow/.local/lib/python3.6/site-packages/airflow/example_dags/example_branch_python_dop_operator_3.py
[2021-06-23 05:48:37,528] {logging_mixin.py:104} INFO - [2021-06-23 05:48:37,526] {dag.py:1832} INFO - Sync 1 DAGs
[2021-06-23 05:48:37,703] {logging_mixin.py:104} INFO - [2021-06-23 05:48:37,703] {dag.py:2305} INFO - Setting next_dagrun for example_branch_dop_operator_v3 to 2021-06-21 00:00:00+00:00
[2021-06-23 05:48:37,813] {scheduler_job.py:190} INFO - Processing /home/airflow/.local/lib/python3.6/site-packages/airflow/example_dags/example_branch_python_dop_operator_3.py took 0.379 seconds
[2021-06-23 05:49:07,922] {scheduler_job.py:182} INFO - Started process (PID=1583) to work on /home/airflow/.local/lib/python3.6/site-packages/airflow/example_dags/example_branch_python_dop_operator_3.py
[2021-06-23 05:49:07,924] {scheduler_job.py:633} INFO - Processing file /home/airflow/.local/lib/python3.6/site-packages/airflow/example_dags/example_branch_python_dop_operator_3.py for tasks to queue
[2021-06-23 05:49:07,925] {logging_mixin.py:104} INFO - [2021-06-23 05:49:07,924] {dagbag.py:487} INFO - Filling up the DagBag from /home/airflow/.local/lib/python3.6/site-packages/airflow/example_dags/example_branch_python_dop_operator_3.py
[2021-06-23 05:49:07,960] {scheduler_job.py:643} INFO - DAG(s) dict_keys(['example_branch_dop_operator_v3']) retrieved from /home/airflow/.local/lib/python3.6/site-packages/airflow/example_dags/example_branch_python_dop_operator_3.py
[2021-06-23 05:49:08,011] {logging_mixin.py:104} INFO - [2021-06-23 05:49:08,010] {dag.py:1832} INFO - Sync 1 DAGs
[2021-06-23 05:49:08,067] {logging_mixin.py:104} INFO - [2021-06-23 05:49:08,067] {dag.py:2305} INFO - Setting next_dagrun for example_branch_dop_operator_v3 to 2021-06-21 00:00:00+00:00
[2021-06-23 05:49:08,087] {scheduler_job.py:190} INFO - Processing /home/airflow/.local/lib/python3.6/site-packages/airflow/example_dags/example_branch_python_dop_operator_3.py took 0.170 seconds
[2021-06-23 05:49:38,401] {scheduler_job.py:182} INFO - Started process (PID=1645) to work on /home/airflow/.local/lib/python3.6/site-packages/airflow/example_dags/example_branch_python_dop_operator_3.py
[2021-06-23 05:49:38,403] {scheduler_job.py:633} INFO - Processing file /home/airflow/.local/lib/python3.6/site-packages/airflow/example_dags/example_branch_python_dop_operator_3.py for tasks to queue
[2021-06-23 05:49:38,404] {logging_mixin.py:104} INFO - [2021-06-23 05:49:38,404] {dagbag.py:487} INFO - Filling up the DagBag from /home/airflow/.local/lib/python3.6/site-packages/airflow/example_dags/example_branch_python_dop_operator_3.py
[2021-06-23 05:49:38,450] {scheduler_job.py:643} INFO - DAG(s) dict_keys(['example_branch_dop_operator_v3']) retrieved from /home/airflow/.local/lib/python3.6/site-packages/airflow/example_dags/example_branch_python_dop_operator_3.py
[2021-06-23 05:49:38,506] {logging_mixin.py:104} INFO - [2021-06-23 05:49:38,506] {dag.py:1832} INFO - Sync 1 DAGs
[2021-06-23 05:49:38,624] {logging_mixin.py:104} INFO - [2021-06-23 05:49:38,624] {dag.py:2305} INFO - Setting next_dagrun for example_branch_dop_operator_v3 to 2021-06-21 00:00:00+00:00
[2021-06-23 05:49:38,667] {scheduler_job.py:190} INFO - Processing /home/airflow/.local/lib/python3.6/site-packages/airflow/example_dags/example_branch_python_dop_operator_3.py took 0.271 seconds
[2021-06-23 05:50:08,762] {scheduler_job.py:182} INFO - Started process (PID=1706) to work on /home/airflow/.local/lib/python3.6/site-packages/airflow/example_dags/example_branch_python_dop_operator_3.py
[2021-06-23 05:50:08,765] {scheduler_job.py:633} INFO - Processing file /home/airflow/.local/lib/python3.6/site-packages/airflow/example_dags/example_branch_python_dop_operator_3.py for tasks to queue
[2021-06-23 05:50:08,770] {logging_mixin.py:104} INFO - [2021-06-23 05:50:08,770] {dagbag.py:487} INFO - Filling up the DagBag from /home/airflow/.local/lib/python3.6/site-packages/airflow/example_dags/example_branch_python_dop_operator_3.py
[2021-06-23 05:50:08,796] {scheduler_job.py:643} INFO - DAG(s) dict_keys(['example_branch_dop_operator_v3']) retrieved from /home/airflow/.local/lib/python3.6/site-packages/airflow/example_dags/example_branch_python_dop_operator_3.py
[2021-06-23 05:50:08,835] {logging_mixin.py:104} INFO - [2021-06-23 05:50:08,835] {dag.py:1832} INFO - Sync 1 DAGs
[2021-06-23 05:50:08,884] {logging_mixin.py:104} INFO - [2021-06-23 05:50:08,884] {dag.py:2305} INFO - Setting next_dagrun for example_branch_dop_operator_v3 to 2021-06-21 00:00:00+00:00
[2021-06-23 05:50:08,899] {scheduler_job.py:190} INFO - Processing /home/airflow/.local/lib/python3.6/site-packages/airflow/example_dags/example_branch_python_dop_operator_3.py took 0.141 seconds
[2021-06-23 05:50:39,312] {scheduler_job.py:182} INFO - Started process (PID=1768) to work on /home/airflow/.local/lib/python3.6/site-packages/airflow/example_dags/example_branch_python_dop_operator_3.py
[2021-06-23 05:50:39,326] {scheduler_job.py:633} INFO - Processing file /home/airflow/.local/lib/python3.6/site-packages/airflow/example_dags/example_branch_python_dop_operator_3.py for tasks to queue
[2021-06-23 05:50:39,328] {logging_mixin.py:104} INFO - [2021-06-23 05:50:39,327] {dagbag.py:487} INFO - Filling up the DagBag from /home/airflow/.local/lib/python3.6/site-packages/airflow/example_dags/example_branch_python_dop_operator_3.py
[2021-06-23 05:50:39,393] {scheduler_job.py:643} INFO - DAG(s) dict_keys(['example_branch_dop_operator_v3']) retrieved from /home/airflow/.local/lib/python3.6/site-packages/airflow/example_dags/example_branch_python_dop_operator_3.py
[2021-06-23 05:50:39,542] {logging_mixin.py:104} INFO - [2021-06-23 05:50:39,542] {dag.py:1832} INFO - Sync 1 DAGs
[2021-06-23 05:50:39,611] {logging_mixin.py:104} INFO - [2021-06-23 05:50:39,611] {dag.py:2305} INFO - Setting next_dagrun for example_branch_dop_operator_v3 to 2021-06-21 00:00:00+00:00
[2021-06-23 05:50:39,665] {scheduler_job.py:190} INFO - Processing /home/airflow/.local/lib/python3.6/site-packages/airflow/example_dags/example_branch_python_dop_operator_3.py took 0.369 seconds
[2021-06-23 05:51:09,773] {scheduler_job.py:182} INFO - Started process (PID=1839) to work on /home/airflow/.local/lib/python3.6/site-packages/airflow/example_dags/example_branch_python_dop_operator_3.py
[2021-06-23 05:51:09,774] {scheduler_job.py:633} INFO - Processing file /home/airflow/.local/lib/python3.6/site-packages/airflow/example_dags/example_branch_python_dop_operator_3.py for tasks to queue
[2021-06-23 05:51:09,775] {logging_mixin.py:104} INFO - [2021-06-23 05:51:09,775] {dagbag.py:487} INFO - Filling up the DagBag from /home/airflow/.local/lib/python3.6/site-packages/airflow/example_dags/example_branch_python_dop_operator_3.py
[2021-06-23 05:51:09,796] {scheduler_job.py:643} INFO - DAG(s) dict_keys(['example_branch_dop_operator_v3']) retrieved from /home/airflow/.local/lib/python3.6/site-packages/airflow/example_dags/example_branch_python_dop_operator_3.py
[2021-06-23 05:51:09,887] {logging_mixin.py:104} INFO - [2021-06-23 05:51:09,887] {dag.py:1832} INFO - Sync 1 DAGs
[2021-06-23 05:51:09,984] {logging_mixin.py:104} INFO - [2021-06-23 05:51:09,984] {dag.py:2305} INFO - Setting next_dagrun for example_branch_dop_operator_v3 to 2021-06-21 00:00:00+00:00
[2021-06-23 05:51:10,008] {scheduler_job.py:190} INFO - Processing /home/airflow/.local/lib/python3.6/site-packages/airflow/example_dags/example_branch_python_dop_operator_3.py took 0.245 seconds
[2021-06-23 05:51:40,584] {scheduler_job.py:182} INFO - Started process (PID=1909) to work on /home/airflow/.local/lib/python3.6/site-packages/airflow/example_dags/example_branch_python_dop_operator_3.py
[2021-06-23 05:51:40,594] {scheduler_job.py:633} INFO - Processing file /home/airflow/.local/lib/python3.6/site-packages/airflow/example_dags/example_branch_python_dop_operator_3.py for tasks to queue
[2021-06-23 05:51:40,595] {logging_mixin.py:104} INFO - [2021-06-23 05:51:40,595] {dagbag.py:487} INFO - Filling up the DagBag from /home/airflow/.local/lib/python3.6/site-packages/airflow/example_dags/example_branch_python_dop_operator_3.py
[2021-06-23 05:51:40,639] {scheduler_job.py:643} INFO - DAG(s) dict_keys(['example_branch_dop_operator_v3']) retrieved from /home/airflow/.local/lib/python3.6/site-packages/airflow/example_dags/example_branch_python_dop_operator_3.py
[2021-06-23 05:51:40,685] {logging_mixin.py:104} INFO - [2021-06-23 05:51:40,685] {dag.py:1832} INFO - Sync 1 DAGs
[2021-06-23 05:51:40,737] {logging_mixin.py:104} INFO - [2021-06-23 05:51:40,736] {dag.py:2305} INFO - Setting next_dagrun for example_branch_dop_operator_v3 to 2021-06-21 00:00:00+00:00
[2021-06-23 05:51:40,755] {scheduler_job.py:190} INFO - Processing /home/airflow/.local/lib/python3.6/site-packages/airflow/example_dags/example_branch_python_dop_operator_3.py took 0.179 seconds
[2021-06-23 05:52:11,105] {scheduler_job.py:182} INFO - Started process (PID=1972) to work on /home/airflow/.local/lib/python3.6/site-packages/airflow/example_dags/example_branch_python_dop_operator_3.py
[2021-06-23 05:52:11,107] {scheduler_job.py:633} INFO - Processing file /home/airflow/.local/lib/python3.6/site-packages/airflow/example_dags/example_branch_python_dop_operator_3.py for tasks to queue
[2021-06-23 05:52:11,108] {logging_mixin.py:104} INFO - [2021-06-23 05:52:11,108] {dagbag.py:487} INFO - Filling up the DagBag from /home/airflow/.local/lib/python3.6/site-packages/airflow/example_dags/example_branch_python_dop_operator_3.py
[2021-06-23 05:52:11,131] {scheduler_job.py:643} INFO - DAG(s) dict_keys(['example_branch_dop_operator_v3']) retrieved from /home/airflow/.local/lib/python3.6/site-packages/airflow/example_dags/example_branch_python_dop_operator_3.py
[2021-06-23 05:52:11,177] {logging_mixin.py:104} INFO - [2021-06-23 05:52:11,177] {dag.py:1832} INFO - Sync 1 DAGs
[2021-06-23 05:52:11,230] {logging_mixin.py:104} INFO - [2021-06-23 05:52:11,230] {dag.py:2305} INFO - Setting next_dagrun for example_branch_dop_operator_v3 to 2021-06-21 00:00:00+00:00
[2021-06-23 05:52:11,255] {scheduler_job.py:190} INFO - Processing /home/airflow/.local/lib/python3.6/site-packages/airflow/example_dags/example_branch_python_dop_operator_3.py took 0.154 seconds
[2021-06-23 05:52:41,829] {scheduler_job.py:182} INFO - Started process (PID=2037) to work on /home/airflow/.local/lib/python3.6/site-packages/airflow/example_dags/example_branch_python_dop_operator_3.py
[2021-06-23 05:52:41,838] {scheduler_job.py:633} INFO - Processing file /home/airflow/.local/lib/python3.6/site-packages/airflow/example_dags/example_branch_python_dop_operator_3.py for tasks to queue
[2021-06-23 05:52:41,848] {logging_mixin.py:104} INFO - [2021-06-23 05:52:41,838] {dagbag.py:487} INFO - Filling up the DagBag from /home/airflow/.local/lib/python3.6/site-packages/airflow/example_dags/example_branch_python_dop_operator_3.py
[2021-06-23 05:52:41,908] {scheduler_job.py:643} INFO - DAG(s) dict_keys(['example_branch_dop_operator_v3']) retrieved from /home/airflow/.local/lib/python3.6/site-packages/airflow/example_dags/example_branch_python_dop_operator_3.py
[2021-06-23 05:52:41,968] {logging_mixin.py:104} INFO - [2021-06-23 05:52:41,967] {dag.py:1832} INFO - Sync 1 DAGs
[2021-06-23 05:52:42,028] {logging_mixin.py:104} INFO - [2021-06-23 05:52:42,028] {dag.py:2305} INFO - Setting next_dagrun for example_branch_dop_operator_v3 to 2021-06-21 00:00:00+00:00
[2021-06-23 05:52:42,054] {scheduler_job.py:190} INFO - Processing /home/airflow/.local/lib/python3.6/site-packages/airflow/example_dags/example_branch_python_dop_operator_3.py took 0.229 seconds
[2021-06-23 05:53:12,163] {scheduler_job.py:182} INFO - Started process (PID=2098) to work on /home/airflow/.local/lib/python3.6/site-packages/airflow/example_dags/example_branch_python_dop_operator_3.py
[2021-06-23 05:53:12,165] {scheduler_job.py:633} INFO - Processing file /home/airflow/.local/lib/python3.6/site-packages/airflow/example_dags/example_branch_python_dop_operator_3.py for tasks to queue
[2021-06-23 05:53:12,166] {logging_mixin.py:104} INFO - [2021-06-23 05:53:12,166] {dagbag.py:487} INFO - Filling up the DagBag from /home/airflow/.local/lib/python3.6/site-packages/airflow/example_dags/example_branch_python_dop_operator_3.py
[2021-06-23 05:53:12,197] {scheduler_job.py:643} INFO - DAG(s) dict_keys(['example_branch_dop_operator_v3']) retrieved from /home/airflow/.local/lib/python3.6/site-packages/airflow/example_dags/example_branch_python_dop_operator_3.py
[2021-06-23 05:53:12,328] {logging_mixin.py:104} INFO - [2021-06-23 05:53:12,328] {dag.py:1832} INFO - Sync 1 DAGs
[2021-06-23 05:53:12,393] {logging_mixin.py:104} INFO - [2021-06-23 05:53:12,393] {dag.py:2305} INFO - Setting next_dagrun for example_branch_dop_operator_v3 to 2021-06-21 00:00:00+00:00
[2021-06-23 05:53:12,419] {scheduler_job.py:190} INFO - Processing /home/airflow/.local/lib/python3.6/site-packages/airflow/example_dags/example_branch_python_dop_operator_3.py took 0.261 seconds
[2021-06-23 05:53:42,951] {scheduler_job.py:182} INFO - Started process (PID=2159) to work on /home/airflow/.local/lib/python3.6/site-packages/airflow/example_dags/example_branch_python_dop_operator_3.py
[2021-06-23 05:53:42,953] {scheduler_job.py:633} INFO - Processing file /home/airflow/.local/lib/python3.6/site-packages/airflow/example_dags/example_branch_python_dop_operator_3.py for tasks to queue
[2021-06-23 05:53:42,954] {logging_mixin.py:104} INFO - [2021-06-23 05:53:42,954] {dagbag.py:487} INFO - Filling up the DagBag from /home/airflow/.local/lib/python3.6/site-packages/airflow/example_dags/example_branch_python_dop_operator_3.py
[2021-06-23 05:53:42,997] {scheduler_job.py:643} INFO - DAG(s) dict_keys(['example_branch_dop_operator_v3']) retrieved from /home/airflow/.local/lib/python3.6/site-packages/airflow/example_dags/example_branch_python_dop_operator_3.py
[2021-06-23 05:53:43,078] {logging_mixin.py:104} INFO - [2021-06-23 05:53:43,077] {dag.py:1832} INFO - Sync 1 DAGs
[2021-06-23 05:53:43,134] {logging_mixin.py:104} INFO - [2021-06-23 05:53:43,134] {dag.py:2305} INFO - Setting next_dagrun for example_branch_dop_operator_v3 to 2021-06-21 00:00:00+00:00
[2021-06-23 05:53:43,155] {scheduler_job.py:190} INFO - Processing /home/airflow/.local/lib/python3.6/site-packages/airflow/example_dags/example_branch_python_dop_operator_3.py took 0.209 seconds
[2021-06-23 05:54:13,935] {scheduler_job.py:182} INFO - Started process (PID=2222) to work on /home/airflow/.local/lib/python3.6/site-packages/airflow/example_dags/example_branch_python_dop_operator_3.py
[2021-06-23 05:54:13,937] {scheduler_job.py:633} INFO - Processing file /home/airflow/.local/lib/python3.6/site-packages/airflow/example_dags/example_branch_python_dop_operator_3.py for tasks to queue
[2021-06-23 05:54:13,964] {logging_mixin.py:104} INFO - [2021-06-23 05:54:13,938] {dagbag.py:487} INFO - Filling up the DagBag from /home/airflow/.local/lib/python3.6/site-packages/airflow/example_dags/example_branch_python_dop_operator_3.py
[2021-06-23 05:54:14,028] {scheduler_job.py:643} INFO - DAG(s) dict_keys(['example_branch_dop_operator_v3']) retrieved from /home/airflow/.local/lib/python3.6/site-packages/airflow/example_dags/example_branch_python_dop_operator_3.py
[2021-06-23 05:54:14,104] {logging_mixin.py:104} INFO - [2021-06-23 05:54:14,104] {dag.py:1832} INFO - Sync 1 DAGs
[2021-06-23 05:54:14,196] {logging_mixin.py:104} INFO - [2021-06-23 05:54:14,195] {dag.py:2305} INFO - Setting next_dagrun for example_branch_dop_operator_v3 to 2021-06-21 00:00:00+00:00
[2021-06-23 05:54:14,310] {scheduler_job.py:190} INFO - Processing /home/airflow/.local/lib/python3.6/site-packages/airflow/example_dags/example_branch_python_dop_operator_3.py took 0.381 seconds
[2021-06-23 05:54:44,472] {scheduler_job.py:182} INFO - Started process (PID=2300) to work on /home/airflow/.local/lib/python3.6/site-packages/airflow/example_dags/example_branch_python_dop_operator_3.py
[2021-06-23 05:54:44,473] {scheduler_job.py:633} INFO - Processing file /home/airflow/.local/lib/python3.6/site-packages/airflow/example_dags/example_branch_python_dop_operator_3.py for tasks to queue
[2021-06-23 05:54:44,474] {logging_mixin.py:104} INFO - [2021-06-23 05:54:44,474] {dagbag.py:487} INFO - Filling up the DagBag from /home/airflow/.local/lib/python3.6/site-packages/airflow/example_dags/example_branch_python_dop_operator_3.py
[2021-06-23 05:54:44,605] {scheduler_job.py:643} INFO - DAG(s) dict_keys(['example_branch_dop_operator_v3']) retrieved from /home/airflow/.local/lib/python3.6/site-packages/airflow/example_dags/example_branch_python_dop_operator_3.py
[2021-06-23 05:54:44,751] {logging_mixin.py:104} INFO - [2021-06-23 05:54:44,751] {dag.py:1832} INFO - Sync 1 DAGs
[2021-06-23 05:54:44,826] {logging_mixin.py:104} INFO - [2021-06-23 05:54:44,826] {dag.py:2305} INFO - Setting next_dagrun for example_branch_dop_operator_v3 to 2021-06-21 00:00:00+00:00
[2021-06-23 05:54:44,847] {scheduler_job.py:190} INFO - Processing /home/airflow/.local/lib/python3.6/site-packages/airflow/example_dags/example_branch_python_dop_operator_3.py took 0.450 seconds
[2021-06-23 05:55:14,974] {scheduler_job.py:182} INFO - Started process (PID=2365) to work on /home/airflow/.local/lib/python3.6/site-packages/airflow/example_dags/example_branch_python_dop_operator_3.py
[2021-06-23 05:55:14,976] {scheduler_job.py:633} INFO - Processing file /home/airflow/.local/lib/python3.6/site-packages/airflow/example_dags/example_branch_python_dop_operator_3.py for tasks to queue
[2021-06-23 05:55:14,977] {logging_mixin.py:104} INFO - [2021-06-23 05:55:14,976] {dagbag.py:487} INFO - Filling up the DagBag from /home/airflow/.local/lib/python3.6/site-packages/airflow/example_dags/example_branch_python_dop_operator_3.py
[2021-06-23 05:55:15,004] {scheduler_job.py:643} INFO - DAG(s) dict_keys(['example_branch_dop_operator_v3']) retrieved from /home/airflow/.local/lib/python3.6/site-packages/airflow/example_dags/example_branch_python_dop_operator_3.py
[2021-06-23 05:55:15,079] {logging_mixin.py:104} INFO - [2021-06-23 05:55:15,079] {dag.py:1832} INFO - Sync 1 DAGs
[2021-06-23 05:55:15,144] {logging_mixin.py:104} INFO - [2021-06-23 05:55:15,144] {dag.py:2305} INFO - Setting next_dagrun for example_branch_dop_operator_v3 to 2021-06-21 00:00:00+00:00
[2021-06-23 05:55:15,161] {scheduler_job.py:190} INFO - Processing /home/airflow/.local/lib/python3.6/site-packages/airflow/example_dags/example_branch_python_dop_operator_3.py took 0.191 seconds
[2021-06-23 05:55:46,505] {scheduler_job.py:182} INFO - Started process (PID=2427) to work on /home/airflow/.local/lib/python3.6/site-packages/airflow/example_dags/example_branch_python_dop_operator_3.py
[2021-06-23 05:55:46,515] {scheduler_job.py:633} INFO - Processing file /home/airflow/.local/lib/python3.6/site-packages/airflow/example_dags/example_branch_python_dop_operator_3.py for tasks to queue
[2021-06-23 05:55:46,516] {logging_mixin.py:104} INFO - [2021-06-23 05:55:46,516] {dagbag.py:487} INFO - Filling up the DagBag from /home/airflow/.local/lib/python3.6/site-packages/airflow/example_dags/example_branch_python_dop_operator_3.py
[2021-06-23 05:55:46,561] {scheduler_job.py:643} INFO - DAG(s) dict_keys(['example_branch_dop_operator_v3']) retrieved from /home/airflow/.local/lib/python3.6/site-packages/airflow/example_dags/example_branch_python_dop_operator_3.py
[2021-06-23 05:55:46,683] {logging_mixin.py:104} INFO - [2021-06-23 05:55:46,682] {dag.py:1832} INFO - Sync 1 DAGs
[2021-06-23 05:55:46,852] {logging_mixin.py:104} INFO - [2021-06-23 05:55:46,852] {dag.py:2305} INFO - Setting next_dagrun for example_branch_dop_operator_v3 to 2021-06-21 00:00:00+00:00
[2021-06-23 05:55:46,966] {scheduler_job.py:190} INFO - Processing /home/airflow/.local/lib/python3.6/site-packages/airflow/example_dags/example_branch_python_dop_operator_3.py took 0.465 seconds
[2021-06-23 05:56:17,772] {scheduler_job.py:182} INFO - Started process (PID=2488) to work on /home/airflow/.local/lib/python3.6/site-packages/airflow/example_dags/example_branch_python_dop_operator_3.py
[2021-06-23 05:56:17,775] {scheduler_job.py:633} INFO - Processing file /home/airflow/.local/lib/python3.6/site-packages/airflow/example_dags/example_branch_python_dop_operator_3.py for tasks to queue
[2021-06-23 05:56:17,776] {logging_mixin.py:104} INFO - [2021-06-23 05:56:17,776] {dagbag.py:487} INFO - Filling up the DagBag from /home/airflow/.local/lib/python3.6/site-packages/airflow/example_dags/example_branch_python_dop_operator_3.py
[2021-06-23 05:56:17,803] {scheduler_job.py:643} INFO - DAG(s) dict_keys(['example_branch_dop_operator_v3']) retrieved from /home/airflow/.local/lib/python3.6/site-packages/airflow/example_dags/example_branch_python_dop_operator_3.py
[2021-06-23 05:56:17,851] {logging_mixin.py:104} INFO - [2021-06-23 05:56:17,850] {dag.py:1832} INFO - Sync 1 DAGs
[2021-06-23 05:56:17,896] {logging_mixin.py:104} INFO - [2021-06-23 05:56:17,896] {dag.py:2305} INFO - Setting next_dagrun for example_branch_dop_operator_v3 to 2021-06-21 00:00:00+00:00
[2021-06-23 05:56:17,920] {scheduler_job.py:190} INFO - Processing /home/airflow/.local/lib/python3.6/site-packages/airflow/example_dags/example_branch_python_dop_operator_3.py took 0.153 seconds
[2021-06-23 05:56:48,254] {scheduler_job.py:182} INFO - Started process (PID=2564) to work on /home/airflow/.local/lib/python3.6/site-packages/airflow/example_dags/example_branch_python_dop_operator_3.py
[2021-06-23 05:56:48,256] {scheduler_job.py:633} INFO - Processing file /home/airflow/.local/lib/python3.6/site-packages/airflow/example_dags/example_branch_python_dop_operator_3.py for tasks to queue
[2021-06-23 05:56:48,257] {logging_mixin.py:104} INFO - [2021-06-23 05:56:48,257] {dagbag.py:487} INFO - Filling up the DagBag from /home/airflow/.local/lib/python3.6/site-packages/airflow/example_dags/example_branch_python_dop_operator_3.py
[2021-06-23 05:56:48,294] {scheduler_job.py:643} INFO - DAG(s) dict_keys(['example_branch_dop_operator_v3']) retrieved from /home/airflow/.local/lib/python3.6/site-packages/airflow/example_dags/example_branch_python_dop_operator_3.py
[2021-06-23 05:56:48,352] {logging_mixin.py:104} INFO - [2021-06-23 05:56:48,351] {dag.py:1832} INFO - Sync 1 DAGs
[2021-06-23 05:56:48,447] {logging_mixin.py:104} INFO - [2021-06-23 05:56:48,447] {dag.py:2305} INFO - Setting next_dagrun for example_branch_dop_operator_v3 to 2021-06-21 00:00:00+00:00
[2021-06-23 05:56:48,482] {scheduler_job.py:190} INFO - Processing /home/airflow/.local/lib/python3.6/site-packages/airflow/example_dags/example_branch_python_dop_operator_3.py took 0.244 seconds
[2021-06-23 05:57:20,622] {scheduler_job.py:182} INFO - Started process (PID=2627) to work on /home/airflow/.local/lib/python3.6/site-packages/airflow/example_dags/example_branch_python_dop_operator_3.py
[2021-06-23 05:57:20,623] {scheduler_job.py:633} INFO - Processing file /home/airflow/.local/lib/python3.6/site-packages/airflow/example_dags/example_branch_python_dop_operator_3.py for tasks to queue
[2021-06-23 05:57:20,636] {logging_mixin.py:104} INFO - [2021-06-23 05:57:20,636] {dagbag.py:487} INFO - Filling up the DagBag from /home/airflow/.local/lib/python3.6/site-packages/airflow/example_dags/example_branch_python_dop_operator_3.py
[2021-06-23 05:57:20,762] {scheduler_job.py:643} INFO - DAG(s) dict_keys(['example_branch_dop_operator_v3']) retrieved from /home/airflow/.local/lib/python3.6/site-packages/airflow/example_dags/example_branch_python_dop_operator_3.py
[2021-06-23 05:57:20,890] {logging_mixin.py:104} INFO - [2021-06-23 05:57:20,890] {dag.py:1832} INFO - Sync 1 DAGs
[2021-06-23 05:57:21,030] {logging_mixin.py:104} INFO - [2021-06-23 05:57:21,029] {dag.py:2305} INFO - Setting next_dagrun for example_branch_dop_operator_v3 to 2021-06-21 00:00:00+00:00
[2021-06-23 05:57:21,112] {scheduler_job.py:190} INFO - Processing /home/airflow/.local/lib/python3.6/site-packages/airflow/example_dags/example_branch_python_dop_operator_3.py took 0.507 seconds
[2021-06-23 05:57:51,295] {scheduler_job.py:182} INFO - Started process (PID=2688) to work on /home/airflow/.local/lib/python3.6/site-packages/airflow/example_dags/example_branch_python_dop_operator_3.py
[2021-06-23 05:57:51,305] {scheduler_job.py:633} INFO - Processing file /home/airflow/.local/lib/python3.6/site-packages/airflow/example_dags/example_branch_python_dop_operator_3.py for tasks to queue
[2021-06-23 05:57:51,306] {logging_mixin.py:104} INFO - [2021-06-23 05:57:51,305] {dagbag.py:487} INFO - Filling up the DagBag from /home/airflow/.local/lib/python3.6/site-packages/airflow/example_dags/example_branch_python_dop_operator_3.py
[2021-06-23 05:57:51,353] {scheduler_job.py:643} INFO - DAG(s) dict_keys(['example_branch_dop_operator_v3']) retrieved from /home/airflow/.local/lib/python3.6/site-packages/airflow/example_dags/example_branch_python_dop_operator_3.py
[2021-06-23 05:57:51,465] {logging_mixin.py:104} INFO - [2021-06-23 05:57:51,465] {dag.py:1832} INFO - Sync 1 DAGs
[2021-06-23 05:57:51,601] {logging_mixin.py:104} INFO - [2021-06-23 05:57:51,601] {dag.py:2305} INFO - Setting next_dagrun for example_branch_dop_operator_v3 to 2021-06-21 00:00:00+00:00
[2021-06-23 05:57:51,758] {scheduler_job.py:190} INFO - Processing /home/airflow/.local/lib/python3.6/site-packages/airflow/example_dags/example_branch_python_dop_operator_3.py took 0.471 seconds
[2021-06-23 05:58:22,130] {scheduler_job.py:182} INFO - Started process (PID=2755) to work on /home/airflow/.local/lib/python3.6/site-packages/airflow/example_dags/example_branch_python_dop_operator_3.py
[2021-06-23 05:58:22,132] {scheduler_job.py:633} INFO - Processing file /home/airflow/.local/lib/python3.6/site-packages/airflow/example_dags/example_branch_python_dop_operator_3.py for tasks to queue
[2021-06-23 05:58:22,134] {logging_mixin.py:104} INFO - [2021-06-23 05:58:22,134] {dagbag.py:487} INFO - Filling up the DagBag from /home/airflow/.local/lib/python3.6/site-packages/airflow/example_dags/example_branch_python_dop_operator_3.py
[2021-06-23 05:58:22,164] {scheduler_job.py:643} INFO - DAG(s) dict_keys(['example_branch_dop_operator_v3']) retrieved from /home/airflow/.local/lib/python3.6/site-packages/airflow/example_dags/example_branch_python_dop_operator_3.py
[2021-06-23 05:58:22,218] {logging_mixin.py:104} INFO - [2021-06-23 05:58:22,218] {dag.py:1832} INFO - Sync 1 DAGs
[2021-06-23 05:58:22,304] {logging_mixin.py:104} INFO - [2021-06-23 05:58:22,303] {dag.py:2305} INFO - Setting next_dagrun for example_branch_dop_operator_v3 to 2021-06-21 00:00:00+00:00
[2021-06-23 05:58:22,332] {scheduler_job.py:190} INFO - Processing /home/airflow/.local/lib/python3.6/site-packages/airflow/example_dags/example_branch_python_dop_operator_3.py took 0.207 seconds
[2021-06-23 05:58:52,480] {scheduler_job.py:182} INFO - Started process (PID=2820) to work on /home/airflow/.local/lib/python3.6/site-packages/airflow/example_dags/example_branch_python_dop_operator_3.py
[2021-06-23 05:58:52,484] {scheduler_job.py:633} INFO - Processing file /home/airflow/.local/lib/python3.6/site-packages/airflow/example_dags/example_branch_python_dop_operator_3.py for tasks to queue
[2021-06-23 05:58:52,494] {logging_mixin.py:104} INFO - [2021-06-23 05:58:52,494] {dagbag.py:487} INFO - Filling up the DagBag from /home/airflow/.local/lib/python3.6/site-packages/airflow/example_dags/example_branch_python_dop_operator_3.py
[2021-06-23 05:58:52,523] {scheduler_job.py:643} INFO - DAG(s) dict_keys(['example_branch_dop_operator_v3']) retrieved from /home/airflow/.local/lib/python3.6/site-packages/airflow/example_dags/example_branch_python_dop_operator_3.py
[2021-06-23 05:58:52,569] {logging_mixin.py:104} INFO - [2021-06-23 05:58:52,569] {dag.py:1832} INFO - Sync 1 DAGs
[2021-06-23 05:58:52,640] {logging_mixin.py:104} INFO - [2021-06-23 05:58:52,639] {dag.py:2305} INFO - Setting next_dagrun for example_branch_dop_operator_v3 to 2021-06-21 00:00:00+00:00
[2021-06-23 05:58:52,670] {scheduler_job.py:190} INFO - Processing /home/airflow/.local/lib/python3.6/site-packages/airflow/example_dags/example_branch_python_dop_operator_3.py took 0.197 seconds
[2021-06-23 05:59:23,002] {scheduler_job.py:182} INFO - Started process (PID=2883) to work on /home/airflow/.local/lib/python3.6/site-packages/airflow/example_dags/example_branch_python_dop_operator_3.py
[2021-06-23 05:59:23,006] {scheduler_job.py:633} INFO - Processing file /home/airflow/.local/lib/python3.6/site-packages/airflow/example_dags/example_branch_python_dop_operator_3.py for tasks to queue
[2021-06-23 05:59:23,008] {logging_mixin.py:104} INFO - [2021-06-23 05:59:23,007] {dagbag.py:487} INFO - Filling up the DagBag from /home/airflow/.local/lib/python3.6/site-packages/airflow/example_dags/example_branch_python_dop_operator_3.py
[2021-06-23 05:59:23,033] {scheduler_job.py:643} INFO - DAG(s) dict_keys(['example_branch_dop_operator_v3']) retrieved from /home/airflow/.local/lib/python3.6/site-packages/airflow/example_dags/example_branch_python_dop_operator_3.py
[2021-06-23 05:59:23,077] {logging_mixin.py:104} INFO - [2021-06-23 05:59:23,077] {dag.py:1832} INFO - Sync 1 DAGs
[2021-06-23 05:59:23,171] {logging_mixin.py:104} INFO - [2021-06-23 05:59:23,170] {dag.py:2305} INFO - Setting next_dagrun for example_branch_dop_operator_v3 to 2021-06-21 00:00:00+00:00
[2021-06-23 05:59:23,242] {scheduler_job.py:190} INFO - Processing /home/airflow/.local/lib/python3.6/site-packages/airflow/example_dags/example_branch_python_dop_operator_3.py took 0.245 seconds
[2021-06-23 05:59:53,349] {scheduler_job.py:182} INFO - Started process (PID=2947) to work on /home/airflow/.local/lib/python3.6/site-packages/airflow/example_dags/example_branch_python_dop_operator_3.py
[2021-06-23 05:59:53,350] {scheduler_job.py:633} INFO - Processing file /home/airflow/.local/lib/python3.6/site-packages/airflow/example_dags/example_branch_python_dop_operator_3.py for tasks to queue
[2021-06-23 05:59:53,351] {logging_mixin.py:104} INFO - [2021-06-23 05:59:53,351] {dagbag.py:487} INFO - Filling up the DagBag from /home/airflow/.local/lib/python3.6/site-packages/airflow/example_dags/example_branch_python_dop_operator_3.py
[2021-06-23 05:59:53,370] {scheduler_job.py:643} INFO - DAG(s) dict_keys(['example_branch_dop_operator_v3']) retrieved from /home/airflow/.local/lib/python3.6/site-packages/airflow/example_dags/example_branch_python_dop_operator_3.py
[2021-06-23 05:59:53,392] {logging_mixin.py:104} INFO - [2021-06-23 05:59:53,391] {dag.py:1832} INFO - Sync 1 DAGs
[2021-06-23 05:59:53,434] {logging_mixin.py:104} INFO - [2021-06-23 05:59:53,434] {dag.py:2305} INFO - Setting next_dagrun for example_branch_dop_operator_v3 to 2021-06-21 00:00:00+00:00
[2021-06-23 05:59:53,446] {scheduler_job.py:190} INFO - Processing /home/airflow/.local/lib/python3.6/site-packages/airflow/example_dags/example_branch_python_dop_operator_3.py took 0.101 seconds
[2021-06-23 06:00:23,694] {scheduler_job.py:182} INFO - Started process (PID=3009) to work on /home/airflow/.local/lib/python3.6/site-packages/airflow/example_dags/example_branch_python_dop_operator_3.py
[2021-06-23 06:00:23,698] {scheduler_job.py:633} INFO - Processing file /home/airflow/.local/lib/python3.6/site-packages/airflow/example_dags/example_branch_python_dop_operator_3.py for tasks to queue
[2021-06-23 06:00:23,699] {logging_mixin.py:104} INFO - [2021-06-23 06:00:23,699] {dagbag.py:487} INFO - Filling up the DagBag from /home/airflow/.local/lib/python3.6/site-packages/airflow/example_dags/example_branch_python_dop_operator_3.py
[2021-06-23 06:00:23,761] {scheduler_job.py:643} INFO - DAG(s) dict_keys(['example_branch_dop_operator_v3']) retrieved from /home/airflow/.local/lib/python3.6/site-packages/airflow/example_dags/example_branch_python_dop_operator_3.py
[2021-06-23 06:00:23,825] {logging_mixin.py:104} INFO - [2021-06-23 06:00:23,824] {dag.py:1832} INFO - Sync 1 DAGs
[2021-06-23 06:00:23,897] {logging_mixin.py:104} INFO - [2021-06-23 06:00:23,897] {dag.py:2305} INFO - Setting next_dagrun for example_branch_dop_operator_v3 to 2021-06-21 00:00:00+00:00
[2021-06-23 06:00:23,917] {scheduler_job.py:190} INFO - Processing /home/airflow/.local/lib/python3.6/site-packages/airflow/example_dags/example_branch_python_dop_operator_3.py took 0.233 seconds
[2021-06-23 06:00:54,281] {scheduler_job.py:182} INFO - Started process (PID=3079) to work on /home/airflow/.local/lib/python3.6/site-packages/airflow/example_dags/example_branch_python_dop_operator_3.py
[2021-06-23 06:00:54,286] {scheduler_job.py:633} INFO - Processing file /home/airflow/.local/lib/python3.6/site-packages/airflow/example_dags/example_branch_python_dop_operator_3.py for tasks to queue
[2021-06-23 06:00:54,287] {logging_mixin.py:104} INFO - [2021-06-23 06:00:54,287] {dagbag.py:487} INFO - Filling up the DagBag from /home/airflow/.local/lib/python3.6/site-packages/airflow/example_dags/example_branch_python_dop_operator_3.py
[2021-06-23 06:00:54,388] {scheduler_job.py:643} INFO - DAG(s) dict_keys(['example_branch_dop_operator_v3']) retrieved from /home/airflow/.local/lib/python3.6/site-packages/airflow/example_dags/example_branch_python_dop_operator_3.py
[2021-06-23 06:00:54,549] {logging_mixin.py:104} INFO - [2021-06-23 06:00:54,549] {dag.py:1832} INFO - Sync 1 DAGs
[2021-06-23 06:00:54,729] {logging_mixin.py:104} INFO - [2021-06-23 06:00:54,728] {dag.py:2305} INFO - Setting next_dagrun for example_branch_dop_operator_v3 to 2021-06-21 00:00:00+00:00
[2021-06-23 06:00:54,915] {scheduler_job.py:190} INFO - Processing /home/airflow/.local/lib/python3.6/site-packages/airflow/example_dags/example_branch_python_dop_operator_3.py took 0.660 seconds
