[2021-06-23 05:37:12,691] {scheduler_job.py:182} INFO - Started process (PID=66) to work on /home/airflow/.local/lib/python3.6/site-packages/airflow/example_dags/example_kubernetes_executor_config.py
[2021-06-23 05:37:12,693] {scheduler_job.py:633} INFO - Processing file /home/airflow/.local/lib/python3.6/site-packages/airflow/example_dags/example_kubernetes_executor_config.py for tasks to queue
[2021-06-23 05:37:12,694] {logging_mixin.py:104} INFO - [2021-06-23 05:37:12,694] {dagbag.py:487} INFO - Filling up the DagBag from /home/airflow/.local/lib/python3.6/site-packages/airflow/example_dags/example_kubernetes_executor_config.py
[2021-06-23 05:37:12,771] {scheduler_job.py:643} INFO - DAG(s) dict_keys(['example_kubernetes_executor_config']) retrieved from /home/airflow/.local/lib/python3.6/site-packages/airflow/example_dags/example_kubernetes_executor_config.py
[2021-06-23 05:37:13,694] {logging_mixin.py:104} INFO - [2021-06-23 05:37:13,694] {dag.py:1832} INFO - Sync 1 DAGs
[2021-06-23 05:37:13,742] {logging_mixin.py:104} INFO - [2021-06-23 05:37:13,742] {dag.py:2305} INFO - Setting next_dagrun for example_kubernetes_executor_config to None
[2021-06-23 05:37:13,801] {scheduler_job.py:190} INFO - Processing /home/airflow/.local/lib/python3.6/site-packages/airflow/example_dags/example_kubernetes_executor_config.py took 1.135 seconds
[2021-06-23 05:37:43,901] {scheduler_job.py:182} INFO - Started process (PID=126) to work on /home/airflow/.local/lib/python3.6/site-packages/airflow/example_dags/example_kubernetes_executor_config.py
[2021-06-23 05:37:43,903] {scheduler_job.py:633} INFO - Processing file /home/airflow/.local/lib/python3.6/site-packages/airflow/example_dags/example_kubernetes_executor_config.py for tasks to queue
[2021-06-23 05:37:43,904] {logging_mixin.py:104} INFO - [2021-06-23 05:37:43,904] {dagbag.py:487} INFO - Filling up the DagBag from /home/airflow/.local/lib/python3.6/site-packages/airflow/example_dags/example_kubernetes_executor_config.py
[2021-06-23 05:37:44,009] {scheduler_job.py:643} INFO - DAG(s) dict_keys(['example_kubernetes_executor_config']) retrieved from /home/airflow/.local/lib/python3.6/site-packages/airflow/example_dags/example_kubernetes_executor_config.py
[2021-06-23 05:37:44,119] {logging_mixin.py:104} INFO - [2021-06-23 05:37:44,119] {dag.py:1832} INFO - Sync 1 DAGs
[2021-06-23 05:37:44,212] {logging_mixin.py:104} INFO - [2021-06-23 05:37:44,212] {dag.py:2305} INFO - Setting next_dagrun for example_kubernetes_executor_config to None
[2021-06-23 05:37:44,302] {scheduler_job.py:190} INFO - Processing /home/airflow/.local/lib/python3.6/site-packages/airflow/example_dags/example_kubernetes_executor_config.py took 0.414 seconds
[2021-06-23 05:38:14,672] {scheduler_job.py:182} INFO - Started process (PID=191) to work on /home/airflow/.local/lib/python3.6/site-packages/airflow/example_dags/example_kubernetes_executor_config.py
[2021-06-23 05:38:14,680] {scheduler_job.py:633} INFO - Processing file /home/airflow/.local/lib/python3.6/site-packages/airflow/example_dags/example_kubernetes_executor_config.py for tasks to queue
[2021-06-23 05:38:14,687] {logging_mixin.py:104} INFO - [2021-06-23 05:38:14,687] {dagbag.py:487} INFO - Filling up the DagBag from /home/airflow/.local/lib/python3.6/site-packages/airflow/example_dags/example_kubernetes_executor_config.py
[2021-06-23 05:38:14,747] {scheduler_job.py:643} INFO - DAG(s) dict_keys(['example_kubernetes_executor_config']) retrieved from /home/airflow/.local/lib/python3.6/site-packages/airflow/example_dags/example_kubernetes_executor_config.py
[2021-06-23 05:38:14,868] {logging_mixin.py:104} INFO - [2021-06-23 05:38:14,868] {dag.py:1832} INFO - Sync 1 DAGs
[2021-06-23 05:38:14,899] {logging_mixin.py:104} INFO - [2021-06-23 05:38:14,899] {dag.py:2305} INFO - Setting next_dagrun for example_kubernetes_executor_config to None
[2021-06-23 05:38:14,969] {scheduler_job.py:190} INFO - Processing /home/airflow/.local/lib/python3.6/site-packages/airflow/example_dags/example_kubernetes_executor_config.py took 0.321 seconds
[2021-06-23 05:38:45,426] {scheduler_job.py:182} INFO - Started process (PID=255) to work on /home/airflow/.local/lib/python3.6/site-packages/airflow/example_dags/example_kubernetes_executor_config.py
[2021-06-23 05:38:45,428] {scheduler_job.py:633} INFO - Processing file /home/airflow/.local/lib/python3.6/site-packages/airflow/example_dags/example_kubernetes_executor_config.py for tasks to queue
[2021-06-23 05:38:45,430] {logging_mixin.py:104} INFO - [2021-06-23 05:38:45,429] {dagbag.py:487} INFO - Filling up the DagBag from /home/airflow/.local/lib/python3.6/site-packages/airflow/example_dags/example_kubernetes_executor_config.py
[2021-06-23 05:38:45,471] {scheduler_job.py:643} INFO - DAG(s) dict_keys(['example_kubernetes_executor_config']) retrieved from /home/airflow/.local/lib/python3.6/site-packages/airflow/example_dags/example_kubernetes_executor_config.py
[2021-06-23 05:38:45,512] {logging_mixin.py:104} INFO - [2021-06-23 05:38:45,512] {dag.py:1832} INFO - Sync 1 DAGs
[2021-06-23 05:38:45,536] {logging_mixin.py:104} INFO - [2021-06-23 05:38:45,536] {dag.py:2305} INFO - Setting next_dagrun for example_kubernetes_executor_config to None
[2021-06-23 05:38:45,601] {scheduler_job.py:190} INFO - Processing /home/airflow/.local/lib/python3.6/site-packages/airflow/example_dags/example_kubernetes_executor_config.py took 0.180 seconds
[2021-06-23 05:39:16,438] {scheduler_job.py:182} INFO - Started process (PID=315) to work on /home/airflow/.local/lib/python3.6/site-packages/airflow/example_dags/example_kubernetes_executor_config.py
[2021-06-23 05:39:16,451] {scheduler_job.py:633} INFO - Processing file /home/airflow/.local/lib/python3.6/site-packages/airflow/example_dags/example_kubernetes_executor_config.py for tasks to queue
[2021-06-23 05:39:16,452] {logging_mixin.py:104} INFO - [2021-06-23 05:39:16,452] {dagbag.py:487} INFO - Filling up the DagBag from /home/airflow/.local/lib/python3.6/site-packages/airflow/example_dags/example_kubernetes_executor_config.py
[2021-06-23 05:39:16,477] {scheduler_job.py:643} INFO - DAG(s) dict_keys(['example_kubernetes_executor_config']) retrieved from /home/airflow/.local/lib/python3.6/site-packages/airflow/example_dags/example_kubernetes_executor_config.py
[2021-06-23 05:39:16,579] {logging_mixin.py:104} INFO - [2021-06-23 05:39:16,579] {dag.py:1832} INFO - Sync 1 DAGs
[2021-06-23 05:39:16,647] {logging_mixin.py:104} INFO - [2021-06-23 05:39:16,646] {dag.py:2305} INFO - Setting next_dagrun for example_kubernetes_executor_config to None
[2021-06-23 05:39:16,696] {scheduler_job.py:190} INFO - Processing /home/airflow/.local/lib/python3.6/site-packages/airflow/example_dags/example_kubernetes_executor_config.py took 0.262 seconds
[2021-06-23 05:39:47,339] {scheduler_job.py:182} INFO - Started process (PID=379) to work on /home/airflow/.local/lib/python3.6/site-packages/airflow/example_dags/example_kubernetes_executor_config.py
[2021-06-23 05:39:47,360] {scheduler_job.py:633} INFO - Processing file /home/airflow/.local/lib/python3.6/site-packages/airflow/example_dags/example_kubernetes_executor_config.py for tasks to queue
[2021-06-23 05:39:47,364] {logging_mixin.py:104} INFO - [2021-06-23 05:39:47,364] {dagbag.py:487} INFO - Filling up the DagBag from /home/airflow/.local/lib/python3.6/site-packages/airflow/example_dags/example_kubernetes_executor_config.py
[2021-06-23 05:39:47,452] {scheduler_job.py:643} INFO - DAG(s) dict_keys(['example_kubernetes_executor_config']) retrieved from /home/airflow/.local/lib/python3.6/site-packages/airflow/example_dags/example_kubernetes_executor_config.py
[2021-06-23 05:39:47,527] {logging_mixin.py:104} INFO - [2021-06-23 05:39:47,527] {dag.py:1832} INFO - Sync 1 DAGs
[2021-06-23 05:39:47,577] {logging_mixin.py:104} INFO - [2021-06-23 05:39:47,577] {dag.py:2305} INFO - Setting next_dagrun for example_kubernetes_executor_config to None
[2021-06-23 05:39:47,618] {scheduler_job.py:190} INFO - Processing /home/airflow/.local/lib/python3.6/site-packages/airflow/example_dags/example_kubernetes_executor_config.py took 0.337 seconds
[2021-06-23 05:40:18,231] {scheduler_job.py:182} INFO - Started process (PID=452) to work on /home/airflow/.local/lib/python3.6/site-packages/airflow/example_dags/example_kubernetes_executor_config.py
[2021-06-23 05:40:18,244] {scheduler_job.py:633} INFO - Processing file /home/airflow/.local/lib/python3.6/site-packages/airflow/example_dags/example_kubernetes_executor_config.py for tasks to queue
[2021-06-23 05:40:18,246] {logging_mixin.py:104} INFO - [2021-06-23 05:40:18,245] {dagbag.py:487} INFO - Filling up the DagBag from /home/airflow/.local/lib/python3.6/site-packages/airflow/example_dags/example_kubernetes_executor_config.py
[2021-06-23 05:40:18,321] {scheduler_job.py:643} INFO - DAG(s) dict_keys(['example_kubernetes_executor_config']) retrieved from /home/airflow/.local/lib/python3.6/site-packages/airflow/example_dags/example_kubernetes_executor_config.py
[2021-06-23 05:40:18,420] {logging_mixin.py:104} INFO - [2021-06-23 05:40:18,420] {dag.py:1832} INFO - Sync 1 DAGs
[2021-06-23 05:40:18,481] {logging_mixin.py:104} INFO - [2021-06-23 05:40:18,481] {dag.py:2305} INFO - Setting next_dagrun for example_kubernetes_executor_config to None
[2021-06-23 05:40:18,553] {scheduler_job.py:190} INFO - Processing /home/airflow/.local/lib/python3.6/site-packages/airflow/example_dags/example_kubernetes_executor_config.py took 0.338 seconds
[2021-06-23 05:40:48,667] {scheduler_job.py:182} INFO - Started process (PID=516) to work on /home/airflow/.local/lib/python3.6/site-packages/airflow/example_dags/example_kubernetes_executor_config.py
[2021-06-23 05:40:48,672] {scheduler_job.py:633} INFO - Processing file /home/airflow/.local/lib/python3.6/site-packages/airflow/example_dags/example_kubernetes_executor_config.py for tasks to queue
[2021-06-23 05:40:48,682] {logging_mixin.py:104} INFO - [2021-06-23 05:40:48,682] {dagbag.py:487} INFO - Filling up the DagBag from /home/airflow/.local/lib/python3.6/site-packages/airflow/example_dags/example_kubernetes_executor_config.py
[2021-06-23 05:40:48,752] {scheduler_job.py:643} INFO - DAG(s) dict_keys(['example_kubernetes_executor_config']) retrieved from /home/airflow/.local/lib/python3.6/site-packages/airflow/example_dags/example_kubernetes_executor_config.py
[2021-06-23 05:40:48,877] {logging_mixin.py:104} INFO - [2021-06-23 05:40:48,876] {dag.py:1832} INFO - Sync 1 DAGs
[2021-06-23 05:40:48,923] {logging_mixin.py:104} INFO - [2021-06-23 05:40:48,923] {dag.py:2305} INFO - Setting next_dagrun for example_kubernetes_executor_config to None
[2021-06-23 05:40:48,963] {scheduler_job.py:190} INFO - Processing /home/airflow/.local/lib/python3.6/site-packages/airflow/example_dags/example_kubernetes_executor_config.py took 0.307 seconds
[2021-06-23 05:41:19,819] {scheduler_job.py:182} INFO - Started process (PID=570) to work on /home/airflow/.local/lib/python3.6/site-packages/airflow/example_dags/example_kubernetes_executor_config.py
[2021-06-23 05:41:19,821] {scheduler_job.py:633} INFO - Processing file /home/airflow/.local/lib/python3.6/site-packages/airflow/example_dags/example_kubernetes_executor_config.py for tasks to queue
[2021-06-23 05:41:19,824] {logging_mixin.py:104} INFO - [2021-06-23 05:41:19,824] {dagbag.py:487} INFO - Filling up the DagBag from /home/airflow/.local/lib/python3.6/site-packages/airflow/example_dags/example_kubernetes_executor_config.py
[2021-06-23 05:41:19,844] {scheduler_job.py:643} INFO - DAG(s) dict_keys(['example_kubernetes_executor_config']) retrieved from /home/airflow/.local/lib/python3.6/site-packages/airflow/example_dags/example_kubernetes_executor_config.py
[2021-06-23 05:41:19,891] {logging_mixin.py:104} INFO - [2021-06-23 05:41:19,891] {dag.py:1832} INFO - Sync 1 DAGs
[2021-06-23 05:41:19,917] {logging_mixin.py:104} INFO - [2021-06-23 05:41:19,917] {dag.py:2305} INFO - Setting next_dagrun for example_kubernetes_executor_config to None
[2021-06-23 05:41:19,934] {scheduler_job.py:190} INFO - Processing /home/airflow/.local/lib/python3.6/site-packages/airflow/example_dags/example_kubernetes_executor_config.py took 0.119 seconds
[2021-06-23 05:41:50,134] {scheduler_job.py:182} INFO - Started process (PID=648) to work on /home/airflow/.local/lib/python3.6/site-packages/airflow/example_dags/example_kubernetes_executor_config.py
[2021-06-23 05:41:50,136] {scheduler_job.py:633} INFO - Processing file /home/airflow/.local/lib/python3.6/site-packages/airflow/example_dags/example_kubernetes_executor_config.py for tasks to queue
[2021-06-23 05:41:50,137] {logging_mixin.py:104} INFO - [2021-06-23 05:41:50,137] {dagbag.py:487} INFO - Filling up the DagBag from /home/airflow/.local/lib/python3.6/site-packages/airflow/example_dags/example_kubernetes_executor_config.py
[2021-06-23 05:41:50,172] {scheduler_job.py:643} INFO - DAG(s) dict_keys(['example_kubernetes_executor_config']) retrieved from /home/airflow/.local/lib/python3.6/site-packages/airflow/example_dags/example_kubernetes_executor_config.py
[2021-06-23 05:41:50,234] {logging_mixin.py:104} INFO - [2021-06-23 05:41:50,233] {dag.py:1832} INFO - Sync 1 DAGs
[2021-06-23 05:41:50,291] {logging_mixin.py:104} INFO - [2021-06-23 05:41:50,290] {dag.py:2305} INFO - Setting next_dagrun for example_kubernetes_executor_config to None
[2021-06-23 05:41:50,308] {scheduler_job.py:190} INFO - Processing /home/airflow/.local/lib/python3.6/site-packages/airflow/example_dags/example_kubernetes_executor_config.py took 0.178 seconds
[2021-06-23 05:42:20,807] {scheduler_job.py:182} INFO - Started process (PID=710) to work on /home/airflow/.local/lib/python3.6/site-packages/airflow/example_dags/example_kubernetes_executor_config.py
[2021-06-23 05:42:20,809] {scheduler_job.py:633} INFO - Processing file /home/airflow/.local/lib/python3.6/site-packages/airflow/example_dags/example_kubernetes_executor_config.py for tasks to queue
[2021-06-23 05:42:20,810] {logging_mixin.py:104} INFO - [2021-06-23 05:42:20,810] {dagbag.py:487} INFO - Filling up the DagBag from /home/airflow/.local/lib/python3.6/site-packages/airflow/example_dags/example_kubernetes_executor_config.py
[2021-06-23 05:42:20,837] {scheduler_job.py:643} INFO - DAG(s) dict_keys(['example_kubernetes_executor_config']) retrieved from /home/airflow/.local/lib/python3.6/site-packages/airflow/example_dags/example_kubernetes_executor_config.py
[2021-06-23 05:42:20,889] {logging_mixin.py:104} INFO - [2021-06-23 05:42:20,889] {dag.py:1832} INFO - Sync 1 DAGs
[2021-06-23 05:42:20,915] {logging_mixin.py:104} INFO - [2021-06-23 05:42:20,915] {dag.py:2305} INFO - Setting next_dagrun for example_kubernetes_executor_config to None
[2021-06-23 05:42:20,951] {scheduler_job.py:190} INFO - Processing /home/airflow/.local/lib/python3.6/site-packages/airflow/example_dags/example_kubernetes_executor_config.py took 0.149 seconds
[2021-06-23 05:42:51,743] {scheduler_job.py:182} INFO - Started process (PID=775) to work on /home/airflow/.local/lib/python3.6/site-packages/airflow/example_dags/example_kubernetes_executor_config.py
[2021-06-23 05:42:51,751] {scheduler_job.py:633} INFO - Processing file /home/airflow/.local/lib/python3.6/site-packages/airflow/example_dags/example_kubernetes_executor_config.py for tasks to queue
[2021-06-23 05:42:51,753] {logging_mixin.py:104} INFO - [2021-06-23 05:42:51,752] {dagbag.py:487} INFO - Filling up the DagBag from /home/airflow/.local/lib/python3.6/site-packages/airflow/example_dags/example_kubernetes_executor_config.py
[2021-06-23 05:42:51,794] {scheduler_job.py:643} INFO - DAG(s) dict_keys(['example_kubernetes_executor_config']) retrieved from /home/airflow/.local/lib/python3.6/site-packages/airflow/example_dags/example_kubernetes_executor_config.py
[2021-06-23 05:42:51,835] {logging_mixin.py:104} INFO - [2021-06-23 05:42:51,835] {dag.py:1832} INFO - Sync 1 DAGs
[2021-06-23 05:42:51,872] {logging_mixin.py:104} INFO - [2021-06-23 05:42:51,872] {dag.py:2305} INFO - Setting next_dagrun for example_kubernetes_executor_config to None
[2021-06-23 05:42:51,896] {scheduler_job.py:190} INFO - Processing /home/airflow/.local/lib/python3.6/site-packages/airflow/example_dags/example_kubernetes_executor_config.py took 0.159 seconds
[2021-06-23 05:43:22,489] {scheduler_job.py:182} INFO - Started process (PID=836) to work on /home/airflow/.local/lib/python3.6/site-packages/airflow/example_dags/example_kubernetes_executor_config.py
[2021-06-23 05:43:22,492] {scheduler_job.py:633} INFO - Processing file /home/airflow/.local/lib/python3.6/site-packages/airflow/example_dags/example_kubernetes_executor_config.py for tasks to queue
[2021-06-23 05:43:22,498] {logging_mixin.py:104} INFO - [2021-06-23 05:43:22,497] {dagbag.py:487} INFO - Filling up the DagBag from /home/airflow/.local/lib/python3.6/site-packages/airflow/example_dags/example_kubernetes_executor_config.py
[2021-06-23 05:43:22,538] {scheduler_job.py:643} INFO - DAG(s) dict_keys(['example_kubernetes_executor_config']) retrieved from /home/airflow/.local/lib/python3.6/site-packages/airflow/example_dags/example_kubernetes_executor_config.py
[2021-06-23 05:43:22,650] {logging_mixin.py:104} INFO - [2021-06-23 05:43:22,650] {dag.py:1832} INFO - Sync 1 DAGs
[2021-06-23 05:43:22,710] {logging_mixin.py:104} INFO - [2021-06-23 05:43:22,710] {dag.py:2305} INFO - Setting next_dagrun for example_kubernetes_executor_config to None
[2021-06-23 05:43:22,773] {scheduler_job.py:190} INFO - Processing /home/airflow/.local/lib/python3.6/site-packages/airflow/example_dags/example_kubernetes_executor_config.py took 0.289 seconds
[2021-06-23 05:43:53,334] {scheduler_job.py:182} INFO - Started process (PID=911) to work on /home/airflow/.local/lib/python3.6/site-packages/airflow/example_dags/example_kubernetes_executor_config.py
[2021-06-23 05:43:53,336] {scheduler_job.py:633} INFO - Processing file /home/airflow/.local/lib/python3.6/site-packages/airflow/example_dags/example_kubernetes_executor_config.py for tasks to queue
[2021-06-23 05:43:53,337] {logging_mixin.py:104} INFO - [2021-06-23 05:43:53,337] {dagbag.py:487} INFO - Filling up the DagBag from /home/airflow/.local/lib/python3.6/site-packages/airflow/example_dags/example_kubernetes_executor_config.py
[2021-06-23 05:43:53,398] {scheduler_job.py:643} INFO - DAG(s) dict_keys(['example_kubernetes_executor_config']) retrieved from /home/airflow/.local/lib/python3.6/site-packages/airflow/example_dags/example_kubernetes_executor_config.py
[2021-06-23 05:43:53,496] {logging_mixin.py:104} INFO - [2021-06-23 05:43:53,495] {dag.py:1832} INFO - Sync 1 DAGs
[2021-06-23 05:43:53,545] {logging_mixin.py:104} INFO - [2021-06-23 05:43:53,545] {dag.py:2305} INFO - Setting next_dagrun for example_kubernetes_executor_config to None
[2021-06-23 05:43:53,582] {scheduler_job.py:190} INFO - Processing /home/airflow/.local/lib/python3.6/site-packages/airflow/example_dags/example_kubernetes_executor_config.py took 0.255 seconds
[2021-06-23 05:44:24,225] {scheduler_job.py:182} INFO - Started process (PID=978) to work on /home/airflow/.local/lib/python3.6/site-packages/airflow/example_dags/example_kubernetes_executor_config.py
[2021-06-23 05:44:24,226] {scheduler_job.py:633} INFO - Processing file /home/airflow/.local/lib/python3.6/site-packages/airflow/example_dags/example_kubernetes_executor_config.py for tasks to queue
[2021-06-23 05:44:24,227] {logging_mixin.py:104} INFO - [2021-06-23 05:44:24,227] {dagbag.py:487} INFO - Filling up the DagBag from /home/airflow/.local/lib/python3.6/site-packages/airflow/example_dags/example_kubernetes_executor_config.py
[2021-06-23 05:44:24,266] {scheduler_job.py:643} INFO - DAG(s) dict_keys(['example_kubernetes_executor_config']) retrieved from /home/airflow/.local/lib/python3.6/site-packages/airflow/example_dags/example_kubernetes_executor_config.py
[2021-06-23 05:44:24,319] {logging_mixin.py:104} INFO - [2021-06-23 05:44:24,319] {dag.py:1832} INFO - Sync 1 DAGs
[2021-06-23 05:44:24,344] {logging_mixin.py:104} INFO - [2021-06-23 05:44:24,344] {dag.py:2305} INFO - Setting next_dagrun for example_kubernetes_executor_config to None
[2021-06-23 05:44:24,389] {scheduler_job.py:190} INFO - Processing /home/airflow/.local/lib/python3.6/site-packages/airflow/example_dags/example_kubernetes_executor_config.py took 0.182 seconds
[2021-06-23 05:44:55,015] {scheduler_job.py:182} INFO - Started process (PID=1040) to work on /home/airflow/.local/lib/python3.6/site-packages/airflow/example_dags/example_kubernetes_executor_config.py
[2021-06-23 05:44:55,030] {scheduler_job.py:633} INFO - Processing file /home/airflow/.local/lib/python3.6/site-packages/airflow/example_dags/example_kubernetes_executor_config.py for tasks to queue
[2021-06-23 05:44:55,039] {logging_mixin.py:104} INFO - [2021-06-23 05:44:55,039] {dagbag.py:487} INFO - Filling up the DagBag from /home/airflow/.local/lib/python3.6/site-packages/airflow/example_dags/example_kubernetes_executor_config.py
[2021-06-23 05:44:55,100] {scheduler_job.py:643} INFO - DAG(s) dict_keys(['example_kubernetes_executor_config']) retrieved from /home/airflow/.local/lib/python3.6/site-packages/airflow/example_dags/example_kubernetes_executor_config.py
[2021-06-23 05:44:55,157] {logging_mixin.py:104} INFO - [2021-06-23 05:44:55,157] {dag.py:1832} INFO - Sync 1 DAGs
[2021-06-23 05:44:55,190] {logging_mixin.py:104} INFO - [2021-06-23 05:44:55,190] {dag.py:2305} INFO - Setting next_dagrun for example_kubernetes_executor_config to None
[2021-06-23 05:44:55,215] {scheduler_job.py:190} INFO - Processing /home/airflow/.local/lib/python3.6/site-packages/airflow/example_dags/example_kubernetes_executor_config.py took 0.205 seconds
[2021-06-23 05:45:26,032] {scheduler_job.py:182} INFO - Started process (PID=1103) to work on /home/airflow/.local/lib/python3.6/site-packages/airflow/example_dags/example_kubernetes_executor_config.py
[2021-06-23 05:45:26,050] {scheduler_job.py:633} INFO - Processing file /home/airflow/.local/lib/python3.6/site-packages/airflow/example_dags/example_kubernetes_executor_config.py for tasks to queue
[2021-06-23 05:45:26,056] {logging_mixin.py:104} INFO - [2021-06-23 05:45:26,055] {dagbag.py:487} INFO - Filling up the DagBag from /home/airflow/.local/lib/python3.6/site-packages/airflow/example_dags/example_kubernetes_executor_config.py
[2021-06-23 05:45:26,121] {scheduler_job.py:643} INFO - DAG(s) dict_keys(['example_kubernetes_executor_config']) retrieved from /home/airflow/.local/lib/python3.6/site-packages/airflow/example_dags/example_kubernetes_executor_config.py
[2021-06-23 05:45:26,177] {logging_mixin.py:104} INFO - [2021-06-23 05:45:26,176] {dag.py:1832} INFO - Sync 1 DAGs
[2021-06-23 05:45:26,205] {logging_mixin.py:104} INFO - [2021-06-23 05:45:26,205] {dag.py:2305} INFO - Setting next_dagrun for example_kubernetes_executor_config to None
[2021-06-23 05:45:26,245] {scheduler_job.py:190} INFO - Processing /home/airflow/.local/lib/python3.6/site-packages/airflow/example_dags/example_kubernetes_executor_config.py took 0.226 seconds
[2021-06-23 05:45:56,609] {scheduler_job.py:182} INFO - Started process (PID=1164) to work on /home/airflow/.local/lib/python3.6/site-packages/airflow/example_dags/example_kubernetes_executor_config.py
[2021-06-23 05:45:56,620] {scheduler_job.py:633} INFO - Processing file /home/airflow/.local/lib/python3.6/site-packages/airflow/example_dags/example_kubernetes_executor_config.py for tasks to queue
[2021-06-23 05:45:56,627] {logging_mixin.py:104} INFO - [2021-06-23 05:45:56,626] {dagbag.py:487} INFO - Filling up the DagBag from /home/airflow/.local/lib/python3.6/site-packages/airflow/example_dags/example_kubernetes_executor_config.py
[2021-06-23 05:45:56,675] {scheduler_job.py:643} INFO - DAG(s) dict_keys(['example_kubernetes_executor_config']) retrieved from /home/airflow/.local/lib/python3.6/site-packages/airflow/example_dags/example_kubernetes_executor_config.py
[2021-06-23 05:45:56,838] {logging_mixin.py:104} INFO - [2021-06-23 05:45:56,838] {dag.py:1832} INFO - Sync 1 DAGs
[2021-06-23 05:45:56,876] {logging_mixin.py:104} INFO - [2021-06-23 05:45:56,875] {dag.py:2305} INFO - Setting next_dagrun for example_kubernetes_executor_config to None
[2021-06-23 05:45:56,941] {scheduler_job.py:190} INFO - Processing /home/airflow/.local/lib/python3.6/site-packages/airflow/example_dags/example_kubernetes_executor_config.py took 0.337 seconds
[2021-06-23 05:46:27,127] {scheduler_job.py:182} INFO - Started process (PID=1238) to work on /home/airflow/.local/lib/python3.6/site-packages/airflow/example_dags/example_kubernetes_executor_config.py
[2021-06-23 05:46:27,141] {scheduler_job.py:633} INFO - Processing file /home/airflow/.local/lib/python3.6/site-packages/airflow/example_dags/example_kubernetes_executor_config.py for tasks to queue
[2021-06-23 05:46:27,142] {logging_mixin.py:104} INFO - [2021-06-23 05:46:27,142] {dagbag.py:487} INFO - Filling up the DagBag from /home/airflow/.local/lib/python3.6/site-packages/airflow/example_dags/example_kubernetes_executor_config.py
[2021-06-23 05:46:27,195] {scheduler_job.py:643} INFO - DAG(s) dict_keys(['example_kubernetes_executor_config']) retrieved from /home/airflow/.local/lib/python3.6/site-packages/airflow/example_dags/example_kubernetes_executor_config.py
[2021-06-23 05:46:27,254] {logging_mixin.py:104} INFO - [2021-06-23 05:46:27,253] {dag.py:1832} INFO - Sync 1 DAGs
[2021-06-23 05:46:27,296] {logging_mixin.py:104} INFO - [2021-06-23 05:46:27,296] {dag.py:2305} INFO - Setting next_dagrun for example_kubernetes_executor_config to None
[2021-06-23 05:46:27,343] {scheduler_job.py:190} INFO - Processing /home/airflow/.local/lib/python3.6/site-packages/airflow/example_dags/example_kubernetes_executor_config.py took 0.221 seconds
[2021-06-23 05:46:57,680] {scheduler_job.py:182} INFO - Started process (PID=1301) to work on /home/airflow/.local/lib/python3.6/site-packages/airflow/example_dags/example_kubernetes_executor_config.py
[2021-06-23 05:46:57,682] {scheduler_job.py:633} INFO - Processing file /home/airflow/.local/lib/python3.6/site-packages/airflow/example_dags/example_kubernetes_executor_config.py for tasks to queue
[2021-06-23 05:46:57,683] {logging_mixin.py:104} INFO - [2021-06-23 05:46:57,683] {dagbag.py:487} INFO - Filling up the DagBag from /home/airflow/.local/lib/python3.6/site-packages/airflow/example_dags/example_kubernetes_executor_config.py
[2021-06-23 05:46:57,709] {scheduler_job.py:643} INFO - DAG(s) dict_keys(['example_kubernetes_executor_config']) retrieved from /home/airflow/.local/lib/python3.6/site-packages/airflow/example_dags/example_kubernetes_executor_config.py
[2021-06-23 05:46:57,808] {logging_mixin.py:104} INFO - [2021-06-23 05:46:57,808] {dag.py:1832} INFO - Sync 1 DAGs
[2021-06-23 05:46:57,854] {logging_mixin.py:104} INFO - [2021-06-23 05:46:57,854] {dag.py:2305} INFO - Setting next_dagrun for example_kubernetes_executor_config to None
[2021-06-23 05:46:57,885] {scheduler_job.py:190} INFO - Processing /home/airflow/.local/lib/python3.6/site-packages/airflow/example_dags/example_kubernetes_executor_config.py took 0.211 seconds
[2021-06-23 05:47:28,079] {scheduler_job.py:182} INFO - Started process (PID=1368) to work on /home/airflow/.local/lib/python3.6/site-packages/airflow/example_dags/example_kubernetes_executor_config.py
[2021-06-23 05:47:28,080] {scheduler_job.py:633} INFO - Processing file /home/airflow/.local/lib/python3.6/site-packages/airflow/example_dags/example_kubernetes_executor_config.py for tasks to queue
[2021-06-23 05:47:28,081] {logging_mixin.py:104} INFO - [2021-06-23 05:47:28,081] {dagbag.py:487} INFO - Filling up the DagBag from /home/airflow/.local/lib/python3.6/site-packages/airflow/example_dags/example_kubernetes_executor_config.py
[2021-06-23 05:47:28,102] {scheduler_job.py:643} INFO - DAG(s) dict_keys(['example_kubernetes_executor_config']) retrieved from /home/airflow/.local/lib/python3.6/site-packages/airflow/example_dags/example_kubernetes_executor_config.py
[2021-06-23 05:47:28,131] {logging_mixin.py:104} INFO - [2021-06-23 05:47:28,131] {dag.py:1832} INFO - Sync 1 DAGs
[2021-06-23 05:47:28,152] {logging_mixin.py:104} INFO - [2021-06-23 05:47:28,152] {dag.py:2305} INFO - Setting next_dagrun for example_kubernetes_executor_config to None
[2021-06-23 05:47:28,175] {scheduler_job.py:190} INFO - Processing /home/airflow/.local/lib/python3.6/site-packages/airflow/example_dags/example_kubernetes_executor_config.py took 0.101 seconds
[2021-06-23 05:47:58,654] {scheduler_job.py:182} INFO - Started process (PID=1430) to work on /home/airflow/.local/lib/python3.6/site-packages/airflow/example_dags/example_kubernetes_executor_config.py
[2021-06-23 05:47:58,655] {scheduler_job.py:633} INFO - Processing file /home/airflow/.local/lib/python3.6/site-packages/airflow/example_dags/example_kubernetes_executor_config.py for tasks to queue
[2021-06-23 05:47:58,656] {logging_mixin.py:104} INFO - [2021-06-23 05:47:58,656] {dagbag.py:487} INFO - Filling up the DagBag from /home/airflow/.local/lib/python3.6/site-packages/airflow/example_dags/example_kubernetes_executor_config.py
[2021-06-23 05:47:58,697] {scheduler_job.py:643} INFO - DAG(s) dict_keys(['example_kubernetes_executor_config']) retrieved from /home/airflow/.local/lib/python3.6/site-packages/airflow/example_dags/example_kubernetes_executor_config.py
[2021-06-23 05:47:58,824] {logging_mixin.py:104} INFO - [2021-06-23 05:47:58,824] {dag.py:1832} INFO - Sync 1 DAGs
[2021-06-23 05:47:58,884] {logging_mixin.py:104} INFO - [2021-06-23 05:47:58,884] {dag.py:2305} INFO - Setting next_dagrun for example_kubernetes_executor_config to None
[2021-06-23 05:47:58,911] {scheduler_job.py:190} INFO - Processing /home/airflow/.local/lib/python3.6/site-packages/airflow/example_dags/example_kubernetes_executor_config.py took 0.262 seconds
[2021-06-23 05:48:29,089] {scheduler_job.py:182} INFO - Started process (PID=1491) to work on /home/airflow/.local/lib/python3.6/site-packages/airflow/example_dags/example_kubernetes_executor_config.py
[2021-06-23 05:48:29,090] {scheduler_job.py:633} INFO - Processing file /home/airflow/.local/lib/python3.6/site-packages/airflow/example_dags/example_kubernetes_executor_config.py for tasks to queue
[2021-06-23 05:48:29,091] {logging_mixin.py:104} INFO - [2021-06-23 05:48:29,091] {dagbag.py:487} INFO - Filling up the DagBag from /home/airflow/.local/lib/python3.6/site-packages/airflow/example_dags/example_kubernetes_executor_config.py
[2021-06-23 05:48:29,114] {scheduler_job.py:643} INFO - DAG(s) dict_keys(['example_kubernetes_executor_config']) retrieved from /home/airflow/.local/lib/python3.6/site-packages/airflow/example_dags/example_kubernetes_executor_config.py
[2021-06-23 05:48:29,172] {logging_mixin.py:104} INFO - [2021-06-23 05:48:29,172] {dag.py:1832} INFO - Sync 1 DAGs
[2021-06-23 05:48:29,197] {logging_mixin.py:104} INFO - [2021-06-23 05:48:29,197] {dag.py:2305} INFO - Setting next_dagrun for example_kubernetes_executor_config to None
[2021-06-23 05:48:29,221] {scheduler_job.py:190} INFO - Processing /home/airflow/.local/lib/python3.6/site-packages/airflow/example_dags/example_kubernetes_executor_config.py took 0.135 seconds
[2021-06-23 05:48:59,738] {scheduler_job.py:182} INFO - Started process (PID=1555) to work on /home/airflow/.local/lib/python3.6/site-packages/airflow/example_dags/example_kubernetes_executor_config.py
[2021-06-23 05:48:59,743] {scheduler_job.py:633} INFO - Processing file /home/airflow/.local/lib/python3.6/site-packages/airflow/example_dags/example_kubernetes_executor_config.py for tasks to queue
[2021-06-23 05:48:59,744] {logging_mixin.py:104} INFO - [2021-06-23 05:48:59,744] {dagbag.py:487} INFO - Filling up the DagBag from /home/airflow/.local/lib/python3.6/site-packages/airflow/example_dags/example_kubernetes_executor_config.py
[2021-06-23 05:48:59,781] {scheduler_job.py:643} INFO - DAG(s) dict_keys(['example_kubernetes_executor_config']) retrieved from /home/airflow/.local/lib/python3.6/site-packages/airflow/example_dags/example_kubernetes_executor_config.py
[2021-06-23 05:48:59,834] {logging_mixin.py:104} INFO - [2021-06-23 05:48:59,834] {dag.py:1832} INFO - Sync 1 DAGs
[2021-06-23 05:48:59,880] {logging_mixin.py:104} INFO - [2021-06-23 05:48:59,879] {dag.py:2305} INFO - Setting next_dagrun for example_kubernetes_executor_config to None
[2021-06-23 05:48:59,909] {scheduler_job.py:190} INFO - Processing /home/airflow/.local/lib/python3.6/site-packages/airflow/example_dags/example_kubernetes_executor_config.py took 0.181 seconds
[2021-06-23 05:49:30,050] {scheduler_job.py:182} INFO - Started process (PID=1619) to work on /home/airflow/.local/lib/python3.6/site-packages/airflow/example_dags/example_kubernetes_executor_config.py
[2021-06-23 05:49:30,053] {scheduler_job.py:633} INFO - Processing file /home/airflow/.local/lib/python3.6/site-packages/airflow/example_dags/example_kubernetes_executor_config.py for tasks to queue
[2021-06-23 05:49:30,055] {logging_mixin.py:104} INFO - [2021-06-23 05:49:30,055] {dagbag.py:487} INFO - Filling up the DagBag from /home/airflow/.local/lib/python3.6/site-packages/airflow/example_dags/example_kubernetes_executor_config.py
[2021-06-23 05:49:30,078] {scheduler_job.py:643} INFO - DAG(s) dict_keys(['example_kubernetes_executor_config']) retrieved from /home/airflow/.local/lib/python3.6/site-packages/airflow/example_dags/example_kubernetes_executor_config.py
[2021-06-23 05:49:30,135] {logging_mixin.py:104} INFO - [2021-06-23 05:49:30,134] {dag.py:1832} INFO - Sync 1 DAGs
[2021-06-23 05:49:30,171] {logging_mixin.py:104} INFO - [2021-06-23 05:49:30,171] {dag.py:2305} INFO - Setting next_dagrun for example_kubernetes_executor_config to None
[2021-06-23 05:49:30,225] {scheduler_job.py:190} INFO - Processing /home/airflow/.local/lib/python3.6/site-packages/airflow/example_dags/example_kubernetes_executor_config.py took 0.180 seconds
[2021-06-23 05:50:00,520] {scheduler_job.py:182} INFO - Started process (PID=1689) to work on /home/airflow/.local/lib/python3.6/site-packages/airflow/example_dags/example_kubernetes_executor_config.py
[2021-06-23 05:50:00,560] {scheduler_job.py:633} INFO - Processing file /home/airflow/.local/lib/python3.6/site-packages/airflow/example_dags/example_kubernetes_executor_config.py for tasks to queue
[2021-06-23 05:50:00,561] {logging_mixin.py:104} INFO - [2021-06-23 05:50:00,561] {dagbag.py:487} INFO - Filling up the DagBag from /home/airflow/.local/lib/python3.6/site-packages/airflow/example_dags/example_kubernetes_executor_config.py
[2021-06-23 05:50:00,689] {scheduler_job.py:643} INFO - DAG(s) dict_keys(['example_kubernetes_executor_config']) retrieved from /home/airflow/.local/lib/python3.6/site-packages/airflow/example_dags/example_kubernetes_executor_config.py
[2021-06-23 05:50:00,948] {logging_mixin.py:104} INFO - [2021-06-23 05:50:00,947] {dag.py:1832} INFO - Sync 1 DAGs
[2021-06-23 05:50:01,015] {logging_mixin.py:104} INFO - [2021-06-23 05:50:01,015] {dag.py:2305} INFO - Setting next_dagrun for example_kubernetes_executor_config to None
[2021-06-23 05:50:01,049] {scheduler_job.py:190} INFO - Processing /home/airflow/.local/lib/python3.6/site-packages/airflow/example_dags/example_kubernetes_executor_config.py took 0.550 seconds
[2021-06-23 05:50:31,470] {scheduler_job.py:182} INFO - Started process (PID=1755) to work on /home/airflow/.local/lib/python3.6/site-packages/airflow/example_dags/example_kubernetes_executor_config.py
[2021-06-23 05:50:31,475] {scheduler_job.py:633} INFO - Processing file /home/airflow/.local/lib/python3.6/site-packages/airflow/example_dags/example_kubernetes_executor_config.py for tasks to queue
[2021-06-23 05:50:31,483] {logging_mixin.py:104} INFO - [2021-06-23 05:50:31,483] {dagbag.py:487} INFO - Filling up the DagBag from /home/airflow/.local/lib/python3.6/site-packages/airflow/example_dags/example_kubernetes_executor_config.py
[2021-06-23 05:50:31,528] {scheduler_job.py:643} INFO - DAG(s) dict_keys(['example_kubernetes_executor_config']) retrieved from /home/airflow/.local/lib/python3.6/site-packages/airflow/example_dags/example_kubernetes_executor_config.py
[2021-06-23 05:50:31,657] {logging_mixin.py:104} INFO - [2021-06-23 05:50:31,657] {dag.py:1832} INFO - Sync 1 DAGs
[2021-06-23 05:50:31,738] {logging_mixin.py:104} INFO - [2021-06-23 05:50:31,738] {dag.py:2305} INFO - Setting next_dagrun for example_kubernetes_executor_config to None
[2021-06-23 05:50:31,767] {scheduler_job.py:190} INFO - Processing /home/airflow/.local/lib/python3.6/site-packages/airflow/example_dags/example_kubernetes_executor_config.py took 0.315 seconds
[2021-06-23 05:51:01,910] {scheduler_job.py:182} INFO - Started process (PID=1816) to work on /home/airflow/.local/lib/python3.6/site-packages/airflow/example_dags/example_kubernetes_executor_config.py
[2021-06-23 05:51:01,912] {scheduler_job.py:633} INFO - Processing file /home/airflow/.local/lib/python3.6/site-packages/airflow/example_dags/example_kubernetes_executor_config.py for tasks to queue
[2021-06-23 05:51:01,922] {logging_mixin.py:104} INFO - [2021-06-23 05:51:01,913] {dagbag.py:487} INFO - Filling up the DagBag from /home/airflow/.local/lib/python3.6/site-packages/airflow/example_dags/example_kubernetes_executor_config.py
[2021-06-23 05:51:01,992] {scheduler_job.py:643} INFO - DAG(s) dict_keys(['example_kubernetes_executor_config']) retrieved from /home/airflow/.local/lib/python3.6/site-packages/airflow/example_dags/example_kubernetes_executor_config.py
[2021-06-23 05:51:02,144] {logging_mixin.py:104} INFO - [2021-06-23 05:51:02,144] {dag.py:1832} INFO - Sync 1 DAGs
[2021-06-23 05:51:02,261] {logging_mixin.py:104} INFO - [2021-06-23 05:51:02,261] {dag.py:2305} INFO - Setting next_dagrun for example_kubernetes_executor_config to None
[2021-06-23 05:51:02,343] {scheduler_job.py:190} INFO - Processing /home/airflow/.local/lib/python3.6/site-packages/airflow/example_dags/example_kubernetes_executor_config.py took 0.448 seconds
[2021-06-23 05:51:32,765] {scheduler_job.py:182} INFO - Started process (PID=1879) to work on /home/airflow/.local/lib/python3.6/site-packages/airflow/example_dags/example_kubernetes_executor_config.py
[2021-06-23 05:51:32,773] {scheduler_job.py:633} INFO - Processing file /home/airflow/.local/lib/python3.6/site-packages/airflow/example_dags/example_kubernetes_executor_config.py for tasks to queue
[2021-06-23 05:51:32,774] {logging_mixin.py:104} INFO - [2021-06-23 05:51:32,774] {dagbag.py:487} INFO - Filling up the DagBag from /home/airflow/.local/lib/python3.6/site-packages/airflow/example_dags/example_kubernetes_executor_config.py
[2021-06-23 05:51:32,888] {scheduler_job.py:643} INFO - DAG(s) dict_keys(['example_kubernetes_executor_config']) retrieved from /home/airflow/.local/lib/python3.6/site-packages/airflow/example_dags/example_kubernetes_executor_config.py
[2021-06-23 05:51:33,069] {logging_mixin.py:104} INFO - [2021-06-23 05:51:33,069] {dag.py:1832} INFO - Sync 1 DAGs
[2021-06-23 05:51:33,104] {logging_mixin.py:104} INFO - [2021-06-23 05:51:33,104] {dag.py:2305} INFO - Setting next_dagrun for example_kubernetes_executor_config to None
[2021-06-23 05:51:33,151] {scheduler_job.py:190} INFO - Processing /home/airflow/.local/lib/python3.6/site-packages/airflow/example_dags/example_kubernetes_executor_config.py took 0.431 seconds
[2021-06-23 05:52:03,393] {scheduler_job.py:182} INFO - Started process (PID=1953) to work on /home/airflow/.local/lib/python3.6/site-packages/airflow/example_dags/example_kubernetes_executor_config.py
[2021-06-23 05:52:03,397] {scheduler_job.py:633} INFO - Processing file /home/airflow/.local/lib/python3.6/site-packages/airflow/example_dags/example_kubernetes_executor_config.py for tasks to queue
[2021-06-23 05:52:03,398] {logging_mixin.py:104} INFO - [2021-06-23 05:52:03,398] {dagbag.py:487} INFO - Filling up the DagBag from /home/airflow/.local/lib/python3.6/site-packages/airflow/example_dags/example_kubernetes_executor_config.py
[2021-06-23 05:52:03,496] {scheduler_job.py:643} INFO - DAG(s) dict_keys(['example_kubernetes_executor_config']) retrieved from /home/airflow/.local/lib/python3.6/site-packages/airflow/example_dags/example_kubernetes_executor_config.py
[2021-06-23 05:52:03,614] {logging_mixin.py:104} INFO - [2021-06-23 05:52:03,614] {dag.py:1832} INFO - Sync 1 DAGs
[2021-06-23 05:52:03,657] {logging_mixin.py:104} INFO - [2021-06-23 05:52:03,657] {dag.py:2305} INFO - Setting next_dagrun for example_kubernetes_executor_config to None
[2021-06-23 05:52:03,723] {scheduler_job.py:190} INFO - Processing /home/airflow/.local/lib/python3.6/site-packages/airflow/example_dags/example_kubernetes_executor_config.py took 0.355 seconds
[2021-06-23 05:52:35,040] {scheduler_job.py:182} INFO - Started process (PID=2020) to work on /home/airflow/.local/lib/python3.6/site-packages/airflow/example_dags/example_kubernetes_executor_config.py
[2021-06-23 05:52:35,042] {scheduler_job.py:633} INFO - Processing file /home/airflow/.local/lib/python3.6/site-packages/airflow/example_dags/example_kubernetes_executor_config.py for tasks to queue
[2021-06-23 05:52:35,049] {logging_mixin.py:104} INFO - [2021-06-23 05:52:35,048] {dagbag.py:487} INFO - Filling up the DagBag from /home/airflow/.local/lib/python3.6/site-packages/airflow/example_dags/example_kubernetes_executor_config.py
[2021-06-23 05:52:35,103] {scheduler_job.py:643} INFO - DAG(s) dict_keys(['example_kubernetes_executor_config']) retrieved from /home/airflow/.local/lib/python3.6/site-packages/airflow/example_dags/example_kubernetes_executor_config.py
[2021-06-23 05:52:35,372] {logging_mixin.py:104} INFO - [2021-06-23 05:52:35,372] {dag.py:1832} INFO - Sync 1 DAGs
[2021-06-23 05:52:35,406] {logging_mixin.py:104} INFO - [2021-06-23 05:52:35,405] {dag.py:2305} INFO - Setting next_dagrun for example_kubernetes_executor_config to None
[2021-06-23 05:52:35,479] {scheduler_job.py:190} INFO - Processing /home/airflow/.local/lib/python3.6/site-packages/airflow/example_dags/example_kubernetes_executor_config.py took 0.446 seconds
[2021-06-23 05:53:06,387] {scheduler_job.py:182} INFO - Started process (PID=2072) to work on /home/airflow/.local/lib/python3.6/site-packages/airflow/example_dags/example_kubernetes_executor_config.py
[2021-06-23 05:53:06,390] {scheduler_job.py:633} INFO - Processing file /home/airflow/.local/lib/python3.6/site-packages/airflow/example_dags/example_kubernetes_executor_config.py for tasks to queue
[2021-06-23 05:53:06,391] {logging_mixin.py:104} INFO - [2021-06-23 05:53:06,391] {dagbag.py:487} INFO - Filling up the DagBag from /home/airflow/.local/lib/python3.6/site-packages/airflow/example_dags/example_kubernetes_executor_config.py
[2021-06-23 05:53:06,448] {scheduler_job.py:643} INFO - DAG(s) dict_keys(['example_kubernetes_executor_config']) retrieved from /home/airflow/.local/lib/python3.6/site-packages/airflow/example_dags/example_kubernetes_executor_config.py
[2021-06-23 05:53:06,511] {logging_mixin.py:104} INFO - [2021-06-23 05:53:06,510] {dag.py:1832} INFO - Sync 1 DAGs
[2021-06-23 05:53:06,550] {logging_mixin.py:104} INFO - [2021-06-23 05:53:06,549] {dag.py:2305} INFO - Setting next_dagrun for example_kubernetes_executor_config to None
[2021-06-23 05:53:06,574] {scheduler_job.py:190} INFO - Processing /home/airflow/.local/lib/python3.6/site-packages/airflow/example_dags/example_kubernetes_executor_config.py took 0.192 seconds
[2021-06-23 05:53:37,248] {scheduler_job.py:182} INFO - Started process (PID=2145) to work on /home/airflow/.local/lib/python3.6/site-packages/airflow/example_dags/example_kubernetes_executor_config.py
[2021-06-23 05:53:37,254] {scheduler_job.py:633} INFO - Processing file /home/airflow/.local/lib/python3.6/site-packages/airflow/example_dags/example_kubernetes_executor_config.py for tasks to queue
[2021-06-23 05:53:37,255] {logging_mixin.py:104} INFO - [2021-06-23 05:53:37,255] {dagbag.py:487} INFO - Filling up the DagBag from /home/airflow/.local/lib/python3.6/site-packages/airflow/example_dags/example_kubernetes_executor_config.py
[2021-06-23 05:53:37,280] {scheduler_job.py:643} INFO - DAG(s) dict_keys(['example_kubernetes_executor_config']) retrieved from /home/airflow/.local/lib/python3.6/site-packages/airflow/example_dags/example_kubernetes_executor_config.py
[2021-06-23 05:53:37,321] {logging_mixin.py:104} INFO - [2021-06-23 05:53:37,320] {dag.py:1832} INFO - Sync 1 DAGs
[2021-06-23 05:53:37,360] {logging_mixin.py:104} INFO - [2021-06-23 05:53:37,360] {dag.py:2305} INFO - Setting next_dagrun for example_kubernetes_executor_config to None
[2021-06-23 05:53:37,383] {scheduler_job.py:190} INFO - Processing /home/airflow/.local/lib/python3.6/site-packages/airflow/example_dags/example_kubernetes_executor_config.py took 0.140 seconds
[2021-06-23 05:54:07,692] {scheduler_job.py:182} INFO - Started process (PID=2207) to work on /home/airflow/.local/lib/python3.6/site-packages/airflow/example_dags/example_kubernetes_executor_config.py
[2021-06-23 05:54:07,694] {scheduler_job.py:633} INFO - Processing file /home/airflow/.local/lib/python3.6/site-packages/airflow/example_dags/example_kubernetes_executor_config.py for tasks to queue
[2021-06-23 05:54:07,695] {logging_mixin.py:104} INFO - [2021-06-23 05:54:07,694] {dagbag.py:487} INFO - Filling up the DagBag from /home/airflow/.local/lib/python3.6/site-packages/airflow/example_dags/example_kubernetes_executor_config.py
[2021-06-23 05:54:07,746] {scheduler_job.py:643} INFO - DAG(s) dict_keys(['example_kubernetes_executor_config']) retrieved from /home/airflow/.local/lib/python3.6/site-packages/airflow/example_dags/example_kubernetes_executor_config.py
[2021-06-23 05:54:07,838] {logging_mixin.py:104} INFO - [2021-06-23 05:54:07,838] {dag.py:1832} INFO - Sync 1 DAGs
[2021-06-23 05:54:07,879] {logging_mixin.py:104} INFO - [2021-06-23 05:54:07,879] {dag.py:2305} INFO - Setting next_dagrun for example_kubernetes_executor_config to None
[2021-06-23 05:54:07,897] {scheduler_job.py:190} INFO - Processing /home/airflow/.local/lib/python3.6/site-packages/airflow/example_dags/example_kubernetes_executor_config.py took 0.210 seconds
[2021-06-23 05:54:38,580] {scheduler_job.py:182} INFO - Started process (PID=2271) to work on /home/airflow/.local/lib/python3.6/site-packages/airflow/example_dags/example_kubernetes_executor_config.py
[2021-06-23 05:54:38,581] {scheduler_job.py:633} INFO - Processing file /home/airflow/.local/lib/python3.6/site-packages/airflow/example_dags/example_kubernetes_executor_config.py for tasks to queue
[2021-06-23 05:54:38,582] {logging_mixin.py:104} INFO - [2021-06-23 05:54:38,582] {dagbag.py:487} INFO - Filling up the DagBag from /home/airflow/.local/lib/python3.6/site-packages/airflow/example_dags/example_kubernetes_executor_config.py
[2021-06-23 05:54:38,617] {scheduler_job.py:643} INFO - DAG(s) dict_keys(['example_kubernetes_executor_config']) retrieved from /home/airflow/.local/lib/python3.6/site-packages/airflow/example_dags/example_kubernetes_executor_config.py
[2021-06-23 05:54:38,671] {logging_mixin.py:104} INFO - [2021-06-23 05:54:38,670] {dag.py:1832} INFO - Sync 1 DAGs
[2021-06-23 05:54:38,700] {logging_mixin.py:104} INFO - [2021-06-23 05:54:38,700] {dag.py:2305} INFO - Setting next_dagrun for example_kubernetes_executor_config to None
[2021-06-23 05:54:38,721] {scheduler_job.py:190} INFO - Processing /home/airflow/.local/lib/python3.6/site-packages/airflow/example_dags/example_kubernetes_executor_config.py took 0.149 seconds
[2021-06-23 05:55:09,572] {scheduler_job.py:182} INFO - Started process (PID=2336) to work on /home/airflow/.local/lib/python3.6/site-packages/airflow/example_dags/example_kubernetes_executor_config.py
[2021-06-23 05:55:09,576] {scheduler_job.py:633} INFO - Processing file /home/airflow/.local/lib/python3.6/site-packages/airflow/example_dags/example_kubernetes_executor_config.py for tasks to queue
[2021-06-23 05:55:09,577] {logging_mixin.py:104} INFO - [2021-06-23 05:55:09,576] {dagbag.py:487} INFO - Filling up the DagBag from /home/airflow/.local/lib/python3.6/site-packages/airflow/example_dags/example_kubernetes_executor_config.py
[2021-06-23 05:55:09,609] {scheduler_job.py:643} INFO - DAG(s) dict_keys(['example_kubernetes_executor_config']) retrieved from /home/airflow/.local/lib/python3.6/site-packages/airflow/example_dags/example_kubernetes_executor_config.py
[2021-06-23 05:55:09,661] {logging_mixin.py:104} INFO - [2021-06-23 05:55:09,661] {dag.py:1832} INFO - Sync 1 DAGs
[2021-06-23 05:55:09,689] {logging_mixin.py:104} INFO - [2021-06-23 05:55:09,689] {dag.py:2305} INFO - Setting next_dagrun for example_kubernetes_executor_config to None
[2021-06-23 05:55:09,717] {scheduler_job.py:190} INFO - Processing /home/airflow/.local/lib/python3.6/site-packages/airflow/example_dags/example_kubernetes_executor_config.py took 0.150 seconds
[2021-06-23 05:55:40,608] {scheduler_job.py:182} INFO - Started process (PID=2409) to work on /home/airflow/.local/lib/python3.6/site-packages/airflow/example_dags/example_kubernetes_executor_config.py
[2021-06-23 05:55:40,609] {scheduler_job.py:633} INFO - Processing file /home/airflow/.local/lib/python3.6/site-packages/airflow/example_dags/example_kubernetes_executor_config.py for tasks to queue
[2021-06-23 05:55:40,611] {logging_mixin.py:104} INFO - [2021-06-23 05:55:40,611] {dagbag.py:487} INFO - Filling up the DagBag from /home/airflow/.local/lib/python3.6/site-packages/airflow/example_dags/example_kubernetes_executor_config.py
[2021-06-23 05:55:40,663] {scheduler_job.py:643} INFO - DAG(s) dict_keys(['example_kubernetes_executor_config']) retrieved from /home/airflow/.local/lib/python3.6/site-packages/airflow/example_dags/example_kubernetes_executor_config.py
[2021-06-23 05:55:40,775] {logging_mixin.py:104} INFO - [2021-06-23 05:55:40,775] {dag.py:1832} INFO - Sync 1 DAGs
[2021-06-23 05:55:40,864] {logging_mixin.py:104} INFO - [2021-06-23 05:55:40,864] {dag.py:2305} INFO - Setting next_dagrun for example_kubernetes_executor_config to None
[2021-06-23 05:55:40,902] {scheduler_job.py:190} INFO - Processing /home/airflow/.local/lib/python3.6/site-packages/airflow/example_dags/example_kubernetes_executor_config.py took 0.299 seconds
[2021-06-23 05:56:11,008] {scheduler_job.py:182} INFO - Started process (PID=2474) to work on /home/airflow/.local/lib/python3.6/site-packages/airflow/example_dags/example_kubernetes_executor_config.py
[2021-06-23 05:56:11,010] {scheduler_job.py:633} INFO - Processing file /home/airflow/.local/lib/python3.6/site-packages/airflow/example_dags/example_kubernetes_executor_config.py for tasks to queue
[2021-06-23 05:56:11,012] {logging_mixin.py:104} INFO - [2021-06-23 05:56:11,012] {dagbag.py:487} INFO - Filling up the DagBag from /home/airflow/.local/lib/python3.6/site-packages/airflow/example_dags/example_kubernetes_executor_config.py
[2021-06-23 05:56:11,046] {scheduler_job.py:643} INFO - DAG(s) dict_keys(['example_kubernetes_executor_config']) retrieved from /home/airflow/.local/lib/python3.6/site-packages/airflow/example_dags/example_kubernetes_executor_config.py
[2021-06-23 05:56:11,164] {logging_mixin.py:104} INFO - [2021-06-23 05:56:11,161] {dag.py:1832} INFO - Sync 1 DAGs
[2021-06-23 05:56:11,294] {logging_mixin.py:104} INFO - [2021-06-23 05:56:11,294] {dag.py:2305} INFO - Setting next_dagrun for example_kubernetes_executor_config to None
[2021-06-23 05:56:11,378] {scheduler_job.py:190} INFO - Processing /home/airflow/.local/lib/python3.6/site-packages/airflow/example_dags/example_kubernetes_executor_config.py took 0.375 seconds
[2021-06-23 05:56:41,435] {scheduler_job.py:182} INFO - Started process (PID=2537) to work on /home/airflow/.local/lib/python3.6/site-packages/airflow/example_dags/example_kubernetes_executor_config.py
[2021-06-23 05:56:41,450] {scheduler_job.py:633} INFO - Processing file /home/airflow/.local/lib/python3.6/site-packages/airflow/example_dags/example_kubernetes_executor_config.py for tasks to queue
[2021-06-23 05:56:41,452] {logging_mixin.py:104} INFO - [2021-06-23 05:56:41,451] {dagbag.py:487} INFO - Filling up the DagBag from /home/airflow/.local/lib/python3.6/site-packages/airflow/example_dags/example_kubernetes_executor_config.py
[2021-06-23 05:56:41,512] {scheduler_job.py:643} INFO - DAG(s) dict_keys(['example_kubernetes_executor_config']) retrieved from /home/airflow/.local/lib/python3.6/site-packages/airflow/example_dags/example_kubernetes_executor_config.py
[2021-06-23 05:56:41,579] {logging_mixin.py:104} INFO - [2021-06-23 05:56:41,579] {dag.py:1832} INFO - Sync 1 DAGs
[2021-06-23 05:56:41,620] {logging_mixin.py:104} INFO - [2021-06-23 05:56:41,619] {dag.py:2305} INFO - Setting next_dagrun for example_kubernetes_executor_config to None
[2021-06-23 05:56:41,649] {scheduler_job.py:190} INFO - Processing /home/airflow/.local/lib/python3.6/site-packages/airflow/example_dags/example_kubernetes_executor_config.py took 0.224 seconds
[2021-06-23 05:57:11,809] {scheduler_job.py:182} INFO - Started process (PID=2602) to work on /home/airflow/.local/lib/python3.6/site-packages/airflow/example_dags/example_kubernetes_executor_config.py
[2021-06-23 05:57:11,811] {scheduler_job.py:633} INFO - Processing file /home/airflow/.local/lib/python3.6/site-packages/airflow/example_dags/example_kubernetes_executor_config.py for tasks to queue
[2021-06-23 05:57:11,812] {logging_mixin.py:104} INFO - [2021-06-23 05:57:11,812] {dagbag.py:487} INFO - Filling up the DagBag from /home/airflow/.local/lib/python3.6/site-packages/airflow/example_dags/example_kubernetes_executor_config.py
[2021-06-23 05:57:11,841] {scheduler_job.py:643} INFO - DAG(s) dict_keys(['example_kubernetes_executor_config']) retrieved from /home/airflow/.local/lib/python3.6/site-packages/airflow/example_dags/example_kubernetes_executor_config.py
[2021-06-23 05:57:11,956] {logging_mixin.py:104} INFO - [2021-06-23 05:57:11,955] {dag.py:1832} INFO - Sync 1 DAGs
[2021-06-23 05:57:12,010] {logging_mixin.py:104} INFO - [2021-06-23 05:57:12,010] {dag.py:2305} INFO - Setting next_dagrun for example_kubernetes_executor_config to None
[2021-06-23 05:57:12,052] {scheduler_job.py:190} INFO - Processing /home/airflow/.local/lib/python3.6/site-packages/airflow/example_dags/example_kubernetes_executor_config.py took 0.262 seconds
[2021-06-23 05:57:42,464] {scheduler_job.py:182} INFO - Started process (PID=2663) to work on /home/airflow/.local/lib/python3.6/site-packages/airflow/example_dags/example_kubernetes_executor_config.py
[2021-06-23 05:57:42,466] {scheduler_job.py:633} INFO - Processing file /home/airflow/.local/lib/python3.6/site-packages/airflow/example_dags/example_kubernetes_executor_config.py for tasks to queue
[2021-06-23 05:57:42,467] {logging_mixin.py:104} INFO - [2021-06-23 05:57:42,467] {dagbag.py:487} INFO - Filling up the DagBag from /home/airflow/.local/lib/python3.6/site-packages/airflow/example_dags/example_kubernetes_executor_config.py
[2021-06-23 05:57:42,490] {scheduler_job.py:643} INFO - DAG(s) dict_keys(['example_kubernetes_executor_config']) retrieved from /home/airflow/.local/lib/python3.6/site-packages/airflow/example_dags/example_kubernetes_executor_config.py
[2021-06-23 05:57:42,538] {logging_mixin.py:104} INFO - [2021-06-23 05:57:42,538] {dag.py:1832} INFO - Sync 1 DAGs
[2021-06-23 05:57:42,590] {logging_mixin.py:104} INFO - [2021-06-23 05:57:42,590] {dag.py:2305} INFO - Setting next_dagrun for example_kubernetes_executor_config to None
[2021-06-23 05:57:42,634] {scheduler_job.py:190} INFO - Processing /home/airflow/.local/lib/python3.6/site-packages/airflow/example_dags/example_kubernetes_executor_config.py took 0.175 seconds
[2021-06-23 05:58:12,777] {scheduler_job.py:182} INFO - Started process (PID=2725) to work on /home/airflow/.local/lib/python3.6/site-packages/airflow/example_dags/example_kubernetes_executor_config.py
[2021-06-23 05:58:12,778] {scheduler_job.py:633} INFO - Processing file /home/airflow/.local/lib/python3.6/site-packages/airflow/example_dags/example_kubernetes_executor_config.py for tasks to queue
[2021-06-23 05:58:12,779] {logging_mixin.py:104} INFO - [2021-06-23 05:58:12,779] {dagbag.py:487} INFO - Filling up the DagBag from /home/airflow/.local/lib/python3.6/site-packages/airflow/example_dags/example_kubernetes_executor_config.py
[2021-06-23 05:58:12,821] {scheduler_job.py:643} INFO - DAG(s) dict_keys(['example_kubernetes_executor_config']) retrieved from /home/airflow/.local/lib/python3.6/site-packages/airflow/example_dags/example_kubernetes_executor_config.py
[2021-06-23 05:58:12,920] {logging_mixin.py:104} INFO - [2021-06-23 05:58:12,920] {dag.py:1832} INFO - Sync 1 DAGs
[2021-06-23 05:58:12,950] {logging_mixin.py:104} INFO - [2021-06-23 05:58:12,950] {dag.py:2305} INFO - Setting next_dagrun for example_kubernetes_executor_config to None
[2021-06-23 05:58:12,970] {scheduler_job.py:190} INFO - Processing /home/airflow/.local/lib/python3.6/site-packages/airflow/example_dags/example_kubernetes_executor_config.py took 0.207 seconds
[2021-06-23 05:58:43,126] {scheduler_job.py:182} INFO - Started process (PID=2792) to work on /home/airflow/.local/lib/python3.6/site-packages/airflow/example_dags/example_kubernetes_executor_config.py
[2021-06-23 05:58:43,127] {scheduler_job.py:633} INFO - Processing file /home/airflow/.local/lib/python3.6/site-packages/airflow/example_dags/example_kubernetes_executor_config.py for tasks to queue
[2021-06-23 05:58:43,128] {logging_mixin.py:104} INFO - [2021-06-23 05:58:43,128] {dagbag.py:487} INFO - Filling up the DagBag from /home/airflow/.local/lib/python3.6/site-packages/airflow/example_dags/example_kubernetes_executor_config.py
[2021-06-23 05:58:43,149] {scheduler_job.py:643} INFO - DAG(s) dict_keys(['example_kubernetes_executor_config']) retrieved from /home/airflow/.local/lib/python3.6/site-packages/airflow/example_dags/example_kubernetes_executor_config.py
[2021-06-23 05:58:43,227] {logging_mixin.py:104} INFO - [2021-06-23 05:58:43,227] {dag.py:1832} INFO - Sync 1 DAGs
[2021-06-23 05:58:43,289] {logging_mixin.py:104} INFO - [2021-06-23 05:58:43,289] {dag.py:2305} INFO - Setting next_dagrun for example_kubernetes_executor_config to None
[2021-06-23 05:58:43,314] {scheduler_job.py:190} INFO - Processing /home/airflow/.local/lib/python3.6/site-packages/airflow/example_dags/example_kubernetes_executor_config.py took 0.197 seconds
[2021-06-23 05:59:13,501] {scheduler_job.py:182} INFO - Started process (PID=2855) to work on /home/airflow/.local/lib/python3.6/site-packages/airflow/example_dags/example_kubernetes_executor_config.py
[2021-06-23 05:59:13,503] {scheduler_job.py:633} INFO - Processing file /home/airflow/.local/lib/python3.6/site-packages/airflow/example_dags/example_kubernetes_executor_config.py for tasks to queue
[2021-06-23 05:59:13,504] {logging_mixin.py:104} INFO - [2021-06-23 05:59:13,504] {dagbag.py:487} INFO - Filling up the DagBag from /home/airflow/.local/lib/python3.6/site-packages/airflow/example_dags/example_kubernetes_executor_config.py
[2021-06-23 05:59:13,584] {scheduler_job.py:643} INFO - DAG(s) dict_keys(['example_kubernetes_executor_config']) retrieved from /home/airflow/.local/lib/python3.6/site-packages/airflow/example_dags/example_kubernetes_executor_config.py
[2021-06-23 05:59:13,687] {logging_mixin.py:104} INFO - [2021-06-23 05:59:13,686] {dag.py:1832} INFO - Sync 1 DAGs
[2021-06-23 05:59:13,758] {logging_mixin.py:104} INFO - [2021-06-23 05:59:13,758] {dag.py:2305} INFO - Setting next_dagrun for example_kubernetes_executor_config to None
[2021-06-23 05:59:13,820] {scheduler_job.py:190} INFO - Processing /home/airflow/.local/lib/python3.6/site-packages/airflow/example_dags/example_kubernetes_executor_config.py took 0.336 seconds
[2021-06-23 05:59:44,094] {scheduler_job.py:182} INFO - Started process (PID=2921) to work on /home/airflow/.local/lib/python3.6/site-packages/airflow/example_dags/example_kubernetes_executor_config.py
[2021-06-23 05:59:44,095] {scheduler_job.py:633} INFO - Processing file /home/airflow/.local/lib/python3.6/site-packages/airflow/example_dags/example_kubernetes_executor_config.py for tasks to queue
[2021-06-23 05:59:44,098] {logging_mixin.py:104} INFO - [2021-06-23 05:59:44,097] {dagbag.py:487} INFO - Filling up the DagBag from /home/airflow/.local/lib/python3.6/site-packages/airflow/example_dags/example_kubernetes_executor_config.py
[2021-06-23 05:59:44,123] {scheduler_job.py:643} INFO - DAG(s) dict_keys(['example_kubernetes_executor_config']) retrieved from /home/airflow/.local/lib/python3.6/site-packages/airflow/example_dags/example_kubernetes_executor_config.py
[2021-06-23 05:59:44,176] {logging_mixin.py:104} INFO - [2021-06-23 05:59:44,175] {dag.py:1832} INFO - Sync 1 DAGs
[2021-06-23 05:59:44,236] {logging_mixin.py:104} INFO - [2021-06-23 05:59:44,235] {dag.py:2305} INFO - Setting next_dagrun for example_kubernetes_executor_config to None
[2021-06-23 05:59:44,266] {scheduler_job.py:190} INFO - Processing /home/airflow/.local/lib/python3.6/site-packages/airflow/example_dags/example_kubernetes_executor_config.py took 0.177 seconds
[2021-06-23 06:00:14,326] {scheduler_job.py:182} INFO - Started process (PID=2996) to work on /home/airflow/.local/lib/python3.6/site-packages/airflow/example_dags/example_kubernetes_executor_config.py
[2021-06-23 06:00:14,334] {scheduler_job.py:633} INFO - Processing file /home/airflow/.local/lib/python3.6/site-packages/airflow/example_dags/example_kubernetes_executor_config.py for tasks to queue
[2021-06-23 06:00:14,337] {logging_mixin.py:104} INFO - [2021-06-23 06:00:14,337] {dagbag.py:487} INFO - Filling up the DagBag from /home/airflow/.local/lib/python3.6/site-packages/airflow/example_dags/example_kubernetes_executor_config.py
[2021-06-23 06:00:14,372] {scheduler_job.py:643} INFO - DAG(s) dict_keys(['example_kubernetes_executor_config']) retrieved from /home/airflow/.local/lib/python3.6/site-packages/airflow/example_dags/example_kubernetes_executor_config.py
[2021-06-23 06:00:14,439] {logging_mixin.py:104} INFO - [2021-06-23 06:00:14,439] {dag.py:1832} INFO - Sync 1 DAGs
[2021-06-23 06:00:14,476] {logging_mixin.py:104} INFO - [2021-06-23 06:00:14,476] {dag.py:2305} INFO - Setting next_dagrun for example_kubernetes_executor_config to None
[2021-06-23 06:00:14,505] {scheduler_job.py:190} INFO - Processing /home/airflow/.local/lib/python3.6/site-packages/airflow/example_dags/example_kubernetes_executor_config.py took 0.185 seconds
[2021-06-23 06:00:44,824] {scheduler_job.py:182} INFO - Started process (PID=3057) to work on /home/airflow/.local/lib/python3.6/site-packages/airflow/example_dags/example_kubernetes_executor_config.py
[2021-06-23 06:00:44,826] {scheduler_job.py:633} INFO - Processing file /home/airflow/.local/lib/python3.6/site-packages/airflow/example_dags/example_kubernetes_executor_config.py for tasks to queue
[2021-06-23 06:00:44,827] {logging_mixin.py:104} INFO - [2021-06-23 06:00:44,826] {dagbag.py:487} INFO - Filling up the DagBag from /home/airflow/.local/lib/python3.6/site-packages/airflow/example_dags/example_kubernetes_executor_config.py
[2021-06-23 06:00:44,864] {scheduler_job.py:643} INFO - DAG(s) dict_keys(['example_kubernetes_executor_config']) retrieved from /home/airflow/.local/lib/python3.6/site-packages/airflow/example_dags/example_kubernetes_executor_config.py
[2021-06-23 06:00:44,937] {logging_mixin.py:104} INFO - [2021-06-23 06:00:44,937] {dag.py:1832} INFO - Sync 1 DAGs
[2021-06-23 06:00:44,970] {logging_mixin.py:104} INFO - [2021-06-23 06:00:44,970] {dag.py:2305} INFO - Setting next_dagrun for example_kubernetes_executor_config to None
[2021-06-23 06:00:45,006] {scheduler_job.py:190} INFO - Processing /home/airflow/.local/lib/python3.6/site-packages/airflow/example_dags/example_kubernetes_executor_config.py took 0.197 seconds
