[2021-06-23 05:37:16,868] {scheduler_job.py:182} INFO - Started process (PID=73) to work on /home/airflow/.local/lib/python3.6/site-packages/airflow/example_dags/example_latest_only.py
[2021-06-23 05:37:16,871] {scheduler_job.py:633} INFO - Processing file /home/airflow/.local/lib/python3.6/site-packages/airflow/example_dags/example_latest_only.py for tasks to queue
[2021-06-23 05:37:16,872] {logging_mixin.py:104} INFO - [2021-06-23 05:37:16,872] {dagbag.py:487} INFO - Filling up the DagBag from /home/airflow/.local/lib/python3.6/site-packages/airflow/example_dags/example_latest_only.py
[2021-06-23 05:37:16,920] {scheduler_job.py:643} INFO - DAG(s) dict_keys(['latest_only']) retrieved from /home/airflow/.local/lib/python3.6/site-packages/airflow/example_dags/example_latest_only.py
[2021-06-23 05:37:17,444] {logging_mixin.py:104} INFO - [2021-06-23 05:37:17,444] {dag.py:1832} INFO - Sync 1 DAGs
[2021-06-23 05:37:17,472] {logging_mixin.py:104} INFO - [2021-06-23 05:37:17,472] {dag.py:2305} INFO - Setting next_dagrun for latest_only to 2021-06-21 00:00:00+00:00
[2021-06-23 05:37:17,489] {scheduler_job.py:190} INFO - Processing /home/airflow/.local/lib/python3.6/site-packages/airflow/example_dags/example_latest_only.py took 0.630 seconds
[2021-06-23 05:37:47,767] {scheduler_job.py:182} INFO - Started process (PID=136) to work on /home/airflow/.local/lib/python3.6/site-packages/airflow/example_dags/example_latest_only.py
[2021-06-23 05:37:47,768] {scheduler_job.py:633} INFO - Processing file /home/airflow/.local/lib/python3.6/site-packages/airflow/example_dags/example_latest_only.py for tasks to queue
[2021-06-23 05:37:47,769] {logging_mixin.py:104} INFO - [2021-06-23 05:37:47,769] {dagbag.py:487} INFO - Filling up the DagBag from /home/airflow/.local/lib/python3.6/site-packages/airflow/example_dags/example_latest_only.py
[2021-06-23 05:37:47,789] {scheduler_job.py:643} INFO - DAG(s) dict_keys(['latest_only']) retrieved from /home/airflow/.local/lib/python3.6/site-packages/airflow/example_dags/example_latest_only.py
[2021-06-23 05:37:47,833] {logging_mixin.py:104} INFO - [2021-06-23 05:37:47,833] {dag.py:1832} INFO - Sync 1 DAGs
[2021-06-23 05:37:47,891] {logging_mixin.py:104} INFO - [2021-06-23 05:37:47,891] {dag.py:2305} INFO - Setting next_dagrun for latest_only to 2021-06-21 00:00:00+00:00
[2021-06-23 05:37:47,922] {scheduler_job.py:190} INFO - Processing /home/airflow/.local/lib/python3.6/site-packages/airflow/example_dags/example_latest_only.py took 0.160 seconds
[2021-06-23 05:38:18,548] {scheduler_job.py:182} INFO - Started process (PID=198) to work on /home/airflow/.local/lib/python3.6/site-packages/airflow/example_dags/example_latest_only.py
[2021-06-23 05:38:18,554] {scheduler_job.py:633} INFO - Processing file /home/airflow/.local/lib/python3.6/site-packages/airflow/example_dags/example_latest_only.py for tasks to queue
[2021-06-23 05:38:18,570] {logging_mixin.py:104} INFO - [2021-06-23 05:38:18,570] {dagbag.py:487} INFO - Filling up the DagBag from /home/airflow/.local/lib/python3.6/site-packages/airflow/example_dags/example_latest_only.py
[2021-06-23 05:38:18,602] {scheduler_job.py:643} INFO - DAG(s) dict_keys(['latest_only']) retrieved from /home/airflow/.local/lib/python3.6/site-packages/airflow/example_dags/example_latest_only.py
[2021-06-23 05:38:18,679] {logging_mixin.py:104} INFO - [2021-06-23 05:38:18,678] {dag.py:1832} INFO - Sync 1 DAGs
[2021-06-23 05:38:18,723] {logging_mixin.py:104} INFO - [2021-06-23 05:38:18,722] {dag.py:2305} INFO - Setting next_dagrun for latest_only to 2021-06-21 00:00:00+00:00
[2021-06-23 05:38:18,752] {scheduler_job.py:190} INFO - Processing /home/airflow/.local/lib/python3.6/site-packages/airflow/example_dags/example_latest_only.py took 0.209 seconds
[2021-06-23 05:38:49,577] {scheduler_job.py:182} INFO - Started process (PID=262) to work on /home/airflow/.local/lib/python3.6/site-packages/airflow/example_dags/example_latest_only.py
[2021-06-23 05:38:49,578] {scheduler_job.py:633} INFO - Processing file /home/airflow/.local/lib/python3.6/site-packages/airflow/example_dags/example_latest_only.py for tasks to queue
[2021-06-23 05:38:49,579] {logging_mixin.py:104} INFO - [2021-06-23 05:38:49,579] {dagbag.py:487} INFO - Filling up the DagBag from /home/airflow/.local/lib/python3.6/site-packages/airflow/example_dags/example_latest_only.py
[2021-06-23 05:38:49,595] {scheduler_job.py:643} INFO - DAG(s) dict_keys(['latest_only']) retrieved from /home/airflow/.local/lib/python3.6/site-packages/airflow/example_dags/example_latest_only.py
[2021-06-23 05:38:49,628] {logging_mixin.py:104} INFO - [2021-06-23 05:38:49,627] {dag.py:1832} INFO - Sync 1 DAGs
[2021-06-23 05:38:49,657] {logging_mixin.py:104} INFO - [2021-06-23 05:38:49,656] {dag.py:2305} INFO - Setting next_dagrun for latest_only to 2021-06-21 00:00:00+00:00
[2021-06-23 05:38:49,676] {scheduler_job.py:190} INFO - Processing /home/airflow/.local/lib/python3.6/site-packages/airflow/example_dags/example_latest_only.py took 0.104 seconds
[2021-06-23 05:39:19,835] {scheduler_job.py:182} INFO - Started process (PID=322) to work on /home/airflow/.local/lib/python3.6/site-packages/airflow/example_dags/example_latest_only.py
[2021-06-23 05:39:19,836] {scheduler_job.py:633} INFO - Processing file /home/airflow/.local/lib/python3.6/site-packages/airflow/example_dags/example_latest_only.py for tasks to queue
[2021-06-23 05:39:19,837] {logging_mixin.py:104} INFO - [2021-06-23 05:39:19,837] {dagbag.py:487} INFO - Filling up the DagBag from /home/airflow/.local/lib/python3.6/site-packages/airflow/example_dags/example_latest_only.py
[2021-06-23 05:39:19,876] {scheduler_job.py:643} INFO - DAG(s) dict_keys(['latest_only']) retrieved from /home/airflow/.local/lib/python3.6/site-packages/airflow/example_dags/example_latest_only.py
[2021-06-23 05:39:19,931] {logging_mixin.py:104} INFO - [2021-06-23 05:39:19,931] {dag.py:1832} INFO - Sync 1 DAGs
[2021-06-23 05:39:19,980] {logging_mixin.py:104} INFO - [2021-06-23 05:39:19,980] {dag.py:2305} INFO - Setting next_dagrun for latest_only to 2021-06-21 00:00:00+00:00
[2021-06-23 05:39:20,049] {scheduler_job.py:190} INFO - Processing /home/airflow/.local/lib/python3.6/site-packages/airflow/example_dags/example_latest_only.py took 0.221 seconds
[2021-06-23 05:39:50,319] {scheduler_job.py:182} INFO - Started process (PID=399) to work on /home/airflow/.local/lib/python3.6/site-packages/airflow/example_dags/example_latest_only.py
[2021-06-23 05:39:50,321] {scheduler_job.py:633} INFO - Processing file /home/airflow/.local/lib/python3.6/site-packages/airflow/example_dags/example_latest_only.py for tasks to queue
[2021-06-23 05:39:50,323] {logging_mixin.py:104} INFO - [2021-06-23 05:39:50,323] {dagbag.py:487} INFO - Filling up the DagBag from /home/airflow/.local/lib/python3.6/site-packages/airflow/example_dags/example_latest_only.py
[2021-06-23 05:39:50,344] {scheduler_job.py:643} INFO - DAG(s) dict_keys(['latest_only']) retrieved from /home/airflow/.local/lib/python3.6/site-packages/airflow/example_dags/example_latest_only.py
[2021-06-23 05:39:50,392] {logging_mixin.py:104} INFO - [2021-06-23 05:39:50,392] {dag.py:1832} INFO - Sync 1 DAGs
[2021-06-23 05:39:50,457] {logging_mixin.py:104} INFO - [2021-06-23 05:39:50,457] {dag.py:2305} INFO - Setting next_dagrun for latest_only to 2021-06-21 00:00:00+00:00
[2021-06-23 05:39:50,479] {scheduler_job.py:190} INFO - Processing /home/airflow/.local/lib/python3.6/site-packages/airflow/example_dags/example_latest_only.py took 0.166 seconds
[2021-06-23 05:40:21,311] {scheduler_job.py:182} INFO - Started process (PID=461) to work on /home/airflow/.local/lib/python3.6/site-packages/airflow/example_dags/example_latest_only.py
[2021-06-23 05:40:21,317] {scheduler_job.py:633} INFO - Processing file /home/airflow/.local/lib/python3.6/site-packages/airflow/example_dags/example_latest_only.py for tasks to queue
[2021-06-23 05:40:21,318] {logging_mixin.py:104} INFO - [2021-06-23 05:40:21,318] {dagbag.py:487} INFO - Filling up the DagBag from /home/airflow/.local/lib/python3.6/site-packages/airflow/example_dags/example_latest_only.py
[2021-06-23 05:40:21,399] {scheduler_job.py:643} INFO - DAG(s) dict_keys(['latest_only']) retrieved from /home/airflow/.local/lib/python3.6/site-packages/airflow/example_dags/example_latest_only.py
[2021-06-23 05:40:21,448] {logging_mixin.py:104} INFO - [2021-06-23 05:40:21,447] {dag.py:1832} INFO - Sync 1 DAGs
[2021-06-23 05:40:21,540] {logging_mixin.py:104} INFO - [2021-06-23 05:40:21,540] {dag.py:2305} INFO - Setting next_dagrun for latest_only to 2021-06-21 00:00:00+00:00
[2021-06-23 05:40:21,589] {scheduler_job.py:190} INFO - Processing /home/airflow/.local/lib/python3.6/site-packages/airflow/example_dags/example_latest_only.py took 0.324 seconds
[2021-06-23 05:40:54,168] {scheduler_job.py:182} INFO - Started process (PID=528) to work on /home/airflow/.local/lib/python3.6/site-packages/airflow/example_dags/example_latest_only.py
[2021-06-23 05:40:54,192] {scheduler_job.py:633} INFO - Processing file /home/airflow/.local/lib/python3.6/site-packages/airflow/example_dags/example_latest_only.py for tasks to queue
[2021-06-23 05:40:54,194] {logging_mixin.py:104} INFO - [2021-06-23 05:40:54,194] {dagbag.py:487} INFO - Filling up the DagBag from /home/airflow/.local/lib/python3.6/site-packages/airflow/example_dags/example_latest_only.py
[2021-06-23 05:40:54,240] {scheduler_job.py:643} INFO - DAG(s) dict_keys(['latest_only']) retrieved from /home/airflow/.local/lib/python3.6/site-packages/airflow/example_dags/example_latest_only.py
[2021-06-23 05:40:54,415] {logging_mixin.py:104} INFO - [2021-06-23 05:40:54,415] {dag.py:1832} INFO - Sync 1 DAGs
[2021-06-23 05:40:54,555] {logging_mixin.py:104} INFO - [2021-06-23 05:40:54,555] {dag.py:2305} INFO - Setting next_dagrun for latest_only to 2021-06-21 00:00:00+00:00
[2021-06-23 05:40:54,592] {scheduler_job.py:190} INFO - Processing /home/airflow/.local/lib/python3.6/site-packages/airflow/example_dags/example_latest_only.py took 0.429 seconds
[2021-06-23 05:41:25,839] {scheduler_job.py:182} INFO - Started process (PID=593) to work on /home/airflow/.local/lib/python3.6/site-packages/airflow/example_dags/example_latest_only.py
[2021-06-23 05:41:25,859] {scheduler_job.py:633} INFO - Processing file /home/airflow/.local/lib/python3.6/site-packages/airflow/example_dags/example_latest_only.py for tasks to queue
[2021-06-23 05:41:25,860] {logging_mixin.py:104} INFO - [2021-06-23 05:41:25,860] {dagbag.py:487} INFO - Filling up the DagBag from /home/airflow/.local/lib/python3.6/site-packages/airflow/example_dags/example_latest_only.py
[2021-06-23 05:41:25,929] {scheduler_job.py:643} INFO - DAG(s) dict_keys(['latest_only']) retrieved from /home/airflow/.local/lib/python3.6/site-packages/airflow/example_dags/example_latest_only.py
[2021-06-23 05:41:26,067] {logging_mixin.py:104} INFO - [2021-06-23 05:41:26,059] {dag.py:1832} INFO - Sync 1 DAGs
[2021-06-23 05:41:26,116] {logging_mixin.py:104} INFO - [2021-06-23 05:41:26,116] {dag.py:2305} INFO - Setting next_dagrun for latest_only to 2021-06-21 00:00:00+00:00
[2021-06-23 05:41:26,239] {scheduler_job.py:190} INFO - Processing /home/airflow/.local/lib/python3.6/site-packages/airflow/example_dags/example_latest_only.py took 0.407 seconds
[2021-06-23 05:41:56,863] {scheduler_job.py:182} INFO - Started process (PID=655) to work on /home/airflow/.local/lib/python3.6/site-packages/airflow/example_dags/example_latest_only.py
[2021-06-23 05:41:56,888] {scheduler_job.py:633} INFO - Processing file /home/airflow/.local/lib/python3.6/site-packages/airflow/example_dags/example_latest_only.py for tasks to queue
[2021-06-23 05:41:56,889] {logging_mixin.py:104} INFO - [2021-06-23 05:41:56,889] {dagbag.py:487} INFO - Filling up the DagBag from /home/airflow/.local/lib/python3.6/site-packages/airflow/example_dags/example_latest_only.py
[2021-06-23 05:41:56,930] {scheduler_job.py:643} INFO - DAG(s) dict_keys(['latest_only']) retrieved from /home/airflow/.local/lib/python3.6/site-packages/airflow/example_dags/example_latest_only.py
[2021-06-23 05:41:57,164] {logging_mixin.py:104} INFO - [2021-06-23 05:41:57,163] {dag.py:1832} INFO - Sync 1 DAGs
[2021-06-23 05:41:57,264] {logging_mixin.py:104} INFO - [2021-06-23 05:41:57,264] {dag.py:2305} INFO - Setting next_dagrun for latest_only to 2021-06-21 00:00:00+00:00
[2021-06-23 05:41:57,386] {scheduler_job.py:190} INFO - Processing /home/airflow/.local/lib/python3.6/site-packages/airflow/example_dags/example_latest_only.py took 0.551 seconds
[2021-06-23 05:42:27,636] {scheduler_job.py:182} INFO - Started process (PID=717) to work on /home/airflow/.local/lib/python3.6/site-packages/airflow/example_dags/example_latest_only.py
[2021-06-23 05:42:27,639] {scheduler_job.py:633} INFO - Processing file /home/airflow/.local/lib/python3.6/site-packages/airflow/example_dags/example_latest_only.py for tasks to queue
[2021-06-23 05:42:27,640] {logging_mixin.py:104} INFO - [2021-06-23 05:42:27,639] {dagbag.py:487} INFO - Filling up the DagBag from /home/airflow/.local/lib/python3.6/site-packages/airflow/example_dags/example_latest_only.py
[2021-06-23 05:42:27,666] {scheduler_job.py:643} INFO - DAG(s) dict_keys(['latest_only']) retrieved from /home/airflow/.local/lib/python3.6/site-packages/airflow/example_dags/example_latest_only.py
[2021-06-23 05:42:27,728] {logging_mixin.py:104} INFO - [2021-06-23 05:42:27,727] {dag.py:1832} INFO - Sync 1 DAGs
[2021-06-23 05:42:27,757] {logging_mixin.py:104} INFO - [2021-06-23 05:42:27,757] {dag.py:2305} INFO - Setting next_dagrun for latest_only to 2021-06-21 00:00:00+00:00
[2021-06-23 05:42:27,784] {scheduler_job.py:190} INFO - Processing /home/airflow/.local/lib/python3.6/site-packages/airflow/example_dags/example_latest_only.py took 0.158 seconds
[2021-06-23 05:42:58,288] {scheduler_job.py:182} INFO - Started process (PID=795) to work on /home/airflow/.local/lib/python3.6/site-packages/airflow/example_dags/example_latest_only.py
[2021-06-23 05:42:58,289] {scheduler_job.py:633} INFO - Processing file /home/airflow/.local/lib/python3.6/site-packages/airflow/example_dags/example_latest_only.py for tasks to queue
[2021-06-23 05:42:58,296] {logging_mixin.py:104} INFO - [2021-06-23 05:42:58,296] {dagbag.py:487} INFO - Filling up the DagBag from /home/airflow/.local/lib/python3.6/site-packages/airflow/example_dags/example_latest_only.py
[2021-06-23 05:42:58,332] {scheduler_job.py:643} INFO - DAG(s) dict_keys(['latest_only']) retrieved from /home/airflow/.local/lib/python3.6/site-packages/airflow/example_dags/example_latest_only.py
[2021-06-23 05:42:58,399] {logging_mixin.py:104} INFO - [2021-06-23 05:42:58,397] {dag.py:1832} INFO - Sync 1 DAGs
[2021-06-23 05:42:58,430] {logging_mixin.py:104} INFO - [2021-06-23 05:42:58,430] {dag.py:2305} INFO - Setting next_dagrun for latest_only to 2021-06-21 00:00:00+00:00
[2021-06-23 05:42:58,476] {scheduler_job.py:190} INFO - Processing /home/airflow/.local/lib/python3.6/site-packages/airflow/example_dags/example_latest_only.py took 0.192 seconds
[2021-06-23 05:43:29,213] {scheduler_job.py:182} INFO - Started process (PID=859) to work on /home/airflow/.local/lib/python3.6/site-packages/airflow/example_dags/example_latest_only.py
[2021-06-23 05:43:29,214] {scheduler_job.py:633} INFO - Processing file /home/airflow/.local/lib/python3.6/site-packages/airflow/example_dags/example_latest_only.py for tasks to queue
[2021-06-23 05:43:29,215] {logging_mixin.py:104} INFO - [2021-06-23 05:43:29,215] {dagbag.py:487} INFO - Filling up the DagBag from /home/airflow/.local/lib/python3.6/site-packages/airflow/example_dags/example_latest_only.py
[2021-06-23 05:43:29,239] {scheduler_job.py:643} INFO - DAG(s) dict_keys(['latest_only']) retrieved from /home/airflow/.local/lib/python3.6/site-packages/airflow/example_dags/example_latest_only.py
[2021-06-23 05:43:29,290] {logging_mixin.py:104} INFO - [2021-06-23 05:43:29,290] {dag.py:1832} INFO - Sync 1 DAGs
[2021-06-23 05:43:29,313] {logging_mixin.py:104} INFO - [2021-06-23 05:43:29,312] {dag.py:2305} INFO - Setting next_dagrun for latest_only to 2021-06-21 00:00:00+00:00
[2021-06-23 05:43:29,329] {scheduler_job.py:190} INFO - Processing /home/airflow/.local/lib/python3.6/site-packages/airflow/example_dags/example_latest_only.py took 0.121 seconds
[2021-06-23 05:43:59,449] {scheduler_job.py:182} INFO - Started process (PID=921) to work on /home/airflow/.local/lib/python3.6/site-packages/airflow/example_dags/example_latest_only.py
[2021-06-23 05:43:59,450] {scheduler_job.py:633} INFO - Processing file /home/airflow/.local/lib/python3.6/site-packages/airflow/example_dags/example_latest_only.py for tasks to queue
[2021-06-23 05:43:59,461] {logging_mixin.py:104} INFO - [2021-06-23 05:43:59,461] {dagbag.py:487} INFO - Filling up the DagBag from /home/airflow/.local/lib/python3.6/site-packages/airflow/example_dags/example_latest_only.py
[2021-06-23 05:43:59,503] {scheduler_job.py:643} INFO - DAG(s) dict_keys(['latest_only']) retrieved from /home/airflow/.local/lib/python3.6/site-packages/airflow/example_dags/example_latest_only.py
[2021-06-23 05:43:59,574] {logging_mixin.py:104} INFO - [2021-06-23 05:43:59,573] {dag.py:1832} INFO - Sync 1 DAGs
[2021-06-23 05:43:59,624] {logging_mixin.py:104} INFO - [2021-06-23 05:43:59,624] {dag.py:2305} INFO - Setting next_dagrun for latest_only to 2021-06-21 00:00:00+00:00
[2021-06-23 05:43:59,677] {scheduler_job.py:190} INFO - Processing /home/airflow/.local/lib/python3.6/site-packages/airflow/example_dags/example_latest_only.py took 0.244 seconds
[2021-06-23 05:44:29,802] {scheduler_job.py:182} INFO - Started process (PID=984) to work on /home/airflow/.local/lib/python3.6/site-packages/airflow/example_dags/example_latest_only.py
[2021-06-23 05:44:29,804] {scheduler_job.py:633} INFO - Processing file /home/airflow/.local/lib/python3.6/site-packages/airflow/example_dags/example_latest_only.py for tasks to queue
[2021-06-23 05:44:29,806] {logging_mixin.py:104} INFO - [2021-06-23 05:44:29,805] {dagbag.py:487} INFO - Filling up the DagBag from /home/airflow/.local/lib/python3.6/site-packages/airflow/example_dags/example_latest_only.py
[2021-06-23 05:44:29,829] {scheduler_job.py:643} INFO - DAG(s) dict_keys(['latest_only']) retrieved from /home/airflow/.local/lib/python3.6/site-packages/airflow/example_dags/example_latest_only.py
[2021-06-23 05:44:29,876] {logging_mixin.py:104} INFO - [2021-06-23 05:44:29,876] {dag.py:1832} INFO - Sync 1 DAGs
[2021-06-23 05:44:29,903] {logging_mixin.py:104} INFO - [2021-06-23 05:44:29,903] {dag.py:2305} INFO - Setting next_dagrun for latest_only to 2021-06-21 00:00:00+00:00
[2021-06-23 05:44:29,920] {scheduler_job.py:190} INFO - Processing /home/airflow/.local/lib/python3.6/site-packages/airflow/example_dags/example_latest_only.py took 0.129 seconds
[2021-06-23 05:45:00,749] {scheduler_job.py:182} INFO - Started process (PID=1046) to work on /home/airflow/.local/lib/python3.6/site-packages/airflow/example_dags/example_latest_only.py
[2021-06-23 05:45:00,751] {scheduler_job.py:633} INFO - Processing file /home/airflow/.local/lib/python3.6/site-packages/airflow/example_dags/example_latest_only.py for tasks to queue
[2021-06-23 05:45:00,752] {logging_mixin.py:104} INFO - [2021-06-23 05:45:00,751] {dagbag.py:487} INFO - Filling up the DagBag from /home/airflow/.local/lib/python3.6/site-packages/airflow/example_dags/example_latest_only.py
[2021-06-23 05:45:00,782] {scheduler_job.py:643} INFO - DAG(s) dict_keys(['latest_only']) retrieved from /home/airflow/.local/lib/python3.6/site-packages/airflow/example_dags/example_latest_only.py
[2021-06-23 05:45:00,846] {logging_mixin.py:104} INFO - [2021-06-23 05:45:00,846] {dag.py:1832} INFO - Sync 1 DAGs
[2021-06-23 05:45:00,872] {logging_mixin.py:104} INFO - [2021-06-23 05:45:00,872] {dag.py:2305} INFO - Setting next_dagrun for latest_only to 2021-06-21 00:00:00+00:00
[2021-06-23 05:45:00,885] {scheduler_job.py:190} INFO - Processing /home/airflow/.local/lib/python3.6/site-packages/airflow/example_dags/example_latest_only.py took 0.143 seconds
[2021-06-23 05:45:32,038] {scheduler_job.py:182} INFO - Started process (PID=1120) to work on /home/airflow/.local/lib/python3.6/site-packages/airflow/example_dags/example_latest_only.py
[2021-06-23 05:45:32,092] {scheduler_job.py:633} INFO - Processing file /home/airflow/.local/lib/python3.6/site-packages/airflow/example_dags/example_latest_only.py for tasks to queue
[2021-06-23 05:45:32,123] {logging_mixin.py:104} INFO - [2021-06-23 05:45:32,123] {dagbag.py:487} INFO - Filling up the DagBag from /home/airflow/.local/lib/python3.6/site-packages/airflow/example_dags/example_latest_only.py
[2021-06-23 05:45:32,211] {scheduler_job.py:643} INFO - DAG(s) dict_keys(['latest_only']) retrieved from /home/airflow/.local/lib/python3.6/site-packages/airflow/example_dags/example_latest_only.py
[2021-06-23 05:45:32,356] {logging_mixin.py:104} INFO - [2021-06-23 05:45:32,356] {dag.py:1832} INFO - Sync 1 DAGs
[2021-06-23 05:45:32,417] {logging_mixin.py:104} INFO - [2021-06-23 05:45:32,417] {dag.py:2305} INFO - Setting next_dagrun for latest_only to 2021-06-21 00:00:00+00:00
[2021-06-23 05:45:32,524] {scheduler_job.py:190} INFO - Processing /home/airflow/.local/lib/python3.6/site-packages/airflow/example_dags/example_latest_only.py took 0.490 seconds
[2021-06-23 05:46:03,055] {scheduler_job.py:182} INFO - Started process (PID=1185) to work on /home/airflow/.local/lib/python3.6/site-packages/airflow/example_dags/example_latest_only.py
[2021-06-23 05:46:03,056] {scheduler_job.py:633} INFO - Processing file /home/airflow/.local/lib/python3.6/site-packages/airflow/example_dags/example_latest_only.py for tasks to queue
[2021-06-23 05:46:03,057] {logging_mixin.py:104} INFO - [2021-06-23 05:46:03,057] {dagbag.py:487} INFO - Filling up the DagBag from /home/airflow/.local/lib/python3.6/site-packages/airflow/example_dags/example_latest_only.py
[2021-06-23 05:46:03,072] {scheduler_job.py:643} INFO - DAG(s) dict_keys(['latest_only']) retrieved from /home/airflow/.local/lib/python3.6/site-packages/airflow/example_dags/example_latest_only.py
[2021-06-23 05:46:03,096] {logging_mixin.py:104} INFO - [2021-06-23 05:46:03,095] {dag.py:1832} INFO - Sync 1 DAGs
[2021-06-23 05:46:03,115] {logging_mixin.py:104} INFO - [2021-06-23 05:46:03,115] {dag.py:2305} INFO - Setting next_dagrun for latest_only to 2021-06-21 00:00:00+00:00
[2021-06-23 05:46:03,128] {scheduler_job.py:190} INFO - Processing /home/airflow/.local/lib/python3.6/site-packages/airflow/example_dags/example_latest_only.py took 0.076 seconds
[2021-06-23 05:46:33,905] {scheduler_job.py:182} INFO - Started process (PID=1248) to work on /home/airflow/.local/lib/python3.6/site-packages/airflow/example_dags/example_latest_only.py
[2021-06-23 05:46:33,907] {scheduler_job.py:633} INFO - Processing file /home/airflow/.local/lib/python3.6/site-packages/airflow/example_dags/example_latest_only.py for tasks to queue
[2021-06-23 05:46:33,909] {logging_mixin.py:104} INFO - [2021-06-23 05:46:33,908] {dagbag.py:487} INFO - Filling up the DagBag from /home/airflow/.local/lib/python3.6/site-packages/airflow/example_dags/example_latest_only.py
[2021-06-23 05:46:33,927] {scheduler_job.py:643} INFO - DAG(s) dict_keys(['latest_only']) retrieved from /home/airflow/.local/lib/python3.6/site-packages/airflow/example_dags/example_latest_only.py
[2021-06-23 05:46:33,964] {logging_mixin.py:104} INFO - [2021-06-23 05:46:33,964] {dag.py:1832} INFO - Sync 1 DAGs
[2021-06-23 05:46:33,993] {logging_mixin.py:104} INFO - [2021-06-23 05:46:33,992] {dag.py:2305} INFO - Setting next_dagrun for latest_only to 2021-06-21 00:00:00+00:00
[2021-06-23 05:46:34,012] {scheduler_job.py:190} INFO - Processing /home/airflow/.local/lib/python3.6/site-packages/airflow/example_dags/example_latest_only.py took 0.112 seconds
[2021-06-23 05:47:04,574] {scheduler_job.py:182} INFO - Started process (PID=1311) to work on /home/airflow/.local/lib/python3.6/site-packages/airflow/example_dags/example_latest_only.py
[2021-06-23 05:47:04,577] {scheduler_job.py:633} INFO - Processing file /home/airflow/.local/lib/python3.6/site-packages/airflow/example_dags/example_latest_only.py for tasks to queue
[2021-06-23 05:47:04,578] {logging_mixin.py:104} INFO - [2021-06-23 05:47:04,578] {dagbag.py:487} INFO - Filling up the DagBag from /home/airflow/.local/lib/python3.6/site-packages/airflow/example_dags/example_latest_only.py
[2021-06-23 05:47:04,592] {scheduler_job.py:643} INFO - DAG(s) dict_keys(['latest_only']) retrieved from /home/airflow/.local/lib/python3.6/site-packages/airflow/example_dags/example_latest_only.py
[2021-06-23 05:47:04,619] {logging_mixin.py:104} INFO - [2021-06-23 05:47:04,619] {dag.py:1832} INFO - Sync 1 DAGs
[2021-06-23 05:47:04,638] {logging_mixin.py:104} INFO - [2021-06-23 05:47:04,638] {dag.py:2305} INFO - Setting next_dagrun for latest_only to 2021-06-21 00:00:00+00:00
[2021-06-23 05:47:04,655] {scheduler_job.py:190} INFO - Processing /home/airflow/.local/lib/python3.6/site-packages/airflow/example_dags/example_latest_only.py took 0.085 seconds
[2021-06-23 05:47:34,869] {scheduler_job.py:182} INFO - Started process (PID=1375) to work on /home/airflow/.local/lib/python3.6/site-packages/airflow/example_dags/example_latest_only.py
[2021-06-23 05:47:34,870] {scheduler_job.py:633} INFO - Processing file /home/airflow/.local/lib/python3.6/site-packages/airflow/example_dags/example_latest_only.py for tasks to queue
[2021-06-23 05:47:34,871] {logging_mixin.py:104} INFO - [2021-06-23 05:47:34,871] {dagbag.py:487} INFO - Filling up the DagBag from /home/airflow/.local/lib/python3.6/site-packages/airflow/example_dags/example_latest_only.py
[2021-06-23 05:47:34,894] {scheduler_job.py:643} INFO - DAG(s) dict_keys(['latest_only']) retrieved from /home/airflow/.local/lib/python3.6/site-packages/airflow/example_dags/example_latest_only.py
[2021-06-23 05:47:34,942] {logging_mixin.py:104} INFO - [2021-06-23 05:47:34,941] {dag.py:1832} INFO - Sync 1 DAGs
[2021-06-23 05:47:34,977] {logging_mixin.py:104} INFO - [2021-06-23 05:47:34,977] {dag.py:2305} INFO - Setting next_dagrun for latest_only to 2021-06-21 00:00:00+00:00
[2021-06-23 05:47:35,003] {scheduler_job.py:190} INFO - Processing /home/airflow/.local/lib/python3.6/site-packages/airflow/example_dags/example_latest_only.py took 0.140 seconds
[2021-06-23 05:48:05,249] {scheduler_job.py:182} INFO - Started process (PID=1437) to work on /home/airflow/.local/lib/python3.6/site-packages/airflow/example_dags/example_latest_only.py
[2021-06-23 05:48:05,251] {scheduler_job.py:633} INFO - Processing file /home/airflow/.local/lib/python3.6/site-packages/airflow/example_dags/example_latest_only.py for tasks to queue
[2021-06-23 05:48:05,257] {logging_mixin.py:104} INFO - [2021-06-23 05:48:05,256] {dagbag.py:487} INFO - Filling up the DagBag from /home/airflow/.local/lib/python3.6/site-packages/airflow/example_dags/example_latest_only.py
[2021-06-23 05:48:05,283] {scheduler_job.py:643} INFO - DAG(s) dict_keys(['latest_only']) retrieved from /home/airflow/.local/lib/python3.6/site-packages/airflow/example_dags/example_latest_only.py
[2021-06-23 05:48:05,323] {logging_mixin.py:104} INFO - [2021-06-23 05:48:05,323] {dag.py:1832} INFO - Sync 1 DAGs
[2021-06-23 05:48:05,366] {logging_mixin.py:104} INFO - [2021-06-23 05:48:05,366] {dag.py:2305} INFO - Setting next_dagrun for latest_only to 2021-06-21 00:00:00+00:00
[2021-06-23 05:48:05,395] {scheduler_job.py:190} INFO - Processing /home/airflow/.local/lib/python3.6/site-packages/airflow/example_dags/example_latest_only.py took 0.150 seconds
[2021-06-23 05:48:36,035] {scheduler_job.py:182} INFO - Started process (PID=1508) to work on /home/airflow/.local/lib/python3.6/site-packages/airflow/example_dags/example_latest_only.py
[2021-06-23 05:48:36,042] {scheduler_job.py:633} INFO - Processing file /home/airflow/.local/lib/python3.6/site-packages/airflow/example_dags/example_latest_only.py for tasks to queue
[2021-06-23 05:48:36,043] {logging_mixin.py:104} INFO - [2021-06-23 05:48:36,042] {dagbag.py:487} INFO - Filling up the DagBag from /home/airflow/.local/lib/python3.6/site-packages/airflow/example_dags/example_latest_only.py
[2021-06-23 05:48:36,063] {scheduler_job.py:643} INFO - DAG(s) dict_keys(['latest_only']) retrieved from /home/airflow/.local/lib/python3.6/site-packages/airflow/example_dags/example_latest_only.py
[2021-06-23 05:48:36,107] {logging_mixin.py:104} INFO - [2021-06-23 05:48:36,106] {dag.py:1832} INFO - Sync 1 DAGs
[2021-06-23 05:48:36,142] {logging_mixin.py:104} INFO - [2021-06-23 05:48:36,141] {dag.py:2305} INFO - Setting next_dagrun for latest_only to 2021-06-21 00:00:00+00:00
[2021-06-23 05:48:36,160] {scheduler_job.py:190} INFO - Processing /home/airflow/.local/lib/python3.6/site-packages/airflow/example_dags/example_latest_only.py took 0.132 seconds
[2021-06-23 05:49:06,390] {scheduler_job.py:182} INFO - Started process (PID=1577) to work on /home/airflow/.local/lib/python3.6/site-packages/airflow/example_dags/example_latest_only.py
[2021-06-23 05:49:06,391] {scheduler_job.py:633} INFO - Processing file /home/airflow/.local/lib/python3.6/site-packages/airflow/example_dags/example_latest_only.py for tasks to queue
[2021-06-23 05:49:06,393] {logging_mixin.py:104} INFO - [2021-06-23 05:49:06,392] {dagbag.py:487} INFO - Filling up the DagBag from /home/airflow/.local/lib/python3.6/site-packages/airflow/example_dags/example_latest_only.py
[2021-06-23 05:49:06,445] {scheduler_job.py:643} INFO - DAG(s) dict_keys(['latest_only']) retrieved from /home/airflow/.local/lib/python3.6/site-packages/airflow/example_dags/example_latest_only.py
[2021-06-23 05:49:06,539] {logging_mixin.py:104} INFO - [2021-06-23 05:49:06,539] {dag.py:1832} INFO - Sync 1 DAGs
[2021-06-23 05:49:06,575] {logging_mixin.py:104} INFO - [2021-06-23 05:49:06,575] {dag.py:2305} INFO - Setting next_dagrun for latest_only to 2021-06-21 00:00:00+00:00
[2021-06-23 05:49:06,593] {scheduler_job.py:190} INFO - Processing /home/airflow/.local/lib/python3.6/site-packages/airflow/example_dags/example_latest_only.py took 0.214 seconds
[2021-06-23 05:49:37,005] {scheduler_job.py:182} INFO - Started process (PID=1639) to work on /home/airflow/.local/lib/python3.6/site-packages/airflow/example_dags/example_latest_only.py
[2021-06-23 05:49:37,007] {scheduler_job.py:633} INFO - Processing file /home/airflow/.local/lib/python3.6/site-packages/airflow/example_dags/example_latest_only.py for tasks to queue
[2021-06-23 05:49:37,008] {logging_mixin.py:104} INFO - [2021-06-23 05:49:37,007] {dagbag.py:487} INFO - Filling up the DagBag from /home/airflow/.local/lib/python3.6/site-packages/airflow/example_dags/example_latest_only.py
[2021-06-23 05:49:37,026] {scheduler_job.py:643} INFO - DAG(s) dict_keys(['latest_only']) retrieved from /home/airflow/.local/lib/python3.6/site-packages/airflow/example_dags/example_latest_only.py
[2021-06-23 05:49:37,076] {logging_mixin.py:104} INFO - [2021-06-23 05:49:37,075] {dag.py:1832} INFO - Sync 1 DAGs
[2021-06-23 05:49:37,111] {logging_mixin.py:104} INFO - [2021-06-23 05:49:37,111] {dag.py:2305} INFO - Setting next_dagrun for latest_only to 2021-06-21 00:00:00+00:00
[2021-06-23 05:49:37,133] {scheduler_job.py:190} INFO - Processing /home/airflow/.local/lib/python3.6/site-packages/airflow/example_dags/example_latest_only.py took 0.133 seconds
[2021-06-23 05:50:07,430] {scheduler_job.py:182} INFO - Started process (PID=1700) to work on /home/airflow/.local/lib/python3.6/site-packages/airflow/example_dags/example_latest_only.py
[2021-06-23 05:50:07,432] {scheduler_job.py:633} INFO - Processing file /home/airflow/.local/lib/python3.6/site-packages/airflow/example_dags/example_latest_only.py for tasks to queue
[2021-06-23 05:50:07,433] {logging_mixin.py:104} INFO - [2021-06-23 05:50:07,433] {dagbag.py:487} INFO - Filling up the DagBag from /home/airflow/.local/lib/python3.6/site-packages/airflow/example_dags/example_latest_only.py
[2021-06-23 05:50:07,463] {scheduler_job.py:643} INFO - DAG(s) dict_keys(['latest_only']) retrieved from /home/airflow/.local/lib/python3.6/site-packages/airflow/example_dags/example_latest_only.py
[2021-06-23 05:50:07,500] {logging_mixin.py:104} INFO - [2021-06-23 05:50:07,500] {dag.py:1832} INFO - Sync 1 DAGs
[2021-06-23 05:50:07,540] {logging_mixin.py:104} INFO - [2021-06-23 05:50:07,539] {dag.py:2305} INFO - Setting next_dagrun for latest_only to 2021-06-21 00:00:00+00:00
[2021-06-23 05:50:07,569] {scheduler_job.py:190} INFO - Processing /home/airflow/.local/lib/python3.6/site-packages/airflow/example_dags/example_latest_only.py took 0.143 seconds
[2021-06-23 05:50:38,187] {scheduler_job.py:182} INFO - Started process (PID=1762) to work on /home/airflow/.local/lib/python3.6/site-packages/airflow/example_dags/example_latest_only.py
[2021-06-23 05:50:38,192] {scheduler_job.py:633} INFO - Processing file /home/airflow/.local/lib/python3.6/site-packages/airflow/example_dags/example_latest_only.py for tasks to queue
[2021-06-23 05:50:38,196] {logging_mixin.py:104} INFO - [2021-06-23 05:50:38,196] {dagbag.py:487} INFO - Filling up the DagBag from /home/airflow/.local/lib/python3.6/site-packages/airflow/example_dags/example_latest_only.py
[2021-06-23 05:50:38,258] {scheduler_job.py:643} INFO - DAG(s) dict_keys(['latest_only']) retrieved from /home/airflow/.local/lib/python3.6/site-packages/airflow/example_dags/example_latest_only.py
[2021-06-23 05:50:38,468] {logging_mixin.py:104} INFO - [2021-06-23 05:50:38,468] {dag.py:1832} INFO - Sync 1 DAGs
[2021-06-23 05:50:38,521] {logging_mixin.py:104} INFO - [2021-06-23 05:50:38,520] {dag.py:2305} INFO - Setting next_dagrun for latest_only to 2021-06-21 00:00:00+00:00
[2021-06-23 05:50:38,559] {scheduler_job.py:190} INFO - Processing /home/airflow/.local/lib/python3.6/site-packages/airflow/example_dags/example_latest_only.py took 0.396 seconds
[2021-06-23 05:51:08,724] {scheduler_job.py:182} INFO - Started process (PID=1823) to work on /home/airflow/.local/lib/python3.6/site-packages/airflow/example_dags/example_latest_only.py
[2021-06-23 05:51:08,725] {scheduler_job.py:633} INFO - Processing file /home/airflow/.local/lib/python3.6/site-packages/airflow/example_dags/example_latest_only.py for tasks to queue
[2021-06-23 05:51:08,726] {logging_mixin.py:104} INFO - [2021-06-23 05:51:08,726] {dagbag.py:487} INFO - Filling up the DagBag from /home/airflow/.local/lib/python3.6/site-packages/airflow/example_dags/example_latest_only.py
[2021-06-23 05:51:08,743] {scheduler_job.py:643} INFO - DAG(s) dict_keys(['latest_only']) retrieved from /home/airflow/.local/lib/python3.6/site-packages/airflow/example_dags/example_latest_only.py
[2021-06-23 05:51:08,786] {logging_mixin.py:104} INFO - [2021-06-23 05:51:08,786] {dag.py:1832} INFO - Sync 1 DAGs
[2021-06-23 05:51:08,806] {logging_mixin.py:104} INFO - [2021-06-23 05:51:08,806] {dag.py:2305} INFO - Setting next_dagrun for latest_only to 2021-06-21 00:00:00+00:00
[2021-06-23 05:51:08,832] {scheduler_job.py:190} INFO - Processing /home/airflow/.local/lib/python3.6/site-packages/airflow/example_dags/example_latest_only.py took 0.113 seconds
[2021-06-23 05:51:39,617] {scheduler_job.py:182} INFO - Started process (PID=1902) to work on /home/airflow/.local/lib/python3.6/site-packages/airflow/example_dags/example_latest_only.py
[2021-06-23 05:51:39,619] {scheduler_job.py:633} INFO - Processing file /home/airflow/.local/lib/python3.6/site-packages/airflow/example_dags/example_latest_only.py for tasks to queue
[2021-06-23 05:51:39,620] {logging_mixin.py:104} INFO - [2021-06-23 05:51:39,620] {dagbag.py:487} INFO - Filling up the DagBag from /home/airflow/.local/lib/python3.6/site-packages/airflow/example_dags/example_latest_only.py
[2021-06-23 05:51:39,644] {scheduler_job.py:643} INFO - DAG(s) dict_keys(['latest_only']) retrieved from /home/airflow/.local/lib/python3.6/site-packages/airflow/example_dags/example_latest_only.py
[2021-06-23 05:51:39,722] {logging_mixin.py:104} INFO - [2021-06-23 05:51:39,722] {dag.py:1832} INFO - Sync 1 DAGs
[2021-06-23 05:51:39,748] {logging_mixin.py:104} INFO - [2021-06-23 05:51:39,748] {dag.py:2305} INFO - Setting next_dagrun for latest_only to 2021-06-21 00:00:00+00:00
[2021-06-23 05:51:39,775] {scheduler_job.py:190} INFO - Processing /home/airflow/.local/lib/python3.6/site-packages/airflow/example_dags/example_latest_only.py took 0.171 seconds
[2021-06-23 05:52:10,313] {scheduler_job.py:182} INFO - Started process (PID=1965) to work on /home/airflow/.local/lib/python3.6/site-packages/airflow/example_dags/example_latest_only.py
[2021-06-23 05:52:10,316] {scheduler_job.py:633} INFO - Processing file /home/airflow/.local/lib/python3.6/site-packages/airflow/example_dags/example_latest_only.py for tasks to queue
[2021-06-23 05:52:10,317] {logging_mixin.py:104} INFO - [2021-06-23 05:52:10,317] {dagbag.py:487} INFO - Filling up the DagBag from /home/airflow/.local/lib/python3.6/site-packages/airflow/example_dags/example_latest_only.py
[2021-06-23 05:52:10,344] {scheduler_job.py:643} INFO - DAG(s) dict_keys(['latest_only']) retrieved from /home/airflow/.local/lib/python3.6/site-packages/airflow/example_dags/example_latest_only.py
[2021-06-23 05:52:10,392] {logging_mixin.py:104} INFO - [2021-06-23 05:52:10,392] {dag.py:1832} INFO - Sync 1 DAGs
[2021-06-23 05:52:10,419] {logging_mixin.py:104} INFO - [2021-06-23 05:52:10,419] {dag.py:2305} INFO - Setting next_dagrun for latest_only to 2021-06-21 00:00:00+00:00
[2021-06-23 05:52:10,434] {scheduler_job.py:190} INFO - Processing /home/airflow/.local/lib/python3.6/site-packages/airflow/example_dags/example_latest_only.py took 0.125 seconds
[2021-06-23 05:52:41,144] {scheduler_job.py:182} INFO - Started process (PID=2030) to work on /home/airflow/.local/lib/python3.6/site-packages/airflow/example_dags/example_latest_only.py
[2021-06-23 05:52:41,145] {scheduler_job.py:633} INFO - Processing file /home/airflow/.local/lib/python3.6/site-packages/airflow/example_dags/example_latest_only.py for tasks to queue
[2021-06-23 05:52:41,147] {logging_mixin.py:104} INFO - [2021-06-23 05:52:41,146] {dagbag.py:487} INFO - Filling up the DagBag from /home/airflow/.local/lib/python3.6/site-packages/airflow/example_dags/example_latest_only.py
[2021-06-23 05:52:41,188] {scheduler_job.py:643} INFO - DAG(s) dict_keys(['latest_only']) retrieved from /home/airflow/.local/lib/python3.6/site-packages/airflow/example_dags/example_latest_only.py
[2021-06-23 05:52:41,253] {logging_mixin.py:104} INFO - [2021-06-23 05:52:41,253] {dag.py:1832} INFO - Sync 1 DAGs
[2021-06-23 05:52:41,305] {logging_mixin.py:104} INFO - [2021-06-23 05:52:41,305] {dag.py:2305} INFO - Setting next_dagrun for latest_only to 2021-06-21 00:00:00+00:00
[2021-06-23 05:52:41,358] {scheduler_job.py:190} INFO - Processing /home/airflow/.local/lib/python3.6/site-packages/airflow/example_dags/example_latest_only.py took 0.229 seconds
[2021-06-23 05:53:11,440] {scheduler_job.py:182} INFO - Started process (PID=2092) to work on /home/airflow/.local/lib/python3.6/site-packages/airflow/example_dags/example_latest_only.py
[2021-06-23 05:53:11,441] {scheduler_job.py:633} INFO - Processing file /home/airflow/.local/lib/python3.6/site-packages/airflow/example_dags/example_latest_only.py for tasks to queue
[2021-06-23 05:53:11,442] {logging_mixin.py:104} INFO - [2021-06-23 05:53:11,442] {dagbag.py:487} INFO - Filling up the DagBag from /home/airflow/.local/lib/python3.6/site-packages/airflow/example_dags/example_latest_only.py
[2021-06-23 05:53:11,480] {scheduler_job.py:643} INFO - DAG(s) dict_keys(['latest_only']) retrieved from /home/airflow/.local/lib/python3.6/site-packages/airflow/example_dags/example_latest_only.py
[2021-06-23 05:53:11,534] {logging_mixin.py:104} INFO - [2021-06-23 05:53:11,534] {dag.py:1832} INFO - Sync 1 DAGs
[2021-06-23 05:53:11,603] {logging_mixin.py:104} INFO - [2021-06-23 05:53:11,603] {dag.py:2305} INFO - Setting next_dagrun for latest_only to 2021-06-21 00:00:00+00:00
[2021-06-23 05:53:11,644] {scheduler_job.py:190} INFO - Processing /home/airflow/.local/lib/python3.6/site-packages/airflow/example_dags/example_latest_only.py took 0.209 seconds
[2021-06-23 05:53:41,862] {scheduler_job.py:182} INFO - Started process (PID=2153) to work on /home/airflow/.local/lib/python3.6/site-packages/airflow/example_dags/example_latest_only.py
[2021-06-23 05:53:41,864] {scheduler_job.py:633} INFO - Processing file /home/airflow/.local/lib/python3.6/site-packages/airflow/example_dags/example_latest_only.py for tasks to queue
[2021-06-23 05:53:41,876] {logging_mixin.py:104} INFO - [2021-06-23 05:53:41,865] {dagbag.py:487} INFO - Filling up the DagBag from /home/airflow/.local/lib/python3.6/site-packages/airflow/example_dags/example_latest_only.py
[2021-06-23 05:53:41,932] {scheduler_job.py:643} INFO - DAG(s) dict_keys(['latest_only']) retrieved from /home/airflow/.local/lib/python3.6/site-packages/airflow/example_dags/example_latest_only.py
[2021-06-23 05:53:42,009] {logging_mixin.py:104} INFO - [2021-06-23 05:53:42,008] {dag.py:1832} INFO - Sync 1 DAGs
[2021-06-23 05:53:42,108] {logging_mixin.py:104} INFO - [2021-06-23 05:53:42,108] {dag.py:2305} INFO - Setting next_dagrun for latest_only to 2021-06-21 00:00:00+00:00
[2021-06-23 05:53:42,181] {scheduler_job.py:190} INFO - Processing /home/airflow/.local/lib/python3.6/site-packages/airflow/example_dags/example_latest_only.py took 0.324 seconds
[2021-06-23 05:54:12,284] {scheduler_job.py:182} INFO - Started process (PID=2216) to work on /home/airflow/.local/lib/python3.6/site-packages/airflow/example_dags/example_latest_only.py
[2021-06-23 05:54:12,296] {scheduler_job.py:633} INFO - Processing file /home/airflow/.local/lib/python3.6/site-packages/airflow/example_dags/example_latest_only.py for tasks to queue
[2021-06-23 05:54:12,298] {logging_mixin.py:104} INFO - [2021-06-23 05:54:12,297] {dagbag.py:487} INFO - Filling up the DagBag from /home/airflow/.local/lib/python3.6/site-packages/airflow/example_dags/example_latest_only.py
[2021-06-23 05:54:12,336] {scheduler_job.py:643} INFO - DAG(s) dict_keys(['latest_only']) retrieved from /home/airflow/.local/lib/python3.6/site-packages/airflow/example_dags/example_latest_only.py
[2021-06-23 05:54:12,477] {logging_mixin.py:104} INFO - [2021-06-23 05:54:12,476] {dag.py:1832} INFO - Sync 1 DAGs
[2021-06-23 05:54:12,557] {logging_mixin.py:104} INFO - [2021-06-23 05:54:12,556] {dag.py:2305} INFO - Setting next_dagrun for latest_only to 2021-06-21 00:00:00+00:00
[2021-06-23 05:54:12,611] {scheduler_job.py:190} INFO - Processing /home/airflow/.local/lib/python3.6/site-packages/airflow/example_dags/example_latest_only.py took 0.332 seconds
[2021-06-23 05:54:43,004] {scheduler_job.py:182} INFO - Started process (PID=2292) to work on /home/airflow/.local/lib/python3.6/site-packages/airflow/example_dags/example_latest_only.py
[2021-06-23 05:54:43,006] {scheduler_job.py:633} INFO - Processing file /home/airflow/.local/lib/python3.6/site-packages/airflow/example_dags/example_latest_only.py for tasks to queue
[2021-06-23 05:54:43,007] {logging_mixin.py:104} INFO - [2021-06-23 05:54:43,007] {dagbag.py:487} INFO - Filling up the DagBag from /home/airflow/.local/lib/python3.6/site-packages/airflow/example_dags/example_latest_only.py
[2021-06-23 05:54:43,071] {scheduler_job.py:643} INFO - DAG(s) dict_keys(['latest_only']) retrieved from /home/airflow/.local/lib/python3.6/site-packages/airflow/example_dags/example_latest_only.py
[2021-06-23 05:54:43,171] {logging_mixin.py:104} INFO - [2021-06-23 05:54:43,171] {dag.py:1832} INFO - Sync 1 DAGs
[2021-06-23 05:54:43,280] {logging_mixin.py:104} INFO - [2021-06-23 05:54:43,280] {dag.py:2305} INFO - Setting next_dagrun for latest_only to 2021-06-21 00:00:00+00:00
[2021-06-23 05:54:43,324] {scheduler_job.py:190} INFO - Processing /home/airflow/.local/lib/python3.6/site-packages/airflow/example_dags/example_latest_only.py took 0.337 seconds
[2021-06-23 05:55:13,750] {scheduler_job.py:182} INFO - Started process (PID=2359) to work on /home/airflow/.local/lib/python3.6/site-packages/airflow/example_dags/example_latest_only.py
[2021-06-23 05:55:13,752] {scheduler_job.py:633} INFO - Processing file /home/airflow/.local/lib/python3.6/site-packages/airflow/example_dags/example_latest_only.py for tasks to queue
[2021-06-23 05:55:13,753] {logging_mixin.py:104} INFO - [2021-06-23 05:55:13,753] {dagbag.py:487} INFO - Filling up the DagBag from /home/airflow/.local/lib/python3.6/site-packages/airflow/example_dags/example_latest_only.py
[2021-06-23 05:55:13,798] {scheduler_job.py:643} INFO - DAG(s) dict_keys(['latest_only']) retrieved from /home/airflow/.local/lib/python3.6/site-packages/airflow/example_dags/example_latest_only.py
[2021-06-23 05:55:13,898] {logging_mixin.py:104} INFO - [2021-06-23 05:55:13,897] {dag.py:1832} INFO - Sync 1 DAGs
[2021-06-23 05:55:14,034] {logging_mixin.py:104} INFO - [2021-06-23 05:55:14,034] {dag.py:2305} INFO - Setting next_dagrun for latest_only to 2021-06-21 00:00:00+00:00
[2021-06-23 05:55:14,095] {scheduler_job.py:190} INFO - Processing /home/airflow/.local/lib/python3.6/site-packages/airflow/example_dags/example_latest_only.py took 0.358 seconds
[2021-06-23 05:55:44,519] {scheduler_job.py:182} INFO - Started process (PID=2420) to work on /home/airflow/.local/lib/python3.6/site-packages/airflow/example_dags/example_latest_only.py
[2021-06-23 05:55:44,521] {scheduler_job.py:633} INFO - Processing file /home/airflow/.local/lib/python3.6/site-packages/airflow/example_dags/example_latest_only.py for tasks to queue
[2021-06-23 05:55:44,522] {logging_mixin.py:104} INFO - [2021-06-23 05:55:44,522] {dagbag.py:487} INFO - Filling up the DagBag from /home/airflow/.local/lib/python3.6/site-packages/airflow/example_dags/example_latest_only.py
[2021-06-23 05:55:44,551] {scheduler_job.py:643} INFO - DAG(s) dict_keys(['latest_only']) retrieved from /home/airflow/.local/lib/python3.6/site-packages/airflow/example_dags/example_latest_only.py
[2021-06-23 05:55:44,581] {logging_mixin.py:104} INFO - [2021-06-23 05:55:44,581] {dag.py:1832} INFO - Sync 1 DAGs
[2021-06-23 05:55:44,603] {logging_mixin.py:104} INFO - [2021-06-23 05:55:44,603] {dag.py:2305} INFO - Setting next_dagrun for latest_only to 2021-06-21 00:00:00+00:00
[2021-06-23 05:55:44,637] {scheduler_job.py:190} INFO - Processing /home/airflow/.local/lib/python3.6/site-packages/airflow/example_dags/example_latest_only.py took 0.122 seconds
[2021-06-23 05:56:15,939] {scheduler_job.py:182} INFO - Started process (PID=2482) to work on /home/airflow/.local/lib/python3.6/site-packages/airflow/example_dags/example_latest_only.py
[2021-06-23 05:56:15,945] {scheduler_job.py:633} INFO - Processing file /home/airflow/.local/lib/python3.6/site-packages/airflow/example_dags/example_latest_only.py for tasks to queue
[2021-06-23 05:56:15,948] {logging_mixin.py:104} INFO - [2021-06-23 05:56:15,948] {dagbag.py:487} INFO - Filling up the DagBag from /home/airflow/.local/lib/python3.6/site-packages/airflow/example_dags/example_latest_only.py
[2021-06-23 05:56:15,981] {scheduler_job.py:643} INFO - DAG(s) dict_keys(['latest_only']) retrieved from /home/airflow/.local/lib/python3.6/site-packages/airflow/example_dags/example_latest_only.py
[2021-06-23 05:56:16,022] {logging_mixin.py:104} INFO - [2021-06-23 05:56:16,021] {dag.py:1832} INFO - Sync 1 DAGs
[2021-06-23 05:56:16,057] {logging_mixin.py:104} INFO - [2021-06-23 05:56:16,057] {dag.py:2305} INFO - Setting next_dagrun for latest_only to 2021-06-21 00:00:00+00:00
[2021-06-23 05:56:16,084] {scheduler_job.py:190} INFO - Processing /home/airflow/.local/lib/python3.6/site-packages/airflow/example_dags/example_latest_only.py took 0.150 seconds
[2021-06-23 05:56:46,159] {scheduler_job.py:182} INFO - Started process (PID=2544) to work on /home/airflow/.local/lib/python3.6/site-packages/airflow/example_dags/example_latest_only.py
[2021-06-23 05:56:46,161] {scheduler_job.py:633} INFO - Processing file /home/airflow/.local/lib/python3.6/site-packages/airflow/example_dags/example_latest_only.py for tasks to queue
[2021-06-23 05:56:46,162] {logging_mixin.py:104} INFO - [2021-06-23 05:56:46,162] {dagbag.py:487} INFO - Filling up the DagBag from /home/airflow/.local/lib/python3.6/site-packages/airflow/example_dags/example_latest_only.py
[2021-06-23 05:56:46,180] {scheduler_job.py:643} INFO - DAG(s) dict_keys(['latest_only']) retrieved from /home/airflow/.local/lib/python3.6/site-packages/airflow/example_dags/example_latest_only.py
[2021-06-23 05:56:46,210] {logging_mixin.py:104} INFO - [2021-06-23 05:56:46,210] {dag.py:1832} INFO - Sync 1 DAGs
[2021-06-23 05:56:46,250] {logging_mixin.py:104} INFO - [2021-06-23 05:56:46,250] {dag.py:2305} INFO - Setting next_dagrun for latest_only to 2021-06-21 00:00:00+00:00
[2021-06-23 05:56:46,273] {scheduler_job.py:190} INFO - Processing /home/airflow/.local/lib/python3.6/site-packages/airflow/example_dags/example_latest_only.py took 0.117 seconds
[2021-06-23 05:57:16,911] {scheduler_job.py:182} INFO - Started process (PID=2609) to work on /home/airflow/.local/lib/python3.6/site-packages/airflow/example_dags/example_latest_only.py
[2021-06-23 05:57:16,969] {scheduler_job.py:633} INFO - Processing file /home/airflow/.local/lib/python3.6/site-packages/airflow/example_dags/example_latest_only.py for tasks to queue
[2021-06-23 05:57:16,970] {logging_mixin.py:104} INFO - [2021-06-23 05:57:16,970] {dagbag.py:487} INFO - Filling up the DagBag from /home/airflow/.local/lib/python3.6/site-packages/airflow/example_dags/example_latest_only.py
[2021-06-23 05:57:17,163] {scheduler_job.py:643} INFO - DAG(s) dict_keys(['latest_only']) retrieved from /home/airflow/.local/lib/python3.6/site-packages/airflow/example_dags/example_latest_only.py
[2021-06-23 05:57:17,430] {logging_mixin.py:104} INFO - [2021-06-23 05:57:17,429] {dag.py:1832} INFO - Sync 1 DAGs
[2021-06-23 05:57:17,671] {logging_mixin.py:104} INFO - [2021-06-23 05:57:17,671] {dag.py:2305} INFO - Setting next_dagrun for latest_only to 2021-06-21 00:00:00+00:00
[2021-06-23 05:57:17,751] {scheduler_job.py:190} INFO - Processing /home/airflow/.local/lib/python3.6/site-packages/airflow/example_dags/example_latest_only.py took 0.865 seconds
[2021-06-23 05:57:48,006] {scheduler_job.py:182} INFO - Started process (PID=2670) to work on /home/airflow/.local/lib/python3.6/site-packages/airflow/example_dags/example_latest_only.py
[2021-06-23 05:57:48,008] {scheduler_job.py:633} INFO - Processing file /home/airflow/.local/lib/python3.6/site-packages/airflow/example_dags/example_latest_only.py for tasks to queue
[2021-06-23 05:57:48,018] {logging_mixin.py:104} INFO - [2021-06-23 05:57:48,018] {dagbag.py:487} INFO - Filling up the DagBag from /home/airflow/.local/lib/python3.6/site-packages/airflow/example_dags/example_latest_only.py
[2021-06-23 05:57:48,038] {scheduler_job.py:643} INFO - DAG(s) dict_keys(['latest_only']) retrieved from /home/airflow/.local/lib/python3.6/site-packages/airflow/example_dags/example_latest_only.py
[2021-06-23 05:57:48,073] {logging_mixin.py:104} INFO - [2021-06-23 05:57:48,073] {dag.py:1832} INFO - Sync 1 DAGs
[2021-06-23 05:57:48,111] {logging_mixin.py:104} INFO - [2021-06-23 05:57:48,111] {dag.py:2305} INFO - Setting next_dagrun for latest_only to 2021-06-21 00:00:00+00:00
[2021-06-23 05:57:48,142] {scheduler_job.py:190} INFO - Processing /home/airflow/.local/lib/python3.6/site-packages/airflow/example_dags/example_latest_only.py took 0.140 seconds
[2021-06-23 05:58:18,387] {scheduler_job.py:182} INFO - Started process (PID=2745) to work on /home/airflow/.local/lib/python3.6/site-packages/airflow/example_dags/example_latest_only.py
[2021-06-23 05:58:18,389] {scheduler_job.py:633} INFO - Processing file /home/airflow/.local/lib/python3.6/site-packages/airflow/example_dags/example_latest_only.py for tasks to queue
[2021-06-23 05:58:18,394] {logging_mixin.py:104} INFO - [2021-06-23 05:58:18,394] {dagbag.py:487} INFO - Filling up the DagBag from /home/airflow/.local/lib/python3.6/site-packages/airflow/example_dags/example_latest_only.py
[2021-06-23 05:58:18,414] {scheduler_job.py:643} INFO - DAG(s) dict_keys(['latest_only']) retrieved from /home/airflow/.local/lib/python3.6/site-packages/airflow/example_dags/example_latest_only.py
[2021-06-23 05:58:18,455] {logging_mixin.py:104} INFO - [2021-06-23 05:58:18,454] {dag.py:1832} INFO - Sync 1 DAGs
[2021-06-23 05:58:18,484] {logging_mixin.py:104} INFO - [2021-06-23 05:58:18,484] {dag.py:2305} INFO - Setting next_dagrun for latest_only to 2021-06-21 00:00:00+00:00
[2021-06-23 05:58:18,502] {scheduler_job.py:190} INFO - Processing /home/airflow/.local/lib/python3.6/site-packages/airflow/example_dags/example_latest_only.py took 0.119 seconds
[2021-06-23 05:58:49,072] {scheduler_job.py:182} INFO - Started process (PID=2813) to work on /home/airflow/.local/lib/python3.6/site-packages/airflow/example_dags/example_latest_only.py
[2021-06-23 05:58:49,079] {scheduler_job.py:633} INFO - Processing file /home/airflow/.local/lib/python3.6/site-packages/airflow/example_dags/example_latest_only.py for tasks to queue
[2021-06-23 05:58:49,085] {logging_mixin.py:104} INFO - [2021-06-23 05:58:49,084] {dagbag.py:487} INFO - Filling up the DagBag from /home/airflow/.local/lib/python3.6/site-packages/airflow/example_dags/example_latest_only.py
[2021-06-23 05:58:49,128] {scheduler_job.py:643} INFO - DAG(s) dict_keys(['latest_only']) retrieved from /home/airflow/.local/lib/python3.6/site-packages/airflow/example_dags/example_latest_only.py
[2021-06-23 05:58:49,191] {logging_mixin.py:104} INFO - [2021-06-23 05:58:49,191] {dag.py:1832} INFO - Sync 1 DAGs
[2021-06-23 05:58:49,229] {logging_mixin.py:104} INFO - [2021-06-23 05:58:49,228] {dag.py:2305} INFO - Setting next_dagrun for latest_only to 2021-06-21 00:00:00+00:00
[2021-06-23 05:58:49,290] {scheduler_job.py:190} INFO - Processing /home/airflow/.local/lib/python3.6/site-packages/airflow/example_dags/example_latest_only.py took 0.228 seconds
[2021-06-23 05:59:19,437] {scheduler_job.py:182} INFO - Started process (PID=2877) to work on /home/airflow/.local/lib/python3.6/site-packages/airflow/example_dags/example_latest_only.py
[2021-06-23 05:59:19,445] {scheduler_job.py:633} INFO - Processing file /home/airflow/.local/lib/python3.6/site-packages/airflow/example_dags/example_latest_only.py for tasks to queue
[2021-06-23 05:59:19,446] {logging_mixin.py:104} INFO - [2021-06-23 05:59:19,446] {dagbag.py:487} INFO - Filling up the DagBag from /home/airflow/.local/lib/python3.6/site-packages/airflow/example_dags/example_latest_only.py
[2021-06-23 05:59:19,472] {scheduler_job.py:643} INFO - DAG(s) dict_keys(['latest_only']) retrieved from /home/airflow/.local/lib/python3.6/site-packages/airflow/example_dags/example_latest_only.py
[2021-06-23 05:59:19,548] {logging_mixin.py:104} INFO - [2021-06-23 05:59:19,548] {dag.py:1832} INFO - Sync 1 DAGs
[2021-06-23 05:59:19,610] {logging_mixin.py:104} INFO - [2021-06-23 05:59:19,610] {dag.py:2305} INFO - Setting next_dagrun for latest_only to 2021-06-21 00:00:00+00:00
[2021-06-23 05:59:19,641] {scheduler_job.py:190} INFO - Processing /home/airflow/.local/lib/python3.6/site-packages/airflow/example_dags/example_latest_only.py took 0.211 seconds
[2021-06-23 05:59:49,749] {scheduler_job.py:182} INFO - Started process (PID=2941) to work on /home/airflow/.local/lib/python3.6/site-packages/airflow/example_dags/example_latest_only.py
[2021-06-23 05:59:49,751] {scheduler_job.py:633} INFO - Processing file /home/airflow/.local/lib/python3.6/site-packages/airflow/example_dags/example_latest_only.py for tasks to queue
[2021-06-23 05:59:49,753] {logging_mixin.py:104} INFO - [2021-06-23 05:59:49,752] {dagbag.py:487} INFO - Filling up the DagBag from /home/airflow/.local/lib/python3.6/site-packages/airflow/example_dags/example_latest_only.py
[2021-06-23 05:59:49,773] {scheduler_job.py:643} INFO - DAG(s) dict_keys(['latest_only']) retrieved from /home/airflow/.local/lib/python3.6/site-packages/airflow/example_dags/example_latest_only.py
[2021-06-23 05:59:49,835] {logging_mixin.py:104} INFO - [2021-06-23 05:59:49,835] {dag.py:1832} INFO - Sync 1 DAGs
[2021-06-23 05:59:49,862] {logging_mixin.py:104} INFO - [2021-06-23 05:59:49,862] {dag.py:2305} INFO - Setting next_dagrun for latest_only to 2021-06-21 00:00:00+00:00
[2021-06-23 05:59:49,881] {scheduler_job.py:190} INFO - Processing /home/airflow/.local/lib/python3.6/site-packages/airflow/example_dags/example_latest_only.py took 0.143 seconds
[2021-06-23 06:00:20,109] {scheduler_job.py:182} INFO - Started process (PID=3003) to work on /home/airflow/.local/lib/python3.6/site-packages/airflow/example_dags/example_latest_only.py
[2021-06-23 06:00:20,111] {scheduler_job.py:633} INFO - Processing file /home/airflow/.local/lib/python3.6/site-packages/airflow/example_dags/example_latest_only.py for tasks to queue
[2021-06-23 06:00:20,112] {logging_mixin.py:104} INFO - [2021-06-23 06:00:20,112] {dagbag.py:487} INFO - Filling up the DagBag from /home/airflow/.local/lib/python3.6/site-packages/airflow/example_dags/example_latest_only.py
[2021-06-23 06:00:20,128] {scheduler_job.py:643} INFO - DAG(s) dict_keys(['latest_only']) retrieved from /home/airflow/.local/lib/python3.6/site-packages/airflow/example_dags/example_latest_only.py
[2021-06-23 06:00:20,175] {logging_mixin.py:104} INFO - [2021-06-23 06:00:20,175] {dag.py:1832} INFO - Sync 1 DAGs
[2021-06-23 06:00:20,211] {logging_mixin.py:104} INFO - [2021-06-23 06:00:20,211] {dag.py:2305} INFO - Setting next_dagrun for latest_only to 2021-06-21 00:00:00+00:00
[2021-06-23 06:00:20,258] {scheduler_job.py:190} INFO - Processing /home/airflow/.local/lib/python3.6/site-packages/airflow/example_dags/example_latest_only.py took 0.163 seconds
[2021-06-23 06:00:50,462] {scheduler_job.py:182} INFO - Started process (PID=3064) to work on /home/airflow/.local/lib/python3.6/site-packages/airflow/example_dags/example_latest_only.py
[2021-06-23 06:00:50,469] {scheduler_job.py:633} INFO - Processing file /home/airflow/.local/lib/python3.6/site-packages/airflow/example_dags/example_latest_only.py for tasks to queue
[2021-06-23 06:00:50,470] {logging_mixin.py:104} INFO - [2021-06-23 06:00:50,470] {dagbag.py:487} INFO - Filling up the DagBag from /home/airflow/.local/lib/python3.6/site-packages/airflow/example_dags/example_latest_only.py
[2021-06-23 06:00:50,492] {scheduler_job.py:643} INFO - DAG(s) dict_keys(['latest_only']) retrieved from /home/airflow/.local/lib/python3.6/site-packages/airflow/example_dags/example_latest_only.py
[2021-06-23 06:00:50,524] {logging_mixin.py:104} INFO - [2021-06-23 06:00:50,524] {dag.py:1832} INFO - Sync 1 DAGs
[2021-06-23 06:00:50,558] {logging_mixin.py:104} INFO - [2021-06-23 06:00:50,558] {dag.py:2305} INFO - Setting next_dagrun for latest_only to 2021-06-21 00:00:00+00:00
[2021-06-23 06:00:50,573] {scheduler_job.py:190} INFO - Processing /home/airflow/.local/lib/python3.6/site-packages/airflow/example_dags/example_latest_only.py took 0.116 seconds
