[2021-06-23 05:37:22,160] {scheduler_job.py:182} INFO - Started process (PID=85) to work on /home/airflow/.local/lib/python3.6/site-packages/airflow/example_dags/example_trigger_target_dag.py
[2021-06-23 05:37:22,162] {scheduler_job.py:633} INFO - Processing file /home/airflow/.local/lib/python3.6/site-packages/airflow/example_dags/example_trigger_target_dag.py for tasks to queue
[2021-06-23 05:37:22,163] {logging_mixin.py:104} INFO - [2021-06-23 05:37:22,163] {dagbag.py:487} INFO - Filling up the DagBag from /home/airflow/.local/lib/python3.6/site-packages/airflow/example_dags/example_trigger_target_dag.py
[2021-06-23 05:37:22,239] {scheduler_job.py:643} INFO - DAG(s) dict_keys(['example_trigger_target_dag']) retrieved from /home/airflow/.local/lib/python3.6/site-packages/airflow/example_dags/example_trigger_target_dag.py
[2021-06-23 05:37:23,439] {logging_mixin.py:104} INFO - [2021-06-23 05:37:23,439] {dag.py:1832} INFO - Sync 1 DAGs
[2021-06-23 05:37:23,544] {logging_mixin.py:104} INFO - [2021-06-23 05:37:23,544] {dag.py:2305} INFO - Setting next_dagrun for example_trigger_target_dag to None
[2021-06-23 05:37:23,739] {scheduler_job.py:190} INFO - Processing /home/airflow/.local/lib/python3.6/site-packages/airflow/example_dags/example_trigger_target_dag.py took 1.595 seconds
[2021-06-23 05:37:54,641] {scheduler_job.py:182} INFO - Started process (PID=148) to work on /home/airflow/.local/lib/python3.6/site-packages/airflow/example_dags/example_trigger_target_dag.py
[2021-06-23 05:37:54,643] {scheduler_job.py:633} INFO - Processing file /home/airflow/.local/lib/python3.6/site-packages/airflow/example_dags/example_trigger_target_dag.py for tasks to queue
[2021-06-23 05:37:54,644] {logging_mixin.py:104} INFO - [2021-06-23 05:37:54,644] {dagbag.py:487} INFO - Filling up the DagBag from /home/airflow/.local/lib/python3.6/site-packages/airflow/example_dags/example_trigger_target_dag.py
[2021-06-23 05:37:54,670] {scheduler_job.py:643} INFO - DAG(s) dict_keys(['example_trigger_target_dag']) retrieved from /home/airflow/.local/lib/python3.6/site-packages/airflow/example_dags/example_trigger_target_dag.py
[2021-06-23 05:37:54,715] {logging_mixin.py:104} INFO - [2021-06-23 05:37:54,714] {dag.py:1832} INFO - Sync 1 DAGs
[2021-06-23 05:37:54,756] {logging_mixin.py:104} INFO - [2021-06-23 05:37:54,755] {dag.py:2305} INFO - Setting next_dagrun for example_trigger_target_dag to None
[2021-06-23 05:37:54,785] {scheduler_job.py:190} INFO - Processing /home/airflow/.local/lib/python3.6/site-packages/airflow/example_dags/example_trigger_target_dag.py took 0.157 seconds
[2021-06-23 05:38:25,230] {scheduler_job.py:182} INFO - Started process (PID=210) to work on /home/airflow/.local/lib/python3.6/site-packages/airflow/example_dags/example_trigger_target_dag.py
[2021-06-23 05:38:25,232] {scheduler_job.py:633} INFO - Processing file /home/airflow/.local/lib/python3.6/site-packages/airflow/example_dags/example_trigger_target_dag.py for tasks to queue
[2021-06-23 05:38:25,233] {logging_mixin.py:104} INFO - [2021-06-23 05:38:25,233] {dagbag.py:487} INFO - Filling up the DagBag from /home/airflow/.local/lib/python3.6/site-packages/airflow/example_dags/example_trigger_target_dag.py
[2021-06-23 05:38:25,267] {scheduler_job.py:643} INFO - DAG(s) dict_keys(['example_trigger_target_dag']) retrieved from /home/airflow/.local/lib/python3.6/site-packages/airflow/example_dags/example_trigger_target_dag.py
[2021-06-23 05:38:25,302] {logging_mixin.py:104} INFO - [2021-06-23 05:38:25,301] {dag.py:1832} INFO - Sync 1 DAGs
[2021-06-23 05:38:25,350] {logging_mixin.py:104} INFO - [2021-06-23 05:38:25,350] {dag.py:2305} INFO - Setting next_dagrun for example_trigger_target_dag to None
[2021-06-23 05:38:25,379] {scheduler_job.py:190} INFO - Processing /home/airflow/.local/lib/python3.6/site-packages/airflow/example_dags/example_trigger_target_dag.py took 0.156 seconds
[2021-06-23 05:38:55,746] {scheduler_job.py:182} INFO - Started process (PID=285) to work on /home/airflow/.local/lib/python3.6/site-packages/airflow/example_dags/example_trigger_target_dag.py
[2021-06-23 05:38:55,750] {scheduler_job.py:633} INFO - Processing file /home/airflow/.local/lib/python3.6/site-packages/airflow/example_dags/example_trigger_target_dag.py for tasks to queue
[2021-06-23 05:38:55,753] {logging_mixin.py:104} INFO - [2021-06-23 05:38:55,753] {dagbag.py:487} INFO - Filling up the DagBag from /home/airflow/.local/lib/python3.6/site-packages/airflow/example_dags/example_trigger_target_dag.py
[2021-06-23 05:38:55,817] {scheduler_job.py:643} INFO - DAG(s) dict_keys(['example_trigger_target_dag']) retrieved from /home/airflow/.local/lib/python3.6/site-packages/airflow/example_dags/example_trigger_target_dag.py
[2021-06-23 05:38:55,853] {logging_mixin.py:104} INFO - [2021-06-23 05:38:55,853] {dag.py:1832} INFO - Sync 1 DAGs
[2021-06-23 05:38:55,910] {logging_mixin.py:104} INFO - [2021-06-23 05:38:55,909] {dag.py:2305} INFO - Setting next_dagrun for example_trigger_target_dag to None
[2021-06-23 05:38:55,946] {scheduler_job.py:190} INFO - Processing /home/airflow/.local/lib/python3.6/site-packages/airflow/example_dags/example_trigger_target_dag.py took 0.205 seconds
[2021-06-23 05:39:26,432] {scheduler_job.py:182} INFO - Started process (PID=350) to work on /home/airflow/.local/lib/python3.6/site-packages/airflow/example_dags/example_trigger_target_dag.py
[2021-06-23 05:39:26,434] {scheduler_job.py:633} INFO - Processing file /home/airflow/.local/lib/python3.6/site-packages/airflow/example_dags/example_trigger_target_dag.py for tasks to queue
[2021-06-23 05:39:26,438] {logging_mixin.py:104} INFO - [2021-06-23 05:39:26,437] {dagbag.py:487} INFO - Filling up the DagBag from /home/airflow/.local/lib/python3.6/site-packages/airflow/example_dags/example_trigger_target_dag.py
[2021-06-23 05:39:26,460] {scheduler_job.py:643} INFO - DAG(s) dict_keys(['example_trigger_target_dag']) retrieved from /home/airflow/.local/lib/python3.6/site-packages/airflow/example_dags/example_trigger_target_dag.py
[2021-06-23 05:39:26,500] {logging_mixin.py:104} INFO - [2021-06-23 05:39:26,499] {dag.py:1832} INFO - Sync 1 DAGs
[2021-06-23 05:39:26,524] {logging_mixin.py:104} INFO - [2021-06-23 05:39:26,524] {dag.py:2305} INFO - Setting next_dagrun for example_trigger_target_dag to None
[2021-06-23 05:39:26,544] {scheduler_job.py:190} INFO - Processing /home/airflow/.local/lib/python3.6/site-packages/airflow/example_dags/example_trigger_target_dag.py took 0.115 seconds
[2021-06-23 05:39:56,576] {scheduler_job.py:182} INFO - Started process (PID=415) to work on /home/airflow/.local/lib/python3.6/site-packages/airflow/example_dags/example_trigger_target_dag.py
[2021-06-23 05:39:56,579] {scheduler_job.py:633} INFO - Processing file /home/airflow/.local/lib/python3.6/site-packages/airflow/example_dags/example_trigger_target_dag.py for tasks to queue
[2021-06-23 05:39:56,580] {logging_mixin.py:104} INFO - [2021-06-23 05:39:56,579] {dagbag.py:487} INFO - Filling up the DagBag from /home/airflow/.local/lib/python3.6/site-packages/airflow/example_dags/example_trigger_target_dag.py
[2021-06-23 05:39:56,600] {scheduler_job.py:643} INFO - DAG(s) dict_keys(['example_trigger_target_dag']) retrieved from /home/airflow/.local/lib/python3.6/site-packages/airflow/example_dags/example_trigger_target_dag.py
[2021-06-23 05:39:56,641] {logging_mixin.py:104} INFO - [2021-06-23 05:39:56,641] {dag.py:1832} INFO - Sync 1 DAGs
[2021-06-23 05:39:56,660] {logging_mixin.py:104} INFO - [2021-06-23 05:39:56,660] {dag.py:2305} INFO - Setting next_dagrun for example_trigger_target_dag to None
[2021-06-23 05:39:56,680] {scheduler_job.py:190} INFO - Processing /home/airflow/.local/lib/python3.6/site-packages/airflow/example_dags/example_trigger_target_dag.py took 0.107 seconds
[2021-06-23 05:40:27,540] {scheduler_job.py:182} INFO - Started process (PID=477) to work on /home/airflow/.local/lib/python3.6/site-packages/airflow/example_dags/example_trigger_target_dag.py
[2021-06-23 05:40:27,549] {scheduler_job.py:633} INFO - Processing file /home/airflow/.local/lib/python3.6/site-packages/airflow/example_dags/example_trigger_target_dag.py for tasks to queue
[2021-06-23 05:40:27,550] {logging_mixin.py:104} INFO - [2021-06-23 05:40:27,549] {dagbag.py:487} INFO - Filling up the DagBag from /home/airflow/.local/lib/python3.6/site-packages/airflow/example_dags/example_trigger_target_dag.py
[2021-06-23 05:40:27,573] {scheduler_job.py:643} INFO - DAG(s) dict_keys(['example_trigger_target_dag']) retrieved from /home/airflow/.local/lib/python3.6/site-packages/airflow/example_dags/example_trigger_target_dag.py
[2021-06-23 05:40:27,620] {logging_mixin.py:104} INFO - [2021-06-23 05:40:27,620] {dag.py:1832} INFO - Sync 1 DAGs
[2021-06-23 05:40:27,670] {logging_mixin.py:104} INFO - [2021-06-23 05:40:27,665] {dag.py:2305} INFO - Setting next_dagrun for example_trigger_target_dag to None
[2021-06-23 05:40:27,693] {scheduler_job.py:190} INFO - Processing /home/airflow/.local/lib/python3.6/site-packages/airflow/example_dags/example_trigger_target_dag.py took 0.159 seconds
[2021-06-23 05:40:57,872] {scheduler_job.py:182} INFO - Started process (PID=540) to work on /home/airflow/.local/lib/python3.6/site-packages/airflow/example_dags/example_trigger_target_dag.py
[2021-06-23 05:40:57,877] {scheduler_job.py:633} INFO - Processing file /home/airflow/.local/lib/python3.6/site-packages/airflow/example_dags/example_trigger_target_dag.py for tasks to queue
[2021-06-23 05:40:57,878] {logging_mixin.py:104} INFO - [2021-06-23 05:40:57,878] {dagbag.py:487} INFO - Filling up the DagBag from /home/airflow/.local/lib/python3.6/site-packages/airflow/example_dags/example_trigger_target_dag.py
[2021-06-23 05:40:57,913] {scheduler_job.py:643} INFO - DAG(s) dict_keys(['example_trigger_target_dag']) retrieved from /home/airflow/.local/lib/python3.6/site-packages/airflow/example_dags/example_trigger_target_dag.py
[2021-06-23 05:40:57,951] {logging_mixin.py:104} INFO - [2021-06-23 05:40:57,951] {dag.py:1832} INFO - Sync 1 DAGs
[2021-06-23 05:40:57,984] {logging_mixin.py:104} INFO - [2021-06-23 05:40:57,984] {dag.py:2305} INFO - Setting next_dagrun for example_trigger_target_dag to None
[2021-06-23 05:40:58,004] {scheduler_job.py:190} INFO - Processing /home/airflow/.local/lib/python3.6/site-packages/airflow/example_dags/example_trigger_target_dag.py took 0.145 seconds
[2021-06-23 05:41:29,174] {scheduler_job.py:182} INFO - Started process (PID=605) to work on /home/airflow/.local/lib/python3.6/site-packages/airflow/example_dags/example_trigger_target_dag.py
[2021-06-23 05:41:29,179] {scheduler_job.py:633} INFO - Processing file /home/airflow/.local/lib/python3.6/site-packages/airflow/example_dags/example_trigger_target_dag.py for tasks to queue
[2021-06-23 05:41:29,181] {logging_mixin.py:104} INFO - [2021-06-23 05:41:29,181] {dagbag.py:487} INFO - Filling up the DagBag from /home/airflow/.local/lib/python3.6/site-packages/airflow/example_dags/example_trigger_target_dag.py
[2021-06-23 05:41:29,213] {scheduler_job.py:643} INFO - DAG(s) dict_keys(['example_trigger_target_dag']) retrieved from /home/airflow/.local/lib/python3.6/site-packages/airflow/example_dags/example_trigger_target_dag.py
[2021-06-23 05:41:29,245] {logging_mixin.py:104} INFO - [2021-06-23 05:41:29,245] {dag.py:1832} INFO - Sync 1 DAGs
[2021-06-23 05:41:29,274] {logging_mixin.py:104} INFO - [2021-06-23 05:41:29,274] {dag.py:2305} INFO - Setting next_dagrun for example_trigger_target_dag to None
[2021-06-23 05:41:29,292] {scheduler_job.py:190} INFO - Processing /home/airflow/.local/lib/python3.6/site-packages/airflow/example_dags/example_trigger_target_dag.py took 0.123 seconds
[2021-06-23 05:42:01,886] {scheduler_job.py:182} INFO - Started process (PID=678) to work on /home/airflow/.local/lib/python3.6/site-packages/airflow/example_dags/example_trigger_target_dag.py
[2021-06-23 05:42:01,891] {scheduler_job.py:633} INFO - Processing file /home/airflow/.local/lib/python3.6/site-packages/airflow/example_dags/example_trigger_target_dag.py for tasks to queue
[2021-06-23 05:42:01,893] {logging_mixin.py:104} INFO - [2021-06-23 05:42:01,892] {dagbag.py:487} INFO - Filling up the DagBag from /home/airflow/.local/lib/python3.6/site-packages/airflow/example_dags/example_trigger_target_dag.py
[2021-06-23 05:42:01,924] {scheduler_job.py:643} INFO - DAG(s) dict_keys(['example_trigger_target_dag']) retrieved from /home/airflow/.local/lib/python3.6/site-packages/airflow/example_dags/example_trigger_target_dag.py
[2021-06-23 05:42:01,984] {logging_mixin.py:104} INFO - [2021-06-23 05:42:01,984] {dag.py:1832} INFO - Sync 1 DAGs
[2021-06-23 05:42:02,020] {logging_mixin.py:104} INFO - [2021-06-23 05:42:02,020] {dag.py:2305} INFO - Setting next_dagrun for example_trigger_target_dag to None
[2021-06-23 05:42:02,067] {scheduler_job.py:190} INFO - Processing /home/airflow/.local/lib/python3.6/site-packages/airflow/example_dags/example_trigger_target_dag.py took 0.186 seconds
[2021-06-23 05:42:32,666] {scheduler_job.py:182} INFO - Started process (PID=743) to work on /home/airflow/.local/lib/python3.6/site-packages/airflow/example_dags/example_trigger_target_dag.py
[2021-06-23 05:42:32,670] {scheduler_job.py:633} INFO - Processing file /home/airflow/.local/lib/python3.6/site-packages/airflow/example_dags/example_trigger_target_dag.py for tasks to queue
[2021-06-23 05:42:32,672] {logging_mixin.py:104} INFO - [2021-06-23 05:42:32,671] {dagbag.py:487} INFO - Filling up the DagBag from /home/airflow/.local/lib/python3.6/site-packages/airflow/example_dags/example_trigger_target_dag.py
[2021-06-23 05:42:32,695] {scheduler_job.py:643} INFO - DAG(s) dict_keys(['example_trigger_target_dag']) retrieved from /home/airflow/.local/lib/python3.6/site-packages/airflow/example_dags/example_trigger_target_dag.py
[2021-06-23 05:42:32,725] {logging_mixin.py:104} INFO - [2021-06-23 05:42:32,725] {dag.py:1832} INFO - Sync 1 DAGs
[2021-06-23 05:42:32,755] {logging_mixin.py:104} INFO - [2021-06-23 05:42:32,755] {dag.py:2305} INFO - Setting next_dagrun for example_trigger_target_dag to None
[2021-06-23 05:42:32,771] {scheduler_job.py:190} INFO - Processing /home/airflow/.local/lib/python3.6/site-packages/airflow/example_dags/example_trigger_target_dag.py took 0.123 seconds
[2021-06-23 05:43:03,018] {scheduler_job.py:182} INFO - Started process (PID=807) to work on /home/airflow/.local/lib/python3.6/site-packages/airflow/example_dags/example_trigger_target_dag.py
[2021-06-23 05:43:03,020] {scheduler_job.py:633} INFO - Processing file /home/airflow/.local/lib/python3.6/site-packages/airflow/example_dags/example_trigger_target_dag.py for tasks to queue
[2021-06-23 05:43:03,021] {logging_mixin.py:104} INFO - [2021-06-23 05:43:03,020] {dagbag.py:487} INFO - Filling up the DagBag from /home/airflow/.local/lib/python3.6/site-packages/airflow/example_dags/example_trigger_target_dag.py
[2021-06-23 05:43:03,043] {scheduler_job.py:643} INFO - DAG(s) dict_keys(['example_trigger_target_dag']) retrieved from /home/airflow/.local/lib/python3.6/site-packages/airflow/example_dags/example_trigger_target_dag.py
[2021-06-23 05:43:03,067] {logging_mixin.py:104} INFO - [2021-06-23 05:43:03,067] {dag.py:1832} INFO - Sync 1 DAGs
[2021-06-23 05:43:03,092] {logging_mixin.py:104} INFO - [2021-06-23 05:43:03,092] {dag.py:2305} INFO - Setting next_dagrun for example_trigger_target_dag to None
[2021-06-23 05:43:03,109] {scheduler_job.py:190} INFO - Processing /home/airflow/.local/lib/python3.6/site-packages/airflow/example_dags/example_trigger_target_dag.py took 0.095 seconds
[2021-06-23 05:43:33,370] {scheduler_job.py:182} INFO - Started process (PID=871) to work on /home/airflow/.local/lib/python3.6/site-packages/airflow/example_dags/example_trigger_target_dag.py
[2021-06-23 05:43:33,380] {scheduler_job.py:633} INFO - Processing file /home/airflow/.local/lib/python3.6/site-packages/airflow/example_dags/example_trigger_target_dag.py for tasks to queue
[2021-06-23 05:43:33,381] {logging_mixin.py:104} INFO - [2021-06-23 05:43:33,381] {dagbag.py:487} INFO - Filling up the DagBag from /home/airflow/.local/lib/python3.6/site-packages/airflow/example_dags/example_trigger_target_dag.py
[2021-06-23 05:43:33,441] {scheduler_job.py:643} INFO - DAG(s) dict_keys(['example_trigger_target_dag']) retrieved from /home/airflow/.local/lib/python3.6/site-packages/airflow/example_dags/example_trigger_target_dag.py
[2021-06-23 05:43:33,489] {logging_mixin.py:104} INFO - [2021-06-23 05:43:33,489] {dag.py:1832} INFO - Sync 1 DAGs
[2021-06-23 05:43:33,519] {logging_mixin.py:104} INFO - [2021-06-23 05:43:33,519] {dag.py:2305} INFO - Setting next_dagrun for example_trigger_target_dag to None
[2021-06-23 05:43:33,540] {scheduler_job.py:190} INFO - Processing /home/airflow/.local/lib/python3.6/site-packages/airflow/example_dags/example_trigger_target_dag.py took 0.175 seconds
[2021-06-23 05:44:03,984] {scheduler_job.py:182} INFO - Started process (PID=934) to work on /home/airflow/.local/lib/python3.6/site-packages/airflow/example_dags/example_trigger_target_dag.py
[2021-06-23 05:44:03,986] {scheduler_job.py:633} INFO - Processing file /home/airflow/.local/lib/python3.6/site-packages/airflow/example_dags/example_trigger_target_dag.py for tasks to queue
[2021-06-23 05:44:03,987] {logging_mixin.py:104} INFO - [2021-06-23 05:44:03,987] {dagbag.py:487} INFO - Filling up the DagBag from /home/airflow/.local/lib/python3.6/site-packages/airflow/example_dags/example_trigger_target_dag.py
[2021-06-23 05:44:04,016] {scheduler_job.py:643} INFO - DAG(s) dict_keys(['example_trigger_target_dag']) retrieved from /home/airflow/.local/lib/python3.6/site-packages/airflow/example_dags/example_trigger_target_dag.py
[2021-06-23 05:44:04,058] {logging_mixin.py:104} INFO - [2021-06-23 05:44:04,058] {dag.py:1832} INFO - Sync 1 DAGs
[2021-06-23 05:44:04,085] {logging_mixin.py:104} INFO - [2021-06-23 05:44:04,085] {dag.py:2305} INFO - Setting next_dagrun for example_trigger_target_dag to None
[2021-06-23 05:44:04,104] {scheduler_job.py:190} INFO - Processing /home/airflow/.local/lib/python3.6/site-packages/airflow/example_dags/example_trigger_target_dag.py took 0.129 seconds
[2021-06-23 05:44:34,295] {scheduler_job.py:182} INFO - Started process (PID=996) to work on /home/airflow/.local/lib/python3.6/site-packages/airflow/example_dags/example_trigger_target_dag.py
[2021-06-23 05:44:34,298] {scheduler_job.py:633} INFO - Processing file /home/airflow/.local/lib/python3.6/site-packages/airflow/example_dags/example_trigger_target_dag.py for tasks to queue
[2021-06-23 05:44:34,299] {logging_mixin.py:104} INFO - [2021-06-23 05:44:34,299] {dagbag.py:487} INFO - Filling up the DagBag from /home/airflow/.local/lib/python3.6/site-packages/airflow/example_dags/example_trigger_target_dag.py
[2021-06-23 05:44:34,341] {scheduler_job.py:643} INFO - DAG(s) dict_keys(['example_trigger_target_dag']) retrieved from /home/airflow/.local/lib/python3.6/site-packages/airflow/example_dags/example_trigger_target_dag.py
[2021-06-23 05:44:34,382] {logging_mixin.py:104} INFO - [2021-06-23 05:44:34,382] {dag.py:1832} INFO - Sync 1 DAGs
[2021-06-23 05:44:34,405] {logging_mixin.py:104} INFO - [2021-06-23 05:44:34,405] {dag.py:2305} INFO - Setting next_dagrun for example_trigger_target_dag to None
[2021-06-23 05:44:34,439] {scheduler_job.py:190} INFO - Processing /home/airflow/.local/lib/python3.6/site-packages/airflow/example_dags/example_trigger_target_dag.py took 0.149 seconds
[2021-06-23 05:45:04,544] {scheduler_job.py:182} INFO - Started process (PID=1067) to work on /home/airflow/.local/lib/python3.6/site-packages/airflow/example_dags/example_trigger_target_dag.py
[2021-06-23 05:45:04,546] {scheduler_job.py:633} INFO - Processing file /home/airflow/.local/lib/python3.6/site-packages/airflow/example_dags/example_trigger_target_dag.py for tasks to queue
[2021-06-23 05:45:04,547] {logging_mixin.py:104} INFO - [2021-06-23 05:45:04,546] {dagbag.py:487} INFO - Filling up the DagBag from /home/airflow/.local/lib/python3.6/site-packages/airflow/example_dags/example_trigger_target_dag.py
[2021-06-23 05:45:04,567] {scheduler_job.py:643} INFO - DAG(s) dict_keys(['example_trigger_target_dag']) retrieved from /home/airflow/.local/lib/python3.6/site-packages/airflow/example_dags/example_trigger_target_dag.py
[2021-06-23 05:45:04,607] {logging_mixin.py:104} INFO - [2021-06-23 05:45:04,606] {dag.py:1832} INFO - Sync 1 DAGs
[2021-06-23 05:45:04,631] {logging_mixin.py:104} INFO - [2021-06-23 05:45:04,631] {dag.py:2305} INFO - Setting next_dagrun for example_trigger_target_dag to None
[2021-06-23 05:45:04,645] {scheduler_job.py:190} INFO - Processing /home/airflow/.local/lib/python3.6/site-packages/airflow/example_dags/example_trigger_target_dag.py took 0.105 seconds
[2021-06-23 05:45:35,315] {scheduler_job.py:182} INFO - Started process (PID=1134) to work on /home/airflow/.local/lib/python3.6/site-packages/airflow/example_dags/example_trigger_target_dag.py
[2021-06-23 05:45:35,330] {scheduler_job.py:633} INFO - Processing file /home/airflow/.local/lib/python3.6/site-packages/airflow/example_dags/example_trigger_target_dag.py for tasks to queue
[2021-06-23 05:45:35,336] {logging_mixin.py:104} INFO - [2021-06-23 05:45:35,336] {dagbag.py:487} INFO - Filling up the DagBag from /home/airflow/.local/lib/python3.6/site-packages/airflow/example_dags/example_trigger_target_dag.py
[2021-06-23 05:45:35,390] {scheduler_job.py:643} INFO - DAG(s) dict_keys(['example_trigger_target_dag']) retrieved from /home/airflow/.local/lib/python3.6/site-packages/airflow/example_dags/example_trigger_target_dag.py
[2021-06-23 05:45:35,434] {logging_mixin.py:104} INFO - [2021-06-23 05:45:35,433] {dag.py:1832} INFO - Sync 1 DAGs
[2021-06-23 05:45:35,463] {logging_mixin.py:104} INFO - [2021-06-23 05:45:35,463] {dag.py:2305} INFO - Setting next_dagrun for example_trigger_target_dag to None
[2021-06-23 05:45:35,479] {scheduler_job.py:190} INFO - Processing /home/airflow/.local/lib/python3.6/site-packages/airflow/example_dags/example_trigger_target_dag.py took 0.169 seconds
[2021-06-23 05:46:06,329] {scheduler_job.py:182} INFO - Started process (PID=1196) to work on /home/airflow/.local/lib/python3.6/site-packages/airflow/example_dags/example_trigger_target_dag.py
[2021-06-23 05:46:06,336] {scheduler_job.py:633} INFO - Processing file /home/airflow/.local/lib/python3.6/site-packages/airflow/example_dags/example_trigger_target_dag.py for tasks to queue
[2021-06-23 05:46:06,344] {logging_mixin.py:104} INFO - [2021-06-23 05:46:06,344] {dagbag.py:487} INFO - Filling up the DagBag from /home/airflow/.local/lib/python3.6/site-packages/airflow/example_dags/example_trigger_target_dag.py
[2021-06-23 05:46:06,383] {scheduler_job.py:643} INFO - DAG(s) dict_keys(['example_trigger_target_dag']) retrieved from /home/airflow/.local/lib/python3.6/site-packages/airflow/example_dags/example_trigger_target_dag.py
[2021-06-23 05:46:06,429] {logging_mixin.py:104} INFO - [2021-06-23 05:46:06,429] {dag.py:1832} INFO - Sync 1 DAGs
[2021-06-23 05:46:06,479] {logging_mixin.py:104} INFO - [2021-06-23 05:46:06,479] {dag.py:2305} INFO - Setting next_dagrun for example_trigger_target_dag to None
[2021-06-23 05:46:06,518] {scheduler_job.py:190} INFO - Processing /home/airflow/.local/lib/python3.6/site-packages/airflow/example_dags/example_trigger_target_dag.py took 0.194 seconds
[2021-06-23 05:46:36,689] {scheduler_job.py:182} INFO - Started process (PID=1258) to work on /home/airflow/.local/lib/python3.6/site-packages/airflow/example_dags/example_trigger_target_dag.py
[2021-06-23 05:46:36,690] {scheduler_job.py:633} INFO - Processing file /home/airflow/.local/lib/python3.6/site-packages/airflow/example_dags/example_trigger_target_dag.py for tasks to queue
[2021-06-23 05:46:36,691] {logging_mixin.py:104} INFO - [2021-06-23 05:46:36,691] {dagbag.py:487} INFO - Filling up the DagBag from /home/airflow/.local/lib/python3.6/site-packages/airflow/example_dags/example_trigger_target_dag.py
[2021-06-23 05:46:36,715] {scheduler_job.py:643} INFO - DAG(s) dict_keys(['example_trigger_target_dag']) retrieved from /home/airflow/.local/lib/python3.6/site-packages/airflow/example_dags/example_trigger_target_dag.py
[2021-06-23 05:46:36,756] {logging_mixin.py:104} INFO - [2021-06-23 05:46:36,755] {dag.py:1832} INFO - Sync 1 DAGs
[2021-06-23 05:46:36,779] {logging_mixin.py:104} INFO - [2021-06-23 05:46:36,779] {dag.py:2305} INFO - Setting next_dagrun for example_trigger_target_dag to None
[2021-06-23 05:46:36,802] {scheduler_job.py:190} INFO - Processing /home/airflow/.local/lib/python3.6/site-packages/airflow/example_dags/example_trigger_target_dag.py took 0.118 seconds
[2021-06-23 05:47:07,471] {scheduler_job.py:182} INFO - Started process (PID=1321) to work on /home/airflow/.local/lib/python3.6/site-packages/airflow/example_dags/example_trigger_target_dag.py
[2021-06-23 05:47:07,474] {scheduler_job.py:633} INFO - Processing file /home/airflow/.local/lib/python3.6/site-packages/airflow/example_dags/example_trigger_target_dag.py for tasks to queue
[2021-06-23 05:47:07,475] {logging_mixin.py:104} INFO - [2021-06-23 05:47:07,475] {dagbag.py:487} INFO - Filling up the DagBag from /home/airflow/.local/lib/python3.6/site-packages/airflow/example_dags/example_trigger_target_dag.py
[2021-06-23 05:47:07,501] {scheduler_job.py:643} INFO - DAG(s) dict_keys(['example_trigger_target_dag']) retrieved from /home/airflow/.local/lib/python3.6/site-packages/airflow/example_dags/example_trigger_target_dag.py
[2021-06-23 05:47:07,554] {logging_mixin.py:104} INFO - [2021-06-23 05:47:07,553] {dag.py:1832} INFO - Sync 1 DAGs
[2021-06-23 05:47:07,588] {logging_mixin.py:104} INFO - [2021-06-23 05:47:07,588] {dag.py:2305} INFO - Setting next_dagrun for example_trigger_target_dag to None
[2021-06-23 05:47:07,624] {scheduler_job.py:190} INFO - Processing /home/airflow/.local/lib/python3.6/site-packages/airflow/example_dags/example_trigger_target_dag.py took 0.157 seconds
[2021-06-23 05:47:37,749] {scheduler_job.py:182} INFO - Started process (PID=1385) to work on /home/airflow/.local/lib/python3.6/site-packages/airflow/example_dags/example_trigger_target_dag.py
[2021-06-23 05:47:37,755] {scheduler_job.py:633} INFO - Processing file /home/airflow/.local/lib/python3.6/site-packages/airflow/example_dags/example_trigger_target_dag.py for tasks to queue
[2021-06-23 05:47:37,762] {logging_mixin.py:104} INFO - [2021-06-23 05:47:37,762] {dagbag.py:487} INFO - Filling up the DagBag from /home/airflow/.local/lib/python3.6/site-packages/airflow/example_dags/example_trigger_target_dag.py
[2021-06-23 05:47:37,803] {scheduler_job.py:643} INFO - DAG(s) dict_keys(['example_trigger_target_dag']) retrieved from /home/airflow/.local/lib/python3.6/site-packages/airflow/example_dags/example_trigger_target_dag.py
[2021-06-23 05:47:37,845] {logging_mixin.py:104} INFO - [2021-06-23 05:47:37,845] {dag.py:1832} INFO - Sync 1 DAGs
[2021-06-23 05:47:37,884] {logging_mixin.py:104} INFO - [2021-06-23 05:47:37,884] {dag.py:2305} INFO - Setting next_dagrun for example_trigger_target_dag to None
[2021-06-23 05:47:37,907] {scheduler_job.py:190} INFO - Processing /home/airflow/.local/lib/python3.6/site-packages/airflow/example_dags/example_trigger_target_dag.py took 0.161 seconds
[2021-06-23 05:48:08,203] {scheduler_job.py:182} INFO - Started process (PID=1456) to work on /home/airflow/.local/lib/python3.6/site-packages/airflow/example_dags/example_trigger_target_dag.py
[2021-06-23 05:48:08,206] {scheduler_job.py:633} INFO - Processing file /home/airflow/.local/lib/python3.6/site-packages/airflow/example_dags/example_trigger_target_dag.py for tasks to queue
[2021-06-23 05:48:08,208] {logging_mixin.py:104} INFO - [2021-06-23 05:48:08,207] {dagbag.py:487} INFO - Filling up the DagBag from /home/airflow/.local/lib/python3.6/site-packages/airflow/example_dags/example_trigger_target_dag.py
[2021-06-23 05:48:08,274] {scheduler_job.py:643} INFO - DAG(s) dict_keys(['example_trigger_target_dag']) retrieved from /home/airflow/.local/lib/python3.6/site-packages/airflow/example_dags/example_trigger_target_dag.py
[2021-06-23 05:48:08,380] {logging_mixin.py:104} INFO - [2021-06-23 05:48:08,368] {dag.py:1832} INFO - Sync 1 DAGs
[2021-06-23 05:48:08,447] {logging_mixin.py:104} INFO - [2021-06-23 05:48:08,446] {dag.py:2305} INFO - Setting next_dagrun for example_trigger_target_dag to None
[2021-06-23 05:48:08,504] {scheduler_job.py:190} INFO - Processing /home/airflow/.local/lib/python3.6/site-packages/airflow/example_dags/example_trigger_target_dag.py took 0.325 seconds
[2021-06-23 05:48:38,723] {scheduler_job.py:182} INFO - Started process (PID=1522) to work on /home/airflow/.local/lib/python3.6/site-packages/airflow/example_dags/example_trigger_target_dag.py
[2021-06-23 05:48:38,725] {scheduler_job.py:633} INFO - Processing file /home/airflow/.local/lib/python3.6/site-packages/airflow/example_dags/example_trigger_target_dag.py for tasks to queue
[2021-06-23 05:48:38,729] {logging_mixin.py:104} INFO - [2021-06-23 05:48:38,729] {dagbag.py:487} INFO - Filling up the DagBag from /home/airflow/.local/lib/python3.6/site-packages/airflow/example_dags/example_trigger_target_dag.py
[2021-06-23 05:48:38,817] {scheduler_job.py:643} INFO - DAG(s) dict_keys(['example_trigger_target_dag']) retrieved from /home/airflow/.local/lib/python3.6/site-packages/airflow/example_dags/example_trigger_target_dag.py
[2021-06-23 05:48:38,897] {logging_mixin.py:104} INFO - [2021-06-23 05:48:38,896] {dag.py:1832} INFO - Sync 1 DAGs
[2021-06-23 05:48:38,946] {logging_mixin.py:104} INFO - [2021-06-23 05:48:38,946] {dag.py:2305} INFO - Setting next_dagrun for example_trigger_target_dag to None
[2021-06-23 05:48:39,020] {scheduler_job.py:190} INFO - Processing /home/airflow/.local/lib/python3.6/site-packages/airflow/example_dags/example_trigger_target_dag.py took 0.306 seconds
[2021-06-23 05:49:09,223] {scheduler_job.py:182} INFO - Started process (PID=1587) to work on /home/airflow/.local/lib/python3.6/site-packages/airflow/example_dags/example_trigger_target_dag.py
[2021-06-23 05:49:09,225] {scheduler_job.py:633} INFO - Processing file /home/airflow/.local/lib/python3.6/site-packages/airflow/example_dags/example_trigger_target_dag.py for tasks to queue
[2021-06-23 05:49:09,226] {logging_mixin.py:104} INFO - [2021-06-23 05:49:09,225] {dagbag.py:487} INFO - Filling up the DagBag from /home/airflow/.local/lib/python3.6/site-packages/airflow/example_dags/example_trigger_target_dag.py
[2021-06-23 05:49:09,252] {scheduler_job.py:643} INFO - DAG(s) dict_keys(['example_trigger_target_dag']) retrieved from /home/airflow/.local/lib/python3.6/site-packages/airflow/example_dags/example_trigger_target_dag.py
[2021-06-23 05:49:09,293] {logging_mixin.py:104} INFO - [2021-06-23 05:49:09,293] {dag.py:1832} INFO - Sync 1 DAGs
[2021-06-23 05:49:09,317] {logging_mixin.py:104} INFO - [2021-06-23 05:49:09,317] {dag.py:2305} INFO - Setting next_dagrun for example_trigger_target_dag to None
[2021-06-23 05:49:09,357] {scheduler_job.py:190} INFO - Processing /home/airflow/.local/lib/python3.6/site-packages/airflow/example_dags/example_trigger_target_dag.py took 0.142 seconds
[2021-06-23 05:49:39,950] {scheduler_job.py:182} INFO - Started process (PID=1649) to work on /home/airflow/.local/lib/python3.6/site-packages/airflow/example_dags/example_trigger_target_dag.py
[2021-06-23 05:49:39,951] {scheduler_job.py:633} INFO - Processing file /home/airflow/.local/lib/python3.6/site-packages/airflow/example_dags/example_trigger_target_dag.py for tasks to queue
[2021-06-23 05:49:39,952] {logging_mixin.py:104} INFO - [2021-06-23 05:49:39,952] {dagbag.py:487} INFO - Filling up the DagBag from /home/airflow/.local/lib/python3.6/site-packages/airflow/example_dags/example_trigger_target_dag.py
[2021-06-23 05:49:39,976] {scheduler_job.py:643} INFO - DAG(s) dict_keys(['example_trigger_target_dag']) retrieved from /home/airflow/.local/lib/python3.6/site-packages/airflow/example_dags/example_trigger_target_dag.py
[2021-06-23 05:49:40,034] {logging_mixin.py:104} INFO - [2021-06-23 05:49:40,033] {dag.py:1832} INFO - Sync 1 DAGs
[2021-06-23 05:49:40,065] {logging_mixin.py:104} INFO - [2021-06-23 05:49:40,065] {dag.py:2305} INFO - Setting next_dagrun for example_trigger_target_dag to None
[2021-06-23 05:49:40,096] {scheduler_job.py:190} INFO - Processing /home/airflow/.local/lib/python3.6/site-packages/airflow/example_dags/example_trigger_target_dag.py took 0.154 seconds
[2021-06-23 05:50:10,319] {scheduler_job.py:182} INFO - Started process (PID=1709) to work on /home/airflow/.local/lib/python3.6/site-packages/airflow/example_dags/example_trigger_target_dag.py
[2021-06-23 05:50:10,322] {scheduler_job.py:633} INFO - Processing file /home/airflow/.local/lib/python3.6/site-packages/airflow/example_dags/example_trigger_target_dag.py for tasks to queue
[2021-06-23 05:50:10,323] {logging_mixin.py:104} INFO - [2021-06-23 05:50:10,322] {dagbag.py:487} INFO - Filling up the DagBag from /home/airflow/.local/lib/python3.6/site-packages/airflow/example_dags/example_trigger_target_dag.py
[2021-06-23 05:50:10,345] {scheduler_job.py:643} INFO - DAG(s) dict_keys(['example_trigger_target_dag']) retrieved from /home/airflow/.local/lib/python3.6/site-packages/airflow/example_dags/example_trigger_target_dag.py
[2021-06-23 05:50:10,376] {logging_mixin.py:104} INFO - [2021-06-23 05:50:10,375] {dag.py:1832} INFO - Sync 1 DAGs
[2021-06-23 05:50:10,413] {logging_mixin.py:104} INFO - [2021-06-23 05:50:10,413] {dag.py:2305} INFO - Setting next_dagrun for example_trigger_target_dag to None
[2021-06-23 05:50:10,427] {scheduler_job.py:190} INFO - Processing /home/airflow/.local/lib/python3.6/site-packages/airflow/example_dags/example_trigger_target_dag.py took 0.112 seconds
[2021-06-23 05:50:40,706] {scheduler_job.py:182} INFO - Started process (PID=1771) to work on /home/airflow/.local/lib/python3.6/site-packages/airflow/example_dags/example_trigger_target_dag.py
[2021-06-23 05:50:40,709] {scheduler_job.py:633} INFO - Processing file /home/airflow/.local/lib/python3.6/site-packages/airflow/example_dags/example_trigger_target_dag.py for tasks to queue
[2021-06-23 05:50:40,710] {logging_mixin.py:104} INFO - [2021-06-23 05:50:40,709] {dagbag.py:487} INFO - Filling up the DagBag from /home/airflow/.local/lib/python3.6/site-packages/airflow/example_dags/example_trigger_target_dag.py
[2021-06-23 05:50:40,747] {scheduler_job.py:643} INFO - DAG(s) dict_keys(['example_trigger_target_dag']) retrieved from /home/airflow/.local/lib/python3.6/site-packages/airflow/example_dags/example_trigger_target_dag.py
[2021-06-23 05:50:40,804] {logging_mixin.py:104} INFO - [2021-06-23 05:50:40,804] {dag.py:1832} INFO - Sync 1 DAGs
[2021-06-23 05:50:40,841] {logging_mixin.py:104} INFO - [2021-06-23 05:50:40,840] {dag.py:2305} INFO - Setting next_dagrun for example_trigger_target_dag to None
[2021-06-23 05:50:40,858] {scheduler_job.py:190} INFO - Processing /home/airflow/.local/lib/python3.6/site-packages/airflow/example_dags/example_trigger_target_dag.py took 0.157 seconds
[2021-06-23 05:51:11,002] {scheduler_job.py:182} INFO - Started process (PID=1843) to work on /home/airflow/.local/lib/python3.6/site-packages/airflow/example_dags/example_trigger_target_dag.py
[2021-06-23 05:51:11,004] {scheduler_job.py:633} INFO - Processing file /home/airflow/.local/lib/python3.6/site-packages/airflow/example_dags/example_trigger_target_dag.py for tasks to queue
[2021-06-23 05:51:11,005] {logging_mixin.py:104} INFO - [2021-06-23 05:51:11,005] {dagbag.py:487} INFO - Filling up the DagBag from /home/airflow/.local/lib/python3.6/site-packages/airflow/example_dags/example_trigger_target_dag.py
[2021-06-23 05:51:11,031] {scheduler_job.py:643} INFO - DAG(s) dict_keys(['example_trigger_target_dag']) retrieved from /home/airflow/.local/lib/python3.6/site-packages/airflow/example_dags/example_trigger_target_dag.py
[2021-06-23 05:51:11,104] {logging_mixin.py:104} INFO - [2021-06-23 05:51:11,103] {dag.py:1832} INFO - Sync 1 DAGs
[2021-06-23 05:51:11,135] {logging_mixin.py:104} INFO - [2021-06-23 05:51:11,135] {dag.py:2305} INFO - Setting next_dagrun for example_trigger_target_dag to None
[2021-06-23 05:51:11,157] {scheduler_job.py:190} INFO - Processing /home/airflow/.local/lib/python3.6/site-packages/airflow/example_dags/example_trigger_target_dag.py took 0.164 seconds
[2021-06-23 05:51:41,696] {scheduler_job.py:182} INFO - Started process (PID=1911) to work on /home/airflow/.local/lib/python3.6/site-packages/airflow/example_dags/example_trigger_target_dag.py
[2021-06-23 05:51:41,699] {scheduler_job.py:633} INFO - Processing file /home/airflow/.local/lib/python3.6/site-packages/airflow/example_dags/example_trigger_target_dag.py for tasks to queue
[2021-06-23 05:51:41,701] {logging_mixin.py:104} INFO - [2021-06-23 05:51:41,700] {dagbag.py:487} INFO - Filling up the DagBag from /home/airflow/.local/lib/python3.6/site-packages/airflow/example_dags/example_trigger_target_dag.py
[2021-06-23 05:51:41,722] {scheduler_job.py:643} INFO - DAG(s) dict_keys(['example_trigger_target_dag']) retrieved from /home/airflow/.local/lib/python3.6/site-packages/airflow/example_dags/example_trigger_target_dag.py
[2021-06-23 05:51:41,755] {logging_mixin.py:104} INFO - [2021-06-23 05:51:41,755] {dag.py:1832} INFO - Sync 1 DAGs
[2021-06-23 05:51:41,785] {logging_mixin.py:104} INFO - [2021-06-23 05:51:41,785] {dag.py:2305} INFO - Setting next_dagrun for example_trigger_target_dag to None
[2021-06-23 05:51:41,805] {scheduler_job.py:190} INFO - Processing /home/airflow/.local/lib/python3.6/site-packages/airflow/example_dags/example_trigger_target_dag.py took 0.122 seconds
[2021-06-23 05:52:12,284] {scheduler_job.py:182} INFO - Started process (PID=1975) to work on /home/airflow/.local/lib/python3.6/site-packages/airflow/example_dags/example_trigger_target_dag.py
[2021-06-23 05:52:12,300] {scheduler_job.py:633} INFO - Processing file /home/airflow/.local/lib/python3.6/site-packages/airflow/example_dags/example_trigger_target_dag.py for tasks to queue
[2021-06-23 05:52:12,301] {logging_mixin.py:104} INFO - [2021-06-23 05:52:12,300] {dagbag.py:487} INFO - Filling up the DagBag from /home/airflow/.local/lib/python3.6/site-packages/airflow/example_dags/example_trigger_target_dag.py
[2021-06-23 05:52:12,325] {scheduler_job.py:643} INFO - DAG(s) dict_keys(['example_trigger_target_dag']) retrieved from /home/airflow/.local/lib/python3.6/site-packages/airflow/example_dags/example_trigger_target_dag.py
[2021-06-23 05:52:12,375] {logging_mixin.py:104} INFO - [2021-06-23 05:52:12,375] {dag.py:1832} INFO - Sync 1 DAGs
[2021-06-23 05:52:12,407] {logging_mixin.py:104} INFO - [2021-06-23 05:52:12,407] {dag.py:2305} INFO - Setting next_dagrun for example_trigger_target_dag to None
[2021-06-23 05:52:12,436] {scheduler_job.py:190} INFO - Processing /home/airflow/.local/lib/python3.6/site-packages/airflow/example_dags/example_trigger_target_dag.py took 0.156 seconds
[2021-06-23 05:52:43,107] {scheduler_job.py:182} INFO - Started process (PID=2040) to work on /home/airflow/.local/lib/python3.6/site-packages/airflow/example_dags/example_trigger_target_dag.py
[2021-06-23 05:52:43,138] {scheduler_job.py:633} INFO - Processing file /home/airflow/.local/lib/python3.6/site-packages/airflow/example_dags/example_trigger_target_dag.py for tasks to queue
[2021-06-23 05:52:43,149] {logging_mixin.py:104} INFO - [2021-06-23 05:52:43,149] {dagbag.py:487} INFO - Filling up the DagBag from /home/airflow/.local/lib/python3.6/site-packages/airflow/example_dags/example_trigger_target_dag.py
[2021-06-23 05:52:43,214] {scheduler_job.py:643} INFO - DAG(s) dict_keys(['example_trigger_target_dag']) retrieved from /home/airflow/.local/lib/python3.6/site-packages/airflow/example_dags/example_trigger_target_dag.py
[2021-06-23 05:52:43,287] {logging_mixin.py:104} INFO - [2021-06-23 05:52:43,287] {dag.py:1832} INFO - Sync 1 DAGs
[2021-06-23 05:52:43,373] {logging_mixin.py:104} INFO - [2021-06-23 05:52:43,373] {dag.py:2305} INFO - Setting next_dagrun for example_trigger_target_dag to None
[2021-06-23 05:52:43,454] {scheduler_job.py:190} INFO - Processing /home/airflow/.local/lib/python3.6/site-packages/airflow/example_dags/example_trigger_target_dag.py took 0.362 seconds
[2021-06-23 05:53:13,548] {scheduler_job.py:182} INFO - Started process (PID=2102) to work on /home/airflow/.local/lib/python3.6/site-packages/airflow/example_dags/example_trigger_target_dag.py
[2021-06-23 05:53:13,550] {scheduler_job.py:633} INFO - Processing file /home/airflow/.local/lib/python3.6/site-packages/airflow/example_dags/example_trigger_target_dag.py for tasks to queue
[2021-06-23 05:53:13,551] {logging_mixin.py:104} INFO - [2021-06-23 05:53:13,551] {dagbag.py:487} INFO - Filling up the DagBag from /home/airflow/.local/lib/python3.6/site-packages/airflow/example_dags/example_trigger_target_dag.py
[2021-06-23 05:53:13,575] {scheduler_job.py:643} INFO - DAG(s) dict_keys(['example_trigger_target_dag']) retrieved from /home/airflow/.local/lib/python3.6/site-packages/airflow/example_dags/example_trigger_target_dag.py
[2021-06-23 05:53:13,602] {logging_mixin.py:104} INFO - [2021-06-23 05:53:13,602] {dag.py:1832} INFO - Sync 1 DAGs
[2021-06-23 05:53:13,632] {logging_mixin.py:104} INFO - [2021-06-23 05:53:13,632] {dag.py:2305} INFO - Setting next_dagrun for example_trigger_target_dag to None
[2021-06-23 05:53:13,650] {scheduler_job.py:190} INFO - Processing /home/airflow/.local/lib/python3.6/site-packages/airflow/example_dags/example_trigger_target_dag.py took 0.108 seconds
[2021-06-23 05:53:44,186] {scheduler_job.py:182} INFO - Started process (PID=2163) to work on /home/airflow/.local/lib/python3.6/site-packages/airflow/example_dags/example_trigger_target_dag.py
[2021-06-23 05:53:44,198] {scheduler_job.py:633} INFO - Processing file /home/airflow/.local/lib/python3.6/site-packages/airflow/example_dags/example_trigger_target_dag.py for tasks to queue
[2021-06-23 05:53:44,199] {logging_mixin.py:104} INFO - [2021-06-23 05:53:44,199] {dagbag.py:487} INFO - Filling up the DagBag from /home/airflow/.local/lib/python3.6/site-packages/airflow/example_dags/example_trigger_target_dag.py
[2021-06-23 05:53:44,231] {scheduler_job.py:643} INFO - DAG(s) dict_keys(['example_trigger_target_dag']) retrieved from /home/airflow/.local/lib/python3.6/site-packages/airflow/example_dags/example_trigger_target_dag.py
[2021-06-23 05:53:44,295] {logging_mixin.py:104} INFO - [2021-06-23 05:53:44,294] {dag.py:1832} INFO - Sync 1 DAGs
[2021-06-23 05:53:44,329] {logging_mixin.py:104} INFO - [2021-06-23 05:53:44,327] {dag.py:2305} INFO - Setting next_dagrun for example_trigger_target_dag to None
[2021-06-23 05:53:44,346] {scheduler_job.py:190} INFO - Processing /home/airflow/.local/lib/python3.6/site-packages/airflow/example_dags/example_trigger_target_dag.py took 0.165 seconds
[2021-06-23 05:54:15,395] {scheduler_job.py:182} INFO - Started process (PID=2227) to work on /home/airflow/.local/lib/python3.6/site-packages/airflow/example_dags/example_trigger_target_dag.py
[2021-06-23 05:54:15,397] {scheduler_job.py:633} INFO - Processing file /home/airflow/.local/lib/python3.6/site-packages/airflow/example_dags/example_trigger_target_dag.py for tasks to queue
[2021-06-23 05:54:15,398] {logging_mixin.py:104} INFO - [2021-06-23 05:54:15,398] {dagbag.py:487} INFO - Filling up the DagBag from /home/airflow/.local/lib/python3.6/site-packages/airflow/example_dags/example_trigger_target_dag.py
[2021-06-23 05:54:15,420] {scheduler_job.py:643} INFO - DAG(s) dict_keys(['example_trigger_target_dag']) retrieved from /home/airflow/.local/lib/python3.6/site-packages/airflow/example_dags/example_trigger_target_dag.py
[2021-06-23 05:54:15,488] {logging_mixin.py:104} INFO - [2021-06-23 05:54:15,487] {dag.py:1832} INFO - Sync 1 DAGs
[2021-06-23 05:54:15,534] {logging_mixin.py:104} INFO - [2021-06-23 05:54:15,533] {dag.py:2305} INFO - Setting next_dagrun for example_trigger_target_dag to None
[2021-06-23 05:54:15,596] {scheduler_job.py:190} INFO - Processing /home/airflow/.local/lib/python3.6/site-packages/airflow/example_dags/example_trigger_target_dag.py took 0.211 seconds
[2021-06-23 05:54:45,875] {scheduler_job.py:182} INFO - Started process (PID=2305) to work on /home/airflow/.local/lib/python3.6/site-packages/airflow/example_dags/example_trigger_target_dag.py
[2021-06-23 05:54:45,893] {scheduler_job.py:633} INFO - Processing file /home/airflow/.local/lib/python3.6/site-packages/airflow/example_dags/example_trigger_target_dag.py for tasks to queue
[2021-06-23 05:54:45,896] {logging_mixin.py:104} INFO - [2021-06-23 05:54:45,896] {dagbag.py:487} INFO - Filling up the DagBag from /home/airflow/.local/lib/python3.6/site-packages/airflow/example_dags/example_trigger_target_dag.py
[2021-06-23 05:54:45,959] {scheduler_job.py:643} INFO - DAG(s) dict_keys(['example_trigger_target_dag']) retrieved from /home/airflow/.local/lib/python3.6/site-packages/airflow/example_dags/example_trigger_target_dag.py
[2021-06-23 05:54:46,090] {logging_mixin.py:104} INFO - [2021-06-23 05:54:46,090] {dag.py:1832} INFO - Sync 1 DAGs
[2021-06-23 05:54:46,132] {logging_mixin.py:104} INFO - [2021-06-23 05:54:46,129] {dag.py:2305} INFO - Setting next_dagrun for example_trigger_target_dag to None
[2021-06-23 05:54:46,156] {scheduler_job.py:190} INFO - Processing /home/airflow/.local/lib/python3.6/site-packages/airflow/example_dags/example_trigger_target_dag.py took 0.286 seconds
[2021-06-23 05:55:16,210] {scheduler_job.py:182} INFO - Started process (PID=2368) to work on /home/airflow/.local/lib/python3.6/site-packages/airflow/example_dags/example_trigger_target_dag.py
[2021-06-23 05:55:16,212] {scheduler_job.py:633} INFO - Processing file /home/airflow/.local/lib/python3.6/site-packages/airflow/example_dags/example_trigger_target_dag.py for tasks to queue
[2021-06-23 05:55:16,213] {logging_mixin.py:104} INFO - [2021-06-23 05:55:16,213] {dagbag.py:487} INFO - Filling up the DagBag from /home/airflow/.local/lib/python3.6/site-packages/airflow/example_dags/example_trigger_target_dag.py
[2021-06-23 05:55:16,240] {scheduler_job.py:643} INFO - DAG(s) dict_keys(['example_trigger_target_dag']) retrieved from /home/airflow/.local/lib/python3.6/site-packages/airflow/example_dags/example_trigger_target_dag.py
[2021-06-23 05:55:16,308] {logging_mixin.py:104} INFO - [2021-06-23 05:55:16,299] {dag.py:1832} INFO - Sync 1 DAGs
[2021-06-23 05:55:16,348] {logging_mixin.py:104} INFO - [2021-06-23 05:55:16,348] {dag.py:2305} INFO - Setting next_dagrun for example_trigger_target_dag to None
[2021-06-23 05:55:16,363] {scheduler_job.py:190} INFO - Processing /home/airflow/.local/lib/python3.6/site-packages/airflow/example_dags/example_trigger_target_dag.py took 0.159 seconds
[2021-06-23 05:55:47,349] {scheduler_job.py:182} INFO - Started process (PID=2430) to work on /home/airflow/.local/lib/python3.6/site-packages/airflow/example_dags/example_trigger_target_dag.py
[2021-06-23 05:55:47,379] {scheduler_job.py:633} INFO - Processing file /home/airflow/.local/lib/python3.6/site-packages/airflow/example_dags/example_trigger_target_dag.py for tasks to queue
[2021-06-23 05:55:47,381] {logging_mixin.py:104} INFO - [2021-06-23 05:55:47,380] {dagbag.py:487} INFO - Filling up the DagBag from /home/airflow/.local/lib/python3.6/site-packages/airflow/example_dags/example_trigger_target_dag.py
[2021-06-23 05:55:47,451] {scheduler_job.py:643} INFO - DAG(s) dict_keys(['example_trigger_target_dag']) retrieved from /home/airflow/.local/lib/python3.6/site-packages/airflow/example_dags/example_trigger_target_dag.py
[2021-06-23 05:55:47,587] {logging_mixin.py:104} INFO - [2021-06-23 05:55:47,587] {dag.py:1832} INFO - Sync 1 DAGs
[2021-06-23 05:55:47,657] {logging_mixin.py:104} INFO - [2021-06-23 05:55:47,657] {dag.py:2305} INFO - Setting next_dagrun for example_trigger_target_dag to None
[2021-06-23 05:55:47,726] {scheduler_job.py:190} INFO - Processing /home/airflow/.local/lib/python3.6/site-packages/airflow/example_dags/example_trigger_target_dag.py took 0.381 seconds
[2021-06-23 05:56:17,943] {scheduler_job.py:182} INFO - Started process (PID=2491) to work on /home/airflow/.local/lib/python3.6/site-packages/airflow/example_dags/example_trigger_target_dag.py
[2021-06-23 05:56:17,944] {scheduler_job.py:633} INFO - Processing file /home/airflow/.local/lib/python3.6/site-packages/airflow/example_dags/example_trigger_target_dag.py for tasks to queue
[2021-06-23 05:56:17,945] {logging_mixin.py:104} INFO - [2021-06-23 05:56:17,945] {dagbag.py:487} INFO - Filling up the DagBag from /home/airflow/.local/lib/python3.6/site-packages/airflow/example_dags/example_trigger_target_dag.py
[2021-06-23 05:56:17,966] {scheduler_job.py:643} INFO - DAG(s) dict_keys(['example_trigger_target_dag']) retrieved from /home/airflow/.local/lib/python3.6/site-packages/airflow/example_dags/example_trigger_target_dag.py
[2021-06-23 05:56:18,001] {logging_mixin.py:104} INFO - [2021-06-23 05:56:18,001] {dag.py:1832} INFO - Sync 1 DAGs
[2021-06-23 05:56:18,029] {logging_mixin.py:104} INFO - [2021-06-23 05:56:18,029] {dag.py:2305} INFO - Setting next_dagrun for example_trigger_target_dag to None
[2021-06-23 05:56:18,042] {scheduler_job.py:190} INFO - Processing /home/airflow/.local/lib/python3.6/site-packages/airflow/example_dags/example_trigger_target_dag.py took 0.105 seconds
[2021-06-23 05:56:48,543] {scheduler_job.py:182} INFO - Started process (PID=2568) to work on /home/airflow/.local/lib/python3.6/site-packages/airflow/example_dags/example_trigger_target_dag.py
[2021-06-23 05:56:48,546] {scheduler_job.py:633} INFO - Processing file /home/airflow/.local/lib/python3.6/site-packages/airflow/example_dags/example_trigger_target_dag.py for tasks to queue
[2021-06-23 05:56:48,546] {logging_mixin.py:104} INFO - [2021-06-23 05:56:48,546] {dagbag.py:487} INFO - Filling up the DagBag from /home/airflow/.local/lib/python3.6/site-packages/airflow/example_dags/example_trigger_target_dag.py
[2021-06-23 05:56:48,600] {scheduler_job.py:643} INFO - DAG(s) dict_keys(['example_trigger_target_dag']) retrieved from /home/airflow/.local/lib/python3.6/site-packages/airflow/example_dags/example_trigger_target_dag.py
[2021-06-23 05:56:48,696] {logging_mixin.py:104} INFO - [2021-06-23 05:56:48,696] {dag.py:1832} INFO - Sync 1 DAGs
[2021-06-23 05:56:48,753] {logging_mixin.py:104} INFO - [2021-06-23 05:56:48,753] {dag.py:2305} INFO - Setting next_dagrun for example_trigger_target_dag to None
[2021-06-23 05:56:48,788] {scheduler_job.py:190} INFO - Processing /home/airflow/.local/lib/python3.6/site-packages/airflow/example_dags/example_trigger_target_dag.py took 0.254 seconds
[2021-06-23 05:57:22,110] {scheduler_job.py:182} INFO - Started process (PID=2630) to work on /home/airflow/.local/lib/python3.6/site-packages/airflow/example_dags/example_trigger_target_dag.py
[2021-06-23 05:57:22,112] {scheduler_job.py:633} INFO - Processing file /home/airflow/.local/lib/python3.6/site-packages/airflow/example_dags/example_trigger_target_dag.py for tasks to queue
[2021-06-23 05:57:22,124] {logging_mixin.py:104} INFO - [2021-06-23 05:57:22,124] {dagbag.py:487} INFO - Filling up the DagBag from /home/airflow/.local/lib/python3.6/site-packages/airflow/example_dags/example_trigger_target_dag.py
[2021-06-23 05:57:22,204] {scheduler_job.py:643} INFO - DAG(s) dict_keys(['example_trigger_target_dag']) retrieved from /home/airflow/.local/lib/python3.6/site-packages/airflow/example_dags/example_trigger_target_dag.py
[2021-06-23 05:57:22,344] {logging_mixin.py:104} INFO - [2021-06-23 05:57:22,343] {dag.py:1832} INFO - Sync 1 DAGs
[2021-06-23 05:57:22,433] {logging_mixin.py:104} INFO - [2021-06-23 05:57:22,433] {dag.py:2305} INFO - Setting next_dagrun for example_trigger_target_dag to None
[2021-06-23 05:57:22,502] {scheduler_job.py:190} INFO - Processing /home/airflow/.local/lib/python3.6/site-packages/airflow/example_dags/example_trigger_target_dag.py took 0.408 seconds
[2021-06-23 05:57:53,099] {scheduler_job.py:182} INFO - Started process (PID=2695) to work on /home/airflow/.local/lib/python3.6/site-packages/airflow/example_dags/example_trigger_target_dag.py
[2021-06-23 05:57:53,100] {scheduler_job.py:633} INFO - Processing file /home/airflow/.local/lib/python3.6/site-packages/airflow/example_dags/example_trigger_target_dag.py for tasks to queue
[2021-06-23 05:57:53,101] {logging_mixin.py:104} INFO - [2021-06-23 05:57:53,101] {dagbag.py:487} INFO - Filling up the DagBag from /home/airflow/.local/lib/python3.6/site-packages/airflow/example_dags/example_trigger_target_dag.py
[2021-06-23 05:57:53,127] {scheduler_job.py:643} INFO - DAG(s) dict_keys(['example_trigger_target_dag']) retrieved from /home/airflow/.local/lib/python3.6/site-packages/airflow/example_dags/example_trigger_target_dag.py
[2021-06-23 05:57:53,187] {logging_mixin.py:104} INFO - [2021-06-23 05:57:53,187] {dag.py:1832} INFO - Sync 1 DAGs
[2021-06-23 05:57:53,242] {logging_mixin.py:104} INFO - [2021-06-23 05:57:53,242] {dag.py:2305} INFO - Setting next_dagrun for example_trigger_target_dag to None
[2021-06-23 05:57:53,277] {scheduler_job.py:190} INFO - Processing /home/airflow/.local/lib/python3.6/site-packages/airflow/example_dags/example_trigger_target_dag.py took 0.191 seconds
[2021-06-23 05:58:23,369] {scheduler_job.py:182} INFO - Started process (PID=2758) to work on /home/airflow/.local/lib/python3.6/site-packages/airflow/example_dags/example_trigger_target_dag.py
[2021-06-23 05:58:23,371] {scheduler_job.py:633} INFO - Processing file /home/airflow/.local/lib/python3.6/site-packages/airflow/example_dags/example_trigger_target_dag.py for tasks to queue
[2021-06-23 05:58:23,376] {logging_mixin.py:104} INFO - [2021-06-23 05:58:23,373] {dagbag.py:487} INFO - Filling up the DagBag from /home/airflow/.local/lib/python3.6/site-packages/airflow/example_dags/example_trigger_target_dag.py
[2021-06-23 05:58:23,406] {scheduler_job.py:643} INFO - DAG(s) dict_keys(['example_trigger_target_dag']) retrieved from /home/airflow/.local/lib/python3.6/site-packages/airflow/example_dags/example_trigger_target_dag.py
[2021-06-23 05:58:23,462] {logging_mixin.py:104} INFO - [2021-06-23 05:58:23,462] {dag.py:1832} INFO - Sync 1 DAGs
[2021-06-23 05:58:23,493] {logging_mixin.py:104} INFO - [2021-06-23 05:58:23,493] {dag.py:2305} INFO - Setting next_dagrun for example_trigger_target_dag to None
[2021-06-23 05:58:23,514] {scheduler_job.py:190} INFO - Processing /home/airflow/.local/lib/python3.6/site-packages/airflow/example_dags/example_trigger_target_dag.py took 0.150 seconds
[2021-06-23 05:58:53,742] {scheduler_job.py:182} INFO - Started process (PID=2823) to work on /home/airflow/.local/lib/python3.6/site-packages/airflow/example_dags/example_trigger_target_dag.py
[2021-06-23 05:58:53,745] {scheduler_job.py:633} INFO - Processing file /home/airflow/.local/lib/python3.6/site-packages/airflow/example_dags/example_trigger_target_dag.py for tasks to queue
[2021-06-23 05:58:53,746] {logging_mixin.py:104} INFO - [2021-06-23 05:58:53,746] {dagbag.py:487} INFO - Filling up the DagBag from /home/airflow/.local/lib/python3.6/site-packages/airflow/example_dags/example_trigger_target_dag.py
[2021-06-23 05:58:53,785] {scheduler_job.py:643} INFO - DAG(s) dict_keys(['example_trigger_target_dag']) retrieved from /home/airflow/.local/lib/python3.6/site-packages/airflow/example_dags/example_trigger_target_dag.py
[2021-06-23 05:58:53,841] {logging_mixin.py:104} INFO - [2021-06-23 05:58:53,841] {dag.py:1832} INFO - Sync 1 DAGs
[2021-06-23 05:58:53,874] {logging_mixin.py:104} INFO - [2021-06-23 05:58:53,874] {dag.py:2305} INFO - Setting next_dagrun for example_trigger_target_dag to None
[2021-06-23 05:58:53,907] {scheduler_job.py:190} INFO - Processing /home/airflow/.local/lib/python3.6/site-packages/airflow/example_dags/example_trigger_target_dag.py took 0.180 seconds
[2021-06-23 05:59:24,451] {scheduler_job.py:182} INFO - Started process (PID=2887) to work on /home/airflow/.local/lib/python3.6/site-packages/airflow/example_dags/example_trigger_target_dag.py
[2021-06-23 05:59:24,453] {scheduler_job.py:633} INFO - Processing file /home/airflow/.local/lib/python3.6/site-packages/airflow/example_dags/example_trigger_target_dag.py for tasks to queue
[2021-06-23 05:59:24,453] {logging_mixin.py:104} INFO - [2021-06-23 05:59:24,453] {dagbag.py:487} INFO - Filling up the DagBag from /home/airflow/.local/lib/python3.6/site-packages/airflow/example_dags/example_trigger_target_dag.py
[2021-06-23 05:59:24,470] {scheduler_job.py:643} INFO - DAG(s) dict_keys(['example_trigger_target_dag']) retrieved from /home/airflow/.local/lib/python3.6/site-packages/airflow/example_dags/example_trigger_target_dag.py
[2021-06-23 05:59:24,493] {logging_mixin.py:104} INFO - [2021-06-23 05:59:24,493] {dag.py:1832} INFO - Sync 1 DAGs
[2021-06-23 05:59:24,515] {logging_mixin.py:104} INFO - [2021-06-23 05:59:24,515] {dag.py:2305} INFO - Setting next_dagrun for example_trigger_target_dag to None
[2021-06-23 05:59:24,527] {scheduler_job.py:190} INFO - Processing /home/airflow/.local/lib/python3.6/site-packages/airflow/example_dags/example_trigger_target_dag.py took 0.080 seconds
[2021-06-23 05:59:54,566] {scheduler_job.py:182} INFO - Started process (PID=2951) to work on /home/airflow/.local/lib/python3.6/site-packages/airflow/example_dags/example_trigger_target_dag.py
[2021-06-23 05:59:54,568] {scheduler_job.py:633} INFO - Processing file /home/airflow/.local/lib/python3.6/site-packages/airflow/example_dags/example_trigger_target_dag.py for tasks to queue
[2021-06-23 05:59:54,569] {logging_mixin.py:104} INFO - [2021-06-23 05:59:54,568] {dagbag.py:487} INFO - Filling up the DagBag from /home/airflow/.local/lib/python3.6/site-packages/airflow/example_dags/example_trigger_target_dag.py
[2021-06-23 05:59:54,587] {scheduler_job.py:643} INFO - DAG(s) dict_keys(['example_trigger_target_dag']) retrieved from /home/airflow/.local/lib/python3.6/site-packages/airflow/example_dags/example_trigger_target_dag.py
[2021-06-23 05:59:54,613] {logging_mixin.py:104} INFO - [2021-06-23 05:59:54,612] {dag.py:1832} INFO - Sync 1 DAGs
[2021-06-23 05:59:54,635] {logging_mixin.py:104} INFO - [2021-06-23 05:59:54,635] {dag.py:2305} INFO - Setting next_dagrun for example_trigger_target_dag to None
[2021-06-23 05:59:54,657] {scheduler_job.py:190} INFO - Processing /home/airflow/.local/lib/python3.6/site-packages/airflow/example_dags/example_trigger_target_dag.py took 0.097 seconds
[2021-06-23 06:00:24,956] {scheduler_job.py:182} INFO - Started process (PID=3012) to work on /home/airflow/.local/lib/python3.6/site-packages/airflow/example_dags/example_trigger_target_dag.py
[2021-06-23 06:00:24,957] {scheduler_job.py:633} INFO - Processing file /home/airflow/.local/lib/python3.6/site-packages/airflow/example_dags/example_trigger_target_dag.py for tasks to queue
[2021-06-23 06:00:24,958] {logging_mixin.py:104} INFO - [2021-06-23 06:00:24,958] {dagbag.py:487} INFO - Filling up the DagBag from /home/airflow/.local/lib/python3.6/site-packages/airflow/example_dags/example_trigger_target_dag.py
[2021-06-23 06:00:24,989] {scheduler_job.py:643} INFO - DAG(s) dict_keys(['example_trigger_target_dag']) retrieved from /home/airflow/.local/lib/python3.6/site-packages/airflow/example_dags/example_trigger_target_dag.py
[2021-06-23 06:00:25,045] {logging_mixin.py:104} INFO - [2021-06-23 06:00:25,045] {dag.py:1832} INFO - Sync 1 DAGs
[2021-06-23 06:00:25,083] {logging_mixin.py:104} INFO - [2021-06-23 06:00:25,083] {dag.py:2305} INFO - Setting next_dagrun for example_trigger_target_dag to None
[2021-06-23 06:00:25,117] {scheduler_job.py:190} INFO - Processing /home/airflow/.local/lib/python3.6/site-packages/airflow/example_dags/example_trigger_target_dag.py took 0.166 seconds
