[2021-06-23 05:37:09,191] {scheduler_job.py:182} INFO - Started process (PID=58) to work on /home/airflow/.local/lib/python3.6/site-packages/airflow/example_dags/example_branch_labels.py
[2021-06-23 05:37:09,192] {scheduler_job.py:633} INFO - Processing file /home/airflow/.local/lib/python3.6/site-packages/airflow/example_dags/example_branch_labels.py for tasks to queue
[2021-06-23 05:37:09,193] {logging_mixin.py:104} INFO - [2021-06-23 05:37:09,193] {dagbag.py:487} INFO - Filling up the DagBag from /home/airflow/.local/lib/python3.6/site-packages/airflow/example_dags/example_branch_labels.py
[2021-06-23 05:37:09,299] {scheduler_job.py:643} INFO - DAG(s) dict_keys(['example_branch_labels']) retrieved from /home/airflow/.local/lib/python3.6/site-packages/airflow/example_dags/example_branch_labels.py
[2021-06-23 05:37:11,220] {logging_mixin.py:104} INFO - [2021-06-23 05:37:11,219] {dag.py:1832} INFO - Sync 1 DAGs
[2021-06-23 05:37:11,286] {logging_mixin.py:104} INFO - [2021-06-23 05:37:11,286] {dag.py:2305} INFO - Setting next_dagrun for example_branch_labels to 2021-06-21 00:00:00+00:00
[2021-06-23 05:37:11,306] {scheduler_job.py:190} INFO - Processing /home/airflow/.local/lib/python3.6/site-packages/airflow/example_dags/example_branch_labels.py took 2.120 seconds
[2021-06-23 05:37:41,716] {scheduler_job.py:182} INFO - Started process (PID=121) to work on /home/airflow/.local/lib/python3.6/site-packages/airflow/example_dags/example_branch_labels.py
[2021-06-23 05:37:41,722] {scheduler_job.py:633} INFO - Processing file /home/airflow/.local/lib/python3.6/site-packages/airflow/example_dags/example_branch_labels.py for tasks to queue
[2021-06-23 05:37:41,723] {logging_mixin.py:104} INFO - [2021-06-23 05:37:41,723] {dagbag.py:487} INFO - Filling up the DagBag from /home/airflow/.local/lib/python3.6/site-packages/airflow/example_dags/example_branch_labels.py
[2021-06-23 05:37:41,791] {scheduler_job.py:643} INFO - DAG(s) dict_keys(['example_branch_labels']) retrieved from /home/airflow/.local/lib/python3.6/site-packages/airflow/example_dags/example_branch_labels.py
[2021-06-23 05:37:41,879] {logging_mixin.py:104} INFO - [2021-06-23 05:37:41,879] {dag.py:1832} INFO - Sync 1 DAGs
[2021-06-23 05:37:41,940] {logging_mixin.py:104} INFO - [2021-06-23 05:37:41,940] {dag.py:2305} INFO - Setting next_dagrun for example_branch_labels to 2021-06-21 00:00:00+00:00
[2021-06-23 05:37:41,959] {scheduler_job.py:190} INFO - Processing /home/airflow/.local/lib/python3.6/site-packages/airflow/example_dags/example_branch_labels.py took 0.253 seconds
[2021-06-23 05:38:12,489] {scheduler_job.py:182} INFO - Started process (PID=184) to work on /home/airflow/.local/lib/python3.6/site-packages/airflow/example_dags/example_branch_labels.py
[2021-06-23 05:38:12,491] {scheduler_job.py:633} INFO - Processing file /home/airflow/.local/lib/python3.6/site-packages/airflow/example_dags/example_branch_labels.py for tasks to queue
[2021-06-23 05:38:12,492] {logging_mixin.py:104} INFO - [2021-06-23 05:38:12,491] {dagbag.py:487} INFO - Filling up the DagBag from /home/airflow/.local/lib/python3.6/site-packages/airflow/example_dags/example_branch_labels.py
[2021-06-23 05:38:12,550] {scheduler_job.py:643} INFO - DAG(s) dict_keys(['example_branch_labels']) retrieved from /home/airflow/.local/lib/python3.6/site-packages/airflow/example_dags/example_branch_labels.py
[2021-06-23 05:38:12,612] {logging_mixin.py:104} INFO - [2021-06-23 05:38:12,612] {dag.py:1832} INFO - Sync 1 DAGs
[2021-06-23 05:38:12,790] {logging_mixin.py:104} INFO - [2021-06-23 05:38:12,790] {dag.py:2305} INFO - Setting next_dagrun for example_branch_labels to 2021-06-21 00:00:00+00:00
[2021-06-23 05:38:12,842] {scheduler_job.py:190} INFO - Processing /home/airflow/.local/lib/python3.6/site-packages/airflow/example_dags/example_branch_labels.py took 0.367 seconds
[2021-06-23 05:38:42,906] {scheduler_job.py:182} INFO - Started process (PID=250) to work on /home/airflow/.local/lib/python3.6/site-packages/airflow/example_dags/example_branch_labels.py
[2021-06-23 05:38:42,922] {scheduler_job.py:633} INFO - Processing file /home/airflow/.local/lib/python3.6/site-packages/airflow/example_dags/example_branch_labels.py for tasks to queue
[2021-06-23 05:38:42,945] {logging_mixin.py:104} INFO - [2021-06-23 05:38:42,924] {dagbag.py:487} INFO - Filling up the DagBag from /home/airflow/.local/lib/python3.6/site-packages/airflow/example_dags/example_branch_labels.py
[2021-06-23 05:38:43,016] {scheduler_job.py:643} INFO - DAG(s) dict_keys(['example_branch_labels']) retrieved from /home/airflow/.local/lib/python3.6/site-packages/airflow/example_dags/example_branch_labels.py
[2021-06-23 05:38:43,093] {logging_mixin.py:104} INFO - [2021-06-23 05:38:43,093] {dag.py:1832} INFO - Sync 1 DAGs
[2021-06-23 05:38:43,168] {logging_mixin.py:104} INFO - [2021-06-23 05:38:43,168] {dag.py:2305} INFO - Setting next_dagrun for example_branch_labels to 2021-06-21 00:00:00+00:00
[2021-06-23 05:38:43,205] {scheduler_job.py:190} INFO - Processing /home/airflow/.local/lib/python3.6/site-packages/airflow/example_dags/example_branch_labels.py took 0.304 seconds
[2021-06-23 05:39:13,805] {scheduler_job.py:182} INFO - Started process (PID=311) to work on /home/airflow/.local/lib/python3.6/site-packages/airflow/example_dags/example_branch_labels.py
[2021-06-23 05:39:13,812] {scheduler_job.py:633} INFO - Processing file /home/airflow/.local/lib/python3.6/site-packages/airflow/example_dags/example_branch_labels.py for tasks to queue
[2021-06-23 05:39:13,817] {logging_mixin.py:104} INFO - [2021-06-23 05:39:13,817] {dagbag.py:487} INFO - Filling up the DagBag from /home/airflow/.local/lib/python3.6/site-packages/airflow/example_dags/example_branch_labels.py
[2021-06-23 05:39:13,842] {scheduler_job.py:643} INFO - DAG(s) dict_keys(['example_branch_labels']) retrieved from /home/airflow/.local/lib/python3.6/site-packages/airflow/example_dags/example_branch_labels.py
[2021-06-23 05:39:13,901] {logging_mixin.py:104} INFO - [2021-06-23 05:39:13,901] {dag.py:1832} INFO - Sync 1 DAGs
[2021-06-23 05:39:13,942] {logging_mixin.py:104} INFO - [2021-06-23 05:39:13,942] {dag.py:2305} INFO - Setting next_dagrun for example_branch_labels to 2021-06-21 00:00:00+00:00
[2021-06-23 05:39:13,981] {scheduler_job.py:190} INFO - Processing /home/airflow/.local/lib/python3.6/site-packages/airflow/example_dags/example_branch_labels.py took 0.190 seconds
[2021-06-23 05:39:44,822] {scheduler_job.py:182} INFO - Started process (PID=376) to work on /home/airflow/.local/lib/python3.6/site-packages/airflow/example_dags/example_branch_labels.py
[2021-06-23 05:39:44,824] {scheduler_job.py:633} INFO - Processing file /home/airflow/.local/lib/python3.6/site-packages/airflow/example_dags/example_branch_labels.py for tasks to queue
[2021-06-23 05:39:44,825] {logging_mixin.py:104} INFO - [2021-06-23 05:39:44,825] {dagbag.py:487} INFO - Filling up the DagBag from /home/airflow/.local/lib/python3.6/site-packages/airflow/example_dags/example_branch_labels.py
[2021-06-23 05:39:44,854] {scheduler_job.py:643} INFO - DAG(s) dict_keys(['example_branch_labels']) retrieved from /home/airflow/.local/lib/python3.6/site-packages/airflow/example_dags/example_branch_labels.py
[2021-06-23 05:39:44,914] {logging_mixin.py:104} INFO - [2021-06-23 05:39:44,914] {dag.py:1832} INFO - Sync 1 DAGs
[2021-06-23 05:39:44,955] {logging_mixin.py:104} INFO - [2021-06-23 05:39:44,955] {dag.py:2305} INFO - Setting next_dagrun for example_branch_labels to 2021-06-21 00:00:00+00:00
[2021-06-23 05:39:44,974] {scheduler_job.py:190} INFO - Processing /home/airflow/.local/lib/python3.6/site-packages/airflow/example_dags/example_branch_labels.py took 0.155 seconds
[2021-06-23 05:40:15,534] {scheduler_job.py:182} INFO - Started process (PID=439) to work on /home/airflow/.local/lib/python3.6/site-packages/airflow/example_dags/example_branch_labels.py
[2021-06-23 05:40:15,536] {scheduler_job.py:633} INFO - Processing file /home/airflow/.local/lib/python3.6/site-packages/airflow/example_dags/example_branch_labels.py for tasks to queue
[2021-06-23 05:40:15,537] {logging_mixin.py:104} INFO - [2021-06-23 05:40:15,537] {dagbag.py:487} INFO - Filling up the DagBag from /home/airflow/.local/lib/python3.6/site-packages/airflow/example_dags/example_branch_labels.py
[2021-06-23 05:40:15,563] {scheduler_job.py:643} INFO - DAG(s) dict_keys(['example_branch_labels']) retrieved from /home/airflow/.local/lib/python3.6/site-packages/airflow/example_dags/example_branch_labels.py
[2021-06-23 05:40:15,623] {logging_mixin.py:104} INFO - [2021-06-23 05:40:15,623] {dag.py:1832} INFO - Sync 1 DAGs
[2021-06-23 05:40:15,689] {logging_mixin.py:104} INFO - [2021-06-23 05:40:15,688] {dag.py:2305} INFO - Setting next_dagrun for example_branch_labels to 2021-06-21 00:00:00+00:00
[2021-06-23 05:40:15,715] {scheduler_job.py:190} INFO - Processing /home/airflow/.local/lib/python3.6/site-packages/airflow/example_dags/example_branch_labels.py took 0.185 seconds
[2021-06-23 05:40:46,105] {scheduler_job.py:182} INFO - Started process (PID=502) to work on /home/airflow/.local/lib/python3.6/site-packages/airflow/example_dags/example_branch_labels.py
[2021-06-23 05:40:46,107] {scheduler_job.py:633} INFO - Processing file /home/airflow/.local/lib/python3.6/site-packages/airflow/example_dags/example_branch_labels.py for tasks to queue
[2021-06-23 05:40:46,109] {logging_mixin.py:104} INFO - [2021-06-23 05:40:46,109] {dagbag.py:487} INFO - Filling up the DagBag from /home/airflow/.local/lib/python3.6/site-packages/airflow/example_dags/example_branch_labels.py
[2021-06-23 05:40:46,123] {scheduler_job.py:643} INFO - DAG(s) dict_keys(['example_branch_labels']) retrieved from /home/airflow/.local/lib/python3.6/site-packages/airflow/example_dags/example_branch_labels.py
[2021-06-23 05:40:46,150] {logging_mixin.py:104} INFO - [2021-06-23 05:40:46,150] {dag.py:1832} INFO - Sync 1 DAGs
[2021-06-23 05:40:46,181] {logging_mixin.py:104} INFO - [2021-06-23 05:40:46,181] {dag.py:2305} INFO - Setting next_dagrun for example_branch_labels to 2021-06-21 00:00:00+00:00
[2021-06-23 05:40:46,204] {scheduler_job.py:190} INFO - Processing /home/airflow/.local/lib/python3.6/site-packages/airflow/example_dags/example_branch_labels.py took 0.103 seconds
[2021-06-23 05:41:16,542] {scheduler_job.py:182} INFO - Started process (PID=566) to work on /home/airflow/.local/lib/python3.6/site-packages/airflow/example_dags/example_branch_labels.py
[2021-06-23 05:41:16,544] {scheduler_job.py:633} INFO - Processing file /home/airflow/.local/lib/python3.6/site-packages/airflow/example_dags/example_branch_labels.py for tasks to queue
[2021-06-23 05:41:16,546] {logging_mixin.py:104} INFO - [2021-06-23 05:41:16,545] {dagbag.py:487} INFO - Filling up the DagBag from /home/airflow/.local/lib/python3.6/site-packages/airflow/example_dags/example_branch_labels.py
[2021-06-23 05:41:16,565] {scheduler_job.py:643} INFO - DAG(s) dict_keys(['example_branch_labels']) retrieved from /home/airflow/.local/lib/python3.6/site-packages/airflow/example_dags/example_branch_labels.py
[2021-06-23 05:41:16,602] {logging_mixin.py:104} INFO - [2021-06-23 05:41:16,602] {dag.py:1832} INFO - Sync 1 DAGs
[2021-06-23 05:41:16,635] {logging_mixin.py:104} INFO - [2021-06-23 05:41:16,634] {dag.py:2305} INFO - Setting next_dagrun for example_branch_labels to 2021-06-21 00:00:00+00:00
[2021-06-23 05:41:16,649] {scheduler_job.py:190} INFO - Processing /home/airflow/.local/lib/python3.6/site-packages/airflow/example_dags/example_branch_labels.py took 0.111 seconds
[2021-06-23 05:41:46,844] {scheduler_job.py:182} INFO - Started process (PID=640) to work on /home/airflow/.local/lib/python3.6/site-packages/airflow/example_dags/example_branch_labels.py
[2021-06-23 05:41:46,846] {scheduler_job.py:633} INFO - Processing file /home/airflow/.local/lib/python3.6/site-packages/airflow/example_dags/example_branch_labels.py for tasks to queue
[2021-06-23 05:41:46,848] {logging_mixin.py:104} INFO - [2021-06-23 05:41:46,848] {dagbag.py:487} INFO - Filling up the DagBag from /home/airflow/.local/lib/python3.6/site-packages/airflow/example_dags/example_branch_labels.py
[2021-06-23 05:41:46,887] {scheduler_job.py:643} INFO - DAG(s) dict_keys(['example_branch_labels']) retrieved from /home/airflow/.local/lib/python3.6/site-packages/airflow/example_dags/example_branch_labels.py
[2021-06-23 05:41:46,935] {logging_mixin.py:104} INFO - [2021-06-23 05:41:46,935] {dag.py:1832} INFO - Sync 1 DAGs
[2021-06-23 05:41:46,965] {logging_mixin.py:104} INFO - [2021-06-23 05:41:46,965] {dag.py:2305} INFO - Setting next_dagrun for example_branch_labels to 2021-06-21 00:00:00+00:00
[2021-06-23 05:41:46,982] {scheduler_job.py:190} INFO - Processing /home/airflow/.local/lib/python3.6/site-packages/airflow/example_dags/example_branch_labels.py took 0.143 seconds
[2021-06-23 05:42:17,611] {scheduler_job.py:182} INFO - Started process (PID=706) to work on /home/airflow/.local/lib/python3.6/site-packages/airflow/example_dags/example_branch_labels.py
[2021-06-23 05:42:17,612] {scheduler_job.py:633} INFO - Processing file /home/airflow/.local/lib/python3.6/site-packages/airflow/example_dags/example_branch_labels.py for tasks to queue
[2021-06-23 05:42:17,613] {logging_mixin.py:104} INFO - [2021-06-23 05:42:17,613] {dagbag.py:487} INFO - Filling up the DagBag from /home/airflow/.local/lib/python3.6/site-packages/airflow/example_dags/example_branch_labels.py
[2021-06-23 05:42:17,634] {scheduler_job.py:643} INFO - DAG(s) dict_keys(['example_branch_labels']) retrieved from /home/airflow/.local/lib/python3.6/site-packages/airflow/example_dags/example_branch_labels.py
[2021-06-23 05:42:17,686] {logging_mixin.py:104} INFO - [2021-06-23 05:42:17,686] {dag.py:1832} INFO - Sync 1 DAGs
[2021-06-23 05:42:17,714] {logging_mixin.py:104} INFO - [2021-06-23 05:42:17,714] {dag.py:2305} INFO - Setting next_dagrun for example_branch_labels to 2021-06-21 00:00:00+00:00
[2021-06-23 05:42:17,739] {scheduler_job.py:190} INFO - Processing /home/airflow/.local/lib/python3.6/site-packages/airflow/example_dags/example_branch_labels.py took 0.132 seconds
[2021-06-23 05:42:48,466] {scheduler_job.py:182} INFO - Started process (PID=771) to work on /home/airflow/.local/lib/python3.6/site-packages/airflow/example_dags/example_branch_labels.py
[2021-06-23 05:42:48,473] {scheduler_job.py:633} INFO - Processing file /home/airflow/.local/lib/python3.6/site-packages/airflow/example_dags/example_branch_labels.py for tasks to queue
[2021-06-23 05:42:48,475] {logging_mixin.py:104} INFO - [2021-06-23 05:42:48,474] {dagbag.py:487} INFO - Filling up the DagBag from /home/airflow/.local/lib/python3.6/site-packages/airflow/example_dags/example_branch_labels.py
[2021-06-23 05:42:48,503] {scheduler_job.py:643} INFO - DAG(s) dict_keys(['example_branch_labels']) retrieved from /home/airflow/.local/lib/python3.6/site-packages/airflow/example_dags/example_branch_labels.py
[2021-06-23 05:42:48,570] {logging_mixin.py:104} INFO - [2021-06-23 05:42:48,570] {dag.py:1832} INFO - Sync 1 DAGs
[2021-06-23 05:42:48,621] {logging_mixin.py:104} INFO - [2021-06-23 05:42:48,621] {dag.py:2305} INFO - Setting next_dagrun for example_branch_labels to 2021-06-21 00:00:00+00:00
[2021-06-23 05:42:48,645] {scheduler_job.py:190} INFO - Processing /home/airflow/.local/lib/python3.6/site-packages/airflow/example_dags/example_branch_labels.py took 0.184 seconds
[2021-06-23 05:43:19,003] {scheduler_job.py:182} INFO - Started process (PID=832) to work on /home/airflow/.local/lib/python3.6/site-packages/airflow/example_dags/example_branch_labels.py
[2021-06-23 05:43:19,005] {scheduler_job.py:633} INFO - Processing file /home/airflow/.local/lib/python3.6/site-packages/airflow/example_dags/example_branch_labels.py for tasks to queue
[2021-06-23 05:43:19,006] {logging_mixin.py:104} INFO - [2021-06-23 05:43:19,006] {dagbag.py:487} INFO - Filling up the DagBag from /home/airflow/.local/lib/python3.6/site-packages/airflow/example_dags/example_branch_labels.py
[2021-06-23 05:43:19,028] {scheduler_job.py:643} INFO - DAG(s) dict_keys(['example_branch_labels']) retrieved from /home/airflow/.local/lib/python3.6/site-packages/airflow/example_dags/example_branch_labels.py
[2021-06-23 05:43:19,056] {logging_mixin.py:104} INFO - [2021-06-23 05:43:19,055] {dag.py:1832} INFO - Sync 1 DAGs
[2021-06-23 05:43:19,082] {logging_mixin.py:104} INFO - [2021-06-23 05:43:19,082] {dag.py:2305} INFO - Setting next_dagrun for example_branch_labels to 2021-06-21 00:00:00+00:00
[2021-06-23 05:43:19,094] {scheduler_job.py:190} INFO - Processing /home/airflow/.local/lib/python3.6/site-packages/airflow/example_dags/example_branch_labels.py took 0.094 seconds
[2021-06-23 05:43:49,692] {scheduler_job.py:182} INFO - Started process (PID=897) to work on /home/airflow/.local/lib/python3.6/site-packages/airflow/example_dags/example_branch_labels.py
[2021-06-23 05:43:49,693] {scheduler_job.py:633} INFO - Processing file /home/airflow/.local/lib/python3.6/site-packages/airflow/example_dags/example_branch_labels.py for tasks to queue
[2021-06-23 05:43:49,694] {logging_mixin.py:104} INFO - [2021-06-23 05:43:49,694] {dagbag.py:487} INFO - Filling up the DagBag from /home/airflow/.local/lib/python3.6/site-packages/airflow/example_dags/example_branch_labels.py
[2021-06-23 05:43:49,806] {scheduler_job.py:643} INFO - DAG(s) dict_keys(['example_branch_labels']) retrieved from /home/airflow/.local/lib/python3.6/site-packages/airflow/example_dags/example_branch_labels.py
[2021-06-23 05:43:49,891] {logging_mixin.py:104} INFO - [2021-06-23 05:43:49,891] {dag.py:1832} INFO - Sync 1 DAGs
[2021-06-23 05:43:49,989] {logging_mixin.py:104} INFO - [2021-06-23 05:43:49,989] {dag.py:2305} INFO - Setting next_dagrun for example_branch_labels to 2021-06-21 00:00:00+00:00
[2021-06-23 05:43:50,050] {scheduler_job.py:190} INFO - Processing /home/airflow/.local/lib/python3.6/site-packages/airflow/example_dags/example_branch_labels.py took 0.374 seconds
[2021-06-23 05:44:20,208] {scheduler_job.py:182} INFO - Started process (PID=970) to work on /home/airflow/.local/lib/python3.6/site-packages/airflow/example_dags/example_branch_labels.py
[2021-06-23 05:44:20,209] {scheduler_job.py:633} INFO - Processing file /home/airflow/.local/lib/python3.6/site-packages/airflow/example_dags/example_branch_labels.py for tasks to queue
[2021-06-23 05:44:20,217] {logging_mixin.py:104} INFO - [2021-06-23 05:44:20,216] {dagbag.py:487} INFO - Filling up the DagBag from /home/airflow/.local/lib/python3.6/site-packages/airflow/example_dags/example_branch_labels.py
[2021-06-23 05:44:20,251] {scheduler_job.py:643} INFO - DAG(s) dict_keys(['example_branch_labels']) retrieved from /home/airflow/.local/lib/python3.6/site-packages/airflow/example_dags/example_branch_labels.py
[2021-06-23 05:44:20,323] {logging_mixin.py:104} INFO - [2021-06-23 05:44:20,322] {dag.py:1832} INFO - Sync 1 DAGs
[2021-06-23 05:44:20,356] {logging_mixin.py:104} INFO - [2021-06-23 05:44:20,356] {dag.py:2305} INFO - Setting next_dagrun for example_branch_labels to 2021-06-21 00:00:00+00:00
[2021-06-23 05:44:20,370] {scheduler_job.py:190} INFO - Processing /home/airflow/.local/lib/python3.6/site-packages/airflow/example_dags/example_branch_labels.py took 0.168 seconds
[2021-06-23 05:44:50,524] {scheduler_job.py:182} INFO - Started process (PID=1032) to work on /home/airflow/.local/lib/python3.6/site-packages/airflow/example_dags/example_branch_labels.py
[2021-06-23 05:44:50,526] {scheduler_job.py:633} INFO - Processing file /home/airflow/.local/lib/python3.6/site-packages/airflow/example_dags/example_branch_labels.py for tasks to queue
[2021-06-23 05:44:50,530] {logging_mixin.py:104} INFO - [2021-06-23 05:44:50,528] {dagbag.py:487} INFO - Filling up the DagBag from /home/airflow/.local/lib/python3.6/site-packages/airflow/example_dags/example_branch_labels.py
[2021-06-23 05:44:50,559] {scheduler_job.py:643} INFO - DAG(s) dict_keys(['example_branch_labels']) retrieved from /home/airflow/.local/lib/python3.6/site-packages/airflow/example_dags/example_branch_labels.py
[2021-06-23 05:44:50,600] {logging_mixin.py:104} INFO - [2021-06-23 05:44:50,600] {dag.py:1832} INFO - Sync 1 DAGs
[2021-06-23 05:44:50,659] {logging_mixin.py:104} INFO - [2021-06-23 05:44:50,659] {dag.py:2305} INFO - Setting next_dagrun for example_branch_labels to 2021-06-21 00:00:00+00:00
[2021-06-23 05:44:50,682] {scheduler_job.py:190} INFO - Processing /home/airflow/.local/lib/python3.6/site-packages/airflow/example_dags/example_branch_labels.py took 0.163 seconds
[2021-06-23 05:45:20,740] {scheduler_job.py:182} INFO - Started process (PID=1099) to work on /home/airflow/.local/lib/python3.6/site-packages/airflow/example_dags/example_branch_labels.py
[2021-06-23 05:45:20,750] {scheduler_job.py:633} INFO - Processing file /home/airflow/.local/lib/python3.6/site-packages/airflow/example_dags/example_branch_labels.py for tasks to queue
[2021-06-23 05:45:20,751] {logging_mixin.py:104} INFO - [2021-06-23 05:45:20,751] {dagbag.py:487} INFO - Filling up the DagBag from /home/airflow/.local/lib/python3.6/site-packages/airflow/example_dags/example_branch_labels.py
[2021-06-23 05:45:20,772] {scheduler_job.py:643} INFO - DAG(s) dict_keys(['example_branch_labels']) retrieved from /home/airflow/.local/lib/python3.6/site-packages/airflow/example_dags/example_branch_labels.py
[2021-06-23 05:45:20,807] {logging_mixin.py:104} INFO - [2021-06-23 05:45:20,807] {dag.py:1832} INFO - Sync 1 DAGs
[2021-06-23 05:45:20,832] {logging_mixin.py:104} INFO - [2021-06-23 05:45:20,832] {dag.py:2305} INFO - Setting next_dagrun for example_branch_labels to 2021-06-21 00:00:00+00:00
[2021-06-23 05:45:20,851] {scheduler_job.py:190} INFO - Processing /home/airflow/.local/lib/python3.6/site-packages/airflow/example_dags/example_branch_labels.py took 0.115 seconds
[2021-06-23 05:45:51,233] {scheduler_job.py:182} INFO - Started process (PID=1161) to work on /home/airflow/.local/lib/python3.6/site-packages/airflow/example_dags/example_branch_labels.py
[2021-06-23 05:45:51,237] {scheduler_job.py:633} INFO - Processing file /home/airflow/.local/lib/python3.6/site-packages/airflow/example_dags/example_branch_labels.py for tasks to queue
[2021-06-23 05:45:51,244] {logging_mixin.py:104} INFO - [2021-06-23 05:45:51,243] {dagbag.py:487} INFO - Filling up the DagBag from /home/airflow/.local/lib/python3.6/site-packages/airflow/example_dags/example_branch_labels.py
[2021-06-23 05:45:51,264] {scheduler_job.py:643} INFO - DAG(s) dict_keys(['example_branch_labels']) retrieved from /home/airflow/.local/lib/python3.6/site-packages/airflow/example_dags/example_branch_labels.py
[2021-06-23 05:45:51,298] {logging_mixin.py:104} INFO - [2021-06-23 05:45:51,297] {dag.py:1832} INFO - Sync 1 DAGs
[2021-06-23 05:45:51,330] {logging_mixin.py:104} INFO - [2021-06-23 05:45:51,330] {dag.py:2305} INFO - Setting next_dagrun for example_branch_labels to 2021-06-21 00:00:00+00:00
[2021-06-23 05:45:51,342] {scheduler_job.py:190} INFO - Processing /home/airflow/.local/lib/python3.6/site-packages/airflow/example_dags/example_branch_labels.py took 0.121 seconds
[2021-06-23 05:46:21,723] {scheduler_job.py:182} INFO - Started process (PID=1224) to work on /home/airflow/.local/lib/python3.6/site-packages/airflow/example_dags/example_branch_labels.py
[2021-06-23 05:46:21,725] {scheduler_job.py:633} INFO - Processing file /home/airflow/.local/lib/python3.6/site-packages/airflow/example_dags/example_branch_labels.py for tasks to queue
[2021-06-23 05:46:21,726] {logging_mixin.py:104} INFO - [2021-06-23 05:46:21,725] {dagbag.py:487} INFO - Filling up the DagBag from /home/airflow/.local/lib/python3.6/site-packages/airflow/example_dags/example_branch_labels.py
[2021-06-23 05:46:21,751] {scheduler_job.py:643} INFO - DAG(s) dict_keys(['example_branch_labels']) retrieved from /home/airflow/.local/lib/python3.6/site-packages/airflow/example_dags/example_branch_labels.py
[2021-06-23 05:46:21,797] {logging_mixin.py:104} INFO - [2021-06-23 05:46:21,797] {dag.py:1832} INFO - Sync 1 DAGs
[2021-06-23 05:46:21,823] {logging_mixin.py:104} INFO - [2021-06-23 05:46:21,823] {dag.py:2305} INFO - Setting next_dagrun for example_branch_labels to 2021-06-21 00:00:00+00:00
[2021-06-23 05:46:21,835] {scheduler_job.py:190} INFO - Processing /home/airflow/.local/lib/python3.6/site-packages/airflow/example_dags/example_branch_labels.py took 0.119 seconds
[2021-06-23 05:46:52,306] {scheduler_job.py:182} INFO - Started process (PID=1287) to work on /home/airflow/.local/lib/python3.6/site-packages/airflow/example_dags/example_branch_labels.py
[2021-06-23 05:46:52,314] {scheduler_job.py:633} INFO - Processing file /home/airflow/.local/lib/python3.6/site-packages/airflow/example_dags/example_branch_labels.py for tasks to queue
[2021-06-23 05:46:52,315] {logging_mixin.py:104} INFO - [2021-06-23 05:46:52,315] {dagbag.py:487} INFO - Filling up the DagBag from /home/airflow/.local/lib/python3.6/site-packages/airflow/example_dags/example_branch_labels.py
[2021-06-23 05:46:52,362] {scheduler_job.py:643} INFO - DAG(s) dict_keys(['example_branch_labels']) retrieved from /home/airflow/.local/lib/python3.6/site-packages/airflow/example_dags/example_branch_labels.py
[2021-06-23 05:46:52,425] {logging_mixin.py:104} INFO - [2021-06-23 05:46:52,425] {dag.py:1832} INFO - Sync 1 DAGs
[2021-06-23 05:46:52,456] {logging_mixin.py:104} INFO - [2021-06-23 05:46:52,456] {dag.py:2305} INFO - Setting next_dagrun for example_branch_labels to 2021-06-21 00:00:00+00:00
[2021-06-23 05:46:52,482] {scheduler_job.py:190} INFO - Processing /home/airflow/.local/lib/python3.6/site-packages/airflow/example_dags/example_branch_labels.py took 0.180 seconds
[2021-06-23 05:47:22,849] {scheduler_job.py:182} INFO - Started process (PID=1351) to work on /home/airflow/.local/lib/python3.6/site-packages/airflow/example_dags/example_branch_labels.py
[2021-06-23 05:47:22,852] {scheduler_job.py:633} INFO - Processing file /home/airflow/.local/lib/python3.6/site-packages/airflow/example_dags/example_branch_labels.py for tasks to queue
[2021-06-23 05:47:22,853] {logging_mixin.py:104} INFO - [2021-06-23 05:47:22,852] {dagbag.py:487} INFO - Filling up the DagBag from /home/airflow/.local/lib/python3.6/site-packages/airflow/example_dags/example_branch_labels.py
[2021-06-23 05:47:22,867] {scheduler_job.py:643} INFO - DAG(s) dict_keys(['example_branch_labels']) retrieved from /home/airflow/.local/lib/python3.6/site-packages/airflow/example_dags/example_branch_labels.py
[2021-06-23 05:47:22,900] {logging_mixin.py:104} INFO - [2021-06-23 05:47:22,900] {dag.py:1832} INFO - Sync 1 DAGs
[2021-06-23 05:47:22,948] {logging_mixin.py:104} INFO - [2021-06-23 05:47:22,948] {dag.py:2305} INFO - Setting next_dagrun for example_branch_labels to 2021-06-21 00:00:00+00:00
[2021-06-23 05:47:22,966] {scheduler_job.py:190} INFO - Processing /home/airflow/.local/lib/python3.6/site-packages/airflow/example_dags/example_branch_labels.py took 0.122 seconds
[2021-06-23 05:47:53,386] {scheduler_job.py:182} INFO - Started process (PID=1424) to work on /home/airflow/.local/lib/python3.6/site-packages/airflow/example_dags/example_branch_labels.py
[2021-06-23 05:47:53,390] {scheduler_job.py:633} INFO - Processing file /home/airflow/.local/lib/python3.6/site-packages/airflow/example_dags/example_branch_labels.py for tasks to queue
[2021-06-23 05:47:53,391] {logging_mixin.py:104} INFO - [2021-06-23 05:47:53,391] {dagbag.py:487} INFO - Filling up the DagBag from /home/airflow/.local/lib/python3.6/site-packages/airflow/example_dags/example_branch_labels.py
[2021-06-23 05:47:53,428] {scheduler_job.py:643} INFO - DAG(s) dict_keys(['example_branch_labels']) retrieved from /home/airflow/.local/lib/python3.6/site-packages/airflow/example_dags/example_branch_labels.py
[2021-06-23 05:47:53,493] {logging_mixin.py:104} INFO - [2021-06-23 05:47:53,493] {dag.py:1832} INFO - Sync 1 DAGs
[2021-06-23 05:47:53,550] {logging_mixin.py:104} INFO - [2021-06-23 05:47:53,550] {dag.py:2305} INFO - Setting next_dagrun for example_branch_labels to 2021-06-21 00:00:00+00:00
[2021-06-23 05:47:53,598] {scheduler_job.py:190} INFO - Processing /home/airflow/.local/lib/python3.6/site-packages/airflow/example_dags/example_branch_labels.py took 0.223 seconds
[2021-06-23 05:48:23,902] {scheduler_job.py:182} INFO - Started process (PID=1485) to work on /home/airflow/.local/lib/python3.6/site-packages/airflow/example_dags/example_branch_labels.py
[2021-06-23 05:48:23,904] {scheduler_job.py:633} INFO - Processing file /home/airflow/.local/lib/python3.6/site-packages/airflow/example_dags/example_branch_labels.py for tasks to queue
[2021-06-23 05:48:23,905] {logging_mixin.py:104} INFO - [2021-06-23 05:48:23,905] {dagbag.py:487} INFO - Filling up the DagBag from /home/airflow/.local/lib/python3.6/site-packages/airflow/example_dags/example_branch_labels.py
[2021-06-23 05:48:23,923] {scheduler_job.py:643} INFO - DAG(s) dict_keys(['example_branch_labels']) retrieved from /home/airflow/.local/lib/python3.6/site-packages/airflow/example_dags/example_branch_labels.py
[2021-06-23 05:48:23,965] {logging_mixin.py:104} INFO - [2021-06-23 05:48:23,965] {dag.py:1832} INFO - Sync 1 DAGs
[2021-06-23 05:48:23,992] {logging_mixin.py:104} INFO - [2021-06-23 05:48:23,992] {dag.py:2305} INFO - Setting next_dagrun for example_branch_labels to 2021-06-21 00:00:00+00:00
[2021-06-23 05:48:24,006] {scheduler_job.py:190} INFO - Processing /home/airflow/.local/lib/python3.6/site-packages/airflow/example_dags/example_branch_labels.py took 0.109 seconds
[2021-06-23 05:48:54,043] {scheduler_job.py:182} INFO - Started process (PID=1551) to work on /home/airflow/.local/lib/python3.6/site-packages/airflow/example_dags/example_branch_labels.py
[2021-06-23 05:48:54,044] {scheduler_job.py:633} INFO - Processing file /home/airflow/.local/lib/python3.6/site-packages/airflow/example_dags/example_branch_labels.py for tasks to queue
[2021-06-23 05:48:54,045] {logging_mixin.py:104} INFO - [2021-06-23 05:48:54,045] {dagbag.py:487} INFO - Filling up the DagBag from /home/airflow/.local/lib/python3.6/site-packages/airflow/example_dags/example_branch_labels.py
[2021-06-23 05:48:54,098] {scheduler_job.py:643} INFO - DAG(s) dict_keys(['example_branch_labels']) retrieved from /home/airflow/.local/lib/python3.6/site-packages/airflow/example_dags/example_branch_labels.py
[2021-06-23 05:48:54,258] {logging_mixin.py:104} INFO - [2021-06-23 05:48:54,258] {dag.py:1832} INFO - Sync 1 DAGs
[2021-06-23 05:48:54,310] {logging_mixin.py:104} INFO - [2021-06-23 05:48:54,310] {dag.py:2305} INFO - Setting next_dagrun for example_branch_labels to 2021-06-21 00:00:00+00:00
[2021-06-23 05:48:54,332] {scheduler_job.py:190} INFO - Processing /home/airflow/.local/lib/python3.6/site-packages/airflow/example_dags/example_branch_labels.py took 0.293 seconds
[2021-06-23 05:49:24,536] {scheduler_job.py:182} INFO - Started process (PID=1615) to work on /home/airflow/.local/lib/python3.6/site-packages/airflow/example_dags/example_branch_labels.py
[2021-06-23 05:49:24,538] {scheduler_job.py:633} INFO - Processing file /home/airflow/.local/lib/python3.6/site-packages/airflow/example_dags/example_branch_labels.py for tasks to queue
[2021-06-23 05:49:24,540] {logging_mixin.py:104} INFO - [2021-06-23 05:49:24,540] {dagbag.py:487} INFO - Filling up the DagBag from /home/airflow/.local/lib/python3.6/site-packages/airflow/example_dags/example_branch_labels.py
[2021-06-23 05:49:24,558] {scheduler_job.py:643} INFO - DAG(s) dict_keys(['example_branch_labels']) retrieved from /home/airflow/.local/lib/python3.6/site-packages/airflow/example_dags/example_branch_labels.py
[2021-06-23 05:49:24,608] {logging_mixin.py:104} INFO - [2021-06-23 05:49:24,608] {dag.py:1832} INFO - Sync 1 DAGs
[2021-06-23 05:49:24,670] {logging_mixin.py:104} INFO - [2021-06-23 05:49:24,669] {dag.py:2305} INFO - Setting next_dagrun for example_branch_labels to 2021-06-21 00:00:00+00:00
[2021-06-23 05:49:24,684] {scheduler_job.py:190} INFO - Processing /home/airflow/.local/lib/python3.6/site-packages/airflow/example_dags/example_branch_labels.py took 0.152 seconds
[2021-06-23 05:49:54,820] {scheduler_job.py:182} INFO - Started process (PID=1674) to work on /home/airflow/.local/lib/python3.6/site-packages/airflow/example_dags/example_branch_labels.py
[2021-06-23 05:49:54,827] {scheduler_job.py:633} INFO - Processing file /home/airflow/.local/lib/python3.6/site-packages/airflow/example_dags/example_branch_labels.py for tasks to queue
[2021-06-23 05:49:54,828] {logging_mixin.py:104} INFO - [2021-06-23 05:49:54,828] {dagbag.py:487} INFO - Filling up the DagBag from /home/airflow/.local/lib/python3.6/site-packages/airflow/example_dags/example_branch_labels.py
[2021-06-23 05:49:54,852] {scheduler_job.py:643} INFO - DAG(s) dict_keys(['example_branch_labels']) retrieved from /home/airflow/.local/lib/python3.6/site-packages/airflow/example_dags/example_branch_labels.py
[2021-06-23 05:49:54,904] {logging_mixin.py:104} INFO - [2021-06-23 05:49:54,903] {dag.py:1832} INFO - Sync 1 DAGs
[2021-06-23 05:49:54,964] {logging_mixin.py:104} INFO - [2021-06-23 05:49:54,964] {dag.py:2305} INFO - Setting next_dagrun for example_branch_labels to 2021-06-21 00:00:00+00:00
[2021-06-23 05:49:54,982] {scheduler_job.py:190} INFO - Processing /home/airflow/.local/lib/python3.6/site-packages/airflow/example_dags/example_branch_labels.py took 0.168 seconds
[2021-06-23 05:50:25,235] {scheduler_job.py:182} INFO - Started process (PID=1734) to work on /home/airflow/.local/lib/python3.6/site-packages/airflow/example_dags/example_branch_labels.py
[2021-06-23 05:50:25,236] {scheduler_job.py:633} INFO - Processing file /home/airflow/.local/lib/python3.6/site-packages/airflow/example_dags/example_branch_labels.py for tasks to queue
[2021-06-23 05:50:25,238] {logging_mixin.py:104} INFO - [2021-06-23 05:50:25,237] {dagbag.py:487} INFO - Filling up the DagBag from /home/airflow/.local/lib/python3.6/site-packages/airflow/example_dags/example_branch_labels.py
[2021-06-23 05:50:25,260] {scheduler_job.py:643} INFO - DAG(s) dict_keys(['example_branch_labels']) retrieved from /home/airflow/.local/lib/python3.6/site-packages/airflow/example_dags/example_branch_labels.py
[2021-06-23 05:50:25,298] {logging_mixin.py:104} INFO - [2021-06-23 05:50:25,298] {dag.py:1832} INFO - Sync 1 DAGs
[2021-06-23 05:50:25,335] {logging_mixin.py:104} INFO - [2021-06-23 05:50:25,333] {dag.py:2305} INFO - Setting next_dagrun for example_branch_labels to 2021-06-21 00:00:00+00:00
[2021-06-23 05:50:25,348] {scheduler_job.py:190} INFO - Processing /home/airflow/.local/lib/python3.6/site-packages/airflow/example_dags/example_branch_labels.py took 0.122 seconds
[2021-06-23 05:50:55,584] {scheduler_job.py:182} INFO - Started process (PID=1803) to work on /home/airflow/.local/lib/python3.6/site-packages/airflow/example_dags/example_branch_labels.py
[2021-06-23 05:50:55,586] {scheduler_job.py:633} INFO - Processing file /home/airflow/.local/lib/python3.6/site-packages/airflow/example_dags/example_branch_labels.py for tasks to queue
[2021-06-23 05:50:55,587] {logging_mixin.py:104} INFO - [2021-06-23 05:50:55,587] {dagbag.py:487} INFO - Filling up the DagBag from /home/airflow/.local/lib/python3.6/site-packages/airflow/example_dags/example_branch_labels.py
[2021-06-23 05:50:55,614] {scheduler_job.py:643} INFO - DAG(s) dict_keys(['example_branch_labels']) retrieved from /home/airflow/.local/lib/python3.6/site-packages/airflow/example_dags/example_branch_labels.py
[2021-06-23 05:50:55,660] {logging_mixin.py:104} INFO - [2021-06-23 05:50:55,660] {dag.py:1832} INFO - Sync 1 DAGs
[2021-06-23 05:50:55,708] {logging_mixin.py:104} INFO - [2021-06-23 05:50:55,708] {dag.py:2305} INFO - Setting next_dagrun for example_branch_labels to 2021-06-21 00:00:00+00:00
[2021-06-23 05:50:55,727] {scheduler_job.py:190} INFO - Processing /home/airflow/.local/lib/python3.6/site-packages/airflow/example_dags/example_branch_labels.py took 0.147 seconds
[2021-06-23 05:51:26,087] {scheduler_job.py:182} INFO - Started process (PID=1872) to work on /home/airflow/.local/lib/python3.6/site-packages/airflow/example_dags/example_branch_labels.py
[2021-06-23 05:51:26,089] {scheduler_job.py:633} INFO - Processing file /home/airflow/.local/lib/python3.6/site-packages/airflow/example_dags/example_branch_labels.py for tasks to queue
[2021-06-23 05:51:26,090] {logging_mixin.py:104} INFO - [2021-06-23 05:51:26,089] {dagbag.py:487} INFO - Filling up the DagBag from /home/airflow/.local/lib/python3.6/site-packages/airflow/example_dags/example_branch_labels.py
[2021-06-23 05:51:26,108] {scheduler_job.py:643} INFO - DAG(s) dict_keys(['example_branch_labels']) retrieved from /home/airflow/.local/lib/python3.6/site-packages/airflow/example_dags/example_branch_labels.py
[2021-06-23 05:51:26,142] {logging_mixin.py:104} INFO - [2021-06-23 05:51:26,141] {dag.py:1832} INFO - Sync 1 DAGs
[2021-06-23 05:51:26,184] {logging_mixin.py:104} INFO - [2021-06-23 05:51:26,184] {dag.py:2305} INFO - Setting next_dagrun for example_branch_labels to 2021-06-21 00:00:00+00:00
[2021-06-23 05:51:26,209] {scheduler_job.py:190} INFO - Processing /home/airflow/.local/lib/python3.6/site-packages/airflow/example_dags/example_branch_labels.py took 0.126 seconds
[2021-06-23 05:51:56,316] {scheduler_job.py:182} INFO - Started process (PID=1939) to work on /home/airflow/.local/lib/python3.6/site-packages/airflow/example_dags/example_branch_labels.py
[2021-06-23 05:51:56,319] {scheduler_job.py:633} INFO - Processing file /home/airflow/.local/lib/python3.6/site-packages/airflow/example_dags/example_branch_labels.py for tasks to queue
[2021-06-23 05:51:56,320] {logging_mixin.py:104} INFO - [2021-06-23 05:51:56,320] {dagbag.py:487} INFO - Filling up the DagBag from /home/airflow/.local/lib/python3.6/site-packages/airflow/example_dags/example_branch_labels.py
[2021-06-23 05:51:56,336] {scheduler_job.py:643} INFO - DAG(s) dict_keys(['example_branch_labels']) retrieved from /home/airflow/.local/lib/python3.6/site-packages/airflow/example_dags/example_branch_labels.py
[2021-06-23 05:51:56,368] {logging_mixin.py:104} INFO - [2021-06-23 05:51:56,368] {dag.py:1832} INFO - Sync 1 DAGs
[2021-06-23 05:51:56,398] {logging_mixin.py:104} INFO - [2021-06-23 05:51:56,397] {dag.py:2305} INFO - Setting next_dagrun for example_branch_labels to 2021-06-21 00:00:00+00:00
[2021-06-23 05:51:56,418] {scheduler_job.py:190} INFO - Processing /home/airflow/.local/lib/python3.6/site-packages/airflow/example_dags/example_branch_labels.py took 0.105 seconds
[2021-06-23 05:52:26,575] {scheduler_job.py:182} INFO - Started process (PID=2001) to work on /home/airflow/.local/lib/python3.6/site-packages/airflow/example_dags/example_branch_labels.py
[2021-06-23 05:52:26,577] {scheduler_job.py:633} INFO - Processing file /home/airflow/.local/lib/python3.6/site-packages/airflow/example_dags/example_branch_labels.py for tasks to queue
[2021-06-23 05:52:26,578] {logging_mixin.py:104} INFO - [2021-06-23 05:52:26,578] {dagbag.py:487} INFO - Filling up the DagBag from /home/airflow/.local/lib/python3.6/site-packages/airflow/example_dags/example_branch_labels.py
[2021-06-23 05:52:26,596] {scheduler_job.py:643} INFO - DAG(s) dict_keys(['example_branch_labels']) retrieved from /home/airflow/.local/lib/python3.6/site-packages/airflow/example_dags/example_branch_labels.py
[2021-06-23 05:52:26,637] {logging_mixin.py:104} INFO - [2021-06-23 05:52:26,636] {dag.py:1832} INFO - Sync 1 DAGs
[2021-06-23 05:52:26,676] {logging_mixin.py:104} INFO - [2021-06-23 05:52:26,676] {dag.py:2305} INFO - Setting next_dagrun for example_branch_labels to 2021-06-21 00:00:00+00:00
[2021-06-23 05:52:26,695] {scheduler_job.py:190} INFO - Processing /home/airflow/.local/lib/python3.6/site-packages/airflow/example_dags/example_branch_labels.py took 0.123 seconds
[2021-06-23 05:52:57,366] {scheduler_job.py:182} INFO - Started process (PID=2065) to work on /home/airflow/.local/lib/python3.6/site-packages/airflow/example_dags/example_branch_labels.py
[2021-06-23 05:52:57,373] {scheduler_job.py:633} INFO - Processing file /home/airflow/.local/lib/python3.6/site-packages/airflow/example_dags/example_branch_labels.py for tasks to queue
[2021-06-23 05:52:57,374] {logging_mixin.py:104} INFO - [2021-06-23 05:52:57,374] {dagbag.py:487} INFO - Filling up the DagBag from /home/airflow/.local/lib/python3.6/site-packages/airflow/example_dags/example_branch_labels.py
[2021-06-23 05:52:57,404] {scheduler_job.py:643} INFO - DAG(s) dict_keys(['example_branch_labels']) retrieved from /home/airflow/.local/lib/python3.6/site-packages/airflow/example_dags/example_branch_labels.py
[2021-06-23 05:52:57,537] {logging_mixin.py:104} INFO - [2021-06-23 05:52:57,536] {dag.py:1832} INFO - Sync 1 DAGs
[2021-06-23 05:52:57,664] {logging_mixin.py:104} INFO - [2021-06-23 05:52:57,657] {dag.py:2305} INFO - Setting next_dagrun for example_branch_labels to 2021-06-21 00:00:00+00:00
[2021-06-23 05:52:57,706] {scheduler_job.py:190} INFO - Processing /home/airflow/.local/lib/python3.6/site-packages/airflow/example_dags/example_branch_labels.py took 0.357 seconds
[2021-06-23 05:53:27,810] {scheduler_job.py:182} INFO - Started process (PID=2126) to work on /home/airflow/.local/lib/python3.6/site-packages/airflow/example_dags/example_branch_labels.py
[2021-06-23 05:53:27,812] {scheduler_job.py:633} INFO - Processing file /home/airflow/.local/lib/python3.6/site-packages/airflow/example_dags/example_branch_labels.py for tasks to queue
[2021-06-23 05:53:27,813] {logging_mixin.py:104} INFO - [2021-06-23 05:53:27,812] {dagbag.py:487} INFO - Filling up the DagBag from /home/airflow/.local/lib/python3.6/site-packages/airflow/example_dags/example_branch_labels.py
[2021-06-23 05:53:27,829] {scheduler_job.py:643} INFO - DAG(s) dict_keys(['example_branch_labels']) retrieved from /home/airflow/.local/lib/python3.6/site-packages/airflow/example_dags/example_branch_labels.py
[2021-06-23 05:53:27,868] {logging_mixin.py:104} INFO - [2021-06-23 05:53:27,867] {dag.py:1832} INFO - Sync 1 DAGs
[2021-06-23 05:53:27,907] {logging_mixin.py:104} INFO - [2021-06-23 05:53:27,906] {dag.py:2305} INFO - Setting next_dagrun for example_branch_labels to 2021-06-21 00:00:00+00:00
[2021-06-23 05:53:27,923] {scheduler_job.py:190} INFO - Processing /home/airflow/.local/lib/python3.6/site-packages/airflow/example_dags/example_branch_labels.py took 0.117 seconds
[2021-06-23 05:53:58,325] {scheduler_job.py:182} INFO - Started process (PID=2187) to work on /home/airflow/.local/lib/python3.6/site-packages/airflow/example_dags/example_branch_labels.py
[2021-06-23 05:53:58,327] {scheduler_job.py:633} INFO - Processing file /home/airflow/.local/lib/python3.6/site-packages/airflow/example_dags/example_branch_labels.py for tasks to queue
[2021-06-23 05:53:58,329] {logging_mixin.py:104} INFO - [2021-06-23 05:53:58,328] {dagbag.py:487} INFO - Filling up the DagBag from /home/airflow/.local/lib/python3.6/site-packages/airflow/example_dags/example_branch_labels.py
[2021-06-23 05:53:58,349] {scheduler_job.py:643} INFO - DAG(s) dict_keys(['example_branch_labels']) retrieved from /home/airflow/.local/lib/python3.6/site-packages/airflow/example_dags/example_branch_labels.py
[2021-06-23 05:53:58,395] {logging_mixin.py:104} INFO - [2021-06-23 05:53:58,395] {dag.py:1832} INFO - Sync 1 DAGs
[2021-06-23 05:53:58,427] {logging_mixin.py:104} INFO - [2021-06-23 05:53:58,426] {dag.py:2305} INFO - Setting next_dagrun for example_branch_labels to 2021-06-21 00:00:00+00:00
[2021-06-23 05:53:58,447] {scheduler_job.py:190} INFO - Processing /home/airflow/.local/lib/python3.6/site-packages/airflow/example_dags/example_branch_labels.py took 0.130 seconds
[2021-06-23 05:54:29,272] {scheduler_job.py:182} INFO - Started process (PID=2261) to work on /home/airflow/.local/lib/python3.6/site-packages/airflow/example_dags/example_branch_labels.py
[2021-06-23 05:54:29,274] {scheduler_job.py:633} INFO - Processing file /home/airflow/.local/lib/python3.6/site-packages/airflow/example_dags/example_branch_labels.py for tasks to queue
[2021-06-23 05:54:29,275] {logging_mixin.py:104} INFO - [2021-06-23 05:54:29,274] {dagbag.py:487} INFO - Filling up the DagBag from /home/airflow/.local/lib/python3.6/site-packages/airflow/example_dags/example_branch_labels.py
[2021-06-23 05:54:29,294] {scheduler_job.py:643} INFO - DAG(s) dict_keys(['example_branch_labels']) retrieved from /home/airflow/.local/lib/python3.6/site-packages/airflow/example_dags/example_branch_labels.py
[2021-06-23 05:54:29,396] {logging_mixin.py:104} INFO - [2021-06-23 05:54:29,396] {dag.py:1832} INFO - Sync 1 DAGs
[2021-06-23 05:54:29,460] {logging_mixin.py:104} INFO - [2021-06-23 05:54:29,460] {dag.py:2305} INFO - Setting next_dagrun for example_branch_labels to 2021-06-21 00:00:00+00:00
[2021-06-23 05:54:29,492] {scheduler_job.py:190} INFO - Processing /home/airflow/.local/lib/python3.6/site-packages/airflow/example_dags/example_branch_labels.py took 0.247 seconds
[2021-06-23 05:54:59,565] {scheduler_job.py:182} INFO - Started process (PID=2330) to work on /home/airflow/.local/lib/python3.6/site-packages/airflow/example_dags/example_branch_labels.py
[2021-06-23 05:54:59,568] {scheduler_job.py:633} INFO - Processing file /home/airflow/.local/lib/python3.6/site-packages/airflow/example_dags/example_branch_labels.py for tasks to queue
[2021-06-23 05:54:59,569] {logging_mixin.py:104} INFO - [2021-06-23 05:54:59,569] {dagbag.py:487} INFO - Filling up the DagBag from /home/airflow/.local/lib/python3.6/site-packages/airflow/example_dags/example_branch_labels.py
[2021-06-23 05:54:59,605] {scheduler_job.py:643} INFO - DAG(s) dict_keys(['example_branch_labels']) retrieved from /home/airflow/.local/lib/python3.6/site-packages/airflow/example_dags/example_branch_labels.py
[2021-06-23 05:54:59,646] {logging_mixin.py:104} INFO - [2021-06-23 05:54:59,646] {dag.py:1832} INFO - Sync 1 DAGs
[2021-06-23 05:54:59,683] {logging_mixin.py:104} INFO - [2021-06-23 05:54:59,682] {dag.py:2305} INFO - Setting next_dagrun for example_branch_labels to 2021-06-21 00:00:00+00:00
[2021-06-23 05:54:59,704] {scheduler_job.py:190} INFO - Processing /home/airflow/.local/lib/python3.6/site-packages/airflow/example_dags/example_branch_labels.py took 0.142 seconds
[2021-06-23 05:55:29,810] {scheduler_job.py:182} INFO - Started process (PID=2392) to work on /home/airflow/.local/lib/python3.6/site-packages/airflow/example_dags/example_branch_labels.py
[2021-06-23 05:55:29,814] {scheduler_job.py:633} INFO - Processing file /home/airflow/.local/lib/python3.6/site-packages/airflow/example_dags/example_branch_labels.py for tasks to queue
[2021-06-23 05:55:29,818] {logging_mixin.py:104} INFO - [2021-06-23 05:55:29,818] {dagbag.py:487} INFO - Filling up the DagBag from /home/airflow/.local/lib/python3.6/site-packages/airflow/example_dags/example_branch_labels.py
[2021-06-23 05:55:29,838] {scheduler_job.py:643} INFO - DAG(s) dict_keys(['example_branch_labels']) retrieved from /home/airflow/.local/lib/python3.6/site-packages/airflow/example_dags/example_branch_labels.py
[2021-06-23 05:55:29,887] {logging_mixin.py:104} INFO - [2021-06-23 05:55:29,887] {dag.py:1832} INFO - Sync 1 DAGs
[2021-06-23 05:55:29,921] {logging_mixin.py:104} INFO - [2021-06-23 05:55:29,921] {dag.py:2305} INFO - Setting next_dagrun for example_branch_labels to 2021-06-21 00:00:00+00:00
[2021-06-23 05:55:29,937] {scheduler_job.py:190} INFO - Processing /home/airflow/.local/lib/python3.6/site-packages/airflow/example_dags/example_branch_labels.py took 0.131 seconds
[2021-06-23 05:56:00,236] {scheduler_job.py:182} INFO - Started process (PID=2454) to work on /home/airflow/.local/lib/python3.6/site-packages/airflow/example_dags/example_branch_labels.py
[2021-06-23 05:56:00,237] {scheduler_job.py:633} INFO - Processing file /home/airflow/.local/lib/python3.6/site-packages/airflow/example_dags/example_branch_labels.py for tasks to queue
[2021-06-23 05:56:00,239] {logging_mixin.py:104} INFO - [2021-06-23 05:56:00,239] {dagbag.py:487} INFO - Filling up the DagBag from /home/airflow/.local/lib/python3.6/site-packages/airflow/example_dags/example_branch_labels.py
[2021-06-23 05:56:00,258] {scheduler_job.py:643} INFO - DAG(s) dict_keys(['example_branch_labels']) retrieved from /home/airflow/.local/lib/python3.6/site-packages/airflow/example_dags/example_branch_labels.py
[2021-06-23 05:56:00,299] {logging_mixin.py:104} INFO - [2021-06-23 05:56:00,299] {dag.py:1832} INFO - Sync 1 DAGs
[2021-06-23 05:56:00,329] {logging_mixin.py:104} INFO - [2021-06-23 05:56:00,329] {dag.py:2305} INFO - Setting next_dagrun for example_branch_labels to 2021-06-21 00:00:00+00:00
[2021-06-23 05:56:00,355] {scheduler_job.py:190} INFO - Processing /home/airflow/.local/lib/python3.6/site-packages/airflow/example_dags/example_branch_labels.py took 0.122 seconds
[2021-06-23 05:56:30,470] {scheduler_job.py:182} INFO - Started process (PID=2516) to work on /home/airflow/.local/lib/python3.6/site-packages/airflow/example_dags/example_branch_labels.py
[2021-06-23 05:56:30,472] {scheduler_job.py:633} INFO - Processing file /home/airflow/.local/lib/python3.6/site-packages/airflow/example_dags/example_branch_labels.py for tasks to queue
[2021-06-23 05:56:30,473] {logging_mixin.py:104} INFO - [2021-06-23 05:56:30,473] {dagbag.py:487} INFO - Filling up the DagBag from /home/airflow/.local/lib/python3.6/site-packages/airflow/example_dags/example_branch_labels.py
[2021-06-23 05:56:30,493] {scheduler_job.py:643} INFO - DAG(s) dict_keys(['example_branch_labels']) retrieved from /home/airflow/.local/lib/python3.6/site-packages/airflow/example_dags/example_branch_labels.py
[2021-06-23 05:56:30,545] {logging_mixin.py:104} INFO - [2021-06-23 05:56:30,545] {dag.py:1832} INFO - Sync 1 DAGs
[2021-06-23 05:56:30,574] {logging_mixin.py:104} INFO - [2021-06-23 05:56:30,573] {dag.py:2305} INFO - Setting next_dagrun for example_branch_labels to 2021-06-21 00:00:00+00:00
[2021-06-23 05:56:30,593] {scheduler_job.py:190} INFO - Processing /home/airflow/.local/lib/python3.6/site-packages/airflow/example_dags/example_branch_labels.py took 0.127 seconds
[2021-06-23 05:57:01,122] {scheduler_job.py:182} INFO - Started process (PID=2582) to work on /home/airflow/.local/lib/python3.6/site-packages/airflow/example_dags/example_branch_labels.py
[2021-06-23 05:57:01,124] {scheduler_job.py:633} INFO - Processing file /home/airflow/.local/lib/python3.6/site-packages/airflow/example_dags/example_branch_labels.py for tasks to queue
[2021-06-23 05:57:01,126] {logging_mixin.py:104} INFO - [2021-06-23 05:57:01,125] {dagbag.py:487} INFO - Filling up the DagBag from /home/airflow/.local/lib/python3.6/site-packages/airflow/example_dags/example_branch_labels.py
[2021-06-23 05:57:01,143] {scheduler_job.py:643} INFO - DAG(s) dict_keys(['example_branch_labels']) retrieved from /home/airflow/.local/lib/python3.6/site-packages/airflow/example_dags/example_branch_labels.py
[2021-06-23 05:57:01,169] {logging_mixin.py:104} INFO - [2021-06-23 05:57:01,169] {dag.py:1832} INFO - Sync 1 DAGs
[2021-06-23 05:57:01,193] {logging_mixin.py:104} INFO - [2021-06-23 05:57:01,193] {dag.py:2305} INFO - Setting next_dagrun for example_branch_labels to 2021-06-21 00:00:00+00:00
[2021-06-23 05:57:01,203] {scheduler_job.py:190} INFO - Processing /home/airflow/.local/lib/python3.6/site-packages/airflow/example_dags/example_branch_labels.py took 0.085 seconds
[2021-06-23 05:57:31,297] {scheduler_job.py:182} INFO - Started process (PID=2644) to work on /home/airflow/.local/lib/python3.6/site-packages/airflow/example_dags/example_branch_labels.py
[2021-06-23 05:57:31,299] {scheduler_job.py:633} INFO - Processing file /home/airflow/.local/lib/python3.6/site-packages/airflow/example_dags/example_branch_labels.py for tasks to queue
[2021-06-23 05:57:31,303] {logging_mixin.py:104} INFO - [2021-06-23 05:57:31,303] {dagbag.py:487} INFO - Filling up the DagBag from /home/airflow/.local/lib/python3.6/site-packages/airflow/example_dags/example_branch_labels.py
[2021-06-23 05:57:31,321] {scheduler_job.py:643} INFO - DAG(s) dict_keys(['example_branch_labels']) retrieved from /home/airflow/.local/lib/python3.6/site-packages/airflow/example_dags/example_branch_labels.py
[2021-06-23 05:57:31,358] {logging_mixin.py:104} INFO - [2021-06-23 05:57:31,357] {dag.py:1832} INFO - Sync 1 DAGs
[2021-06-23 05:57:31,403] {logging_mixin.py:104} INFO - [2021-06-23 05:57:31,403] {dag.py:2305} INFO - Setting next_dagrun for example_branch_labels to 2021-06-21 00:00:00+00:00
[2021-06-23 05:57:31,422] {scheduler_job.py:190} INFO - Processing /home/airflow/.local/lib/python3.6/site-packages/airflow/example_dags/example_branch_labels.py took 0.130 seconds
[2021-06-23 05:58:01,463] {scheduler_job.py:182} INFO - Started process (PID=2706) to work on /home/airflow/.local/lib/python3.6/site-packages/airflow/example_dags/example_branch_labels.py
[2021-06-23 05:58:01,465] {scheduler_job.py:633} INFO - Processing file /home/airflow/.local/lib/python3.6/site-packages/airflow/example_dags/example_branch_labels.py for tasks to queue
[2021-06-23 05:58:01,466] {logging_mixin.py:104} INFO - [2021-06-23 05:58:01,466] {dagbag.py:487} INFO - Filling up the DagBag from /home/airflow/.local/lib/python3.6/site-packages/airflow/example_dags/example_branch_labels.py
[2021-06-23 05:58:01,500] {scheduler_job.py:643} INFO - DAG(s) dict_keys(['example_branch_labels']) retrieved from /home/airflow/.local/lib/python3.6/site-packages/airflow/example_dags/example_branch_labels.py
[2021-06-23 05:58:01,559] {logging_mixin.py:104} INFO - [2021-06-23 05:58:01,559] {dag.py:1832} INFO - Sync 1 DAGs
[2021-06-23 05:58:01,631] {logging_mixin.py:104} INFO - [2021-06-23 05:58:01,631] {dag.py:2305} INFO - Setting next_dagrun for example_branch_labels to 2021-06-21 00:00:00+00:00
[2021-06-23 05:58:01,665] {scheduler_job.py:190} INFO - Processing /home/airflow/.local/lib/python3.6/site-packages/airflow/example_dags/example_branch_labels.py took 0.213 seconds
[2021-06-23 05:58:31,746] {scheduler_job.py:182} INFO - Started process (PID=2780) to work on /home/airflow/.local/lib/python3.6/site-packages/airflow/example_dags/example_branch_labels.py
[2021-06-23 05:58:31,747] {scheduler_job.py:633} INFO - Processing file /home/airflow/.local/lib/python3.6/site-packages/airflow/example_dags/example_branch_labels.py for tasks to queue
[2021-06-23 05:58:31,748] {logging_mixin.py:104} INFO - [2021-06-23 05:58:31,748] {dagbag.py:487} INFO - Filling up the DagBag from /home/airflow/.local/lib/python3.6/site-packages/airflow/example_dags/example_branch_labels.py
[2021-06-23 05:58:31,824] {scheduler_job.py:643} INFO - DAG(s) dict_keys(['example_branch_labels']) retrieved from /home/airflow/.local/lib/python3.6/site-packages/airflow/example_dags/example_branch_labels.py
[2021-06-23 05:58:31,919] {logging_mixin.py:104} INFO - [2021-06-23 05:58:31,919] {dag.py:1832} INFO - Sync 1 DAGs
[2021-06-23 05:58:31,971] {logging_mixin.py:104} INFO - [2021-06-23 05:58:31,971] {dag.py:2305} INFO - Setting next_dagrun for example_branch_labels to 2021-06-21 00:00:00+00:00
[2021-06-23 05:58:32,000] {scheduler_job.py:190} INFO - Processing /home/airflow/.local/lib/python3.6/site-packages/airflow/example_dags/example_branch_labels.py took 0.272 seconds
[2021-06-23 05:59:02,294] {scheduler_job.py:182} INFO - Started process (PID=2849) to work on /home/airflow/.local/lib/python3.6/site-packages/airflow/example_dags/example_branch_labels.py
[2021-06-23 05:59:02,299] {scheduler_job.py:633} INFO - Processing file /home/airflow/.local/lib/python3.6/site-packages/airflow/example_dags/example_branch_labels.py for tasks to queue
[2021-06-23 05:59:02,307] {logging_mixin.py:104} INFO - [2021-06-23 05:59:02,307] {dagbag.py:487} INFO - Filling up the DagBag from /home/airflow/.local/lib/python3.6/site-packages/airflow/example_dags/example_branch_labels.py
[2021-06-23 05:59:02,376] {scheduler_job.py:643} INFO - DAG(s) dict_keys(['example_branch_labels']) retrieved from /home/airflow/.local/lib/python3.6/site-packages/airflow/example_dags/example_branch_labels.py
[2021-06-23 05:59:02,493] {logging_mixin.py:104} INFO - [2021-06-23 05:59:02,493] {dag.py:1832} INFO - Sync 1 DAGs
[2021-06-23 05:59:02,675] {logging_mixin.py:104} INFO - [2021-06-23 05:59:02,674] {dag.py:2305} INFO - Setting next_dagrun for example_branch_labels to 2021-06-21 00:00:00+00:00
[2021-06-23 05:59:02,715] {scheduler_job.py:190} INFO - Processing /home/airflow/.local/lib/python3.6/site-packages/airflow/example_dags/example_branch_labels.py took 0.431 seconds
[2021-06-23 05:59:33,195] {scheduler_job.py:182} INFO - Started process (PID=2915) to work on /home/airflow/.local/lib/python3.6/site-packages/airflow/example_dags/example_branch_labels.py
[2021-06-23 05:59:33,197] {scheduler_job.py:633} INFO - Processing file /home/airflow/.local/lib/python3.6/site-packages/airflow/example_dags/example_branch_labels.py for tasks to queue
[2021-06-23 05:59:33,203] {logging_mixin.py:104} INFO - [2021-06-23 05:59:33,203] {dagbag.py:487} INFO - Filling up the DagBag from /home/airflow/.local/lib/python3.6/site-packages/airflow/example_dags/example_branch_labels.py
[2021-06-23 05:59:33,225] {scheduler_job.py:643} INFO - DAG(s) dict_keys(['example_branch_labels']) retrieved from /home/airflow/.local/lib/python3.6/site-packages/airflow/example_dags/example_branch_labels.py
[2021-06-23 05:59:33,274] {logging_mixin.py:104} INFO - [2021-06-23 05:59:33,274] {dag.py:1832} INFO - Sync 1 DAGs
[2021-06-23 05:59:33,347] {logging_mixin.py:104} INFO - [2021-06-23 05:59:33,346] {dag.py:2305} INFO - Setting next_dagrun for example_branch_labels to 2021-06-21 00:00:00+00:00
[2021-06-23 05:59:33,415] {scheduler_job.py:190} INFO - Processing /home/airflow/.local/lib/python3.6/site-packages/airflow/example_dags/example_branch_labels.py took 0.225 seconds
[2021-06-23 06:00:03,592] {scheduler_job.py:182} INFO - Started process (PID=2976) to work on /home/airflow/.local/lib/python3.6/site-packages/airflow/example_dags/example_branch_labels.py
[2021-06-23 06:00:03,595] {scheduler_job.py:633} INFO - Processing file /home/airflow/.local/lib/python3.6/site-packages/airflow/example_dags/example_branch_labels.py for tasks to queue
[2021-06-23 06:00:03,596] {logging_mixin.py:104} INFO - [2021-06-23 06:00:03,595] {dagbag.py:487} INFO - Filling up the DagBag from /home/airflow/.local/lib/python3.6/site-packages/airflow/example_dags/example_branch_labels.py
[2021-06-23 06:00:03,635] {scheduler_job.py:643} INFO - DAG(s) dict_keys(['example_branch_labels']) retrieved from /home/airflow/.local/lib/python3.6/site-packages/airflow/example_dags/example_branch_labels.py
[2021-06-23 06:00:03,686] {logging_mixin.py:104} INFO - [2021-06-23 06:00:03,686] {dag.py:1832} INFO - Sync 1 DAGs
[2021-06-23 06:00:03,741] {logging_mixin.py:104} INFO - [2021-06-23 06:00:03,741] {dag.py:2305} INFO - Setting next_dagrun for example_branch_labels to 2021-06-21 00:00:00+00:00
[2021-06-23 06:00:03,778] {scheduler_job.py:190} INFO - Processing /home/airflow/.local/lib/python3.6/site-packages/airflow/example_dags/example_branch_labels.py took 0.191 seconds
[2021-06-23 06:00:33,849] {scheduler_job.py:182} INFO - Started process (PID=3037) to work on /home/airflow/.local/lib/python3.6/site-packages/airflow/example_dags/example_branch_labels.py
[2021-06-23 06:00:33,853] {scheduler_job.py:633} INFO - Processing file /home/airflow/.local/lib/python3.6/site-packages/airflow/example_dags/example_branch_labels.py for tasks to queue
[2021-06-23 06:00:33,870] {logging_mixin.py:104} INFO - [2021-06-23 06:00:33,869] {dagbag.py:487} INFO - Filling up the DagBag from /home/airflow/.local/lib/python3.6/site-packages/airflow/example_dags/example_branch_labels.py
[2021-06-23 06:00:33,894] {scheduler_job.py:643} INFO - DAG(s) dict_keys(['example_branch_labels']) retrieved from /home/airflow/.local/lib/python3.6/site-packages/airflow/example_dags/example_branch_labels.py
[2021-06-23 06:00:33,933] {logging_mixin.py:104} INFO - [2021-06-23 06:00:33,933] {dag.py:1832} INFO - Sync 1 DAGs
[2021-06-23 06:00:33,970] {logging_mixin.py:104} INFO - [2021-06-23 06:00:33,969] {dag.py:2305} INFO - Setting next_dagrun for example_branch_labels to 2021-06-21 00:00:00+00:00
[2021-06-23 06:00:33,991] {scheduler_job.py:190} INFO - Processing /home/airflow/.local/lib/python3.6/site-packages/airflow/example_dags/example_branch_labels.py took 0.158 seconds
