[2021-06-23 05:37:05,259] {scheduler_job.py:182} INFO - Started process (PID=55) to work on /home/airflow/.local/lib/python3.6/site-packages/airflow/example_dags/example_xcom.py
[2021-06-23 05:37:05,260] {scheduler_job.py:633} INFO - Processing file /home/airflow/.local/lib/python3.6/site-packages/airflow/example_dags/example_xcom.py for tasks to queue
[2021-06-23 05:37:05,261] {logging_mixin.py:104} INFO - [2021-06-23 05:37:05,261] {dagbag.py:487} INFO - Filling up the DagBag from /home/airflow/.local/lib/python3.6/site-packages/airflow/example_dags/example_xcom.py
[2021-06-23 05:37:05,469] {scheduler_job.py:643} INFO - DAG(s) dict_keys(['example_xcom']) retrieved from /home/airflow/.local/lib/python3.6/site-packages/airflow/example_dags/example_xcom.py
[2021-06-23 05:37:06,704] {logging_mixin.py:104} INFO - [2021-06-23 05:37:06,703] {dag.py:1832} INFO - Sync 1 DAGs
[2021-06-23 05:37:06,759] {logging_mixin.py:104} INFO - [2021-06-23 05:37:06,759] {dag.py:2305} INFO - Setting next_dagrun for example_xcom to 2021-06-21 00:00:00+00:00
[2021-06-23 05:37:06,879] {scheduler_job.py:190} INFO - Processing /home/airflow/.local/lib/python3.6/site-packages/airflow/example_dags/example_xcom.py took 1.726 seconds
[2021-06-23 05:37:37,613] {scheduler_job.py:182} INFO - Started process (PID=108) to work on /home/airflow/.local/lib/python3.6/site-packages/airflow/example_dags/example_xcom.py
[2021-06-23 05:37:37,614] {scheduler_job.py:633} INFO - Processing file /home/airflow/.local/lib/python3.6/site-packages/airflow/example_dags/example_xcom.py for tasks to queue
[2021-06-23 05:37:37,615] {logging_mixin.py:104} INFO - [2021-06-23 05:37:37,615] {dagbag.py:487} INFO - Filling up the DagBag from /home/airflow/.local/lib/python3.6/site-packages/airflow/example_dags/example_xcom.py
[2021-06-23 05:37:37,655] {scheduler_job.py:643} INFO - DAG(s) dict_keys(['example_xcom']) retrieved from /home/airflow/.local/lib/python3.6/site-packages/airflow/example_dags/example_xcom.py
[2021-06-23 05:37:37,704] {logging_mixin.py:104} INFO - [2021-06-23 05:37:37,704] {dag.py:1832} INFO - Sync 1 DAGs
[2021-06-23 05:37:37,741] {logging_mixin.py:104} INFO - [2021-06-23 05:37:37,741] {dag.py:2305} INFO - Setting next_dagrun for example_xcom to 2021-06-21 00:00:00+00:00
[2021-06-23 05:37:37,769] {scheduler_job.py:190} INFO - Processing /home/airflow/.local/lib/python3.6/site-packages/airflow/example_dags/example_xcom.py took 0.162 seconds
[2021-06-23 05:38:08,118] {scheduler_job.py:182} INFO - Started process (PID=169) to work on /home/airflow/.local/lib/python3.6/site-packages/airflow/example_dags/example_xcom.py
[2021-06-23 05:38:08,121] {scheduler_job.py:633} INFO - Processing file /home/airflow/.local/lib/python3.6/site-packages/airflow/example_dags/example_xcom.py for tasks to queue
[2021-06-23 05:38:08,137] {logging_mixin.py:104} INFO - [2021-06-23 05:38:08,137] {dagbag.py:487} INFO - Filling up the DagBag from /home/airflow/.local/lib/python3.6/site-packages/airflow/example_dags/example_xcom.py
[2021-06-23 05:38:08,171] {scheduler_job.py:643} INFO - DAG(s) dict_keys(['example_xcom']) retrieved from /home/airflow/.local/lib/python3.6/site-packages/airflow/example_dags/example_xcom.py
[2021-06-23 05:38:08,375] {logging_mixin.py:104} INFO - [2021-06-23 05:38:08,374] {dag.py:1832} INFO - Sync 1 DAGs
[2021-06-23 05:38:08,474] {logging_mixin.py:104} INFO - [2021-06-23 05:38:08,474] {dag.py:2305} INFO - Setting next_dagrun for example_xcom to 2021-06-21 00:00:00+00:00
[2021-06-23 05:38:08,568] {scheduler_job.py:190} INFO - Processing /home/airflow/.local/lib/python3.6/site-packages/airflow/example_dags/example_xcom.py took 0.458 seconds
[2021-06-23 05:38:38,753] {scheduler_job.py:182} INFO - Started process (PID=232) to work on /home/airflow/.local/lib/python3.6/site-packages/airflow/example_dags/example_xcom.py
[2021-06-23 05:38:38,755] {scheduler_job.py:633} INFO - Processing file /home/airflow/.local/lib/python3.6/site-packages/airflow/example_dags/example_xcom.py for tasks to queue
[2021-06-23 05:38:38,756] {logging_mixin.py:104} INFO - [2021-06-23 05:38:38,755] {dagbag.py:487} INFO - Filling up the DagBag from /home/airflow/.local/lib/python3.6/site-packages/airflow/example_dags/example_xcom.py
[2021-06-23 05:38:38,771] {scheduler_job.py:643} INFO - DAG(s) dict_keys(['example_xcom']) retrieved from /home/airflow/.local/lib/python3.6/site-packages/airflow/example_dags/example_xcom.py
[2021-06-23 05:38:38,795] {logging_mixin.py:104} INFO - [2021-06-23 05:38:38,795] {dag.py:1832} INFO - Sync 1 DAGs
[2021-06-23 05:38:38,819] {logging_mixin.py:104} INFO - [2021-06-23 05:38:38,818] {dag.py:2305} INFO - Setting next_dagrun for example_xcom to 2021-06-21 00:00:00+00:00
[2021-06-23 05:38:38,835] {scheduler_job.py:190} INFO - Processing /home/airflow/.local/lib/python3.6/site-packages/airflow/example_dags/example_xcom.py took 0.089 seconds
[2021-06-23 05:39:09,518] {scheduler_job.py:182} INFO - Started process (PID=305) to work on /home/airflow/.local/lib/python3.6/site-packages/airflow/example_dags/example_xcom.py
[2021-06-23 05:39:09,526] {scheduler_job.py:633} INFO - Processing file /home/airflow/.local/lib/python3.6/site-packages/airflow/example_dags/example_xcom.py for tasks to queue
[2021-06-23 05:39:09,527] {logging_mixin.py:104} INFO - [2021-06-23 05:39:09,526] {dagbag.py:487} INFO - Filling up the DagBag from /home/airflow/.local/lib/python3.6/site-packages/airflow/example_dags/example_xcom.py
[2021-06-23 05:39:09,560] {scheduler_job.py:643} INFO - DAG(s) dict_keys(['example_xcom']) retrieved from /home/airflow/.local/lib/python3.6/site-packages/airflow/example_dags/example_xcom.py
[2021-06-23 05:39:09,609] {logging_mixin.py:104} INFO - [2021-06-23 05:39:09,609] {dag.py:1832} INFO - Sync 1 DAGs
[2021-06-23 05:39:09,660] {logging_mixin.py:104} INFO - [2021-06-23 05:39:09,660] {dag.py:2305} INFO - Setting next_dagrun for example_xcom to 2021-06-21 00:00:00+00:00
[2021-06-23 05:39:09,686] {scheduler_job.py:190} INFO - Processing /home/airflow/.local/lib/python3.6/site-packages/airflow/example_dags/example_xcom.py took 0.173 seconds
[2021-06-23 05:39:39,765] {scheduler_job.py:182} INFO - Started process (PID=373) to work on /home/airflow/.local/lib/python3.6/site-packages/airflow/example_dags/example_xcom.py
[2021-06-23 05:39:39,769] {scheduler_job.py:633} INFO - Processing file /home/airflow/.local/lib/python3.6/site-packages/airflow/example_dags/example_xcom.py for tasks to queue
[2021-06-23 05:39:39,771] {logging_mixin.py:104} INFO - [2021-06-23 05:39:39,771] {dagbag.py:487} INFO - Filling up the DagBag from /home/airflow/.local/lib/python3.6/site-packages/airflow/example_dags/example_xcom.py
[2021-06-23 05:39:39,811] {scheduler_job.py:643} INFO - DAG(s) dict_keys(['example_xcom']) retrieved from /home/airflow/.local/lib/python3.6/site-packages/airflow/example_dags/example_xcom.py
[2021-06-23 05:39:39,878] {logging_mixin.py:104} INFO - [2021-06-23 05:39:39,878] {dag.py:1832} INFO - Sync 1 DAGs
[2021-06-23 05:39:39,916] {logging_mixin.py:104} INFO - [2021-06-23 05:39:39,916] {dag.py:2305} INFO - Setting next_dagrun for example_xcom to 2021-06-21 00:00:00+00:00
[2021-06-23 05:39:39,936] {scheduler_job.py:190} INFO - Processing /home/airflow/.local/lib/python3.6/site-packages/airflow/example_dags/example_xcom.py took 0.175 seconds
[2021-06-23 05:40:10,479] {scheduler_job.py:182} INFO - Started process (PID=437) to work on /home/airflow/.local/lib/python3.6/site-packages/airflow/example_dags/example_xcom.py
[2021-06-23 05:40:10,483] {scheduler_job.py:633} INFO - Processing file /home/airflow/.local/lib/python3.6/site-packages/airflow/example_dags/example_xcom.py for tasks to queue
[2021-06-23 05:40:10,485] {logging_mixin.py:104} INFO - [2021-06-23 05:40:10,485] {dagbag.py:487} INFO - Filling up the DagBag from /home/airflow/.local/lib/python3.6/site-packages/airflow/example_dags/example_xcom.py
[2021-06-23 05:40:10,537] {scheduler_job.py:643} INFO - DAG(s) dict_keys(['example_xcom']) retrieved from /home/airflow/.local/lib/python3.6/site-packages/airflow/example_dags/example_xcom.py
[2021-06-23 05:40:10,617] {logging_mixin.py:104} INFO - [2021-06-23 05:40:10,616] {dag.py:1832} INFO - Sync 1 DAGs
[2021-06-23 05:40:10,773] {logging_mixin.py:104} INFO - [2021-06-23 05:40:10,773] {dag.py:2305} INFO - Setting next_dagrun for example_xcom to 2021-06-21 00:00:00+00:00
[2021-06-23 05:40:10,823] {scheduler_job.py:190} INFO - Processing /home/airflow/.local/lib/python3.6/site-packages/airflow/example_dags/example_xcom.py took 0.360 seconds
[2021-06-23 05:40:40,979] {scheduler_job.py:182} INFO - Started process (PID=500) to work on /home/airflow/.local/lib/python3.6/site-packages/airflow/example_dags/example_xcom.py
[2021-06-23 05:40:40,981] {scheduler_job.py:633} INFO - Processing file /home/airflow/.local/lib/python3.6/site-packages/airflow/example_dags/example_xcom.py for tasks to queue
[2021-06-23 05:40:40,983] {logging_mixin.py:104} INFO - [2021-06-23 05:40:40,983] {dagbag.py:487} INFO - Filling up the DagBag from /home/airflow/.local/lib/python3.6/site-packages/airflow/example_dags/example_xcom.py
[2021-06-23 05:40:41,000] {scheduler_job.py:643} INFO - DAG(s) dict_keys(['example_xcom']) retrieved from /home/airflow/.local/lib/python3.6/site-packages/airflow/example_dags/example_xcom.py
[2021-06-23 05:40:41,039] {logging_mixin.py:104} INFO - [2021-06-23 05:40:41,038] {dag.py:1832} INFO - Sync 1 DAGs
[2021-06-23 05:40:41,060] {logging_mixin.py:104} INFO - [2021-06-23 05:40:41,060] {dag.py:2305} INFO - Setting next_dagrun for example_xcom to 2021-06-21 00:00:00+00:00
[2021-06-23 05:40:41,073] {scheduler_job.py:190} INFO - Processing /home/airflow/.local/lib/python3.6/site-packages/airflow/example_dags/example_xcom.py took 0.098 seconds
[2021-06-23 05:41:11,520] {scheduler_job.py:182} INFO - Started process (PID=564) to work on /home/airflow/.local/lib/python3.6/site-packages/airflow/example_dags/example_xcom.py
[2021-06-23 05:41:11,524] {scheduler_job.py:633} INFO - Processing file /home/airflow/.local/lib/python3.6/site-packages/airflow/example_dags/example_xcom.py for tasks to queue
[2021-06-23 05:41:11,525] {logging_mixin.py:104} INFO - [2021-06-23 05:41:11,525] {dagbag.py:487} INFO - Filling up the DagBag from /home/airflow/.local/lib/python3.6/site-packages/airflow/example_dags/example_xcom.py
[2021-06-23 05:41:11,543] {scheduler_job.py:643} INFO - DAG(s) dict_keys(['example_xcom']) retrieved from /home/airflow/.local/lib/python3.6/site-packages/airflow/example_dags/example_xcom.py
[2021-06-23 05:41:11,575] {logging_mixin.py:104} INFO - [2021-06-23 05:41:11,574] {dag.py:1832} INFO - Sync 1 DAGs
[2021-06-23 05:41:11,607] {logging_mixin.py:104} INFO - [2021-06-23 05:41:11,607] {dag.py:2305} INFO - Setting next_dagrun for example_xcom to 2021-06-21 00:00:00+00:00
[2021-06-23 05:41:11,623] {scheduler_job.py:190} INFO - Processing /home/airflow/.local/lib/python3.6/site-packages/airflow/example_dags/example_xcom.py took 0.107 seconds
[2021-06-23 05:41:41,709] {scheduler_job.py:182} INFO - Started process (PID=629) to work on /home/airflow/.local/lib/python3.6/site-packages/airflow/example_dags/example_xcom.py
[2021-06-23 05:41:41,713] {scheduler_job.py:633} INFO - Processing file /home/airflow/.local/lib/python3.6/site-packages/airflow/example_dags/example_xcom.py for tasks to queue
[2021-06-23 05:41:41,716] {logging_mixin.py:104} INFO - [2021-06-23 05:41:41,715] {dagbag.py:487} INFO - Filling up the DagBag from /home/airflow/.local/lib/python3.6/site-packages/airflow/example_dags/example_xcom.py
[2021-06-23 05:41:41,733] {scheduler_job.py:643} INFO - DAG(s) dict_keys(['example_xcom']) retrieved from /home/airflow/.local/lib/python3.6/site-packages/airflow/example_dags/example_xcom.py
[2021-06-23 05:41:41,769] {logging_mixin.py:104} INFO - [2021-06-23 05:41:41,769] {dag.py:1832} INFO - Sync 1 DAGs
[2021-06-23 05:41:41,792] {logging_mixin.py:104} INFO - [2021-06-23 05:41:41,792] {dag.py:2305} INFO - Setting next_dagrun for example_xcom to 2021-06-21 00:00:00+00:00
[2021-06-23 05:41:41,811] {scheduler_job.py:190} INFO - Processing /home/airflow/.local/lib/python3.6/site-packages/airflow/example_dags/example_xcom.py took 0.107 seconds
[2021-06-23 05:42:12,479] {scheduler_job.py:182} INFO - Started process (PID=690) to work on /home/airflow/.local/lib/python3.6/site-packages/airflow/example_dags/example_xcom.py
[2021-06-23 05:42:12,481] {scheduler_job.py:633} INFO - Processing file /home/airflow/.local/lib/python3.6/site-packages/airflow/example_dags/example_xcom.py for tasks to queue
[2021-06-23 05:42:12,482] {logging_mixin.py:104} INFO - [2021-06-23 05:42:12,482] {dagbag.py:487} INFO - Filling up the DagBag from /home/airflow/.local/lib/python3.6/site-packages/airflow/example_dags/example_xcom.py
[2021-06-23 05:42:12,505] {scheduler_job.py:643} INFO - DAG(s) dict_keys(['example_xcom']) retrieved from /home/airflow/.local/lib/python3.6/site-packages/airflow/example_dags/example_xcom.py
[2021-06-23 05:42:12,529] {logging_mixin.py:104} INFO - [2021-06-23 05:42:12,529] {dag.py:1832} INFO - Sync 1 DAGs
[2021-06-23 05:42:12,556] {logging_mixin.py:104} INFO - [2021-06-23 05:42:12,555] {dag.py:2305} INFO - Setting next_dagrun for example_xcom to 2021-06-21 00:00:00+00:00
[2021-06-23 05:42:12,569] {scheduler_job.py:190} INFO - Processing /home/airflow/.local/lib/python3.6/site-packages/airflow/example_dags/example_xcom.py took 0.094 seconds
[2021-06-23 05:42:43,301] {scheduler_job.py:182} INFO - Started process (PID=766) to work on /home/airflow/.local/lib/python3.6/site-packages/airflow/example_dags/example_xcom.py
[2021-06-23 05:42:43,305] {scheduler_job.py:633} INFO - Processing file /home/airflow/.local/lib/python3.6/site-packages/airflow/example_dags/example_xcom.py for tasks to queue
[2021-06-23 05:42:43,308] {logging_mixin.py:104} INFO - [2021-06-23 05:42:43,308] {dagbag.py:487} INFO - Filling up the DagBag from /home/airflow/.local/lib/python3.6/site-packages/airflow/example_dags/example_xcom.py
[2021-06-23 05:42:43,334] {scheduler_job.py:643} INFO - DAG(s) dict_keys(['example_xcom']) retrieved from /home/airflow/.local/lib/python3.6/site-packages/airflow/example_dags/example_xcom.py
[2021-06-23 05:42:43,369] {logging_mixin.py:104} INFO - [2021-06-23 05:42:43,369] {dag.py:1832} INFO - Sync 1 DAGs
[2021-06-23 05:42:43,399] {logging_mixin.py:104} INFO - [2021-06-23 05:42:43,399] {dag.py:2305} INFO - Setting next_dagrun for example_xcom to 2021-06-21 00:00:00+00:00
[2021-06-23 05:42:43,419] {scheduler_job.py:190} INFO - Processing /home/airflow/.local/lib/python3.6/site-packages/airflow/example_dags/example_xcom.py took 0.123 seconds
[2021-06-23 05:43:13,897] {scheduler_job.py:182} INFO - Started process (PID=830) to work on /home/airflow/.local/lib/python3.6/site-packages/airflow/example_dags/example_xcom.py
[2021-06-23 05:43:13,898] {scheduler_job.py:633} INFO - Processing file /home/airflow/.local/lib/python3.6/site-packages/airflow/example_dags/example_xcom.py for tasks to queue
[2021-06-23 05:43:13,899] {logging_mixin.py:104} INFO - [2021-06-23 05:43:13,899] {dagbag.py:487} INFO - Filling up the DagBag from /home/airflow/.local/lib/python3.6/site-packages/airflow/example_dags/example_xcom.py
[2021-06-23 05:43:13,914] {scheduler_job.py:643} INFO - DAG(s) dict_keys(['example_xcom']) retrieved from /home/airflow/.local/lib/python3.6/site-packages/airflow/example_dags/example_xcom.py
[2021-06-23 05:43:13,944] {logging_mixin.py:104} INFO - [2021-06-23 05:43:13,944] {dag.py:1832} INFO - Sync 1 DAGs
[2021-06-23 05:43:13,963] {logging_mixin.py:104} INFO - [2021-06-23 05:43:13,963] {dag.py:2305} INFO - Setting next_dagrun for example_xcom to 2021-06-21 00:00:00+00:00
[2021-06-23 05:43:13,975] {scheduler_job.py:190} INFO - Processing /home/airflow/.local/lib/python3.6/site-packages/airflow/example_dags/example_xcom.py took 0.081 seconds
[2021-06-23 05:43:44,512] {scheduler_job.py:182} INFO - Started process (PID=895) to work on /home/airflow/.local/lib/python3.6/site-packages/airflow/example_dags/example_xcom.py
[2021-06-23 05:43:44,514] {scheduler_job.py:633} INFO - Processing file /home/airflow/.local/lib/python3.6/site-packages/airflow/example_dags/example_xcom.py for tasks to queue
[2021-06-23 05:43:44,517] {logging_mixin.py:104} INFO - [2021-06-23 05:43:44,517] {dagbag.py:487} INFO - Filling up the DagBag from /home/airflow/.local/lib/python3.6/site-packages/airflow/example_dags/example_xcom.py
[2021-06-23 05:43:44,543] {scheduler_job.py:643} INFO - DAG(s) dict_keys(['example_xcom']) retrieved from /home/airflow/.local/lib/python3.6/site-packages/airflow/example_dags/example_xcom.py
[2021-06-23 05:43:44,574] {logging_mixin.py:104} INFO - [2021-06-23 05:43:44,574] {dag.py:1832} INFO - Sync 1 DAGs
[2021-06-23 05:43:44,595] {logging_mixin.py:104} INFO - [2021-06-23 05:43:44,595] {dag.py:2305} INFO - Setting next_dagrun for example_xcom to 2021-06-21 00:00:00+00:00
[2021-06-23 05:43:44,613] {scheduler_job.py:190} INFO - Processing /home/airflow/.local/lib/python3.6/site-packages/airflow/example_dags/example_xcom.py took 0.105 seconds
[2021-06-23 05:44:15,084] {scheduler_job.py:182} INFO - Started process (PID=957) to work on /home/airflow/.local/lib/python3.6/site-packages/airflow/example_dags/example_xcom.py
[2021-06-23 05:44:15,086] {scheduler_job.py:633} INFO - Processing file /home/airflow/.local/lib/python3.6/site-packages/airflow/example_dags/example_xcom.py for tasks to queue
[2021-06-23 05:44:15,094] {logging_mixin.py:104} INFO - [2021-06-23 05:44:15,094] {dagbag.py:487} INFO - Filling up the DagBag from /home/airflow/.local/lib/python3.6/site-packages/airflow/example_dags/example_xcom.py
[2021-06-23 05:44:15,112] {scheduler_job.py:643} INFO - DAG(s) dict_keys(['example_xcom']) retrieved from /home/airflow/.local/lib/python3.6/site-packages/airflow/example_dags/example_xcom.py
[2021-06-23 05:44:15,137] {logging_mixin.py:104} INFO - [2021-06-23 05:44:15,137] {dag.py:1832} INFO - Sync 1 DAGs
[2021-06-23 05:44:15,161] {logging_mixin.py:104} INFO - [2021-06-23 05:44:15,161] {dag.py:2305} INFO - Setting next_dagrun for example_xcom to 2021-06-21 00:00:00+00:00
[2021-06-23 05:44:15,172] {scheduler_job.py:190} INFO - Processing /home/airflow/.local/lib/python3.6/site-packages/airflow/example_dags/example_xcom.py took 0.092 seconds
[2021-06-23 05:44:45,396] {scheduler_job.py:182} INFO - Started process (PID=1021) to work on /home/airflow/.local/lib/python3.6/site-packages/airflow/example_dags/example_xcom.py
[2021-06-23 05:44:45,398] {scheduler_job.py:633} INFO - Processing file /home/airflow/.local/lib/python3.6/site-packages/airflow/example_dags/example_xcom.py for tasks to queue
[2021-06-23 05:44:45,399] {logging_mixin.py:104} INFO - [2021-06-23 05:44:45,398] {dagbag.py:487} INFO - Filling up the DagBag from /home/airflow/.local/lib/python3.6/site-packages/airflow/example_dags/example_xcom.py
[2021-06-23 05:44:45,424] {scheduler_job.py:643} INFO - DAG(s) dict_keys(['example_xcom']) retrieved from /home/airflow/.local/lib/python3.6/site-packages/airflow/example_dags/example_xcom.py
[2021-06-23 05:44:45,450] {logging_mixin.py:104} INFO - [2021-06-23 05:44:45,450] {dag.py:1832} INFO - Sync 1 DAGs
[2021-06-23 05:44:45,471] {logging_mixin.py:104} INFO - [2021-06-23 05:44:45,471] {dag.py:2305} INFO - Setting next_dagrun for example_xcom to 2021-06-21 00:00:00+00:00
[2021-06-23 05:44:45,492] {scheduler_job.py:190} INFO - Processing /home/airflow/.local/lib/python3.6/site-packages/airflow/example_dags/example_xcom.py took 0.099 seconds
[2021-06-23 05:45:15,516] {scheduler_job.py:182} INFO - Started process (PID=1082) to work on /home/airflow/.local/lib/python3.6/site-packages/airflow/example_dags/example_xcom.py
[2021-06-23 05:45:15,518] {scheduler_job.py:633} INFO - Processing file /home/airflow/.local/lib/python3.6/site-packages/airflow/example_dags/example_xcom.py for tasks to queue
[2021-06-23 05:45:15,519] {logging_mixin.py:104} INFO - [2021-06-23 05:45:15,518] {dagbag.py:487} INFO - Filling up the DagBag from /home/airflow/.local/lib/python3.6/site-packages/airflow/example_dags/example_xcom.py
[2021-06-23 05:45:15,548] {scheduler_job.py:643} INFO - DAG(s) dict_keys(['example_xcom']) retrieved from /home/airflow/.local/lib/python3.6/site-packages/airflow/example_dags/example_xcom.py
[2021-06-23 05:45:15,597] {logging_mixin.py:104} INFO - [2021-06-23 05:45:15,597] {dag.py:1832} INFO - Sync 1 DAGs
[2021-06-23 05:45:15,629] {logging_mixin.py:104} INFO - [2021-06-23 05:45:15,629] {dag.py:2305} INFO - Setting next_dagrun for example_xcom to 2021-06-21 00:00:00+00:00
[2021-06-23 05:45:15,660] {scheduler_job.py:190} INFO - Processing /home/airflow/.local/lib/python3.6/site-packages/airflow/example_dags/example_xcom.py took 0.148 seconds
[2021-06-23 05:45:46,076] {scheduler_job.py:182} INFO - Started process (PID=1154) to work on /home/airflow/.local/lib/python3.6/site-packages/airflow/example_dags/example_xcom.py
[2021-06-23 05:45:46,077] {scheduler_job.py:633} INFO - Processing file /home/airflow/.local/lib/python3.6/site-packages/airflow/example_dags/example_xcom.py for tasks to queue
[2021-06-23 05:45:46,087] {logging_mixin.py:104} INFO - [2021-06-23 05:45:46,078] {dagbag.py:487} INFO - Filling up the DagBag from /home/airflow/.local/lib/python3.6/site-packages/airflow/example_dags/example_xcom.py
[2021-06-23 05:45:46,104] {scheduler_job.py:643} INFO - DAG(s) dict_keys(['example_xcom']) retrieved from /home/airflow/.local/lib/python3.6/site-packages/airflow/example_dags/example_xcom.py
[2021-06-23 05:45:46,207] {logging_mixin.py:104} INFO - [2021-06-23 05:45:46,207] {dag.py:1832} INFO - Sync 1 DAGs
[2021-06-23 05:45:46,242] {logging_mixin.py:104} INFO - [2021-06-23 05:45:46,241] {dag.py:2305} INFO - Setting next_dagrun for example_xcom to 2021-06-21 00:00:00+00:00
[2021-06-23 05:45:46,261] {scheduler_job.py:190} INFO - Processing /home/airflow/.local/lib/python3.6/site-packages/airflow/example_dags/example_xcom.py took 0.193 seconds
[2021-06-23 05:46:16,497] {scheduler_job.py:182} INFO - Started process (PID=1220) to work on /home/airflow/.local/lib/python3.6/site-packages/airflow/example_dags/example_xcom.py
[2021-06-23 05:46:16,498] {scheduler_job.py:633} INFO - Processing file /home/airflow/.local/lib/python3.6/site-packages/airflow/example_dags/example_xcom.py for tasks to queue
[2021-06-23 05:46:16,504] {logging_mixin.py:104} INFO - [2021-06-23 05:46:16,504] {dagbag.py:487} INFO - Filling up the DagBag from /home/airflow/.local/lib/python3.6/site-packages/airflow/example_dags/example_xcom.py
[2021-06-23 05:46:16,522] {scheduler_job.py:643} INFO - DAG(s) dict_keys(['example_xcom']) retrieved from /home/airflow/.local/lib/python3.6/site-packages/airflow/example_dags/example_xcom.py
[2021-06-23 05:46:16,558] {logging_mixin.py:104} INFO - [2021-06-23 05:46:16,557] {dag.py:1832} INFO - Sync 1 DAGs
[2021-06-23 05:46:16,581] {logging_mixin.py:104} INFO - [2021-06-23 05:46:16,580] {dag.py:2305} INFO - Setting next_dagrun for example_xcom to 2021-06-21 00:00:00+00:00
[2021-06-23 05:46:16,597] {scheduler_job.py:190} INFO - Processing /home/airflow/.local/lib/python3.6/site-packages/airflow/example_dags/example_xcom.py took 0.105 seconds
[2021-06-23 05:46:47,119] {scheduler_job.py:182} INFO - Started process (PID=1282) to work on /home/airflow/.local/lib/python3.6/site-packages/airflow/example_dags/example_xcom.py
[2021-06-23 05:46:47,124] {scheduler_job.py:633} INFO - Processing file /home/airflow/.local/lib/python3.6/site-packages/airflow/example_dags/example_xcom.py for tasks to queue
[2021-06-23 05:46:47,127] {logging_mixin.py:104} INFO - [2021-06-23 05:46:47,126] {dagbag.py:487} INFO - Filling up the DagBag from /home/airflow/.local/lib/python3.6/site-packages/airflow/example_dags/example_xcom.py
[2021-06-23 05:46:47,158] {scheduler_job.py:643} INFO - DAG(s) dict_keys(['example_xcom']) retrieved from /home/airflow/.local/lib/python3.6/site-packages/airflow/example_dags/example_xcom.py
[2021-06-23 05:46:47,267] {logging_mixin.py:104} INFO - [2021-06-23 05:46:47,267] {dag.py:1832} INFO - Sync 1 DAGs
[2021-06-23 05:46:47,340] {logging_mixin.py:104} INFO - [2021-06-23 05:46:47,322] {dag.py:2305} INFO - Setting next_dagrun for example_xcom to 2021-06-21 00:00:00+00:00
[2021-06-23 05:46:47,385] {scheduler_job.py:190} INFO - Processing /home/airflow/.local/lib/python3.6/site-packages/airflow/example_dags/example_xcom.py took 0.290 seconds
[2021-06-23 05:47:18,168] {scheduler_job.py:182} INFO - Started process (PID=1346) to work on /home/airflow/.local/lib/python3.6/site-packages/airflow/example_dags/example_xcom.py
[2021-06-23 05:47:18,170] {scheduler_job.py:633} INFO - Processing file /home/airflow/.local/lib/python3.6/site-packages/airflow/example_dags/example_xcom.py for tasks to queue
[2021-06-23 05:47:18,172] {logging_mixin.py:104} INFO - [2021-06-23 05:47:18,172] {dagbag.py:487} INFO - Filling up the DagBag from /home/airflow/.local/lib/python3.6/site-packages/airflow/example_dags/example_xcom.py
[2021-06-23 05:47:18,198] {scheduler_job.py:643} INFO - DAG(s) dict_keys(['example_xcom']) retrieved from /home/airflow/.local/lib/python3.6/site-packages/airflow/example_dags/example_xcom.py
[2021-06-23 05:47:18,333] {logging_mixin.py:104} INFO - [2021-06-23 05:47:18,332] {dag.py:1832} INFO - Sync 1 DAGs
[2021-06-23 05:47:18,372] {logging_mixin.py:104} INFO - [2021-06-23 05:47:18,371] {dag.py:2305} INFO - Setting next_dagrun for example_xcom to 2021-06-21 00:00:00+00:00
[2021-06-23 05:47:18,396] {scheduler_job.py:190} INFO - Processing /home/airflow/.local/lib/python3.6/site-packages/airflow/example_dags/example_xcom.py took 0.233 seconds
[2021-06-23 05:47:49,323] {scheduler_job.py:182} INFO - Started process (PID=1409) to work on /home/airflow/.local/lib/python3.6/site-packages/airflow/example_dags/example_xcom.py
[2021-06-23 05:47:49,327] {scheduler_job.py:633} INFO - Processing file /home/airflow/.local/lib/python3.6/site-packages/airflow/example_dags/example_xcom.py for tasks to queue
[2021-06-23 05:47:49,328] {logging_mixin.py:104} INFO - [2021-06-23 05:47:49,328] {dagbag.py:487} INFO - Filling up the DagBag from /home/airflow/.local/lib/python3.6/site-packages/airflow/example_dags/example_xcom.py
[2021-06-23 05:47:49,345] {scheduler_job.py:643} INFO - DAG(s) dict_keys(['example_xcom']) retrieved from /home/airflow/.local/lib/python3.6/site-packages/airflow/example_dags/example_xcom.py
[2021-06-23 05:47:49,393] {logging_mixin.py:104} INFO - [2021-06-23 05:47:49,393] {dag.py:1832} INFO - Sync 1 DAGs
[2021-06-23 05:47:49,429] {logging_mixin.py:104} INFO - [2021-06-23 05:47:49,429] {dag.py:2305} INFO - Setting next_dagrun for example_xcom to 2021-06-21 00:00:00+00:00
[2021-06-23 05:47:49,447] {scheduler_job.py:190} INFO - Processing /home/airflow/.local/lib/python3.6/site-packages/airflow/example_dags/example_xcom.py took 0.128 seconds
[2021-06-23 05:48:19,985] {scheduler_job.py:182} INFO - Started process (PID=1469) to work on /home/airflow/.local/lib/python3.6/site-packages/airflow/example_dags/example_xcom.py
[2021-06-23 05:48:19,987] {scheduler_job.py:633} INFO - Processing file /home/airflow/.local/lib/python3.6/site-packages/airflow/example_dags/example_xcom.py for tasks to queue
[2021-06-23 05:48:19,990] {logging_mixin.py:104} INFO - [2021-06-23 05:48:19,990] {dagbag.py:487} INFO - Filling up the DagBag from /home/airflow/.local/lib/python3.6/site-packages/airflow/example_dags/example_xcom.py
[2021-06-23 05:48:20,013] {scheduler_job.py:643} INFO - DAG(s) dict_keys(['example_xcom']) retrieved from /home/airflow/.local/lib/python3.6/site-packages/airflow/example_dags/example_xcom.py
[2021-06-23 05:48:20,066] {logging_mixin.py:104} INFO - [2021-06-23 05:48:20,066] {dag.py:1832} INFO - Sync 1 DAGs
[2021-06-23 05:48:20,106] {logging_mixin.py:104} INFO - [2021-06-23 05:48:20,106] {dag.py:2305} INFO - Setting next_dagrun for example_xcom to 2021-06-21 00:00:00+00:00
[2021-06-23 05:48:20,143] {scheduler_job.py:190} INFO - Processing /home/airflow/.local/lib/python3.6/site-packages/airflow/example_dags/example_xcom.py took 0.162 seconds
[2021-06-23 05:48:50,983] {scheduler_job.py:182} INFO - Started process (PID=1543) to work on /home/airflow/.local/lib/python3.6/site-packages/airflow/example_dags/example_xcom.py
[2021-06-23 05:48:50,986] {scheduler_job.py:633} INFO - Processing file /home/airflow/.local/lib/python3.6/site-packages/airflow/example_dags/example_xcom.py for tasks to queue
[2021-06-23 05:48:50,987] {logging_mixin.py:104} INFO - [2021-06-23 05:48:50,987] {dagbag.py:487} INFO - Filling up the DagBag from /home/airflow/.local/lib/python3.6/site-packages/airflow/example_dags/example_xcom.py
[2021-06-23 05:48:51,012] {scheduler_job.py:643} INFO - DAG(s) dict_keys(['example_xcom']) retrieved from /home/airflow/.local/lib/python3.6/site-packages/airflow/example_dags/example_xcom.py
[2021-06-23 05:48:51,077] {logging_mixin.py:104} INFO - [2021-06-23 05:48:51,077] {dag.py:1832} INFO - Sync 1 DAGs
[2021-06-23 05:48:51,155] {logging_mixin.py:104} INFO - [2021-06-23 05:48:51,154] {dag.py:2305} INFO - Setting next_dagrun for example_xcom to 2021-06-21 00:00:00+00:00
[2021-06-23 05:48:51,201] {scheduler_job.py:190} INFO - Processing /home/airflow/.local/lib/python3.6/site-packages/airflow/example_dags/example_xcom.py took 0.227 seconds
[2021-06-23 05:49:21,362] {scheduler_job.py:182} INFO - Started process (PID=1610) to work on /home/airflow/.local/lib/python3.6/site-packages/airflow/example_dags/example_xcom.py
[2021-06-23 05:49:21,364] {scheduler_job.py:633} INFO - Processing file /home/airflow/.local/lib/python3.6/site-packages/airflow/example_dags/example_xcom.py for tasks to queue
[2021-06-23 05:49:21,365] {logging_mixin.py:104} INFO - [2021-06-23 05:49:21,365] {dagbag.py:487} INFO - Filling up the DagBag from /home/airflow/.local/lib/python3.6/site-packages/airflow/example_dags/example_xcom.py
[2021-06-23 05:49:21,383] {scheduler_job.py:643} INFO - DAG(s) dict_keys(['example_xcom']) retrieved from /home/airflow/.local/lib/python3.6/site-packages/airflow/example_dags/example_xcom.py
[2021-06-23 05:49:21,412] {logging_mixin.py:104} INFO - [2021-06-23 05:49:21,412] {dag.py:1832} INFO - Sync 1 DAGs
[2021-06-23 05:49:21,442] {logging_mixin.py:104} INFO - [2021-06-23 05:49:21,442] {dag.py:2305} INFO - Setting next_dagrun for example_xcom to 2021-06-21 00:00:00+00:00
[2021-06-23 05:49:21,458] {scheduler_job.py:190} INFO - Processing /home/airflow/.local/lib/python3.6/site-packages/airflow/example_dags/example_xcom.py took 0.100 seconds
[2021-06-23 05:49:51,762] {scheduler_job.py:182} INFO - Started process (PID=1671) to work on /home/airflow/.local/lib/python3.6/site-packages/airflow/example_dags/example_xcom.py
[2021-06-23 05:49:51,764] {scheduler_job.py:633} INFO - Processing file /home/airflow/.local/lib/python3.6/site-packages/airflow/example_dags/example_xcom.py for tasks to queue
[2021-06-23 05:49:51,771] {logging_mixin.py:104} INFO - [2021-06-23 05:49:51,771] {dagbag.py:487} INFO - Filling up the DagBag from /home/airflow/.local/lib/python3.6/site-packages/airflow/example_dags/example_xcom.py
[2021-06-23 05:49:51,817] {scheduler_job.py:643} INFO - DAG(s) dict_keys(['example_xcom']) retrieved from /home/airflow/.local/lib/python3.6/site-packages/airflow/example_dags/example_xcom.py
[2021-06-23 05:49:51,871] {logging_mixin.py:104} INFO - [2021-06-23 05:49:51,871] {dag.py:1832} INFO - Sync 1 DAGs
[2021-06-23 05:49:51,920] {logging_mixin.py:104} INFO - [2021-06-23 05:49:51,920] {dag.py:2305} INFO - Setting next_dagrun for example_xcom to 2021-06-21 00:00:00+00:00
[2021-06-23 05:49:51,950] {scheduler_job.py:190} INFO - Processing /home/airflow/.local/lib/python3.6/site-packages/airflow/example_dags/example_xcom.py took 0.192 seconds
[2021-06-23 05:50:22,090] {scheduler_job.py:182} INFO - Started process (PID=1732) to work on /home/airflow/.local/lib/python3.6/site-packages/airflow/example_dags/example_xcom.py
[2021-06-23 05:50:22,093] {scheduler_job.py:633} INFO - Processing file /home/airflow/.local/lib/python3.6/site-packages/airflow/example_dags/example_xcom.py for tasks to queue
[2021-06-23 05:50:22,094] {logging_mixin.py:104} INFO - [2021-06-23 05:50:22,094] {dagbag.py:487} INFO - Filling up the DagBag from /home/airflow/.local/lib/python3.6/site-packages/airflow/example_dags/example_xcom.py
[2021-06-23 05:50:22,111] {scheduler_job.py:643} INFO - DAG(s) dict_keys(['example_xcom']) retrieved from /home/airflow/.local/lib/python3.6/site-packages/airflow/example_dags/example_xcom.py
[2021-06-23 05:50:22,161] {logging_mixin.py:104} INFO - [2021-06-23 05:50:22,161] {dag.py:1832} INFO - Sync 1 DAGs
[2021-06-23 05:50:22,184] {logging_mixin.py:104} INFO - [2021-06-23 05:50:22,183] {dag.py:2305} INFO - Setting next_dagrun for example_xcom to 2021-06-21 00:00:00+00:00
[2021-06-23 05:50:22,200] {scheduler_job.py:190} INFO - Processing /home/airflow/.local/lib/python3.6/site-packages/airflow/example_dags/example_xcom.py took 0.115 seconds
[2021-06-23 05:50:52,445] {scheduler_job.py:182} INFO - Started process (PID=1793) to work on /home/airflow/.local/lib/python3.6/site-packages/airflow/example_dags/example_xcom.py
[2021-06-23 05:50:52,450] {scheduler_job.py:633} INFO - Processing file /home/airflow/.local/lib/python3.6/site-packages/airflow/example_dags/example_xcom.py for tasks to queue
[2021-06-23 05:50:52,451] {logging_mixin.py:104} INFO - [2021-06-23 05:50:52,451] {dagbag.py:487} INFO - Filling up the DagBag from /home/airflow/.local/lib/python3.6/site-packages/airflow/example_dags/example_xcom.py
[2021-06-23 05:50:52,469] {scheduler_job.py:643} INFO - DAG(s) dict_keys(['example_xcom']) retrieved from /home/airflow/.local/lib/python3.6/site-packages/airflow/example_dags/example_xcom.py
[2021-06-23 05:50:52,498] {logging_mixin.py:104} INFO - [2021-06-23 05:50:52,498] {dag.py:1832} INFO - Sync 1 DAGs
[2021-06-23 05:50:52,520] {logging_mixin.py:104} INFO - [2021-06-23 05:50:52,520] {dag.py:2305} INFO - Setting next_dagrun for example_xcom to 2021-06-21 00:00:00+00:00
[2021-06-23 05:50:52,550] {scheduler_job.py:190} INFO - Processing /home/airflow/.local/lib/python3.6/site-packages/airflow/example_dags/example_xcom.py took 0.109 seconds
[2021-06-23 05:51:22,686] {scheduler_job.py:182} INFO - Started process (PID=1855) to work on /home/airflow/.local/lib/python3.6/site-packages/airflow/example_dags/example_xcom.py
[2021-06-23 05:51:22,691] {scheduler_job.py:633} INFO - Processing file /home/airflow/.local/lib/python3.6/site-packages/airflow/example_dags/example_xcom.py for tasks to queue
[2021-06-23 05:51:22,695] {logging_mixin.py:104} INFO - [2021-06-23 05:51:22,694] {dagbag.py:487} INFO - Filling up the DagBag from /home/airflow/.local/lib/python3.6/site-packages/airflow/example_dags/example_xcom.py
[2021-06-23 05:51:22,729] {scheduler_job.py:643} INFO - DAG(s) dict_keys(['example_xcom']) retrieved from /home/airflow/.local/lib/python3.6/site-packages/airflow/example_dags/example_xcom.py
[2021-06-23 05:51:22,783] {logging_mixin.py:104} INFO - [2021-06-23 05:51:22,783] {dag.py:1832} INFO - Sync 1 DAGs
[2021-06-23 05:51:22,821] {logging_mixin.py:104} INFO - [2021-06-23 05:51:22,821] {dag.py:2305} INFO - Setting next_dagrun for example_xcom to 2021-06-21 00:00:00+00:00
[2021-06-23 05:51:22,865] {scheduler_job.py:190} INFO - Processing /home/airflow/.local/lib/python3.6/site-packages/airflow/example_dags/example_xcom.py took 0.183 seconds
[2021-06-23 05:51:52,891] {scheduler_job.py:182} INFO - Started process (PID=1935) to work on /home/airflow/.local/lib/python3.6/site-packages/airflow/example_dags/example_xcom.py
[2021-06-23 05:51:52,892] {scheduler_job.py:633} INFO - Processing file /home/airflow/.local/lib/python3.6/site-packages/airflow/example_dags/example_xcom.py for tasks to queue
[2021-06-23 05:51:52,894] {logging_mixin.py:104} INFO - [2021-06-23 05:51:52,893] {dagbag.py:487} INFO - Filling up the DagBag from /home/airflow/.local/lib/python3.6/site-packages/airflow/example_dags/example_xcom.py
[2021-06-23 05:51:52,913] {scheduler_job.py:643} INFO - DAG(s) dict_keys(['example_xcom']) retrieved from /home/airflow/.local/lib/python3.6/site-packages/airflow/example_dags/example_xcom.py
[2021-06-23 05:51:52,968] {logging_mixin.py:104} INFO - [2021-06-23 05:51:52,968] {dag.py:1832} INFO - Sync 1 DAGs
[2021-06-23 05:51:53,015] {logging_mixin.py:104} INFO - [2021-06-23 05:51:53,015] {dag.py:2305} INFO - Setting next_dagrun for example_xcom to 2021-06-21 00:00:00+00:00
[2021-06-23 05:51:53,037] {scheduler_job.py:190} INFO - Processing /home/airflow/.local/lib/python3.6/site-packages/airflow/example_dags/example_xcom.py took 0.154 seconds
[2021-06-23 05:52:23,423] {scheduler_job.py:182} INFO - Started process (PID=1998) to work on /home/airflow/.local/lib/python3.6/site-packages/airflow/example_dags/example_xcom.py
[2021-06-23 05:52:23,425] {scheduler_job.py:633} INFO - Processing file /home/airflow/.local/lib/python3.6/site-packages/airflow/example_dags/example_xcom.py for tasks to queue
[2021-06-23 05:52:23,426] {logging_mixin.py:104} INFO - [2021-06-23 05:52:23,426] {dagbag.py:487} INFO - Filling up the DagBag from /home/airflow/.local/lib/python3.6/site-packages/airflow/example_dags/example_xcom.py
[2021-06-23 05:52:23,442] {scheduler_job.py:643} INFO - DAG(s) dict_keys(['example_xcom']) retrieved from /home/airflow/.local/lib/python3.6/site-packages/airflow/example_dags/example_xcom.py
[2021-06-23 05:52:23,470] {logging_mixin.py:104} INFO - [2021-06-23 05:52:23,470] {dag.py:1832} INFO - Sync 1 DAGs
[2021-06-23 05:52:23,490] {logging_mixin.py:104} INFO - [2021-06-23 05:52:23,490] {dag.py:2305} INFO - Setting next_dagrun for example_xcom to 2021-06-21 00:00:00+00:00
[2021-06-23 05:52:23,504] {scheduler_job.py:190} INFO - Processing /home/airflow/.local/lib/python3.6/site-packages/airflow/example_dags/example_xcom.py took 0.086 seconds
[2021-06-23 05:52:53,602] {scheduler_job.py:182} INFO - Started process (PID=2059) to work on /home/airflow/.local/lib/python3.6/site-packages/airflow/example_dags/example_xcom.py
[2021-06-23 05:52:53,618] {scheduler_job.py:633} INFO - Processing file /home/airflow/.local/lib/python3.6/site-packages/airflow/example_dags/example_xcom.py for tasks to queue
[2021-06-23 05:52:53,632] {logging_mixin.py:104} INFO - [2021-06-23 05:52:53,619] {dagbag.py:487} INFO - Filling up the DagBag from /home/airflow/.local/lib/python3.6/site-packages/airflow/example_dags/example_xcom.py
[2021-06-23 05:52:53,717] {scheduler_job.py:643} INFO - DAG(s) dict_keys(['example_xcom']) retrieved from /home/airflow/.local/lib/python3.6/site-packages/airflow/example_dags/example_xcom.py
[2021-06-23 05:52:53,863] {logging_mixin.py:104} INFO - [2021-06-23 05:52:53,863] {dag.py:1832} INFO - Sync 1 DAGs
[2021-06-23 05:52:54,024] {logging_mixin.py:104} INFO - [2021-06-23 05:52:54,024] {dag.py:2305} INFO - Setting next_dagrun for example_xcom to 2021-06-21 00:00:00+00:00
[2021-06-23 05:52:54,064] {scheduler_job.py:190} INFO - Processing /home/airflow/.local/lib/python3.6/site-packages/airflow/example_dags/example_xcom.py took 0.510 seconds
[2021-06-23 05:53:24,914] {scheduler_job.py:182} INFO - Started process (PID=2123) to work on /home/airflow/.local/lib/python3.6/site-packages/airflow/example_dags/example_xcom.py
[2021-06-23 05:53:24,916] {scheduler_job.py:633} INFO - Processing file /home/airflow/.local/lib/python3.6/site-packages/airflow/example_dags/example_xcom.py for tasks to queue
[2021-06-23 05:53:24,916] {logging_mixin.py:104} INFO - [2021-06-23 05:53:24,916] {dagbag.py:487} INFO - Filling up the DagBag from /home/airflow/.local/lib/python3.6/site-packages/airflow/example_dags/example_xcom.py
[2021-06-23 05:53:24,935] {scheduler_job.py:643} INFO - DAG(s) dict_keys(['example_xcom']) retrieved from /home/airflow/.local/lib/python3.6/site-packages/airflow/example_dags/example_xcom.py
[2021-06-23 05:53:24,961] {logging_mixin.py:104} INFO - [2021-06-23 05:53:24,961] {dag.py:1832} INFO - Sync 1 DAGs
[2021-06-23 05:53:25,009] {logging_mixin.py:104} INFO - [2021-06-23 05:53:25,009] {dag.py:2305} INFO - Setting next_dagrun for example_xcom to 2021-06-21 00:00:00+00:00
[2021-06-23 05:53:25,050] {scheduler_job.py:190} INFO - Processing /home/airflow/.local/lib/python3.6/site-packages/airflow/example_dags/example_xcom.py took 0.140 seconds
[2021-06-23 05:53:55,155] {scheduler_job.py:182} INFO - Started process (PID=2185) to work on /home/airflow/.local/lib/python3.6/site-packages/airflow/example_dags/example_xcom.py
[2021-06-23 05:53:55,158] {scheduler_job.py:633} INFO - Processing file /home/airflow/.local/lib/python3.6/site-packages/airflow/example_dags/example_xcom.py for tasks to queue
[2021-06-23 05:53:55,161] {logging_mixin.py:104} INFO - [2021-06-23 05:53:55,161] {dagbag.py:487} INFO - Filling up the DagBag from /home/airflow/.local/lib/python3.6/site-packages/airflow/example_dags/example_xcom.py
[2021-06-23 05:53:55,179] {scheduler_job.py:643} INFO - DAG(s) dict_keys(['example_xcom']) retrieved from /home/airflow/.local/lib/python3.6/site-packages/airflow/example_dags/example_xcom.py
[2021-06-23 05:53:55,217] {logging_mixin.py:104} INFO - [2021-06-23 05:53:55,217] {dag.py:1832} INFO - Sync 1 DAGs
[2021-06-23 05:53:55,261] {logging_mixin.py:104} INFO - [2021-06-23 05:53:55,261] {dag.py:2305} INFO - Setting next_dagrun for example_xcom to 2021-06-21 00:00:00+00:00
[2021-06-23 05:53:55,281] {scheduler_job.py:190} INFO - Processing /home/airflow/.local/lib/python3.6/site-packages/airflow/example_dags/example_xcom.py took 0.130 seconds
[2021-06-23 05:54:26,104] {scheduler_job.py:182} INFO - Started process (PID=2248) to work on /home/airflow/.local/lib/python3.6/site-packages/airflow/example_dags/example_xcom.py
[2021-06-23 05:54:26,107] {scheduler_job.py:633} INFO - Processing file /home/airflow/.local/lib/python3.6/site-packages/airflow/example_dags/example_xcom.py for tasks to queue
[2021-06-23 05:54:26,108] {logging_mixin.py:104} INFO - [2021-06-23 05:54:26,108] {dagbag.py:487} INFO - Filling up the DagBag from /home/airflow/.local/lib/python3.6/site-packages/airflow/example_dags/example_xcom.py
[2021-06-23 05:54:26,121] {scheduler_job.py:643} INFO - DAG(s) dict_keys(['example_xcom']) retrieved from /home/airflow/.local/lib/python3.6/site-packages/airflow/example_dags/example_xcom.py
[2021-06-23 05:54:26,155] {logging_mixin.py:104} INFO - [2021-06-23 05:54:26,155] {dag.py:1832} INFO - Sync 1 DAGs
[2021-06-23 05:54:26,179] {logging_mixin.py:104} INFO - [2021-06-23 05:54:26,179] {dag.py:2305} INFO - Setting next_dagrun for example_xcom to 2021-06-21 00:00:00+00:00
[2021-06-23 05:54:26,198] {scheduler_job.py:190} INFO - Processing /home/airflow/.local/lib/python3.6/site-packages/airflow/example_dags/example_xcom.py took 0.099 seconds
[2021-06-23 05:54:56,404] {scheduler_job.py:182} INFO - Started process (PID=2313) to work on /home/airflow/.local/lib/python3.6/site-packages/airflow/example_dags/example_xcom.py
[2021-06-23 05:54:56,408] {scheduler_job.py:633} INFO - Processing file /home/airflow/.local/lib/python3.6/site-packages/airflow/example_dags/example_xcom.py for tasks to queue
[2021-06-23 05:54:56,419] {logging_mixin.py:104} INFO - [2021-06-23 05:54:56,419] {dagbag.py:487} INFO - Filling up the DagBag from /home/airflow/.local/lib/python3.6/site-packages/airflow/example_dags/example_xcom.py
[2021-06-23 05:54:56,452] {scheduler_job.py:643} INFO - DAG(s) dict_keys(['example_xcom']) retrieved from /home/airflow/.local/lib/python3.6/site-packages/airflow/example_dags/example_xcom.py
[2021-06-23 05:54:56,516] {logging_mixin.py:104} INFO - [2021-06-23 05:54:56,515] {dag.py:1832} INFO - Sync 1 DAGs
[2021-06-23 05:54:56,560] {logging_mixin.py:104} INFO - [2021-06-23 05:54:56,560] {dag.py:2305} INFO - Setting next_dagrun for example_xcom to 2021-06-21 00:00:00+00:00
[2021-06-23 05:54:56,602] {scheduler_job.py:190} INFO - Processing /home/airflow/.local/lib/python3.6/site-packages/airflow/example_dags/example_xcom.py took 0.203 seconds
[2021-06-23 05:55:26,737] {scheduler_job.py:182} INFO - Started process (PID=2386) to work on /home/airflow/.local/lib/python3.6/site-packages/airflow/example_dags/example_xcom.py
[2021-06-23 05:55:26,738] {scheduler_job.py:633} INFO - Processing file /home/airflow/.local/lib/python3.6/site-packages/airflow/example_dags/example_xcom.py for tasks to queue
[2021-06-23 05:55:26,742] {logging_mixin.py:104} INFO - [2021-06-23 05:55:26,742] {dagbag.py:487} INFO - Filling up the DagBag from /home/airflow/.local/lib/python3.6/site-packages/airflow/example_dags/example_xcom.py
[2021-06-23 05:55:26,766] {scheduler_job.py:643} INFO - DAG(s) dict_keys(['example_xcom']) retrieved from /home/airflow/.local/lib/python3.6/site-packages/airflow/example_dags/example_xcom.py
[2021-06-23 05:55:26,897] {logging_mixin.py:104} INFO - [2021-06-23 05:55:26,897] {dag.py:1832} INFO - Sync 1 DAGs
[2021-06-23 05:55:26,931] {logging_mixin.py:104} INFO - [2021-06-23 05:55:26,931] {dag.py:2305} INFO - Setting next_dagrun for example_xcom to 2021-06-21 00:00:00+00:00
[2021-06-23 05:55:26,953] {scheduler_job.py:190} INFO - Processing /home/airflow/.local/lib/python3.6/site-packages/airflow/example_dags/example_xcom.py took 0.221 seconds
[2021-06-23 05:55:57,075] {scheduler_job.py:182} INFO - Started process (PID=2451) to work on /home/airflow/.local/lib/python3.6/site-packages/airflow/example_dags/example_xcom.py
[2021-06-23 05:55:57,076] {scheduler_job.py:633} INFO - Processing file /home/airflow/.local/lib/python3.6/site-packages/airflow/example_dags/example_xcom.py for tasks to queue
[2021-06-23 05:55:57,077] {logging_mixin.py:104} INFO - [2021-06-23 05:55:57,077] {dagbag.py:487} INFO - Filling up the DagBag from /home/airflow/.local/lib/python3.6/site-packages/airflow/example_dags/example_xcom.py
[2021-06-23 05:55:57,092] {scheduler_job.py:643} INFO - DAG(s) dict_keys(['example_xcom']) retrieved from /home/airflow/.local/lib/python3.6/site-packages/airflow/example_dags/example_xcom.py
[2021-06-23 05:55:57,127] {logging_mixin.py:104} INFO - [2021-06-23 05:55:57,127] {dag.py:1832} INFO - Sync 1 DAGs
[2021-06-23 05:55:57,148] {logging_mixin.py:104} INFO - [2021-06-23 05:55:57,148] {dag.py:2305} INFO - Setting next_dagrun for example_xcom to 2021-06-21 00:00:00+00:00
[2021-06-23 05:55:57,170] {scheduler_job.py:190} INFO - Processing /home/airflow/.local/lib/python3.6/site-packages/airflow/example_dags/example_xcom.py took 0.099 seconds
[2021-06-23 05:56:27,359] {scheduler_job.py:182} INFO - Started process (PID=2514) to work on /home/airflow/.local/lib/python3.6/site-packages/airflow/example_dags/example_xcom.py
[2021-06-23 05:56:27,360] {scheduler_job.py:633} INFO - Processing file /home/airflow/.local/lib/python3.6/site-packages/airflow/example_dags/example_xcom.py for tasks to queue
[2021-06-23 05:56:27,361] {logging_mixin.py:104} INFO - [2021-06-23 05:56:27,361] {dagbag.py:487} INFO - Filling up the DagBag from /home/airflow/.local/lib/python3.6/site-packages/airflow/example_dags/example_xcom.py
[2021-06-23 05:56:27,376] {scheduler_job.py:643} INFO - DAG(s) dict_keys(['example_xcom']) retrieved from /home/airflow/.local/lib/python3.6/site-packages/airflow/example_dags/example_xcom.py
[2021-06-23 05:56:27,401] {logging_mixin.py:104} INFO - [2021-06-23 05:56:27,401] {dag.py:1832} INFO - Sync 1 DAGs
[2021-06-23 05:56:27,426] {logging_mixin.py:104} INFO - [2021-06-23 05:56:27,425] {dag.py:2305} INFO - Setting next_dagrun for example_xcom to 2021-06-21 00:00:00+00:00
[2021-06-23 05:56:27,442] {scheduler_job.py:190} INFO - Processing /home/airflow/.local/lib/python3.6/site-packages/airflow/example_dags/example_xcom.py took 0.086 seconds
[2021-06-23 05:56:57,779] {scheduler_job.py:182} INFO - Started process (PID=2580) to work on /home/airflow/.local/lib/python3.6/site-packages/airflow/example_dags/example_xcom.py
[2021-06-23 05:56:57,782] {scheduler_job.py:633} INFO - Processing file /home/airflow/.local/lib/python3.6/site-packages/airflow/example_dags/example_xcom.py for tasks to queue
[2021-06-23 05:56:57,783] {logging_mixin.py:104} INFO - [2021-06-23 05:56:57,783] {dagbag.py:487} INFO - Filling up the DagBag from /home/airflow/.local/lib/python3.6/site-packages/airflow/example_dags/example_xcom.py
[2021-06-23 05:56:57,812] {scheduler_job.py:643} INFO - DAG(s) dict_keys(['example_xcom']) retrieved from /home/airflow/.local/lib/python3.6/site-packages/airflow/example_dags/example_xcom.py
[2021-06-23 05:56:57,849] {logging_mixin.py:104} INFO - [2021-06-23 05:56:57,848] {dag.py:1832} INFO - Sync 1 DAGs
[2021-06-23 05:56:57,873] {logging_mixin.py:104} INFO - [2021-06-23 05:56:57,873] {dag.py:2305} INFO - Setting next_dagrun for example_xcom to 2021-06-21 00:00:00+00:00
[2021-06-23 05:56:57,900] {scheduler_job.py:190} INFO - Processing /home/airflow/.local/lib/python3.6/site-packages/airflow/example_dags/example_xcom.py took 0.127 seconds
[2021-06-23 05:57:28,013] {scheduler_job.py:182} INFO - Started process (PID=2642) to work on /home/airflow/.local/lib/python3.6/site-packages/airflow/example_dags/example_xcom.py
[2021-06-23 05:57:28,017] {scheduler_job.py:633} INFO - Processing file /home/airflow/.local/lib/python3.6/site-packages/airflow/example_dags/example_xcom.py for tasks to queue
[2021-06-23 05:57:28,018] {logging_mixin.py:104} INFO - [2021-06-23 05:57:28,017] {dagbag.py:487} INFO - Filling up the DagBag from /home/airflow/.local/lib/python3.6/site-packages/airflow/example_dags/example_xcom.py
[2021-06-23 05:57:28,035] {scheduler_job.py:643} INFO - DAG(s) dict_keys(['example_xcom']) retrieved from /home/airflow/.local/lib/python3.6/site-packages/airflow/example_dags/example_xcom.py
[2021-06-23 05:57:28,070] {logging_mixin.py:104} INFO - [2021-06-23 05:57:28,070] {dag.py:1832} INFO - Sync 1 DAGs
[2021-06-23 05:57:28,093] {logging_mixin.py:104} INFO - [2021-06-23 05:57:28,093] {dag.py:2305} INFO - Setting next_dagrun for example_xcom to 2021-06-21 00:00:00+00:00
[2021-06-23 05:57:28,112] {scheduler_job.py:190} INFO - Processing /home/airflow/.local/lib/python3.6/site-packages/airflow/example_dags/example_xcom.py took 0.104 seconds
[2021-06-23 05:57:58,293] {scheduler_job.py:182} INFO - Started process (PID=2704) to work on /home/airflow/.local/lib/python3.6/site-packages/airflow/example_dags/example_xcom.py
[2021-06-23 05:57:58,299] {scheduler_job.py:633} INFO - Processing file /home/airflow/.local/lib/python3.6/site-packages/airflow/example_dags/example_xcom.py for tasks to queue
[2021-06-23 05:57:58,303] {logging_mixin.py:104} INFO - [2021-06-23 05:57:58,300] {dagbag.py:487} INFO - Filling up the DagBag from /home/airflow/.local/lib/python3.6/site-packages/airflow/example_dags/example_xcom.py
[2021-06-23 05:57:58,322] {scheduler_job.py:643} INFO - DAG(s) dict_keys(['example_xcom']) retrieved from /home/airflow/.local/lib/python3.6/site-packages/airflow/example_dags/example_xcom.py
[2021-06-23 05:57:58,360] {logging_mixin.py:104} INFO - [2021-06-23 05:57:58,359] {dag.py:1832} INFO - Sync 1 DAGs
[2021-06-23 05:57:58,389] {logging_mixin.py:104} INFO - [2021-06-23 05:57:58,389] {dag.py:2305} INFO - Setting next_dagrun for example_xcom to 2021-06-21 00:00:00+00:00
[2021-06-23 05:57:58,408] {scheduler_job.py:190} INFO - Processing /home/airflow/.local/lib/python3.6/site-packages/airflow/example_dags/example_xcom.py took 0.123 seconds
[2021-06-23 05:58:28,516] {scheduler_job.py:182} INFO - Started process (PID=2767) to work on /home/airflow/.local/lib/python3.6/site-packages/airflow/example_dags/example_xcom.py
[2021-06-23 05:58:28,518] {scheduler_job.py:633} INFO - Processing file /home/airflow/.local/lib/python3.6/site-packages/airflow/example_dags/example_xcom.py for tasks to queue
[2021-06-23 05:58:28,519] {logging_mixin.py:104} INFO - [2021-06-23 05:58:28,519] {dagbag.py:487} INFO - Filling up the DagBag from /home/airflow/.local/lib/python3.6/site-packages/airflow/example_dags/example_xcom.py
[2021-06-23 05:58:28,545] {scheduler_job.py:643} INFO - DAG(s) dict_keys(['example_xcom']) retrieved from /home/airflow/.local/lib/python3.6/site-packages/airflow/example_dags/example_xcom.py
[2021-06-23 05:58:28,609] {logging_mixin.py:104} INFO - [2021-06-23 05:58:28,608] {dag.py:1832} INFO - Sync 1 DAGs
[2021-06-23 05:58:28,636] {logging_mixin.py:104} INFO - [2021-06-23 05:58:28,636] {dag.py:2305} INFO - Setting next_dagrun for example_xcom to 2021-06-21 00:00:00+00:00
[2021-06-23 05:58:28,663] {scheduler_job.py:190} INFO - Processing /home/airflow/.local/lib/python3.6/site-packages/airflow/example_dags/example_xcom.py took 0.151 seconds
[2021-06-23 05:58:59,220] {scheduler_job.py:182} INFO - Started process (PID=2831) to work on /home/airflow/.local/lib/python3.6/site-packages/airflow/example_dags/example_xcom.py
[2021-06-23 05:58:59,228] {scheduler_job.py:633} INFO - Processing file /home/airflow/.local/lib/python3.6/site-packages/airflow/example_dags/example_xcom.py for tasks to queue
[2021-06-23 05:58:59,229] {logging_mixin.py:104} INFO - [2021-06-23 05:58:59,229] {dagbag.py:487} INFO - Filling up the DagBag from /home/airflow/.local/lib/python3.6/site-packages/airflow/example_dags/example_xcom.py
[2021-06-23 05:58:59,250] {scheduler_job.py:643} INFO - DAG(s) dict_keys(['example_xcom']) retrieved from /home/airflow/.local/lib/python3.6/site-packages/airflow/example_dags/example_xcom.py
[2021-06-23 05:58:59,287] {logging_mixin.py:104} INFO - [2021-06-23 05:58:59,287] {dag.py:1832} INFO - Sync 1 DAGs
[2021-06-23 05:58:59,330] {logging_mixin.py:104} INFO - [2021-06-23 05:58:59,330] {dag.py:2305} INFO - Setting next_dagrun for example_xcom to 2021-06-21 00:00:00+00:00
[2021-06-23 05:58:59,356] {scheduler_job.py:190} INFO - Processing /home/airflow/.local/lib/python3.6/site-packages/airflow/example_dags/example_xcom.py took 0.142 seconds
[2021-06-23 05:59:30,002] {scheduler_job.py:182} INFO - Started process (PID=2907) to work on /home/airflow/.local/lib/python3.6/site-packages/airflow/example_dags/example_xcom.py
[2021-06-23 05:59:30,005] {scheduler_job.py:633} INFO - Processing file /home/airflow/.local/lib/python3.6/site-packages/airflow/example_dags/example_xcom.py for tasks to queue
[2021-06-23 05:59:30,010] {logging_mixin.py:104} INFO - [2021-06-23 05:59:30,010] {dagbag.py:487} INFO - Filling up the DagBag from /home/airflow/.local/lib/python3.6/site-packages/airflow/example_dags/example_xcom.py
[2021-06-23 05:59:30,044] {scheduler_job.py:643} INFO - DAG(s) dict_keys(['example_xcom']) retrieved from /home/airflow/.local/lib/python3.6/site-packages/airflow/example_dags/example_xcom.py
[2021-06-23 05:59:30,095] {logging_mixin.py:104} INFO - [2021-06-23 05:59:30,095] {dag.py:1832} INFO - Sync 1 DAGs
[2021-06-23 05:59:30,135] {logging_mixin.py:104} INFO - [2021-06-23 05:59:30,135] {dag.py:2305} INFO - Setting next_dagrun for example_xcom to 2021-06-21 00:00:00+00:00
[2021-06-23 05:59:30,170] {scheduler_job.py:190} INFO - Processing /home/airflow/.local/lib/python3.6/site-packages/airflow/example_dags/example_xcom.py took 0.175 seconds
[2021-06-23 06:00:01,022] {scheduler_job.py:182} INFO - Started process (PID=2972) to work on /home/airflow/.local/lib/python3.6/site-packages/airflow/example_dags/example_xcom.py
[2021-06-23 06:00:01,024] {scheduler_job.py:633} INFO - Processing file /home/airflow/.local/lib/python3.6/site-packages/airflow/example_dags/example_xcom.py for tasks to queue
[2021-06-23 06:00:01,026] {logging_mixin.py:104} INFO - [2021-06-23 06:00:01,026] {dagbag.py:487} INFO - Filling up the DagBag from /home/airflow/.local/lib/python3.6/site-packages/airflow/example_dags/example_xcom.py
[2021-06-23 06:00:01,045] {scheduler_job.py:643} INFO - DAG(s) dict_keys(['example_xcom']) retrieved from /home/airflow/.local/lib/python3.6/site-packages/airflow/example_dags/example_xcom.py
[2021-06-23 06:00:01,074] {logging_mixin.py:104} INFO - [2021-06-23 06:00:01,074] {dag.py:1832} INFO - Sync 1 DAGs
[2021-06-23 06:00:01,100] {logging_mixin.py:104} INFO - [2021-06-23 06:00:01,100] {dag.py:2305} INFO - Setting next_dagrun for example_xcom to 2021-06-21 00:00:00+00:00
[2021-06-23 06:00:01,117] {scheduler_job.py:190} INFO - Processing /home/airflow/.local/lib/python3.6/site-packages/airflow/example_dags/example_xcom.py took 0.098 seconds
[2021-06-23 06:00:31,522] {scheduler_job.py:182} INFO - Started process (PID=3032) to work on /home/airflow/.local/lib/python3.6/site-packages/airflow/example_dags/example_xcom.py
[2021-06-23 06:00:31,523] {scheduler_job.py:633} INFO - Processing file /home/airflow/.local/lib/python3.6/site-packages/airflow/example_dags/example_xcom.py for tasks to queue
[2021-06-23 06:00:31,524] {logging_mixin.py:104} INFO - [2021-06-23 06:00:31,524] {dagbag.py:487} INFO - Filling up the DagBag from /home/airflow/.local/lib/python3.6/site-packages/airflow/example_dags/example_xcom.py
[2021-06-23 06:00:31,565] {scheduler_job.py:643} INFO - DAG(s) dict_keys(['example_xcom']) retrieved from /home/airflow/.local/lib/python3.6/site-packages/airflow/example_dags/example_xcom.py
[2021-06-23 06:00:31,617] {logging_mixin.py:104} INFO - [2021-06-23 06:00:31,617] {dag.py:1832} INFO - Sync 1 DAGs
[2021-06-23 06:00:31,655] {logging_mixin.py:104} INFO - [2021-06-23 06:00:31,655] {dag.py:2305} INFO - Setting next_dagrun for example_xcom to 2021-06-21 00:00:00+00:00
[2021-06-23 06:00:31,686] {scheduler_job.py:190} INFO - Processing /home/airflow/.local/lib/python3.6/site-packages/airflow/example_dags/example_xcom.py took 0.179 seconds
