[2021-06-23 05:37:24,559] {scheduler_job.py:182} INFO - Started process (PID=99) to work on /home/airflow/.local/lib/python3.6/site-packages/airflow/example_dags/example_xcomargs.py
[2021-06-23 05:37:24,572] {scheduler_job.py:633} INFO - Processing file /home/airflow/.local/lib/python3.6/site-packages/airflow/example_dags/example_xcomargs.py for tasks to queue
[2021-06-23 05:37:24,573] {logging_mixin.py:104} INFO - [2021-06-23 05:37:24,573] {dagbag.py:487} INFO - Filling up the DagBag from /home/airflow/.local/lib/python3.6/site-packages/airflow/example_dags/example_xcomargs.py
[2021-06-23 05:37:24,733] {scheduler_job.py:643} INFO - DAG(s) dict_keys(['example_xcom_args', 'example_xcom_args_with_operators']) retrieved from /home/airflow/.local/lib/python3.6/site-packages/airflow/example_dags/example_xcomargs.py
[2021-06-23 05:37:26,344] {logging_mixin.py:104} INFO - [2021-06-23 05:37:26,344] {dag.py:1832} INFO - Sync 2 DAGs
[2021-06-23 05:37:26,374] {logging_mixin.py:104} INFO - [2021-06-23 05:37:26,374] {dag.py:2305} INFO - Setting next_dagrun for example_xcom_args to None
[2021-06-23 05:37:26,390] {logging_mixin.py:104} INFO - [2021-06-23 05:37:26,390] {dag.py:2305} INFO - Setting next_dagrun for example_xcom_args_with_operators to None
[2021-06-23 05:37:26,436] {scheduler_job.py:190} INFO - Processing /home/airflow/.local/lib/python3.6/site-packages/airflow/example_dags/example_xcomargs.py took 1.882 seconds
[2021-06-23 05:37:56,850] {scheduler_job.py:182} INFO - Started process (PID=157) to work on /home/airflow/.local/lib/python3.6/site-packages/airflow/example_dags/example_xcomargs.py
[2021-06-23 05:37:56,859] {scheduler_job.py:633} INFO - Processing file /home/airflow/.local/lib/python3.6/site-packages/airflow/example_dags/example_xcomargs.py for tasks to queue
[2021-06-23 05:37:56,860] {logging_mixin.py:104} INFO - [2021-06-23 05:37:56,860] {dagbag.py:487} INFO - Filling up the DagBag from /home/airflow/.local/lib/python3.6/site-packages/airflow/example_dags/example_xcomargs.py
[2021-06-23 05:37:56,896] {scheduler_job.py:643} INFO - DAG(s) dict_keys(['example_xcom_args', 'example_xcom_args_with_operators']) retrieved from /home/airflow/.local/lib/python3.6/site-packages/airflow/example_dags/example_xcomargs.py
[2021-06-23 05:37:57,681] {logging_mixin.py:104} INFO - [2021-06-23 05:37:57,680] {dag.py:1832} INFO - Sync 2 DAGs
[2021-06-23 05:37:57,722] {logging_mixin.py:104} INFO - [2021-06-23 05:37:57,722] {dag.py:2305} INFO - Setting next_dagrun for example_xcom_args to None
[2021-06-23 05:37:57,724] {logging_mixin.py:104} INFO - [2021-06-23 05:37:57,724] {dag.py:2305} INFO - Setting next_dagrun for example_xcom_args_with_operators to None
[2021-06-23 05:37:57,755] {scheduler_job.py:190} INFO - Processing /home/airflow/.local/lib/python3.6/site-packages/airflow/example_dags/example_xcomargs.py took 0.920 seconds
[2021-06-23 05:38:28,438] {scheduler_job.py:182} INFO - Started process (PID=227) to work on /home/airflow/.local/lib/python3.6/site-packages/airflow/example_dags/example_xcomargs.py
[2021-06-23 05:38:28,447] {scheduler_job.py:633} INFO - Processing file /home/airflow/.local/lib/python3.6/site-packages/airflow/example_dags/example_xcomargs.py for tasks to queue
[2021-06-23 05:38:28,450] {logging_mixin.py:104} INFO - [2021-06-23 05:38:28,450] {dagbag.py:487} INFO - Filling up the DagBag from /home/airflow/.local/lib/python3.6/site-packages/airflow/example_dags/example_xcomargs.py
[2021-06-23 05:38:28,521] {scheduler_job.py:643} INFO - DAG(s) dict_keys(['example_xcom_args', 'example_xcom_args_with_operators']) retrieved from /home/airflow/.local/lib/python3.6/site-packages/airflow/example_dags/example_xcomargs.py
[2021-06-23 05:38:29,449] {logging_mixin.py:104} INFO - [2021-06-23 05:38:29,449] {dag.py:1832} INFO - Sync 2 DAGs
[2021-06-23 05:38:29,512] {logging_mixin.py:104} INFO - [2021-06-23 05:38:29,511] {dag.py:2305} INFO - Setting next_dagrun for example_xcom_args to None
[2021-06-23 05:38:29,513] {logging_mixin.py:104} INFO - [2021-06-23 05:38:29,513] {dag.py:2305} INFO - Setting next_dagrun for example_xcom_args_with_operators to None
[2021-06-23 05:38:29,543] {scheduler_job.py:190} INFO - Processing /home/airflow/.local/lib/python3.6/site-packages/airflow/example_dags/example_xcomargs.py took 1.110 seconds
[2021-06-23 05:39:00,027] {scheduler_job.py:182} INFO - Started process (PID=291) to work on /home/airflow/.local/lib/python3.6/site-packages/airflow/example_dags/example_xcomargs.py
[2021-06-23 05:39:00,031] {scheduler_job.py:633} INFO - Processing file /home/airflow/.local/lib/python3.6/site-packages/airflow/example_dags/example_xcomargs.py for tasks to queue
[2021-06-23 05:39:00,032] {logging_mixin.py:104} INFO - [2021-06-23 05:39:00,031] {dagbag.py:487} INFO - Filling up the DagBag from /home/airflow/.local/lib/python3.6/site-packages/airflow/example_dags/example_xcomargs.py
[2021-06-23 05:39:00,074] {scheduler_job.py:643} INFO - DAG(s) dict_keys(['example_xcom_args', 'example_xcom_args_with_operators']) retrieved from /home/airflow/.local/lib/python3.6/site-packages/airflow/example_dags/example_xcomargs.py
[2021-06-23 05:39:00,159] {logging_mixin.py:104} INFO - [2021-06-23 05:39:00,159] {dag.py:1832} INFO - Sync 2 DAGs
[2021-06-23 05:39:00,186] {logging_mixin.py:104} INFO - [2021-06-23 05:39:00,186] {dag.py:2305} INFO - Setting next_dagrun for example_xcom_args to None
[2021-06-23 05:39:00,188] {logging_mixin.py:104} INFO - [2021-06-23 05:39:00,187] {dag.py:2305} INFO - Setting next_dagrun for example_xcom_args_with_operators to None
[2021-06-23 05:39:00,208] {scheduler_job.py:190} INFO - Processing /home/airflow/.local/lib/python3.6/site-packages/airflow/example_dags/example_xcomargs.py took 0.196 seconds
[2021-06-23 05:39:30,582] {scheduler_job.py:182} INFO - Started process (PID=352) to work on /home/airflow/.local/lib/python3.6/site-packages/airflow/example_dags/example_xcomargs.py
[2021-06-23 05:39:30,585] {scheduler_job.py:633} INFO - Processing file /home/airflow/.local/lib/python3.6/site-packages/airflow/example_dags/example_xcomargs.py for tasks to queue
[2021-06-23 05:39:30,586] {logging_mixin.py:104} INFO - [2021-06-23 05:39:30,586] {dagbag.py:487} INFO - Filling up the DagBag from /home/airflow/.local/lib/python3.6/site-packages/airflow/example_dags/example_xcomargs.py
[2021-06-23 05:39:30,683] {scheduler_job.py:643} INFO - DAG(s) dict_keys(['example_xcom_args', 'example_xcom_args_with_operators']) retrieved from /home/airflow/.local/lib/python3.6/site-packages/airflow/example_dags/example_xcomargs.py
[2021-06-23 05:39:31,604] {logging_mixin.py:104} INFO - [2021-06-23 05:39:31,603] {dag.py:1832} INFO - Sync 2 DAGs
[2021-06-23 05:39:31,720] {logging_mixin.py:104} INFO - [2021-06-23 05:39:31,720] {dag.py:2305} INFO - Setting next_dagrun for example_xcom_args to None
[2021-06-23 05:39:31,730] {logging_mixin.py:104} INFO - [2021-06-23 05:39:31,730] {dag.py:2305} INFO - Setting next_dagrun for example_xcom_args_with_operators to None
[2021-06-23 05:39:31,839] {scheduler_job.py:190} INFO - Processing /home/airflow/.local/lib/python3.6/site-packages/airflow/example_dags/example_xcomargs.py took 1.265 seconds
[2021-06-23 05:40:02,808] {scheduler_job.py:182} INFO - Started process (PID=427) to work on /home/airflow/.local/lib/python3.6/site-packages/airflow/example_dags/example_xcomargs.py
[2021-06-23 05:40:02,816] {scheduler_job.py:633} INFO - Processing file /home/airflow/.local/lib/python3.6/site-packages/airflow/example_dags/example_xcomargs.py for tasks to queue
[2021-06-23 05:40:02,843] {logging_mixin.py:104} INFO - [2021-06-23 05:40:02,843] {dagbag.py:487} INFO - Filling up the DagBag from /home/airflow/.local/lib/python3.6/site-packages/airflow/example_dags/example_xcomargs.py
[2021-06-23 05:40:02,959] {scheduler_job.py:643} INFO - DAG(s) dict_keys(['example_xcom_args', 'example_xcom_args_with_operators']) retrieved from /home/airflow/.local/lib/python3.6/site-packages/airflow/example_dags/example_xcomargs.py
[2021-06-23 05:40:03,856] {logging_mixin.py:104} INFO - [2021-06-23 05:40:03,856] {dag.py:1832} INFO - Sync 2 DAGs
[2021-06-23 05:40:03,946] {logging_mixin.py:104} INFO - [2021-06-23 05:40:03,946] {dag.py:2305} INFO - Setting next_dagrun for example_xcom_args to None
[2021-06-23 05:40:03,956] {logging_mixin.py:104} INFO - [2021-06-23 05:40:03,956] {dag.py:2305} INFO - Setting next_dagrun for example_xcom_args_with_operators to None
[2021-06-23 05:40:04,055] {scheduler_job.py:190} INFO - Processing /home/airflow/.local/lib/python3.6/site-packages/airflow/example_dags/example_xcomargs.py took 1.277 seconds
[2021-06-23 05:40:34,851] {scheduler_job.py:182} INFO - Started process (PID=493) to work on /home/airflow/.local/lib/python3.6/site-packages/airflow/example_dags/example_xcomargs.py
[2021-06-23 05:40:34,853] {scheduler_job.py:633} INFO - Processing file /home/airflow/.local/lib/python3.6/site-packages/airflow/example_dags/example_xcomargs.py for tasks to queue
[2021-06-23 05:40:34,855] {logging_mixin.py:104} INFO - [2021-06-23 05:40:34,855] {dagbag.py:487} INFO - Filling up the DagBag from /home/airflow/.local/lib/python3.6/site-packages/airflow/example_dags/example_xcomargs.py
[2021-06-23 05:40:34,927] {scheduler_job.py:643} INFO - DAG(s) dict_keys(['example_xcom_args', 'example_xcom_args_with_operators']) retrieved from /home/airflow/.local/lib/python3.6/site-packages/airflow/example_dags/example_xcomargs.py
[2021-06-23 05:40:35,055] {logging_mixin.py:104} INFO - [2021-06-23 05:40:35,055] {dag.py:1832} INFO - Sync 2 DAGs
[2021-06-23 05:40:35,142] {logging_mixin.py:104} INFO - [2021-06-23 05:40:35,142] {dag.py:2305} INFO - Setting next_dagrun for example_xcom_args to None
[2021-06-23 05:40:35,143] {logging_mixin.py:104} INFO - [2021-06-23 05:40:35,143] {dag.py:2305} INFO - Setting next_dagrun for example_xcom_args_with_operators to None
[2021-06-23 05:40:35,242] {scheduler_job.py:190} INFO - Processing /home/airflow/.local/lib/python3.6/site-packages/airflow/example_dags/example_xcomargs.py took 0.396 seconds
[2021-06-23 05:41:05,393] {scheduler_job.py:182} INFO - Started process (PID=555) to work on /home/airflow/.local/lib/python3.6/site-packages/airflow/example_dags/example_xcomargs.py
[2021-06-23 05:41:05,395] {scheduler_job.py:633} INFO - Processing file /home/airflow/.local/lib/python3.6/site-packages/airflow/example_dags/example_xcomargs.py for tasks to queue
[2021-06-23 05:41:05,396] {logging_mixin.py:104} INFO - [2021-06-23 05:41:05,396] {dagbag.py:487} INFO - Filling up the DagBag from /home/airflow/.local/lib/python3.6/site-packages/airflow/example_dags/example_xcomargs.py
[2021-06-23 05:41:05,469] {scheduler_job.py:643} INFO - DAG(s) dict_keys(['example_xcom_args', 'example_xcom_args_with_operators']) retrieved from /home/airflow/.local/lib/python3.6/site-packages/airflow/example_dags/example_xcomargs.py
[2021-06-23 05:41:06,107] {logging_mixin.py:104} INFO - [2021-06-23 05:41:06,106] {dag.py:1832} INFO - Sync 2 DAGs
[2021-06-23 05:41:06,133] {logging_mixin.py:104} INFO - [2021-06-23 05:41:06,133] {dag.py:2305} INFO - Setting next_dagrun for example_xcom_args to None
[2021-06-23 05:41:06,134] {logging_mixin.py:104} INFO - [2021-06-23 05:41:06,134] {dag.py:2305} INFO - Setting next_dagrun for example_xcom_args_with_operators to None
[2021-06-23 05:41:06,169] {scheduler_job.py:190} INFO - Processing /home/airflow/.local/lib/python3.6/site-packages/airflow/example_dags/example_xcomargs.py took 0.794 seconds
[2021-06-23 05:41:36,494] {scheduler_job.py:182} INFO - Started process (PID=624) to work on /home/airflow/.local/lib/python3.6/site-packages/airflow/example_dags/example_xcomargs.py
[2021-06-23 05:41:36,495] {scheduler_job.py:633} INFO - Processing file /home/airflow/.local/lib/python3.6/site-packages/airflow/example_dags/example_xcomargs.py for tasks to queue
[2021-06-23 05:41:36,496] {logging_mixin.py:104} INFO - [2021-06-23 05:41:36,496] {dagbag.py:487} INFO - Filling up the DagBag from /home/airflow/.local/lib/python3.6/site-packages/airflow/example_dags/example_xcomargs.py
[2021-06-23 05:41:36,529] {scheduler_job.py:643} INFO - DAG(s) dict_keys(['example_xcom_args', 'example_xcom_args_with_operators']) retrieved from /home/airflow/.local/lib/python3.6/site-packages/airflow/example_dags/example_xcomargs.py
[2021-06-23 05:41:36,998] {logging_mixin.py:104} INFO - [2021-06-23 05:41:36,998] {dag.py:1832} INFO - Sync 2 DAGs
[2021-06-23 05:41:37,017] {logging_mixin.py:104} INFO - [2021-06-23 05:41:37,017] {dag.py:2305} INFO - Setting next_dagrun for example_xcom_args to None
[2021-06-23 05:41:37,018] {logging_mixin.py:104} INFO - [2021-06-23 05:41:37,018] {dag.py:2305} INFO - Setting next_dagrun for example_xcom_args_with_operators to None
[2021-06-23 05:41:37,042] {scheduler_job.py:190} INFO - Processing /home/airflow/.local/lib/python3.6/site-packages/airflow/example_dags/example_xcomargs.py took 0.553 seconds
[2021-06-23 05:42:07,083] {scheduler_job.py:182} INFO - Started process (PID=685) to work on /home/airflow/.local/lib/python3.6/site-packages/airflow/example_dags/example_xcomargs.py
[2021-06-23 05:42:07,085] {scheduler_job.py:633} INFO - Processing file /home/airflow/.local/lib/python3.6/site-packages/airflow/example_dags/example_xcomargs.py for tasks to queue
[2021-06-23 05:42:07,086] {logging_mixin.py:104} INFO - [2021-06-23 05:42:07,086] {dagbag.py:487} INFO - Filling up the DagBag from /home/airflow/.local/lib/python3.6/site-packages/airflow/example_dags/example_xcomargs.py
[2021-06-23 05:42:07,114] {scheduler_job.py:643} INFO - DAG(s) dict_keys(['example_xcom_args', 'example_xcom_args_with_operators']) retrieved from /home/airflow/.local/lib/python3.6/site-packages/airflow/example_dags/example_xcomargs.py
[2021-06-23 05:42:07,592] {logging_mixin.py:104} INFO - [2021-06-23 05:42:07,592] {dag.py:1832} INFO - Sync 2 DAGs
[2021-06-23 05:42:07,614] {logging_mixin.py:104} INFO - [2021-06-23 05:42:07,614] {dag.py:2305} INFO - Setting next_dagrun for example_xcom_args to None
[2021-06-23 05:42:07,618] {logging_mixin.py:104} INFO - [2021-06-23 05:42:07,618] {dag.py:2305} INFO - Setting next_dagrun for example_xcom_args_with_operators to None
[2021-06-23 05:42:07,643] {scheduler_job.py:190} INFO - Processing /home/airflow/.local/lib/python3.6/site-packages/airflow/example_dags/example_xcomargs.py took 0.563 seconds
[2021-06-23 05:42:38,303] {scheduler_job.py:182} INFO - Started process (PID=747) to work on /home/airflow/.local/lib/python3.6/site-packages/airflow/example_dags/example_xcomargs.py
[2021-06-23 05:42:38,306] {scheduler_job.py:633} INFO - Processing file /home/airflow/.local/lib/python3.6/site-packages/airflow/example_dags/example_xcomargs.py for tasks to queue
[2021-06-23 05:42:38,307] {logging_mixin.py:104} INFO - [2021-06-23 05:42:38,307] {dagbag.py:487} INFO - Filling up the DagBag from /home/airflow/.local/lib/python3.6/site-packages/airflow/example_dags/example_xcomargs.py
[2021-06-23 05:42:38,339] {scheduler_job.py:643} INFO - DAG(s) dict_keys(['example_xcom_args', 'example_xcom_args_with_operators']) retrieved from /home/airflow/.local/lib/python3.6/site-packages/airflow/example_dags/example_xcomargs.py
[2021-06-23 05:42:38,867] {logging_mixin.py:104} INFO - [2021-06-23 05:42:38,866] {dag.py:1832} INFO - Sync 2 DAGs
[2021-06-23 05:42:38,891] {logging_mixin.py:104} INFO - [2021-06-23 05:42:38,891] {dag.py:2305} INFO - Setting next_dagrun for example_xcom_args to None
[2021-06-23 05:42:38,897] {logging_mixin.py:104} INFO - [2021-06-23 05:42:38,897] {dag.py:2305} INFO - Setting next_dagrun for example_xcom_args_with_operators to None
[2021-06-23 05:42:38,951] {scheduler_job.py:190} INFO - Processing /home/airflow/.local/lib/python3.6/site-packages/airflow/example_dags/example_xcomargs.py took 0.651 seconds
[2021-06-23 05:43:09,037] {scheduler_job.py:182} INFO - Started process (PID=818) to work on /home/airflow/.local/lib/python3.6/site-packages/airflow/example_dags/example_xcomargs.py
[2021-06-23 05:43:09,039] {scheduler_job.py:633} INFO - Processing file /home/airflow/.local/lib/python3.6/site-packages/airflow/example_dags/example_xcomargs.py for tasks to queue
[2021-06-23 05:43:09,059] {logging_mixin.py:104} INFO - [2021-06-23 05:43:09,058] {dagbag.py:487} INFO - Filling up the DagBag from /home/airflow/.local/lib/python3.6/site-packages/airflow/example_dags/example_xcomargs.py
[2021-06-23 05:43:09,120] {scheduler_job.py:643} INFO - DAG(s) dict_keys(['example_xcom_args', 'example_xcom_args_with_operators']) retrieved from /home/airflow/.local/lib/python3.6/site-packages/airflow/example_dags/example_xcomargs.py
[2021-06-23 05:43:10,138] {logging_mixin.py:104} INFO - [2021-06-23 05:43:10,137] {dag.py:1832} INFO - Sync 2 DAGs
[2021-06-23 05:43:10,166] {logging_mixin.py:104} INFO - [2021-06-23 05:43:10,166] {dag.py:2305} INFO - Setting next_dagrun for example_xcom_args to None
[2021-06-23 05:43:10,174] {logging_mixin.py:104} INFO - [2021-06-23 05:43:10,174] {dag.py:2305} INFO - Setting next_dagrun for example_xcom_args_with_operators to None
[2021-06-23 05:43:10,212] {scheduler_job.py:190} INFO - Processing /home/airflow/.local/lib/python3.6/site-packages/airflow/example_dags/example_xcomargs.py took 1.180 seconds
[2021-06-23 05:43:41,013] {scheduler_job.py:182} INFO - Started process (PID=892) to work on /home/airflow/.local/lib/python3.6/site-packages/airflow/example_dags/example_xcomargs.py
[2021-06-23 05:43:41,015] {scheduler_job.py:633} INFO - Processing file /home/airflow/.local/lib/python3.6/site-packages/airflow/example_dags/example_xcomargs.py for tasks to queue
[2021-06-23 05:43:41,015] {logging_mixin.py:104} INFO - [2021-06-23 05:43:41,015] {dagbag.py:487} INFO - Filling up the DagBag from /home/airflow/.local/lib/python3.6/site-packages/airflow/example_dags/example_xcomargs.py
[2021-06-23 05:43:41,059] {scheduler_job.py:643} INFO - DAG(s) dict_keys(['example_xcom_args', 'example_xcom_args_with_operators']) retrieved from /home/airflow/.local/lib/python3.6/site-packages/airflow/example_dags/example_xcomargs.py
[2021-06-23 05:43:41,568] {logging_mixin.py:104} INFO - [2021-06-23 05:43:41,568] {dag.py:1832} INFO - Sync 2 DAGs
[2021-06-23 05:43:41,592] {logging_mixin.py:104} INFO - [2021-06-23 05:43:41,592] {dag.py:2305} INFO - Setting next_dagrun for example_xcom_args to None
[2021-06-23 05:43:41,594] {logging_mixin.py:104} INFO - [2021-06-23 05:43:41,594] {dag.py:2305} INFO - Setting next_dagrun for example_xcom_args_with_operators to None
[2021-06-23 05:43:41,630] {scheduler_job.py:190} INFO - Processing /home/airflow/.local/lib/python3.6/site-packages/airflow/example_dags/example_xcomargs.py took 0.624 seconds
[2021-06-23 05:44:11,670] {scheduler_job.py:182} INFO - Started process (PID=954) to work on /home/airflow/.local/lib/python3.6/site-packages/airflow/example_dags/example_xcomargs.py
[2021-06-23 05:44:11,672] {scheduler_job.py:633} INFO - Processing file /home/airflow/.local/lib/python3.6/site-packages/airflow/example_dags/example_xcomargs.py for tasks to queue
[2021-06-23 05:44:11,673] {logging_mixin.py:104} INFO - [2021-06-23 05:44:11,673] {dagbag.py:487} INFO - Filling up the DagBag from /home/airflow/.local/lib/python3.6/site-packages/airflow/example_dags/example_xcomargs.py
[2021-06-23 05:44:11,711] {scheduler_job.py:643} INFO - DAG(s) dict_keys(['example_xcom_args', 'example_xcom_args_with_operators']) retrieved from /home/airflow/.local/lib/python3.6/site-packages/airflow/example_dags/example_xcomargs.py
[2021-06-23 05:44:12,159] {logging_mixin.py:104} INFO - [2021-06-23 05:44:12,159] {dag.py:1832} INFO - Sync 2 DAGs
[2021-06-23 05:44:12,179] {logging_mixin.py:104} INFO - [2021-06-23 05:44:12,179] {dag.py:2305} INFO - Setting next_dagrun for example_xcom_args to None
[2021-06-23 05:44:12,180] {logging_mixin.py:104} INFO - [2021-06-23 05:44:12,180] {dag.py:2305} INFO - Setting next_dagrun for example_xcom_args_with_operators to None
[2021-06-23 05:44:12,195] {scheduler_job.py:190} INFO - Processing /home/airflow/.local/lib/python3.6/site-packages/airflow/example_dags/example_xcomargs.py took 0.531 seconds
[2021-06-23 05:44:42,742] {scheduler_job.py:182} INFO - Started process (PID=1018) to work on /home/airflow/.local/lib/python3.6/site-packages/airflow/example_dags/example_xcomargs.py
[2021-06-23 05:44:42,743] {scheduler_job.py:633} INFO - Processing file /home/airflow/.local/lib/python3.6/site-packages/airflow/example_dags/example_xcomargs.py for tasks to queue
[2021-06-23 05:44:42,744] {logging_mixin.py:104} INFO - [2021-06-23 05:44:42,744] {dagbag.py:487} INFO - Filling up the DagBag from /home/airflow/.local/lib/python3.6/site-packages/airflow/example_dags/example_xcomargs.py
[2021-06-23 05:44:42,786] {scheduler_job.py:643} INFO - DAG(s) dict_keys(['example_xcom_args', 'example_xcom_args_with_operators']) retrieved from /home/airflow/.local/lib/python3.6/site-packages/airflow/example_dags/example_xcomargs.py
[2021-06-23 05:44:43,279] {logging_mixin.py:104} INFO - [2021-06-23 05:44:43,279] {dag.py:1832} INFO - Sync 2 DAGs
[2021-06-23 05:44:43,300] {logging_mixin.py:104} INFO - [2021-06-23 05:44:43,300] {dag.py:2305} INFO - Setting next_dagrun for example_xcom_args to None
[2021-06-23 05:44:43,302] {logging_mixin.py:104} INFO - [2021-06-23 05:44:43,302] {dag.py:2305} INFO - Setting next_dagrun for example_xcom_args_with_operators to None
[2021-06-23 05:44:43,326] {scheduler_job.py:190} INFO - Processing /home/airflow/.local/lib/python3.6/site-packages/airflow/example_dags/example_xcomargs.py took 0.591 seconds
[2021-06-23 05:45:13,757] {scheduler_job.py:182} INFO - Started process (PID=1080) to work on /home/airflow/.local/lib/python3.6/site-packages/airflow/example_dags/example_xcomargs.py
[2021-06-23 05:45:13,759] {scheduler_job.py:633} INFO - Processing file /home/airflow/.local/lib/python3.6/site-packages/airflow/example_dags/example_xcomargs.py for tasks to queue
[2021-06-23 05:45:13,767] {logging_mixin.py:104} INFO - [2021-06-23 05:45:13,767] {dagbag.py:487} INFO - Filling up the DagBag from /home/airflow/.local/lib/python3.6/site-packages/airflow/example_dags/example_xcomargs.py
[2021-06-23 05:45:13,805] {scheduler_job.py:643} INFO - DAG(s) dict_keys(['example_xcom_args', 'example_xcom_args_with_operators']) retrieved from /home/airflow/.local/lib/python3.6/site-packages/airflow/example_dags/example_xcomargs.py
[2021-06-23 05:45:14,344] {logging_mixin.py:104} INFO - [2021-06-23 05:45:14,344] {dag.py:1832} INFO - Sync 2 DAGs
[2021-06-23 05:45:14,362] {logging_mixin.py:104} INFO - [2021-06-23 05:45:14,362] {dag.py:2305} INFO - Setting next_dagrun for example_xcom_args to None
[2021-06-23 05:45:14,363] {logging_mixin.py:104} INFO - [2021-06-23 05:45:14,363] {dag.py:2305} INFO - Setting next_dagrun for example_xcom_args_with_operators to None
[2021-06-23 05:45:14,387] {scheduler_job.py:190} INFO - Processing /home/airflow/.local/lib/python3.6/site-packages/airflow/example_dags/example_xcomargs.py took 0.634 seconds
[2021-06-23 05:45:45,256] {scheduler_job.py:182} INFO - Started process (PID=1143) to work on /home/airflow/.local/lib/python3.6/site-packages/airflow/example_dags/example_xcomargs.py
[2021-06-23 05:45:45,258] {scheduler_job.py:633} INFO - Processing file /home/airflow/.local/lib/python3.6/site-packages/airflow/example_dags/example_xcomargs.py for tasks to queue
[2021-06-23 05:45:45,259] {logging_mixin.py:104} INFO - [2021-06-23 05:45:45,258] {dagbag.py:487} INFO - Filling up the DagBag from /home/airflow/.local/lib/python3.6/site-packages/airflow/example_dags/example_xcomargs.py
[2021-06-23 05:45:45,295] {scheduler_job.py:643} INFO - DAG(s) dict_keys(['example_xcom_args', 'example_xcom_args_with_operators']) retrieved from /home/airflow/.local/lib/python3.6/site-packages/airflow/example_dags/example_xcomargs.py
[2021-06-23 05:45:45,878] {logging_mixin.py:104} INFO - [2021-06-23 05:45:45,878] {dag.py:1832} INFO - Sync 2 DAGs
[2021-06-23 05:45:45,908] {logging_mixin.py:104} INFO - [2021-06-23 05:45:45,908] {dag.py:2305} INFO - Setting next_dagrun for example_xcom_args to None
[2021-06-23 05:45:45,910] {logging_mixin.py:104} INFO - [2021-06-23 05:45:45,909] {dag.py:2305} INFO - Setting next_dagrun for example_xcom_args_with_operators to None
[2021-06-23 05:45:45,935] {scheduler_job.py:190} INFO - Processing /home/airflow/.local/lib/python3.6/site-packages/airflow/example_dags/example_xcomargs.py took 0.690 seconds
[2021-06-23 05:46:16,015] {scheduler_job.py:182} INFO - Started process (PID=1218) to work on /home/airflow/.local/lib/python3.6/site-packages/airflow/example_dags/example_xcomargs.py
[2021-06-23 05:46:16,017] {scheduler_job.py:633} INFO - Processing file /home/airflow/.local/lib/python3.6/site-packages/airflow/example_dags/example_xcomargs.py for tasks to queue
[2021-06-23 05:46:16,018] {logging_mixin.py:104} INFO - [2021-06-23 05:46:16,018] {dagbag.py:487} INFO - Filling up the DagBag from /home/airflow/.local/lib/python3.6/site-packages/airflow/example_dags/example_xcomargs.py
[2021-06-23 05:46:16,049] {scheduler_job.py:643} INFO - DAG(s) dict_keys(['example_xcom_args', 'example_xcom_args_with_operators']) retrieved from /home/airflow/.local/lib/python3.6/site-packages/airflow/example_dags/example_xcomargs.py
[2021-06-23 05:46:16,434] {logging_mixin.py:104} INFO - [2021-06-23 05:46:16,434] {dag.py:1832} INFO - Sync 2 DAGs
[2021-06-23 05:46:16,451] {logging_mixin.py:104} INFO - [2021-06-23 05:46:16,451] {dag.py:2305} INFO - Setting next_dagrun for example_xcom_args to None
[2021-06-23 05:46:16,452] {logging_mixin.py:104} INFO - [2021-06-23 05:46:16,452] {dag.py:2305} INFO - Setting next_dagrun for example_xcom_args_with_operators to None
[2021-06-23 05:46:16,469] {scheduler_job.py:190} INFO - Processing /home/airflow/.local/lib/python3.6/site-packages/airflow/example_dags/example_xcomargs.py took 0.458 seconds
[2021-06-23 05:46:47,412] {scheduler_job.py:182} INFO - Started process (PID=1283) to work on /home/airflow/.local/lib/python3.6/site-packages/airflow/example_dags/example_xcomargs.py
[2021-06-23 05:46:47,413] {scheduler_job.py:633} INFO - Processing file /home/airflow/.local/lib/python3.6/site-packages/airflow/example_dags/example_xcomargs.py for tasks to queue
[2021-06-23 05:46:47,414] {logging_mixin.py:104} INFO - [2021-06-23 05:46:47,414] {dagbag.py:487} INFO - Filling up the DagBag from /home/airflow/.local/lib/python3.6/site-packages/airflow/example_dags/example_xcomargs.py
[2021-06-23 05:46:47,448] {scheduler_job.py:643} INFO - DAG(s) dict_keys(['example_xcom_args', 'example_xcom_args_with_operators']) retrieved from /home/airflow/.local/lib/python3.6/site-packages/airflow/example_dags/example_xcomargs.py
[2021-06-23 05:46:48,177] {logging_mixin.py:104} INFO - [2021-06-23 05:46:48,177] {dag.py:1832} INFO - Sync 2 DAGs
[2021-06-23 05:46:48,211] {logging_mixin.py:104} INFO - [2021-06-23 05:46:48,210] {dag.py:2305} INFO - Setting next_dagrun for example_xcom_args to None
[2021-06-23 05:46:48,213] {logging_mixin.py:104} INFO - [2021-06-23 05:46:48,212] {dag.py:2305} INFO - Setting next_dagrun for example_xcom_args_with_operators to None
[2021-06-23 05:46:48,255] {scheduler_job.py:190} INFO - Processing /home/airflow/.local/lib/python3.6/site-packages/airflow/example_dags/example_xcomargs.py took 0.848 seconds
[2021-06-23 05:47:18,436] {scheduler_job.py:182} INFO - Started process (PID=1347) to work on /home/airflow/.local/lib/python3.6/site-packages/airflow/example_dags/example_xcomargs.py
[2021-06-23 05:47:18,439] {scheduler_job.py:633} INFO - Processing file /home/airflow/.local/lib/python3.6/site-packages/airflow/example_dags/example_xcomargs.py for tasks to queue
[2021-06-23 05:47:18,446] {logging_mixin.py:104} INFO - [2021-06-23 05:47:18,445] {dagbag.py:487} INFO - Filling up the DagBag from /home/airflow/.local/lib/python3.6/site-packages/airflow/example_dags/example_xcomargs.py
[2021-06-23 05:47:18,484] {scheduler_job.py:643} INFO - DAG(s) dict_keys(['example_xcom_args', 'example_xcom_args_with_operators']) retrieved from /home/airflow/.local/lib/python3.6/site-packages/airflow/example_dags/example_xcomargs.py
[2021-06-23 05:47:19,196] {logging_mixin.py:104} INFO - [2021-06-23 05:47:19,196] {dag.py:1832} INFO - Sync 2 DAGs
[2021-06-23 05:47:19,221] {logging_mixin.py:104} INFO - [2021-06-23 05:47:19,220] {dag.py:2305} INFO - Setting next_dagrun for example_xcom_args to None
[2021-06-23 05:47:19,222] {logging_mixin.py:104} INFO - [2021-06-23 05:47:19,221] {dag.py:2305} INFO - Setting next_dagrun for example_xcom_args_with_operators to None
[2021-06-23 05:47:19,260] {scheduler_job.py:190} INFO - Processing /home/airflow/.local/lib/python3.6/site-packages/airflow/example_dags/example_xcomargs.py took 0.829 seconds
[2021-06-23 05:47:49,464] {scheduler_job.py:182} INFO - Started process (PID=1410) to work on /home/airflow/.local/lib/python3.6/site-packages/airflow/example_dags/example_xcomargs.py
[2021-06-23 05:47:49,465] {scheduler_job.py:633} INFO - Processing file /home/airflow/.local/lib/python3.6/site-packages/airflow/example_dags/example_xcomargs.py for tasks to queue
[2021-06-23 05:47:49,466] {logging_mixin.py:104} INFO - [2021-06-23 05:47:49,466] {dagbag.py:487} INFO - Filling up the DagBag from /home/airflow/.local/lib/python3.6/site-packages/airflow/example_dags/example_xcomargs.py
[2021-06-23 05:47:49,496] {scheduler_job.py:643} INFO - DAG(s) dict_keys(['example_xcom_args', 'example_xcom_args_with_operators']) retrieved from /home/airflow/.local/lib/python3.6/site-packages/airflow/example_dags/example_xcomargs.py
[2021-06-23 05:47:50,101] {logging_mixin.py:104} INFO - [2021-06-23 05:47:50,101] {dag.py:1832} INFO - Sync 2 DAGs
[2021-06-23 05:47:50,121] {logging_mixin.py:104} INFO - [2021-06-23 05:47:50,121] {dag.py:2305} INFO - Setting next_dagrun for example_xcom_args to None
[2021-06-23 05:47:50,122] {logging_mixin.py:104} INFO - [2021-06-23 05:47:50,122] {dag.py:2305} INFO - Setting next_dagrun for example_xcom_args_with_operators to None
[2021-06-23 05:47:50,138] {scheduler_job.py:190} INFO - Processing /home/airflow/.local/lib/python3.6/site-packages/airflow/example_dags/example_xcomargs.py took 0.679 seconds
[2021-06-23 05:48:21,156] {scheduler_job.py:182} INFO - Started process (PID=1472) to work on /home/airflow/.local/lib/python3.6/site-packages/airflow/example_dags/example_xcomargs.py
[2021-06-23 05:48:21,157] {scheduler_job.py:633} INFO - Processing file /home/airflow/.local/lib/python3.6/site-packages/airflow/example_dags/example_xcomargs.py for tasks to queue
[2021-06-23 05:48:21,158] {logging_mixin.py:104} INFO - [2021-06-23 05:48:21,158] {dagbag.py:487} INFO - Filling up the DagBag from /home/airflow/.local/lib/python3.6/site-packages/airflow/example_dags/example_xcomargs.py
[2021-06-23 05:48:21,185] {scheduler_job.py:643} INFO - DAG(s) dict_keys(['example_xcom_args', 'example_xcom_args_with_operators']) retrieved from /home/airflow/.local/lib/python3.6/site-packages/airflow/example_dags/example_xcomargs.py
[2021-06-23 05:48:21,220] {logging_mixin.py:104} INFO - [2021-06-23 05:48:21,220] {dag.py:1832} INFO - Sync 2 DAGs
[2021-06-23 05:48:21,257] {logging_mixin.py:104} INFO - [2021-06-23 05:48:21,257] {dag.py:2305} INFO - Setting next_dagrun for example_xcom_args to None
[2021-06-23 05:48:21,262] {logging_mixin.py:104} INFO - [2021-06-23 05:48:21,262] {dag.py:2305} INFO - Setting next_dagrun for example_xcom_args_with_operators to None
[2021-06-23 05:48:21,302] {scheduler_job.py:190} INFO - Processing /home/airflow/.local/lib/python3.6/site-packages/airflow/example_dags/example_xcomargs.py took 0.151 seconds
[2021-06-23 05:48:51,670] {scheduler_job.py:182} INFO - Started process (PID=1545) to work on /home/airflow/.local/lib/python3.6/site-packages/airflow/example_dags/example_xcomargs.py
[2021-06-23 05:48:51,683] {scheduler_job.py:633} INFO - Processing file /home/airflow/.local/lib/python3.6/site-packages/airflow/example_dags/example_xcomargs.py for tasks to queue
[2021-06-23 05:48:51,685] {logging_mixin.py:104} INFO - [2021-06-23 05:48:51,684] {dagbag.py:487} INFO - Filling up the DagBag from /home/airflow/.local/lib/python3.6/site-packages/airflow/example_dags/example_xcomargs.py
[2021-06-23 05:48:51,756] {scheduler_job.py:643} INFO - DAG(s) dict_keys(['example_xcom_args', 'example_xcom_args_with_operators']) retrieved from /home/airflow/.local/lib/python3.6/site-packages/airflow/example_dags/example_xcomargs.py
[2021-06-23 05:48:52,837] {logging_mixin.py:104} INFO - [2021-06-23 05:48:52,837] {dag.py:1832} INFO - Sync 2 DAGs
[2021-06-23 05:48:52,871] {logging_mixin.py:104} INFO - [2021-06-23 05:48:52,871] {dag.py:2305} INFO - Setting next_dagrun for example_xcom_args to None
[2021-06-23 05:48:52,873] {logging_mixin.py:104} INFO - [2021-06-23 05:48:52,873] {dag.py:2305} INFO - Setting next_dagrun for example_xcom_args_with_operators to None
[2021-06-23 05:48:52,926] {scheduler_job.py:190} INFO - Processing /home/airflow/.local/lib/python3.6/site-packages/airflow/example_dags/example_xcomargs.py took 1.272 seconds
[2021-06-23 05:49:23,516] {scheduler_job.py:182} INFO - Started process (PID=1613) to work on /home/airflow/.local/lib/python3.6/site-packages/airflow/example_dags/example_xcomargs.py
[2021-06-23 05:49:23,517] {scheduler_job.py:633} INFO - Processing file /home/airflow/.local/lib/python3.6/site-packages/airflow/example_dags/example_xcomargs.py for tasks to queue
[2021-06-23 05:49:23,518] {logging_mixin.py:104} INFO - [2021-06-23 05:49:23,518] {dagbag.py:487} INFO - Filling up the DagBag from /home/airflow/.local/lib/python3.6/site-packages/airflow/example_dags/example_xcomargs.py
[2021-06-23 05:49:23,559] {scheduler_job.py:643} INFO - DAG(s) dict_keys(['example_xcom_args', 'example_xcom_args_with_operators']) retrieved from /home/airflow/.local/lib/python3.6/site-packages/airflow/example_dags/example_xcomargs.py
[2021-06-23 05:49:24,040] {logging_mixin.py:104} INFO - [2021-06-23 05:49:24,040] {dag.py:1832} INFO - Sync 2 DAGs
[2021-06-23 05:49:24,062] {logging_mixin.py:104} INFO - [2021-06-23 05:49:24,062] {dag.py:2305} INFO - Setting next_dagrun for example_xcom_args to None
[2021-06-23 05:49:24,064] {logging_mixin.py:104} INFO - [2021-06-23 05:49:24,064] {dag.py:2305} INFO - Setting next_dagrun for example_xcom_args_with_operators to None
[2021-06-23 05:49:24,082] {scheduler_job.py:190} INFO - Processing /home/airflow/.local/lib/python3.6/site-packages/airflow/example_dags/example_xcomargs.py took 0.570 seconds
[2021-06-23 05:49:54,822] {scheduler_job.py:182} INFO - Started process (PID=1675) to work on /home/airflow/.local/lib/python3.6/site-packages/airflow/example_dags/example_xcomargs.py
[2021-06-23 05:49:54,825] {scheduler_job.py:633} INFO - Processing file /home/airflow/.local/lib/python3.6/site-packages/airflow/example_dags/example_xcomargs.py for tasks to queue
[2021-06-23 05:49:54,826] {logging_mixin.py:104} INFO - [2021-06-23 05:49:54,826] {dagbag.py:487} INFO - Filling up the DagBag from /home/airflow/.local/lib/python3.6/site-packages/airflow/example_dags/example_xcomargs.py
[2021-06-23 05:49:54,873] {scheduler_job.py:643} INFO - DAG(s) dict_keys(['example_xcom_args', 'example_xcom_args_with_operators']) retrieved from /home/airflow/.local/lib/python3.6/site-packages/airflow/example_dags/example_xcomargs.py
[2021-06-23 05:49:55,653] {logging_mixin.py:104} INFO - [2021-06-23 05:49:55,653] {dag.py:1832} INFO - Sync 2 DAGs
[2021-06-23 05:49:55,735] {logging_mixin.py:104} INFO - [2021-06-23 05:49:55,734] {dag.py:2305} INFO - Setting next_dagrun for example_xcom_args to None
[2021-06-23 05:49:55,739] {logging_mixin.py:104} INFO - [2021-06-23 05:49:55,736] {dag.py:2305} INFO - Setting next_dagrun for example_xcom_args_with_operators to None
[2021-06-23 05:49:55,786] {scheduler_job.py:190} INFO - Processing /home/airflow/.local/lib/python3.6/site-packages/airflow/example_dags/example_xcomargs.py took 0.969 seconds
[2021-06-23 05:50:27,238] {scheduler_job.py:182} INFO - Started process (PID=1737) to work on /home/airflow/.local/lib/python3.6/site-packages/airflow/example_dags/example_xcomargs.py
[2021-06-23 05:50:27,241] {scheduler_job.py:633} INFO - Processing file /home/airflow/.local/lib/python3.6/site-packages/airflow/example_dags/example_xcomargs.py for tasks to queue
[2021-06-23 05:50:27,243] {logging_mixin.py:104} INFO - [2021-06-23 05:50:27,242] {dagbag.py:487} INFO - Filling up the DagBag from /home/airflow/.local/lib/python3.6/site-packages/airflow/example_dags/example_xcomargs.py
[2021-06-23 05:50:27,298] {scheduler_job.py:643} INFO - DAG(s) dict_keys(['example_xcom_args', 'example_xcom_args_with_operators']) retrieved from /home/airflow/.local/lib/python3.6/site-packages/airflow/example_dags/example_xcomargs.py
[2021-06-23 05:50:28,097] {logging_mixin.py:104} INFO - [2021-06-23 05:50:28,097] {dag.py:1832} INFO - Sync 2 DAGs
[2021-06-23 05:50:28,128] {logging_mixin.py:104} INFO - [2021-06-23 05:50:28,128] {dag.py:2305} INFO - Setting next_dagrun for example_xcom_args to None
[2021-06-23 05:50:28,133] {logging_mixin.py:104} INFO - [2021-06-23 05:50:28,132] {dag.py:2305} INFO - Setting next_dagrun for example_xcom_args_with_operators to None
[2021-06-23 05:50:28,162] {scheduler_job.py:190} INFO - Processing /home/airflow/.local/lib/python3.6/site-packages/airflow/example_dags/example_xcomargs.py took 0.936 seconds
[2021-06-23 05:50:58,815] {scheduler_job.py:182} INFO - Started process (PID=1813) to work on /home/airflow/.local/lib/python3.6/site-packages/airflow/example_dags/example_xcomargs.py
[2021-06-23 05:50:58,818] {scheduler_job.py:633} INFO - Processing file /home/airflow/.local/lib/python3.6/site-packages/airflow/example_dags/example_xcomargs.py for tasks to queue
[2021-06-23 05:50:58,819] {logging_mixin.py:104} INFO - [2021-06-23 05:50:58,819] {dagbag.py:487} INFO - Filling up the DagBag from /home/airflow/.local/lib/python3.6/site-packages/airflow/example_dags/example_xcomargs.py
[2021-06-23 05:50:58,954] {scheduler_job.py:643} INFO - DAG(s) dict_keys(['example_xcom_args', 'example_xcom_args_with_operators']) retrieved from /home/airflow/.local/lib/python3.6/site-packages/airflow/example_dags/example_xcomargs.py
[2021-06-23 05:50:59,819] {logging_mixin.py:104} INFO - [2021-06-23 05:50:59,819] {dag.py:1832} INFO - Sync 2 DAGs
[2021-06-23 05:50:59,843] {logging_mixin.py:104} INFO - [2021-06-23 05:50:59,843] {dag.py:2305} INFO - Setting next_dagrun for example_xcom_args to None
[2021-06-23 05:50:59,844] {logging_mixin.py:104} INFO - [2021-06-23 05:50:59,844] {dag.py:2305} INFO - Setting next_dagrun for example_xcom_args_with_operators to None
[2021-06-23 05:50:59,863] {scheduler_job.py:190} INFO - Processing /home/airflow/.local/lib/python3.6/site-packages/airflow/example_dags/example_xcomargs.py took 1.076 seconds
[2021-06-23 05:51:30,223] {scheduler_job.py:182} INFO - Started process (PID=1876) to work on /home/airflow/.local/lib/python3.6/site-packages/airflow/example_dags/example_xcomargs.py
[2021-06-23 05:51:30,224] {scheduler_job.py:633} INFO - Processing file /home/airflow/.local/lib/python3.6/site-packages/airflow/example_dags/example_xcomargs.py for tasks to queue
[2021-06-23 05:51:30,225] {logging_mixin.py:104} INFO - [2021-06-23 05:51:30,225] {dagbag.py:487} INFO - Filling up the DagBag from /home/airflow/.local/lib/python3.6/site-packages/airflow/example_dags/example_xcomargs.py
[2021-06-23 05:51:30,290] {scheduler_job.py:643} INFO - DAG(s) dict_keys(['example_xcom_args', 'example_xcom_args_with_operators']) retrieved from /home/airflow/.local/lib/python3.6/site-packages/airflow/example_dags/example_xcomargs.py
[2021-06-23 05:51:30,334] {logging_mixin.py:104} INFO - [2021-06-23 05:51:30,334] {dag.py:1832} INFO - Sync 2 DAGs
[2021-06-23 05:51:30,374] {logging_mixin.py:104} INFO - [2021-06-23 05:51:30,374] {dag.py:2305} INFO - Setting next_dagrun for example_xcom_args to None
[2021-06-23 05:51:30,380] {logging_mixin.py:104} INFO - [2021-06-23 05:51:30,379] {dag.py:2305} INFO - Setting next_dagrun for example_xcom_args_with_operators to None
[2021-06-23 05:51:30,408] {scheduler_job.py:190} INFO - Processing /home/airflow/.local/lib/python3.6/site-packages/airflow/example_dags/example_xcomargs.py took 0.190 seconds
[2021-06-23 05:52:00,573] {scheduler_job.py:182} INFO - Started process (PID=1942) to work on /home/airflow/.local/lib/python3.6/site-packages/airflow/example_dags/example_xcomargs.py
[2021-06-23 05:52:00,575] {scheduler_job.py:633} INFO - Processing file /home/airflow/.local/lib/python3.6/site-packages/airflow/example_dags/example_xcomargs.py for tasks to queue
[2021-06-23 05:52:00,576] {logging_mixin.py:104} INFO - [2021-06-23 05:52:00,576] {dagbag.py:487} INFO - Filling up the DagBag from /home/airflow/.local/lib/python3.6/site-packages/airflow/example_dags/example_xcomargs.py
[2021-06-23 05:52:00,623] {scheduler_job.py:643} INFO - DAG(s) dict_keys(['example_xcom_args', 'example_xcom_args_with_operators']) retrieved from /home/airflow/.local/lib/python3.6/site-packages/airflow/example_dags/example_xcomargs.py
[2021-06-23 05:52:01,849] {logging_mixin.py:104} INFO - [2021-06-23 05:52:01,849] {dag.py:1832} INFO - Sync 2 DAGs
[2021-06-23 05:52:01,876] {logging_mixin.py:104} INFO - [2021-06-23 05:52:01,876] {dag.py:2305} INFO - Setting next_dagrun for example_xcom_args to None
[2021-06-23 05:52:01,877] {logging_mixin.py:104} INFO - [2021-06-23 05:52:01,877] {dag.py:2305} INFO - Setting next_dagrun for example_xcom_args_with_operators to None
[2021-06-23 05:52:01,913] {scheduler_job.py:190} INFO - Processing /home/airflow/.local/lib/python3.6/site-packages/airflow/example_dags/example_xcomargs.py took 1.347 seconds
[2021-06-23 05:52:33,247] {scheduler_job.py:182} INFO - Started process (PID=2017) to work on /home/airflow/.local/lib/python3.6/site-packages/airflow/example_dags/example_xcomargs.py
[2021-06-23 05:52:33,248] {scheduler_job.py:633} INFO - Processing file /home/airflow/.local/lib/python3.6/site-packages/airflow/example_dags/example_xcomargs.py for tasks to queue
[2021-06-23 05:52:33,258] {logging_mixin.py:104} INFO - [2021-06-23 05:52:33,258] {dagbag.py:487} INFO - Filling up the DagBag from /home/airflow/.local/lib/python3.6/site-packages/airflow/example_dags/example_xcomargs.py
[2021-06-23 05:52:33,333] {scheduler_job.py:643} INFO - DAG(s) dict_keys(['example_xcom_args', 'example_xcom_args_with_operators']) retrieved from /home/airflow/.local/lib/python3.6/site-packages/airflow/example_dags/example_xcomargs.py
[2021-06-23 05:52:34,587] {logging_mixin.py:104} INFO - [2021-06-23 05:52:34,581] {dag.py:1832} INFO - Sync 2 DAGs
[2021-06-23 05:52:34,630] {logging_mixin.py:104} INFO - [2021-06-23 05:52:34,629] {dag.py:2305} INFO - Setting next_dagrun for example_xcom_args to None
[2021-06-23 05:52:34,641] {logging_mixin.py:104} INFO - [2021-06-23 05:52:34,641] {dag.py:2305} INFO - Setting next_dagrun for example_xcom_args_with_operators to None
[2021-06-23 05:52:34,752] {scheduler_job.py:190} INFO - Processing /home/airflow/.local/lib/python3.6/site-packages/airflow/example_dags/example_xcomargs.py took 1.549 seconds
[2021-06-23 05:53:05,530] {scheduler_job.py:182} INFO - Started process (PID=2070) to work on /home/airflow/.local/lib/python3.6/site-packages/airflow/example_dags/example_xcomargs.py
[2021-06-23 05:53:05,533] {scheduler_job.py:633} INFO - Processing file /home/airflow/.local/lib/python3.6/site-packages/airflow/example_dags/example_xcomargs.py for tasks to queue
[2021-06-23 05:53:05,534] {logging_mixin.py:104} INFO - [2021-06-23 05:53:05,534] {dagbag.py:487} INFO - Filling up the DagBag from /home/airflow/.local/lib/python3.6/site-packages/airflow/example_dags/example_xcomargs.py
[2021-06-23 05:53:05,569] {scheduler_job.py:643} INFO - DAG(s) dict_keys(['example_xcom_args', 'example_xcom_args_with_operators']) retrieved from /home/airflow/.local/lib/python3.6/site-packages/airflow/example_dags/example_xcomargs.py
[2021-06-23 05:53:06,139] {logging_mixin.py:104} INFO - [2021-06-23 05:53:06,139] {dag.py:1832} INFO - Sync 2 DAGs
[2021-06-23 05:53:06,159] {logging_mixin.py:104} INFO - [2021-06-23 05:53:06,158] {dag.py:2305} INFO - Setting next_dagrun for example_xcom_args to None
[2021-06-23 05:53:06,163] {logging_mixin.py:104} INFO - [2021-06-23 05:53:06,163] {dag.py:2305} INFO - Setting next_dagrun for example_xcom_args_with_operators to None
[2021-06-23 05:53:06,184] {scheduler_job.py:190} INFO - Processing /home/airflow/.local/lib/python3.6/site-packages/airflow/example_dags/example_xcomargs.py took 0.658 seconds
[2021-06-23 05:53:38,106] {scheduler_job.py:182} INFO - Started process (PID=2148) to work on /home/airflow/.local/lib/python3.6/site-packages/airflow/example_dags/example_xcomargs.py
[2021-06-23 05:53:38,108] {scheduler_job.py:633} INFO - Processing file /home/airflow/.local/lib/python3.6/site-packages/airflow/example_dags/example_xcomargs.py for tasks to queue
[2021-06-23 05:53:38,136] {logging_mixin.py:104} INFO - [2021-06-23 05:53:38,136] {dagbag.py:487} INFO - Filling up the DagBag from /home/airflow/.local/lib/python3.6/site-packages/airflow/example_dags/example_xcomargs.py
[2021-06-23 05:53:38,177] {scheduler_job.py:643} INFO - DAG(s) dict_keys(['example_xcom_args', 'example_xcom_args_with_operators']) retrieved from /home/airflow/.local/lib/python3.6/site-packages/airflow/example_dags/example_xcomargs.py
[2021-06-23 05:53:38,268] {logging_mixin.py:104} INFO - [2021-06-23 05:53:38,268] {dag.py:1832} INFO - Sync 2 DAGs
[2021-06-23 05:53:38,299] {logging_mixin.py:104} INFO - [2021-06-23 05:53:38,299] {dag.py:2305} INFO - Setting next_dagrun for example_xcom_args to None
[2021-06-23 05:53:38,304] {logging_mixin.py:104} INFO - [2021-06-23 05:53:38,304] {dag.py:2305} INFO - Setting next_dagrun for example_xcom_args_with_operators to None
[2021-06-23 05:53:38,334] {scheduler_job.py:190} INFO - Processing /home/airflow/.local/lib/python3.6/site-packages/airflow/example_dags/example_xcomargs.py took 0.233 seconds
[2021-06-23 05:54:09,828] {scheduler_job.py:182} INFO - Started process (PID=2213) to work on /home/airflow/.local/lib/python3.6/site-packages/airflow/example_dags/example_xcomargs.py
[2021-06-23 05:54:09,830] {scheduler_job.py:633} INFO - Processing file /home/airflow/.local/lib/python3.6/site-packages/airflow/example_dags/example_xcomargs.py for tasks to queue
[2021-06-23 05:54:09,831] {logging_mixin.py:104} INFO - [2021-06-23 05:54:09,831] {dagbag.py:487} INFO - Filling up the DagBag from /home/airflow/.local/lib/python3.6/site-packages/airflow/example_dags/example_xcomargs.py
[2021-06-23 05:54:09,988] {scheduler_job.py:643} INFO - DAG(s) dict_keys(['example_xcom_args', 'example_xcom_args_with_operators']) retrieved from /home/airflow/.local/lib/python3.6/site-packages/airflow/example_dags/example_xcomargs.py
[2021-06-23 05:54:11,743] {logging_mixin.py:104} INFO - [2021-06-23 05:54:11,742] {dag.py:1832} INFO - Sync 2 DAGs
[2021-06-23 05:54:11,785] {logging_mixin.py:104} INFO - [2021-06-23 05:54:11,785] {dag.py:2305} INFO - Setting next_dagrun for example_xcom_args to None
[2021-06-23 05:54:11,794] {logging_mixin.py:104} INFO - [2021-06-23 05:54:11,793] {dag.py:2305} INFO - Setting next_dagrun for example_xcom_args_with_operators to None
[2021-06-23 05:54:11,883] {scheduler_job.py:190} INFO - Processing /home/airflow/.local/lib/python3.6/site-packages/airflow/example_dags/example_xcomargs.py took 2.071 seconds
[2021-06-23 05:54:42,945] {scheduler_job.py:182} INFO - Started process (PID=2291) to work on /home/airflow/.local/lib/python3.6/site-packages/airflow/example_dags/example_xcomargs.py
[2021-06-23 05:54:42,949] {scheduler_job.py:633} INFO - Processing file /home/airflow/.local/lib/python3.6/site-packages/airflow/example_dags/example_xcomargs.py for tasks to queue
[2021-06-23 05:54:42,958] {logging_mixin.py:104} INFO - [2021-06-23 05:54:42,958] {dagbag.py:487} INFO - Filling up the DagBag from /home/airflow/.local/lib/python3.6/site-packages/airflow/example_dags/example_xcomargs.py
[2021-06-23 05:54:43,027] {scheduler_job.py:643} INFO - DAG(s) dict_keys(['example_xcom_args', 'example_xcom_args_with_operators']) retrieved from /home/airflow/.local/lib/python3.6/site-packages/airflow/example_dags/example_xcomargs.py
[2021-06-23 05:54:43,127] {logging_mixin.py:104} INFO - [2021-06-23 05:54:43,127] {dag.py:1832} INFO - Sync 2 DAGs
[2021-06-23 05:54:43,181] {logging_mixin.py:104} INFO - [2021-06-23 05:54:43,180] {dag.py:2305} INFO - Setting next_dagrun for example_xcom_args to None
[2021-06-23 05:54:43,227] {logging_mixin.py:104} INFO - [2021-06-23 05:54:43,227] {dag.py:2305} INFO - Setting next_dagrun for example_xcom_args_with_operators to None
[2021-06-23 05:54:43,293] {scheduler_job.py:190} INFO - Processing /home/airflow/.local/lib/python3.6/site-packages/airflow/example_dags/example_xcomargs.py took 0.362 seconds
[2021-06-23 05:55:13,474] {scheduler_job.py:182} INFO - Started process (PID=2358) to work on /home/airflow/.local/lib/python3.6/site-packages/airflow/example_dags/example_xcomargs.py
[2021-06-23 05:55:13,475] {scheduler_job.py:633} INFO - Processing file /home/airflow/.local/lib/python3.6/site-packages/airflow/example_dags/example_xcomargs.py for tasks to queue
[2021-06-23 05:55:13,476] {logging_mixin.py:104} INFO - [2021-06-23 05:55:13,476] {dagbag.py:487} INFO - Filling up the DagBag from /home/airflow/.local/lib/python3.6/site-packages/airflow/example_dags/example_xcomargs.py
[2021-06-23 05:55:13,755] {scheduler_job.py:643} INFO - DAG(s) dict_keys(['example_xcom_args', 'example_xcom_args_with_operators']) retrieved from /home/airflow/.local/lib/python3.6/site-packages/airflow/example_dags/example_xcomargs.py
[2021-06-23 05:55:13,939] {logging_mixin.py:104} INFO - [2021-06-23 05:55:13,938] {dag.py:1832} INFO - Sync 2 DAGs
[2021-06-23 05:55:14,022] {logging_mixin.py:104} INFO - [2021-06-23 05:55:14,022] {dag.py:2305} INFO - Setting next_dagrun for example_xcom_args to None
[2021-06-23 05:55:14,026] {logging_mixin.py:104} INFO - [2021-06-23 05:55:14,026] {dag.py:2305} INFO - Setting next_dagrun for example_xcom_args_with_operators to None
[2021-06-23 05:55:14,096] {scheduler_job.py:190} INFO - Processing /home/airflow/.local/lib/python3.6/site-packages/airflow/example_dags/example_xcomargs.py took 0.627 seconds
[2021-06-23 05:55:44,947] {scheduler_job.py:182} INFO - Started process (PID=2423) to work on /home/airflow/.local/lib/python3.6/site-packages/airflow/example_dags/example_xcomargs.py
[2021-06-23 05:55:44,953] {scheduler_job.py:633} INFO - Processing file /home/airflow/.local/lib/python3.6/site-packages/airflow/example_dags/example_xcomargs.py for tasks to queue
[2021-06-23 05:55:44,957] {logging_mixin.py:104} INFO - [2021-06-23 05:55:44,957] {dagbag.py:487} INFO - Filling up the DagBag from /home/airflow/.local/lib/python3.6/site-packages/airflow/example_dags/example_xcomargs.py
[2021-06-23 05:55:45,004] {scheduler_job.py:643} INFO - DAG(s) dict_keys(['example_xcom_args', 'example_xcom_args_with_operators']) retrieved from /home/airflow/.local/lib/python3.6/site-packages/airflow/example_dags/example_xcomargs.py
[2021-06-23 05:55:47,079] {logging_mixin.py:104} INFO - [2021-06-23 05:55:47,078] {dag.py:1832} INFO - Sync 2 DAGs
[2021-06-23 05:55:47,184] {logging_mixin.py:104} INFO - [2021-06-23 05:55:47,184] {dag.py:2305} INFO - Setting next_dagrun for example_xcom_args to None
[2021-06-23 05:55:47,185] {logging_mixin.py:104} INFO - [2021-06-23 05:55:47,185] {dag.py:2305} INFO - Setting next_dagrun for example_xcom_args_with_operators to None
[2021-06-23 05:55:47,239] {scheduler_job.py:190} INFO - Processing /home/airflow/.local/lib/python3.6/site-packages/airflow/example_dags/example_xcomargs.py took 2.301 seconds
[2021-06-23 05:56:18,050] {scheduler_job.py:182} INFO - Started process (PID=2492) to work on /home/airflow/.local/lib/python3.6/site-packages/airflow/example_dags/example_xcomargs.py
[2021-06-23 05:56:18,052] {scheduler_job.py:633} INFO - Processing file /home/airflow/.local/lib/python3.6/site-packages/airflow/example_dags/example_xcomargs.py for tasks to queue
[2021-06-23 05:56:18,053] {logging_mixin.py:104} INFO - [2021-06-23 05:56:18,052] {dagbag.py:487} INFO - Filling up the DagBag from /home/airflow/.local/lib/python3.6/site-packages/airflow/example_dags/example_xcomargs.py
[2021-06-23 05:56:18,082] {scheduler_job.py:643} INFO - DAG(s) dict_keys(['example_xcom_args', 'example_xcom_args_with_operators']) retrieved from /home/airflow/.local/lib/python3.6/site-packages/airflow/example_dags/example_xcomargs.py
[2021-06-23 05:56:18,644] {logging_mixin.py:104} INFO - [2021-06-23 05:56:18,644] {dag.py:1832} INFO - Sync 2 DAGs
[2021-06-23 05:56:18,665] {logging_mixin.py:104} INFO - [2021-06-23 05:56:18,665] {dag.py:2305} INFO - Setting next_dagrun for example_xcom_args to None
[2021-06-23 05:56:18,666] {logging_mixin.py:104} INFO - [2021-06-23 05:56:18,666] {dag.py:2305} INFO - Setting next_dagrun for example_xcom_args_with_operators to None
[2021-06-23 05:56:18,684] {scheduler_job.py:190} INFO - Processing /home/airflow/.local/lib/python3.6/site-packages/airflow/example_dags/example_xcomargs.py took 0.641 seconds
[2021-06-23 05:56:48,814] {scheduler_job.py:182} INFO - Started process (PID=2569) to work on /home/airflow/.local/lib/python3.6/site-packages/airflow/example_dags/example_xcomargs.py
[2021-06-23 05:56:48,816] {scheduler_job.py:633} INFO - Processing file /home/airflow/.local/lib/python3.6/site-packages/airflow/example_dags/example_xcomargs.py for tasks to queue
[2021-06-23 05:56:48,817] {logging_mixin.py:104} INFO - [2021-06-23 05:56:48,817] {dagbag.py:487} INFO - Filling up the DagBag from /home/airflow/.local/lib/python3.6/site-packages/airflow/example_dags/example_xcomargs.py
[2021-06-23 05:56:48,849] {scheduler_job.py:643} INFO - DAG(s) dict_keys(['example_xcom_args', 'example_xcom_args_with_operators']) retrieved from /home/airflow/.local/lib/python3.6/site-packages/airflow/example_dags/example_xcomargs.py
[2021-06-23 05:56:49,526] {logging_mixin.py:104} INFO - [2021-06-23 05:56:49,525] {dag.py:1832} INFO - Sync 2 DAGs
[2021-06-23 05:56:49,572] {logging_mixin.py:104} INFO - [2021-06-23 05:56:49,572] {dag.py:2305} INFO - Setting next_dagrun for example_xcom_args to None
[2021-06-23 05:56:49,574] {logging_mixin.py:104} INFO - [2021-06-23 05:56:49,574] {dag.py:2305} INFO - Setting next_dagrun for example_xcom_args_with_operators to None
[2021-06-23 05:56:49,619] {scheduler_job.py:190} INFO - Processing /home/airflow/.local/lib/python3.6/site-packages/airflow/example_dags/example_xcomargs.py took 0.809 seconds
[2021-06-23 05:57:22,788] {scheduler_job.py:182} INFO - Started process (PID=2633) to work on /home/airflow/.local/lib/python3.6/site-packages/airflow/example_dags/example_xcomargs.py
[2021-06-23 05:57:22,823] {scheduler_job.py:633} INFO - Processing file /home/airflow/.local/lib/python3.6/site-packages/airflow/example_dags/example_xcomargs.py for tasks to queue
[2021-06-23 05:57:22,824] {logging_mixin.py:104} INFO - [2021-06-23 05:57:22,824] {dagbag.py:487} INFO - Filling up the DagBag from /home/airflow/.local/lib/python3.6/site-packages/airflow/example_dags/example_xcomargs.py
[2021-06-23 05:57:22,991] {scheduler_job.py:643} INFO - DAG(s) dict_keys(['example_xcom_args', 'example_xcom_args_with_operators']) retrieved from /home/airflow/.local/lib/python3.6/site-packages/airflow/example_dags/example_xcomargs.py
[2021-06-23 05:57:23,743] {logging_mixin.py:104} INFO - [2021-06-23 05:57:23,743] {dag.py:1832} INFO - Sync 2 DAGs
[2021-06-23 05:57:23,788] {logging_mixin.py:104} INFO - [2021-06-23 05:57:23,788] {dag.py:2305} INFO - Setting next_dagrun for example_xcom_args to None
[2021-06-23 05:57:23,792] {logging_mixin.py:104} INFO - [2021-06-23 05:57:23,792] {dag.py:2305} INFO - Setting next_dagrun for example_xcom_args_with_operators to None
[2021-06-23 05:57:23,824] {scheduler_job.py:190} INFO - Processing /home/airflow/.local/lib/python3.6/site-packages/airflow/example_dags/example_xcomargs.py took 1.050 seconds
[2021-06-23 05:57:53,886] {scheduler_job.py:182} INFO - Started process (PID=2698) to work on /home/airflow/.local/lib/python3.6/site-packages/airflow/example_dags/example_xcomargs.py
[2021-06-23 05:57:53,888] {scheduler_job.py:633} INFO - Processing file /home/airflow/.local/lib/python3.6/site-packages/airflow/example_dags/example_xcomargs.py for tasks to queue
[2021-06-23 05:57:53,900] {logging_mixin.py:104} INFO - [2021-06-23 05:57:53,889] {dagbag.py:487} INFO - Filling up the DagBag from /home/airflow/.local/lib/python3.6/site-packages/airflow/example_dags/example_xcomargs.py
[2021-06-23 05:57:54,018] {scheduler_job.py:643} INFO - DAG(s) dict_keys(['example_xcom_args', 'example_xcom_args_with_operators']) retrieved from /home/airflow/.local/lib/python3.6/site-packages/airflow/example_dags/example_xcomargs.py
[2021-06-23 05:57:54,907] {logging_mixin.py:104} INFO - [2021-06-23 05:57:54,906] {dag.py:1832} INFO - Sync 2 DAGs
[2021-06-23 05:57:54,937] {logging_mixin.py:104} INFO - [2021-06-23 05:57:54,936] {dag.py:2305} INFO - Setting next_dagrun for example_xcom_args to None
[2021-06-23 05:57:54,938] {logging_mixin.py:104} INFO - [2021-06-23 05:57:54,938] {dag.py:2305} INFO - Setting next_dagrun for example_xcom_args_with_operators to None
[2021-06-23 05:57:54,966] {scheduler_job.py:190} INFO - Processing /home/airflow/.local/lib/python3.6/site-packages/airflow/example_dags/example_xcomargs.py took 1.107 seconds
[2021-06-23 05:58:25,366] {scheduler_job.py:182} INFO - Started process (PID=2763) to work on /home/airflow/.local/lib/python3.6/site-packages/airflow/example_dags/example_xcomargs.py
[2021-06-23 05:58:25,368] {scheduler_job.py:633} INFO - Processing file /home/airflow/.local/lib/python3.6/site-packages/airflow/example_dags/example_xcomargs.py for tasks to queue
[2021-06-23 05:58:25,369] {logging_mixin.py:104} INFO - [2021-06-23 05:58:25,369] {dagbag.py:487} INFO - Filling up the DagBag from /home/airflow/.local/lib/python3.6/site-packages/airflow/example_dags/example_xcomargs.py
[2021-06-23 05:58:25,401] {scheduler_job.py:643} INFO - DAG(s) dict_keys(['example_xcom_args', 'example_xcom_args_with_operators']) retrieved from /home/airflow/.local/lib/python3.6/site-packages/airflow/example_dags/example_xcomargs.py
[2021-06-23 05:58:25,876] {logging_mixin.py:104} INFO - [2021-06-23 05:58:25,875] {dag.py:1832} INFO - Sync 2 DAGs
[2021-06-23 05:58:25,900] {logging_mixin.py:104} INFO - [2021-06-23 05:58:25,900] {dag.py:2305} INFO - Setting next_dagrun for example_xcom_args to None
[2021-06-23 05:58:25,901] {logging_mixin.py:104} INFO - [2021-06-23 05:58:25,901] {dag.py:2305} INFO - Setting next_dagrun for example_xcom_args_with_operators to None
[2021-06-23 05:58:25,933] {scheduler_job.py:190} INFO - Processing /home/airflow/.local/lib/python3.6/site-packages/airflow/example_dags/example_xcomargs.py took 0.573 seconds
[2021-06-23 05:58:56,029] {scheduler_job.py:182} INFO - Started process (PID=2827) to work on /home/airflow/.local/lib/python3.6/site-packages/airflow/example_dags/example_xcomargs.py
[2021-06-23 05:58:56,039] {scheduler_job.py:633} INFO - Processing file /home/airflow/.local/lib/python3.6/site-packages/airflow/example_dags/example_xcomargs.py for tasks to queue
[2021-06-23 05:58:56,040] {logging_mixin.py:104} INFO - [2021-06-23 05:58:56,040] {dagbag.py:487} INFO - Filling up the DagBag from /home/airflow/.local/lib/python3.6/site-packages/airflow/example_dags/example_xcomargs.py
[2021-06-23 05:58:56,085] {scheduler_job.py:643} INFO - DAG(s) dict_keys(['example_xcom_args', 'example_xcom_args_with_operators']) retrieved from /home/airflow/.local/lib/python3.6/site-packages/airflow/example_dags/example_xcomargs.py
[2021-06-23 05:58:56,129] {logging_mixin.py:104} INFO - [2021-06-23 05:58:56,129] {dag.py:1832} INFO - Sync 2 DAGs
[2021-06-23 05:58:56,167] {logging_mixin.py:104} INFO - [2021-06-23 05:58:56,167] {dag.py:2305} INFO - Setting next_dagrun for example_xcom_args to None
[2021-06-23 05:58:56,172] {logging_mixin.py:104} INFO - [2021-06-23 05:58:56,172] {dag.py:2305} INFO - Setting next_dagrun for example_xcom_args_with_operators to None
[2021-06-23 05:58:56,194] {scheduler_job.py:190} INFO - Processing /home/airflow/.local/lib/python3.6/site-packages/airflow/example_dags/example_xcomargs.py took 0.170 seconds
[2021-06-23 05:59:26,591] {scheduler_job.py:182} INFO - Started process (PID=2890) to work on /home/airflow/.local/lib/python3.6/site-packages/airflow/example_dags/example_xcomargs.py
[2021-06-23 05:59:26,594] {scheduler_job.py:633} INFO - Processing file /home/airflow/.local/lib/python3.6/site-packages/airflow/example_dags/example_xcomargs.py for tasks to queue
[2021-06-23 05:59:26,597] {logging_mixin.py:104} INFO - [2021-06-23 05:59:26,597] {dagbag.py:487} INFO - Filling up the DagBag from /home/airflow/.local/lib/python3.6/site-packages/airflow/example_dags/example_xcomargs.py
[2021-06-23 05:59:26,627] {scheduler_job.py:643} INFO - DAG(s) dict_keys(['example_xcom_args', 'example_xcom_args_with_operators']) retrieved from /home/airflow/.local/lib/python3.6/site-packages/airflow/example_dags/example_xcomargs.py
[2021-06-23 05:59:27,384] {logging_mixin.py:104} INFO - [2021-06-23 05:59:27,384] {dag.py:1832} INFO - Sync 2 DAGs
[2021-06-23 05:59:27,418] {logging_mixin.py:104} INFO - [2021-06-23 05:59:27,417] {dag.py:2305} INFO - Setting next_dagrun for example_xcom_args to None
[2021-06-23 05:59:27,423] {logging_mixin.py:104} INFO - [2021-06-23 05:59:27,423] {dag.py:2305} INFO - Setting next_dagrun for example_xcom_args_with_operators to None
[2021-06-23 05:59:27,459] {scheduler_job.py:190} INFO - Processing /home/airflow/.local/lib/python3.6/site-packages/airflow/example_dags/example_xcomargs.py took 0.871 seconds
[2021-06-23 05:59:57,714] {scheduler_job.py:182} INFO - Started process (PID=2954) to work on /home/airflow/.local/lib/python3.6/site-packages/airflow/example_dags/example_xcomargs.py
[2021-06-23 05:59:57,715] {scheduler_job.py:633} INFO - Processing file /home/airflow/.local/lib/python3.6/site-packages/airflow/example_dags/example_xcomargs.py for tasks to queue
[2021-06-23 05:59:57,718] {logging_mixin.py:104} INFO - [2021-06-23 05:59:57,717] {dagbag.py:487} INFO - Filling up the DagBag from /home/airflow/.local/lib/python3.6/site-packages/airflow/example_dags/example_xcomargs.py
[2021-06-23 05:59:57,742] {scheduler_job.py:643} INFO - DAG(s) dict_keys(['example_xcom_args', 'example_xcom_args_with_operators']) retrieved from /home/airflow/.local/lib/python3.6/site-packages/airflow/example_dags/example_xcomargs.py
[2021-06-23 05:59:57,783] {logging_mixin.py:104} INFO - [2021-06-23 05:59:57,783] {dag.py:1832} INFO - Sync 2 DAGs
[2021-06-23 05:59:57,804] {logging_mixin.py:104} INFO - [2021-06-23 05:59:57,804] {dag.py:2305} INFO - Setting next_dagrun for example_xcom_args to None
[2021-06-23 05:59:57,806] {logging_mixin.py:104} INFO - [2021-06-23 05:59:57,805] {dag.py:2305} INFO - Setting next_dagrun for example_xcom_args_with_operators to None
[2021-06-23 05:59:57,821] {scheduler_job.py:190} INFO - Processing /home/airflow/.local/lib/python3.6/site-packages/airflow/example_dags/example_xcomargs.py took 0.114 seconds
[2021-06-23 06:00:28,346] {scheduler_job.py:182} INFO - Started process (PID=3025) to work on /home/airflow/.local/lib/python3.6/site-packages/airflow/example_dags/example_xcomargs.py
[2021-06-23 06:00:28,348] {scheduler_job.py:633} INFO - Processing file /home/airflow/.local/lib/python3.6/site-packages/airflow/example_dags/example_xcomargs.py for tasks to queue
[2021-06-23 06:00:28,350] {logging_mixin.py:104} INFO - [2021-06-23 06:00:28,350] {dagbag.py:487} INFO - Filling up the DagBag from /home/airflow/.local/lib/python3.6/site-packages/airflow/example_dags/example_xcomargs.py
[2021-06-23 06:00:28,382] {scheduler_job.py:643} INFO - DAG(s) dict_keys(['example_xcom_args', 'example_xcom_args_with_operators']) retrieved from /home/airflow/.local/lib/python3.6/site-packages/airflow/example_dags/example_xcomargs.py
[2021-06-23 06:00:28,439] {logging_mixin.py:104} INFO - [2021-06-23 06:00:28,439] {dag.py:1832} INFO - Sync 2 DAGs
[2021-06-23 06:00:28,464] {logging_mixin.py:104} INFO - [2021-06-23 06:00:28,464] {dag.py:2305} INFO - Setting next_dagrun for example_xcom_args to None
[2021-06-23 06:00:28,466] {logging_mixin.py:104} INFO - [2021-06-23 06:00:28,466] {dag.py:2305} INFO - Setting next_dagrun for example_xcom_args_with_operators to None
[2021-06-23 06:00:28,484] {scheduler_job.py:190} INFO - Processing /home/airflow/.local/lib/python3.6/site-packages/airflow/example_dags/example_xcomargs.py took 0.141 seconds
