[2021-06-23 05:37:13,840] {scheduler_job.py:182} INFO - Started process (PID=68) to work on /home/airflow/.local/lib/python3.6/site-packages/airflow/example_dags/example_skip_dag.py
[2021-06-23 05:37:13,841] {scheduler_job.py:633} INFO - Processing file /home/airflow/.local/lib/python3.6/site-packages/airflow/example_dags/example_skip_dag.py for tasks to queue
[2021-06-23 05:37:13,842] {logging_mixin.py:104} INFO - [2021-06-23 05:37:13,842] {dagbag.py:487} INFO - Filling up the DagBag from /home/airflow/.local/lib/python3.6/site-packages/airflow/example_dags/example_skip_dag.py
[2021-06-23 05:37:13,861] {scheduler_job.py:643} INFO - DAG(s) dict_keys(['example_skip_dag']) retrieved from /home/airflow/.local/lib/python3.6/site-packages/airflow/example_dags/example_skip_dag.py
[2021-06-23 05:37:15,211] {logging_mixin.py:104} INFO - [2021-06-23 05:37:15,211] {dag.py:1832} INFO - Sync 1 DAGs
[2021-06-23 05:37:15,272] {logging_mixin.py:104} INFO - [2021-06-23 05:37:15,271] {dag.py:2305} INFO - Setting next_dagrun for example_skip_dag to 2021-06-21 00:00:00+00:00
[2021-06-23 05:37:15,311] {scheduler_job.py:190} INFO - Processing /home/airflow/.local/lib/python3.6/site-packages/airflow/example_dags/example_skip_dag.py took 1.476 seconds
[2021-06-23 05:37:45,631] {scheduler_job.py:182} INFO - Started process (PID=131) to work on /home/airflow/.local/lib/python3.6/site-packages/airflow/example_dags/example_skip_dag.py
[2021-06-23 05:37:45,635] {scheduler_job.py:633} INFO - Processing file /home/airflow/.local/lib/python3.6/site-packages/airflow/example_dags/example_skip_dag.py for tasks to queue
[2021-06-23 05:37:45,637] {logging_mixin.py:104} INFO - [2021-06-23 05:37:45,637] {dagbag.py:487} INFO - Filling up the DagBag from /home/airflow/.local/lib/python3.6/site-packages/airflow/example_dags/example_skip_dag.py
[2021-06-23 05:37:45,691] {scheduler_job.py:643} INFO - DAG(s) dict_keys(['example_skip_dag']) retrieved from /home/airflow/.local/lib/python3.6/site-packages/airflow/example_dags/example_skip_dag.py
[2021-06-23 05:37:45,770] {logging_mixin.py:104} INFO - [2021-06-23 05:37:45,769] {dag.py:1832} INFO - Sync 1 DAGs
[2021-06-23 05:37:45,819] {logging_mixin.py:104} INFO - [2021-06-23 05:37:45,819] {dag.py:2305} INFO - Setting next_dagrun for example_skip_dag to 2021-06-21 00:00:00+00:00
[2021-06-23 05:37:45,853] {scheduler_job.py:190} INFO - Processing /home/airflow/.local/lib/python3.6/site-packages/airflow/example_dags/example_skip_dag.py took 0.248 seconds
[2021-06-23 05:38:16,045] {scheduler_job.py:182} INFO - Started process (PID=193) to work on /home/airflow/.local/lib/python3.6/site-packages/airflow/example_dags/example_skip_dag.py
[2021-06-23 05:38:16,047] {scheduler_job.py:633} INFO - Processing file /home/airflow/.local/lib/python3.6/site-packages/airflow/example_dags/example_skip_dag.py for tasks to queue
[2021-06-23 05:38:16,048] {logging_mixin.py:104} INFO - [2021-06-23 05:38:16,047] {dagbag.py:487} INFO - Filling up the DagBag from /home/airflow/.local/lib/python3.6/site-packages/airflow/example_dags/example_skip_dag.py
[2021-06-23 05:38:16,089] {scheduler_job.py:643} INFO - DAG(s) dict_keys(['example_skip_dag']) retrieved from /home/airflow/.local/lib/python3.6/site-packages/airflow/example_dags/example_skip_dag.py
[2021-06-23 05:38:16,152] {logging_mixin.py:104} INFO - [2021-06-23 05:38:16,152] {dag.py:1832} INFO - Sync 1 DAGs
[2021-06-23 05:38:16,181] {logging_mixin.py:104} INFO - [2021-06-23 05:38:16,181] {dag.py:2305} INFO - Setting next_dagrun for example_skip_dag to 2021-06-21 00:00:00+00:00
[2021-06-23 05:38:16,198] {scheduler_job.py:190} INFO - Processing /home/airflow/.local/lib/python3.6/site-packages/airflow/example_dags/example_skip_dag.py took 0.175 seconds
[2021-06-23 05:38:46,290] {scheduler_job.py:182} INFO - Started process (PID=257) to work on /home/airflow/.local/lib/python3.6/site-packages/airflow/example_dags/example_skip_dag.py
[2021-06-23 05:38:46,291] {scheduler_job.py:633} INFO - Processing file /home/airflow/.local/lib/python3.6/site-packages/airflow/example_dags/example_skip_dag.py for tasks to queue
[2021-06-23 05:38:46,293] {logging_mixin.py:104} INFO - [2021-06-23 05:38:46,293] {dagbag.py:487} INFO - Filling up the DagBag from /home/airflow/.local/lib/python3.6/site-packages/airflow/example_dags/example_skip_dag.py
[2021-06-23 05:38:46,346] {scheduler_job.py:643} INFO - DAG(s) dict_keys(['example_skip_dag']) retrieved from /home/airflow/.local/lib/python3.6/site-packages/airflow/example_dags/example_skip_dag.py
[2021-06-23 05:38:46,435] {logging_mixin.py:104} INFO - [2021-06-23 05:38:46,435] {dag.py:1832} INFO - Sync 1 DAGs
[2021-06-23 05:38:46,498] {logging_mixin.py:104} INFO - [2021-06-23 05:38:46,498] {dag.py:2305} INFO - Setting next_dagrun for example_skip_dag to 2021-06-21 00:00:00+00:00
[2021-06-23 05:38:46,522] {scheduler_job.py:190} INFO - Processing /home/airflow/.local/lib/python3.6/site-packages/airflow/example_dags/example_skip_dag.py took 0.246 seconds
[2021-06-23 05:39:17,488] {scheduler_job.py:182} INFO - Started process (PID=318) to work on /home/airflow/.local/lib/python3.6/site-packages/airflow/example_dags/example_skip_dag.py
[2021-06-23 05:39:17,490] {scheduler_job.py:633} INFO - Processing file /home/airflow/.local/lib/python3.6/site-packages/airflow/example_dags/example_skip_dag.py for tasks to queue
[2021-06-23 05:39:17,494] {logging_mixin.py:104} INFO - [2021-06-23 05:39:17,494] {dagbag.py:487} INFO - Filling up the DagBag from /home/airflow/.local/lib/python3.6/site-packages/airflow/example_dags/example_skip_dag.py
[2021-06-23 05:39:17,538] {scheduler_job.py:643} INFO - DAG(s) dict_keys(['example_skip_dag']) retrieved from /home/airflow/.local/lib/python3.6/site-packages/airflow/example_dags/example_skip_dag.py
[2021-06-23 05:39:17,791] {logging_mixin.py:104} INFO - [2021-06-23 05:39:17,791] {dag.py:1832} INFO - Sync 1 DAGs
[2021-06-23 05:39:18,041] {logging_mixin.py:104} INFO - [2021-06-23 05:39:18,041] {dag.py:2305} INFO - Setting next_dagrun for example_skip_dag to 2021-06-21 00:00:00+00:00
[2021-06-23 05:39:18,120] {scheduler_job.py:190} INFO - Processing /home/airflow/.local/lib/python3.6/site-packages/airflow/example_dags/example_skip_dag.py took 0.627 seconds
[2021-06-23 05:39:48,972] {scheduler_job.py:182} INFO - Started process (PID=394) to work on /home/airflow/.local/lib/python3.6/site-packages/airflow/example_dags/example_skip_dag.py
[2021-06-23 05:39:48,974] {scheduler_job.py:633} INFO - Processing file /home/airflow/.local/lib/python3.6/site-packages/airflow/example_dags/example_skip_dag.py for tasks to queue
[2021-06-23 05:39:48,975] {logging_mixin.py:104} INFO - [2021-06-23 05:39:48,975] {dagbag.py:487} INFO - Filling up the DagBag from /home/airflow/.local/lib/python3.6/site-packages/airflow/example_dags/example_skip_dag.py
[2021-06-23 05:39:49,069] {scheduler_job.py:643} INFO - DAG(s) dict_keys(['example_skip_dag']) retrieved from /home/airflow/.local/lib/python3.6/site-packages/airflow/example_dags/example_skip_dag.py
[2021-06-23 05:39:49,227] {logging_mixin.py:104} INFO - [2021-06-23 05:39:49,227] {dag.py:1832} INFO - Sync 1 DAGs
[2021-06-23 05:39:49,279] {logging_mixin.py:104} INFO - [2021-06-23 05:39:49,279] {dag.py:2305} INFO - Setting next_dagrun for example_skip_dag to 2021-06-21 00:00:00+00:00
[2021-06-23 05:39:49,300] {scheduler_job.py:190} INFO - Processing /home/airflow/.local/lib/python3.6/site-packages/airflow/example_dags/example_skip_dag.py took 0.348 seconds
[2021-06-23 05:40:19,639] {scheduler_job.py:182} INFO - Started process (PID=456) to work on /home/airflow/.local/lib/python3.6/site-packages/airflow/example_dags/example_skip_dag.py
[2021-06-23 05:40:19,643] {scheduler_job.py:633} INFO - Processing file /home/airflow/.local/lib/python3.6/site-packages/airflow/example_dags/example_skip_dag.py for tasks to queue
[2021-06-23 05:40:19,644] {logging_mixin.py:104} INFO - [2021-06-23 05:40:19,644] {dagbag.py:487} INFO - Filling up the DagBag from /home/airflow/.local/lib/python3.6/site-packages/airflow/example_dags/example_skip_dag.py
[2021-06-23 05:40:19,674] {scheduler_job.py:643} INFO - DAG(s) dict_keys(['example_skip_dag']) retrieved from /home/airflow/.local/lib/python3.6/site-packages/airflow/example_dags/example_skip_dag.py
[2021-06-23 05:40:19,759] {logging_mixin.py:104} INFO - [2021-06-23 05:40:19,759] {dag.py:1832} INFO - Sync 1 DAGs
[2021-06-23 05:40:19,802] {logging_mixin.py:104} INFO - [2021-06-23 05:40:19,802] {dag.py:2305} INFO - Setting next_dagrun for example_skip_dag to 2021-06-21 00:00:00+00:00
[2021-06-23 05:40:19,897] {scheduler_job.py:190} INFO - Processing /home/airflow/.local/lib/python3.6/site-packages/airflow/example_dags/example_skip_dag.py took 0.273 seconds
[2021-06-23 05:40:50,716] {scheduler_job.py:182} INFO - Started process (PID=520) to work on /home/airflow/.local/lib/python3.6/site-packages/airflow/example_dags/example_skip_dag.py
[2021-06-23 05:40:50,751] {scheduler_job.py:633} INFO - Processing file /home/airflow/.local/lib/python3.6/site-packages/airflow/example_dags/example_skip_dag.py for tasks to queue
[2021-06-23 05:40:50,752] {logging_mixin.py:104} INFO - [2021-06-23 05:40:50,752] {dagbag.py:487} INFO - Filling up the DagBag from /home/airflow/.local/lib/python3.6/site-packages/airflow/example_dags/example_skip_dag.py
[2021-06-23 05:40:50,824] {scheduler_job.py:643} INFO - DAG(s) dict_keys(['example_skip_dag']) retrieved from /home/airflow/.local/lib/python3.6/site-packages/airflow/example_dags/example_skip_dag.py
[2021-06-23 05:40:50,984] {logging_mixin.py:104} INFO - [2021-06-23 05:40:50,984] {dag.py:1832} INFO - Sync 1 DAGs
[2021-06-23 05:40:51,136] {logging_mixin.py:104} INFO - [2021-06-23 05:40:51,135] {dag.py:2305} INFO - Setting next_dagrun for example_skip_dag to 2021-06-21 00:00:00+00:00
[2021-06-23 05:40:51,236] {scheduler_job.py:190} INFO - Processing /home/airflow/.local/lib/python3.6/site-packages/airflow/example_dags/example_skip_dag.py took 0.524 seconds
[2021-06-23 05:41:21,968] {scheduler_job.py:182} INFO - Started process (PID=584) to work on /home/airflow/.local/lib/python3.6/site-packages/airflow/example_dags/example_skip_dag.py
[2021-06-23 05:41:21,972] {scheduler_job.py:633} INFO - Processing file /home/airflow/.local/lib/python3.6/site-packages/airflow/example_dags/example_skip_dag.py for tasks to queue
[2021-06-23 05:41:21,973] {logging_mixin.py:104} INFO - [2021-06-23 05:41:21,973] {dagbag.py:487} INFO - Filling up the DagBag from /home/airflow/.local/lib/python3.6/site-packages/airflow/example_dags/example_skip_dag.py
[2021-06-23 05:41:21,994] {scheduler_job.py:643} INFO - DAG(s) dict_keys(['example_skip_dag']) retrieved from /home/airflow/.local/lib/python3.6/site-packages/airflow/example_dags/example_skip_dag.py
[2021-06-23 05:41:22,048] {logging_mixin.py:104} INFO - [2021-06-23 05:41:22,048] {dag.py:1832} INFO - Sync 1 DAGs
[2021-06-23 05:41:22,070] {logging_mixin.py:104} INFO - [2021-06-23 05:41:22,070] {dag.py:2305} INFO - Setting next_dagrun for example_skip_dag to 2021-06-21 00:00:00+00:00
[2021-06-23 05:41:22,088] {scheduler_job.py:190} INFO - Processing /home/airflow/.local/lib/python3.6/site-packages/airflow/example_dags/example_skip_dag.py took 0.128 seconds
[2021-06-23 05:41:52,337] {scheduler_job.py:182} INFO - Started process (PID=650) to work on /home/airflow/.local/lib/python3.6/site-packages/airflow/example_dags/example_skip_dag.py
[2021-06-23 05:41:52,345] {scheduler_job.py:633} INFO - Processing file /home/airflow/.local/lib/python3.6/site-packages/airflow/example_dags/example_skip_dag.py for tasks to queue
[2021-06-23 05:41:52,346] {logging_mixin.py:104} INFO - [2021-06-23 05:41:52,346] {dagbag.py:487} INFO - Filling up the DagBag from /home/airflow/.local/lib/python3.6/site-packages/airflow/example_dags/example_skip_dag.py
[2021-06-23 05:41:52,378] {scheduler_job.py:643} INFO - DAG(s) dict_keys(['example_skip_dag']) retrieved from /home/airflow/.local/lib/python3.6/site-packages/airflow/example_dags/example_skip_dag.py
[2021-06-23 05:41:52,459] {logging_mixin.py:104} INFO - [2021-06-23 05:41:52,459] {dag.py:1832} INFO - Sync 1 DAGs
[2021-06-23 05:41:52,494] {logging_mixin.py:104} INFO - [2021-06-23 05:41:52,494] {dag.py:2305} INFO - Setting next_dagrun for example_skip_dag to 2021-06-21 00:00:00+00:00
[2021-06-23 05:41:52,603] {scheduler_job.py:190} INFO - Processing /home/airflow/.local/lib/python3.6/site-packages/airflow/example_dags/example_skip_dag.py took 0.273 seconds
[2021-06-23 05:42:23,005] {scheduler_job.py:182} INFO - Started process (PID=712) to work on /home/airflow/.local/lib/python3.6/site-packages/airflow/example_dags/example_skip_dag.py
[2021-06-23 05:42:23,007] {scheduler_job.py:633} INFO - Processing file /home/airflow/.local/lib/python3.6/site-packages/airflow/example_dags/example_skip_dag.py for tasks to queue
[2021-06-23 05:42:23,008] {logging_mixin.py:104} INFO - [2021-06-23 05:42:23,008] {dagbag.py:487} INFO - Filling up the DagBag from /home/airflow/.local/lib/python3.6/site-packages/airflow/example_dags/example_skip_dag.py
[2021-06-23 05:42:23,049] {scheduler_job.py:643} INFO - DAG(s) dict_keys(['example_skip_dag']) retrieved from /home/airflow/.local/lib/python3.6/site-packages/airflow/example_dags/example_skip_dag.py
[2021-06-23 05:42:23,141] {logging_mixin.py:104} INFO - [2021-06-23 05:42:23,141] {dag.py:1832} INFO - Sync 1 DAGs
[2021-06-23 05:42:23,193] {logging_mixin.py:104} INFO - [2021-06-23 05:42:23,192] {dag.py:2305} INFO - Setting next_dagrun for example_skip_dag to 2021-06-21 00:00:00+00:00
[2021-06-23 05:42:23,236] {scheduler_job.py:190} INFO - Processing /home/airflow/.local/lib/python3.6/site-packages/airflow/example_dags/example_skip_dag.py took 0.235 seconds
[2021-06-23 05:42:53,915] {scheduler_job.py:182} INFO - Started process (PID=777) to work on /home/airflow/.local/lib/python3.6/site-packages/airflow/example_dags/example_skip_dag.py
[2021-06-23 05:42:53,924] {scheduler_job.py:633} INFO - Processing file /home/airflow/.local/lib/python3.6/site-packages/airflow/example_dags/example_skip_dag.py for tasks to queue
[2021-06-23 05:42:53,925] {logging_mixin.py:104} INFO - [2021-06-23 05:42:53,924] {dagbag.py:487} INFO - Filling up the DagBag from /home/airflow/.local/lib/python3.6/site-packages/airflow/example_dags/example_skip_dag.py
[2021-06-23 05:42:53,954] {scheduler_job.py:643} INFO - DAG(s) dict_keys(['example_skip_dag']) retrieved from /home/airflow/.local/lib/python3.6/site-packages/airflow/example_dags/example_skip_dag.py
[2021-06-23 05:42:53,999] {logging_mixin.py:104} INFO - [2021-06-23 05:42:53,999] {dag.py:1832} INFO - Sync 1 DAGs
[2021-06-23 05:42:54,034] {logging_mixin.py:104} INFO - [2021-06-23 05:42:54,033] {dag.py:2305} INFO - Setting next_dagrun for example_skip_dag to 2021-06-21 00:00:00+00:00
[2021-06-23 05:42:54,053] {scheduler_job.py:190} INFO - Processing /home/airflow/.local/lib/python3.6/site-packages/airflow/example_dags/example_skip_dag.py took 0.148 seconds
[2021-06-23 05:43:24,879] {scheduler_job.py:182} INFO - Started process (PID=851) to work on /home/airflow/.local/lib/python3.6/site-packages/airflow/example_dags/example_skip_dag.py
[2021-06-23 05:43:24,881] {scheduler_job.py:633} INFO - Processing file /home/airflow/.local/lib/python3.6/site-packages/airflow/example_dags/example_skip_dag.py for tasks to queue
[2021-06-23 05:43:24,884] {logging_mixin.py:104} INFO - [2021-06-23 05:43:24,884] {dagbag.py:487} INFO - Filling up the DagBag from /home/airflow/.local/lib/python3.6/site-packages/airflow/example_dags/example_skip_dag.py
[2021-06-23 05:43:24,910] {scheduler_job.py:643} INFO - DAG(s) dict_keys(['example_skip_dag']) retrieved from /home/airflow/.local/lib/python3.6/site-packages/airflow/example_dags/example_skip_dag.py
[2021-06-23 05:43:24,972] {logging_mixin.py:104} INFO - [2021-06-23 05:43:24,972] {dag.py:1832} INFO - Sync 1 DAGs
[2021-06-23 05:43:25,017] {logging_mixin.py:104} INFO - [2021-06-23 05:43:25,017] {dag.py:2305} INFO - Setting next_dagrun for example_skip_dag to 2021-06-21 00:00:00+00:00
[2021-06-23 05:43:25,048] {scheduler_job.py:190} INFO - Processing /home/airflow/.local/lib/python3.6/site-packages/airflow/example_dags/example_skip_dag.py took 0.173 seconds
[2021-06-23 05:43:55,755] {scheduler_job.py:182} INFO - Started process (PID=917) to work on /home/airflow/.local/lib/python3.6/site-packages/airflow/example_dags/example_skip_dag.py
[2021-06-23 05:43:55,756] {scheduler_job.py:633} INFO - Processing file /home/airflow/.local/lib/python3.6/site-packages/airflow/example_dags/example_skip_dag.py for tasks to queue
[2021-06-23 05:43:55,757] {logging_mixin.py:104} INFO - [2021-06-23 05:43:55,757] {dagbag.py:487} INFO - Filling up the DagBag from /home/airflow/.local/lib/python3.6/site-packages/airflow/example_dags/example_skip_dag.py
[2021-06-23 05:43:55,800] {scheduler_job.py:643} INFO - DAG(s) dict_keys(['example_skip_dag']) retrieved from /home/airflow/.local/lib/python3.6/site-packages/airflow/example_dags/example_skip_dag.py
[2021-06-23 05:43:55,903] {logging_mixin.py:104} INFO - [2021-06-23 05:43:55,903] {dag.py:1832} INFO - Sync 1 DAGs
[2021-06-23 05:43:55,999] {logging_mixin.py:104} INFO - [2021-06-23 05:43:55,999] {dag.py:2305} INFO - Setting next_dagrun for example_skip_dag to 2021-06-21 00:00:00+00:00
[2021-06-23 05:43:56,085] {scheduler_job.py:190} INFO - Processing /home/airflow/.local/lib/python3.6/site-packages/airflow/example_dags/example_skip_dag.py took 0.355 seconds
[2021-06-23 05:44:26,436] {scheduler_job.py:182} INFO - Started process (PID=980) to work on /home/airflow/.local/lib/python3.6/site-packages/airflow/example_dags/example_skip_dag.py
[2021-06-23 05:44:26,451] {scheduler_job.py:633} INFO - Processing file /home/airflow/.local/lib/python3.6/site-packages/airflow/example_dags/example_skip_dag.py for tasks to queue
[2021-06-23 05:44:26,452] {logging_mixin.py:104} INFO - [2021-06-23 05:44:26,451] {dagbag.py:487} INFO - Filling up the DagBag from /home/airflow/.local/lib/python3.6/site-packages/airflow/example_dags/example_skip_dag.py
[2021-06-23 05:44:26,489] {scheduler_job.py:643} INFO - DAG(s) dict_keys(['example_skip_dag']) retrieved from /home/airflow/.local/lib/python3.6/site-packages/airflow/example_dags/example_skip_dag.py
[2021-06-23 05:44:26,523] {logging_mixin.py:104} INFO - [2021-06-23 05:44:26,523] {dag.py:1832} INFO - Sync 1 DAGs
[2021-06-23 05:44:26,559] {logging_mixin.py:104} INFO - [2021-06-23 05:44:26,559] {dag.py:2305} INFO - Setting next_dagrun for example_skip_dag to 2021-06-21 00:00:00+00:00
[2021-06-23 05:44:26,599] {scheduler_job.py:190} INFO - Processing /home/airflow/.local/lib/python3.6/site-packages/airflow/example_dags/example_skip_dag.py took 0.167 seconds
[2021-06-23 05:44:57,290] {scheduler_job.py:182} INFO - Started process (PID=1042) to work on /home/airflow/.local/lib/python3.6/site-packages/airflow/example_dags/example_skip_dag.py
[2021-06-23 05:44:57,301] {scheduler_job.py:633} INFO - Processing file /home/airflow/.local/lib/python3.6/site-packages/airflow/example_dags/example_skip_dag.py for tasks to queue
[2021-06-23 05:44:57,302] {logging_mixin.py:104} INFO - [2021-06-23 05:44:57,302] {dagbag.py:487} INFO - Filling up the DagBag from /home/airflow/.local/lib/python3.6/site-packages/airflow/example_dags/example_skip_dag.py
[2021-06-23 05:44:57,351] {scheduler_job.py:643} INFO - DAG(s) dict_keys(['example_skip_dag']) retrieved from /home/airflow/.local/lib/python3.6/site-packages/airflow/example_dags/example_skip_dag.py
[2021-06-23 05:44:57,441] {logging_mixin.py:104} INFO - [2021-06-23 05:44:57,440] {dag.py:1832} INFO - Sync 1 DAGs
[2021-06-23 05:44:57,499] {logging_mixin.py:104} INFO - [2021-06-23 05:44:57,499] {dag.py:2305} INFO - Setting next_dagrun for example_skip_dag to 2021-06-21 00:00:00+00:00
[2021-06-23 05:44:57,531] {scheduler_job.py:190} INFO - Processing /home/airflow/.local/lib/python3.6/site-packages/airflow/example_dags/example_skip_dag.py took 0.247 seconds
[2021-06-23 05:45:28,244] {scheduler_job.py:182} INFO - Started process (PID=1105) to work on /home/airflow/.local/lib/python3.6/site-packages/airflow/example_dags/example_skip_dag.py
[2021-06-23 05:45:28,292] {scheduler_job.py:633} INFO - Processing file /home/airflow/.local/lib/python3.6/site-packages/airflow/example_dags/example_skip_dag.py for tasks to queue
[2021-06-23 05:45:28,293] {logging_mixin.py:104} INFO - [2021-06-23 05:45:28,293] {dagbag.py:487} INFO - Filling up the DagBag from /home/airflow/.local/lib/python3.6/site-packages/airflow/example_dags/example_skip_dag.py
[2021-06-23 05:45:28,389] {scheduler_job.py:643} INFO - DAG(s) dict_keys(['example_skip_dag']) retrieved from /home/airflow/.local/lib/python3.6/site-packages/airflow/example_dags/example_skip_dag.py
[2021-06-23 05:45:28,562] {logging_mixin.py:104} INFO - [2021-06-23 05:45:28,562] {dag.py:1832} INFO - Sync 1 DAGs
[2021-06-23 05:45:28,616] {logging_mixin.py:104} INFO - [2021-06-23 05:45:28,615] {dag.py:2305} INFO - Setting next_dagrun for example_skip_dag to 2021-06-21 00:00:00+00:00
[2021-06-23 05:45:28,633] {scheduler_job.py:190} INFO - Processing /home/airflow/.local/lib/python3.6/site-packages/airflow/example_dags/example_skip_dag.py took 0.406 seconds
[2021-06-23 05:45:58,842] {scheduler_job.py:182} INFO - Started process (PID=1177) to work on /home/airflow/.local/lib/python3.6/site-packages/airflow/example_dags/example_skip_dag.py
[2021-06-23 05:45:58,843] {scheduler_job.py:633} INFO - Processing file /home/airflow/.local/lib/python3.6/site-packages/airflow/example_dags/example_skip_dag.py for tasks to queue
[2021-06-23 05:45:58,844] {logging_mixin.py:104} INFO - [2021-06-23 05:45:58,844] {dagbag.py:487} INFO - Filling up the DagBag from /home/airflow/.local/lib/python3.6/site-packages/airflow/example_dags/example_skip_dag.py
[2021-06-23 05:45:58,861] {scheduler_job.py:643} INFO - DAG(s) dict_keys(['example_skip_dag']) retrieved from /home/airflow/.local/lib/python3.6/site-packages/airflow/example_dags/example_skip_dag.py
[2021-06-23 05:45:58,887] {logging_mixin.py:104} INFO - [2021-06-23 05:45:58,887] {dag.py:1832} INFO - Sync 1 DAGs
[2021-06-23 05:45:58,912] {logging_mixin.py:104} INFO - [2021-06-23 05:45:58,912] {dag.py:2305} INFO - Setting next_dagrun for example_skip_dag to 2021-06-21 00:00:00+00:00
[2021-06-23 05:45:58,937] {scheduler_job.py:190} INFO - Processing /home/airflow/.local/lib/python3.6/site-packages/airflow/example_dags/example_skip_dag.py took 0.098 seconds
[2021-06-23 05:46:29,432] {scheduler_job.py:182} INFO - Started process (PID=1244) to work on /home/airflow/.local/lib/python3.6/site-packages/airflow/example_dags/example_skip_dag.py
[2021-06-23 05:46:29,437] {scheduler_job.py:633} INFO - Processing file /home/airflow/.local/lib/python3.6/site-packages/airflow/example_dags/example_skip_dag.py for tasks to queue
[2021-06-23 05:46:29,438] {logging_mixin.py:104} INFO - [2021-06-23 05:46:29,438] {dagbag.py:487} INFO - Filling up the DagBag from /home/airflow/.local/lib/python3.6/site-packages/airflow/example_dags/example_skip_dag.py
[2021-06-23 05:46:29,463] {scheduler_job.py:643} INFO - DAG(s) dict_keys(['example_skip_dag']) retrieved from /home/airflow/.local/lib/python3.6/site-packages/airflow/example_dags/example_skip_dag.py
[2021-06-23 05:46:29,548] {logging_mixin.py:104} INFO - [2021-06-23 05:46:29,547] {dag.py:1832} INFO - Sync 1 DAGs
[2021-06-23 05:46:29,584] {logging_mixin.py:104} INFO - [2021-06-23 05:46:29,583] {dag.py:2305} INFO - Setting next_dagrun for example_skip_dag to 2021-06-21 00:00:00+00:00
[2021-06-23 05:46:29,641] {scheduler_job.py:190} INFO - Processing /home/airflow/.local/lib/python3.6/site-packages/airflow/example_dags/example_skip_dag.py took 0.216 seconds
[2021-06-23 05:47:00,083] {scheduler_job.py:182} INFO - Started process (PID=1306) to work on /home/airflow/.local/lib/python3.6/site-packages/airflow/example_dags/example_skip_dag.py
[2021-06-23 05:47:00,085] {scheduler_job.py:633} INFO - Processing file /home/airflow/.local/lib/python3.6/site-packages/airflow/example_dags/example_skip_dag.py for tasks to queue
[2021-06-23 05:47:00,086] {logging_mixin.py:104} INFO - [2021-06-23 05:47:00,085] {dagbag.py:487} INFO - Filling up the DagBag from /home/airflow/.local/lib/python3.6/site-packages/airflow/example_dags/example_skip_dag.py
[2021-06-23 05:47:00,149] {scheduler_job.py:643} INFO - DAG(s) dict_keys(['example_skip_dag']) retrieved from /home/airflow/.local/lib/python3.6/site-packages/airflow/example_dags/example_skip_dag.py
[2021-06-23 05:47:00,192] {logging_mixin.py:104} INFO - [2021-06-23 05:47:00,192] {dag.py:1832} INFO - Sync 1 DAGs
[2021-06-23 05:47:00,237] {logging_mixin.py:104} INFO - [2021-06-23 05:47:00,237] {dag.py:2305} INFO - Setting next_dagrun for example_skip_dag to 2021-06-21 00:00:00+00:00
[2021-06-23 05:47:00,295] {scheduler_job.py:190} INFO - Processing /home/airflow/.local/lib/python3.6/site-packages/airflow/example_dags/example_skip_dag.py took 0.220 seconds
[2021-06-23 05:47:31,271] {scheduler_job.py:182} INFO - Started process (PID=1371) to work on /home/airflow/.local/lib/python3.6/site-packages/airflow/example_dags/example_skip_dag.py
[2021-06-23 05:47:31,286] {scheduler_job.py:633} INFO - Processing file /home/airflow/.local/lib/python3.6/site-packages/airflow/example_dags/example_skip_dag.py for tasks to queue
[2021-06-23 05:47:31,300] {logging_mixin.py:104} INFO - [2021-06-23 05:47:31,300] {dagbag.py:487} INFO - Filling up the DagBag from /home/airflow/.local/lib/python3.6/site-packages/airflow/example_dags/example_skip_dag.py
[2021-06-23 05:47:31,381] {scheduler_job.py:643} INFO - DAG(s) dict_keys(['example_skip_dag']) retrieved from /home/airflow/.local/lib/python3.6/site-packages/airflow/example_dags/example_skip_dag.py
[2021-06-23 05:47:31,545] {logging_mixin.py:104} INFO - [2021-06-23 05:47:31,545] {dag.py:1832} INFO - Sync 1 DAGs
[2021-06-23 05:47:31,614] {logging_mixin.py:104} INFO - [2021-06-23 05:47:31,613] {dag.py:2305} INFO - Setting next_dagrun for example_skip_dag to 2021-06-21 00:00:00+00:00
[2021-06-23 05:47:31,667] {scheduler_job.py:190} INFO - Processing /home/airflow/.local/lib/python3.6/site-packages/airflow/example_dags/example_skip_dag.py took 0.420 seconds
[2021-06-23 05:48:01,913] {scheduler_job.py:182} INFO - Started process (PID=1433) to work on /home/airflow/.local/lib/python3.6/site-packages/airflow/example_dags/example_skip_dag.py
[2021-06-23 05:48:01,916] {scheduler_job.py:633} INFO - Processing file /home/airflow/.local/lib/python3.6/site-packages/airflow/example_dags/example_skip_dag.py for tasks to queue
[2021-06-23 05:48:01,918] {logging_mixin.py:104} INFO - [2021-06-23 05:48:01,918] {dagbag.py:487} INFO - Filling up the DagBag from /home/airflow/.local/lib/python3.6/site-packages/airflow/example_dags/example_skip_dag.py
[2021-06-23 05:48:01,953] {scheduler_job.py:643} INFO - DAG(s) dict_keys(['example_skip_dag']) retrieved from /home/airflow/.local/lib/python3.6/site-packages/airflow/example_dags/example_skip_dag.py
[2021-06-23 05:48:02,010] {logging_mixin.py:104} INFO - [2021-06-23 05:48:02,010] {dag.py:1832} INFO - Sync 1 DAGs
[2021-06-23 05:48:02,059] {logging_mixin.py:104} INFO - [2021-06-23 05:48:02,059] {dag.py:2305} INFO - Setting next_dagrun for example_skip_dag to 2021-06-21 00:00:00+00:00
[2021-06-23 05:48:02,082] {scheduler_job.py:190} INFO - Processing /home/airflow/.local/lib/python3.6/site-packages/airflow/example_dags/example_skip_dag.py took 0.174 seconds
[2021-06-23 05:48:32,385] {scheduler_job.py:182} INFO - Started process (PID=1494) to work on /home/airflow/.local/lib/python3.6/site-packages/airflow/example_dags/example_skip_dag.py
[2021-06-23 05:48:32,397] {scheduler_job.py:633} INFO - Processing file /home/airflow/.local/lib/python3.6/site-packages/airflow/example_dags/example_skip_dag.py for tasks to queue
[2021-06-23 05:48:32,400] {logging_mixin.py:104} INFO - [2021-06-23 05:48:32,399] {dagbag.py:487} INFO - Filling up the DagBag from /home/airflow/.local/lib/python3.6/site-packages/airflow/example_dags/example_skip_dag.py
[2021-06-23 05:48:32,446] {scheduler_job.py:643} INFO - DAG(s) dict_keys(['example_skip_dag']) retrieved from /home/airflow/.local/lib/python3.6/site-packages/airflow/example_dags/example_skip_dag.py
[2021-06-23 05:48:32,553] {logging_mixin.py:104} INFO - [2021-06-23 05:48:32,553] {dag.py:1832} INFO - Sync 1 DAGs
[2021-06-23 05:48:32,653] {logging_mixin.py:104} INFO - [2021-06-23 05:48:32,653] {dag.py:2305} INFO - Setting next_dagrun for example_skip_dag to 2021-06-21 00:00:00+00:00
[2021-06-23 05:48:32,730] {scheduler_job.py:190} INFO - Processing /home/airflow/.local/lib/python3.6/site-packages/airflow/example_dags/example_skip_dag.py took 0.350 seconds
[2021-06-23 05:49:02,992] {scheduler_job.py:182} INFO - Started process (PID=1558) to work on /home/airflow/.local/lib/python3.6/site-packages/airflow/example_dags/example_skip_dag.py
[2021-06-23 05:49:02,999] {scheduler_job.py:633} INFO - Processing file /home/airflow/.local/lib/python3.6/site-packages/airflow/example_dags/example_skip_dag.py for tasks to queue
[2021-06-23 05:49:03,003] {logging_mixin.py:104} INFO - [2021-06-23 05:49:03,002] {dagbag.py:487} INFO - Filling up the DagBag from /home/airflow/.local/lib/python3.6/site-packages/airflow/example_dags/example_skip_dag.py
[2021-06-23 05:49:03,031] {scheduler_job.py:643} INFO - DAG(s) dict_keys(['example_skip_dag']) retrieved from /home/airflow/.local/lib/python3.6/site-packages/airflow/example_dags/example_skip_dag.py
[2021-06-23 05:49:03,087] {logging_mixin.py:104} INFO - [2021-06-23 05:49:03,087] {dag.py:1832} INFO - Sync 1 DAGs
[2021-06-23 05:49:03,132] {logging_mixin.py:104} INFO - [2021-06-23 05:49:03,132] {dag.py:2305} INFO - Setting next_dagrun for example_skip_dag to 2021-06-21 00:00:00+00:00
[2021-06-23 05:49:03,156] {scheduler_job.py:190} INFO - Processing /home/airflow/.local/lib/python3.6/site-packages/airflow/example_dags/example_skip_dag.py took 0.168 seconds
[2021-06-23 05:49:33,349] {scheduler_job.py:182} INFO - Started process (PID=1631) to work on /home/airflow/.local/lib/python3.6/site-packages/airflow/example_dags/example_skip_dag.py
[2021-06-23 05:49:33,365] {scheduler_job.py:633} INFO - Processing file /home/airflow/.local/lib/python3.6/site-packages/airflow/example_dags/example_skip_dag.py for tasks to queue
[2021-06-23 05:49:33,366] {logging_mixin.py:104} INFO - [2021-06-23 05:49:33,366] {dagbag.py:487} INFO - Filling up the DagBag from /home/airflow/.local/lib/python3.6/site-packages/airflow/example_dags/example_skip_dag.py
[2021-06-23 05:49:33,446] {scheduler_job.py:643} INFO - DAG(s) dict_keys(['example_skip_dag']) retrieved from /home/airflow/.local/lib/python3.6/site-packages/airflow/example_dags/example_skip_dag.py
[2021-06-23 05:49:33,575] {logging_mixin.py:104} INFO - [2021-06-23 05:49:33,574] {dag.py:1832} INFO - Sync 1 DAGs
[2021-06-23 05:49:33,629] {logging_mixin.py:104} INFO - [2021-06-23 05:49:33,628] {dag.py:2305} INFO - Setting next_dagrun for example_skip_dag to 2021-06-21 00:00:00+00:00
[2021-06-23 05:49:33,665] {scheduler_job.py:190} INFO - Processing /home/airflow/.local/lib/python3.6/site-packages/airflow/example_dags/example_skip_dag.py took 0.344 seconds
[2021-06-23 05:50:04,084] {scheduler_job.py:182} INFO - Started process (PID=1695) to work on /home/airflow/.local/lib/python3.6/site-packages/airflow/example_dags/example_skip_dag.py
[2021-06-23 05:50:04,087] {scheduler_job.py:633} INFO - Processing file /home/airflow/.local/lib/python3.6/site-packages/airflow/example_dags/example_skip_dag.py for tasks to queue
[2021-06-23 05:50:04,089] {logging_mixin.py:104} INFO - [2021-06-23 05:50:04,088] {dagbag.py:487} INFO - Filling up the DagBag from /home/airflow/.local/lib/python3.6/site-packages/airflow/example_dags/example_skip_dag.py
[2021-06-23 05:50:04,108] {scheduler_job.py:643} INFO - DAG(s) dict_keys(['example_skip_dag']) retrieved from /home/airflow/.local/lib/python3.6/site-packages/airflow/example_dags/example_skip_dag.py
[2021-06-23 05:50:04,166] {logging_mixin.py:104} INFO - [2021-06-23 05:50:04,165] {dag.py:1832} INFO - Sync 1 DAGs
[2021-06-23 05:50:04,206] {logging_mixin.py:104} INFO - [2021-06-23 05:50:04,205] {dag.py:2305} INFO - Setting next_dagrun for example_skip_dag to 2021-06-21 00:00:00+00:00
[2021-06-23 05:50:04,231] {scheduler_job.py:190} INFO - Processing /home/airflow/.local/lib/python3.6/site-packages/airflow/example_dags/example_skip_dag.py took 0.152 seconds
[2021-06-23 05:50:34,780] {scheduler_job.py:182} INFO - Started process (PID=1757) to work on /home/airflow/.local/lib/python3.6/site-packages/airflow/example_dags/example_skip_dag.py
[2021-06-23 05:50:34,782] {scheduler_job.py:633} INFO - Processing file /home/airflow/.local/lib/python3.6/site-packages/airflow/example_dags/example_skip_dag.py for tasks to queue
[2021-06-23 05:50:34,783] {logging_mixin.py:104} INFO - [2021-06-23 05:50:34,783] {dagbag.py:487} INFO - Filling up the DagBag from /home/airflow/.local/lib/python3.6/site-packages/airflow/example_dags/example_skip_dag.py
[2021-06-23 05:50:34,812] {scheduler_job.py:643} INFO - DAG(s) dict_keys(['example_skip_dag']) retrieved from /home/airflow/.local/lib/python3.6/site-packages/airflow/example_dags/example_skip_dag.py
[2021-06-23 05:50:34,846] {logging_mixin.py:104} INFO - [2021-06-23 05:50:34,846] {dag.py:1832} INFO - Sync 1 DAGs
[2021-06-23 05:50:34,876] {logging_mixin.py:104} INFO - [2021-06-23 05:50:34,876] {dag.py:2305} INFO - Setting next_dagrun for example_skip_dag to 2021-06-21 00:00:00+00:00
[2021-06-23 05:50:34,899] {scheduler_job.py:190} INFO - Processing /home/airflow/.local/lib/python3.6/site-packages/airflow/example_dags/example_skip_dag.py took 0.122 seconds
[2021-06-23 05:51:05,329] {scheduler_job.py:182} INFO - Started process (PID=1818) to work on /home/airflow/.local/lib/python3.6/site-packages/airflow/example_dags/example_skip_dag.py
[2021-06-23 05:51:05,331] {scheduler_job.py:633} INFO - Processing file /home/airflow/.local/lib/python3.6/site-packages/airflow/example_dags/example_skip_dag.py for tasks to queue
[2021-06-23 05:51:05,332] {logging_mixin.py:104} INFO - [2021-06-23 05:51:05,332] {dagbag.py:487} INFO - Filling up the DagBag from /home/airflow/.local/lib/python3.6/site-packages/airflow/example_dags/example_skip_dag.py
[2021-06-23 05:51:05,353] {scheduler_job.py:643} INFO - DAG(s) dict_keys(['example_skip_dag']) retrieved from /home/airflow/.local/lib/python3.6/site-packages/airflow/example_dags/example_skip_dag.py
[2021-06-23 05:51:05,381] {logging_mixin.py:104} INFO - [2021-06-23 05:51:05,381] {dag.py:1832} INFO - Sync 1 DAGs
[2021-06-23 05:51:05,402] {logging_mixin.py:104} INFO - [2021-06-23 05:51:05,401] {dag.py:2305} INFO - Setting next_dagrun for example_skip_dag to 2021-06-21 00:00:00+00:00
[2021-06-23 05:51:05,415] {scheduler_job.py:190} INFO - Processing /home/airflow/.local/lib/python3.6/site-packages/airflow/example_dags/example_skip_dag.py took 0.090 seconds
[2021-06-23 05:51:36,123] {scheduler_job.py:182} INFO - Started process (PID=1893) to work on /home/airflow/.local/lib/python3.6/site-packages/airflow/example_dags/example_skip_dag.py
[2021-06-23 05:51:36,140] {scheduler_job.py:633} INFO - Processing file /home/airflow/.local/lib/python3.6/site-packages/airflow/example_dags/example_skip_dag.py for tasks to queue
[2021-06-23 05:51:36,150] {logging_mixin.py:104} INFO - [2021-06-23 05:51:36,149] {dagbag.py:487} INFO - Filling up the DagBag from /home/airflow/.local/lib/python3.6/site-packages/airflow/example_dags/example_skip_dag.py
[2021-06-23 05:51:36,178] {scheduler_job.py:643} INFO - DAG(s) dict_keys(['example_skip_dag']) retrieved from /home/airflow/.local/lib/python3.6/site-packages/airflow/example_dags/example_skip_dag.py
[2021-06-23 05:51:36,299] {logging_mixin.py:104} INFO - [2021-06-23 05:51:36,299] {dag.py:1832} INFO - Sync 1 DAGs
[2021-06-23 05:51:36,381] {logging_mixin.py:104} INFO - [2021-06-23 05:51:36,381] {dag.py:2305} INFO - Setting next_dagrun for example_skip_dag to 2021-06-21 00:00:00+00:00
[2021-06-23 05:51:36,421] {scheduler_job.py:190} INFO - Processing /home/airflow/.local/lib/python3.6/site-packages/airflow/example_dags/example_skip_dag.py took 0.318 seconds
[2021-06-23 05:52:06,828] {scheduler_job.py:182} INFO - Started process (PID=1961) to work on /home/airflow/.local/lib/python3.6/site-packages/airflow/example_dags/example_skip_dag.py
[2021-06-23 05:52:06,830] {scheduler_job.py:633} INFO - Processing file /home/airflow/.local/lib/python3.6/site-packages/airflow/example_dags/example_skip_dag.py for tasks to queue
[2021-06-23 05:52:06,833] {logging_mixin.py:104} INFO - [2021-06-23 05:52:06,832] {dagbag.py:487} INFO - Filling up the DagBag from /home/airflow/.local/lib/python3.6/site-packages/airflow/example_dags/example_skip_dag.py
[2021-06-23 05:52:06,912] {scheduler_job.py:643} INFO - DAG(s) dict_keys(['example_skip_dag']) retrieved from /home/airflow/.local/lib/python3.6/site-packages/airflow/example_dags/example_skip_dag.py
[2021-06-23 05:52:06,966] {logging_mixin.py:104} INFO - [2021-06-23 05:52:06,966] {dag.py:1832} INFO - Sync 1 DAGs
[2021-06-23 05:52:07,019] {logging_mixin.py:104} INFO - [2021-06-23 05:52:07,019] {dag.py:2305} INFO - Setting next_dagrun for example_skip_dag to 2021-06-21 00:00:00+00:00
[2021-06-23 05:52:07,076] {scheduler_job.py:190} INFO - Processing /home/airflow/.local/lib/python3.6/site-packages/airflow/example_dags/example_skip_dag.py took 0.286 seconds
[2021-06-23 05:52:37,646] {scheduler_job.py:182} INFO - Started process (PID=2026) to work on /home/airflow/.local/lib/python3.6/site-packages/airflow/example_dags/example_skip_dag.py
[2021-06-23 05:52:37,659] {scheduler_job.py:633} INFO - Processing file /home/airflow/.local/lib/python3.6/site-packages/airflow/example_dags/example_skip_dag.py for tasks to queue
[2021-06-23 05:52:37,662] {logging_mixin.py:104} INFO - [2021-06-23 05:52:37,661] {dagbag.py:487} INFO - Filling up the DagBag from /home/airflow/.local/lib/python3.6/site-packages/airflow/example_dags/example_skip_dag.py
[2021-06-23 05:52:37,720] {scheduler_job.py:643} INFO - DAG(s) dict_keys(['example_skip_dag']) retrieved from /home/airflow/.local/lib/python3.6/site-packages/airflow/example_dags/example_skip_dag.py
[2021-06-23 05:52:37,823] {logging_mixin.py:104} INFO - [2021-06-23 05:52:37,823] {dag.py:1832} INFO - Sync 1 DAGs
[2021-06-23 05:52:37,854] {logging_mixin.py:104} INFO - [2021-06-23 05:52:37,854] {dag.py:2305} INFO - Setting next_dagrun for example_skip_dag to 2021-06-21 00:00:00+00:00
[2021-06-23 05:52:37,881] {scheduler_job.py:190} INFO - Processing /home/airflow/.local/lib/python3.6/site-packages/airflow/example_dags/example_skip_dag.py took 0.276 seconds
[2021-06-23 05:53:07,982] {scheduler_job.py:182} INFO - Started process (PID=2085) to work on /home/airflow/.local/lib/python3.6/site-packages/airflow/example_dags/example_skip_dag.py
[2021-06-23 05:53:07,983] {scheduler_job.py:633} INFO - Processing file /home/airflow/.local/lib/python3.6/site-packages/airflow/example_dags/example_skip_dag.py for tasks to queue
[2021-06-23 05:53:07,984] {logging_mixin.py:104} INFO - [2021-06-23 05:53:07,984] {dagbag.py:487} INFO - Filling up the DagBag from /home/airflow/.local/lib/python3.6/site-packages/airflow/example_dags/example_skip_dag.py
[2021-06-23 05:53:08,016] {scheduler_job.py:643} INFO - DAG(s) dict_keys(['example_skip_dag']) retrieved from /home/airflow/.local/lib/python3.6/site-packages/airflow/example_dags/example_skip_dag.py
[2021-06-23 05:53:08,099] {logging_mixin.py:104} INFO - [2021-06-23 05:53:08,099] {dag.py:1832} INFO - Sync 1 DAGs
[2021-06-23 05:53:08,158] {logging_mixin.py:104} INFO - [2021-06-23 05:53:08,158] {dag.py:2305} INFO - Setting next_dagrun for example_skip_dag to 2021-06-21 00:00:00+00:00
[2021-06-23 05:53:08,192] {scheduler_job.py:190} INFO - Processing /home/airflow/.local/lib/python3.6/site-packages/airflow/example_dags/example_skip_dag.py took 0.215 seconds
[2021-06-23 05:53:38,364] {scheduler_job.py:182} INFO - Started process (PID=2149) to work on /home/airflow/.local/lib/python3.6/site-packages/airflow/example_dags/example_skip_dag.py
[2021-06-23 05:53:38,365] {scheduler_job.py:633} INFO - Processing file /home/airflow/.local/lib/python3.6/site-packages/airflow/example_dags/example_skip_dag.py for tasks to queue
[2021-06-23 05:53:38,366] {logging_mixin.py:104} INFO - [2021-06-23 05:53:38,366] {dagbag.py:487} INFO - Filling up the DagBag from /home/airflow/.local/lib/python3.6/site-packages/airflow/example_dags/example_skip_dag.py
[2021-06-23 05:53:38,385] {scheduler_job.py:643} INFO - DAG(s) dict_keys(['example_skip_dag']) retrieved from /home/airflow/.local/lib/python3.6/site-packages/airflow/example_dags/example_skip_dag.py
[2021-06-23 05:53:38,448] {logging_mixin.py:104} INFO - [2021-06-23 05:53:38,447] {dag.py:1832} INFO - Sync 1 DAGs
[2021-06-23 05:53:38,489] {logging_mixin.py:104} INFO - [2021-06-23 05:53:38,488] {dag.py:2305} INFO - Setting next_dagrun for example_skip_dag to 2021-06-21 00:00:00+00:00
[2021-06-23 05:53:38,510] {scheduler_job.py:190} INFO - Processing /home/airflow/.local/lib/python3.6/site-packages/airflow/example_dags/example_skip_dag.py took 0.149 seconds
[2021-06-23 05:54:09,016] {scheduler_job.py:182} INFO - Started process (PID=2210) to work on /home/airflow/.local/lib/python3.6/site-packages/airflow/example_dags/example_skip_dag.py
[2021-06-23 05:54:09,020] {scheduler_job.py:633} INFO - Processing file /home/airflow/.local/lib/python3.6/site-packages/airflow/example_dags/example_skip_dag.py for tasks to queue
[2021-06-23 05:54:09,022] {logging_mixin.py:104} INFO - [2021-06-23 05:54:09,022] {dagbag.py:487} INFO - Filling up the DagBag from /home/airflow/.local/lib/python3.6/site-packages/airflow/example_dags/example_skip_dag.py
[2021-06-23 05:54:09,055] {scheduler_job.py:643} INFO - DAG(s) dict_keys(['example_skip_dag']) retrieved from /home/airflow/.local/lib/python3.6/site-packages/airflow/example_dags/example_skip_dag.py
[2021-06-23 05:54:09,310] {logging_mixin.py:104} INFO - [2021-06-23 05:54:09,309] {dag.py:1832} INFO - Sync 1 DAGs
[2021-06-23 05:54:09,434] {logging_mixin.py:104} INFO - [2021-06-23 05:54:09,434] {dag.py:2305} INFO - Setting next_dagrun for example_skip_dag to 2021-06-21 00:00:00+00:00
[2021-06-23 05:54:09,482] {scheduler_job.py:190} INFO - Processing /home/airflow/.local/lib/python3.6/site-packages/airflow/example_dags/example_skip_dag.py took 0.471 seconds
[2021-06-23 05:54:39,800] {scheduler_job.py:182} INFO - Started process (PID=2274) to work on /home/airflow/.local/lib/python3.6/site-packages/airflow/example_dags/example_skip_dag.py
[2021-06-23 05:54:39,803] {scheduler_job.py:633} INFO - Processing file /home/airflow/.local/lib/python3.6/site-packages/airflow/example_dags/example_skip_dag.py for tasks to queue
[2021-06-23 05:54:39,804] {logging_mixin.py:104} INFO - [2021-06-23 05:54:39,804] {dagbag.py:487} INFO - Filling up the DagBag from /home/airflow/.local/lib/python3.6/site-packages/airflow/example_dags/example_skip_dag.py
[2021-06-23 05:54:39,823] {scheduler_job.py:643} INFO - DAG(s) dict_keys(['example_skip_dag']) retrieved from /home/airflow/.local/lib/python3.6/site-packages/airflow/example_dags/example_skip_dag.py
[2021-06-23 05:54:39,887] {logging_mixin.py:104} INFO - [2021-06-23 05:54:39,887] {dag.py:1832} INFO - Sync 1 DAGs
[2021-06-23 05:54:39,929] {logging_mixin.py:104} INFO - [2021-06-23 05:54:39,928] {dag.py:2305} INFO - Setting next_dagrun for example_skip_dag to 2021-06-21 00:00:00+00:00
[2021-06-23 05:54:39,961] {scheduler_job.py:190} INFO - Processing /home/airflow/.local/lib/python3.6/site-packages/airflow/example_dags/example_skip_dag.py took 0.166 seconds
[2021-06-23 05:55:10,765] {scheduler_job.py:182} INFO - Started process (PID=2348) to work on /home/airflow/.local/lib/python3.6/site-packages/airflow/example_dags/example_skip_dag.py
[2021-06-23 05:55:10,769] {scheduler_job.py:633} INFO - Processing file /home/airflow/.local/lib/python3.6/site-packages/airflow/example_dags/example_skip_dag.py for tasks to queue
[2021-06-23 05:55:10,774] {logging_mixin.py:104} INFO - [2021-06-23 05:55:10,772] {dagbag.py:487} INFO - Filling up the DagBag from /home/airflow/.local/lib/python3.6/site-packages/airflow/example_dags/example_skip_dag.py
[2021-06-23 05:55:10,815] {scheduler_job.py:643} INFO - DAG(s) dict_keys(['example_skip_dag']) retrieved from /home/airflow/.local/lib/python3.6/site-packages/airflow/example_dags/example_skip_dag.py
[2021-06-23 05:55:10,857] {logging_mixin.py:104} INFO - [2021-06-23 05:55:10,857] {dag.py:1832} INFO - Sync 1 DAGs
[2021-06-23 05:55:10,887] {logging_mixin.py:104} INFO - [2021-06-23 05:55:10,887] {dag.py:2305} INFO - Setting next_dagrun for example_skip_dag to 2021-06-21 00:00:00+00:00
[2021-06-23 05:55:10,915] {scheduler_job.py:190} INFO - Processing /home/airflow/.local/lib/python3.6/site-packages/airflow/example_dags/example_skip_dag.py took 0.159 seconds
[2021-06-23 05:55:40,992] {scheduler_job.py:182} INFO - Started process (PID=2414) to work on /home/airflow/.local/lib/python3.6/site-packages/airflow/example_dags/example_skip_dag.py
[2021-06-23 05:55:40,994] {scheduler_job.py:633} INFO - Processing file /home/airflow/.local/lib/python3.6/site-packages/airflow/example_dags/example_skip_dag.py for tasks to queue
[2021-06-23 05:55:40,995] {logging_mixin.py:104} INFO - [2021-06-23 05:55:40,995] {dagbag.py:487} INFO - Filling up the DagBag from /home/airflow/.local/lib/python3.6/site-packages/airflow/example_dags/example_skip_dag.py
[2021-06-23 05:55:41,087] {scheduler_job.py:643} INFO - DAG(s) dict_keys(['example_skip_dag']) retrieved from /home/airflow/.local/lib/python3.6/site-packages/airflow/example_dags/example_skip_dag.py
[2021-06-23 05:55:41,143] {logging_mixin.py:104} INFO - [2021-06-23 05:55:41,143] {dag.py:1832} INFO - Sync 1 DAGs
[2021-06-23 05:55:41,186] {logging_mixin.py:104} INFO - [2021-06-23 05:55:41,186] {dag.py:2305} INFO - Setting next_dagrun for example_skip_dag to 2021-06-21 00:00:00+00:00
[2021-06-23 05:55:41,211] {scheduler_job.py:190} INFO - Processing /home/airflow/.local/lib/python3.6/site-packages/airflow/example_dags/example_skip_dag.py took 0.235 seconds
[2021-06-23 05:56:11,404] {scheduler_job.py:182} INFO - Started process (PID=2476) to work on /home/airflow/.local/lib/python3.6/site-packages/airflow/example_dags/example_skip_dag.py
[2021-06-23 05:56:11,408] {scheduler_job.py:633} INFO - Processing file /home/airflow/.local/lib/python3.6/site-packages/airflow/example_dags/example_skip_dag.py for tasks to queue
[2021-06-23 05:56:11,410] {logging_mixin.py:104} INFO - [2021-06-23 05:56:11,410] {dagbag.py:487} INFO - Filling up the DagBag from /home/airflow/.local/lib/python3.6/site-packages/airflow/example_dags/example_skip_dag.py
[2021-06-23 05:56:11,437] {scheduler_job.py:643} INFO - DAG(s) dict_keys(['example_skip_dag']) retrieved from /home/airflow/.local/lib/python3.6/site-packages/airflow/example_dags/example_skip_dag.py
[2021-06-23 05:56:11,487] {logging_mixin.py:104} INFO - [2021-06-23 05:56:11,487] {dag.py:1832} INFO - Sync 1 DAGs
[2021-06-23 05:56:11,515] {logging_mixin.py:104} INFO - [2021-06-23 05:56:11,514] {dag.py:2305} INFO - Setting next_dagrun for example_skip_dag to 2021-06-21 00:00:00+00:00
[2021-06-23 05:56:11,572] {scheduler_job.py:190} INFO - Processing /home/airflow/.local/lib/python3.6/site-packages/airflow/example_dags/example_skip_dag.py took 0.174 seconds
[2021-06-23 05:56:41,746] {scheduler_job.py:182} INFO - Started process (PID=2540) to work on /home/airflow/.local/lib/python3.6/site-packages/airflow/example_dags/example_skip_dag.py
[2021-06-23 05:56:41,748] {scheduler_job.py:633} INFO - Processing file /home/airflow/.local/lib/python3.6/site-packages/airflow/example_dags/example_skip_dag.py for tasks to queue
[2021-06-23 05:56:41,749] {logging_mixin.py:104} INFO - [2021-06-23 05:56:41,749] {dagbag.py:487} INFO - Filling up the DagBag from /home/airflow/.local/lib/python3.6/site-packages/airflow/example_dags/example_skip_dag.py
[2021-06-23 05:56:41,778] {scheduler_job.py:643} INFO - DAG(s) dict_keys(['example_skip_dag']) retrieved from /home/airflow/.local/lib/python3.6/site-packages/airflow/example_dags/example_skip_dag.py
[2021-06-23 05:56:41,839] {logging_mixin.py:104} INFO - [2021-06-23 05:56:41,839] {dag.py:1832} INFO - Sync 1 DAGs
[2021-06-23 05:56:41,895] {logging_mixin.py:104} INFO - [2021-06-23 05:56:41,894] {dag.py:2305} INFO - Setting next_dagrun for example_skip_dag to 2021-06-21 00:00:00+00:00
[2021-06-23 05:56:41,911] {scheduler_job.py:190} INFO - Processing /home/airflow/.local/lib/python3.6/site-packages/airflow/example_dags/example_skip_dag.py took 0.169 seconds
[2021-06-23 05:57:12,156] {scheduler_job.py:182} INFO - Started process (PID=2604) to work on /home/airflow/.local/lib/python3.6/site-packages/airflow/example_dags/example_skip_dag.py
[2021-06-23 05:57:12,158] {scheduler_job.py:633} INFO - Processing file /home/airflow/.local/lib/python3.6/site-packages/airflow/example_dags/example_skip_dag.py for tasks to queue
[2021-06-23 05:57:12,159] {logging_mixin.py:104} INFO - [2021-06-23 05:57:12,159] {dagbag.py:487} INFO - Filling up the DagBag from /home/airflow/.local/lib/python3.6/site-packages/airflow/example_dags/example_skip_dag.py
[2021-06-23 05:57:12,193] {scheduler_job.py:643} INFO - DAG(s) dict_keys(['example_skip_dag']) retrieved from /home/airflow/.local/lib/python3.6/site-packages/airflow/example_dags/example_skip_dag.py
[2021-06-23 05:57:12,242] {logging_mixin.py:104} INFO - [2021-06-23 05:57:12,242] {dag.py:1832} INFO - Sync 1 DAGs
[2021-06-23 05:57:12,295] {logging_mixin.py:104} INFO - [2021-06-23 05:57:12,294] {dag.py:2305} INFO - Setting next_dagrun for example_skip_dag to 2021-06-21 00:00:00+00:00
[2021-06-23 05:57:12,325] {scheduler_job.py:190} INFO - Processing /home/airflow/.local/lib/python3.6/site-packages/airflow/example_dags/example_skip_dag.py took 0.181 seconds
[2021-06-23 05:57:42,694] {scheduler_job.py:182} INFO - Started process (PID=2665) to work on /home/airflow/.local/lib/python3.6/site-packages/airflow/example_dags/example_skip_dag.py
[2021-06-23 05:57:42,697] {scheduler_job.py:633} INFO - Processing file /home/airflow/.local/lib/python3.6/site-packages/airflow/example_dags/example_skip_dag.py for tasks to queue
[2021-06-23 05:57:42,699] {logging_mixin.py:104} INFO - [2021-06-23 05:57:42,698] {dagbag.py:487} INFO - Filling up the DagBag from /home/airflow/.local/lib/python3.6/site-packages/airflow/example_dags/example_skip_dag.py
[2021-06-23 05:57:42,721] {scheduler_job.py:643} INFO - DAG(s) dict_keys(['example_skip_dag']) retrieved from /home/airflow/.local/lib/python3.6/site-packages/airflow/example_dags/example_skip_dag.py
[2021-06-23 05:57:42,771] {logging_mixin.py:104} INFO - [2021-06-23 05:57:42,770] {dag.py:1832} INFO - Sync 1 DAGs
[2021-06-23 05:57:42,798] {logging_mixin.py:104} INFO - [2021-06-23 05:57:42,798] {dag.py:2305} INFO - Setting next_dagrun for example_skip_dag to 2021-06-21 00:00:00+00:00
[2021-06-23 05:57:42,821] {scheduler_job.py:190} INFO - Processing /home/airflow/.local/lib/python3.6/site-packages/airflow/example_dags/example_skip_dag.py took 0.131 seconds
[2021-06-23 05:58:13,015] {scheduler_job.py:182} INFO - Started process (PID=2727) to work on /home/airflow/.local/lib/python3.6/site-packages/airflow/example_dags/example_skip_dag.py
[2021-06-23 05:58:13,017] {scheduler_job.py:633} INFO - Processing file /home/airflow/.local/lib/python3.6/site-packages/airflow/example_dags/example_skip_dag.py for tasks to queue
[2021-06-23 05:58:13,018] {logging_mixin.py:104} INFO - [2021-06-23 05:58:13,017] {dagbag.py:487} INFO - Filling up the DagBag from /home/airflow/.local/lib/python3.6/site-packages/airflow/example_dags/example_skip_dag.py
[2021-06-23 05:58:13,035] {scheduler_job.py:643} INFO - DAG(s) dict_keys(['example_skip_dag']) retrieved from /home/airflow/.local/lib/python3.6/site-packages/airflow/example_dags/example_skip_dag.py
[2021-06-23 05:58:13,067] {logging_mixin.py:104} INFO - [2021-06-23 05:58:13,067] {dag.py:1832} INFO - Sync 1 DAGs
[2021-06-23 05:58:13,091] {logging_mixin.py:104} INFO - [2021-06-23 05:58:13,091] {dag.py:2305} INFO - Setting next_dagrun for example_skip_dag to 2021-06-21 00:00:00+00:00
[2021-06-23 05:58:13,108] {scheduler_job.py:190} INFO - Processing /home/airflow/.local/lib/python3.6/site-packages/airflow/example_dags/example_skip_dag.py took 0.097 seconds
[2021-06-23 05:58:43,481] {scheduler_job.py:182} INFO - Started process (PID=2794) to work on /home/airflow/.local/lib/python3.6/site-packages/airflow/example_dags/example_skip_dag.py
[2021-06-23 05:58:43,482] {scheduler_job.py:633} INFO - Processing file /home/airflow/.local/lib/python3.6/site-packages/airflow/example_dags/example_skip_dag.py for tasks to queue
[2021-06-23 05:58:43,484] {logging_mixin.py:104} INFO - [2021-06-23 05:58:43,483] {dagbag.py:487} INFO - Filling up the DagBag from /home/airflow/.local/lib/python3.6/site-packages/airflow/example_dags/example_skip_dag.py
[2021-06-23 05:58:43,506] {scheduler_job.py:643} INFO - DAG(s) dict_keys(['example_skip_dag']) retrieved from /home/airflow/.local/lib/python3.6/site-packages/airflow/example_dags/example_skip_dag.py
[2021-06-23 05:58:43,561] {logging_mixin.py:104} INFO - [2021-06-23 05:58:43,561] {dag.py:1832} INFO - Sync 1 DAGs
[2021-06-23 05:58:43,594] {logging_mixin.py:104} INFO - [2021-06-23 05:58:43,594] {dag.py:2305} INFO - Setting next_dagrun for example_skip_dag to 2021-06-21 00:00:00+00:00
[2021-06-23 05:58:43,627] {scheduler_job.py:190} INFO - Processing /home/airflow/.local/lib/python3.6/site-packages/airflow/example_dags/example_skip_dag.py took 0.151 seconds
[2021-06-23 05:59:14,077] {scheduler_job.py:182} INFO - Started process (PID=2866) to work on /home/airflow/.local/lib/python3.6/site-packages/airflow/example_dags/example_skip_dag.py
[2021-06-23 05:59:14,080] {scheduler_job.py:633} INFO - Processing file /home/airflow/.local/lib/python3.6/site-packages/airflow/example_dags/example_skip_dag.py for tasks to queue
[2021-06-23 05:59:14,082] {logging_mixin.py:104} INFO - [2021-06-23 05:59:14,082] {dagbag.py:487} INFO - Filling up the DagBag from /home/airflow/.local/lib/python3.6/site-packages/airflow/example_dags/example_skip_dag.py
[2021-06-23 05:59:14,108] {scheduler_job.py:643} INFO - DAG(s) dict_keys(['example_skip_dag']) retrieved from /home/airflow/.local/lib/python3.6/site-packages/airflow/example_dags/example_skip_dag.py
[2021-06-23 05:59:14,146] {logging_mixin.py:104} INFO - [2021-06-23 05:59:14,146] {dag.py:1832} INFO - Sync 1 DAGs
[2021-06-23 05:59:14,170] {logging_mixin.py:104} INFO - [2021-06-23 05:59:14,170] {dag.py:2305} INFO - Setting next_dagrun for example_skip_dag to 2021-06-21 00:00:00+00:00
[2021-06-23 05:59:14,195] {scheduler_job.py:190} INFO - Processing /home/airflow/.local/lib/python3.6/site-packages/airflow/example_dags/example_skip_dag.py took 0.122 seconds
[2021-06-23 05:59:44,305] {scheduler_job.py:182} INFO - Started process (PID=2923) to work on /home/airflow/.local/lib/python3.6/site-packages/airflow/example_dags/example_skip_dag.py
[2021-06-23 05:59:44,306] {scheduler_job.py:633} INFO - Processing file /home/airflow/.local/lib/python3.6/site-packages/airflow/example_dags/example_skip_dag.py for tasks to queue
[2021-06-23 05:59:44,307] {logging_mixin.py:104} INFO - [2021-06-23 05:59:44,307] {dagbag.py:487} INFO - Filling up the DagBag from /home/airflow/.local/lib/python3.6/site-packages/airflow/example_dags/example_skip_dag.py
[2021-06-23 05:59:44,324] {scheduler_job.py:643} INFO - DAG(s) dict_keys(['example_skip_dag']) retrieved from /home/airflow/.local/lib/python3.6/site-packages/airflow/example_dags/example_skip_dag.py
[2021-06-23 05:59:44,387] {logging_mixin.py:104} INFO - [2021-06-23 05:59:44,387] {dag.py:1832} INFO - Sync 1 DAGs
[2021-06-23 05:59:44,417] {logging_mixin.py:104} INFO - [2021-06-23 05:59:44,417] {dag.py:2305} INFO - Setting next_dagrun for example_skip_dag to 2021-06-21 00:00:00+00:00
[2021-06-23 05:59:44,441] {scheduler_job.py:190} INFO - Processing /home/airflow/.local/lib/python3.6/site-packages/airflow/example_dags/example_skip_dag.py took 0.141 seconds
[2021-06-23 06:00:14,738] {scheduler_job.py:182} INFO - Started process (PID=2998) to work on /home/airflow/.local/lib/python3.6/site-packages/airflow/example_dags/example_skip_dag.py
[2021-06-23 06:00:14,743] {scheduler_job.py:633} INFO - Processing file /home/airflow/.local/lib/python3.6/site-packages/airflow/example_dags/example_skip_dag.py for tasks to queue
[2021-06-23 06:00:14,744] {logging_mixin.py:104} INFO - [2021-06-23 06:00:14,744] {dagbag.py:487} INFO - Filling up the DagBag from /home/airflow/.local/lib/python3.6/site-packages/airflow/example_dags/example_skip_dag.py
[2021-06-23 06:00:14,771] {scheduler_job.py:643} INFO - DAG(s) dict_keys(['example_skip_dag']) retrieved from /home/airflow/.local/lib/python3.6/site-packages/airflow/example_dags/example_skip_dag.py
[2021-06-23 06:00:14,829] {logging_mixin.py:104} INFO - [2021-06-23 06:00:14,828] {dag.py:1832} INFO - Sync 1 DAGs
[2021-06-23 06:00:14,858] {logging_mixin.py:104} INFO - [2021-06-23 06:00:14,858] {dag.py:2305} INFO - Setting next_dagrun for example_skip_dag to 2021-06-21 00:00:00+00:00
[2021-06-23 06:00:14,877] {scheduler_job.py:190} INFO - Processing /home/airflow/.local/lib/python3.6/site-packages/airflow/example_dags/example_skip_dag.py took 0.143 seconds
[2021-06-23 06:00:45,059] {scheduler_job.py:182} INFO - Started process (PID=3059) to work on /home/airflow/.local/lib/python3.6/site-packages/airflow/example_dags/example_skip_dag.py
[2021-06-23 06:00:45,061] {scheduler_job.py:633} INFO - Processing file /home/airflow/.local/lib/python3.6/site-packages/airflow/example_dags/example_skip_dag.py for tasks to queue
[2021-06-23 06:00:45,063] {logging_mixin.py:104} INFO - [2021-06-23 06:00:45,062] {dagbag.py:487} INFO - Filling up the DagBag from /home/airflow/.local/lib/python3.6/site-packages/airflow/example_dags/example_skip_dag.py
[2021-06-23 06:00:45,086] {scheduler_job.py:643} INFO - DAG(s) dict_keys(['example_skip_dag']) retrieved from /home/airflow/.local/lib/python3.6/site-packages/airflow/example_dags/example_skip_dag.py
[2021-06-23 06:00:45,145] {logging_mixin.py:104} INFO - [2021-06-23 06:00:45,145] {dag.py:1832} INFO - Sync 1 DAGs
[2021-06-23 06:00:45,173] {logging_mixin.py:104} INFO - [2021-06-23 06:00:45,173] {dag.py:2305} INFO - Setting next_dagrun for example_skip_dag to 2021-06-21 00:00:00+00:00
[2021-06-23 06:00:45,207] {scheduler_job.py:190} INFO - Processing /home/airflow/.local/lib/python3.6/site-packages/airflow/example_dags/example_skip_dag.py took 0.154 seconds
