[2021-06-23 05:37:13,300] {scheduler_job.py:182} INFO - Started process (PID=67) to work on /home/airflow/.local/lib/python3.6/site-packages/airflow/example_dags/tutorial_etl_dag.py
[2021-06-23 05:37:13,301] {scheduler_job.py:633} INFO - Processing file /home/airflow/.local/lib/python3.6/site-packages/airflow/example_dags/tutorial_etl_dag.py for tasks to queue
[2021-06-23 05:37:13,302] {logging_mixin.py:104} INFO - [2021-06-23 05:37:13,302] {dagbag.py:487} INFO - Filling up the DagBag from /home/airflow/.local/lib/python3.6/site-packages/airflow/example_dags/tutorial_etl_dag.py
[2021-06-23 05:37:13,398] {scheduler_job.py:643} INFO - DAG(s) dict_keys(['tutorial_etl_dag']) retrieved from /home/airflow/.local/lib/python3.6/site-packages/airflow/example_dags/tutorial_etl_dag.py
[2021-06-23 05:37:14,832] {logging_mixin.py:104} INFO - [2021-06-23 05:37:14,831] {dag.py:1832} INFO - Sync 1 DAGs
[2021-06-23 05:37:14,867] {logging_mixin.py:104} INFO - [2021-06-23 05:37:14,867] {dag.py:2305} INFO - Setting next_dagrun for tutorial_etl_dag to None
[2021-06-23 05:37:14,906] {scheduler_job.py:190} INFO - Processing /home/airflow/.local/lib/python3.6/site-packages/airflow/example_dags/tutorial_etl_dag.py took 1.626 seconds
[2021-06-23 05:37:45,289] {scheduler_job.py:182} INFO - Started process (PID=130) to work on /home/airflow/.local/lib/python3.6/site-packages/airflow/example_dags/tutorial_etl_dag.py
[2021-06-23 05:37:45,297] {scheduler_job.py:633} INFO - Processing file /home/airflow/.local/lib/python3.6/site-packages/airflow/example_dags/tutorial_etl_dag.py for tasks to queue
[2021-06-23 05:37:45,303] {logging_mixin.py:104} INFO - [2021-06-23 05:37:45,303] {dagbag.py:487} INFO - Filling up the DagBag from /home/airflow/.local/lib/python3.6/site-packages/airflow/example_dags/tutorial_etl_dag.py
[2021-06-23 05:37:45,380] {scheduler_job.py:643} INFO - DAG(s) dict_keys(['tutorial_etl_dag']) retrieved from /home/airflow/.local/lib/python3.6/site-packages/airflow/example_dags/tutorial_etl_dag.py
[2021-06-23 05:37:45,473] {logging_mixin.py:104} INFO - [2021-06-23 05:37:45,473] {dag.py:1832} INFO - Sync 1 DAGs
[2021-06-23 05:37:45,515] {logging_mixin.py:104} INFO - [2021-06-23 05:37:45,515] {dag.py:2305} INFO - Setting next_dagrun for tutorial_etl_dag to None
[2021-06-23 05:37:45,559] {scheduler_job.py:190} INFO - Processing /home/airflow/.local/lib/python3.6/site-packages/airflow/example_dags/tutorial_etl_dag.py took 0.283 seconds
[2021-06-23 05:38:16,021] {scheduler_job.py:182} INFO - Started process (PID=192) to work on /home/airflow/.local/lib/python3.6/site-packages/airflow/example_dags/tutorial_etl_dag.py
[2021-06-23 05:38:16,022] {scheduler_job.py:633} INFO - Processing file /home/airflow/.local/lib/python3.6/site-packages/airflow/example_dags/tutorial_etl_dag.py for tasks to queue
[2021-06-23 05:38:16,023] {logging_mixin.py:104} INFO - [2021-06-23 05:38:16,023] {dagbag.py:487} INFO - Filling up the DagBag from /home/airflow/.local/lib/python3.6/site-packages/airflow/example_dags/tutorial_etl_dag.py
[2021-06-23 05:38:16,052] {scheduler_job.py:643} INFO - DAG(s) dict_keys(['tutorial_etl_dag']) retrieved from /home/airflow/.local/lib/python3.6/site-packages/airflow/example_dags/tutorial_etl_dag.py
[2021-06-23 05:38:16,103] {logging_mixin.py:104} INFO - [2021-06-23 05:38:16,103] {dag.py:1832} INFO - Sync 1 DAGs
[2021-06-23 05:38:16,139] {logging_mixin.py:104} INFO - [2021-06-23 05:38:16,139] {dag.py:2305} INFO - Setting next_dagrun for tutorial_etl_dag to None
[2021-06-23 05:38:16,168] {scheduler_job.py:190} INFO - Processing /home/airflow/.local/lib/python3.6/site-packages/airflow/example_dags/tutorial_etl_dag.py took 0.151 seconds
[2021-06-23 05:38:46,318] {scheduler_job.py:182} INFO - Started process (PID=256) to work on /home/airflow/.local/lib/python3.6/site-packages/airflow/example_dags/tutorial_etl_dag.py
[2021-06-23 05:38:46,319] {scheduler_job.py:633} INFO - Processing file /home/airflow/.local/lib/python3.6/site-packages/airflow/example_dags/tutorial_etl_dag.py for tasks to queue
[2021-06-23 05:38:46,321] {logging_mixin.py:104} INFO - [2021-06-23 05:38:46,320] {dagbag.py:487} INFO - Filling up the DagBag from /home/airflow/.local/lib/python3.6/site-packages/airflow/example_dags/tutorial_etl_dag.py
[2021-06-23 05:38:46,388] {scheduler_job.py:643} INFO - DAG(s) dict_keys(['tutorial_etl_dag']) retrieved from /home/airflow/.local/lib/python3.6/site-packages/airflow/example_dags/tutorial_etl_dag.py
[2021-06-23 05:38:46,449] {logging_mixin.py:104} INFO - [2021-06-23 05:38:46,449] {dag.py:1832} INFO - Sync 1 DAGs
[2021-06-23 05:38:46,496] {logging_mixin.py:104} INFO - [2021-06-23 05:38:46,496] {dag.py:2305} INFO - Setting next_dagrun for tutorial_etl_dag to None
[2021-06-23 05:38:46,519] {scheduler_job.py:190} INFO - Processing /home/airflow/.local/lib/python3.6/site-packages/airflow/example_dags/tutorial_etl_dag.py took 0.219 seconds
[2021-06-23 05:39:17,209] {scheduler_job.py:182} INFO - Started process (PID=317) to work on /home/airflow/.local/lib/python3.6/site-packages/airflow/example_dags/tutorial_etl_dag.py
[2021-06-23 05:39:17,210] {scheduler_job.py:633} INFO - Processing file /home/airflow/.local/lib/python3.6/site-packages/airflow/example_dags/tutorial_etl_dag.py for tasks to queue
[2021-06-23 05:39:17,211] {logging_mixin.py:104} INFO - [2021-06-23 05:39:17,211] {dagbag.py:487} INFO - Filling up the DagBag from /home/airflow/.local/lib/python3.6/site-packages/airflow/example_dags/tutorial_etl_dag.py
[2021-06-23 05:39:17,263] {scheduler_job.py:643} INFO - DAG(s) dict_keys(['tutorial_etl_dag']) retrieved from /home/airflow/.local/lib/python3.6/site-packages/airflow/example_dags/tutorial_etl_dag.py
[2021-06-23 05:39:17,358] {logging_mixin.py:104} INFO - [2021-06-23 05:39:17,358] {dag.py:1832} INFO - Sync 1 DAGs
[2021-06-23 05:39:17,413] {logging_mixin.py:104} INFO - [2021-06-23 05:39:17,413] {dag.py:2305} INFO - Setting next_dagrun for tutorial_etl_dag to None
[2021-06-23 05:39:17,455] {scheduler_job.py:190} INFO - Processing /home/airflow/.local/lib/python3.6/site-packages/airflow/example_dags/tutorial_etl_dag.py took 0.252 seconds
[2021-06-23 05:39:47,658] {scheduler_job.py:182} INFO - Started process (PID=390) to work on /home/airflow/.local/lib/python3.6/site-packages/airflow/example_dags/tutorial_etl_dag.py
[2021-06-23 05:39:47,661] {scheduler_job.py:633} INFO - Processing file /home/airflow/.local/lib/python3.6/site-packages/airflow/example_dags/tutorial_etl_dag.py for tasks to queue
[2021-06-23 05:39:47,662] {logging_mixin.py:104} INFO - [2021-06-23 05:39:47,662] {dagbag.py:487} INFO - Filling up the DagBag from /home/airflow/.local/lib/python3.6/site-packages/airflow/example_dags/tutorial_etl_dag.py
[2021-06-23 05:39:47,690] {scheduler_job.py:643} INFO - DAG(s) dict_keys(['tutorial_etl_dag']) retrieved from /home/airflow/.local/lib/python3.6/site-packages/airflow/example_dags/tutorial_etl_dag.py
[2021-06-23 05:39:47,784] {logging_mixin.py:104} INFO - [2021-06-23 05:39:47,781] {dag.py:1832} INFO - Sync 1 DAGs
[2021-06-23 05:39:47,879] {logging_mixin.py:104} INFO - [2021-06-23 05:39:47,879] {dag.py:2305} INFO - Setting next_dagrun for tutorial_etl_dag to None
[2021-06-23 05:39:47,968] {scheduler_job.py:190} INFO - Processing /home/airflow/.local/lib/python3.6/site-packages/airflow/example_dags/tutorial_etl_dag.py took 0.325 seconds
[2021-06-23 05:40:18,626] {scheduler_job.py:182} INFO - Started process (PID=453) to work on /home/airflow/.local/lib/python3.6/site-packages/airflow/example_dags/tutorial_etl_dag.py
[2021-06-23 05:40:18,628] {scheduler_job.py:633} INFO - Processing file /home/airflow/.local/lib/python3.6/site-packages/airflow/example_dags/tutorial_etl_dag.py for tasks to queue
[2021-06-23 05:40:18,629] {logging_mixin.py:104} INFO - [2021-06-23 05:40:18,629] {dagbag.py:487} INFO - Filling up the DagBag from /home/airflow/.local/lib/python3.6/site-packages/airflow/example_dags/tutorial_etl_dag.py
[2021-06-23 05:40:18,667] {scheduler_job.py:643} INFO - DAG(s) dict_keys(['tutorial_etl_dag']) retrieved from /home/airflow/.local/lib/python3.6/site-packages/airflow/example_dags/tutorial_etl_dag.py
[2021-06-23 05:40:18,859] {logging_mixin.py:104} INFO - [2021-06-23 05:40:18,848] {dag.py:1832} INFO - Sync 1 DAGs
[2021-06-23 05:40:18,935] {logging_mixin.py:104} INFO - [2021-06-23 05:40:18,935] {dag.py:2305} INFO - Setting next_dagrun for tutorial_etl_dag to None
[2021-06-23 05:40:19,002] {scheduler_job.py:190} INFO - Processing /home/airflow/.local/lib/python3.6/site-packages/airflow/example_dags/tutorial_etl_dag.py took 0.392 seconds
[2021-06-23 05:40:49,676] {scheduler_job.py:182} INFO - Started process (PID=518) to work on /home/airflow/.local/lib/python3.6/site-packages/airflow/example_dags/tutorial_etl_dag.py
[2021-06-23 05:40:49,684] {scheduler_job.py:633} INFO - Processing file /home/airflow/.local/lib/python3.6/site-packages/airflow/example_dags/tutorial_etl_dag.py for tasks to queue
[2021-06-23 05:40:49,685] {logging_mixin.py:104} INFO - [2021-06-23 05:40:49,684] {dagbag.py:487} INFO - Filling up the DagBag from /home/airflow/.local/lib/python3.6/site-packages/airflow/example_dags/tutorial_etl_dag.py
[2021-06-23 05:40:49,716] {scheduler_job.py:643} INFO - DAG(s) dict_keys(['tutorial_etl_dag']) retrieved from /home/airflow/.local/lib/python3.6/site-packages/airflow/example_dags/tutorial_etl_dag.py
[2021-06-23 05:40:49,790] {logging_mixin.py:104} INFO - [2021-06-23 05:40:49,790] {dag.py:1832} INFO - Sync 1 DAGs
[2021-06-23 05:40:49,832] {logging_mixin.py:104} INFO - [2021-06-23 05:40:49,832] {dag.py:2305} INFO - Setting next_dagrun for tutorial_etl_dag to None
[2021-06-23 05:40:49,855] {scheduler_job.py:190} INFO - Processing /home/airflow/.local/lib/python3.6/site-packages/airflow/example_dags/tutorial_etl_dag.py took 0.186 seconds
[2021-06-23 05:41:19,956] {scheduler_job.py:182} INFO - Started process (PID=579) to work on /home/airflow/.local/lib/python3.6/site-packages/airflow/example_dags/tutorial_etl_dag.py
[2021-06-23 05:41:19,957] {scheduler_job.py:633} INFO - Processing file /home/airflow/.local/lib/python3.6/site-packages/airflow/example_dags/tutorial_etl_dag.py for tasks to queue
[2021-06-23 05:41:19,958] {logging_mixin.py:104} INFO - [2021-06-23 05:41:19,958] {dagbag.py:487} INFO - Filling up the DagBag from /home/airflow/.local/lib/python3.6/site-packages/airflow/example_dags/tutorial_etl_dag.py
[2021-06-23 05:41:19,977] {scheduler_job.py:643} INFO - DAG(s) dict_keys(['tutorial_etl_dag']) retrieved from /home/airflow/.local/lib/python3.6/site-packages/airflow/example_dags/tutorial_etl_dag.py
[2021-06-23 05:41:20,045] {logging_mixin.py:104} INFO - [2021-06-23 05:41:20,045] {dag.py:1832} INFO - Sync 1 DAGs
[2021-06-23 05:41:20,091] {logging_mixin.py:104} INFO - [2021-06-23 05:41:20,091] {dag.py:2305} INFO - Setting next_dagrun for tutorial_etl_dag to None
[2021-06-23 05:41:20,118] {scheduler_job.py:190} INFO - Processing /home/airflow/.local/lib/python3.6/site-packages/airflow/example_dags/tutorial_etl_dag.py took 0.167 seconds
[2021-06-23 05:41:50,153] {scheduler_job.py:182} INFO - Started process (PID=649) to work on /home/airflow/.local/lib/python3.6/site-packages/airflow/example_dags/tutorial_etl_dag.py
[2021-06-23 05:41:50,155] {scheduler_job.py:633} INFO - Processing file /home/airflow/.local/lib/python3.6/site-packages/airflow/example_dags/tutorial_etl_dag.py for tasks to queue
[2021-06-23 05:41:50,156] {logging_mixin.py:104} INFO - [2021-06-23 05:41:50,156] {dagbag.py:487} INFO - Filling up the DagBag from /home/airflow/.local/lib/python3.6/site-packages/airflow/example_dags/tutorial_etl_dag.py
[2021-06-23 05:41:50,178] {scheduler_job.py:643} INFO - DAG(s) dict_keys(['tutorial_etl_dag']) retrieved from /home/airflow/.local/lib/python3.6/site-packages/airflow/example_dags/tutorial_etl_dag.py
[2021-06-23 05:41:50,237] {logging_mixin.py:104} INFO - [2021-06-23 05:41:50,237] {dag.py:1832} INFO - Sync 1 DAGs
[2021-06-23 05:41:50,296] {logging_mixin.py:104} INFO - [2021-06-23 05:41:50,295] {dag.py:2305} INFO - Setting next_dagrun for tutorial_etl_dag to None
[2021-06-23 05:41:50,319] {scheduler_job.py:190} INFO - Processing /home/airflow/.local/lib/python3.6/site-packages/airflow/example_dags/tutorial_etl_dag.py took 0.171 seconds
[2021-06-23 05:42:20,823] {scheduler_job.py:182} INFO - Started process (PID=711) to work on /home/airflow/.local/lib/python3.6/site-packages/airflow/example_dags/tutorial_etl_dag.py
[2021-06-23 05:42:20,825] {scheduler_job.py:633} INFO - Processing file /home/airflow/.local/lib/python3.6/site-packages/airflow/example_dags/tutorial_etl_dag.py for tasks to queue
[2021-06-23 05:42:20,826] {logging_mixin.py:104} INFO - [2021-06-23 05:42:20,826] {dagbag.py:487} INFO - Filling up the DagBag from /home/airflow/.local/lib/python3.6/site-packages/airflow/example_dags/tutorial_etl_dag.py
[2021-06-23 05:42:20,853] {scheduler_job.py:643} INFO - DAG(s) dict_keys(['tutorial_etl_dag']) retrieved from /home/airflow/.local/lib/python3.6/site-packages/airflow/example_dags/tutorial_etl_dag.py
[2021-06-23 05:42:20,904] {logging_mixin.py:104} INFO - [2021-06-23 05:42:20,904] {dag.py:1832} INFO - Sync 1 DAGs
[2021-06-23 05:42:20,937] {logging_mixin.py:104} INFO - [2021-06-23 05:42:20,937] {dag.py:2305} INFO - Setting next_dagrun for tutorial_etl_dag to None
[2021-06-23 05:42:20,968] {scheduler_job.py:190} INFO - Processing /home/airflow/.local/lib/python3.6/site-packages/airflow/example_dags/tutorial_etl_dag.py took 0.149 seconds
[2021-06-23 05:42:51,742] {scheduler_job.py:182} INFO - Started process (PID=776) to work on /home/airflow/.local/lib/python3.6/site-packages/airflow/example_dags/tutorial_etl_dag.py
[2021-06-23 05:42:51,744] {scheduler_job.py:633} INFO - Processing file /home/airflow/.local/lib/python3.6/site-packages/airflow/example_dags/tutorial_etl_dag.py for tasks to queue
[2021-06-23 05:42:51,745] {logging_mixin.py:104} INFO - [2021-06-23 05:42:51,745] {dagbag.py:487} INFO - Filling up the DagBag from /home/airflow/.local/lib/python3.6/site-packages/airflow/example_dags/tutorial_etl_dag.py
[2021-06-23 05:42:51,773] {scheduler_job.py:643} INFO - DAG(s) dict_keys(['tutorial_etl_dag']) retrieved from /home/airflow/.local/lib/python3.6/site-packages/airflow/example_dags/tutorial_etl_dag.py
[2021-06-23 05:42:51,834] {logging_mixin.py:104} INFO - [2021-06-23 05:42:51,833] {dag.py:1832} INFO - Sync 1 DAGs
[2021-06-23 05:42:51,864] {logging_mixin.py:104} INFO - [2021-06-23 05:42:51,864] {dag.py:2305} INFO - Setting next_dagrun for tutorial_etl_dag to None
[2021-06-23 05:42:51,881] {scheduler_job.py:190} INFO - Processing /home/airflow/.local/lib/python3.6/site-packages/airflow/example_dags/tutorial_etl_dag.py took 0.144 seconds
[2021-06-23 05:43:22,524] {scheduler_job.py:182} INFO - Started process (PID=837) to work on /home/airflow/.local/lib/python3.6/site-packages/airflow/example_dags/tutorial_etl_dag.py
[2021-06-23 05:43:22,555] {scheduler_job.py:633} INFO - Processing file /home/airflow/.local/lib/python3.6/site-packages/airflow/example_dags/tutorial_etl_dag.py for tasks to queue
[2021-06-23 05:43:22,566] {logging_mixin.py:104} INFO - [2021-06-23 05:43:22,566] {dagbag.py:487} INFO - Filling up the DagBag from /home/airflow/.local/lib/python3.6/site-packages/airflow/example_dags/tutorial_etl_dag.py
[2021-06-23 05:43:22,618] {scheduler_job.py:643} INFO - DAG(s) dict_keys(['tutorial_etl_dag']) retrieved from /home/airflow/.local/lib/python3.6/site-packages/airflow/example_dags/tutorial_etl_dag.py
[2021-06-23 05:43:22,722] {logging_mixin.py:104} INFO - [2021-06-23 05:43:22,722] {dag.py:1832} INFO - Sync 1 DAGs
[2021-06-23 05:43:22,812] {logging_mixin.py:104} INFO - [2021-06-23 05:43:22,804] {dag.py:2305} INFO - Setting next_dagrun for tutorial_etl_dag to None
[2021-06-23 05:43:22,848] {scheduler_job.py:190} INFO - Processing /home/airflow/.local/lib/python3.6/site-packages/airflow/example_dags/tutorial_etl_dag.py took 0.330 seconds
[2021-06-23 05:43:53,386] {scheduler_job.py:182} INFO - Started process (PID=912) to work on /home/airflow/.local/lib/python3.6/site-packages/airflow/example_dags/tutorial_etl_dag.py
[2021-06-23 05:43:53,387] {scheduler_job.py:633} INFO - Processing file /home/airflow/.local/lib/python3.6/site-packages/airflow/example_dags/tutorial_etl_dag.py for tasks to queue
[2021-06-23 05:43:53,388] {logging_mixin.py:104} INFO - [2021-06-23 05:43:53,388] {dagbag.py:487} INFO - Filling up the DagBag from /home/airflow/.local/lib/python3.6/site-packages/airflow/example_dags/tutorial_etl_dag.py
[2021-06-23 05:43:53,462] {scheduler_job.py:643} INFO - DAG(s) dict_keys(['tutorial_etl_dag']) retrieved from /home/airflow/.local/lib/python3.6/site-packages/airflow/example_dags/tutorial_etl_dag.py
[2021-06-23 05:43:53,554] {logging_mixin.py:104} INFO - [2021-06-23 05:43:53,554] {dag.py:1832} INFO - Sync 1 DAGs
[2021-06-23 05:43:53,659] {logging_mixin.py:104} INFO - [2021-06-23 05:43:53,659] {dag.py:2305} INFO - Setting next_dagrun for tutorial_etl_dag to None
[2021-06-23 05:43:53,691] {scheduler_job.py:190} INFO - Processing /home/airflow/.local/lib/python3.6/site-packages/airflow/example_dags/tutorial_etl_dag.py took 0.326 seconds
[2021-06-23 05:44:24,290] {scheduler_job.py:182} INFO - Started process (PID=979) to work on /home/airflow/.local/lib/python3.6/site-packages/airflow/example_dags/tutorial_etl_dag.py
[2021-06-23 05:44:24,293] {scheduler_job.py:633} INFO - Processing file /home/airflow/.local/lib/python3.6/site-packages/airflow/example_dags/tutorial_etl_dag.py for tasks to queue
[2021-06-23 05:44:24,299] {logging_mixin.py:104} INFO - [2021-06-23 05:44:24,299] {dagbag.py:487} INFO - Filling up the DagBag from /home/airflow/.local/lib/python3.6/site-packages/airflow/example_dags/tutorial_etl_dag.py
[2021-06-23 05:44:24,414] {scheduler_job.py:643} INFO - DAG(s) dict_keys(['tutorial_etl_dag']) retrieved from /home/airflow/.local/lib/python3.6/site-packages/airflow/example_dags/tutorial_etl_dag.py
[2021-06-23 05:44:24,471] {logging_mixin.py:104} INFO - [2021-06-23 05:44:24,470] {dag.py:1832} INFO - Sync 1 DAGs
[2021-06-23 05:44:24,501] {logging_mixin.py:104} INFO - [2021-06-23 05:44:24,500] {dag.py:2305} INFO - Setting next_dagrun for tutorial_etl_dag to None
[2021-06-23 05:44:24,522] {scheduler_job.py:190} INFO - Processing /home/airflow/.local/lib/python3.6/site-packages/airflow/example_dags/tutorial_etl_dag.py took 0.257 seconds
[2021-06-23 05:44:55,067] {scheduler_job.py:182} INFO - Started process (PID=1041) to work on /home/airflow/.local/lib/python3.6/site-packages/airflow/example_dags/tutorial_etl_dag.py
[2021-06-23 05:44:55,073] {scheduler_job.py:633} INFO - Processing file /home/airflow/.local/lib/python3.6/site-packages/airflow/example_dags/tutorial_etl_dag.py for tasks to queue
[2021-06-23 05:44:55,074] {logging_mixin.py:104} INFO - [2021-06-23 05:44:55,074] {dagbag.py:487} INFO - Filling up the DagBag from /home/airflow/.local/lib/python3.6/site-packages/airflow/example_dags/tutorial_etl_dag.py
[2021-06-23 05:44:55,116] {scheduler_job.py:643} INFO - DAG(s) dict_keys(['tutorial_etl_dag']) retrieved from /home/airflow/.local/lib/python3.6/site-packages/airflow/example_dags/tutorial_etl_dag.py
[2021-06-23 05:44:55,200] {logging_mixin.py:104} INFO - [2021-06-23 05:44:55,200] {dag.py:1832} INFO - Sync 1 DAGs
[2021-06-23 05:44:55,227] {logging_mixin.py:104} INFO - [2021-06-23 05:44:55,227] {dag.py:2305} INFO - Setting next_dagrun for tutorial_etl_dag to None
[2021-06-23 05:44:55,257] {scheduler_job.py:190} INFO - Processing /home/airflow/.local/lib/python3.6/site-packages/airflow/example_dags/tutorial_etl_dag.py took 0.208 seconds
[2021-06-23 05:45:26,028] {scheduler_job.py:182} INFO - Started process (PID=1104) to work on /home/airflow/.local/lib/python3.6/site-packages/airflow/example_dags/tutorial_etl_dag.py
[2021-06-23 05:45:26,036] {scheduler_job.py:633} INFO - Processing file /home/airflow/.local/lib/python3.6/site-packages/airflow/example_dags/tutorial_etl_dag.py for tasks to queue
[2021-06-23 05:45:26,037] {logging_mixin.py:104} INFO - [2021-06-23 05:45:26,037] {dagbag.py:487} INFO - Filling up the DagBag from /home/airflow/.local/lib/python3.6/site-packages/airflow/example_dags/tutorial_etl_dag.py
[2021-06-23 05:45:26,058] {scheduler_job.py:643} INFO - DAG(s) dict_keys(['tutorial_etl_dag']) retrieved from /home/airflow/.local/lib/python3.6/site-packages/airflow/example_dags/tutorial_etl_dag.py
[2021-06-23 05:45:26,135] {logging_mixin.py:104} INFO - [2021-06-23 05:45:26,134] {dag.py:1832} INFO - Sync 1 DAGs
[2021-06-23 05:45:26,164] {logging_mixin.py:104} INFO - [2021-06-23 05:45:26,164] {dag.py:2305} INFO - Setting next_dagrun for tutorial_etl_dag to None
[2021-06-23 05:45:26,187] {scheduler_job.py:190} INFO - Processing /home/airflow/.local/lib/python3.6/site-packages/airflow/example_dags/tutorial_etl_dag.py took 0.166 seconds
[2021-06-23 05:45:56,621] {scheduler_job.py:182} INFO - Started process (PID=1165) to work on /home/airflow/.local/lib/python3.6/site-packages/airflow/example_dags/tutorial_etl_dag.py
[2021-06-23 05:45:56,622] {scheduler_job.py:633} INFO - Processing file /home/airflow/.local/lib/python3.6/site-packages/airflow/example_dags/tutorial_etl_dag.py for tasks to queue
[2021-06-23 05:45:56,623] {logging_mixin.py:104} INFO - [2021-06-23 05:45:56,623] {dagbag.py:487} INFO - Filling up the DagBag from /home/airflow/.local/lib/python3.6/site-packages/airflow/example_dags/tutorial_etl_dag.py
[2021-06-23 05:45:56,662] {scheduler_job.py:643} INFO - DAG(s) dict_keys(['tutorial_etl_dag']) retrieved from /home/airflow/.local/lib/python3.6/site-packages/airflow/example_dags/tutorial_etl_dag.py
[2021-06-23 05:45:56,695] {logging_mixin.py:104} INFO - [2021-06-23 05:45:56,695] {dag.py:1832} INFO - Sync 1 DAGs
[2021-06-23 05:45:56,760] {logging_mixin.py:104} INFO - [2021-06-23 05:45:56,759] {dag.py:2305} INFO - Setting next_dagrun for tutorial_etl_dag to None
[2021-06-23 05:45:56,794] {scheduler_job.py:190} INFO - Processing /home/airflow/.local/lib/python3.6/site-packages/airflow/example_dags/tutorial_etl_dag.py took 0.182 seconds
[2021-06-23 05:46:27,141] {scheduler_job.py:182} INFO - Started process (PID=1239) to work on /home/airflow/.local/lib/python3.6/site-packages/airflow/example_dags/tutorial_etl_dag.py
[2021-06-23 05:46:27,143] {scheduler_job.py:633} INFO - Processing file /home/airflow/.local/lib/python3.6/site-packages/airflow/example_dags/tutorial_etl_dag.py for tasks to queue
[2021-06-23 05:46:27,144] {logging_mixin.py:104} INFO - [2021-06-23 05:46:27,144] {dagbag.py:487} INFO - Filling up the DagBag from /home/airflow/.local/lib/python3.6/site-packages/airflow/example_dags/tutorial_etl_dag.py
[2021-06-23 05:46:27,174] {scheduler_job.py:643} INFO - DAG(s) dict_keys(['tutorial_etl_dag']) retrieved from /home/airflow/.local/lib/python3.6/site-packages/airflow/example_dags/tutorial_etl_dag.py
[2021-06-23 05:46:27,294] {logging_mixin.py:104} INFO - [2021-06-23 05:46:27,293] {dag.py:1832} INFO - Sync 1 DAGs
[2021-06-23 05:46:27,375] {logging_mixin.py:104} INFO - [2021-06-23 05:46:27,375] {dag.py:2305} INFO - Setting next_dagrun for tutorial_etl_dag to None
[2021-06-23 05:46:27,396] {scheduler_job.py:190} INFO - Processing /home/airflow/.local/lib/python3.6/site-packages/airflow/example_dags/tutorial_etl_dag.py took 0.261 seconds
[2021-06-23 05:46:57,676] {scheduler_job.py:182} INFO - Started process (PID=1302) to work on /home/airflow/.local/lib/python3.6/site-packages/airflow/example_dags/tutorial_etl_dag.py
[2021-06-23 05:46:57,679] {scheduler_job.py:633} INFO - Processing file /home/airflow/.local/lib/python3.6/site-packages/airflow/example_dags/tutorial_etl_dag.py for tasks to queue
[2021-06-23 05:46:57,692] {logging_mixin.py:104} INFO - [2021-06-23 05:46:57,692] {dagbag.py:487} INFO - Filling up the DagBag from /home/airflow/.local/lib/python3.6/site-packages/airflow/example_dags/tutorial_etl_dag.py
[2021-06-23 05:46:57,721] {scheduler_job.py:643} INFO - DAG(s) dict_keys(['tutorial_etl_dag']) retrieved from /home/airflow/.local/lib/python3.6/site-packages/airflow/example_dags/tutorial_etl_dag.py
[2021-06-23 05:46:57,810] {logging_mixin.py:104} INFO - [2021-06-23 05:46:57,809] {dag.py:1832} INFO - Sync 1 DAGs
[2021-06-23 05:46:57,837] {logging_mixin.py:104} INFO - [2021-06-23 05:46:57,837] {dag.py:2305} INFO - Setting next_dagrun for tutorial_etl_dag to None
[2021-06-23 05:46:57,869] {scheduler_job.py:190} INFO - Processing /home/airflow/.local/lib/python3.6/site-packages/airflow/example_dags/tutorial_etl_dag.py took 0.199 seconds
[2021-06-23 05:47:28,085] {scheduler_job.py:182} INFO - Started process (PID=1369) to work on /home/airflow/.local/lib/python3.6/site-packages/airflow/example_dags/tutorial_etl_dag.py
[2021-06-23 05:47:28,087] {scheduler_job.py:633} INFO - Processing file /home/airflow/.local/lib/python3.6/site-packages/airflow/example_dags/tutorial_etl_dag.py for tasks to queue
[2021-06-23 05:47:28,088] {logging_mixin.py:104} INFO - [2021-06-23 05:47:28,087] {dagbag.py:487} INFO - Filling up the DagBag from /home/airflow/.local/lib/python3.6/site-packages/airflow/example_dags/tutorial_etl_dag.py
[2021-06-23 05:47:28,103] {scheduler_job.py:643} INFO - DAG(s) dict_keys(['tutorial_etl_dag']) retrieved from /home/airflow/.local/lib/python3.6/site-packages/airflow/example_dags/tutorial_etl_dag.py
[2021-06-23 05:47:28,128] {logging_mixin.py:104} INFO - [2021-06-23 05:47:28,128] {dag.py:1832} INFO - Sync 1 DAGs
[2021-06-23 05:47:28,151] {logging_mixin.py:104} INFO - [2021-06-23 05:47:28,151] {dag.py:2305} INFO - Setting next_dagrun for tutorial_etl_dag to None
[2021-06-23 05:47:28,170] {scheduler_job.py:190} INFO - Processing /home/airflow/.local/lib/python3.6/site-packages/airflow/example_dags/tutorial_etl_dag.py took 0.092 seconds
[2021-06-23 05:47:58,673] {scheduler_job.py:182} INFO - Started process (PID=1431) to work on /home/airflow/.local/lib/python3.6/site-packages/airflow/example_dags/tutorial_etl_dag.py
[2021-06-23 05:47:58,674] {scheduler_job.py:633} INFO - Processing file /home/airflow/.local/lib/python3.6/site-packages/airflow/example_dags/tutorial_etl_dag.py for tasks to queue
[2021-06-23 05:47:58,675] {logging_mixin.py:104} INFO - [2021-06-23 05:47:58,675] {dagbag.py:487} INFO - Filling up the DagBag from /home/airflow/.local/lib/python3.6/site-packages/airflow/example_dags/tutorial_etl_dag.py
[2021-06-23 05:47:58,699] {scheduler_job.py:643} INFO - DAG(s) dict_keys(['tutorial_etl_dag']) retrieved from /home/airflow/.local/lib/python3.6/site-packages/airflow/example_dags/tutorial_etl_dag.py
[2021-06-23 05:47:58,764] {logging_mixin.py:104} INFO - [2021-06-23 05:47:58,764] {dag.py:1832} INFO - Sync 1 DAGs
[2021-06-23 05:47:58,805] {logging_mixin.py:104} INFO - [2021-06-23 05:47:58,805] {dag.py:2305} INFO - Setting next_dagrun for tutorial_etl_dag to None
[2021-06-23 05:47:58,835] {scheduler_job.py:190} INFO - Processing /home/airflow/.local/lib/python3.6/site-packages/airflow/example_dags/tutorial_etl_dag.py took 0.167 seconds
[2021-06-23 05:48:29,088] {scheduler_job.py:182} INFO - Started process (PID=1492) to work on /home/airflow/.local/lib/python3.6/site-packages/airflow/example_dags/tutorial_etl_dag.py
[2021-06-23 05:48:29,100] {scheduler_job.py:633} INFO - Processing file /home/airflow/.local/lib/python3.6/site-packages/airflow/example_dags/tutorial_etl_dag.py for tasks to queue
[2021-06-23 05:48:29,101] {logging_mixin.py:104} INFO - [2021-06-23 05:48:29,100] {dagbag.py:487} INFO - Filling up the DagBag from /home/airflow/.local/lib/python3.6/site-packages/airflow/example_dags/tutorial_etl_dag.py
[2021-06-23 05:48:29,148] {scheduler_job.py:643} INFO - DAG(s) dict_keys(['tutorial_etl_dag']) retrieved from /home/airflow/.local/lib/python3.6/site-packages/airflow/example_dags/tutorial_etl_dag.py
[2021-06-23 05:48:29,181] {logging_mixin.py:104} INFO - [2021-06-23 05:48:29,181] {dag.py:1832} INFO - Sync 1 DAGs
[2021-06-23 05:48:29,205] {logging_mixin.py:104} INFO - [2021-06-23 05:48:29,205] {dag.py:2305} INFO - Setting next_dagrun for tutorial_etl_dag to None
[2021-06-23 05:48:29,302] {scheduler_job.py:190} INFO - Processing /home/airflow/.local/lib/python3.6/site-packages/airflow/example_dags/tutorial_etl_dag.py took 0.218 seconds
[2021-06-23 05:48:59,804] {scheduler_job.py:182} INFO - Started process (PID=1556) to work on /home/airflow/.local/lib/python3.6/site-packages/airflow/example_dags/tutorial_etl_dag.py
[2021-06-23 05:48:59,806] {scheduler_job.py:633} INFO - Processing file /home/airflow/.local/lib/python3.6/site-packages/airflow/example_dags/tutorial_etl_dag.py for tasks to queue
[2021-06-23 05:48:59,809] {logging_mixin.py:104} INFO - [2021-06-23 05:48:59,807] {dagbag.py:487} INFO - Filling up the DagBag from /home/airflow/.local/lib/python3.6/site-packages/airflow/example_dags/tutorial_etl_dag.py
[2021-06-23 05:48:59,902] {scheduler_job.py:643} INFO - DAG(s) dict_keys(['tutorial_etl_dag']) retrieved from /home/airflow/.local/lib/python3.6/site-packages/airflow/example_dags/tutorial_etl_dag.py
[2021-06-23 05:48:59,963] {logging_mixin.py:104} INFO - [2021-06-23 05:48:59,963] {dag.py:1832} INFO - Sync 1 DAGs
[2021-06-23 05:49:00,006] {logging_mixin.py:104} INFO - [2021-06-23 05:49:00,006] {dag.py:2305} INFO - Setting next_dagrun for tutorial_etl_dag to None
[2021-06-23 05:49:00,049] {scheduler_job.py:190} INFO - Processing /home/airflow/.local/lib/python3.6/site-packages/airflow/example_dags/tutorial_etl_dag.py took 0.255 seconds
[2021-06-23 05:49:30,101] {scheduler_job.py:182} INFO - Started process (PID=1620) to work on /home/airflow/.local/lib/python3.6/site-packages/airflow/example_dags/tutorial_etl_dag.py
[2021-06-23 05:49:30,105] {scheduler_job.py:633} INFO - Processing file /home/airflow/.local/lib/python3.6/site-packages/airflow/example_dags/tutorial_etl_dag.py for tasks to queue
[2021-06-23 05:49:30,107] {logging_mixin.py:104} INFO - [2021-06-23 05:49:30,107] {dagbag.py:487} INFO - Filling up the DagBag from /home/airflow/.local/lib/python3.6/site-packages/airflow/example_dags/tutorial_etl_dag.py
[2021-06-23 05:49:30,139] {scheduler_job.py:643} INFO - DAG(s) dict_keys(['tutorial_etl_dag']) retrieved from /home/airflow/.local/lib/python3.6/site-packages/airflow/example_dags/tutorial_etl_dag.py
[2021-06-23 05:49:30,172] {logging_mixin.py:104} INFO - [2021-06-23 05:49:30,172] {dag.py:1832} INFO - Sync 1 DAGs
[2021-06-23 05:49:30,212] {logging_mixin.py:104} INFO - [2021-06-23 05:49:30,212] {dag.py:2305} INFO - Setting next_dagrun for tutorial_etl_dag to None
[2021-06-23 05:49:30,240] {scheduler_job.py:190} INFO - Processing /home/airflow/.local/lib/python3.6/site-packages/airflow/example_dags/tutorial_etl_dag.py took 0.145 seconds
[2021-06-23 05:50:00,526] {scheduler_job.py:182} INFO - Started process (PID=1690) to work on /home/airflow/.local/lib/python3.6/site-packages/airflow/example_dags/tutorial_etl_dag.py
[2021-06-23 05:50:00,567] {scheduler_job.py:633} INFO - Processing file /home/airflow/.local/lib/python3.6/site-packages/airflow/example_dags/tutorial_etl_dag.py for tasks to queue
[2021-06-23 05:50:00,576] {logging_mixin.py:104} INFO - [2021-06-23 05:50:00,568] {dagbag.py:487} INFO - Filling up the DagBag from /home/airflow/.local/lib/python3.6/site-packages/airflow/example_dags/tutorial_etl_dag.py
[2021-06-23 05:50:00,655] {scheduler_job.py:643} INFO - DAG(s) dict_keys(['tutorial_etl_dag']) retrieved from /home/airflow/.local/lib/python3.6/site-packages/airflow/example_dags/tutorial_etl_dag.py
[2021-06-23 05:50:00,893] {logging_mixin.py:104} INFO - [2021-06-23 05:50:00,893] {dag.py:1832} INFO - Sync 1 DAGs
[2021-06-23 05:50:01,011] {logging_mixin.py:104} INFO - [2021-06-23 05:50:01,011] {dag.py:2305} INFO - Setting next_dagrun for tutorial_etl_dag to None
[2021-06-23 05:50:01,045] {scheduler_job.py:190} INFO - Processing /home/airflow/.local/lib/python3.6/site-packages/airflow/example_dags/tutorial_etl_dag.py took 0.551 seconds
[2021-06-23 05:50:31,487] {scheduler_job.py:182} INFO - Started process (PID=1756) to work on /home/airflow/.local/lib/python3.6/site-packages/airflow/example_dags/tutorial_etl_dag.py
[2021-06-23 05:50:31,499] {scheduler_job.py:633} INFO - Processing file /home/airflow/.local/lib/python3.6/site-packages/airflow/example_dags/tutorial_etl_dag.py for tasks to queue
[2021-06-23 05:50:31,501] {logging_mixin.py:104} INFO - [2021-06-23 05:50:31,501] {dagbag.py:487} INFO - Filling up the DagBag from /home/airflow/.local/lib/python3.6/site-packages/airflow/example_dags/tutorial_etl_dag.py
[2021-06-23 05:50:31,552] {scheduler_job.py:643} INFO - DAG(s) dict_keys(['tutorial_etl_dag']) retrieved from /home/airflow/.local/lib/python3.6/site-packages/airflow/example_dags/tutorial_etl_dag.py
[2021-06-23 05:50:31,615] {logging_mixin.py:104} INFO - [2021-06-23 05:50:31,615] {dag.py:1832} INFO - Sync 1 DAGs
[2021-06-23 05:50:31,673] {logging_mixin.py:104} INFO - [2021-06-23 05:50:31,673] {dag.py:2305} INFO - Setting next_dagrun for tutorial_etl_dag to None
[2021-06-23 05:50:31,741] {scheduler_job.py:190} INFO - Processing /home/airflow/.local/lib/python3.6/site-packages/airflow/example_dags/tutorial_etl_dag.py took 0.261 seconds
[2021-06-23 05:51:01,918] {scheduler_job.py:182} INFO - Started process (PID=1817) to work on /home/airflow/.local/lib/python3.6/site-packages/airflow/example_dags/tutorial_etl_dag.py
[2021-06-23 05:51:01,920] {scheduler_job.py:633} INFO - Processing file /home/airflow/.local/lib/python3.6/site-packages/airflow/example_dags/tutorial_etl_dag.py for tasks to queue
[2021-06-23 05:51:01,921] {logging_mixin.py:104} INFO - [2021-06-23 05:51:01,921] {dagbag.py:487} INFO - Filling up the DagBag from /home/airflow/.local/lib/python3.6/site-packages/airflow/example_dags/tutorial_etl_dag.py
[2021-06-23 05:51:01,985] {scheduler_job.py:643} INFO - DAG(s) dict_keys(['tutorial_etl_dag']) retrieved from /home/airflow/.local/lib/python3.6/site-packages/airflow/example_dags/tutorial_etl_dag.py
[2021-06-23 05:51:02,101] {logging_mixin.py:104} INFO - [2021-06-23 05:51:02,101] {dag.py:1832} INFO - Sync 1 DAGs
[2021-06-23 05:51:02,176] {logging_mixin.py:104} INFO - [2021-06-23 05:51:02,175] {dag.py:2305} INFO - Setting next_dagrun for tutorial_etl_dag to None
[2021-06-23 05:51:02,276] {scheduler_job.py:190} INFO - Processing /home/airflow/.local/lib/python3.6/site-packages/airflow/example_dags/tutorial_etl_dag.py took 0.372 seconds
[2021-06-23 05:51:32,796] {scheduler_job.py:182} INFO - Started process (PID=1880) to work on /home/airflow/.local/lib/python3.6/site-packages/airflow/example_dags/tutorial_etl_dag.py
[2021-06-23 05:51:32,798] {scheduler_job.py:633} INFO - Processing file /home/airflow/.local/lib/python3.6/site-packages/airflow/example_dags/tutorial_etl_dag.py for tasks to queue
[2021-06-23 05:51:32,798] {logging_mixin.py:104} INFO - [2021-06-23 05:51:32,798] {dagbag.py:487} INFO - Filling up the DagBag from /home/airflow/.local/lib/python3.6/site-packages/airflow/example_dags/tutorial_etl_dag.py
[2021-06-23 05:51:32,909] {scheduler_job.py:643} INFO - DAG(s) dict_keys(['tutorial_etl_dag']) retrieved from /home/airflow/.local/lib/python3.6/site-packages/airflow/example_dags/tutorial_etl_dag.py
[2021-06-23 05:51:32,971] {logging_mixin.py:104} INFO - [2021-06-23 05:51:32,970] {dag.py:1832} INFO - Sync 1 DAGs
[2021-06-23 05:51:33,021] {logging_mixin.py:104} INFO - [2021-06-23 05:51:33,021] {dag.py:2305} INFO - Setting next_dagrun for tutorial_etl_dag to None
[2021-06-23 05:51:33,062] {scheduler_job.py:190} INFO - Processing /home/airflow/.local/lib/python3.6/site-packages/airflow/example_dags/tutorial_etl_dag.py took 0.332 seconds
[2021-06-23 05:52:03,389] {scheduler_job.py:182} INFO - Started process (PID=1954) to work on /home/airflow/.local/lib/python3.6/site-packages/airflow/example_dags/tutorial_etl_dag.py
[2021-06-23 05:52:03,427] {scheduler_job.py:633} INFO - Processing file /home/airflow/.local/lib/python3.6/site-packages/airflow/example_dags/tutorial_etl_dag.py for tasks to queue
[2021-06-23 05:52:03,433] {logging_mixin.py:104} INFO - [2021-06-23 05:52:03,432] {dagbag.py:487} INFO - Filling up the DagBag from /home/airflow/.local/lib/python3.6/site-packages/airflow/example_dags/tutorial_etl_dag.py
[2021-06-23 05:52:03,501] {scheduler_job.py:643} INFO - DAG(s) dict_keys(['tutorial_etl_dag']) retrieved from /home/airflow/.local/lib/python3.6/site-packages/airflow/example_dags/tutorial_etl_dag.py
[2021-06-23 05:52:03,599] {logging_mixin.py:104} INFO - [2021-06-23 05:52:03,599] {dag.py:1832} INFO - Sync 1 DAGs
[2021-06-23 05:52:03,642] {logging_mixin.py:104} INFO - [2021-06-23 05:52:03,642] {dag.py:2305} INFO - Setting next_dagrun for tutorial_etl_dag to None
[2021-06-23 05:52:03,719] {scheduler_job.py:190} INFO - Processing /home/airflow/.local/lib/python3.6/site-packages/airflow/example_dags/tutorial_etl_dag.py took 0.335 seconds
[2021-06-23 05:52:35,564] {scheduler_job.py:182} INFO - Started process (PID=2021) to work on /home/airflow/.local/lib/python3.6/site-packages/airflow/example_dags/tutorial_etl_dag.py
[2021-06-23 05:52:35,575] {scheduler_job.py:633} INFO - Processing file /home/airflow/.local/lib/python3.6/site-packages/airflow/example_dags/tutorial_etl_dag.py for tasks to queue
[2021-06-23 05:52:35,576] {logging_mixin.py:104} INFO - [2021-06-23 05:52:35,576] {dagbag.py:487} INFO - Filling up the DagBag from /home/airflow/.local/lib/python3.6/site-packages/airflow/example_dags/tutorial_etl_dag.py
[2021-06-23 05:52:35,651] {scheduler_job.py:643} INFO - DAG(s) dict_keys(['tutorial_etl_dag']) retrieved from /home/airflow/.local/lib/python3.6/site-packages/airflow/example_dags/tutorial_etl_dag.py
[2021-06-23 05:52:35,724] {logging_mixin.py:104} INFO - [2021-06-23 05:52:35,724] {dag.py:1832} INFO - Sync 1 DAGs
[2021-06-23 05:52:35,762] {logging_mixin.py:104} INFO - [2021-06-23 05:52:35,762] {dag.py:2305} INFO - Setting next_dagrun for tutorial_etl_dag to None
[2021-06-23 05:52:35,815] {scheduler_job.py:190} INFO - Processing /home/airflow/.local/lib/python3.6/site-packages/airflow/example_dags/tutorial_etl_dag.py took 0.256 seconds
[2021-06-23 05:53:06,607] {scheduler_job.py:182} INFO - Started process (PID=2079) to work on /home/airflow/.local/lib/python3.6/site-packages/airflow/example_dags/tutorial_etl_dag.py
[2021-06-23 05:53:06,608] {scheduler_job.py:633} INFO - Processing file /home/airflow/.local/lib/python3.6/site-packages/airflow/example_dags/tutorial_etl_dag.py for tasks to queue
[2021-06-23 05:53:06,609] {logging_mixin.py:104} INFO - [2021-06-23 05:53:06,609] {dagbag.py:487} INFO - Filling up the DagBag from /home/airflow/.local/lib/python3.6/site-packages/airflow/example_dags/tutorial_etl_dag.py
[2021-06-23 05:53:06,640] {scheduler_job.py:643} INFO - DAG(s) dict_keys(['tutorial_etl_dag']) retrieved from /home/airflow/.local/lib/python3.6/site-packages/airflow/example_dags/tutorial_etl_dag.py
[2021-06-23 05:53:06,694] {logging_mixin.py:104} INFO - [2021-06-23 05:53:06,694] {dag.py:1832} INFO - Sync 1 DAGs
[2021-06-23 05:53:06,719] {logging_mixin.py:104} INFO - [2021-06-23 05:53:06,719] {dag.py:2305} INFO - Setting next_dagrun for tutorial_etl_dag to None
[2021-06-23 05:53:06,751] {scheduler_job.py:190} INFO - Processing /home/airflow/.local/lib/python3.6/site-packages/airflow/example_dags/tutorial_etl_dag.py took 0.149 seconds
[2021-06-23 05:53:37,408] {scheduler_job.py:182} INFO - Started process (PID=2146) to work on /home/airflow/.local/lib/python3.6/site-packages/airflow/example_dags/tutorial_etl_dag.py
[2021-06-23 05:53:37,413] {scheduler_job.py:633} INFO - Processing file /home/airflow/.local/lib/python3.6/site-packages/airflow/example_dags/tutorial_etl_dag.py for tasks to queue
[2021-06-23 05:53:37,415] {logging_mixin.py:104} INFO - [2021-06-23 05:53:37,414] {dagbag.py:487} INFO - Filling up the DagBag from /home/airflow/.local/lib/python3.6/site-packages/airflow/example_dags/tutorial_etl_dag.py
[2021-06-23 05:53:37,442] {scheduler_job.py:643} INFO - DAG(s) dict_keys(['tutorial_etl_dag']) retrieved from /home/airflow/.local/lib/python3.6/site-packages/airflow/example_dags/tutorial_etl_dag.py
[2021-06-23 05:53:37,477] {logging_mixin.py:104} INFO - [2021-06-23 05:53:37,477] {dag.py:1832} INFO - Sync 1 DAGs
[2021-06-23 05:53:37,499] {logging_mixin.py:104} INFO - [2021-06-23 05:53:37,499] {dag.py:2305} INFO - Setting next_dagrun for tutorial_etl_dag to None
[2021-06-23 05:53:37,535] {scheduler_job.py:190} INFO - Processing /home/airflow/.local/lib/python3.6/site-packages/airflow/example_dags/tutorial_etl_dag.py took 0.132 seconds
[2021-06-23 05:54:07,934] {scheduler_job.py:182} INFO - Started process (PID=2208) to work on /home/airflow/.local/lib/python3.6/site-packages/airflow/example_dags/tutorial_etl_dag.py
[2021-06-23 05:54:07,941] {scheduler_job.py:633} INFO - Processing file /home/airflow/.local/lib/python3.6/site-packages/airflow/example_dags/tutorial_etl_dag.py for tasks to queue
[2021-06-23 05:54:07,944] {logging_mixin.py:104} INFO - [2021-06-23 05:54:07,943] {dagbag.py:487} INFO - Filling up the DagBag from /home/airflow/.local/lib/python3.6/site-packages/airflow/example_dags/tutorial_etl_dag.py
[2021-06-23 05:54:07,979] {scheduler_job.py:643} INFO - DAG(s) dict_keys(['tutorial_etl_dag']) retrieved from /home/airflow/.local/lib/python3.6/site-packages/airflow/example_dags/tutorial_etl_dag.py
[2021-06-23 05:54:08,027] {logging_mixin.py:104} INFO - [2021-06-23 05:54:08,027] {dag.py:1832} INFO - Sync 1 DAGs
[2021-06-23 05:54:08,056] {logging_mixin.py:104} INFO - [2021-06-23 05:54:08,056] {dag.py:2305} INFO - Setting next_dagrun for tutorial_etl_dag to None
[2021-06-23 05:54:08,074] {scheduler_job.py:190} INFO - Processing /home/airflow/.local/lib/python3.6/site-packages/airflow/example_dags/tutorial_etl_dag.py took 0.145 seconds
[2021-06-23 05:54:38,759] {scheduler_job.py:182} INFO - Started process (PID=2272) to work on /home/airflow/.local/lib/python3.6/site-packages/airflow/example_dags/tutorial_etl_dag.py
[2021-06-23 05:54:38,763] {scheduler_job.py:633} INFO - Processing file /home/airflow/.local/lib/python3.6/site-packages/airflow/example_dags/tutorial_etl_dag.py for tasks to queue
[2021-06-23 05:54:38,765] {logging_mixin.py:104} INFO - [2021-06-23 05:54:38,764] {dagbag.py:487} INFO - Filling up the DagBag from /home/airflow/.local/lib/python3.6/site-packages/airflow/example_dags/tutorial_etl_dag.py
[2021-06-23 05:54:38,791] {scheduler_job.py:643} INFO - DAG(s) dict_keys(['tutorial_etl_dag']) retrieved from /home/airflow/.local/lib/python3.6/site-packages/airflow/example_dags/tutorial_etl_dag.py
[2021-06-23 05:54:38,824] {logging_mixin.py:104} INFO - [2021-06-23 05:54:38,824] {dag.py:1832} INFO - Sync 1 DAGs
[2021-06-23 05:54:38,852] {logging_mixin.py:104} INFO - [2021-06-23 05:54:38,852] {dag.py:2305} INFO - Setting next_dagrun for tutorial_etl_dag to None
[2021-06-23 05:54:38,867] {scheduler_job.py:190} INFO - Processing /home/airflow/.local/lib/python3.6/site-packages/airflow/example_dags/tutorial_etl_dag.py took 0.113 seconds
[2021-06-23 05:55:09,745] {scheduler_job.py:182} INFO - Started process (PID=2337) to work on /home/airflow/.local/lib/python3.6/site-packages/airflow/example_dags/tutorial_etl_dag.py
[2021-06-23 05:55:09,746] {scheduler_job.py:633} INFO - Processing file /home/airflow/.local/lib/python3.6/site-packages/airflow/example_dags/tutorial_etl_dag.py for tasks to queue
[2021-06-23 05:55:09,754] {logging_mixin.py:104} INFO - [2021-06-23 05:55:09,747] {dagbag.py:487} INFO - Filling up the DagBag from /home/airflow/.local/lib/python3.6/site-packages/airflow/example_dags/tutorial_etl_dag.py
[2021-06-23 05:55:09,776] {scheduler_job.py:643} INFO - DAG(s) dict_keys(['tutorial_etl_dag']) retrieved from /home/airflow/.local/lib/python3.6/site-packages/airflow/example_dags/tutorial_etl_dag.py
[2021-06-23 05:55:09,813] {logging_mixin.py:104} INFO - [2021-06-23 05:55:09,813] {dag.py:1832} INFO - Sync 1 DAGs
[2021-06-23 05:55:09,854] {logging_mixin.py:104} INFO - [2021-06-23 05:55:09,854] {dag.py:2305} INFO - Setting next_dagrun for tutorial_etl_dag to None
[2021-06-23 05:55:09,872] {scheduler_job.py:190} INFO - Processing /home/airflow/.local/lib/python3.6/site-packages/airflow/example_dags/tutorial_etl_dag.py took 0.132 seconds
[2021-06-23 05:55:40,950] {scheduler_job.py:182} INFO - Started process (PID=2410) to work on /home/airflow/.local/lib/python3.6/site-packages/airflow/example_dags/tutorial_etl_dag.py
[2021-06-23 05:55:40,951] {scheduler_job.py:633} INFO - Processing file /home/airflow/.local/lib/python3.6/site-packages/airflow/example_dags/tutorial_etl_dag.py for tasks to queue
[2021-06-23 05:55:40,952] {logging_mixin.py:104} INFO - [2021-06-23 05:55:40,952] {dagbag.py:487} INFO - Filling up the DagBag from /home/airflow/.local/lib/python3.6/site-packages/airflow/example_dags/tutorial_etl_dag.py
[2021-06-23 05:55:41,003] {scheduler_job.py:643} INFO - DAG(s) dict_keys(['tutorial_etl_dag']) retrieved from /home/airflow/.local/lib/python3.6/site-packages/airflow/example_dags/tutorial_etl_dag.py
[2021-06-23 05:55:41,078] {logging_mixin.py:104} INFO - [2021-06-23 05:55:41,078] {dag.py:1832} INFO - Sync 1 DAGs
[2021-06-23 05:55:41,163] {logging_mixin.py:104} INFO - [2021-06-23 05:55:41,163] {dag.py:2305} INFO - Setting next_dagrun for tutorial_etl_dag to None
[2021-06-23 05:55:41,186] {scheduler_job.py:190} INFO - Processing /home/airflow/.local/lib/python3.6/site-packages/airflow/example_dags/tutorial_etl_dag.py took 0.261 seconds
[2021-06-23 05:56:11,359] {scheduler_job.py:182} INFO - Started process (PID=2475) to work on /home/airflow/.local/lib/python3.6/site-packages/airflow/example_dags/tutorial_etl_dag.py
[2021-06-23 05:56:11,361] {scheduler_job.py:633} INFO - Processing file /home/airflow/.local/lib/python3.6/site-packages/airflow/example_dags/tutorial_etl_dag.py for tasks to queue
[2021-06-23 05:56:11,363] {logging_mixin.py:104} INFO - [2021-06-23 05:56:11,363] {dagbag.py:487} INFO - Filling up the DagBag from /home/airflow/.local/lib/python3.6/site-packages/airflow/example_dags/tutorial_etl_dag.py
[2021-06-23 05:56:11,387] {scheduler_job.py:643} INFO - DAG(s) dict_keys(['tutorial_etl_dag']) retrieved from /home/airflow/.local/lib/python3.6/site-packages/airflow/example_dags/tutorial_etl_dag.py
[2021-06-23 05:56:11,450] {logging_mixin.py:104} INFO - [2021-06-23 05:56:11,449] {dag.py:1832} INFO - Sync 1 DAGs
[2021-06-23 05:56:11,520] {logging_mixin.py:104} INFO - [2021-06-23 05:56:11,520] {dag.py:2305} INFO - Setting next_dagrun for tutorial_etl_dag to None
[2021-06-23 05:56:11,565] {scheduler_job.py:190} INFO - Processing /home/airflow/.local/lib/python3.6/site-packages/airflow/example_dags/tutorial_etl_dag.py took 0.217 seconds
[2021-06-23 05:56:41,742] {scheduler_job.py:182} INFO - Started process (PID=2539) to work on /home/airflow/.local/lib/python3.6/site-packages/airflow/example_dags/tutorial_etl_dag.py
[2021-06-23 05:56:41,751] {scheduler_job.py:633} INFO - Processing file /home/airflow/.local/lib/python3.6/site-packages/airflow/example_dags/tutorial_etl_dag.py for tasks to queue
[2021-06-23 05:56:41,753] {logging_mixin.py:104} INFO - [2021-06-23 05:56:41,753] {dagbag.py:487} INFO - Filling up the DagBag from /home/airflow/.local/lib/python3.6/site-packages/airflow/example_dags/tutorial_etl_dag.py
[2021-06-23 05:56:41,817] {scheduler_job.py:643} INFO - DAG(s) dict_keys(['tutorial_etl_dag']) retrieved from /home/airflow/.local/lib/python3.6/site-packages/airflow/example_dags/tutorial_etl_dag.py
[2021-06-23 05:56:41,877] {logging_mixin.py:104} INFO - [2021-06-23 05:56:41,877] {dag.py:1832} INFO - Sync 1 DAGs
[2021-06-23 05:56:41,917] {logging_mixin.py:104} INFO - [2021-06-23 05:56:41,916] {dag.py:2305} INFO - Setting next_dagrun for tutorial_etl_dag to None
[2021-06-23 05:56:41,936] {scheduler_job.py:190} INFO - Processing /home/airflow/.local/lib/python3.6/site-packages/airflow/example_dags/tutorial_etl_dag.py took 0.201 seconds
[2021-06-23 05:57:12,078] {scheduler_job.py:182} INFO - Started process (PID=2603) to work on /home/airflow/.local/lib/python3.6/site-packages/airflow/example_dags/tutorial_etl_dag.py
[2021-06-23 05:57:12,083] {scheduler_job.py:633} INFO - Processing file /home/airflow/.local/lib/python3.6/site-packages/airflow/example_dags/tutorial_etl_dag.py for tasks to queue
[2021-06-23 05:57:12,087] {logging_mixin.py:104} INFO - [2021-06-23 05:57:12,087] {dagbag.py:487} INFO - Filling up the DagBag from /home/airflow/.local/lib/python3.6/site-packages/airflow/example_dags/tutorial_etl_dag.py
[2021-06-23 05:57:12,123] {scheduler_job.py:643} INFO - DAG(s) dict_keys(['tutorial_etl_dag']) retrieved from /home/airflow/.local/lib/python3.6/site-packages/airflow/example_dags/tutorial_etl_dag.py
[2021-06-23 05:57:12,210] {logging_mixin.py:104} INFO - [2021-06-23 05:57:12,210] {dag.py:1832} INFO - Sync 1 DAGs
[2021-06-23 05:57:12,286] {logging_mixin.py:104} INFO - [2021-06-23 05:57:12,286] {dag.py:2305} INFO - Setting next_dagrun for tutorial_etl_dag to None
[2021-06-23 05:57:12,308] {scheduler_job.py:190} INFO - Processing /home/airflow/.local/lib/python3.6/site-packages/airflow/example_dags/tutorial_etl_dag.py took 0.236 seconds
[2021-06-23 05:57:42,662] {scheduler_job.py:182} INFO - Started process (PID=2664) to work on /home/airflow/.local/lib/python3.6/site-packages/airflow/example_dags/tutorial_etl_dag.py
[2021-06-23 05:57:42,665] {scheduler_job.py:633} INFO - Processing file /home/airflow/.local/lib/python3.6/site-packages/airflow/example_dags/tutorial_etl_dag.py for tasks to queue
[2021-06-23 05:57:42,666] {logging_mixin.py:104} INFO - [2021-06-23 05:57:42,666] {dagbag.py:487} INFO - Filling up the DagBag from /home/airflow/.local/lib/python3.6/site-packages/airflow/example_dags/tutorial_etl_dag.py
[2021-06-23 05:57:42,702] {scheduler_job.py:643} INFO - DAG(s) dict_keys(['tutorial_etl_dag']) retrieved from /home/airflow/.local/lib/python3.6/site-packages/airflow/example_dags/tutorial_etl_dag.py
[2021-06-23 05:57:42,740] {logging_mixin.py:104} INFO - [2021-06-23 05:57:42,740] {dag.py:1832} INFO - Sync 1 DAGs
[2021-06-23 05:57:42,784] {logging_mixin.py:104} INFO - [2021-06-23 05:57:42,783] {dag.py:2305} INFO - Setting next_dagrun for tutorial_etl_dag to None
[2021-06-23 05:57:42,802] {scheduler_job.py:190} INFO - Processing /home/airflow/.local/lib/python3.6/site-packages/airflow/example_dags/tutorial_etl_dag.py took 0.145 seconds
[2021-06-23 05:58:13,004] {scheduler_job.py:182} INFO - Started process (PID=2726) to work on /home/airflow/.local/lib/python3.6/site-packages/airflow/example_dags/tutorial_etl_dag.py
[2021-06-23 05:58:13,005] {scheduler_job.py:633} INFO - Processing file /home/airflow/.local/lib/python3.6/site-packages/airflow/example_dags/tutorial_etl_dag.py for tasks to queue
[2021-06-23 05:58:13,006] {logging_mixin.py:104} INFO - [2021-06-23 05:58:13,006] {dagbag.py:487} INFO - Filling up the DagBag from /home/airflow/.local/lib/python3.6/site-packages/airflow/example_dags/tutorial_etl_dag.py
[2021-06-23 05:58:13,028] {scheduler_job.py:643} INFO - DAG(s) dict_keys(['tutorial_etl_dag']) retrieved from /home/airflow/.local/lib/python3.6/site-packages/airflow/example_dags/tutorial_etl_dag.py
[2021-06-23 05:58:13,057] {logging_mixin.py:104} INFO - [2021-06-23 05:58:13,056] {dag.py:1832} INFO - Sync 1 DAGs
[2021-06-23 05:58:13,084] {logging_mixin.py:104} INFO - [2021-06-23 05:58:13,084] {dag.py:2305} INFO - Setting next_dagrun for tutorial_etl_dag to None
[2021-06-23 05:58:13,104] {scheduler_job.py:190} INFO - Processing /home/airflow/.local/lib/python3.6/site-packages/airflow/example_dags/tutorial_etl_dag.py took 0.105 seconds
[2021-06-23 05:58:43,350] {scheduler_job.py:182} INFO - Started process (PID=2793) to work on /home/airflow/.local/lib/python3.6/site-packages/airflow/example_dags/tutorial_etl_dag.py
[2021-06-23 05:58:43,352] {scheduler_job.py:633} INFO - Processing file /home/airflow/.local/lib/python3.6/site-packages/airflow/example_dags/tutorial_etl_dag.py for tasks to queue
[2021-06-23 05:58:43,353] {logging_mixin.py:104} INFO - [2021-06-23 05:58:43,353] {dagbag.py:487} INFO - Filling up the DagBag from /home/airflow/.local/lib/python3.6/site-packages/airflow/example_dags/tutorial_etl_dag.py
[2021-06-23 05:58:43,381] {scheduler_job.py:643} INFO - DAG(s) dict_keys(['tutorial_etl_dag']) retrieved from /home/airflow/.local/lib/python3.6/site-packages/airflow/example_dags/tutorial_etl_dag.py
[2021-06-23 05:58:43,418] {logging_mixin.py:104} INFO - [2021-06-23 05:58:43,418] {dag.py:1832} INFO - Sync 1 DAGs
[2021-06-23 05:58:43,444] {logging_mixin.py:104} INFO - [2021-06-23 05:58:43,444] {dag.py:2305} INFO - Setting next_dagrun for tutorial_etl_dag to None
[2021-06-23 05:58:43,460] {scheduler_job.py:190} INFO - Processing /home/airflow/.local/lib/python3.6/site-packages/airflow/example_dags/tutorial_etl_dag.py took 0.114 seconds
[2021-06-23 05:59:13,861] {scheduler_job.py:182} INFO - Started process (PID=2865) to work on /home/airflow/.local/lib/python3.6/site-packages/airflow/example_dags/tutorial_etl_dag.py
[2021-06-23 05:59:13,869] {scheduler_job.py:633} INFO - Processing file /home/airflow/.local/lib/python3.6/site-packages/airflow/example_dags/tutorial_etl_dag.py for tasks to queue
[2021-06-23 05:59:13,872] {logging_mixin.py:104} INFO - [2021-06-23 05:59:13,871] {dagbag.py:487} INFO - Filling up the DagBag from /home/airflow/.local/lib/python3.6/site-packages/airflow/example_dags/tutorial_etl_dag.py
[2021-06-23 05:59:13,897] {scheduler_job.py:643} INFO - DAG(s) dict_keys(['tutorial_etl_dag']) retrieved from /home/airflow/.local/lib/python3.6/site-packages/airflow/example_dags/tutorial_etl_dag.py
[2021-06-23 05:59:13,995] {logging_mixin.py:104} INFO - [2021-06-23 05:59:13,995] {dag.py:1832} INFO - Sync 1 DAGs
[2021-06-23 05:59:14,041] {logging_mixin.py:104} INFO - [2021-06-23 05:59:14,040] {dag.py:2305} INFO - Setting next_dagrun for tutorial_etl_dag to None
[2021-06-23 05:59:14,059] {scheduler_job.py:190} INFO - Processing /home/airflow/.local/lib/python3.6/site-packages/airflow/example_dags/tutorial_etl_dag.py took 0.203 seconds
[2021-06-23 05:59:44,296] {scheduler_job.py:182} INFO - Started process (PID=2922) to work on /home/airflow/.local/lib/python3.6/site-packages/airflow/example_dags/tutorial_etl_dag.py
[2021-06-23 05:59:44,298] {scheduler_job.py:633} INFO - Processing file /home/airflow/.local/lib/python3.6/site-packages/airflow/example_dags/tutorial_etl_dag.py for tasks to queue
[2021-06-23 05:59:44,309] {logging_mixin.py:104} INFO - [2021-06-23 05:59:44,309] {dagbag.py:487} INFO - Filling up the DagBag from /home/airflow/.local/lib/python3.6/site-packages/airflow/example_dags/tutorial_etl_dag.py
[2021-06-23 05:59:44,344] {scheduler_job.py:643} INFO - DAG(s) dict_keys(['tutorial_etl_dag']) retrieved from /home/airflow/.local/lib/python3.6/site-packages/airflow/example_dags/tutorial_etl_dag.py
[2021-06-23 05:59:44,399] {logging_mixin.py:104} INFO - [2021-06-23 05:59:44,399] {dag.py:1832} INFO - Sync 1 DAGs
[2021-06-23 05:59:44,440] {logging_mixin.py:104} INFO - [2021-06-23 05:59:44,440] {dag.py:2305} INFO - Setting next_dagrun for tutorial_etl_dag to None
[2021-06-23 05:59:44,488] {scheduler_job.py:190} INFO - Processing /home/airflow/.local/lib/python3.6/site-packages/airflow/example_dags/tutorial_etl_dag.py took 0.195 seconds
[2021-06-23 06:00:14,568] {scheduler_job.py:182} INFO - Started process (PID=2997) to work on /home/airflow/.local/lib/python3.6/site-packages/airflow/example_dags/tutorial_etl_dag.py
[2021-06-23 06:00:14,578] {scheduler_job.py:633} INFO - Processing file /home/airflow/.local/lib/python3.6/site-packages/airflow/example_dags/tutorial_etl_dag.py for tasks to queue
[2021-06-23 06:00:14,580] {logging_mixin.py:104} INFO - [2021-06-23 06:00:14,579] {dagbag.py:487} INFO - Filling up the DagBag from /home/airflow/.local/lib/python3.6/site-packages/airflow/example_dags/tutorial_etl_dag.py
[2021-06-23 06:00:14,619] {scheduler_job.py:643} INFO - DAG(s) dict_keys(['tutorial_etl_dag']) retrieved from /home/airflow/.local/lib/python3.6/site-packages/airflow/example_dags/tutorial_etl_dag.py
[2021-06-23 06:00:14,690] {logging_mixin.py:104} INFO - [2021-06-23 06:00:14,690] {dag.py:1832} INFO - Sync 1 DAGs
[2021-06-23 06:00:14,718] {logging_mixin.py:104} INFO - [2021-06-23 06:00:14,718] {dag.py:2305} INFO - Setting next_dagrun for tutorial_etl_dag to None
[2021-06-23 06:00:14,752] {scheduler_job.py:190} INFO - Processing /home/airflow/.local/lib/python3.6/site-packages/airflow/example_dags/tutorial_etl_dag.py took 0.199 seconds
[2021-06-23 06:00:45,044] {scheduler_job.py:182} INFO - Started process (PID=3058) to work on /home/airflow/.local/lib/python3.6/site-packages/airflow/example_dags/tutorial_etl_dag.py
[2021-06-23 06:00:45,045] {scheduler_job.py:633} INFO - Processing file /home/airflow/.local/lib/python3.6/site-packages/airflow/example_dags/tutorial_etl_dag.py for tasks to queue
[2021-06-23 06:00:45,046] {logging_mixin.py:104} INFO - [2021-06-23 06:00:45,046] {dagbag.py:487} INFO - Filling up the DagBag from /home/airflow/.local/lib/python3.6/site-packages/airflow/example_dags/tutorial_etl_dag.py
[2021-06-23 06:00:45,073] {scheduler_job.py:643} INFO - DAG(s) dict_keys(['tutorial_etl_dag']) retrieved from /home/airflow/.local/lib/python3.6/site-packages/airflow/example_dags/tutorial_etl_dag.py
[2021-06-23 06:00:45,109] {logging_mixin.py:104} INFO - [2021-06-23 06:00:45,108] {dag.py:1832} INFO - Sync 1 DAGs
[2021-06-23 06:00:45,137] {logging_mixin.py:104} INFO - [2021-06-23 06:00:45,137] {dag.py:2305} INFO - Setting next_dagrun for tutorial_etl_dag to None
[2021-06-23 06:00:45,161] {scheduler_job.py:190} INFO - Processing /home/airflow/.local/lib/python3.6/site-packages/airflow/example_dags/tutorial_etl_dag.py took 0.126 seconds
