[2021-06-28 15:31:23,224] {taskinstance.py:876} INFO - Dependencies all met for <TaskInstance: summary_db.slot_tracker 2021-06-26T23:45:00+00:00 [queued]>
[2021-06-28 15:31:23,278] {taskinstance.py:876} INFO - Dependencies all met for <TaskInstance: summary_db.slot_tracker 2021-06-26T23:45:00+00:00 [queued]>
[2021-06-28 15:31:23,278] {taskinstance.py:1067} INFO - 
--------------------------------------------------------------------------------
[2021-06-28 15:31:23,279] {taskinstance.py:1068} INFO - Starting attempt 4 of 6
[2021-06-28 15:31:23,279] {taskinstance.py:1069} INFO - 
--------------------------------------------------------------------------------
[2021-06-28 15:31:23,293] {taskinstance.py:1087} INFO - Executing <Task(PythonOperator): slot_tracker> on 2021-06-26T23:45:00+00:00
[2021-06-28 15:31:23,301] {standard_task_runner.py:52} INFO - Started process 944 to run task
[2021-06-28 15:31:23,314] {standard_task_runner.py:76} INFO - Running: ['***', 'tasks', 'run', 'summary_db', 'slot_tracker', '2021-06-26T23:45:00+00:00', '--job-id', '295', '--pool', 'default_pool', '--raw', '--subdir', 'DAGS_FOLDER/analytics_summary.py', '--cfg-path', '/tmp/tmpzjpdmne3', '--error-file', '/tmp/tmpdyez7pt0']
[2021-06-28 15:31:23,315] {standard_task_runner.py:77} INFO - Job 295: Subtask slot_tracker
[2021-06-28 15:31:23,388] {logging_mixin.py:104} INFO - Running <TaskInstance: summary_db.slot_tracker 2021-06-26T23:45:00+00:00 [running]> on host 32c9461fc328
[2021-06-28 15:31:23,461] {taskinstance.py:1282} INFO - Exporting the following env vars:
AIRFLOW_CTX_DAG_OWNER=***
AIRFLOW_CTX_DAG_ID=summary_db
AIRFLOW_CTX_TASK_ID=slot_tracker
AIRFLOW_CTX_EXECUTION_DATE=2021-06-26T23:45:00+00:00
AIRFLOW_CTX_DAG_RUN_ID=scheduled__2021-06-26T23:45:00+00:00
[2021-06-28 15:31:23,462] {logging_mixin.py:104} INFO - ------------------------------------Inside Function-----------------------------
[2021-06-28 15:31:44,267] {local_task_job.py:76} ERROR - Received SIGTERM. Terminating subprocesses
[2021-06-28 15:31:44,269] {process_utils.py:100} INFO - Sending Signals.SIGTERM to GPID 944
[2021-06-28 15:31:47,285] {local_task_job.py:76} ERROR - Received SIGTERM. Terminating subprocesses
