[2021-06-16 13:22:32,203] {taskinstance.py:876} INFO - Dependencies all met for <TaskInstance: summary_db.queue_distance_eta 2021-06-15T02:30:00+00:00 [queued]>
[2021-06-16 13:22:32,246] {taskinstance.py:876} INFO - Dependencies all met for <TaskInstance: summary_db.queue_distance_eta 2021-06-15T02:30:00+00:00 [queued]>
[2021-06-16 13:22:32,247] {taskinstance.py:1067} INFO - 
--------------------------------------------------------------------------------
[2021-06-16 13:22:32,247] {taskinstance.py:1068} INFO - Starting attempt 2 of 5
[2021-06-16 13:22:32,247] {taskinstance.py:1069} INFO - 
--------------------------------------------------------------------------------
[2021-06-16 13:22:32,268] {taskinstance.py:1087} INFO - Executing <Task(PythonOperator): queue_distance_eta> on 2021-06-15T02:30:00+00:00
[2021-06-16 13:22:32,283] {standard_task_runner.py:52} INFO - Started process 2252 to run task
[2021-06-16 13:22:32,290] {standard_task_runner.py:76} INFO - Running: ['***', 'tasks', 'run', 'summary_db', 'queue_distance_eta', '2021-06-15T02:30:00+00:00', '--job-id', '253', '--pool', 'default_pool', '--raw', '--subdir', 'DAGS_FOLDER/first_dag.py', '--cfg-path', '/tmp/tmpfubxg5yr', '--error-file', '/tmp/tmp_e_dzcij']
[2021-06-16 13:22:32,291] {standard_task_runner.py:77} INFO - Job 253: Subtask queue_distance_eta
[2021-06-16 13:22:32,437] {logging_mixin.py:104} INFO - Running <TaskInstance: summary_db.queue_distance_eta 2021-06-15T02:30:00+00:00 [running]> on host ac3e7c1eb084
[2021-06-16 13:22:32,544] {taskinstance.py:1282} INFO - Exporting the following env vars:
AIRFLOW_CTX_DAG_OWNER=***
AIRFLOW_CTX_DAG_ID=summary_db
AIRFLOW_CTX_TASK_ID=queue_distance_eta
AIRFLOW_CTX_EXECUTION_DATE=2021-06-15T02:30:00+00:00
AIRFLOW_CTX_DAG_RUN_ID=scheduled__2021-06-15T02:30:00+00:00
[2021-06-16 13:22:32,545] {logging_mixin.py:104} INFO - ------------------------------------Inside Function-----------------------------
[2021-06-16 13:23:51,267] {logging_mixin.py:104} INFO - -------------------------------Data read into dataframe---------------------------
[2021-06-16 13:23:53,600] {logging_mixin.py:104} INFO - ----------------------------------Data written into summary DB----------------------
[2021-06-16 13:23:53,601] {python.py:151} INFO - Done. Returned value was: None
[2021-06-16 13:23:53,753] {taskinstance.py:1191} INFO - Marking task as SUCCESS. dag_id=summary_db, task_id=queue_distance_eta, execution_date=20210615T023000, start_date=20210616T132232, end_date=20210616T132353
[2021-06-16 13:23:53,988] {local_task_job.py:197} WARNING - State of this instance has been externally set to success. Terminating instance.
[2021-06-16 13:23:53,989] {taskinstance.py:1245} INFO - 0 downstream tasks scheduled from follow-on schedule check
[2021-06-16 13:23:53,990] {process_utils.py:100} INFO - Sending Signals.SIGTERM to GPID 2252
[2021-06-16 13:23:54,024] {process_utils.py:66} INFO - Process psutil.Process(pid=2252, status='terminated', exitcode=0, started='13:22:31') (2252) terminated with exit code 0
