[2021-06-16 13:06:14,566] {taskinstance.py:876} INFO - Dependencies all met for <TaskInstance: summary_db.ambassador_locationbk 2021-06-15T00:00:00+00:00 [queued]>
[2021-06-16 13:06:14,648] {taskinstance.py:876} INFO - Dependencies all met for <TaskInstance: summary_db.ambassador_locationbk 2021-06-15T00:00:00+00:00 [queued]>
[2021-06-16 13:06:14,649] {taskinstance.py:1067} INFO - 
--------------------------------------------------------------------------------
[2021-06-16 13:06:14,649] {taskinstance.py:1068} INFO - Starting attempt 2 of 5
[2021-06-16 13:06:14,649] {taskinstance.py:1069} INFO - 
--------------------------------------------------------------------------------
[2021-06-16 13:06:14,669] {taskinstance.py:1087} INFO - Executing <Task(PythonOperator): ambassador_locationbk> on 2021-06-15T00:00:00+00:00
[2021-06-16 13:06:14,676] {standard_task_runner.py:52} INFO - Started process 1399 to run task
[2021-06-16 13:06:14,683] {standard_task_runner.py:76} INFO - Running: ['***', 'tasks', 'run', 'summary_db', 'ambassador_locationbk', '2021-06-15T00:00:00+00:00', '--job-id', '208', '--pool', 'default_pool', '--raw', '--subdir', 'DAGS_FOLDER/first_dag.py', '--cfg-path', '/tmp/tmphc0eefmv', '--error-file', '/tmp/tmp8pfg21p8']
[2021-06-16 13:06:14,685] {standard_task_runner.py:77} INFO - Job 208: Subtask ambassador_locationbk
[2021-06-16 13:06:14,778] {logging_mixin.py:104} INFO - Running <TaskInstance: summary_db.ambassador_locationbk 2021-06-15T00:00:00+00:00 [running]> on host ac3e7c1eb084
[2021-06-16 13:06:14,885] {taskinstance.py:1282} INFO - Exporting the following env vars:
AIRFLOW_CTX_DAG_OWNER=***
AIRFLOW_CTX_DAG_ID=summary_db
AIRFLOW_CTX_TASK_ID=ambassador_locationbk
AIRFLOW_CTX_EXECUTION_DATE=2021-06-15T00:00:00+00:00
AIRFLOW_CTX_DAG_RUN_ID=scheduled__2021-06-15T00:00:00+00:00
[2021-06-16 13:06:14,886] {logging_mixin.py:104} INFO - ------------------------------------Inside Function-----------------------------
[2021-06-16 13:06:31,481] {logging_mixin.py:104} INFO - -------------------------------Data read into dataframe---------------------------
[2021-06-16 13:07:05,231] {logging_mixin.py:104} INFO - ----------------------------------Data written into summary DB----------------------
[2021-06-16 13:07:05,252] {python.py:151} INFO - Done. Returned value was: None
[2021-06-16 13:07:05,305] {taskinstance.py:1191} INFO - Marking task as SUCCESS. dag_id=summary_db, task_id=ambassador_locationbk, execution_date=20210615T000000, start_date=20210616T130614, end_date=20210616T130705
[2021-06-16 13:07:05,463] {taskinstance.py:1245} INFO - 0 downstream tasks scheduled from follow-on schedule check
[2021-06-16 13:07:05,595] {local_task_job.py:151} INFO - Task exited with return code 0
