[2021-06-16 13:05:33,853] {taskinstance.py:876} INFO - Dependencies all met for <TaskInstance: summary_db.ambassador_info 2021-06-15T00:00:00+00:00 [queued]>
[2021-06-16 13:05:33,925] {taskinstance.py:876} INFO - Dependencies all met for <TaskInstance: summary_db.ambassador_info 2021-06-15T00:00:00+00:00 [queued]>
[2021-06-16 13:05:33,925] {taskinstance.py:1067} INFO - 
--------------------------------------------------------------------------------
[2021-06-16 13:05:33,925] {taskinstance.py:1068} INFO - Starting attempt 2 of 5
[2021-06-16 13:05:33,926] {taskinstance.py:1069} INFO - 
--------------------------------------------------------------------------------
[2021-06-16 13:05:33,965] {taskinstance.py:1087} INFO - Executing <Task(PythonOperator): ambassador_info> on 2021-06-15T00:00:00+00:00
[2021-06-16 13:05:33,982] {standard_task_runner.py:52} INFO - Started process 1371 to run task
[2021-06-16 13:05:33,993] {standard_task_runner.py:76} INFO - Running: ['***', 'tasks', 'run', 'summary_db', 'ambassador_info', '2021-06-15T00:00:00+00:00', '--job-id', '207', '--pool', 'default_pool', '--raw', '--subdir', 'DAGS_FOLDER/first_dag.py', '--cfg-path', '/tmp/tmpbccynd0v', '--error-file', '/tmp/tmpdag7wnhy']
[2021-06-16 13:05:33,999] {standard_task_runner.py:77} INFO - Job 207: Subtask ambassador_info
[2021-06-16 13:05:34,166] {logging_mixin.py:104} INFO - Running <TaskInstance: summary_db.ambassador_info 2021-06-15T00:00:00+00:00 [running]> on host ac3e7c1eb084
[2021-06-16 13:05:34,337] {taskinstance.py:1282} INFO - Exporting the following env vars:
AIRFLOW_CTX_DAG_OWNER=***
AIRFLOW_CTX_DAG_ID=summary_db
AIRFLOW_CTX_TASK_ID=ambassador_info
AIRFLOW_CTX_EXECUTION_DATE=2021-06-15T00:00:00+00:00
AIRFLOW_CTX_DAG_RUN_ID=scheduled__2021-06-15T00:00:00+00:00
[2021-06-16 13:05:34,339] {logging_mixin.py:104} INFO - ------------------------------------Inside Function-----------------------------
[2021-06-16 13:05:37,555] {logging_mixin.py:104} INFO - -------------------------------Data read into dataframe---------------------------
[2021-06-16 13:06:03,245] {logging_mixin.py:104} INFO - ----------------------------------Data written into summary DB----------------------
[2021-06-16 13:06:03,256] {python.py:151} INFO - Done. Returned value was: None
[2021-06-16 13:06:03,294] {taskinstance.py:1191} INFO - Marking task as SUCCESS. dag_id=summary_db, task_id=ambassador_info, execution_date=20210615T000000, start_date=20210616T130533, end_date=20210616T130603
[2021-06-16 13:06:03,330] {taskinstance.py:1245} INFO - 0 downstream tasks scheduled from follow-on schedule check
[2021-06-16 13:06:03,365] {local_task_job.py:151} INFO - Task exited with return code 0
