[2021-06-11 12:16:30,730] {taskinstance.py:876} INFO - Dependencies all met for <TaskInstance: Summary_db.db 2021-06-10T00:00:00+00:00 [queued]>
[2021-06-11 12:16:30,765] {taskinstance.py:876} INFO - Dependencies all met for <TaskInstance: Summary_db.db 2021-06-10T00:00:00+00:00 [queued]>
[2021-06-11 12:16:30,765] {taskinstance.py:1067} INFO - 
--------------------------------------------------------------------------------
[2021-06-11 12:16:30,765] {taskinstance.py:1068} INFO - Starting attempt 1 of 2
[2021-06-11 12:16:30,771] {taskinstance.py:1069} INFO - 
--------------------------------------------------------------------------------
[2021-06-11 12:16:30,797] {taskinstance.py:1087} INFO - Executing <Task(PythonOperator): db> on 2021-06-10T00:00:00+00:00
[2021-06-11 12:16:30,807] {standard_task_runner.py:52} INFO - Started process 535 to run task
[2021-06-11 12:16:30,815] {standard_task_runner.py:76} INFO - Running: ['***', 'tasks', 'run', 'Summary_db', 'db', '2021-06-10T00:00:00+00:00', '--job-id', '15', '--pool', 'default_pool', '--raw', '--subdir', 'DAGS_FOLDER/first_dag.py', '--cfg-path', '/tmp/tmpt2r96dpy', '--error-file', '/tmp/tmph4czijpi']
[2021-06-11 12:16:30,816] {standard_task_runner.py:77} INFO - Job 15: Subtask db
[2021-06-11 12:16:30,894] {logging_mixin.py:104} INFO - Running <TaskInstance: Summary_db.db 2021-06-10T00:00:00+00:00 [running]> on host b8bda4efd4cb
[2021-06-11 12:16:31,007] {taskinstance.py:1282} INFO - Exporting the following env vars:
AIRFLOW_CTX_DAG_OWNER=***
AIRFLOW_CTX_DAG_ID=Summary_db
AIRFLOW_CTX_TASK_ID=db
AIRFLOW_CTX_EXECUTION_DATE=2021-06-10T00:00:00+00:00
AIRFLOW_CTX_DAG_RUN_ID=scheduled__2021-06-10T00:00:00+00:00
[2021-06-11 12:16:31,008] {logging_mixin.py:104} INFO - DB Connection started
[2021-06-11 12:16:31,009] {taskinstance.py:1481} ERROR - Task failed with exception
Traceback (most recent call last):
  File "/home/airflow/.local/lib/python3.6/site-packages/airflow/models/taskinstance.py", line 1137, in _run_raw_task
    self._prepare_and_execute_task_with_callbacks(context, task)
  File "/home/airflow/.local/lib/python3.6/site-packages/airflow/models/taskinstance.py", line 1311, in _prepare_and_execute_task_with_callbacks
    result = self._execute_task(context, task_copy)
  File "/home/airflow/.local/lib/python3.6/site-packages/airflow/models/taskinstance.py", line 1341, in _execute_task
    result = task_copy.execute(context=context)
  File "/home/airflow/.local/lib/python3.6/site-packages/airflow/operators/python.py", line 150, in execute
    return_value = self.execute_callable()
  File "/home/airflow/.local/lib/python3.6/site-packages/airflow/operators/python.py", line 161, in execute_callable
    return self.python_callable(*self.op_args, **self.op_kwargs)
  File "/opt/airflow/dags/first_dag.py", line 37, in db_conn
    replica_db_connector = mysql.connector.connect(host= '3.0.136.197', user='yantra', password='0FRZ*j7,>M>C,&tJ',ssl_disabled=True)
NameError: name 'mysql' is not defined
[2021-06-11 12:16:31,013] {taskinstance.py:1531} INFO - Marking task as UP_FOR_RETRY. dag_id=Summary_db, task_id=db, execution_date=20210610T000000, start_date=20210611T121630, end_date=20210611T121631
[2021-06-11 12:16:31,070] {local_task_job.py:151} INFO - Task exited with return code 1
