[2021-06-16 13:06:39,519] {taskinstance.py:876} INFO - Dependencies all met for <TaskInstance: summary_db.customer_servicecentre_logins 2021-06-15T00:00:00+00:00 [queued]>
[2021-06-16 13:06:39,568] {taskinstance.py:876} INFO - Dependencies all met for <TaskInstance: summary_db.customer_servicecentre_logins 2021-06-15T00:00:00+00:00 [queued]>
[2021-06-16 13:06:39,568] {taskinstance.py:1067} INFO - 
--------------------------------------------------------------------------------
[2021-06-16 13:06:39,569] {taskinstance.py:1068} INFO - Starting attempt 2 of 5
[2021-06-16 13:06:39,569] {taskinstance.py:1069} INFO - 
--------------------------------------------------------------------------------
[2021-06-16 13:06:39,586] {taskinstance.py:1087} INFO - Executing <Task(PythonOperator): customer_servicecentre_logins> on 2021-06-15T00:00:00+00:00
[2021-06-16 13:06:39,595] {standard_task_runner.py:52} INFO - Started process 1420 to run task
[2021-06-16 13:06:39,603] {standard_task_runner.py:76} INFO - Running: ['***', 'tasks', 'run', 'summary_db', 'customer_servicecentre_logins', '2021-06-15T00:00:00+00:00', '--job-id', '211', '--pool', 'default_pool', '--raw', '--subdir', 'DAGS_FOLDER/first_dag.py', '--cfg-path', '/tmp/tmp7oboobbj', '--error-file', '/tmp/tmpz0d6xzxu']
[2021-06-16 13:06:39,604] {standard_task_runner.py:77} INFO - Job 211: Subtask customer_servicecentre_logins
[2021-06-16 13:06:39,807] {logging_mixin.py:104} INFO - Running <TaskInstance: summary_db.customer_servicecentre_logins 2021-06-15T00:00:00+00:00 [running]> on host ac3e7c1eb084
[2021-06-16 13:06:39,896] {taskinstance.py:1282} INFO - Exporting the following env vars:
AIRFLOW_CTX_DAG_OWNER=***
AIRFLOW_CTX_DAG_ID=summary_db
AIRFLOW_CTX_TASK_ID=customer_servicecentre_logins
AIRFLOW_CTX_EXECUTION_DATE=2021-06-15T00:00:00+00:00
AIRFLOW_CTX_DAG_RUN_ID=scheduled__2021-06-15T00:00:00+00:00
[2021-06-16 13:06:39,897] {logging_mixin.py:104} INFO - ------------------------------------Inside Function-----------------------------
[2021-06-16 13:06:41,937] {logging_mixin.py:104} INFO - -------------------------------Data read into dataframe---------------------------
[2021-06-16 13:06:43,790] {logging_mixin.py:104} INFO - ----------------------------------Data written into summary DB----------------------
[2021-06-16 13:06:43,790] {python.py:151} INFO - Done. Returned value was: None
[2021-06-16 13:06:43,870] {taskinstance.py:1191} INFO - Marking task as SUCCESS. dag_id=summary_db, task_id=customer_servicecentre_logins, execution_date=20210615T000000, start_date=20210616T130639, end_date=20210616T130643
[2021-06-16 13:06:44,095] {taskinstance.py:1245} INFO - 0 downstream tasks scheduled from follow-on schedule check
[2021-06-16 13:06:44,131] {local_task_job.py:151} INFO - Task exited with return code 0
