[2021-06-28 15:20:02,003] {taskinstance.py:876} INFO - Dependencies all met for <TaskInstance: summary_db.ambassador_channel_partner 2021-06-26T23:45:00+00:00 [queued]>
[2021-06-28 15:20:02,420] {taskinstance.py:876} INFO - Dependencies all met for <TaskInstance: summary_db.ambassador_channel_partner 2021-06-26T23:45:00+00:00 [queued]>
[2021-06-28 15:20:02,420] {taskinstance.py:1067} INFO - 
--------------------------------------------------------------------------------
[2021-06-28 15:20:02,421] {taskinstance.py:1068} INFO - Starting attempt 1 of 4
[2021-06-28 15:20:02,421] {taskinstance.py:1069} INFO - 
--------------------------------------------------------------------------------
[2021-06-28 15:20:02,706] {taskinstance.py:1087} INFO - Executing <Task(PythonOperator): ambassador_channel_partner> on 2021-06-26T23:45:00+00:00
[2021-06-28 15:20:02,868] {standard_task_runner.py:52} INFO - Started process 308 to run task
[2021-06-28 15:20:02,918] {standard_task_runner.py:76} INFO - Running: ['***', 'tasks', 'run', 'summary_db', 'ambassador_channel_partner', '2021-06-26T23:45:00+00:00', '--job-id', '282', '--pool', 'default_pool', '--raw', '--subdir', 'DAGS_FOLDER/analytics_summary.py', '--cfg-path', '/tmp/tmpieq94f4_', '--error-file', '/tmp/tmpli811diz']
[2021-06-28 15:20:02,919] {standard_task_runner.py:77} INFO - Job 282: Subtask ambassador_channel_partner
[2021-06-28 15:20:03,424] {logging_mixin.py:104} INFO - Running <TaskInstance: summary_db.ambassador_channel_partner 2021-06-26T23:45:00+00:00 [running]> on host 32c9461fc328
[2021-06-28 15:20:03,745] {taskinstance.py:1282} INFO - Exporting the following env vars:
AIRFLOW_CTX_DAG_OWNER=***
AIRFLOW_CTX_DAG_ID=summary_db
AIRFLOW_CTX_TASK_ID=ambassador_channel_partner
AIRFLOW_CTX_EXECUTION_DATE=2021-06-26T23:45:00+00:00
AIRFLOW_CTX_DAG_RUN_ID=scheduled__2021-06-26T23:45:00+00:00
[2021-06-28 15:20:03,745] {logging_mixin.py:104} INFO - ------------------------------------Inside Function-----------------------------
[2021-06-28 15:20:05,718] {logging_mixin.py:104} INFO - -------------------------------Data read into dataframe---------------------------
[2021-06-28 15:20:08,256] {logging_mixin.py:104} INFO - ----------------------------------Data written into summary DB----------------------
[2021-06-28 15:20:08,262] {python.py:151} INFO - Done. Returned value was: None
[2021-06-28 15:20:08,557] {taskinstance.py:1191} INFO - Marking task as SUCCESS. dag_id=summary_db, task_id=ambassador_channel_partner, execution_date=20210626T234500, start_date=20210628T152002, end_date=20210628T152008
[2021-06-28 15:20:09,082] {taskinstance.py:1245} INFO - 0 downstream tasks scheduled from follow-on schedule check
[2021-06-28 15:20:09,224] {local_task_job.py:151} INFO - Task exited with return code 0
[2021-06-28 15:38:19,844] {taskinstance.py:876} INFO - Dependencies all met for <TaskInstance: summary_db.ambassador_channel_partner 2021-06-26T23:45:00+00:00 [queued]>
[2021-06-28 15:38:19,915] {taskinstance.py:876} INFO - Dependencies all met for <TaskInstance: summary_db.ambassador_channel_partner 2021-06-26T23:45:00+00:00 [queued]>
[2021-06-28 15:38:19,918] {taskinstance.py:1067} INFO - 
--------------------------------------------------------------------------------
[2021-06-28 15:38:19,918] {taskinstance.py:1068} INFO - Starting attempt 1 of 4
[2021-06-28 15:38:19,918] {taskinstance.py:1069} INFO - 
--------------------------------------------------------------------------------
[2021-06-28 15:38:19,949] {taskinstance.py:1087} INFO - Executing <Task(PythonOperator): ambassador_channel_partner> on 2021-06-26T23:45:00+00:00
[2021-06-28 15:38:19,975] {standard_task_runner.py:52} INFO - Started process 289 to run task
[2021-06-28 15:38:19,987] {standard_task_runner.py:76} INFO - Running: ['***', 'tasks', 'run', 'summary_db', 'ambassador_channel_partner', '2021-06-26T23:45:00+00:00', '--job-id', '297', '--pool', 'default_pool', '--raw', '--subdir', 'DAGS_FOLDER/analytics_summary.py', '--cfg-path', '/tmp/tmpyykbp05v', '--error-file', '/tmp/tmp2u9v3cl9']
[2021-06-28 15:38:19,992] {standard_task_runner.py:77} INFO - Job 297: Subtask ambassador_channel_partner
[2021-06-28 15:38:20,139] {logging_mixin.py:104} INFO - Running <TaskInstance: summary_db.ambassador_channel_partner 2021-06-26T23:45:00+00:00 [running]> on host 32c9461fc328
[2021-06-28 15:38:20,293] {taskinstance.py:1282} INFO - Exporting the following env vars:
AIRFLOW_CTX_DAG_OWNER=***
AIRFLOW_CTX_DAG_ID=summary_db
AIRFLOW_CTX_TASK_ID=ambassador_channel_partner
AIRFLOW_CTX_EXECUTION_DATE=2021-06-26T23:45:00+00:00
AIRFLOW_CTX_DAG_RUN_ID=scheduled__2021-06-26T23:45:00+00:00
[2021-06-28 15:38:20,294] {logging_mixin.py:104} INFO - ------------------------------------Inside Function-----------------------------
[2021-06-28 15:38:22,094] {logging_mixin.py:104} INFO - -------------------------------Data read into dataframe---------------------------
[2021-06-28 15:38:23,862] {logging_mixin.py:104} INFO - ----------------------------------Data written into summary DB----------------------
[2021-06-28 15:38:23,863] {python.py:151} INFO - Done. Returned value was: None
[2021-06-28 15:38:23,921] {taskinstance.py:1191} INFO - Marking task as SUCCESS. dag_id=summary_db, task_id=ambassador_channel_partner, execution_date=20210626T234500, start_date=20210628T153819, end_date=20210628T153823
[2021-06-28 15:38:24,001] {taskinstance.py:1245} INFO - 0 downstream tasks scheduled from follow-on schedule check
[2021-06-28 15:38:24,056] {local_task_job.py:151} INFO - Task exited with return code 0
