[2021-06-28 15:16:28,269] {scheduler_job.py:182} INFO - Started process (PID=107) to work on /home/airflow/.local/lib/python3.6/site-packages/airflow/example_dags/example_branch_datetime_operator.py
[2021-06-28 15:16:28,295] {scheduler_job.py:633} INFO - Processing file /home/airflow/.local/lib/python3.6/site-packages/airflow/example_dags/example_branch_datetime_operator.py for tasks to queue
[2021-06-28 15:16:28,297] {logging_mixin.py:104} INFO - [2021-06-28 15:16:28,296] {dagbag.py:487} INFO - Filling up the DagBag from /home/airflow/.local/lib/python3.6/site-packages/airflow/example_dags/example_branch_datetime_operator.py
[2021-06-28 15:16:28,355] {scheduler_job.py:643} INFO - DAG(s) dict_keys(['example_branch_datetime_operator_2']) retrieved from /home/airflow/.local/lib/python3.6/site-packages/airflow/example_dags/example_branch_datetime_operator.py
[2021-06-28 15:16:29,702] {logging_mixin.py:104} INFO - [2021-06-28 15:16:29,701] {dag.py:1832} INFO - Sync 1 DAGs
[2021-06-28 15:16:29,734] {logging_mixin.py:104} INFO - [2021-06-28 15:16:29,734] {dag.py:2305} INFO - Setting next_dagrun for example_branch_datetime_operator_2 to 2021-06-26 00:00:00+00:00
[2021-06-28 15:16:29,764] {scheduler_job.py:190} INFO - Processing /home/airflow/.local/lib/python3.6/site-packages/airflow/example_dags/example_branch_datetime_operator.py took 1.500 seconds
[2021-06-28 15:16:59,872] {scheduler_job.py:182} INFO - Started process (PID=165) to work on /home/airflow/.local/lib/python3.6/site-packages/airflow/example_dags/example_branch_datetime_operator.py
[2021-06-28 15:16:59,891] {scheduler_job.py:633} INFO - Processing file /home/airflow/.local/lib/python3.6/site-packages/airflow/example_dags/example_branch_datetime_operator.py for tasks to queue
[2021-06-28 15:16:59,894] {logging_mixin.py:104} INFO - [2021-06-28 15:16:59,894] {dagbag.py:487} INFO - Filling up the DagBag from /home/airflow/.local/lib/python3.6/site-packages/airflow/example_dags/example_branch_datetime_operator.py
[2021-06-28 15:16:59,963] {scheduler_job.py:643} INFO - DAG(s) dict_keys(['example_branch_datetime_operator_2']) retrieved from /home/airflow/.local/lib/python3.6/site-packages/airflow/example_dags/example_branch_datetime_operator.py
[2021-06-28 15:17:00,030] {logging_mixin.py:104} INFO - [2021-06-28 15:17:00,030] {dag.py:1832} INFO - Sync 1 DAGs
[2021-06-28 15:17:00,114] {logging_mixin.py:104} INFO - [2021-06-28 15:17:00,113] {dag.py:2305} INFO - Setting next_dagrun for example_branch_datetime_operator_2 to 2021-06-26 00:00:00+00:00
[2021-06-28 15:17:00,156] {scheduler_job.py:190} INFO - Processing /home/airflow/.local/lib/python3.6/site-packages/airflow/example_dags/example_branch_datetime_operator.py took 0.304 seconds
[2021-06-28 15:17:30,469] {scheduler_job.py:182} INFO - Started process (PID=227) to work on /home/airflow/.local/lib/python3.6/site-packages/airflow/example_dags/example_branch_datetime_operator.py
[2021-06-28 15:17:30,471] {scheduler_job.py:633} INFO - Processing file /home/airflow/.local/lib/python3.6/site-packages/airflow/example_dags/example_branch_datetime_operator.py for tasks to queue
[2021-06-28 15:17:30,472] {logging_mixin.py:104} INFO - [2021-06-28 15:17:30,472] {dagbag.py:487} INFO - Filling up the DagBag from /home/airflow/.local/lib/python3.6/site-packages/airflow/example_dags/example_branch_datetime_operator.py
[2021-06-28 15:17:30,488] {scheduler_job.py:643} INFO - DAG(s) dict_keys(['example_branch_datetime_operator_2']) retrieved from /home/airflow/.local/lib/python3.6/site-packages/airflow/example_dags/example_branch_datetime_operator.py
[2021-06-28 15:17:30,517] {logging_mixin.py:104} INFO - [2021-06-28 15:17:30,517] {dag.py:1832} INFO - Sync 1 DAGs
[2021-06-28 15:17:30,550] {logging_mixin.py:104} INFO - [2021-06-28 15:17:30,550] {dag.py:2305} INFO - Setting next_dagrun for example_branch_datetime_operator_2 to 2021-06-26 00:00:00+00:00
[2021-06-28 15:17:30,573] {scheduler_job.py:190} INFO - Processing /home/airflow/.local/lib/python3.6/site-packages/airflow/example_dags/example_branch_datetime_operator.py took 0.108 seconds
[2021-06-28 15:18:00,726] {scheduler_job.py:182} INFO - Started process (PID=287) to work on /home/airflow/.local/lib/python3.6/site-packages/airflow/example_dags/example_branch_datetime_operator.py
[2021-06-28 15:18:00,729] {scheduler_job.py:633} INFO - Processing file /home/airflow/.local/lib/python3.6/site-packages/airflow/example_dags/example_branch_datetime_operator.py for tasks to queue
[2021-06-28 15:18:00,730] {logging_mixin.py:104} INFO - [2021-06-28 15:18:00,730] {dagbag.py:487} INFO - Filling up the DagBag from /home/airflow/.local/lib/python3.6/site-packages/airflow/example_dags/example_branch_datetime_operator.py
[2021-06-28 15:18:00,744] {scheduler_job.py:643} INFO - DAG(s) dict_keys(['example_branch_datetime_operator_2']) retrieved from /home/airflow/.local/lib/python3.6/site-packages/airflow/example_dags/example_branch_datetime_operator.py
[2021-06-28 15:18:00,768] {logging_mixin.py:104} INFO - [2021-06-28 15:18:00,768] {dag.py:1832} INFO - Sync 1 DAGs
[2021-06-28 15:18:00,801] {logging_mixin.py:104} INFO - [2021-06-28 15:18:00,801] {dag.py:2305} INFO - Setting next_dagrun for example_branch_datetime_operator_2 to 2021-06-26 00:00:00+00:00
[2021-06-28 15:18:00,819] {scheduler_job.py:190} INFO - Processing /home/airflow/.local/lib/python3.6/site-packages/airflow/example_dags/example_branch_datetime_operator.py took 0.096 seconds
[2021-06-28 15:18:30,960] {scheduler_job.py:182} INFO - Started process (PID=359) to work on /home/airflow/.local/lib/python3.6/site-packages/airflow/example_dags/example_branch_datetime_operator.py
[2021-06-28 15:18:30,962] {scheduler_job.py:633} INFO - Processing file /home/airflow/.local/lib/python3.6/site-packages/airflow/example_dags/example_branch_datetime_operator.py for tasks to queue
[2021-06-28 15:18:30,963] {logging_mixin.py:104} INFO - [2021-06-28 15:18:30,963] {dagbag.py:487} INFO - Filling up the DagBag from /home/airflow/.local/lib/python3.6/site-packages/airflow/example_dags/example_branch_datetime_operator.py
[2021-06-28 15:18:30,985] {scheduler_job.py:643} INFO - DAG(s) dict_keys(['example_branch_datetime_operator_2']) retrieved from /home/airflow/.local/lib/python3.6/site-packages/airflow/example_dags/example_branch_datetime_operator.py
[2021-06-28 15:18:31,038] {logging_mixin.py:104} INFO - [2021-06-28 15:18:31,037] {dag.py:1832} INFO - Sync 1 DAGs
[2021-06-28 15:18:31,073] {logging_mixin.py:104} INFO - [2021-06-28 15:18:31,072] {dag.py:2305} INFO - Setting next_dagrun for example_branch_datetime_operator_2 to 2021-06-26 00:00:00+00:00
[2021-06-28 15:18:31,095] {scheduler_job.py:190} INFO - Processing /home/airflow/.local/lib/python3.6/site-packages/airflow/example_dags/example_branch_datetime_operator.py took 0.140 seconds
[2021-06-28 15:19:01,296] {scheduler_job.py:182} INFO - Started process (PID=419) to work on /home/airflow/.local/lib/python3.6/site-packages/airflow/example_dags/example_branch_datetime_operator.py
[2021-06-28 15:19:01,298] {scheduler_job.py:633} INFO - Processing file /home/airflow/.local/lib/python3.6/site-packages/airflow/example_dags/example_branch_datetime_operator.py for tasks to queue
[2021-06-28 15:19:01,299] {logging_mixin.py:104} INFO - [2021-06-28 15:19:01,298] {dagbag.py:487} INFO - Filling up the DagBag from /home/airflow/.local/lib/python3.6/site-packages/airflow/example_dags/example_branch_datetime_operator.py
[2021-06-28 15:19:01,355] {scheduler_job.py:643} INFO - DAG(s) dict_keys(['example_branch_datetime_operator_2']) retrieved from /home/airflow/.local/lib/python3.6/site-packages/airflow/example_dags/example_branch_datetime_operator.py
[2021-06-28 15:19:01,412] {logging_mixin.py:104} INFO - [2021-06-28 15:19:01,412] {dag.py:1832} INFO - Sync 1 DAGs
[2021-06-28 15:19:01,448] {logging_mixin.py:104} INFO - [2021-06-28 15:19:01,447] {dag.py:2305} INFO - Setting next_dagrun for example_branch_datetime_operator_2 to 2021-06-26 00:00:00+00:00
[2021-06-28 15:19:01,465] {scheduler_job.py:190} INFO - Processing /home/airflow/.local/lib/python3.6/site-packages/airflow/example_dags/example_branch_datetime_operator.py took 0.186 seconds
[2021-06-28 15:19:32,505] {scheduler_job.py:182} INFO - Started process (PID=472) to work on /home/airflow/.local/lib/python3.6/site-packages/airflow/example_dags/example_branch_datetime_operator.py
[2021-06-28 15:19:32,507] {scheduler_job.py:633} INFO - Processing file /home/airflow/.local/lib/python3.6/site-packages/airflow/example_dags/example_branch_datetime_operator.py for tasks to queue
[2021-06-28 15:19:32,508] {logging_mixin.py:104} INFO - [2021-06-28 15:19:32,508] {dagbag.py:487} INFO - Filling up the DagBag from /home/airflow/.local/lib/python3.6/site-packages/airflow/example_dags/example_branch_datetime_operator.py
[2021-06-28 15:19:32,637] {scheduler_job.py:643} INFO - DAG(s) dict_keys(['example_branch_datetime_operator_2']) retrieved from /home/airflow/.local/lib/python3.6/site-packages/airflow/example_dags/example_branch_datetime_operator.py
[2021-06-28 15:19:32,864] {logging_mixin.py:104} INFO - [2021-06-28 15:19:32,864] {dag.py:1832} INFO - Sync 1 DAGs
[2021-06-28 15:19:32,985] {logging_mixin.py:104} INFO - [2021-06-28 15:19:32,984] {dag.py:2305} INFO - Setting next_dagrun for example_branch_datetime_operator_2 to 2021-06-26 00:00:00+00:00
[2021-06-28 15:19:33,046] {scheduler_job.py:190} INFO - Processing /home/airflow/.local/lib/python3.6/site-packages/airflow/example_dags/example_branch_datetime_operator.py took 0.557 seconds
[2021-06-28 15:20:03,484] {scheduler_job.py:182} INFO - Started process (PID=531) to work on /home/airflow/.local/lib/python3.6/site-packages/airflow/example_dags/example_branch_datetime_operator.py
[2021-06-28 15:20:03,516] {scheduler_job.py:633} INFO - Processing file /home/airflow/.local/lib/python3.6/site-packages/airflow/example_dags/example_branch_datetime_operator.py for tasks to queue
[2021-06-28 15:20:03,517] {logging_mixin.py:104} INFO - [2021-06-28 15:20:03,517] {dagbag.py:487} INFO - Filling up the DagBag from /home/airflow/.local/lib/python3.6/site-packages/airflow/example_dags/example_branch_datetime_operator.py
[2021-06-28 15:20:03,570] {scheduler_job.py:643} INFO - DAG(s) dict_keys(['example_branch_datetime_operator_2']) retrieved from /home/airflow/.local/lib/python3.6/site-packages/airflow/example_dags/example_branch_datetime_operator.py
[2021-06-28 15:20:03,631] {logging_mixin.py:104} INFO - [2021-06-28 15:20:03,631] {dag.py:1832} INFO - Sync 1 DAGs
[2021-06-28 15:20:03,737] {logging_mixin.py:104} INFO - [2021-06-28 15:20:03,737] {dag.py:2305} INFO - Setting next_dagrun for example_branch_datetime_operator_2 to 2021-06-26 00:00:00+00:00
[2021-06-28 15:20:03,788] {scheduler_job.py:190} INFO - Processing /home/airflow/.local/lib/python3.6/site-packages/airflow/example_dags/example_branch_datetime_operator.py took 0.316 seconds
[2021-06-28 15:20:34,397] {scheduler_job.py:182} INFO - Started process (PID=602) to work on /home/airflow/.local/lib/python3.6/site-packages/airflow/example_dags/example_branch_datetime_operator.py
[2021-06-28 15:20:34,406] {scheduler_job.py:633} INFO - Processing file /home/airflow/.local/lib/python3.6/site-packages/airflow/example_dags/example_branch_datetime_operator.py for tasks to queue
[2021-06-28 15:20:34,407] {logging_mixin.py:104} INFO - [2021-06-28 15:20:34,407] {dagbag.py:487} INFO - Filling up the DagBag from /home/airflow/.local/lib/python3.6/site-packages/airflow/example_dags/example_branch_datetime_operator.py
[2021-06-28 15:20:34,433] {scheduler_job.py:643} INFO - DAG(s) dict_keys(['example_branch_datetime_operator_2']) retrieved from /home/airflow/.local/lib/python3.6/site-packages/airflow/example_dags/example_branch_datetime_operator.py
[2021-06-28 15:20:34,481] {logging_mixin.py:104} INFO - [2021-06-28 15:20:34,480] {dag.py:1832} INFO - Sync 1 DAGs
[2021-06-28 15:20:34,530] {logging_mixin.py:104} INFO - [2021-06-28 15:20:34,530] {dag.py:2305} INFO - Setting next_dagrun for example_branch_datetime_operator_2 to 2021-06-26 00:00:00+00:00
[2021-06-28 15:20:34,548] {scheduler_job.py:190} INFO - Processing /home/airflow/.local/lib/python3.6/site-packages/airflow/example_dags/example_branch_datetime_operator.py took 0.155 seconds
[2021-06-28 15:21:05,083] {scheduler_job.py:182} INFO - Started process (PID=661) to work on /home/airflow/.local/lib/python3.6/site-packages/airflow/example_dags/example_branch_datetime_operator.py
[2021-06-28 15:21:05,089] {scheduler_job.py:633} INFO - Processing file /home/airflow/.local/lib/python3.6/site-packages/airflow/example_dags/example_branch_datetime_operator.py for tasks to queue
[2021-06-28 15:21:05,103] {logging_mixin.py:104} INFO - [2021-06-28 15:21:05,102] {dagbag.py:487} INFO - Filling up the DagBag from /home/airflow/.local/lib/python3.6/site-packages/airflow/example_dags/example_branch_datetime_operator.py
[2021-06-28 15:21:05,132] {scheduler_job.py:643} INFO - DAG(s) dict_keys(['example_branch_datetime_operator_2']) retrieved from /home/airflow/.local/lib/python3.6/site-packages/airflow/example_dags/example_branch_datetime_operator.py
[2021-06-28 15:21:05,185] {logging_mixin.py:104} INFO - [2021-06-28 15:21:05,185] {dag.py:1832} INFO - Sync 1 DAGs
[2021-06-28 15:21:05,232] {logging_mixin.py:104} INFO - [2021-06-28 15:21:05,231] {dag.py:2305} INFO - Setting next_dagrun for example_branch_datetime_operator_2 to 2021-06-26 00:00:00+00:00
[2021-06-28 15:21:05,256] {scheduler_job.py:190} INFO - Processing /home/airflow/.local/lib/python3.6/site-packages/airflow/example_dags/example_branch_datetime_operator.py took 0.179 seconds
[2021-06-28 15:21:35,724] {scheduler_job.py:182} INFO - Started process (PID=720) to work on /home/airflow/.local/lib/python3.6/site-packages/airflow/example_dags/example_branch_datetime_operator.py
[2021-06-28 15:21:35,727] {scheduler_job.py:633} INFO - Processing file /home/airflow/.local/lib/python3.6/site-packages/airflow/example_dags/example_branch_datetime_operator.py for tasks to queue
[2021-06-28 15:21:35,728] {logging_mixin.py:104} INFO - [2021-06-28 15:21:35,728] {dagbag.py:487} INFO - Filling up the DagBag from /home/airflow/.local/lib/python3.6/site-packages/airflow/example_dags/example_branch_datetime_operator.py
[2021-06-28 15:21:35,775] {scheduler_job.py:643} INFO - DAG(s) dict_keys(['example_branch_datetime_operator_2']) retrieved from /home/airflow/.local/lib/python3.6/site-packages/airflow/example_dags/example_branch_datetime_operator.py
[2021-06-28 15:21:35,858] {logging_mixin.py:104} INFO - [2021-06-28 15:21:35,857] {dag.py:1832} INFO - Sync 1 DAGs
[2021-06-28 15:21:35,913] {logging_mixin.py:104} INFO - [2021-06-28 15:21:35,909] {dag.py:2305} INFO - Setting next_dagrun for example_branch_datetime_operator_2 to 2021-06-26 00:00:00+00:00
[2021-06-28 15:21:35,955] {scheduler_job.py:190} INFO - Processing /home/airflow/.local/lib/python3.6/site-packages/airflow/example_dags/example_branch_datetime_operator.py took 0.247 seconds
[2021-06-28 15:22:06,188] {scheduler_job.py:182} INFO - Started process (PID=780) to work on /home/airflow/.local/lib/python3.6/site-packages/airflow/example_dags/example_branch_datetime_operator.py
[2021-06-28 15:22:06,192] {scheduler_job.py:633} INFO - Processing file /home/airflow/.local/lib/python3.6/site-packages/airflow/example_dags/example_branch_datetime_operator.py for tasks to queue
[2021-06-28 15:22:06,203] {logging_mixin.py:104} INFO - [2021-06-28 15:22:06,202] {dagbag.py:487} INFO - Filling up the DagBag from /home/airflow/.local/lib/python3.6/site-packages/airflow/example_dags/example_branch_datetime_operator.py
[2021-06-28 15:22:06,301] {scheduler_job.py:643} INFO - DAG(s) dict_keys(['example_branch_datetime_operator_2']) retrieved from /home/airflow/.local/lib/python3.6/site-packages/airflow/example_dags/example_branch_datetime_operator.py
[2021-06-28 15:22:06,376] {logging_mixin.py:104} INFO - [2021-06-28 15:22:06,373] {dag.py:1832} INFO - Sync 1 DAGs
[2021-06-28 15:22:06,475] {logging_mixin.py:104} INFO - [2021-06-28 15:22:06,474] {dag.py:2305} INFO - Setting next_dagrun for example_branch_datetime_operator_2 to 2021-06-26 00:00:00+00:00
[2021-06-28 15:22:06,578] {scheduler_job.py:190} INFO - Processing /home/airflow/.local/lib/python3.6/site-packages/airflow/example_dags/example_branch_datetime_operator.py took 0.407 seconds
[2021-06-28 15:22:37,012] {scheduler_job.py:182} INFO - Started process (PID=844) to work on /home/airflow/.local/lib/python3.6/site-packages/airflow/example_dags/example_branch_datetime_operator.py
[2021-06-28 15:22:37,015] {scheduler_job.py:633} INFO - Processing file /home/airflow/.local/lib/python3.6/site-packages/airflow/example_dags/example_branch_datetime_operator.py for tasks to queue
[2021-06-28 15:22:37,023] {logging_mixin.py:104} INFO - [2021-06-28 15:22:37,022] {dagbag.py:487} INFO - Filling up the DagBag from /home/airflow/.local/lib/python3.6/site-packages/airflow/example_dags/example_branch_datetime_operator.py
[2021-06-28 15:22:37,066] {scheduler_job.py:643} INFO - DAG(s) dict_keys(['example_branch_datetime_operator_2']) retrieved from /home/airflow/.local/lib/python3.6/site-packages/airflow/example_dags/example_branch_datetime_operator.py
[2021-06-28 15:22:37,197] {logging_mixin.py:104} INFO - [2021-06-28 15:22:37,197] {dag.py:1832} INFO - Sync 1 DAGs
[2021-06-28 15:22:37,538] {logging_mixin.py:104} INFO - [2021-06-28 15:22:37,537] {dag.py:2305} INFO - Setting next_dagrun for example_branch_datetime_operator_2 to 2021-06-26 00:00:00+00:00
[2021-06-28 15:22:37,598] {scheduler_job.py:190} INFO - Processing /home/airflow/.local/lib/python3.6/site-packages/airflow/example_dags/example_branch_datetime_operator.py took 0.595 seconds
[2021-06-28 15:23:08,440] {scheduler_job.py:182} INFO - Started process (PID=904) to work on /home/airflow/.local/lib/python3.6/site-packages/airflow/example_dags/example_branch_datetime_operator.py
[2021-06-28 15:23:08,444] {scheduler_job.py:633} INFO - Processing file /home/airflow/.local/lib/python3.6/site-packages/airflow/example_dags/example_branch_datetime_operator.py for tasks to queue
[2021-06-28 15:23:08,446] {logging_mixin.py:104} INFO - [2021-06-28 15:23:08,445] {dagbag.py:487} INFO - Filling up the DagBag from /home/airflow/.local/lib/python3.6/site-packages/airflow/example_dags/example_branch_datetime_operator.py
[2021-06-28 15:23:08,478] {scheduler_job.py:643} INFO - DAG(s) dict_keys(['example_branch_datetime_operator_2']) retrieved from /home/airflow/.local/lib/python3.6/site-packages/airflow/example_dags/example_branch_datetime_operator.py
[2021-06-28 15:23:08,514] {logging_mixin.py:104} INFO - [2021-06-28 15:23:08,514] {dag.py:1832} INFO - Sync 1 DAGs
[2021-06-28 15:23:08,577] {logging_mixin.py:104} INFO - [2021-06-28 15:23:08,576] {dag.py:2305} INFO - Setting next_dagrun for example_branch_datetime_operator_2 to 2021-06-26 00:00:00+00:00
[2021-06-28 15:23:08,651] {scheduler_job.py:190} INFO - Processing /home/airflow/.local/lib/python3.6/site-packages/airflow/example_dags/example_branch_datetime_operator.py took 0.216 seconds
[2021-06-28 15:23:38,710] {scheduler_job.py:182} INFO - Started process (PID=964) to work on /home/airflow/.local/lib/python3.6/site-packages/airflow/example_dags/example_branch_datetime_operator.py
[2021-06-28 15:23:38,711] {scheduler_job.py:633} INFO - Processing file /home/airflow/.local/lib/python3.6/site-packages/airflow/example_dags/example_branch_datetime_operator.py for tasks to queue
[2021-06-28 15:23:38,723] {logging_mixin.py:104} INFO - [2021-06-28 15:23:38,722] {dagbag.py:487} INFO - Filling up the DagBag from /home/airflow/.local/lib/python3.6/site-packages/airflow/example_dags/example_branch_datetime_operator.py
[2021-06-28 15:23:38,748] {scheduler_job.py:643} INFO - DAG(s) dict_keys(['example_branch_datetime_operator_2']) retrieved from /home/airflow/.local/lib/python3.6/site-packages/airflow/example_dags/example_branch_datetime_operator.py
[2021-06-28 15:23:38,782] {logging_mixin.py:104} INFO - [2021-06-28 15:23:38,782] {dag.py:1832} INFO - Sync 1 DAGs
[2021-06-28 15:23:38,833] {logging_mixin.py:104} INFO - [2021-06-28 15:23:38,833] {dag.py:2305} INFO - Setting next_dagrun for example_branch_datetime_operator_2 to 2021-06-26 00:00:00+00:00
[2021-06-28 15:23:38,866] {scheduler_job.py:190} INFO - Processing /home/airflow/.local/lib/python3.6/site-packages/airflow/example_dags/example_branch_datetime_operator.py took 0.161 seconds
[2021-06-28 15:24:08,908] {scheduler_job.py:182} INFO - Started process (PID=1029) to work on /home/airflow/.local/lib/python3.6/site-packages/airflow/example_dags/example_branch_datetime_operator.py
[2021-06-28 15:24:08,910] {scheduler_job.py:633} INFO - Processing file /home/airflow/.local/lib/python3.6/site-packages/airflow/example_dags/example_branch_datetime_operator.py for tasks to queue
[2021-06-28 15:24:08,910] {logging_mixin.py:104} INFO - [2021-06-28 15:24:08,910] {dagbag.py:487} INFO - Filling up the DagBag from /home/airflow/.local/lib/python3.6/site-packages/airflow/example_dags/example_branch_datetime_operator.py
[2021-06-28 15:24:08,927] {scheduler_job.py:643} INFO - DAG(s) dict_keys(['example_branch_datetime_operator_2']) retrieved from /home/airflow/.local/lib/python3.6/site-packages/airflow/example_dags/example_branch_datetime_operator.py
[2021-06-28 15:24:08,955] {logging_mixin.py:104} INFO - [2021-06-28 15:24:08,955] {dag.py:1832} INFO - Sync 1 DAGs
[2021-06-28 15:24:08,990] {logging_mixin.py:104} INFO - [2021-06-28 15:24:08,990] {dag.py:2305} INFO - Setting next_dagrun for example_branch_datetime_operator_2 to 2021-06-26 00:00:00+00:00
[2021-06-28 15:24:09,011] {scheduler_job.py:190} INFO - Processing /home/airflow/.local/lib/python3.6/site-packages/airflow/example_dags/example_branch_datetime_operator.py took 0.107 seconds
[2021-06-28 15:24:39,286] {scheduler_job.py:182} INFO - Started process (PID=1088) to work on /home/airflow/.local/lib/python3.6/site-packages/airflow/example_dags/example_branch_datetime_operator.py
[2021-06-28 15:24:39,290] {scheduler_job.py:633} INFO - Processing file /home/airflow/.local/lib/python3.6/site-packages/airflow/example_dags/example_branch_datetime_operator.py for tasks to queue
[2021-06-28 15:24:39,291] {logging_mixin.py:104} INFO - [2021-06-28 15:24:39,291] {dagbag.py:487} INFO - Filling up the DagBag from /home/airflow/.local/lib/python3.6/site-packages/airflow/example_dags/example_branch_datetime_operator.py
[2021-06-28 15:24:39,327] {scheduler_job.py:643} INFO - DAG(s) dict_keys(['example_branch_datetime_operator_2']) retrieved from /home/airflow/.local/lib/python3.6/site-packages/airflow/example_dags/example_branch_datetime_operator.py
[2021-06-28 15:24:39,374] {logging_mixin.py:104} INFO - [2021-06-28 15:24:39,374] {dag.py:1832} INFO - Sync 1 DAGs
[2021-06-28 15:24:39,434] {logging_mixin.py:104} INFO - [2021-06-28 15:24:39,434] {dag.py:2305} INFO - Setting next_dagrun for example_branch_datetime_operator_2 to 2021-06-26 00:00:00+00:00
[2021-06-28 15:24:39,452] {scheduler_job.py:190} INFO - Processing /home/airflow/.local/lib/python3.6/site-packages/airflow/example_dags/example_branch_datetime_operator.py took 0.172 seconds
[2021-06-28 15:25:10,333] {scheduler_job.py:182} INFO - Started process (PID=1147) to work on /home/airflow/.local/lib/python3.6/site-packages/airflow/example_dags/example_branch_datetime_operator.py
[2021-06-28 15:25:10,335] {scheduler_job.py:633} INFO - Processing file /home/airflow/.local/lib/python3.6/site-packages/airflow/example_dags/example_branch_datetime_operator.py for tasks to queue
[2021-06-28 15:25:10,336] {logging_mixin.py:104} INFO - [2021-06-28 15:25:10,336] {dagbag.py:487} INFO - Filling up the DagBag from /home/airflow/.local/lib/python3.6/site-packages/airflow/example_dags/example_branch_datetime_operator.py
[2021-06-28 15:25:10,416] {scheduler_job.py:643} INFO - DAG(s) dict_keys(['example_branch_datetime_operator_2']) retrieved from /home/airflow/.local/lib/python3.6/site-packages/airflow/example_dags/example_branch_datetime_operator.py
[2021-06-28 15:25:10,483] {logging_mixin.py:104} INFO - [2021-06-28 15:25:10,483] {dag.py:1832} INFO - Sync 1 DAGs
[2021-06-28 15:25:10,560] {logging_mixin.py:104} INFO - [2021-06-28 15:25:10,560] {dag.py:2305} INFO - Setting next_dagrun for example_branch_datetime_operator_2 to 2021-06-26 00:00:00+00:00
[2021-06-28 15:25:10,600] {scheduler_job.py:190} INFO - Processing /home/airflow/.local/lib/python3.6/site-packages/airflow/example_dags/example_branch_datetime_operator.py took 0.295 seconds
[2021-06-28 15:25:41,131] {scheduler_job.py:182} INFO - Started process (PID=1219) to work on /home/airflow/.local/lib/python3.6/site-packages/airflow/example_dags/example_branch_datetime_operator.py
[2021-06-28 15:25:41,143] {scheduler_job.py:633} INFO - Processing file /home/airflow/.local/lib/python3.6/site-packages/airflow/example_dags/example_branch_datetime_operator.py for tasks to queue
[2021-06-28 15:25:41,144] {logging_mixin.py:104} INFO - [2021-06-28 15:25:41,144] {dagbag.py:487} INFO - Filling up the DagBag from /home/airflow/.local/lib/python3.6/site-packages/airflow/example_dags/example_branch_datetime_operator.py
[2021-06-28 15:25:41,263] {scheduler_job.py:643} INFO - DAG(s) dict_keys(['example_branch_datetime_operator_2']) retrieved from /home/airflow/.local/lib/python3.6/site-packages/airflow/example_dags/example_branch_datetime_operator.py
[2021-06-28 15:25:41,500] {logging_mixin.py:104} INFO - [2021-06-28 15:25:41,500] {dag.py:1832} INFO - Sync 1 DAGs
[2021-06-28 15:25:41,621] {logging_mixin.py:104} INFO - [2021-06-28 15:25:41,621] {dag.py:2305} INFO - Setting next_dagrun for example_branch_datetime_operator_2 to 2021-06-26 00:00:00+00:00
[2021-06-28 15:25:41,677] {scheduler_job.py:190} INFO - Processing /home/airflow/.local/lib/python3.6/site-packages/airflow/example_dags/example_branch_datetime_operator.py took 0.567 seconds
[2021-06-28 15:26:12,268] {scheduler_job.py:182} INFO - Started process (PID=1281) to work on /home/airflow/.local/lib/python3.6/site-packages/airflow/example_dags/example_branch_datetime_operator.py
[2021-06-28 15:26:12,273] {scheduler_job.py:633} INFO - Processing file /home/airflow/.local/lib/python3.6/site-packages/airflow/example_dags/example_branch_datetime_operator.py for tasks to queue
[2021-06-28 15:26:12,276] {logging_mixin.py:104} INFO - [2021-06-28 15:26:12,275] {dagbag.py:487} INFO - Filling up the DagBag from /home/airflow/.local/lib/python3.6/site-packages/airflow/example_dags/example_branch_datetime_operator.py
[2021-06-28 15:26:12,316] {scheduler_job.py:643} INFO - DAG(s) dict_keys(['example_branch_datetime_operator_2']) retrieved from /home/airflow/.local/lib/python3.6/site-packages/airflow/example_dags/example_branch_datetime_operator.py
[2021-06-28 15:26:12,373] {logging_mixin.py:104} INFO - [2021-06-28 15:26:12,373] {dag.py:1832} INFO - Sync 1 DAGs
[2021-06-28 15:26:12,436] {logging_mixin.py:104} INFO - [2021-06-28 15:26:12,436] {dag.py:2305} INFO - Setting next_dagrun for example_branch_datetime_operator_2 to 2021-06-26 00:00:00+00:00
[2021-06-28 15:26:12,516] {scheduler_job.py:190} INFO - Processing /home/airflow/.local/lib/python3.6/site-packages/airflow/example_dags/example_branch_datetime_operator.py took 0.253 seconds
[2021-06-28 15:26:42,709] {scheduler_job.py:182} INFO - Started process (PID=1341) to work on /home/airflow/.local/lib/python3.6/site-packages/airflow/example_dags/example_branch_datetime_operator.py
[2021-06-28 15:26:42,715] {scheduler_job.py:633} INFO - Processing file /home/airflow/.local/lib/python3.6/site-packages/airflow/example_dags/example_branch_datetime_operator.py for tasks to queue
[2021-06-28 15:26:42,716] {logging_mixin.py:104} INFO - [2021-06-28 15:26:42,716] {dagbag.py:487} INFO - Filling up the DagBag from /home/airflow/.local/lib/python3.6/site-packages/airflow/example_dags/example_branch_datetime_operator.py
[2021-06-28 15:26:42,790] {scheduler_job.py:643} INFO - DAG(s) dict_keys(['example_branch_datetime_operator_2']) retrieved from /home/airflow/.local/lib/python3.6/site-packages/airflow/example_dags/example_branch_datetime_operator.py
[2021-06-28 15:26:42,925] {logging_mixin.py:104} INFO - [2021-06-28 15:26:42,924] {dag.py:1832} INFO - Sync 1 DAGs
[2021-06-28 15:26:42,988] {logging_mixin.py:104} INFO - [2021-06-28 15:26:42,988] {dag.py:2305} INFO - Setting next_dagrun for example_branch_datetime_operator_2 to 2021-06-26 00:00:00+00:00
[2021-06-28 15:26:43,019] {scheduler_job.py:190} INFO - Processing /home/airflow/.local/lib/python3.6/site-packages/airflow/example_dags/example_branch_datetime_operator.py took 0.323 seconds
[2021-06-28 15:27:13,067] {scheduler_job.py:182} INFO - Started process (PID=1401) to work on /home/airflow/.local/lib/python3.6/site-packages/airflow/example_dags/example_branch_datetime_operator.py
[2021-06-28 15:27:13,069] {scheduler_job.py:633} INFO - Processing file /home/airflow/.local/lib/python3.6/site-packages/airflow/example_dags/example_branch_datetime_operator.py for tasks to queue
[2021-06-28 15:27:13,070] {logging_mixin.py:104} INFO - [2021-06-28 15:27:13,069] {dagbag.py:487} INFO - Filling up the DagBag from /home/airflow/.local/lib/python3.6/site-packages/airflow/example_dags/example_branch_datetime_operator.py
[2021-06-28 15:27:13,088] {scheduler_job.py:643} INFO - DAG(s) dict_keys(['example_branch_datetime_operator_2']) retrieved from /home/airflow/.local/lib/python3.6/site-packages/airflow/example_dags/example_branch_datetime_operator.py
[2021-06-28 15:27:13,139] {logging_mixin.py:104} INFO - [2021-06-28 15:27:13,139] {dag.py:1832} INFO - Sync 1 DAGs
[2021-06-28 15:27:13,176] {logging_mixin.py:104} INFO - [2021-06-28 15:27:13,176] {dag.py:2305} INFO - Setting next_dagrun for example_branch_datetime_operator_2 to 2021-06-26 00:00:00+00:00
[2021-06-28 15:27:13,193] {scheduler_job.py:190} INFO - Processing /home/airflow/.local/lib/python3.6/site-packages/airflow/example_dags/example_branch_datetime_operator.py took 0.130 seconds
[2021-06-28 15:27:44,053] {scheduler_job.py:182} INFO - Started process (PID=1462) to work on /home/airflow/.local/lib/python3.6/site-packages/airflow/example_dags/example_branch_datetime_operator.py
[2021-06-28 15:27:44,055] {scheduler_job.py:633} INFO - Processing file /home/airflow/.local/lib/python3.6/site-packages/airflow/example_dags/example_branch_datetime_operator.py for tasks to queue
[2021-06-28 15:27:44,057] {logging_mixin.py:104} INFO - [2021-06-28 15:27:44,057] {dagbag.py:487} INFO - Filling up the DagBag from /home/airflow/.local/lib/python3.6/site-packages/airflow/example_dags/example_branch_datetime_operator.py
[2021-06-28 15:27:44,090] {scheduler_job.py:643} INFO - DAG(s) dict_keys(['example_branch_datetime_operator_2']) retrieved from /home/airflow/.local/lib/python3.6/site-packages/airflow/example_dags/example_branch_datetime_operator.py
[2021-06-28 15:27:44,132] {logging_mixin.py:104} INFO - [2021-06-28 15:27:44,132] {dag.py:1832} INFO - Sync 1 DAGs
[2021-06-28 15:27:44,179] {logging_mixin.py:104} INFO - [2021-06-28 15:27:44,178] {dag.py:2305} INFO - Setting next_dagrun for example_branch_datetime_operator_2 to 2021-06-26 00:00:00+00:00
[2021-06-28 15:27:44,193] {scheduler_job.py:190} INFO - Processing /home/airflow/.local/lib/python3.6/site-packages/airflow/example_dags/example_branch_datetime_operator.py took 0.144 seconds
[2021-06-28 15:28:14,854] {scheduler_job.py:182} INFO - Started process (PID=1537) to work on /home/airflow/.local/lib/python3.6/site-packages/airflow/example_dags/example_branch_datetime_operator.py
[2021-06-28 15:28:14,856] {scheduler_job.py:633} INFO - Processing file /home/airflow/.local/lib/python3.6/site-packages/airflow/example_dags/example_branch_datetime_operator.py for tasks to queue
[2021-06-28 15:28:14,857] {logging_mixin.py:104} INFO - [2021-06-28 15:28:14,857] {dagbag.py:487} INFO - Filling up the DagBag from /home/airflow/.local/lib/python3.6/site-packages/airflow/example_dags/example_branch_datetime_operator.py
[2021-06-28 15:28:14,907] {scheduler_job.py:643} INFO - DAG(s) dict_keys(['example_branch_datetime_operator_2']) retrieved from /home/airflow/.local/lib/python3.6/site-packages/airflow/example_dags/example_branch_datetime_operator.py
[2021-06-28 15:28:14,954] {logging_mixin.py:104} INFO - [2021-06-28 15:28:14,953] {dag.py:1832} INFO - Sync 1 DAGs
[2021-06-28 15:28:14,993] {logging_mixin.py:104} INFO - [2021-06-28 15:28:14,993] {dag.py:2305} INFO - Setting next_dagrun for example_branch_datetime_operator_2 to 2021-06-26 00:00:00+00:00
[2021-06-28 15:28:15,013] {scheduler_job.py:190} INFO - Processing /home/airflow/.local/lib/python3.6/site-packages/airflow/example_dags/example_branch_datetime_operator.py took 0.175 seconds
[2021-06-28 15:28:45,724] {scheduler_job.py:182} INFO - Started process (PID=1598) to work on /home/airflow/.local/lib/python3.6/site-packages/airflow/example_dags/example_branch_datetime_operator.py
[2021-06-28 15:28:45,726] {scheduler_job.py:633} INFO - Processing file /home/airflow/.local/lib/python3.6/site-packages/airflow/example_dags/example_branch_datetime_operator.py for tasks to queue
[2021-06-28 15:28:45,727] {logging_mixin.py:104} INFO - [2021-06-28 15:28:45,727] {dagbag.py:487} INFO - Filling up the DagBag from /home/airflow/.local/lib/python3.6/site-packages/airflow/example_dags/example_branch_datetime_operator.py
[2021-06-28 15:28:45,743] {scheduler_job.py:643} INFO - DAG(s) dict_keys(['example_branch_datetime_operator_2']) retrieved from /home/airflow/.local/lib/python3.6/site-packages/airflow/example_dags/example_branch_datetime_operator.py
[2021-06-28 15:28:45,794] {logging_mixin.py:104} INFO - [2021-06-28 15:28:45,793] {dag.py:1832} INFO - Sync 1 DAGs
[2021-06-28 15:28:45,846] {logging_mixin.py:104} INFO - [2021-06-28 15:28:45,846] {dag.py:2305} INFO - Setting next_dagrun for example_branch_datetime_operator_2 to 2021-06-26 00:00:00+00:00
[2021-06-28 15:28:45,871] {scheduler_job.py:190} INFO - Processing /home/airflow/.local/lib/python3.6/site-packages/airflow/example_dags/example_branch_datetime_operator.py took 0.150 seconds
[2021-06-28 15:29:16,190] {scheduler_job.py:182} INFO - Started process (PID=1656) to work on /home/airflow/.local/lib/python3.6/site-packages/airflow/example_dags/example_branch_datetime_operator.py
[2021-06-28 15:29:16,193] {scheduler_job.py:633} INFO - Processing file /home/airflow/.local/lib/python3.6/site-packages/airflow/example_dags/example_branch_datetime_operator.py for tasks to queue
[2021-06-28 15:29:16,195] {logging_mixin.py:104} INFO - [2021-06-28 15:29:16,195] {dagbag.py:487} INFO - Filling up the DagBag from /home/airflow/.local/lib/python3.6/site-packages/airflow/example_dags/example_branch_datetime_operator.py
[2021-06-28 15:29:16,215] {scheduler_job.py:643} INFO - DAG(s) dict_keys(['example_branch_datetime_operator_2']) retrieved from /home/airflow/.local/lib/python3.6/site-packages/airflow/example_dags/example_branch_datetime_operator.py
[2021-06-28 15:29:16,250] {logging_mixin.py:104} INFO - [2021-06-28 15:29:16,250] {dag.py:1832} INFO - Sync 1 DAGs
[2021-06-28 15:29:16,280] {logging_mixin.py:104} INFO - [2021-06-28 15:29:16,280] {dag.py:2305} INFO - Setting next_dagrun for example_branch_datetime_operator_2 to 2021-06-26 00:00:00+00:00
[2021-06-28 15:29:16,298] {scheduler_job.py:190} INFO - Processing /home/airflow/.local/lib/python3.6/site-packages/airflow/example_dags/example_branch_datetime_operator.py took 0.112 seconds
[2021-06-28 15:29:46,963] {scheduler_job.py:182} INFO - Started process (PID=1717) to work on /home/airflow/.local/lib/python3.6/site-packages/airflow/example_dags/example_branch_datetime_operator.py
[2021-06-28 15:29:46,966] {scheduler_job.py:633} INFO - Processing file /home/airflow/.local/lib/python3.6/site-packages/airflow/example_dags/example_branch_datetime_operator.py for tasks to queue
[2021-06-28 15:29:46,967] {logging_mixin.py:104} INFO - [2021-06-28 15:29:46,967] {dagbag.py:487} INFO - Filling up the DagBag from /home/airflow/.local/lib/python3.6/site-packages/airflow/example_dags/example_branch_datetime_operator.py
[2021-06-28 15:29:46,988] {scheduler_job.py:643} INFO - DAG(s) dict_keys(['example_branch_datetime_operator_2']) retrieved from /home/airflow/.local/lib/python3.6/site-packages/airflow/example_dags/example_branch_datetime_operator.py
[2021-06-28 15:29:47,053] {logging_mixin.py:104} INFO - [2021-06-28 15:29:47,053] {dag.py:1832} INFO - Sync 1 DAGs
[2021-06-28 15:29:47,112] {logging_mixin.py:104} INFO - [2021-06-28 15:29:47,111] {dag.py:2305} INFO - Setting next_dagrun for example_branch_datetime_operator_2 to 2021-06-26 00:00:00+00:00
[2021-06-28 15:29:47,128] {scheduler_job.py:190} INFO - Processing /home/airflow/.local/lib/python3.6/site-packages/airflow/example_dags/example_branch_datetime_operator.py took 0.168 seconds
[2021-06-28 15:30:17,822] {scheduler_job.py:182} INFO - Started process (PID=1776) to work on /home/airflow/.local/lib/python3.6/site-packages/airflow/example_dags/example_branch_datetime_operator.py
[2021-06-28 15:30:17,829] {scheduler_job.py:633} INFO - Processing file /home/airflow/.local/lib/python3.6/site-packages/airflow/example_dags/example_branch_datetime_operator.py for tasks to queue
[2021-06-28 15:30:17,830] {logging_mixin.py:104} INFO - [2021-06-28 15:30:17,830] {dagbag.py:487} INFO - Filling up the DagBag from /home/airflow/.local/lib/python3.6/site-packages/airflow/example_dags/example_branch_datetime_operator.py
[2021-06-28 15:30:17,884] {scheduler_job.py:643} INFO - DAG(s) dict_keys(['example_branch_datetime_operator_2']) retrieved from /home/airflow/.local/lib/python3.6/site-packages/airflow/example_dags/example_branch_datetime_operator.py
[2021-06-28 15:30:17,933] {logging_mixin.py:104} INFO - [2021-06-28 15:30:17,933] {dag.py:1832} INFO - Sync 1 DAGs
[2021-06-28 15:30:18,034] {logging_mixin.py:104} INFO - [2021-06-28 15:30:18,034] {dag.py:2305} INFO - Setting next_dagrun for example_branch_datetime_operator_2 to 2021-06-26 00:00:00+00:00
[2021-06-28 15:30:18,061] {scheduler_job.py:190} INFO - Processing /home/airflow/.local/lib/python3.6/site-packages/airflow/example_dags/example_branch_datetime_operator.py took 0.249 seconds
[2021-06-28 15:30:48,471] {scheduler_job.py:182} INFO - Started process (PID=1846) to work on /home/airflow/.local/lib/python3.6/site-packages/airflow/example_dags/example_branch_datetime_operator.py
[2021-06-28 15:30:48,505] {scheduler_job.py:633} INFO - Processing file /home/airflow/.local/lib/python3.6/site-packages/airflow/example_dags/example_branch_datetime_operator.py for tasks to queue
[2021-06-28 15:30:48,506] {logging_mixin.py:104} INFO - [2021-06-28 15:30:48,506] {dagbag.py:487} INFO - Filling up the DagBag from /home/airflow/.local/lib/python3.6/site-packages/airflow/example_dags/example_branch_datetime_operator.py
[2021-06-28 15:30:48,612] {scheduler_job.py:643} INFO - DAG(s) dict_keys(['example_branch_datetime_operator_2']) retrieved from /home/airflow/.local/lib/python3.6/site-packages/airflow/example_dags/example_branch_datetime_operator.py
[2021-06-28 15:30:48,994] {logging_mixin.py:104} INFO - [2021-06-28 15:30:48,994] {dag.py:1832} INFO - Sync 1 DAGs
[2021-06-28 15:30:49,206] {logging_mixin.py:104} INFO - [2021-06-28 15:30:49,206] {dag.py:2305} INFO - Setting next_dagrun for example_branch_datetime_operator_2 to 2021-06-26 00:00:00+00:00
[2021-06-28 15:30:49,394] {scheduler_job.py:190} INFO - Processing /home/airflow/.local/lib/python3.6/site-packages/airflow/example_dags/example_branch_datetime_operator.py took 0.940 seconds
[2021-06-28 15:31:20,500] {scheduler_job.py:182} INFO - Started process (PID=1908) to work on /home/airflow/.local/lib/python3.6/site-packages/airflow/example_dags/example_branch_datetime_operator.py
[2021-06-28 15:31:20,524] {scheduler_job.py:633} INFO - Processing file /home/airflow/.local/lib/python3.6/site-packages/airflow/example_dags/example_branch_datetime_operator.py for tasks to queue
[2021-06-28 15:31:20,525] {logging_mixin.py:104} INFO - [2021-06-28 15:31:20,525] {dagbag.py:487} INFO - Filling up the DagBag from /home/airflow/.local/lib/python3.6/site-packages/airflow/example_dags/example_branch_datetime_operator.py
[2021-06-28 15:31:20,686] {scheduler_job.py:643} INFO - DAG(s) dict_keys(['example_branch_datetime_operator_2']) retrieved from /home/airflow/.local/lib/python3.6/site-packages/airflow/example_dags/example_branch_datetime_operator.py
[2021-06-28 15:31:20,746] {logging_mixin.py:104} INFO - [2021-06-28 15:31:20,746] {dag.py:1832} INFO - Sync 1 DAGs
[2021-06-28 15:31:20,797] {logging_mixin.py:104} INFO - [2021-06-28 15:31:20,797] {dag.py:2305} INFO - Setting next_dagrun for example_branch_datetime_operator_2 to 2021-06-26 00:00:00+00:00
[2021-06-28 15:31:20,832] {scheduler_job.py:190} INFO - Processing /home/airflow/.local/lib/python3.6/site-packages/airflow/example_dags/example_branch_datetime_operator.py took 0.341 seconds
[2021-06-28 15:33:57,627] {scheduler_job.py:182} INFO - Started process (PID=64) to work on /home/airflow/.local/lib/python3.6/site-packages/airflow/example_dags/example_branch_datetime_operator.py
[2021-06-28 15:33:57,629] {scheduler_job.py:633} INFO - Processing file /home/airflow/.local/lib/python3.6/site-packages/airflow/example_dags/example_branch_datetime_operator.py for tasks to queue
[2021-06-28 15:33:57,630] {logging_mixin.py:104} INFO - [2021-06-28 15:33:57,630] {dagbag.py:487} INFO - Filling up the DagBag from /home/airflow/.local/lib/python3.6/site-packages/airflow/example_dags/example_branch_datetime_operator.py
[2021-06-28 15:33:57,755] {scheduler_job.py:643} INFO - DAG(s) dict_keys(['example_branch_datetime_operator_2']) retrieved from /home/airflow/.local/lib/python3.6/site-packages/airflow/example_dags/example_branch_datetime_operator.py
[2021-06-28 15:33:57,914] {logging_mixin.py:104} INFO - [2021-06-28 15:33:57,914] {dag.py:1832} INFO - Sync 1 DAGs
[2021-06-28 15:33:58,014] {logging_mixin.py:104} INFO - [2021-06-28 15:33:58,014] {dag.py:2305} INFO - Setting next_dagrun for example_branch_datetime_operator_2 to 2021-06-26 00:00:00+00:00
[2021-06-28 15:33:58,066] {scheduler_job.py:190} INFO - Processing /home/airflow/.local/lib/python3.6/site-packages/airflow/example_dags/example_branch_datetime_operator.py took 0.468 seconds
[2021-06-28 15:34:30,966] {scheduler_job.py:182} INFO - Started process (PID=119) to work on /home/airflow/.local/lib/python3.6/site-packages/airflow/example_dags/example_branch_datetime_operator.py
[2021-06-28 15:34:30,969] {scheduler_job.py:633} INFO - Processing file /home/airflow/.local/lib/python3.6/site-packages/airflow/example_dags/example_branch_datetime_operator.py for tasks to queue
[2021-06-28 15:34:30,970] {logging_mixin.py:104} INFO - [2021-06-28 15:34:30,970] {dagbag.py:487} INFO - Filling up the DagBag from /home/airflow/.local/lib/python3.6/site-packages/airflow/example_dags/example_branch_datetime_operator.py
[2021-06-28 15:34:31,016] {scheduler_job.py:643} INFO - DAG(s) dict_keys(['example_branch_datetime_operator_2']) retrieved from /home/airflow/.local/lib/python3.6/site-packages/airflow/example_dags/example_branch_datetime_operator.py
[2021-06-28 15:34:31,138] {logging_mixin.py:104} INFO - [2021-06-28 15:34:31,137] {dag.py:1832} INFO - Sync 1 DAGs
[2021-06-28 15:34:31,217] {logging_mixin.py:104} INFO - [2021-06-28 15:34:31,217] {dag.py:2305} INFO - Setting next_dagrun for example_branch_datetime_operator_2 to 2021-06-26 00:00:00+00:00
[2021-06-28 15:34:31,283] {scheduler_job.py:190} INFO - Processing /home/airflow/.local/lib/python3.6/site-packages/airflow/example_dags/example_branch_datetime_operator.py took 0.333 seconds
[2021-06-28 15:35:01,757] {scheduler_job.py:182} INFO - Started process (PID=182) to work on /home/airflow/.local/lib/python3.6/site-packages/airflow/example_dags/example_branch_datetime_operator.py
[2021-06-28 15:35:01,760] {scheduler_job.py:633} INFO - Processing file /home/airflow/.local/lib/python3.6/site-packages/airflow/example_dags/example_branch_datetime_operator.py for tasks to queue
[2021-06-28 15:35:01,765] {logging_mixin.py:104} INFO - [2021-06-28 15:35:01,764] {dagbag.py:487} INFO - Filling up the DagBag from /home/airflow/.local/lib/python3.6/site-packages/airflow/example_dags/example_branch_datetime_operator.py
[2021-06-28 15:35:01,790] {scheduler_job.py:643} INFO - DAG(s) dict_keys(['example_branch_datetime_operator_2']) retrieved from /home/airflow/.local/lib/python3.6/site-packages/airflow/example_dags/example_branch_datetime_operator.py
[2021-06-28 15:35:01,964] {logging_mixin.py:104} INFO - [2021-06-28 15:35:01,964] {dag.py:1832} INFO - Sync 1 DAGs
[2021-06-28 15:35:02,017] {logging_mixin.py:104} INFO - [2021-06-28 15:35:02,016] {dag.py:2305} INFO - Setting next_dagrun for example_branch_datetime_operator_2 to 2021-06-26 00:00:00+00:00
[2021-06-28 15:35:02,038] {scheduler_job.py:190} INFO - Processing /home/airflow/.local/lib/python3.6/site-packages/airflow/example_dags/example_branch_datetime_operator.py took 0.295 seconds
[2021-06-28 15:35:32,729] {scheduler_job.py:182} INFO - Started process (PID=241) to work on /home/airflow/.local/lib/python3.6/site-packages/airflow/example_dags/example_branch_datetime_operator.py
[2021-06-28 15:35:32,731] {scheduler_job.py:633} INFO - Processing file /home/airflow/.local/lib/python3.6/site-packages/airflow/example_dags/example_branch_datetime_operator.py for tasks to queue
[2021-06-28 15:35:32,798] {logging_mixin.py:104} INFO - [2021-06-28 15:35:32,798] {dagbag.py:487} INFO - Filling up the DagBag from /home/airflow/.local/lib/python3.6/site-packages/airflow/example_dags/example_branch_datetime_operator.py
[2021-06-28 15:35:32,965] {scheduler_job.py:643} INFO - DAG(s) dict_keys(['example_branch_datetime_operator_2']) retrieved from /home/airflow/.local/lib/python3.6/site-packages/airflow/example_dags/example_branch_datetime_operator.py
[2021-06-28 15:35:33,080] {logging_mixin.py:104} INFO - [2021-06-28 15:35:33,080] {dag.py:1832} INFO - Sync 1 DAGs
[2021-06-28 15:35:33,248] {logging_mixin.py:104} INFO - [2021-06-28 15:35:33,248] {dag.py:2305} INFO - Setting next_dagrun for example_branch_datetime_operator_2 to 2021-06-26 00:00:00+00:00
[2021-06-28 15:35:33,307] {scheduler_job.py:190} INFO - Processing /home/airflow/.local/lib/python3.6/site-packages/airflow/example_dags/example_branch_datetime_operator.py took 0.595 seconds
[2021-06-28 15:36:03,901] {scheduler_job.py:182} INFO - Started process (PID=300) to work on /home/airflow/.local/lib/python3.6/site-packages/airflow/example_dags/example_branch_datetime_operator.py
[2021-06-28 15:36:03,908] {scheduler_job.py:633} INFO - Processing file /home/airflow/.local/lib/python3.6/site-packages/airflow/example_dags/example_branch_datetime_operator.py for tasks to queue
[2021-06-28 15:36:03,912] {logging_mixin.py:104} INFO - [2021-06-28 15:36:03,911] {dagbag.py:487} INFO - Filling up the DagBag from /home/airflow/.local/lib/python3.6/site-packages/airflow/example_dags/example_branch_datetime_operator.py
[2021-06-28 15:36:03,949] {scheduler_job.py:643} INFO - DAG(s) dict_keys(['example_branch_datetime_operator_2']) retrieved from /home/airflow/.local/lib/python3.6/site-packages/airflow/example_dags/example_branch_datetime_operator.py
[2021-06-28 15:36:04,068] {logging_mixin.py:104} INFO - [2021-06-28 15:36:04,068] {dag.py:1832} INFO - Sync 1 DAGs
[2021-06-28 15:36:04,162] {logging_mixin.py:104} INFO - [2021-06-28 15:36:04,162] {dag.py:2305} INFO - Setting next_dagrun for example_branch_datetime_operator_2 to 2021-06-26 00:00:00+00:00
[2021-06-28 15:36:04,211] {scheduler_job.py:190} INFO - Processing /home/airflow/.local/lib/python3.6/site-packages/airflow/example_dags/example_branch_datetime_operator.py took 0.315 seconds
[2021-06-28 15:36:34,831] {scheduler_job.py:182} INFO - Started process (PID=358) to work on /home/airflow/.local/lib/python3.6/site-packages/airflow/example_dags/example_branch_datetime_operator.py
[2021-06-28 15:36:34,859] {scheduler_job.py:633} INFO - Processing file /home/airflow/.local/lib/python3.6/site-packages/airflow/example_dags/example_branch_datetime_operator.py for tasks to queue
[2021-06-28 15:36:34,860] {logging_mixin.py:104} INFO - [2021-06-28 15:36:34,860] {dagbag.py:487} INFO - Filling up the DagBag from /home/airflow/.local/lib/python3.6/site-packages/airflow/example_dags/example_branch_datetime_operator.py
[2021-06-28 15:36:34,952] {scheduler_job.py:643} INFO - DAG(s) dict_keys(['example_branch_datetime_operator_2']) retrieved from /home/airflow/.local/lib/python3.6/site-packages/airflow/example_dags/example_branch_datetime_operator.py
[2021-06-28 15:36:35,065] {logging_mixin.py:104} INFO - [2021-06-28 15:36:35,064] {dag.py:1832} INFO - Sync 1 DAGs
[2021-06-28 15:36:35,120] {logging_mixin.py:104} INFO - [2021-06-28 15:36:35,120] {dag.py:2305} INFO - Setting next_dagrun for example_branch_datetime_operator_2 to 2021-06-26 00:00:00+00:00
[2021-06-28 15:36:35,143] {scheduler_job.py:190} INFO - Processing /home/airflow/.local/lib/python3.6/site-packages/airflow/example_dags/example_branch_datetime_operator.py took 0.317 seconds
[2021-06-28 15:37:06,240] {scheduler_job.py:182} INFO - Started process (PID=424) to work on /home/airflow/.local/lib/python3.6/site-packages/airflow/example_dags/example_branch_datetime_operator.py
[2021-06-28 15:37:06,253] {scheduler_job.py:633} INFO - Processing file /home/airflow/.local/lib/python3.6/site-packages/airflow/example_dags/example_branch_datetime_operator.py for tasks to queue
[2021-06-28 15:37:06,254] {logging_mixin.py:104} INFO - [2021-06-28 15:37:06,254] {dagbag.py:487} INFO - Filling up the DagBag from /home/airflow/.local/lib/python3.6/site-packages/airflow/example_dags/example_branch_datetime_operator.py
[2021-06-28 15:37:06,329] {scheduler_job.py:643} INFO - DAG(s) dict_keys(['example_branch_datetime_operator_2']) retrieved from /home/airflow/.local/lib/python3.6/site-packages/airflow/example_dags/example_branch_datetime_operator.py
[2021-06-28 15:37:06,425] {logging_mixin.py:104} INFO - [2021-06-28 15:37:06,425] {dag.py:1832} INFO - Sync 1 DAGs
[2021-06-28 15:37:06,525] {logging_mixin.py:104} INFO - [2021-06-28 15:37:06,525] {dag.py:2305} INFO - Setting next_dagrun for example_branch_datetime_operator_2 to 2021-06-26 00:00:00+00:00
[2021-06-28 15:37:06,607] {scheduler_job.py:190} INFO - Processing /home/airflow/.local/lib/python3.6/site-packages/airflow/example_dags/example_branch_datetime_operator.py took 0.386 seconds
[2021-06-28 15:37:37,306] {scheduler_job.py:182} INFO - Started process (PID=482) to work on /home/airflow/.local/lib/python3.6/site-packages/airflow/example_dags/example_branch_datetime_operator.py
[2021-06-28 15:37:37,309] {scheduler_job.py:633} INFO - Processing file /home/airflow/.local/lib/python3.6/site-packages/airflow/example_dags/example_branch_datetime_operator.py for tasks to queue
[2021-06-28 15:37:37,310] {logging_mixin.py:104} INFO - [2021-06-28 15:37:37,310] {dagbag.py:487} INFO - Filling up the DagBag from /home/airflow/.local/lib/python3.6/site-packages/airflow/example_dags/example_branch_datetime_operator.py
[2021-06-28 15:37:37,331] {scheduler_job.py:643} INFO - DAG(s) dict_keys(['example_branch_datetime_operator_2']) retrieved from /home/airflow/.local/lib/python3.6/site-packages/airflow/example_dags/example_branch_datetime_operator.py
[2021-06-28 15:37:37,363] {logging_mixin.py:104} INFO - [2021-06-28 15:37:37,363] {dag.py:1832} INFO - Sync 1 DAGs
[2021-06-28 15:37:37,396] {logging_mixin.py:104} INFO - [2021-06-28 15:37:37,396] {dag.py:2305} INFO - Setting next_dagrun for example_branch_datetime_operator_2 to 2021-06-26 00:00:00+00:00
[2021-06-28 15:37:37,418] {scheduler_job.py:190} INFO - Processing /home/airflow/.local/lib/python3.6/site-packages/airflow/example_dags/example_branch_datetime_operator.py took 0.119 seconds
[2021-06-28 15:38:07,509] {scheduler_job.py:182} INFO - Started process (PID=541) to work on /home/airflow/.local/lib/python3.6/site-packages/airflow/example_dags/example_branch_datetime_operator.py
[2021-06-28 15:38:07,510] {scheduler_job.py:633} INFO - Processing file /home/airflow/.local/lib/python3.6/site-packages/airflow/example_dags/example_branch_datetime_operator.py for tasks to queue
[2021-06-28 15:38:07,511] {logging_mixin.py:104} INFO - [2021-06-28 15:38:07,511] {dagbag.py:487} INFO - Filling up the DagBag from /home/airflow/.local/lib/python3.6/site-packages/airflow/example_dags/example_branch_datetime_operator.py
[2021-06-28 15:38:07,533] {scheduler_job.py:643} INFO - DAG(s) dict_keys(['example_branch_datetime_operator_2']) retrieved from /home/airflow/.local/lib/python3.6/site-packages/airflow/example_dags/example_branch_datetime_operator.py
[2021-06-28 15:38:07,682] {logging_mixin.py:104} INFO - [2021-06-28 15:38:07,681] {dag.py:1832} INFO - Sync 1 DAGs
[2021-06-28 15:38:07,780] {logging_mixin.py:104} INFO - [2021-06-28 15:38:07,779] {dag.py:2305} INFO - Setting next_dagrun for example_branch_datetime_operator_2 to 2021-06-26 00:00:00+00:00
[2021-06-28 15:38:07,893] {scheduler_job.py:190} INFO - Processing /home/airflow/.local/lib/python3.6/site-packages/airflow/example_dags/example_branch_datetime_operator.py took 0.392 seconds
[2021-06-28 15:38:38,747] {scheduler_job.py:182} INFO - Started process (PID=623) to work on /home/airflow/.local/lib/python3.6/site-packages/airflow/example_dags/example_branch_datetime_operator.py
[2021-06-28 15:38:38,749] {scheduler_job.py:633} INFO - Processing file /home/airflow/.local/lib/python3.6/site-packages/airflow/example_dags/example_branch_datetime_operator.py for tasks to queue
[2021-06-28 15:38:38,750] {logging_mixin.py:104} INFO - [2021-06-28 15:38:38,750] {dagbag.py:487} INFO - Filling up the DagBag from /home/airflow/.local/lib/python3.6/site-packages/airflow/example_dags/example_branch_datetime_operator.py
[2021-06-28 15:38:38,772] {scheduler_job.py:643} INFO - DAG(s) dict_keys(['example_branch_datetime_operator_2']) retrieved from /home/airflow/.local/lib/python3.6/site-packages/airflow/example_dags/example_branch_datetime_operator.py
[2021-06-28 15:38:38,825] {logging_mixin.py:104} INFO - [2021-06-28 15:38:38,824] {dag.py:1832} INFO - Sync 1 DAGs
[2021-06-28 15:38:38,865] {logging_mixin.py:104} INFO - [2021-06-28 15:38:38,865] {dag.py:2305} INFO - Setting next_dagrun for example_branch_datetime_operator_2 to 2021-06-26 00:00:00+00:00
[2021-06-28 15:38:38,889] {scheduler_job.py:190} INFO - Processing /home/airflow/.local/lib/python3.6/site-packages/airflow/example_dags/example_branch_datetime_operator.py took 0.147 seconds
[2021-06-28 15:39:09,429] {scheduler_job.py:182} INFO - Started process (PID=687) to work on /home/airflow/.local/lib/python3.6/site-packages/airflow/example_dags/example_branch_datetime_operator.py
[2021-06-28 15:39:09,434] {scheduler_job.py:633} INFO - Processing file /home/airflow/.local/lib/python3.6/site-packages/airflow/example_dags/example_branch_datetime_operator.py for tasks to queue
[2021-06-28 15:39:09,437] {logging_mixin.py:104} INFO - [2021-06-28 15:39:09,437] {dagbag.py:487} INFO - Filling up the DagBag from /home/airflow/.local/lib/python3.6/site-packages/airflow/example_dags/example_branch_datetime_operator.py
[2021-06-28 15:39:09,462] {scheduler_job.py:643} INFO - DAG(s) dict_keys(['example_branch_datetime_operator_2']) retrieved from /home/airflow/.local/lib/python3.6/site-packages/airflow/example_dags/example_branch_datetime_operator.py
[2021-06-28 15:39:09,531] {logging_mixin.py:104} INFO - [2021-06-28 15:39:09,531] {dag.py:1832} INFO - Sync 1 DAGs
[2021-06-28 15:39:09,585] {logging_mixin.py:104} INFO - [2021-06-28 15:39:09,585] {dag.py:2305} INFO - Setting next_dagrun for example_branch_datetime_operator_2 to 2021-06-26 00:00:00+00:00
[2021-06-28 15:39:09,606] {scheduler_job.py:190} INFO - Processing /home/airflow/.local/lib/python3.6/site-packages/airflow/example_dags/example_branch_datetime_operator.py took 0.182 seconds
[2021-06-28 15:39:39,942] {scheduler_job.py:182} INFO - Started process (PID=747) to work on /home/airflow/.local/lib/python3.6/site-packages/airflow/example_dags/example_branch_datetime_operator.py
[2021-06-28 15:39:39,943] {scheduler_job.py:633} INFO - Processing file /home/airflow/.local/lib/python3.6/site-packages/airflow/example_dags/example_branch_datetime_operator.py for tasks to queue
[2021-06-28 15:39:39,945] {logging_mixin.py:104} INFO - [2021-06-28 15:39:39,945] {dagbag.py:487} INFO - Filling up the DagBag from /home/airflow/.local/lib/python3.6/site-packages/airflow/example_dags/example_branch_datetime_operator.py
[2021-06-28 15:39:39,985] {scheduler_job.py:643} INFO - DAG(s) dict_keys(['example_branch_datetime_operator_2']) retrieved from /home/airflow/.local/lib/python3.6/site-packages/airflow/example_dags/example_branch_datetime_operator.py
[2021-06-28 15:39:40,037] {logging_mixin.py:104} INFO - [2021-06-28 15:39:40,037] {dag.py:1832} INFO - Sync 1 DAGs
[2021-06-28 15:39:40,098] {logging_mixin.py:104} INFO - [2021-06-28 15:39:40,098] {dag.py:2305} INFO - Setting next_dagrun for example_branch_datetime_operator_2 to 2021-06-26 00:00:00+00:00
[2021-06-28 15:39:40,150] {scheduler_job.py:190} INFO - Processing /home/airflow/.local/lib/python3.6/site-packages/airflow/example_dags/example_branch_datetime_operator.py took 0.212 seconds
[2021-06-28 15:40:10,733] {scheduler_job.py:182} INFO - Started process (PID=825) to work on /home/airflow/.local/lib/python3.6/site-packages/airflow/example_dags/example_branch_datetime_operator.py
[2021-06-28 15:40:10,734] {scheduler_job.py:633} INFO - Processing file /home/airflow/.local/lib/python3.6/site-packages/airflow/example_dags/example_branch_datetime_operator.py for tasks to queue
[2021-06-28 15:40:10,735] {logging_mixin.py:104} INFO - [2021-06-28 15:40:10,735] {dagbag.py:487} INFO - Filling up the DagBag from /home/airflow/.local/lib/python3.6/site-packages/airflow/example_dags/example_branch_datetime_operator.py
[2021-06-28 15:40:10,755] {scheduler_job.py:643} INFO - DAG(s) dict_keys(['example_branch_datetime_operator_2']) retrieved from /home/airflow/.local/lib/python3.6/site-packages/airflow/example_dags/example_branch_datetime_operator.py
[2021-06-28 15:40:10,782] {logging_mixin.py:104} INFO - [2021-06-28 15:40:10,782] {dag.py:1832} INFO - Sync 1 DAGs
[2021-06-28 15:40:10,806] {logging_mixin.py:104} INFO - [2021-06-28 15:40:10,805] {dag.py:2305} INFO - Setting next_dagrun for example_branch_datetime_operator_2 to 2021-06-26 00:00:00+00:00
[2021-06-28 15:40:10,830] {scheduler_job.py:190} INFO - Processing /home/airflow/.local/lib/python3.6/site-packages/airflow/example_dags/example_branch_datetime_operator.py took 0.101 seconds
[2021-06-28 15:40:40,864] {scheduler_job.py:182} INFO - Started process (PID=888) to work on /home/airflow/.local/lib/python3.6/site-packages/airflow/example_dags/example_branch_datetime_operator.py
[2021-06-28 15:40:40,866] {scheduler_job.py:633} INFO - Processing file /home/airflow/.local/lib/python3.6/site-packages/airflow/example_dags/example_branch_datetime_operator.py for tasks to queue
[2021-06-28 15:40:40,867] {logging_mixin.py:104} INFO - [2021-06-28 15:40:40,867] {dagbag.py:487} INFO - Filling up the DagBag from /home/airflow/.local/lib/python3.6/site-packages/airflow/example_dags/example_branch_datetime_operator.py
[2021-06-28 15:40:40,885] {scheduler_job.py:643} INFO - DAG(s) dict_keys(['example_branch_datetime_operator_2']) retrieved from /home/airflow/.local/lib/python3.6/site-packages/airflow/example_dags/example_branch_datetime_operator.py
[2021-06-28 15:40:40,912] {logging_mixin.py:104} INFO - [2021-06-28 15:40:40,911] {dag.py:1832} INFO - Sync 1 DAGs
[2021-06-28 15:40:40,943] {logging_mixin.py:104} INFO - [2021-06-28 15:40:40,943] {dag.py:2305} INFO - Setting next_dagrun for example_branch_datetime_operator_2 to 2021-06-26 00:00:00+00:00
[2021-06-28 15:40:40,955] {scheduler_job.py:190} INFO - Processing /home/airflow/.local/lib/python3.6/site-packages/airflow/example_dags/example_branch_datetime_operator.py took 0.095 seconds
[2021-06-28 15:41:11,019] {scheduler_job.py:182} INFO - Started process (PID=946) to work on /home/airflow/.local/lib/python3.6/site-packages/airflow/example_dags/example_branch_datetime_operator.py
[2021-06-28 15:41:11,021] {scheduler_job.py:633} INFO - Processing file /home/airflow/.local/lib/python3.6/site-packages/airflow/example_dags/example_branch_datetime_operator.py for tasks to queue
[2021-06-28 15:41:11,022] {logging_mixin.py:104} INFO - [2021-06-28 15:41:11,022] {dagbag.py:487} INFO - Filling up the DagBag from /home/airflow/.local/lib/python3.6/site-packages/airflow/example_dags/example_branch_datetime_operator.py
[2021-06-28 15:41:11,038] {scheduler_job.py:643} INFO - DAG(s) dict_keys(['example_branch_datetime_operator_2']) retrieved from /home/airflow/.local/lib/python3.6/site-packages/airflow/example_dags/example_branch_datetime_operator.py
[2021-06-28 15:41:11,059] {logging_mixin.py:104} INFO - [2021-06-28 15:41:11,059] {dag.py:1832} INFO - Sync 1 DAGs
[2021-06-28 15:41:11,078] {logging_mixin.py:104} INFO - [2021-06-28 15:41:11,078] {dag.py:2305} INFO - Setting next_dagrun for example_branch_datetime_operator_2 to 2021-06-26 00:00:00+00:00
[2021-06-28 15:41:11,090] {scheduler_job.py:190} INFO - Processing /home/airflow/.local/lib/python3.6/site-packages/airflow/example_dags/example_branch_datetime_operator.py took 0.073 seconds
[2021-06-28 15:41:41,574] {scheduler_job.py:182} INFO - Started process (PID=1018) to work on /home/airflow/.local/lib/python3.6/site-packages/airflow/example_dags/example_branch_datetime_operator.py
[2021-06-28 15:41:41,584] {scheduler_job.py:633} INFO - Processing file /home/airflow/.local/lib/python3.6/site-packages/airflow/example_dags/example_branch_datetime_operator.py for tasks to queue
[2021-06-28 15:41:41,587] {logging_mixin.py:104} INFO - [2021-06-28 15:41:41,587] {dagbag.py:487} INFO - Filling up the DagBag from /home/airflow/.local/lib/python3.6/site-packages/airflow/example_dags/example_branch_datetime_operator.py
[2021-06-28 15:41:41,616] {scheduler_job.py:643} INFO - DAG(s) dict_keys(['example_branch_datetime_operator_2']) retrieved from /home/airflow/.local/lib/python3.6/site-packages/airflow/example_dags/example_branch_datetime_operator.py
[2021-06-28 15:41:41,715] {logging_mixin.py:104} INFO - [2021-06-28 15:41:41,715] {dag.py:1832} INFO - Sync 1 DAGs
[2021-06-28 15:41:41,785] {logging_mixin.py:104} INFO - [2021-06-28 15:41:41,785] {dag.py:2305} INFO - Setting next_dagrun for example_branch_datetime_operator_2 to 2021-06-26 00:00:00+00:00
[2021-06-28 15:41:41,857] {scheduler_job.py:190} INFO - Processing /home/airflow/.local/lib/python3.6/site-packages/airflow/example_dags/example_branch_datetime_operator.py took 0.288 seconds
[2021-06-28 15:42:11,980] {scheduler_job.py:182} INFO - Started process (PID=1081) to work on /home/airflow/.local/lib/python3.6/site-packages/airflow/example_dags/example_branch_datetime_operator.py
[2021-06-28 15:42:11,981] {scheduler_job.py:633} INFO - Processing file /home/airflow/.local/lib/python3.6/site-packages/airflow/example_dags/example_branch_datetime_operator.py for tasks to queue
[2021-06-28 15:42:11,983] {logging_mixin.py:104} INFO - [2021-06-28 15:42:11,983] {dagbag.py:487} INFO - Filling up the DagBag from /home/airflow/.local/lib/python3.6/site-packages/airflow/example_dags/example_branch_datetime_operator.py
[2021-06-28 15:42:12,006] {scheduler_job.py:643} INFO - DAG(s) dict_keys(['example_branch_datetime_operator_2']) retrieved from /home/airflow/.local/lib/python3.6/site-packages/airflow/example_dags/example_branch_datetime_operator.py
[2021-06-28 15:42:12,037] {logging_mixin.py:104} INFO - [2021-06-28 15:42:12,037] {dag.py:1832} INFO - Sync 1 DAGs
[2021-06-28 15:42:12,070] {logging_mixin.py:104} INFO - [2021-06-28 15:42:12,070] {dag.py:2305} INFO - Setting next_dagrun for example_branch_datetime_operator_2 to 2021-06-26 00:00:00+00:00
[2021-06-28 15:42:12,086] {scheduler_job.py:190} INFO - Processing /home/airflow/.local/lib/python3.6/site-packages/airflow/example_dags/example_branch_datetime_operator.py took 0.110 seconds
[2021-06-28 15:42:42,456] {scheduler_job.py:182} INFO - Started process (PID=1141) to work on /home/airflow/.local/lib/python3.6/site-packages/airflow/example_dags/example_branch_datetime_operator.py
[2021-06-28 15:42:42,458] {scheduler_job.py:633} INFO - Processing file /home/airflow/.local/lib/python3.6/site-packages/airflow/example_dags/example_branch_datetime_operator.py for tasks to queue
[2021-06-28 15:42:42,468] {logging_mixin.py:104} INFO - [2021-06-28 15:42:42,468] {dagbag.py:487} INFO - Filling up the DagBag from /home/airflow/.local/lib/python3.6/site-packages/airflow/example_dags/example_branch_datetime_operator.py
[2021-06-28 15:42:42,498] {scheduler_job.py:643} INFO - DAG(s) dict_keys(['example_branch_datetime_operator_2']) retrieved from /home/airflow/.local/lib/python3.6/site-packages/airflow/example_dags/example_branch_datetime_operator.py
[2021-06-28 15:42:42,539] {logging_mixin.py:104} INFO - [2021-06-28 15:42:42,539] {dag.py:1832} INFO - Sync 1 DAGs
[2021-06-28 15:42:42,571] {logging_mixin.py:104} INFO - [2021-06-28 15:42:42,571] {dag.py:2305} INFO - Setting next_dagrun for example_branch_datetime_operator_2 to 2021-06-26 00:00:00+00:00
[2021-06-28 15:42:42,594] {scheduler_job.py:190} INFO - Processing /home/airflow/.local/lib/python3.6/site-packages/airflow/example_dags/example_branch_datetime_operator.py took 0.144 seconds
[2021-06-28 15:43:12,825] {scheduler_job.py:182} INFO - Started process (PID=1200) to work on /home/airflow/.local/lib/python3.6/site-packages/airflow/example_dags/example_branch_datetime_operator.py
[2021-06-28 15:43:12,840] {scheduler_job.py:633} INFO - Processing file /home/airflow/.local/lib/python3.6/site-packages/airflow/example_dags/example_branch_datetime_operator.py for tasks to queue
[2021-06-28 15:43:12,842] {logging_mixin.py:104} INFO - [2021-06-28 15:43:12,842] {dagbag.py:487} INFO - Filling up the DagBag from /home/airflow/.local/lib/python3.6/site-packages/airflow/example_dags/example_branch_datetime_operator.py
[2021-06-28 15:43:12,884] {scheduler_job.py:643} INFO - DAG(s) dict_keys(['example_branch_datetime_operator_2']) retrieved from /home/airflow/.local/lib/python3.6/site-packages/airflow/example_dags/example_branch_datetime_operator.py
[2021-06-28 15:43:12,933] {logging_mixin.py:104} INFO - [2021-06-28 15:43:12,933] {dag.py:1832} INFO - Sync 1 DAGs
[2021-06-28 15:43:12,968] {logging_mixin.py:104} INFO - [2021-06-28 15:43:12,968] {dag.py:2305} INFO - Setting next_dagrun for example_branch_datetime_operator_2 to 2021-06-26 00:00:00+00:00
[2021-06-28 15:43:13,004] {scheduler_job.py:190} INFO - Processing /home/airflow/.local/lib/python3.6/site-packages/airflow/example_dags/example_branch_datetime_operator.py took 0.182 seconds
[2021-06-28 15:43:43,405] {scheduler_job.py:182} INFO - Started process (PID=1266) to work on /home/airflow/.local/lib/python3.6/site-packages/airflow/example_dags/example_branch_datetime_operator.py
[2021-06-28 15:43:43,433] {scheduler_job.py:633} INFO - Processing file /home/airflow/.local/lib/python3.6/site-packages/airflow/example_dags/example_branch_datetime_operator.py for tasks to queue
[2021-06-28 15:43:43,434] {logging_mixin.py:104} INFO - [2021-06-28 15:43:43,434] {dagbag.py:487} INFO - Filling up the DagBag from /home/airflow/.local/lib/python3.6/site-packages/airflow/example_dags/example_branch_datetime_operator.py
[2021-06-28 15:43:43,475] {scheduler_job.py:643} INFO - DAG(s) dict_keys(['example_branch_datetime_operator_2']) retrieved from /home/airflow/.local/lib/python3.6/site-packages/airflow/example_dags/example_branch_datetime_operator.py
[2021-06-28 15:43:43,540] {logging_mixin.py:104} INFO - [2021-06-28 15:43:43,540] {dag.py:1832} INFO - Sync 1 DAGs
[2021-06-28 15:43:43,591] {logging_mixin.py:104} INFO - [2021-06-28 15:43:43,590] {dag.py:2305} INFO - Setting next_dagrun for example_branch_datetime_operator_2 to 2021-06-26 00:00:00+00:00
[2021-06-28 15:43:43,651] {scheduler_job.py:190} INFO - Processing /home/airflow/.local/lib/python3.6/site-packages/airflow/example_dags/example_branch_datetime_operator.py took 0.284 seconds
[2021-06-28 15:44:14,548] {scheduler_job.py:182} INFO - Started process (PID=1327) to work on /home/airflow/.local/lib/python3.6/site-packages/airflow/example_dags/example_branch_datetime_operator.py
[2021-06-28 15:44:14,553] {scheduler_job.py:633} INFO - Processing file /home/airflow/.local/lib/python3.6/site-packages/airflow/example_dags/example_branch_datetime_operator.py for tasks to queue
[2021-06-28 15:44:14,559] {logging_mixin.py:104} INFO - [2021-06-28 15:44:14,554] {dagbag.py:487} INFO - Filling up the DagBag from /home/airflow/.local/lib/python3.6/site-packages/airflow/example_dags/example_branch_datetime_operator.py
[2021-06-28 15:44:14,639] {scheduler_job.py:643} INFO - DAG(s) dict_keys(['example_branch_datetime_operator_2']) retrieved from /home/airflow/.local/lib/python3.6/site-packages/airflow/example_dags/example_branch_datetime_operator.py
[2021-06-28 15:44:14,742] {logging_mixin.py:104} INFO - [2021-06-28 15:44:14,742] {dag.py:1832} INFO - Sync 1 DAGs
[2021-06-28 15:44:14,801] {logging_mixin.py:104} INFO - [2021-06-28 15:44:14,801] {dag.py:2305} INFO - Setting next_dagrun for example_branch_datetime_operator_2 to 2021-06-26 00:00:00+00:00
[2021-06-28 15:44:14,868] {scheduler_job.py:190} INFO - Processing /home/airflow/.local/lib/python3.6/site-packages/airflow/example_dags/example_branch_datetime_operator.py took 0.338 seconds
