[2021-06-28 15:16:27,359] {scheduler_job.py:182} INFO - Started process (PID=106) to work on /home/airflow/.local/lib/python3.6/site-packages/airflow/example_dags/example_bash_operator.py
[2021-06-28 15:16:27,362] {scheduler_job.py:633} INFO - Processing file /home/airflow/.local/lib/python3.6/site-packages/airflow/example_dags/example_bash_operator.py for tasks to queue
[2021-06-28 15:16:27,363] {logging_mixin.py:104} INFO - [2021-06-28 15:16:27,363] {dagbag.py:487} INFO - Filling up the DagBag from /home/airflow/.local/lib/python3.6/site-packages/airflow/example_dags/example_bash_operator.py
[2021-06-28 15:16:27,454] {scheduler_job.py:643} INFO - DAG(s) dict_keys(['example_bash_operator']) retrieved from /home/airflow/.local/lib/python3.6/site-packages/airflow/example_dags/example_bash_operator.py
[2021-06-28 15:16:28,392] {logging_mixin.py:104} INFO - [2021-06-28 15:16:28,392] {dag.py:1832} INFO - Sync 1 DAGs
[2021-06-28 15:16:28,449] {logging_mixin.py:104} INFO - [2021-06-28 15:16:28,449] {dag.py:2305} INFO - Setting next_dagrun for example_bash_operator to 2021-06-26 00:00:00+00:00
[2021-06-28 15:16:28,494] {scheduler_job.py:190} INFO - Processing /home/airflow/.local/lib/python3.6/site-packages/airflow/example_dags/example_bash_operator.py took 1.165 seconds
[2021-06-28 15:16:58,864] {scheduler_job.py:182} INFO - Started process (PID=164) to work on /home/airflow/.local/lib/python3.6/site-packages/airflow/example_dags/example_bash_operator.py
[2021-06-28 15:16:58,877] {scheduler_job.py:633} INFO - Processing file /home/airflow/.local/lib/python3.6/site-packages/airflow/example_dags/example_bash_operator.py for tasks to queue
[2021-06-28 15:16:58,878] {logging_mixin.py:104} INFO - [2021-06-28 15:16:58,877] {dagbag.py:487} INFO - Filling up the DagBag from /home/airflow/.local/lib/python3.6/site-packages/airflow/example_dags/example_bash_operator.py
[2021-06-28 15:16:58,967] {scheduler_job.py:643} INFO - DAG(s) dict_keys(['example_bash_operator']) retrieved from /home/airflow/.local/lib/python3.6/site-packages/airflow/example_dags/example_bash_operator.py
[2021-06-28 15:16:59,063] {logging_mixin.py:104} INFO - [2021-06-28 15:16:59,063] {dag.py:1832} INFO - Sync 1 DAGs
[2021-06-28 15:16:59,111] {logging_mixin.py:104} INFO - [2021-06-28 15:16:59,111] {dag.py:2305} INFO - Setting next_dagrun for example_bash_operator to 2021-06-26 00:00:00+00:00
[2021-06-28 15:16:59,147] {scheduler_job.py:190} INFO - Processing /home/airflow/.local/lib/python3.6/site-packages/airflow/example_dags/example_bash_operator.py took 0.323 seconds
[2021-06-28 15:17:29,314] {scheduler_job.py:182} INFO - Started process (PID=226) to work on /home/airflow/.local/lib/python3.6/site-packages/airflow/example_dags/example_bash_operator.py
[2021-06-28 15:17:29,320] {scheduler_job.py:633} INFO - Processing file /home/airflow/.local/lib/python3.6/site-packages/airflow/example_dags/example_bash_operator.py for tasks to queue
[2021-06-28 15:17:29,323] {logging_mixin.py:104} INFO - [2021-06-28 15:17:29,323] {dagbag.py:487} INFO - Filling up the DagBag from /home/airflow/.local/lib/python3.6/site-packages/airflow/example_dags/example_bash_operator.py
[2021-06-28 15:17:29,353] {scheduler_job.py:643} INFO - DAG(s) dict_keys(['example_bash_operator']) retrieved from /home/airflow/.local/lib/python3.6/site-packages/airflow/example_dags/example_bash_operator.py
[2021-06-28 15:17:29,393] {logging_mixin.py:104} INFO - [2021-06-28 15:17:29,393] {dag.py:1832} INFO - Sync 1 DAGs
[2021-06-28 15:17:29,424] {logging_mixin.py:104} INFO - [2021-06-28 15:17:29,423] {dag.py:2305} INFO - Setting next_dagrun for example_bash_operator to 2021-06-26 00:00:00+00:00
[2021-06-28 15:17:29,440] {scheduler_job.py:190} INFO - Processing /home/airflow/.local/lib/python3.6/site-packages/airflow/example_dags/example_bash_operator.py took 0.133 seconds
[2021-06-28 15:17:59,583] {scheduler_job.py:182} INFO - Started process (PID=285) to work on /home/airflow/.local/lib/python3.6/site-packages/airflow/example_dags/example_bash_operator.py
[2021-06-28 15:17:59,590] {scheduler_job.py:633} INFO - Processing file /home/airflow/.local/lib/python3.6/site-packages/airflow/example_dags/example_bash_operator.py for tasks to queue
[2021-06-28 15:17:59,591] {logging_mixin.py:104} INFO - [2021-06-28 15:17:59,591] {dagbag.py:487} INFO - Filling up the DagBag from /home/airflow/.local/lib/python3.6/site-packages/airflow/example_dags/example_bash_operator.py
[2021-06-28 15:17:59,624] {scheduler_job.py:643} INFO - DAG(s) dict_keys(['example_bash_operator']) retrieved from /home/airflow/.local/lib/python3.6/site-packages/airflow/example_dags/example_bash_operator.py
[2021-06-28 15:17:59,656] {logging_mixin.py:104} INFO - [2021-06-28 15:17:59,656] {dag.py:1832} INFO - Sync 1 DAGs
[2021-06-28 15:17:59,688] {logging_mixin.py:104} INFO - [2021-06-28 15:17:59,688] {dag.py:2305} INFO - Setting next_dagrun for example_bash_operator to 2021-06-26 00:00:00+00:00
[2021-06-28 15:17:59,705] {scheduler_job.py:190} INFO - Processing /home/airflow/.local/lib/python3.6/site-packages/airflow/example_dags/example_bash_operator.py took 0.125 seconds
[2021-06-28 15:18:29,955] {scheduler_job.py:182} INFO - Started process (PID=355) to work on /home/airflow/.local/lib/python3.6/site-packages/airflow/example_dags/example_bash_operator.py
[2021-06-28 15:18:29,963] {scheduler_job.py:633} INFO - Processing file /home/airflow/.local/lib/python3.6/site-packages/airflow/example_dags/example_bash_operator.py for tasks to queue
[2021-06-28 15:18:29,964] {logging_mixin.py:104} INFO - [2021-06-28 15:18:29,964] {dagbag.py:487} INFO - Filling up the DagBag from /home/airflow/.local/lib/python3.6/site-packages/airflow/example_dags/example_bash_operator.py
[2021-06-28 15:18:30,003] {scheduler_job.py:643} INFO - DAG(s) dict_keys(['example_bash_operator']) retrieved from /home/airflow/.local/lib/python3.6/site-packages/airflow/example_dags/example_bash_operator.py
[2021-06-28 15:18:30,069] {logging_mixin.py:104} INFO - [2021-06-28 15:18:30,068] {dag.py:1832} INFO - Sync 1 DAGs
[2021-06-28 15:18:30,121] {logging_mixin.py:104} INFO - [2021-06-28 15:18:30,120] {dag.py:2305} INFO - Setting next_dagrun for example_bash_operator to 2021-06-26 00:00:00+00:00
[2021-06-28 15:18:30,179] {scheduler_job.py:190} INFO - Processing /home/airflow/.local/lib/python3.6/site-packages/airflow/example_dags/example_bash_operator.py took 0.229 seconds
[2021-06-28 15:19:00,662] {scheduler_job.py:182} INFO - Started process (PID=417) to work on /home/airflow/.local/lib/python3.6/site-packages/airflow/example_dags/example_bash_operator.py
[2021-06-28 15:19:00,674] {scheduler_job.py:633} INFO - Processing file /home/airflow/.local/lib/python3.6/site-packages/airflow/example_dags/example_bash_operator.py for tasks to queue
[2021-06-28 15:19:00,675] {logging_mixin.py:104} INFO - [2021-06-28 15:19:00,675] {dagbag.py:487} INFO - Filling up the DagBag from /home/airflow/.local/lib/python3.6/site-packages/airflow/example_dags/example_bash_operator.py
[2021-06-28 15:19:00,720] {scheduler_job.py:643} INFO - DAG(s) dict_keys(['example_bash_operator']) retrieved from /home/airflow/.local/lib/python3.6/site-packages/airflow/example_dags/example_bash_operator.py
[2021-06-28 15:19:00,778] {logging_mixin.py:104} INFO - [2021-06-28 15:19:00,777] {dag.py:1832} INFO - Sync 1 DAGs
[2021-06-28 15:19:00,814] {logging_mixin.py:104} INFO - [2021-06-28 15:19:00,813] {dag.py:2305} INFO - Setting next_dagrun for example_bash_operator to 2021-06-26 00:00:00+00:00
[2021-06-28 15:19:00,883] {scheduler_job.py:190} INFO - Processing /home/airflow/.local/lib/python3.6/site-packages/airflow/example_dags/example_bash_operator.py took 0.225 seconds
[2021-06-28 15:19:31,848] {scheduler_job.py:182} INFO - Started process (PID=467) to work on /home/airflow/.local/lib/python3.6/site-packages/airflow/example_dags/example_bash_operator.py
[2021-06-28 15:19:31,861] {scheduler_job.py:633} INFO - Processing file /home/airflow/.local/lib/python3.6/site-packages/airflow/example_dags/example_bash_operator.py for tasks to queue
[2021-06-28 15:19:31,862] {logging_mixin.py:104} INFO - [2021-06-28 15:19:31,862] {dagbag.py:487} INFO - Filling up the DagBag from /home/airflow/.local/lib/python3.6/site-packages/airflow/example_dags/example_bash_operator.py
[2021-06-28 15:19:31,932] {scheduler_job.py:643} INFO - DAG(s) dict_keys(['example_bash_operator']) retrieved from /home/airflow/.local/lib/python3.6/site-packages/airflow/example_dags/example_bash_operator.py
[2021-06-28 15:19:32,061] {logging_mixin.py:104} INFO - [2021-06-28 15:19:32,061] {dag.py:1832} INFO - Sync 1 DAGs
[2021-06-28 15:19:32,275] {logging_mixin.py:104} INFO - [2021-06-28 15:19:32,274] {dag.py:2305} INFO - Setting next_dagrun for example_bash_operator to 2021-06-26 00:00:00+00:00
[2021-06-28 15:19:32,391] {scheduler_job.py:190} INFO - Processing /home/airflow/.local/lib/python3.6/site-packages/airflow/example_dags/example_bash_operator.py took 0.548 seconds
[2021-06-28 15:20:02,477] {scheduler_job.py:182} INFO - Started process (PID=530) to work on /home/airflow/.local/lib/python3.6/site-packages/airflow/example_dags/example_bash_operator.py
[2021-06-28 15:20:02,480] {scheduler_job.py:633} INFO - Processing file /home/airflow/.local/lib/python3.6/site-packages/airflow/example_dags/example_bash_operator.py for tasks to queue
[2021-06-28 15:20:02,482] {logging_mixin.py:104} INFO - [2021-06-28 15:20:02,482] {dagbag.py:487} INFO - Filling up the DagBag from /home/airflow/.local/lib/python3.6/site-packages/airflow/example_dags/example_bash_operator.py
[2021-06-28 15:20:02,574] {scheduler_job.py:643} INFO - DAG(s) dict_keys(['example_bash_operator']) retrieved from /home/airflow/.local/lib/python3.6/site-packages/airflow/example_dags/example_bash_operator.py
[2021-06-28 15:20:02,693] {logging_mixin.py:104} INFO - [2021-06-28 15:20:02,693] {dag.py:1832} INFO - Sync 1 DAGs
[2021-06-28 15:20:02,764] {logging_mixin.py:104} INFO - [2021-06-28 15:20:02,764] {dag.py:2305} INFO - Setting next_dagrun for example_bash_operator to 2021-06-26 00:00:00+00:00
[2021-06-28 15:20:02,814] {scheduler_job.py:190} INFO - Processing /home/airflow/.local/lib/python3.6/site-packages/airflow/example_dags/example_bash_operator.py took 0.353 seconds
[2021-06-28 15:20:33,391] {scheduler_job.py:182} INFO - Started process (PID=601) to work on /home/airflow/.local/lib/python3.6/site-packages/airflow/example_dags/example_bash_operator.py
[2021-06-28 15:20:33,393] {scheduler_job.py:633} INFO - Processing file /home/airflow/.local/lib/python3.6/site-packages/airflow/example_dags/example_bash_operator.py for tasks to queue
[2021-06-28 15:20:33,394] {logging_mixin.py:104} INFO - [2021-06-28 15:20:33,394] {dagbag.py:487} INFO - Filling up the DagBag from /home/airflow/.local/lib/python3.6/site-packages/airflow/example_dags/example_bash_operator.py
[2021-06-28 15:20:33,419] {scheduler_job.py:643} INFO - DAG(s) dict_keys(['example_bash_operator']) retrieved from /home/airflow/.local/lib/python3.6/site-packages/airflow/example_dags/example_bash_operator.py
[2021-06-28 15:20:33,481] {logging_mixin.py:104} INFO - [2021-06-28 15:20:33,481] {dag.py:1832} INFO - Sync 1 DAGs
[2021-06-28 15:20:33,568] {logging_mixin.py:104} INFO - [2021-06-28 15:20:33,568] {dag.py:2305} INFO - Setting next_dagrun for example_bash_operator to 2021-06-26 00:00:00+00:00
[2021-06-28 15:20:33,611] {scheduler_job.py:190} INFO - Processing /home/airflow/.local/lib/python3.6/site-packages/airflow/example_dags/example_bash_operator.py took 0.223 seconds
[2021-06-28 15:21:04,080] {scheduler_job.py:182} INFO - Started process (PID=660) to work on /home/airflow/.local/lib/python3.6/site-packages/airflow/example_dags/example_bash_operator.py
[2021-06-28 15:21:04,081] {scheduler_job.py:633} INFO - Processing file /home/airflow/.local/lib/python3.6/site-packages/airflow/example_dags/example_bash_operator.py for tasks to queue
[2021-06-28 15:21:04,083] {logging_mixin.py:104} INFO - [2021-06-28 15:21:04,083] {dagbag.py:487} INFO - Filling up the DagBag from /home/airflow/.local/lib/python3.6/site-packages/airflow/example_dags/example_bash_operator.py
[2021-06-28 15:21:04,122] {scheduler_job.py:643} INFO - DAG(s) dict_keys(['example_bash_operator']) retrieved from /home/airflow/.local/lib/python3.6/site-packages/airflow/example_dags/example_bash_operator.py
[2021-06-28 15:21:04,220] {logging_mixin.py:104} INFO - [2021-06-28 15:21:04,216] {dag.py:1832} INFO - Sync 1 DAGs
[2021-06-28 15:21:04,299] {logging_mixin.py:104} INFO - [2021-06-28 15:21:04,298] {dag.py:2305} INFO - Setting next_dagrun for example_bash_operator to 2021-06-26 00:00:00+00:00
[2021-06-28 15:21:04,356] {scheduler_job.py:190} INFO - Processing /home/airflow/.local/lib/python3.6/site-packages/airflow/example_dags/example_bash_operator.py took 0.287 seconds
[2021-06-28 15:21:34,780] {scheduler_job.py:182} INFO - Started process (PID=719) to work on /home/airflow/.local/lib/python3.6/site-packages/airflow/example_dags/example_bash_operator.py
[2021-06-28 15:21:34,783] {scheduler_job.py:633} INFO - Processing file /home/airflow/.local/lib/python3.6/site-packages/airflow/example_dags/example_bash_operator.py for tasks to queue
[2021-06-28 15:21:34,811] {logging_mixin.py:104} INFO - [2021-06-28 15:21:34,784] {dagbag.py:487} INFO - Filling up the DagBag from /home/airflow/.local/lib/python3.6/site-packages/airflow/example_dags/example_bash_operator.py
[2021-06-28 15:21:34,915] {scheduler_job.py:643} INFO - DAG(s) dict_keys(['example_bash_operator']) retrieved from /home/airflow/.local/lib/python3.6/site-packages/airflow/example_dags/example_bash_operator.py
[2021-06-28 15:21:35,074] {logging_mixin.py:104} INFO - [2021-06-28 15:21:35,073] {dag.py:1832} INFO - Sync 1 DAGs
[2021-06-28 15:21:35,119] {logging_mixin.py:104} INFO - [2021-06-28 15:21:35,119] {dag.py:2305} INFO - Setting next_dagrun for example_bash_operator to 2021-06-26 00:00:00+00:00
[2021-06-28 15:21:35,152] {scheduler_job.py:190} INFO - Processing /home/airflow/.local/lib/python3.6/site-packages/airflow/example_dags/example_bash_operator.py took 0.420 seconds
[2021-06-28 15:22:05,420] {scheduler_job.py:182} INFO - Started process (PID=779) to work on /home/airflow/.local/lib/python3.6/site-packages/airflow/example_dags/example_bash_operator.py
[2021-06-28 15:22:05,434] {scheduler_job.py:633} INFO - Processing file /home/airflow/.local/lib/python3.6/site-packages/airflow/example_dags/example_bash_operator.py for tasks to queue
[2021-06-28 15:22:05,435] {logging_mixin.py:104} INFO - [2021-06-28 15:22:05,435] {dagbag.py:487} INFO - Filling up the DagBag from /home/airflow/.local/lib/python3.6/site-packages/airflow/example_dags/example_bash_operator.py
[2021-06-28 15:22:05,581] {scheduler_job.py:643} INFO - DAG(s) dict_keys(['example_bash_operator']) retrieved from /home/airflow/.local/lib/python3.6/site-packages/airflow/example_dags/example_bash_operator.py
[2021-06-28 15:22:05,819] {logging_mixin.py:104} INFO - [2021-06-28 15:22:05,818] {dag.py:1832} INFO - Sync 1 DAGs
[2021-06-28 15:22:05,996] {logging_mixin.py:104} INFO - [2021-06-28 15:22:05,995] {dag.py:2305} INFO - Setting next_dagrun for example_bash_operator to 2021-06-26 00:00:00+00:00
[2021-06-28 15:22:06,111] {scheduler_job.py:190} INFO - Processing /home/airflow/.local/lib/python3.6/site-packages/airflow/example_dags/example_bash_operator.py took 0.710 seconds
[2021-06-28 15:22:36,652] {scheduler_job.py:182} INFO - Started process (PID=840) to work on /home/airflow/.local/lib/python3.6/site-packages/airflow/example_dags/example_bash_operator.py
[2021-06-28 15:22:36,670] {scheduler_job.py:633} INFO - Processing file /home/airflow/.local/lib/python3.6/site-packages/airflow/example_dags/example_bash_operator.py for tasks to queue
[2021-06-28 15:22:36,671] {logging_mixin.py:104} INFO - [2021-06-28 15:22:36,671] {dagbag.py:487} INFO - Filling up the DagBag from /home/airflow/.local/lib/python3.6/site-packages/airflow/example_dags/example_bash_operator.py
[2021-06-28 15:22:36,764] {scheduler_job.py:643} INFO - DAG(s) dict_keys(['example_bash_operator']) retrieved from /home/airflow/.local/lib/python3.6/site-packages/airflow/example_dags/example_bash_operator.py
[2021-06-28 15:22:36,876] {logging_mixin.py:104} INFO - [2021-06-28 15:22:36,876] {dag.py:1832} INFO - Sync 1 DAGs
[2021-06-28 15:22:37,056] {logging_mixin.py:104} INFO - [2021-06-28 15:22:37,056] {dag.py:2305} INFO - Setting next_dagrun for example_bash_operator to 2021-06-26 00:00:00+00:00
[2021-06-28 15:22:37,134] {scheduler_job.py:190} INFO - Processing /home/airflow/.local/lib/python3.6/site-packages/airflow/example_dags/example_bash_operator.py took 0.497 seconds
[2021-06-28 15:23:07,308] {scheduler_job.py:182} INFO - Started process (PID=895) to work on /home/airflow/.local/lib/python3.6/site-packages/airflow/example_dags/example_bash_operator.py
[2021-06-28 15:23:07,310] {scheduler_job.py:633} INFO - Processing file /home/airflow/.local/lib/python3.6/site-packages/airflow/example_dags/example_bash_operator.py for tasks to queue
[2021-06-28 15:23:07,312] {logging_mixin.py:104} INFO - [2021-06-28 15:23:07,311] {dagbag.py:487} INFO - Filling up the DagBag from /home/airflow/.local/lib/python3.6/site-packages/airflow/example_dags/example_bash_operator.py
[2021-06-28 15:23:07,340] {scheduler_job.py:643} INFO - DAG(s) dict_keys(['example_bash_operator']) retrieved from /home/airflow/.local/lib/python3.6/site-packages/airflow/example_dags/example_bash_operator.py
[2021-06-28 15:23:07,424] {logging_mixin.py:104} INFO - [2021-06-28 15:23:07,424] {dag.py:1832} INFO - Sync 1 DAGs
[2021-06-28 15:23:07,463] {logging_mixin.py:104} INFO - [2021-06-28 15:23:07,463] {dag.py:2305} INFO - Setting next_dagrun for example_bash_operator to 2021-06-26 00:00:00+00:00
[2021-06-28 15:23:07,481] {scheduler_job.py:190} INFO - Processing /home/airflow/.local/lib/python3.6/site-packages/airflow/example_dags/example_bash_operator.py took 0.178 seconds
[2021-06-28 15:23:37,531] {scheduler_job.py:182} INFO - Started process (PID=954) to work on /home/airflow/.local/lib/python3.6/site-packages/airflow/example_dags/example_bash_operator.py
[2021-06-28 15:23:37,537] {scheduler_job.py:633} INFO - Processing file /home/airflow/.local/lib/python3.6/site-packages/airflow/example_dags/example_bash_operator.py for tasks to queue
[2021-06-28 15:23:37,538] {logging_mixin.py:104} INFO - [2021-06-28 15:23:37,538] {dagbag.py:487} INFO - Filling up the DagBag from /home/airflow/.local/lib/python3.6/site-packages/airflow/example_dags/example_bash_operator.py
[2021-06-28 15:23:37,574] {scheduler_job.py:643} INFO - DAG(s) dict_keys(['example_bash_operator']) retrieved from /home/airflow/.local/lib/python3.6/site-packages/airflow/example_dags/example_bash_operator.py
[2021-06-28 15:23:37,626] {logging_mixin.py:104} INFO - [2021-06-28 15:23:37,626] {dag.py:1832} INFO - Sync 1 DAGs
[2021-06-28 15:23:37,662] {logging_mixin.py:104} INFO - [2021-06-28 15:23:37,661] {dag.py:2305} INFO - Setting next_dagrun for example_bash_operator to 2021-06-26 00:00:00+00:00
[2021-06-28 15:23:37,679] {scheduler_job.py:190} INFO - Processing /home/airflow/.local/lib/python3.6/site-packages/airflow/example_dags/example_bash_operator.py took 0.153 seconds
[2021-06-28 15:24:07,719] {scheduler_job.py:182} INFO - Started process (PID=1028) to work on /home/airflow/.local/lib/python3.6/site-packages/airflow/example_dags/example_bash_operator.py
[2021-06-28 15:24:07,721] {scheduler_job.py:633} INFO - Processing file /home/airflow/.local/lib/python3.6/site-packages/airflow/example_dags/example_bash_operator.py for tasks to queue
[2021-06-28 15:24:07,723] {logging_mixin.py:104} INFO - [2021-06-28 15:24:07,723] {dagbag.py:487} INFO - Filling up the DagBag from /home/airflow/.local/lib/python3.6/site-packages/airflow/example_dags/example_bash_operator.py
[2021-06-28 15:24:07,762] {scheduler_job.py:643} INFO - DAG(s) dict_keys(['example_bash_operator']) retrieved from /home/airflow/.local/lib/python3.6/site-packages/airflow/example_dags/example_bash_operator.py
[2021-06-28 15:24:07,805] {logging_mixin.py:104} INFO - [2021-06-28 15:24:07,805] {dag.py:1832} INFO - Sync 1 DAGs
[2021-06-28 15:24:07,862] {logging_mixin.py:104} INFO - [2021-06-28 15:24:07,862] {dag.py:2305} INFO - Setting next_dagrun for example_bash_operator to 2021-06-26 00:00:00+00:00
[2021-06-28 15:24:07,888] {scheduler_job.py:190} INFO - Processing /home/airflow/.local/lib/python3.6/site-packages/airflow/example_dags/example_bash_operator.py took 0.174 seconds
[2021-06-28 15:24:38,049] {scheduler_job.py:182} INFO - Started process (PID=1087) to work on /home/airflow/.local/lib/python3.6/site-packages/airflow/example_dags/example_bash_operator.py
[2021-06-28 15:24:38,052] {scheduler_job.py:633} INFO - Processing file /home/airflow/.local/lib/python3.6/site-packages/airflow/example_dags/example_bash_operator.py for tasks to queue
[2021-06-28 15:24:38,053] {logging_mixin.py:104} INFO - [2021-06-28 15:24:38,053] {dagbag.py:487} INFO - Filling up the DagBag from /home/airflow/.local/lib/python3.6/site-packages/airflow/example_dags/example_bash_operator.py
[2021-06-28 15:24:38,090] {scheduler_job.py:643} INFO - DAG(s) dict_keys(['example_bash_operator']) retrieved from /home/airflow/.local/lib/python3.6/site-packages/airflow/example_dags/example_bash_operator.py
[2021-06-28 15:24:38,165] {logging_mixin.py:104} INFO - [2021-06-28 15:24:38,165] {dag.py:1832} INFO - Sync 1 DAGs
[2021-06-28 15:24:38,230] {logging_mixin.py:104} INFO - [2021-06-28 15:24:38,229] {dag.py:2305} INFO - Setting next_dagrun for example_bash_operator to 2021-06-26 00:00:00+00:00
[2021-06-28 15:24:38,258] {scheduler_job.py:190} INFO - Processing /home/airflow/.local/lib/python3.6/site-packages/airflow/example_dags/example_bash_operator.py took 0.218 seconds
[2021-06-28 15:25:09,087] {scheduler_job.py:182} INFO - Started process (PID=1146) to work on /home/airflow/.local/lib/python3.6/site-packages/airflow/example_dags/example_bash_operator.py
[2021-06-28 15:25:09,089] {scheduler_job.py:633} INFO - Processing file /home/airflow/.local/lib/python3.6/site-packages/airflow/example_dags/example_bash_operator.py for tasks to queue
[2021-06-28 15:25:09,090] {logging_mixin.py:104} INFO - [2021-06-28 15:25:09,090] {dagbag.py:487} INFO - Filling up the DagBag from /home/airflow/.local/lib/python3.6/site-packages/airflow/example_dags/example_bash_operator.py
[2021-06-28 15:25:09,122] {scheduler_job.py:643} INFO - DAG(s) dict_keys(['example_bash_operator']) retrieved from /home/airflow/.local/lib/python3.6/site-packages/airflow/example_dags/example_bash_operator.py
[2021-06-28 15:25:09,182] {logging_mixin.py:104} INFO - [2021-06-28 15:25:09,182] {dag.py:1832} INFO - Sync 1 DAGs
[2021-06-28 15:25:09,219] {logging_mixin.py:104} INFO - [2021-06-28 15:25:09,219] {dag.py:2305} INFO - Setting next_dagrun for example_bash_operator to 2021-06-26 00:00:00+00:00
[2021-06-28 15:25:09,244] {scheduler_job.py:190} INFO - Processing /home/airflow/.local/lib/python3.6/site-packages/airflow/example_dags/example_bash_operator.py took 0.161 seconds
[2021-06-28 15:25:39,547] {scheduler_job.py:182} INFO - Started process (PID=1217) to work on /home/airflow/.local/lib/python3.6/site-packages/airflow/example_dags/example_bash_operator.py
[2021-06-28 15:25:39,577] {scheduler_job.py:633} INFO - Processing file /home/airflow/.local/lib/python3.6/site-packages/airflow/example_dags/example_bash_operator.py for tasks to queue
[2021-06-28 15:25:39,578] {logging_mixin.py:104} INFO - [2021-06-28 15:25:39,578] {dagbag.py:487} INFO - Filling up the DagBag from /home/airflow/.local/lib/python3.6/site-packages/airflow/example_dags/example_bash_operator.py
[2021-06-28 15:25:39,661] {scheduler_job.py:643} INFO - DAG(s) dict_keys(['example_bash_operator']) retrieved from /home/airflow/.local/lib/python3.6/site-packages/airflow/example_dags/example_bash_operator.py
[2021-06-28 15:25:39,782] {logging_mixin.py:104} INFO - [2021-06-28 15:25:39,781] {dag.py:1832} INFO - Sync 1 DAGs
[2021-06-28 15:25:39,905] {logging_mixin.py:104} INFO - [2021-06-28 15:25:39,905] {dag.py:2305} INFO - Setting next_dagrun for example_bash_operator to 2021-06-26 00:00:00+00:00
[2021-06-28 15:25:39,991] {scheduler_job.py:190} INFO - Processing /home/airflow/.local/lib/python3.6/site-packages/airflow/example_dags/example_bash_operator.py took 0.448 seconds
[2021-06-28 15:26:10,090] {scheduler_job.py:182} INFO - Started process (PID=1275) to work on /home/airflow/.local/lib/python3.6/site-packages/airflow/example_dags/example_bash_operator.py
[2021-06-28 15:26:10,093] {scheduler_job.py:633} INFO - Processing file /home/airflow/.local/lib/python3.6/site-packages/airflow/example_dags/example_bash_operator.py for tasks to queue
[2021-06-28 15:26:10,095] {logging_mixin.py:104} INFO - [2021-06-28 15:26:10,095] {dagbag.py:487} INFO - Filling up the DagBag from /home/airflow/.local/lib/python3.6/site-packages/airflow/example_dags/example_bash_operator.py
[2021-06-28 15:26:10,123] {scheduler_job.py:643} INFO - DAG(s) dict_keys(['example_bash_operator']) retrieved from /home/airflow/.local/lib/python3.6/site-packages/airflow/example_dags/example_bash_operator.py
[2021-06-28 15:26:10,164] {logging_mixin.py:104} INFO - [2021-06-28 15:26:10,164] {dag.py:1832} INFO - Sync 1 DAGs
[2021-06-28 15:26:10,193] {logging_mixin.py:104} INFO - [2021-06-28 15:26:10,193] {dag.py:2305} INFO - Setting next_dagrun for example_bash_operator to 2021-06-26 00:00:00+00:00
[2021-06-28 15:26:10,216] {scheduler_job.py:190} INFO - Processing /home/airflow/.local/lib/python3.6/site-packages/airflow/example_dags/example_bash_operator.py took 0.131 seconds
[2021-06-28 15:26:40,532] {scheduler_job.py:182} INFO - Started process (PID=1340) to work on /home/airflow/.local/lib/python3.6/site-packages/airflow/example_dags/example_bash_operator.py
[2021-06-28 15:26:40,534] {scheduler_job.py:633} INFO - Processing file /home/airflow/.local/lib/python3.6/site-packages/airflow/example_dags/example_bash_operator.py for tasks to queue
[2021-06-28 15:26:40,535] {logging_mixin.py:104} INFO - [2021-06-28 15:26:40,535] {dagbag.py:487} INFO - Filling up the DagBag from /home/airflow/.local/lib/python3.6/site-packages/airflow/example_dags/example_bash_operator.py
[2021-06-28 15:26:40,564] {scheduler_job.py:643} INFO - DAG(s) dict_keys(['example_bash_operator']) retrieved from /home/airflow/.local/lib/python3.6/site-packages/airflow/example_dags/example_bash_operator.py
[2021-06-28 15:26:40,607] {logging_mixin.py:104} INFO - [2021-06-28 15:26:40,607] {dag.py:1832} INFO - Sync 1 DAGs
[2021-06-28 15:26:40,643] {logging_mixin.py:104} INFO - [2021-06-28 15:26:40,643] {dag.py:2305} INFO - Setting next_dagrun for example_bash_operator to 2021-06-26 00:00:00+00:00
[2021-06-28 15:26:40,666] {scheduler_job.py:190} INFO - Processing /home/airflow/.local/lib/python3.6/site-packages/airflow/example_dags/example_bash_operator.py took 0.139 seconds
[2021-06-28 15:27:10,834] {scheduler_job.py:182} INFO - Started process (PID=1400) to work on /home/airflow/.local/lib/python3.6/site-packages/airflow/example_dags/example_bash_operator.py
[2021-06-28 15:27:10,848] {scheduler_job.py:633} INFO - Processing file /home/airflow/.local/lib/python3.6/site-packages/airflow/example_dags/example_bash_operator.py for tasks to queue
[2021-06-28 15:27:10,849] {logging_mixin.py:104} INFO - [2021-06-28 15:27:10,849] {dagbag.py:487} INFO - Filling up the DagBag from /home/airflow/.local/lib/python3.6/site-packages/airflow/example_dags/example_bash_operator.py
[2021-06-28 15:27:10,906] {scheduler_job.py:643} INFO - DAG(s) dict_keys(['example_bash_operator']) retrieved from /home/airflow/.local/lib/python3.6/site-packages/airflow/example_dags/example_bash_operator.py
[2021-06-28 15:27:10,960] {logging_mixin.py:104} INFO - [2021-06-28 15:27:10,960] {dag.py:1832} INFO - Sync 1 DAGs
[2021-06-28 15:27:10,998] {logging_mixin.py:104} INFO - [2021-06-28 15:27:10,997] {dag.py:2305} INFO - Setting next_dagrun for example_bash_operator to 2021-06-26 00:00:00+00:00
[2021-06-28 15:27:11,037] {scheduler_job.py:190} INFO - Processing /home/airflow/.local/lib/python3.6/site-packages/airflow/example_dags/example_bash_operator.py took 0.219 seconds
[2021-06-28 15:27:41,897] {scheduler_job.py:182} INFO - Started process (PID=1461) to work on /home/airflow/.local/lib/python3.6/site-packages/airflow/example_dags/example_bash_operator.py
[2021-06-28 15:27:41,899] {scheduler_job.py:633} INFO - Processing file /home/airflow/.local/lib/python3.6/site-packages/airflow/example_dags/example_bash_operator.py for tasks to queue
[2021-06-28 15:27:41,908] {logging_mixin.py:104} INFO - [2021-06-28 15:27:41,908] {dagbag.py:487} INFO - Filling up the DagBag from /home/airflow/.local/lib/python3.6/site-packages/airflow/example_dags/example_bash_operator.py
[2021-06-28 15:27:41,942] {scheduler_job.py:643} INFO - DAG(s) dict_keys(['example_bash_operator']) retrieved from /home/airflow/.local/lib/python3.6/site-packages/airflow/example_dags/example_bash_operator.py
[2021-06-28 15:27:42,034] {logging_mixin.py:104} INFO - [2021-06-28 15:27:42,033] {dag.py:1832} INFO - Sync 1 DAGs
[2021-06-28 15:27:42,072] {logging_mixin.py:104} INFO - [2021-06-28 15:27:42,071] {dag.py:2305} INFO - Setting next_dagrun for example_bash_operator to 2021-06-26 00:00:00+00:00
[2021-06-28 15:27:42,089] {scheduler_job.py:190} INFO - Processing /home/airflow/.local/lib/python3.6/site-packages/airflow/example_dags/example_bash_operator.py took 0.199 seconds
[2021-06-28 15:28:12,654] {scheduler_job.py:182} INFO - Started process (PID=1532) to work on /home/airflow/.local/lib/python3.6/site-packages/airflow/example_dags/example_bash_operator.py
[2021-06-28 15:28:12,655] {scheduler_job.py:633} INFO - Processing file /home/airflow/.local/lib/python3.6/site-packages/airflow/example_dags/example_bash_operator.py for tasks to queue
[2021-06-28 15:28:12,656] {logging_mixin.py:104} INFO - [2021-06-28 15:28:12,656] {dagbag.py:487} INFO - Filling up the DagBag from /home/airflow/.local/lib/python3.6/site-packages/airflow/example_dags/example_bash_operator.py
[2021-06-28 15:28:12,685] {scheduler_job.py:643} INFO - DAG(s) dict_keys(['example_bash_operator']) retrieved from /home/airflow/.local/lib/python3.6/site-packages/airflow/example_dags/example_bash_operator.py
[2021-06-28 15:28:12,719] {logging_mixin.py:104} INFO - [2021-06-28 15:28:12,719] {dag.py:1832} INFO - Sync 1 DAGs
[2021-06-28 15:28:12,759] {logging_mixin.py:104} INFO - [2021-06-28 15:28:12,759] {dag.py:2305} INFO - Setting next_dagrun for example_bash_operator to 2021-06-26 00:00:00+00:00
[2021-06-28 15:28:12,790] {scheduler_job.py:190} INFO - Processing /home/airflow/.local/lib/python3.6/site-packages/airflow/example_dags/example_bash_operator.py took 0.144 seconds
[2021-06-28 15:28:43,431] {scheduler_job.py:182} INFO - Started process (PID=1594) to work on /home/airflow/.local/lib/python3.6/site-packages/airflow/example_dags/example_bash_operator.py
[2021-06-28 15:28:43,432] {scheduler_job.py:633} INFO - Processing file /home/airflow/.local/lib/python3.6/site-packages/airflow/example_dags/example_bash_operator.py for tasks to queue
[2021-06-28 15:28:43,436] {logging_mixin.py:104} INFO - [2021-06-28 15:28:43,436] {dagbag.py:487} INFO - Filling up the DagBag from /home/airflow/.local/lib/python3.6/site-packages/airflow/example_dags/example_bash_operator.py
[2021-06-28 15:28:43,501] {scheduler_job.py:643} INFO - DAG(s) dict_keys(['example_bash_operator']) retrieved from /home/airflow/.local/lib/python3.6/site-packages/airflow/example_dags/example_bash_operator.py
[2021-06-28 15:28:43,643] {logging_mixin.py:104} INFO - [2021-06-28 15:28:43,643] {dag.py:1832} INFO - Sync 1 DAGs
[2021-06-28 15:28:43,701] {logging_mixin.py:104} INFO - [2021-06-28 15:28:43,701] {dag.py:2305} INFO - Setting next_dagrun for example_bash_operator to 2021-06-26 00:00:00+00:00
[2021-06-28 15:28:43,716] {scheduler_job.py:190} INFO - Processing /home/airflow/.local/lib/python3.6/site-packages/airflow/example_dags/example_bash_operator.py took 0.289 seconds
[2021-06-28 15:29:14,016] {scheduler_job.py:182} INFO - Started process (PID=1655) to work on /home/airflow/.local/lib/python3.6/site-packages/airflow/example_dags/example_bash_operator.py
[2021-06-28 15:29:14,017] {scheduler_job.py:633} INFO - Processing file /home/airflow/.local/lib/python3.6/site-packages/airflow/example_dags/example_bash_operator.py for tasks to queue
[2021-06-28 15:29:14,018] {logging_mixin.py:104} INFO - [2021-06-28 15:29:14,018] {dagbag.py:487} INFO - Filling up the DagBag from /home/airflow/.local/lib/python3.6/site-packages/airflow/example_dags/example_bash_operator.py
[2021-06-28 15:29:14,041] {scheduler_job.py:643} INFO - DAG(s) dict_keys(['example_bash_operator']) retrieved from /home/airflow/.local/lib/python3.6/site-packages/airflow/example_dags/example_bash_operator.py
[2021-06-28 15:29:14,100] {logging_mixin.py:104} INFO - [2021-06-28 15:29:14,100] {dag.py:1832} INFO - Sync 1 DAGs
[2021-06-28 15:29:14,138] {logging_mixin.py:104} INFO - [2021-06-28 15:29:14,138] {dag.py:2305} INFO - Setting next_dagrun for example_bash_operator to 2021-06-26 00:00:00+00:00
[2021-06-28 15:29:14,163] {scheduler_job.py:190} INFO - Processing /home/airflow/.local/lib/python3.6/site-packages/airflow/example_dags/example_bash_operator.py took 0.152 seconds
[2021-06-28 15:29:44,805] {scheduler_job.py:182} INFO - Started process (PID=1716) to work on /home/airflow/.local/lib/python3.6/site-packages/airflow/example_dags/example_bash_operator.py
[2021-06-28 15:29:44,808] {scheduler_job.py:633} INFO - Processing file /home/airflow/.local/lib/python3.6/site-packages/airflow/example_dags/example_bash_operator.py for tasks to queue
[2021-06-28 15:29:44,815] {logging_mixin.py:104} INFO - [2021-06-28 15:29:44,815] {dagbag.py:487} INFO - Filling up the DagBag from /home/airflow/.local/lib/python3.6/site-packages/airflow/example_dags/example_bash_operator.py
[2021-06-28 15:29:44,847] {scheduler_job.py:643} INFO - DAG(s) dict_keys(['example_bash_operator']) retrieved from /home/airflow/.local/lib/python3.6/site-packages/airflow/example_dags/example_bash_operator.py
[2021-06-28 15:29:44,914] {logging_mixin.py:104} INFO - [2021-06-28 15:29:44,914] {dag.py:1832} INFO - Sync 1 DAGs
[2021-06-28 15:29:44,949] {logging_mixin.py:104} INFO - [2021-06-28 15:29:44,948] {dag.py:2305} INFO - Setting next_dagrun for example_bash_operator to 2021-06-26 00:00:00+00:00
[2021-06-28 15:29:44,980] {scheduler_job.py:190} INFO - Processing /home/airflow/.local/lib/python3.6/site-packages/airflow/example_dags/example_bash_operator.py took 0.181 seconds
[2021-06-28 15:30:15,691] {scheduler_job.py:182} INFO - Started process (PID=1775) to work on /home/airflow/.local/lib/python3.6/site-packages/airflow/example_dags/example_bash_operator.py
[2021-06-28 15:30:15,699] {scheduler_job.py:633} INFO - Processing file /home/airflow/.local/lib/python3.6/site-packages/airflow/example_dags/example_bash_operator.py for tasks to queue
[2021-06-28 15:30:15,700] {logging_mixin.py:104} INFO - [2021-06-28 15:30:15,700] {dagbag.py:487} INFO - Filling up the DagBag from /home/airflow/.local/lib/python3.6/site-packages/airflow/example_dags/example_bash_operator.py
[2021-06-28 15:30:15,723] {scheduler_job.py:643} INFO - DAG(s) dict_keys(['example_bash_operator']) retrieved from /home/airflow/.local/lib/python3.6/site-packages/airflow/example_dags/example_bash_operator.py
[2021-06-28 15:30:15,756] {logging_mixin.py:104} INFO - [2021-06-28 15:30:15,756] {dag.py:1832} INFO - Sync 1 DAGs
[2021-06-28 15:30:15,782] {logging_mixin.py:104} INFO - [2021-06-28 15:30:15,782] {dag.py:2305} INFO - Setting next_dagrun for example_bash_operator to 2021-06-26 00:00:00+00:00
[2021-06-28 15:30:15,797] {scheduler_job.py:190} INFO - Processing /home/airflow/.local/lib/python3.6/site-packages/airflow/example_dags/example_bash_operator.py took 0.110 seconds
[2021-06-28 15:30:45,944] {scheduler_job.py:182} INFO - Started process (PID=1834) to work on /home/airflow/.local/lib/python3.6/site-packages/airflow/example_dags/example_bash_operator.py
[2021-06-28 15:30:45,946] {scheduler_job.py:633} INFO - Processing file /home/airflow/.local/lib/python3.6/site-packages/airflow/example_dags/example_bash_operator.py for tasks to queue
[2021-06-28 15:30:45,962] {logging_mixin.py:104} INFO - [2021-06-28 15:30:45,948] {dagbag.py:487} INFO - Filling up the DagBag from /home/airflow/.local/lib/python3.6/site-packages/airflow/example_dags/example_bash_operator.py
[2021-06-28 15:30:46,066] {scheduler_job.py:643} INFO - DAG(s) dict_keys(['example_bash_operator']) retrieved from /home/airflow/.local/lib/python3.6/site-packages/airflow/example_dags/example_bash_operator.py
[2021-06-28 15:30:46,208] {logging_mixin.py:104} INFO - [2021-06-28 15:30:46,208] {dag.py:1832} INFO - Sync 1 DAGs
[2021-06-28 15:30:46,292] {logging_mixin.py:104} INFO - [2021-06-28 15:30:46,292] {dag.py:2305} INFO - Setting next_dagrun for example_bash_operator to 2021-06-26 00:00:00+00:00
[2021-06-28 15:30:46,358] {scheduler_job.py:190} INFO - Processing /home/airflow/.local/lib/python3.6/site-packages/airflow/example_dags/example_bash_operator.py took 0.457 seconds
[2021-06-28 15:31:17,192] {scheduler_job.py:182} INFO - Started process (PID=1896) to work on /home/airflow/.local/lib/python3.6/site-packages/airflow/example_dags/example_bash_operator.py
[2021-06-28 15:31:17,224] {scheduler_job.py:633} INFO - Processing file /home/airflow/.local/lib/python3.6/site-packages/airflow/example_dags/example_bash_operator.py for tasks to queue
[2021-06-28 15:31:17,240] {logging_mixin.py:104} INFO - [2021-06-28 15:31:17,240] {dagbag.py:487} INFO - Filling up the DagBag from /home/airflow/.local/lib/python3.6/site-packages/airflow/example_dags/example_bash_operator.py
[2021-06-28 15:31:17,314] {scheduler_job.py:643} INFO - DAG(s) dict_keys(['example_bash_operator']) retrieved from /home/airflow/.local/lib/python3.6/site-packages/airflow/example_dags/example_bash_operator.py
[2021-06-28 15:31:17,373] {logging_mixin.py:104} INFO - [2021-06-28 15:31:17,373] {dag.py:1832} INFO - Sync 1 DAGs
[2021-06-28 15:31:17,421] {logging_mixin.py:104} INFO - [2021-06-28 15:31:17,421] {dag.py:2305} INFO - Setting next_dagrun for example_bash_operator to 2021-06-26 00:00:00+00:00
[2021-06-28 15:31:17,453] {scheduler_job.py:190} INFO - Processing /home/airflow/.local/lib/python3.6/site-packages/airflow/example_dags/example_bash_operator.py took 0.277 seconds
[2021-06-28 15:33:56,998] {scheduler_job.py:182} INFO - Started process (PID=62) to work on /home/airflow/.local/lib/python3.6/site-packages/airflow/example_dags/example_bash_operator.py
[2021-06-28 15:33:57,007] {scheduler_job.py:633} INFO - Processing file /home/airflow/.local/lib/python3.6/site-packages/airflow/example_dags/example_bash_operator.py for tasks to queue
[2021-06-28 15:33:57,024] {logging_mixin.py:104} INFO - [2021-06-28 15:33:57,012] {dagbag.py:487} INFO - Filling up the DagBag from /home/airflow/.local/lib/python3.6/site-packages/airflow/example_dags/example_bash_operator.py
[2021-06-28 15:33:57,127] {scheduler_job.py:643} INFO - DAG(s) dict_keys(['example_bash_operator']) retrieved from /home/airflow/.local/lib/python3.6/site-packages/airflow/example_dags/example_bash_operator.py
[2021-06-28 15:33:57,286] {logging_mixin.py:104} INFO - [2021-06-28 15:33:57,286] {dag.py:1832} INFO - Sync 1 DAGs
[2021-06-28 15:33:57,456] {logging_mixin.py:104} INFO - [2021-06-28 15:33:57,456] {dag.py:2305} INFO - Setting next_dagrun for example_bash_operator to 2021-06-26 00:00:00+00:00
[2021-06-28 15:33:57,563] {scheduler_job.py:190} INFO - Processing /home/airflow/.local/lib/python3.6/site-packages/airflow/example_dags/example_bash_operator.py took 0.573 seconds
[2021-06-28 15:34:30,333] {scheduler_job.py:182} INFO - Started process (PID=117) to work on /home/airflow/.local/lib/python3.6/site-packages/airflow/example_dags/example_bash_operator.py
[2021-06-28 15:34:30,337] {scheduler_job.py:633} INFO - Processing file /home/airflow/.local/lib/python3.6/site-packages/airflow/example_dags/example_bash_operator.py for tasks to queue
[2021-06-28 15:34:30,339] {logging_mixin.py:104} INFO - [2021-06-28 15:34:30,338] {dagbag.py:487} INFO - Filling up the DagBag from /home/airflow/.local/lib/python3.6/site-packages/airflow/example_dags/example_bash_operator.py
[2021-06-28 15:34:30,428] {scheduler_job.py:643} INFO - DAG(s) dict_keys(['example_bash_operator']) retrieved from /home/airflow/.local/lib/python3.6/site-packages/airflow/example_dags/example_bash_operator.py
[2021-06-28 15:34:30,641] {logging_mixin.py:104} INFO - [2021-06-28 15:34:30,640] {dag.py:1832} INFO - Sync 1 DAGs
[2021-06-28 15:34:30,782] {logging_mixin.py:104} INFO - [2021-06-28 15:34:30,782] {dag.py:2305} INFO - Setting next_dagrun for example_bash_operator to 2021-06-26 00:00:00+00:00
[2021-06-28 15:34:30,875] {scheduler_job.py:190} INFO - Processing /home/airflow/.local/lib/python3.6/site-packages/airflow/example_dags/example_bash_operator.py took 0.577 seconds
[2021-06-28 15:35:01,483] {scheduler_job.py:182} INFO - Started process (PID=181) to work on /home/airflow/.local/lib/python3.6/site-packages/airflow/example_dags/example_bash_operator.py
[2021-06-28 15:35:01,485] {scheduler_job.py:633} INFO - Processing file /home/airflow/.local/lib/python3.6/site-packages/airflow/example_dags/example_bash_operator.py for tasks to queue
[2021-06-28 15:35:01,488] {logging_mixin.py:104} INFO - [2021-06-28 15:35:01,487] {dagbag.py:487} INFO - Filling up the DagBag from /home/airflow/.local/lib/python3.6/site-packages/airflow/example_dags/example_bash_operator.py
[2021-06-28 15:35:01,544] {scheduler_job.py:643} INFO - DAG(s) dict_keys(['example_bash_operator']) retrieved from /home/airflow/.local/lib/python3.6/site-packages/airflow/example_dags/example_bash_operator.py
[2021-06-28 15:35:01,595] {logging_mixin.py:104} INFO - [2021-06-28 15:35:01,594] {dag.py:1832} INFO - Sync 1 DAGs
[2021-06-28 15:35:01,691] {logging_mixin.py:104} INFO - [2021-06-28 15:35:01,691] {dag.py:2305} INFO - Setting next_dagrun for example_bash_operator to 2021-06-26 00:00:00+00:00
[2021-06-28 15:35:01,715] {scheduler_job.py:190} INFO - Processing /home/airflow/.local/lib/python3.6/site-packages/airflow/example_dags/example_bash_operator.py took 0.238 seconds
[2021-06-28 15:35:32,119] {scheduler_job.py:182} INFO - Started process (PID=239) to work on /home/airflow/.local/lib/python3.6/site-packages/airflow/example_dags/example_bash_operator.py
[2021-06-28 15:35:32,135] {scheduler_job.py:633} INFO - Processing file /home/airflow/.local/lib/python3.6/site-packages/airflow/example_dags/example_bash_operator.py for tasks to queue
[2021-06-28 15:35:32,138] {logging_mixin.py:104} INFO - [2021-06-28 15:35:32,138] {dagbag.py:487} INFO - Filling up the DagBag from /home/airflow/.local/lib/python3.6/site-packages/airflow/example_dags/example_bash_operator.py
[2021-06-28 15:35:32,274] {scheduler_job.py:643} INFO - DAG(s) dict_keys(['example_bash_operator']) retrieved from /home/airflow/.local/lib/python3.6/site-packages/airflow/example_dags/example_bash_operator.py
[2021-06-28 15:35:32,407] {logging_mixin.py:104} INFO - [2021-06-28 15:35:32,406] {dag.py:1832} INFO - Sync 1 DAGs
[2021-06-28 15:35:32,536] {logging_mixin.py:104} INFO - [2021-06-28 15:35:32,535] {dag.py:2305} INFO - Setting next_dagrun for example_bash_operator to 2021-06-26 00:00:00+00:00
[2021-06-28 15:35:32,649] {scheduler_job.py:190} INFO - Processing /home/airflow/.local/lib/python3.6/site-packages/airflow/example_dags/example_bash_operator.py took 0.534 seconds
[2021-06-28 15:36:03,711] {scheduler_job.py:182} INFO - Started process (PID=299) to work on /home/airflow/.local/lib/python3.6/site-packages/airflow/example_dags/example_bash_operator.py
[2021-06-28 15:36:03,714] {scheduler_job.py:633} INFO - Processing file /home/airflow/.local/lib/python3.6/site-packages/airflow/example_dags/example_bash_operator.py for tasks to queue
[2021-06-28 15:36:03,717] {logging_mixin.py:104} INFO - [2021-06-28 15:36:03,717] {dagbag.py:487} INFO - Filling up the DagBag from /home/airflow/.local/lib/python3.6/site-packages/airflow/example_dags/example_bash_operator.py
[2021-06-28 15:36:03,748] {scheduler_job.py:643} INFO - DAG(s) dict_keys(['example_bash_operator']) retrieved from /home/airflow/.local/lib/python3.6/site-packages/airflow/example_dags/example_bash_operator.py
[2021-06-28 15:36:03,793] {logging_mixin.py:104} INFO - [2021-06-28 15:36:03,792] {dag.py:1832} INFO - Sync 1 DAGs
[2021-06-28 15:36:03,845] {logging_mixin.py:104} INFO - [2021-06-28 15:36:03,845] {dag.py:2305} INFO - Setting next_dagrun for example_bash_operator to 2021-06-26 00:00:00+00:00
[2021-06-28 15:36:03,873] {scheduler_job.py:190} INFO - Processing /home/airflow/.local/lib/python3.6/site-packages/airflow/example_dags/example_bash_operator.py took 0.167 seconds
[2021-06-28 15:36:34,648] {scheduler_job.py:182} INFO - Started process (PID=357) to work on /home/airflow/.local/lib/python3.6/site-packages/airflow/example_dags/example_bash_operator.py
[2021-06-28 15:36:34,650] {scheduler_job.py:633} INFO - Processing file /home/airflow/.local/lib/python3.6/site-packages/airflow/example_dags/example_bash_operator.py for tasks to queue
[2021-06-28 15:36:34,651] {logging_mixin.py:104} INFO - [2021-06-28 15:36:34,650] {dagbag.py:487} INFO - Filling up the DagBag from /home/airflow/.local/lib/python3.6/site-packages/airflow/example_dags/example_bash_operator.py
[2021-06-28 15:36:34,738] {scheduler_job.py:643} INFO - DAG(s) dict_keys(['example_bash_operator']) retrieved from /home/airflow/.local/lib/python3.6/site-packages/airflow/example_dags/example_bash_operator.py
[2021-06-28 15:36:34,836] {logging_mixin.py:104} INFO - [2021-06-28 15:36:34,836] {dag.py:1832} INFO - Sync 1 DAGs
[2021-06-28 15:36:34,911] {logging_mixin.py:104} INFO - [2021-06-28 15:36:34,911] {dag.py:2305} INFO - Setting next_dagrun for example_bash_operator to 2021-06-26 00:00:00+00:00
[2021-06-28 15:36:34,971] {scheduler_job.py:190} INFO - Processing /home/airflow/.local/lib/python3.6/site-packages/airflow/example_dags/example_bash_operator.py took 0.340 seconds
[2021-06-28 15:37:05,868] {scheduler_job.py:182} INFO - Started process (PID=423) to work on /home/airflow/.local/lib/python3.6/site-packages/airflow/example_dags/example_bash_operator.py
[2021-06-28 15:37:05,896] {scheduler_job.py:633} INFO - Processing file /home/airflow/.local/lib/python3.6/site-packages/airflow/example_dags/example_bash_operator.py for tasks to queue
[2021-06-28 15:37:05,897] {logging_mixin.py:104} INFO - [2021-06-28 15:37:05,897] {dagbag.py:487} INFO - Filling up the DagBag from /home/airflow/.local/lib/python3.6/site-packages/airflow/example_dags/example_bash_operator.py
[2021-06-28 15:37:05,961] {scheduler_job.py:643} INFO - DAG(s) dict_keys(['example_bash_operator']) retrieved from /home/airflow/.local/lib/python3.6/site-packages/airflow/example_dags/example_bash_operator.py
[2021-06-28 15:37:06,057] {logging_mixin.py:104} INFO - [2021-06-28 15:37:06,057] {dag.py:1832} INFO - Sync 1 DAGs
[2021-06-28 15:37:06,122] {logging_mixin.py:104} INFO - [2021-06-28 15:37:06,122] {dag.py:2305} INFO - Setting next_dagrun for example_bash_operator to 2021-06-26 00:00:00+00:00
[2021-06-28 15:37:06,178] {scheduler_job.py:190} INFO - Processing /home/airflow/.local/lib/python3.6/site-packages/airflow/example_dags/example_bash_operator.py took 0.317 seconds
[2021-06-28 15:37:37,116] {scheduler_job.py:182} INFO - Started process (PID=481) to work on /home/airflow/.local/lib/python3.6/site-packages/airflow/example_dags/example_bash_operator.py
[2021-06-28 15:37:37,121] {scheduler_job.py:633} INFO - Processing file /home/airflow/.local/lib/python3.6/site-packages/airflow/example_dags/example_bash_operator.py for tasks to queue
[2021-06-28 15:37:37,131] {logging_mixin.py:104} INFO - [2021-06-28 15:37:37,130] {dagbag.py:487} INFO - Filling up the DagBag from /home/airflow/.local/lib/python3.6/site-packages/airflow/example_dags/example_bash_operator.py
[2021-06-28 15:37:37,162] {scheduler_job.py:643} INFO - DAG(s) dict_keys(['example_bash_operator']) retrieved from /home/airflow/.local/lib/python3.6/site-packages/airflow/example_dags/example_bash_operator.py
[2021-06-28 15:37:37,205] {logging_mixin.py:104} INFO - [2021-06-28 15:37:37,205] {dag.py:1832} INFO - Sync 1 DAGs
[2021-06-28 15:37:37,241] {logging_mixin.py:104} INFO - [2021-06-28 15:37:37,241] {dag.py:2305} INFO - Setting next_dagrun for example_bash_operator to 2021-06-26 00:00:00+00:00
[2021-06-28 15:37:37,260] {scheduler_job.py:190} INFO - Processing /home/airflow/.local/lib/python3.6/site-packages/airflow/example_dags/example_bash_operator.py took 0.149 seconds
[2021-06-28 15:38:07,513] {scheduler_job.py:182} INFO - Started process (PID=540) to work on /home/airflow/.local/lib/python3.6/site-packages/airflow/example_dags/example_bash_operator.py
[2021-06-28 15:38:07,515] {scheduler_job.py:633} INFO - Processing file /home/airflow/.local/lib/python3.6/site-packages/airflow/example_dags/example_bash_operator.py for tasks to queue
[2021-06-28 15:38:07,516] {logging_mixin.py:104} INFO - [2021-06-28 15:38:07,516] {dagbag.py:487} INFO - Filling up the DagBag from /home/airflow/.local/lib/python3.6/site-packages/airflow/example_dags/example_bash_operator.py
[2021-06-28 15:38:07,579] {scheduler_job.py:643} INFO - DAG(s) dict_keys(['example_bash_operator']) retrieved from /home/airflow/.local/lib/python3.6/site-packages/airflow/example_dags/example_bash_operator.py
[2021-06-28 15:38:07,627] {logging_mixin.py:104} INFO - [2021-06-28 15:38:07,627] {dag.py:1832} INFO - Sync 1 DAGs
[2021-06-28 15:38:07,666] {logging_mixin.py:104} INFO - [2021-06-28 15:38:07,666] {dag.py:2305} INFO - Setting next_dagrun for example_bash_operator to 2021-06-26 00:00:00+00:00
[2021-06-28 15:38:07,715] {scheduler_job.py:190} INFO - Processing /home/airflow/.local/lib/python3.6/site-packages/airflow/example_dags/example_bash_operator.py took 0.207 seconds
[2021-06-28 15:38:37,740] {scheduler_job.py:182} INFO - Started process (PID=622) to work on /home/airflow/.local/lib/python3.6/site-packages/airflow/example_dags/example_bash_operator.py
[2021-06-28 15:38:37,747] {scheduler_job.py:633} INFO - Processing file /home/airflow/.local/lib/python3.6/site-packages/airflow/example_dags/example_bash_operator.py for tasks to queue
[2021-06-28 15:38:37,749] {logging_mixin.py:104} INFO - [2021-06-28 15:38:37,749] {dagbag.py:487} INFO - Filling up the DagBag from /home/airflow/.local/lib/python3.6/site-packages/airflow/example_dags/example_bash_operator.py
[2021-06-28 15:38:37,788] {scheduler_job.py:643} INFO - DAG(s) dict_keys(['example_bash_operator']) retrieved from /home/airflow/.local/lib/python3.6/site-packages/airflow/example_dags/example_bash_operator.py
[2021-06-28 15:38:37,835] {logging_mixin.py:104} INFO - [2021-06-28 15:38:37,835] {dag.py:1832} INFO - Sync 1 DAGs
[2021-06-28 15:38:37,868] {logging_mixin.py:104} INFO - [2021-06-28 15:38:37,868] {dag.py:2305} INFO - Setting next_dagrun for example_bash_operator to 2021-06-26 00:00:00+00:00
[2021-06-28 15:38:37,887] {scheduler_job.py:190} INFO - Processing /home/airflow/.local/lib/python3.6/site-packages/airflow/example_dags/example_bash_operator.py took 0.152 seconds
[2021-06-28 15:39:08,420] {scheduler_job.py:182} INFO - Started process (PID=686) to work on /home/airflow/.local/lib/python3.6/site-packages/airflow/example_dags/example_bash_operator.py
[2021-06-28 15:39:08,422] {scheduler_job.py:633} INFO - Processing file /home/airflow/.local/lib/python3.6/site-packages/airflow/example_dags/example_bash_operator.py for tasks to queue
[2021-06-28 15:39:08,424] {logging_mixin.py:104} INFO - [2021-06-28 15:39:08,424] {dagbag.py:487} INFO - Filling up the DagBag from /home/airflow/.local/lib/python3.6/site-packages/airflow/example_dags/example_bash_operator.py
[2021-06-28 15:39:08,443] {scheduler_job.py:643} INFO - DAG(s) dict_keys(['example_bash_operator']) retrieved from /home/airflow/.local/lib/python3.6/site-packages/airflow/example_dags/example_bash_operator.py
[2021-06-28 15:39:08,470] {logging_mixin.py:104} INFO - [2021-06-28 15:39:08,470] {dag.py:1832} INFO - Sync 1 DAGs
[2021-06-28 15:39:08,496] {logging_mixin.py:104} INFO - [2021-06-28 15:39:08,495] {dag.py:2305} INFO - Setting next_dagrun for example_bash_operator to 2021-06-26 00:00:00+00:00
[2021-06-28 15:39:08,512] {scheduler_job.py:190} INFO - Processing /home/airflow/.local/lib/python3.6/site-packages/airflow/example_dags/example_bash_operator.py took 0.095 seconds
[2021-06-28 15:39:38,942] {scheduler_job.py:182} INFO - Started process (PID=746) to work on /home/airflow/.local/lib/python3.6/site-packages/airflow/example_dags/example_bash_operator.py
[2021-06-28 15:39:38,944] {scheduler_job.py:633} INFO - Processing file /home/airflow/.local/lib/python3.6/site-packages/airflow/example_dags/example_bash_operator.py for tasks to queue
[2021-06-28 15:39:38,945] {logging_mixin.py:104} INFO - [2021-06-28 15:39:38,945] {dagbag.py:487} INFO - Filling up the DagBag from /home/airflow/.local/lib/python3.6/site-packages/airflow/example_dags/example_bash_operator.py
[2021-06-28 15:39:38,965] {scheduler_job.py:643} INFO - DAG(s) dict_keys(['example_bash_operator']) retrieved from /home/airflow/.local/lib/python3.6/site-packages/airflow/example_dags/example_bash_operator.py
[2021-06-28 15:39:39,003] {logging_mixin.py:104} INFO - [2021-06-28 15:39:39,003] {dag.py:1832} INFO - Sync 1 DAGs
[2021-06-28 15:39:39,024] {logging_mixin.py:104} INFO - [2021-06-28 15:39:39,024] {dag.py:2305} INFO - Setting next_dagrun for example_bash_operator to 2021-06-26 00:00:00+00:00
[2021-06-28 15:39:39,049] {scheduler_job.py:190} INFO - Processing /home/airflow/.local/lib/python3.6/site-packages/airflow/example_dags/example_bash_operator.py took 0.116 seconds
[2021-06-28 15:40:09,613] {scheduler_job.py:182} INFO - Started process (PID=824) to work on /home/airflow/.local/lib/python3.6/site-packages/airflow/example_dags/example_bash_operator.py
[2021-06-28 15:40:09,614] {scheduler_job.py:633} INFO - Processing file /home/airflow/.local/lib/python3.6/site-packages/airflow/example_dags/example_bash_operator.py for tasks to queue
[2021-06-28 15:40:09,615] {logging_mixin.py:104} INFO - [2021-06-28 15:40:09,615] {dagbag.py:487} INFO - Filling up the DagBag from /home/airflow/.local/lib/python3.6/site-packages/airflow/example_dags/example_bash_operator.py
[2021-06-28 15:40:09,645] {scheduler_job.py:643} INFO - DAG(s) dict_keys(['example_bash_operator']) retrieved from /home/airflow/.local/lib/python3.6/site-packages/airflow/example_dags/example_bash_operator.py
[2021-06-28 15:40:09,703] {logging_mixin.py:104} INFO - [2021-06-28 15:40:09,703] {dag.py:1832} INFO - Sync 1 DAGs
[2021-06-28 15:40:09,731] {logging_mixin.py:104} INFO - [2021-06-28 15:40:09,730] {dag.py:2305} INFO - Setting next_dagrun for example_bash_operator to 2021-06-26 00:00:00+00:00
[2021-06-28 15:40:09,753] {scheduler_job.py:190} INFO - Processing /home/airflow/.local/lib/python3.6/site-packages/airflow/example_dags/example_bash_operator.py took 0.146 seconds
[2021-06-28 15:40:39,858] {scheduler_job.py:182} INFO - Started process (PID=887) to work on /home/airflow/.local/lib/python3.6/site-packages/airflow/example_dags/example_bash_operator.py
[2021-06-28 15:40:39,860] {scheduler_job.py:633} INFO - Processing file /home/airflow/.local/lib/python3.6/site-packages/airflow/example_dags/example_bash_operator.py for tasks to queue
[2021-06-28 15:40:39,861] {logging_mixin.py:104} INFO - [2021-06-28 15:40:39,861] {dagbag.py:487} INFO - Filling up the DagBag from /home/airflow/.local/lib/python3.6/site-packages/airflow/example_dags/example_bash_operator.py
[2021-06-28 15:40:39,877] {scheduler_job.py:643} INFO - DAG(s) dict_keys(['example_bash_operator']) retrieved from /home/airflow/.local/lib/python3.6/site-packages/airflow/example_dags/example_bash_operator.py
[2021-06-28 15:40:39,898] {logging_mixin.py:104} INFO - [2021-06-28 15:40:39,898] {dag.py:1832} INFO - Sync 1 DAGs
[2021-06-28 15:40:39,921] {logging_mixin.py:104} INFO - [2021-06-28 15:40:39,921] {dag.py:2305} INFO - Setting next_dagrun for example_bash_operator to 2021-06-26 00:00:00+00:00
[2021-06-28 15:40:39,933] {scheduler_job.py:190} INFO - Processing /home/airflow/.local/lib/python3.6/site-packages/airflow/example_dags/example_bash_operator.py took 0.078 seconds
[2021-06-28 15:41:09,994] {scheduler_job.py:182} INFO - Started process (PID=945) to work on /home/airflow/.local/lib/python3.6/site-packages/airflow/example_dags/example_bash_operator.py
[2021-06-28 15:41:09,996] {scheduler_job.py:633} INFO - Processing file /home/airflow/.local/lib/python3.6/site-packages/airflow/example_dags/example_bash_operator.py for tasks to queue
[2021-06-28 15:41:09,998] {logging_mixin.py:104} INFO - [2021-06-28 15:41:09,998] {dagbag.py:487} INFO - Filling up the DagBag from /home/airflow/.local/lib/python3.6/site-packages/airflow/example_dags/example_bash_operator.py
[2021-06-28 15:41:10,023] {scheduler_job.py:643} INFO - DAG(s) dict_keys(['example_bash_operator']) retrieved from /home/airflow/.local/lib/python3.6/site-packages/airflow/example_dags/example_bash_operator.py
[2021-06-28 15:41:10,059] {logging_mixin.py:104} INFO - [2021-06-28 15:41:10,058] {dag.py:1832} INFO - Sync 1 DAGs
[2021-06-28 15:41:10,085] {logging_mixin.py:104} INFO - [2021-06-28 15:41:10,085] {dag.py:2305} INFO - Setting next_dagrun for example_bash_operator to 2021-06-26 00:00:00+00:00
[2021-06-28 15:41:10,097] {scheduler_job.py:190} INFO - Processing /home/airflow/.local/lib/python3.6/site-packages/airflow/example_dags/example_bash_operator.py took 0.107 seconds
[2021-06-28 15:41:40,308] {scheduler_job.py:182} INFO - Started process (PID=1006) to work on /home/airflow/.local/lib/python3.6/site-packages/airflow/example_dags/example_bash_operator.py
[2021-06-28 15:41:40,317] {scheduler_job.py:633} INFO - Processing file /home/airflow/.local/lib/python3.6/site-packages/airflow/example_dags/example_bash_operator.py for tasks to queue
[2021-06-28 15:41:40,318] {logging_mixin.py:104} INFO - [2021-06-28 15:41:40,318] {dagbag.py:487} INFO - Filling up the DagBag from /home/airflow/.local/lib/python3.6/site-packages/airflow/example_dags/example_bash_operator.py
[2021-06-28 15:41:40,363] {scheduler_job.py:643} INFO - DAG(s) dict_keys(['example_bash_operator']) retrieved from /home/airflow/.local/lib/python3.6/site-packages/airflow/example_dags/example_bash_operator.py
[2021-06-28 15:41:40,416] {logging_mixin.py:104} INFO - [2021-06-28 15:41:40,415] {dag.py:1832} INFO - Sync 1 DAGs
[2021-06-28 15:41:40,486] {logging_mixin.py:104} INFO - [2021-06-28 15:41:40,486] {dag.py:2305} INFO - Setting next_dagrun for example_bash_operator to 2021-06-26 00:00:00+00:00
[2021-06-28 15:41:40,525] {scheduler_job.py:190} INFO - Processing /home/airflow/.local/lib/python3.6/site-packages/airflow/example_dags/example_bash_operator.py took 0.230 seconds
[2021-06-28 15:42:10,798] {scheduler_job.py:182} INFO - Started process (PID=1080) to work on /home/airflow/.local/lib/python3.6/site-packages/airflow/example_dags/example_bash_operator.py
[2021-06-28 15:42:10,802] {scheduler_job.py:633} INFO - Processing file /home/airflow/.local/lib/python3.6/site-packages/airflow/example_dags/example_bash_operator.py for tasks to queue
[2021-06-28 15:42:10,803] {logging_mixin.py:104} INFO - [2021-06-28 15:42:10,803] {dagbag.py:487} INFO - Filling up the DagBag from /home/airflow/.local/lib/python3.6/site-packages/airflow/example_dags/example_bash_operator.py
[2021-06-28 15:42:10,847] {scheduler_job.py:643} INFO - DAG(s) dict_keys(['example_bash_operator']) retrieved from /home/airflow/.local/lib/python3.6/site-packages/airflow/example_dags/example_bash_operator.py
[2021-06-28 15:42:10,889] {logging_mixin.py:104} INFO - [2021-06-28 15:42:10,889] {dag.py:1832} INFO - Sync 1 DAGs
[2021-06-28 15:42:10,928] {logging_mixin.py:104} INFO - [2021-06-28 15:42:10,927] {dag.py:2305} INFO - Setting next_dagrun for example_bash_operator to 2021-06-26 00:00:00+00:00
[2021-06-28 15:42:10,961] {scheduler_job.py:190} INFO - Processing /home/airflow/.local/lib/python3.6/site-packages/airflow/example_dags/example_bash_operator.py took 0.168 seconds
[2021-06-28 15:42:41,262] {scheduler_job.py:182} INFO - Started process (PID=1140) to work on /home/airflow/.local/lib/python3.6/site-packages/airflow/example_dags/example_bash_operator.py
[2021-06-28 15:42:41,263] {scheduler_job.py:633} INFO - Processing file /home/airflow/.local/lib/python3.6/site-packages/airflow/example_dags/example_bash_operator.py for tasks to queue
[2021-06-28 15:42:41,264] {logging_mixin.py:104} INFO - [2021-06-28 15:42:41,264] {dagbag.py:487} INFO - Filling up the DagBag from /home/airflow/.local/lib/python3.6/site-packages/airflow/example_dags/example_bash_operator.py
[2021-06-28 15:42:41,298] {scheduler_job.py:643} INFO - DAG(s) dict_keys(['example_bash_operator']) retrieved from /home/airflow/.local/lib/python3.6/site-packages/airflow/example_dags/example_bash_operator.py
[2021-06-28 15:42:41,361] {logging_mixin.py:104} INFO - [2021-06-28 15:42:41,361] {dag.py:1832} INFO - Sync 1 DAGs
[2021-06-28 15:42:41,403] {logging_mixin.py:104} INFO - [2021-06-28 15:42:41,403] {dag.py:2305} INFO - Setting next_dagrun for example_bash_operator to 2021-06-26 00:00:00+00:00
[2021-06-28 15:42:41,435] {scheduler_job.py:190} INFO - Processing /home/airflow/.local/lib/python3.6/site-packages/airflow/example_dags/example_bash_operator.py took 0.178 seconds
[2021-06-28 15:43:11,625] {scheduler_job.py:182} INFO - Started process (PID=1199) to work on /home/airflow/.local/lib/python3.6/site-packages/airflow/example_dags/example_bash_operator.py
[2021-06-28 15:43:11,626] {scheduler_job.py:633} INFO - Processing file /home/airflow/.local/lib/python3.6/site-packages/airflow/example_dags/example_bash_operator.py for tasks to queue
[2021-06-28 15:43:11,628] {logging_mixin.py:104} INFO - [2021-06-28 15:43:11,627] {dagbag.py:487} INFO - Filling up the DagBag from /home/airflow/.local/lib/python3.6/site-packages/airflow/example_dags/example_bash_operator.py
[2021-06-28 15:43:11,662] {scheduler_job.py:643} INFO - DAG(s) dict_keys(['example_bash_operator']) retrieved from /home/airflow/.local/lib/python3.6/site-packages/airflow/example_dags/example_bash_operator.py
[2021-06-28 15:43:11,700] {logging_mixin.py:104} INFO - [2021-06-28 15:43:11,700] {dag.py:1832} INFO - Sync 1 DAGs
[2021-06-28 15:43:11,750] {logging_mixin.py:104} INFO - [2021-06-28 15:43:11,750] {dag.py:2305} INFO - Setting next_dagrun for example_bash_operator to 2021-06-26 00:00:00+00:00
[2021-06-28 15:43:11,780] {scheduler_job.py:190} INFO - Processing /home/airflow/.local/lib/python3.6/site-packages/airflow/example_dags/example_bash_operator.py took 0.165 seconds
[2021-06-28 15:43:42,141] {scheduler_job.py:182} INFO - Started process (PID=1256) to work on /home/airflow/.local/lib/python3.6/site-packages/airflow/example_dags/example_bash_operator.py
[2021-06-28 15:43:42,143] {scheduler_job.py:633} INFO - Processing file /home/airflow/.local/lib/python3.6/site-packages/airflow/example_dags/example_bash_operator.py for tasks to queue
[2021-06-28 15:43:42,144] {logging_mixin.py:104} INFO - [2021-06-28 15:43:42,144] {dagbag.py:487} INFO - Filling up the DagBag from /home/airflow/.local/lib/python3.6/site-packages/airflow/example_dags/example_bash_operator.py
[2021-06-28 15:43:42,207] {scheduler_job.py:643} INFO - DAG(s) dict_keys(['example_bash_operator']) retrieved from /home/airflow/.local/lib/python3.6/site-packages/airflow/example_dags/example_bash_operator.py
[2021-06-28 15:43:42,259] {logging_mixin.py:104} INFO - [2021-06-28 15:43:42,259] {dag.py:1832} INFO - Sync 1 DAGs
[2021-06-28 15:43:42,328] {logging_mixin.py:104} INFO - [2021-06-28 15:43:42,328] {dag.py:2305} INFO - Setting next_dagrun for example_bash_operator to 2021-06-26 00:00:00+00:00
[2021-06-28 15:43:42,358] {scheduler_job.py:190} INFO - Processing /home/airflow/.local/lib/python3.6/site-packages/airflow/example_dags/example_bash_operator.py took 0.221 seconds
[2021-06-28 15:44:12,504] {scheduler_job.py:182} INFO - Started process (PID=1325) to work on /home/airflow/.local/lib/python3.6/site-packages/airflow/example_dags/example_bash_operator.py
[2021-06-28 15:44:12,514] {scheduler_job.py:633} INFO - Processing file /home/airflow/.local/lib/python3.6/site-packages/airflow/example_dags/example_bash_operator.py for tasks to queue
[2021-06-28 15:44:12,515] {logging_mixin.py:104} INFO - [2021-06-28 15:44:12,515] {dagbag.py:487} INFO - Filling up the DagBag from /home/airflow/.local/lib/python3.6/site-packages/airflow/example_dags/example_bash_operator.py
[2021-06-28 15:44:12,570] {scheduler_job.py:643} INFO - DAG(s) dict_keys(['example_bash_operator']) retrieved from /home/airflow/.local/lib/python3.6/site-packages/airflow/example_dags/example_bash_operator.py
[2021-06-28 15:44:12,673] {logging_mixin.py:104} INFO - [2021-06-28 15:44:12,673] {dag.py:1832} INFO - Sync 1 DAGs
[2021-06-28 15:44:12,715] {logging_mixin.py:104} INFO - [2021-06-28 15:44:12,714] {dag.py:2305} INFO - Setting next_dagrun for example_bash_operator to 2021-06-26 00:00:00+00:00
[2021-06-28 15:44:12,751] {scheduler_job.py:190} INFO - Processing /home/airflow/.local/lib/python3.6/site-packages/airflow/example_dags/example_bash_operator.py took 0.253 seconds
