[2021-06-28 15:16:10,272] {scheduler_job.py:182} INFO - Started process (PID=76) to work on /home/airflow/.local/lib/python3.6/site-packages/airflow/example_dags/example_dag_decorator.py
[2021-06-28 15:16:10,301] {scheduler_job.py:633} INFO - Processing file /home/airflow/.local/lib/python3.6/site-packages/airflow/example_dags/example_dag_decorator.py for tasks to queue
[2021-06-28 15:16:10,302] {logging_mixin.py:104} INFO - [2021-06-28 15:16:10,302] {dagbag.py:487} INFO - Filling up the DagBag from /home/airflow/.local/lib/python3.6/site-packages/airflow/example_dags/example_dag_decorator.py
[2021-06-28 15:16:10,720] {scheduler_job.py:643} INFO - DAG(s) dict_keys(['example_dag_decorator']) retrieved from /home/airflow/.local/lib/python3.6/site-packages/airflow/example_dags/example_dag_decorator.py
[2021-06-28 15:16:12,463] {logging_mixin.py:104} INFO - [2021-06-28 15:16:12,463] {dag.py:1832} INFO - Sync 1 DAGs
[2021-06-28 15:16:12,515] {logging_mixin.py:104} INFO - [2021-06-28 15:16:12,515] {dag.py:2305} INFO - Setting next_dagrun for example_dag_decorator to None
[2021-06-28 15:16:12,587] {scheduler_job.py:190} INFO - Processing /home/airflow/.local/lib/python3.6/site-packages/airflow/example_dags/example_dag_decorator.py took 2.323 seconds
[2021-06-28 15:16:42,956] {scheduler_job.py:182} INFO - Started process (PID=135) to work on /home/airflow/.local/lib/python3.6/site-packages/airflow/example_dags/example_dag_decorator.py
[2021-06-28 15:16:42,985] {scheduler_job.py:633} INFO - Processing file /home/airflow/.local/lib/python3.6/site-packages/airflow/example_dags/example_dag_decorator.py for tasks to queue
[2021-06-28 15:16:42,986] {logging_mixin.py:104} INFO - [2021-06-28 15:16:42,986] {dagbag.py:487} INFO - Filling up the DagBag from /home/airflow/.local/lib/python3.6/site-packages/airflow/example_dags/example_dag_decorator.py
[2021-06-28 15:16:43,064] {scheduler_job.py:643} INFO - DAG(s) dict_keys(['example_dag_decorator']) retrieved from /home/airflow/.local/lib/python3.6/site-packages/airflow/example_dags/example_dag_decorator.py
[2021-06-28 15:16:43,914] {logging_mixin.py:104} INFO - [2021-06-28 15:16:43,914] {dag.py:1832} INFO - Sync 1 DAGs
[2021-06-28 15:16:43,937] {logging_mixin.py:104} INFO - [2021-06-28 15:16:43,936] {dag.py:2305} INFO - Setting next_dagrun for example_dag_decorator to None
[2021-06-28 15:16:43,983] {scheduler_job.py:190} INFO - Processing /home/airflow/.local/lib/python3.6/site-packages/airflow/example_dags/example_dag_decorator.py took 1.044 seconds
[2021-06-28 15:17:14,131] {scheduler_job.py:182} INFO - Started process (PID=196) to work on /home/airflow/.local/lib/python3.6/site-packages/airflow/example_dags/example_dag_decorator.py
[2021-06-28 15:17:14,133] {scheduler_job.py:633} INFO - Processing file /home/airflow/.local/lib/python3.6/site-packages/airflow/example_dags/example_dag_decorator.py for tasks to queue
[2021-06-28 15:17:14,137] {logging_mixin.py:104} INFO - [2021-06-28 15:17:14,137] {dagbag.py:487} INFO - Filling up the DagBag from /home/airflow/.local/lib/python3.6/site-packages/airflow/example_dags/example_dag_decorator.py
[2021-06-28 15:17:14,164] {scheduler_job.py:643} INFO - DAG(s) dict_keys(['example_dag_decorator']) retrieved from /home/airflow/.local/lib/python3.6/site-packages/airflow/example_dags/example_dag_decorator.py
[2021-06-28 15:17:14,567] {logging_mixin.py:104} INFO - [2021-06-28 15:17:14,566] {dag.py:1832} INFO - Sync 1 DAGs
[2021-06-28 15:17:14,586] {logging_mixin.py:104} INFO - [2021-06-28 15:17:14,586] {dag.py:2305} INFO - Setting next_dagrun for example_dag_decorator to None
[2021-06-28 15:17:14,610] {scheduler_job.py:190} INFO - Processing /home/airflow/.local/lib/python3.6/site-packages/airflow/example_dags/example_dag_decorator.py took 0.484 seconds
[2021-06-28 15:17:44,681] {scheduler_job.py:182} INFO - Started process (PID=257) to work on /home/airflow/.local/lib/python3.6/site-packages/airflow/example_dags/example_dag_decorator.py
[2021-06-28 15:17:44,682] {scheduler_job.py:633} INFO - Processing file /home/airflow/.local/lib/python3.6/site-packages/airflow/example_dags/example_dag_decorator.py for tasks to queue
[2021-06-28 15:17:44,683] {logging_mixin.py:104} INFO - [2021-06-28 15:17:44,683] {dagbag.py:487} INFO - Filling up the DagBag from /home/airflow/.local/lib/python3.6/site-packages/airflow/example_dags/example_dag_decorator.py
[2021-06-28 15:17:44,705] {scheduler_job.py:643} INFO - DAG(s) dict_keys(['example_dag_decorator']) retrieved from /home/airflow/.local/lib/python3.6/site-packages/airflow/example_dags/example_dag_decorator.py
[2021-06-28 15:17:45,166] {logging_mixin.py:104} INFO - [2021-06-28 15:17:45,166] {dag.py:1832} INFO - Sync 1 DAGs
[2021-06-28 15:17:45,182] {logging_mixin.py:104} INFO - [2021-06-28 15:17:45,182] {dag.py:2305} INFO - Setting next_dagrun for example_dag_decorator to None
[2021-06-28 15:17:45,209] {scheduler_job.py:190} INFO - Processing /home/airflow/.local/lib/python3.6/site-packages/airflow/example_dags/example_dag_decorator.py took 0.534 seconds
[2021-06-28 15:18:16,122] {scheduler_job.py:182} INFO - Started process (PID=315) to work on /home/airflow/.local/lib/python3.6/site-packages/airflow/example_dags/example_dag_decorator.py
[2021-06-28 15:18:16,124] {scheduler_job.py:633} INFO - Processing file /home/airflow/.local/lib/python3.6/site-packages/airflow/example_dags/example_dag_decorator.py for tasks to queue
[2021-06-28 15:18:16,124] {logging_mixin.py:104} INFO - [2021-06-28 15:18:16,124] {dagbag.py:487} INFO - Filling up the DagBag from /home/airflow/.local/lib/python3.6/site-packages/airflow/example_dags/example_dag_decorator.py
[2021-06-28 15:18:16,147] {scheduler_job.py:643} INFO - DAG(s) dict_keys(['example_dag_decorator']) retrieved from /home/airflow/.local/lib/python3.6/site-packages/airflow/example_dags/example_dag_decorator.py
[2021-06-28 15:18:16,554] {logging_mixin.py:104} INFO - [2021-06-28 15:18:16,554] {dag.py:1832} INFO - Sync 1 DAGs
[2021-06-28 15:18:16,575] {logging_mixin.py:104} INFO - [2021-06-28 15:18:16,575] {dag.py:2305} INFO - Setting next_dagrun for example_dag_decorator to None
[2021-06-28 15:18:16,595] {scheduler_job.py:190} INFO - Processing /home/airflow/.local/lib/python3.6/site-packages/airflow/example_dags/example_dag_decorator.py took 0.476 seconds
[2021-06-28 15:18:46,912] {scheduler_job.py:182} INFO - Started process (PID=389) to work on /home/airflow/.local/lib/python3.6/site-packages/airflow/example_dags/example_dag_decorator.py
[2021-06-28 15:18:46,914] {scheduler_job.py:633} INFO - Processing file /home/airflow/.local/lib/python3.6/site-packages/airflow/example_dags/example_dag_decorator.py for tasks to queue
[2021-06-28 15:18:46,915] {logging_mixin.py:104} INFO - [2021-06-28 15:18:46,915] {dagbag.py:487} INFO - Filling up the DagBag from /home/airflow/.local/lib/python3.6/site-packages/airflow/example_dags/example_dag_decorator.py
[2021-06-28 15:18:46,990] {scheduler_job.py:643} INFO - DAG(s) dict_keys(['example_dag_decorator']) retrieved from /home/airflow/.local/lib/python3.6/site-packages/airflow/example_dags/example_dag_decorator.py
[2021-06-28 15:18:48,051] {logging_mixin.py:104} INFO - [2021-06-28 15:18:48,051] {dag.py:1832} INFO - Sync 1 DAGs
[2021-06-28 15:18:48,111] {logging_mixin.py:104} INFO - [2021-06-28 15:18:48,111] {dag.py:2305} INFO - Setting next_dagrun for example_dag_decorator to None
[2021-06-28 15:18:48,180] {scheduler_job.py:190} INFO - Processing /home/airflow/.local/lib/python3.6/site-packages/airflow/example_dags/example_dag_decorator.py took 1.283 seconds
[2021-06-28 15:19:18,841] {scheduler_job.py:182} INFO - Started process (PID=449) to work on /home/airflow/.local/lib/python3.6/site-packages/airflow/example_dags/example_dag_decorator.py
[2021-06-28 15:19:18,843] {scheduler_job.py:633} INFO - Processing file /home/airflow/.local/lib/python3.6/site-packages/airflow/example_dags/example_dag_decorator.py for tasks to queue
[2021-06-28 15:19:18,844] {logging_mixin.py:104} INFO - [2021-06-28 15:19:18,844] {dagbag.py:487} INFO - Filling up the DagBag from /home/airflow/.local/lib/python3.6/site-packages/airflow/example_dags/example_dag_decorator.py
[2021-06-28 15:19:18,999] {scheduler_job.py:643} INFO - DAG(s) dict_keys(['example_dag_decorator']) retrieved from /home/airflow/.local/lib/python3.6/site-packages/airflow/example_dags/example_dag_decorator.py
[2021-06-28 15:19:20,473] {logging_mixin.py:104} INFO - [2021-06-28 15:19:20,473] {dag.py:1832} INFO - Sync 1 DAGs
[2021-06-28 15:19:20,535] {logging_mixin.py:104} INFO - [2021-06-28 15:19:20,535] {dag.py:2305} INFO - Setting next_dagrun for example_dag_decorator to None
[2021-06-28 15:19:20,590] {scheduler_job.py:190} INFO - Processing /home/airflow/.local/lib/python3.6/site-packages/airflow/example_dags/example_dag_decorator.py took 1.765 seconds
[2021-06-28 15:19:51,168] {scheduler_job.py:182} INFO - Started process (PID=513) to work on /home/airflow/.local/lib/python3.6/site-packages/airflow/example_dags/example_dag_decorator.py
[2021-06-28 15:19:51,171] {scheduler_job.py:633} INFO - Processing file /home/airflow/.local/lib/python3.6/site-packages/airflow/example_dags/example_dag_decorator.py for tasks to queue
[2021-06-28 15:19:51,183] {logging_mixin.py:104} INFO - [2021-06-28 15:19:51,182] {dagbag.py:487} INFO - Filling up the DagBag from /home/airflow/.local/lib/python3.6/site-packages/airflow/example_dags/example_dag_decorator.py
[2021-06-28 15:19:51,240] {scheduler_job.py:643} INFO - DAG(s) dict_keys(['example_dag_decorator']) retrieved from /home/airflow/.local/lib/python3.6/site-packages/airflow/example_dags/example_dag_decorator.py
[2021-06-28 15:19:52,459] {logging_mixin.py:104} INFO - [2021-06-28 15:19:52,459] {dag.py:1832} INFO - Sync 1 DAGs
[2021-06-28 15:19:52,507] {logging_mixin.py:104} INFO - [2021-06-28 15:19:52,507] {dag.py:2305} INFO - Setting next_dagrun for example_dag_decorator to None
[2021-06-28 15:19:52,533] {scheduler_job.py:190} INFO - Processing /home/airflow/.local/lib/python3.6/site-packages/airflow/example_dags/example_dag_decorator.py took 1.372 seconds
[2021-06-28 15:20:23,095] {scheduler_job.py:182} INFO - Started process (PID=576) to work on /home/airflow/.local/lib/python3.6/site-packages/airflow/example_dags/example_dag_decorator.py
[2021-06-28 15:20:23,106] {scheduler_job.py:633} INFO - Processing file /home/airflow/.local/lib/python3.6/site-packages/airflow/example_dags/example_dag_decorator.py for tasks to queue
[2021-06-28 15:20:23,107] {logging_mixin.py:104} INFO - [2021-06-28 15:20:23,106] {dagbag.py:487} INFO - Filling up the DagBag from /home/airflow/.local/lib/python3.6/site-packages/airflow/example_dags/example_dag_decorator.py
[2021-06-28 15:20:23,197] {scheduler_job.py:643} INFO - DAG(s) dict_keys(['example_dag_decorator']) retrieved from /home/airflow/.local/lib/python3.6/site-packages/airflow/example_dags/example_dag_decorator.py
[2021-06-28 15:20:24,044] {logging_mixin.py:104} INFO - [2021-06-28 15:20:24,044] {dag.py:1832} INFO - Sync 1 DAGs
[2021-06-28 15:20:24,068] {logging_mixin.py:104} INFO - [2021-06-28 15:20:24,067] {dag.py:2305} INFO - Setting next_dagrun for example_dag_decorator to None
[2021-06-28 15:20:24,114] {scheduler_job.py:190} INFO - Processing /home/airflow/.local/lib/python3.6/site-packages/airflow/example_dags/example_dag_decorator.py took 1.051 seconds
[2021-06-28 15:20:54,548] {scheduler_job.py:182} INFO - Started process (PID=635) to work on /home/airflow/.local/lib/python3.6/site-packages/airflow/example_dags/example_dag_decorator.py
[2021-06-28 15:20:54,550] {scheduler_job.py:633} INFO - Processing file /home/airflow/.local/lib/python3.6/site-packages/airflow/example_dags/example_dag_decorator.py for tasks to queue
[2021-06-28 15:20:54,551] {logging_mixin.py:104} INFO - [2021-06-28 15:20:54,551] {dagbag.py:487} INFO - Filling up the DagBag from /home/airflow/.local/lib/python3.6/site-packages/airflow/example_dags/example_dag_decorator.py
[2021-06-28 15:20:54,584] {scheduler_job.py:643} INFO - DAG(s) dict_keys(['example_dag_decorator']) retrieved from /home/airflow/.local/lib/python3.6/site-packages/airflow/example_dags/example_dag_decorator.py
[2021-06-28 15:20:55,056] {logging_mixin.py:104} INFO - [2021-06-28 15:20:55,056] {dag.py:1832} INFO - Sync 1 DAGs
[2021-06-28 15:20:55,074] {logging_mixin.py:104} INFO - [2021-06-28 15:20:55,074] {dag.py:2305} INFO - Setting next_dagrun for example_dag_decorator to None
[2021-06-28 15:20:55,095] {scheduler_job.py:190} INFO - Processing /home/airflow/.local/lib/python3.6/site-packages/airflow/example_dags/example_dag_decorator.py took 0.552 seconds
[2021-06-28 15:21:25,930] {scheduler_job.py:182} INFO - Started process (PID=705) to work on /home/airflow/.local/lib/python3.6/site-packages/airflow/example_dags/example_dag_decorator.py
[2021-06-28 15:21:25,932] {scheduler_job.py:633} INFO - Processing file /home/airflow/.local/lib/python3.6/site-packages/airflow/example_dags/example_dag_decorator.py for tasks to queue
[2021-06-28 15:21:25,934] {logging_mixin.py:104} INFO - [2021-06-28 15:21:25,933] {dagbag.py:487} INFO - Filling up the DagBag from /home/airflow/.local/lib/python3.6/site-packages/airflow/example_dags/example_dag_decorator.py
[2021-06-28 15:21:25,971] {scheduler_job.py:643} INFO - DAG(s) dict_keys(['example_dag_decorator']) retrieved from /home/airflow/.local/lib/python3.6/site-packages/airflow/example_dags/example_dag_decorator.py
[2021-06-28 15:21:26,376] {logging_mixin.py:104} INFO - [2021-06-28 15:21:26,376] {dag.py:1832} INFO - Sync 1 DAGs
[2021-06-28 15:21:26,396] {logging_mixin.py:104} INFO - [2021-06-28 15:21:26,396] {dag.py:2305} INFO - Setting next_dagrun for example_dag_decorator to None
[2021-06-28 15:21:26,413] {scheduler_job.py:190} INFO - Processing /home/airflow/.local/lib/python3.6/site-packages/airflow/example_dags/example_dag_decorator.py took 0.488 seconds
[2021-06-28 15:21:56,653] {scheduler_job.py:182} INFO - Started process (PID=766) to work on /home/airflow/.local/lib/python3.6/site-packages/airflow/example_dags/example_dag_decorator.py
[2021-06-28 15:21:56,654] {scheduler_job.py:633} INFO - Processing file /home/airflow/.local/lib/python3.6/site-packages/airflow/example_dags/example_dag_decorator.py for tasks to queue
[2021-06-28 15:21:56,655] {logging_mixin.py:104} INFO - [2021-06-28 15:21:56,655] {dagbag.py:487} INFO - Filling up the DagBag from /home/airflow/.local/lib/python3.6/site-packages/airflow/example_dags/example_dag_decorator.py
[2021-06-28 15:21:56,709] {scheduler_job.py:643} INFO - DAG(s) dict_keys(['example_dag_decorator']) retrieved from /home/airflow/.local/lib/python3.6/site-packages/airflow/example_dags/example_dag_decorator.py
[2021-06-28 15:21:57,462] {logging_mixin.py:104} INFO - [2021-06-28 15:21:57,462] {dag.py:1832} INFO - Sync 1 DAGs
[2021-06-28 15:21:57,499] {logging_mixin.py:104} INFO - [2021-06-28 15:21:57,499] {dag.py:2305} INFO - Setting next_dagrun for example_dag_decorator to None
[2021-06-28 15:21:57,528] {scheduler_job.py:190} INFO - Processing /home/airflow/.local/lib/python3.6/site-packages/airflow/example_dags/example_dag_decorator.py took 0.881 seconds
[2021-06-28 15:22:28,396] {scheduler_job.py:182} INFO - Started process (PID=828) to work on /home/airflow/.local/lib/python3.6/site-packages/airflow/example_dags/example_dag_decorator.py
[2021-06-28 15:22:28,397] {scheduler_job.py:633} INFO - Processing file /home/airflow/.local/lib/python3.6/site-packages/airflow/example_dags/example_dag_decorator.py for tasks to queue
[2021-06-28 15:22:28,398] {logging_mixin.py:104} INFO - [2021-06-28 15:22:28,398] {dagbag.py:487} INFO - Filling up the DagBag from /home/airflow/.local/lib/python3.6/site-packages/airflow/example_dags/example_dag_decorator.py
[2021-06-28 15:22:28,439] {scheduler_job.py:643} INFO - DAG(s) dict_keys(['example_dag_decorator']) retrieved from /home/airflow/.local/lib/python3.6/site-packages/airflow/example_dags/example_dag_decorator.py
[2021-06-28 15:22:28,886] {logging_mixin.py:104} INFO - [2021-06-28 15:22:28,886] {dag.py:1832} INFO - Sync 1 DAGs
[2021-06-28 15:22:28,905] {logging_mixin.py:104} INFO - [2021-06-28 15:22:28,905] {dag.py:2305} INFO - Setting next_dagrun for example_dag_decorator to None
[2021-06-28 15:22:28,921] {scheduler_job.py:190} INFO - Processing /home/airflow/.local/lib/python3.6/site-packages/airflow/example_dags/example_dag_decorator.py took 0.531 seconds
[2021-06-28 15:22:59,784] {scheduler_job.py:182} INFO - Started process (PID=887) to work on /home/airflow/.local/lib/python3.6/site-packages/airflow/example_dags/example_dag_decorator.py
[2021-06-28 15:22:59,786] {scheduler_job.py:633} INFO - Processing file /home/airflow/.local/lib/python3.6/site-packages/airflow/example_dags/example_dag_decorator.py for tasks to queue
[2021-06-28 15:22:59,787] {logging_mixin.py:104} INFO - [2021-06-28 15:22:59,787] {dagbag.py:487} INFO - Filling up the DagBag from /home/airflow/.local/lib/python3.6/site-packages/airflow/example_dags/example_dag_decorator.py
[2021-06-28 15:22:59,823] {scheduler_job.py:643} INFO - DAG(s) dict_keys(['example_dag_decorator']) retrieved from /home/airflow/.local/lib/python3.6/site-packages/airflow/example_dags/example_dag_decorator.py
[2021-06-28 15:22:59,872] {logging_mixin.py:104} INFO - [2021-06-28 15:22:59,872] {dag.py:1832} INFO - Sync 1 DAGs
[2021-06-28 15:22:59,904] {logging_mixin.py:104} INFO - [2021-06-28 15:22:59,904] {dag.py:2305} INFO - Setting next_dagrun for example_dag_decorator to None
[2021-06-28 15:22:59,920] {scheduler_job.py:190} INFO - Processing /home/airflow/.local/lib/python3.6/site-packages/airflow/example_dags/example_dag_decorator.py took 0.142 seconds
[2021-06-28 15:23:30,030] {scheduler_job.py:182} INFO - Started process (PID=946) to work on /home/airflow/.local/lib/python3.6/site-packages/airflow/example_dags/example_dag_decorator.py
[2021-06-28 15:23:30,032] {scheduler_job.py:633} INFO - Processing file /home/airflow/.local/lib/python3.6/site-packages/airflow/example_dags/example_dag_decorator.py for tasks to queue
[2021-06-28 15:23:30,033] {logging_mixin.py:104} INFO - [2021-06-28 15:23:30,033] {dagbag.py:487} INFO - Filling up the DagBag from /home/airflow/.local/lib/python3.6/site-packages/airflow/example_dags/example_dag_decorator.py
[2021-06-28 15:23:30,094] {scheduler_job.py:643} INFO - DAG(s) dict_keys(['example_dag_decorator']) retrieved from /home/airflow/.local/lib/python3.6/site-packages/airflow/example_dags/example_dag_decorator.py
[2021-06-28 15:23:30,653] {logging_mixin.py:104} INFO - [2021-06-28 15:23:30,653] {dag.py:1832} INFO - Sync 1 DAGs
[2021-06-28 15:23:30,680] {logging_mixin.py:104} INFO - [2021-06-28 15:23:30,680] {dag.py:2305} INFO - Setting next_dagrun for example_dag_decorator to None
[2021-06-28 15:23:30,709] {scheduler_job.py:190} INFO - Processing /home/airflow/.local/lib/python3.6/site-packages/airflow/example_dags/example_dag_decorator.py took 0.685 seconds
[2021-06-28 15:24:00,901] {scheduler_job.py:182} INFO - Started process (PID=1005) to work on /home/airflow/.local/lib/python3.6/site-packages/airflow/example_dags/example_dag_decorator.py
[2021-06-28 15:24:00,906] {scheduler_job.py:633} INFO - Processing file /home/airflow/.local/lib/python3.6/site-packages/airflow/example_dags/example_dag_decorator.py for tasks to queue
[2021-06-28 15:24:00,909] {logging_mixin.py:104} INFO - [2021-06-28 15:24:00,907] {dagbag.py:487} INFO - Filling up the DagBag from /home/airflow/.local/lib/python3.6/site-packages/airflow/example_dags/example_dag_decorator.py
[2021-06-28 15:24:00,962] {scheduler_job.py:643} INFO - DAG(s) dict_keys(['example_dag_decorator']) retrieved from /home/airflow/.local/lib/python3.6/site-packages/airflow/example_dags/example_dag_decorator.py
[2021-06-28 15:24:00,988] {logging_mixin.py:104} INFO - [2021-06-28 15:24:00,988] {dag.py:1832} INFO - Sync 1 DAGs
[2021-06-28 15:24:01,013] {logging_mixin.py:104} INFO - [2021-06-28 15:24:01,013] {dag.py:2305} INFO - Setting next_dagrun for example_dag_decorator to None
[2021-06-28 15:24:01,028] {scheduler_job.py:190} INFO - Processing /home/airflow/.local/lib/python3.6/site-packages/airflow/example_dags/example_dag_decorator.py took 0.132 seconds
[2021-06-28 15:24:31,352] {scheduler_job.py:182} INFO - Started process (PID=1073) to work on /home/airflow/.local/lib/python3.6/site-packages/airflow/example_dags/example_dag_decorator.py
[2021-06-28 15:24:31,353] {scheduler_job.py:633} INFO - Processing file /home/airflow/.local/lib/python3.6/site-packages/airflow/example_dags/example_dag_decorator.py for tasks to queue
[2021-06-28 15:24:31,354] {logging_mixin.py:104} INFO - [2021-06-28 15:24:31,354] {dagbag.py:487} INFO - Filling up the DagBag from /home/airflow/.local/lib/python3.6/site-packages/airflow/example_dags/example_dag_decorator.py
[2021-06-28 15:24:31,383] {scheduler_job.py:643} INFO - DAG(s) dict_keys(['example_dag_decorator']) retrieved from /home/airflow/.local/lib/python3.6/site-packages/airflow/example_dags/example_dag_decorator.py
[2021-06-28 15:24:31,831] {logging_mixin.py:104} INFO - [2021-06-28 15:24:31,830] {dag.py:1832} INFO - Sync 1 DAGs
[2021-06-28 15:24:31,851] {logging_mixin.py:104} INFO - [2021-06-28 15:24:31,851] {dag.py:2305} INFO - Setting next_dagrun for example_dag_decorator to None
[2021-06-28 15:24:31,878] {scheduler_job.py:190} INFO - Processing /home/airflow/.local/lib/python3.6/site-packages/airflow/example_dags/example_dag_decorator.py took 0.532 seconds
[2021-06-28 15:25:02,178] {scheduler_job.py:182} INFO - Started process (PID=1138) to work on /home/airflow/.local/lib/python3.6/site-packages/airflow/example_dags/example_dag_decorator.py
[2021-06-28 15:25:02,180] {scheduler_job.py:633} INFO - Processing file /home/airflow/.local/lib/python3.6/site-packages/airflow/example_dags/example_dag_decorator.py for tasks to queue
[2021-06-28 15:25:02,181] {logging_mixin.py:104} INFO - [2021-06-28 15:25:02,180] {dagbag.py:487} INFO - Filling up the DagBag from /home/airflow/.local/lib/python3.6/site-packages/airflow/example_dags/example_dag_decorator.py
[2021-06-28 15:25:02,204] {scheduler_job.py:643} INFO - DAG(s) dict_keys(['example_dag_decorator']) retrieved from /home/airflow/.local/lib/python3.6/site-packages/airflow/example_dags/example_dag_decorator.py
[2021-06-28 15:25:02,606] {logging_mixin.py:104} INFO - [2021-06-28 15:25:02,606] {dag.py:1832} INFO - Sync 1 DAGs
[2021-06-28 15:25:02,622] {logging_mixin.py:104} INFO - [2021-06-28 15:25:02,622] {dag.py:2305} INFO - Setting next_dagrun for example_dag_decorator to None
[2021-06-28 15:25:02,651] {scheduler_job.py:190} INFO - Processing /home/airflow/.local/lib/python3.6/site-packages/airflow/example_dags/example_dag_decorator.py took 0.477 seconds
[2021-06-28 15:25:32,866] {scheduler_job.py:182} INFO - Started process (PID=1200) to work on /home/airflow/.local/lib/python3.6/site-packages/airflow/example_dags/example_dag_decorator.py
[2021-06-28 15:25:32,868] {scheduler_job.py:633} INFO - Processing file /home/airflow/.local/lib/python3.6/site-packages/airflow/example_dags/example_dag_decorator.py for tasks to queue
[2021-06-28 15:25:32,868] {logging_mixin.py:104} INFO - [2021-06-28 15:25:32,868] {dagbag.py:487} INFO - Filling up the DagBag from /home/airflow/.local/lib/python3.6/site-packages/airflow/example_dags/example_dag_decorator.py
[2021-06-28 15:25:32,898] {scheduler_job.py:643} INFO - DAG(s) dict_keys(['example_dag_decorator']) retrieved from /home/airflow/.local/lib/python3.6/site-packages/airflow/example_dags/example_dag_decorator.py
[2021-06-28 15:25:32,931] {logging_mixin.py:104} INFO - [2021-06-28 15:25:32,930] {dag.py:1832} INFO - Sync 1 DAGs
[2021-06-28 15:25:32,955] {logging_mixin.py:104} INFO - [2021-06-28 15:25:32,955] {dag.py:2305} INFO - Setting next_dagrun for example_dag_decorator to None
[2021-06-28 15:25:32,977] {scheduler_job.py:190} INFO - Processing /home/airflow/.local/lib/python3.6/site-packages/airflow/example_dags/example_dag_decorator.py took 0.115 seconds
[2021-06-28 15:26:03,345] {scheduler_job.py:182} INFO - Started process (PID=1259) to work on /home/airflow/.local/lib/python3.6/site-packages/airflow/example_dags/example_dag_decorator.py
[2021-06-28 15:26:03,349] {scheduler_job.py:633} INFO - Processing file /home/airflow/.local/lib/python3.6/site-packages/airflow/example_dags/example_dag_decorator.py for tasks to queue
[2021-06-28 15:26:03,350] {logging_mixin.py:104} INFO - [2021-06-28 15:26:03,349] {dagbag.py:487} INFO - Filling up the DagBag from /home/airflow/.local/lib/python3.6/site-packages/airflow/example_dags/example_dag_decorator.py
[2021-06-28 15:26:03,393] {scheduler_job.py:643} INFO - DAG(s) dict_keys(['example_dag_decorator']) retrieved from /home/airflow/.local/lib/python3.6/site-packages/airflow/example_dags/example_dag_decorator.py
[2021-06-28 15:26:03,933] {logging_mixin.py:104} INFO - [2021-06-28 15:26:03,933] {dag.py:1832} INFO - Sync 1 DAGs
[2021-06-28 15:26:03,952] {logging_mixin.py:104} INFO - [2021-06-28 15:26:03,952] {dag.py:2305} INFO - Setting next_dagrun for example_dag_decorator to None
[2021-06-28 15:26:03,980] {scheduler_job.py:190} INFO - Processing /home/airflow/.local/lib/python3.6/site-packages/airflow/example_dags/example_dag_decorator.py took 0.639 seconds
[2021-06-28 15:26:35,000] {scheduler_job.py:182} INFO - Started process (PID=1320) to work on /home/airflow/.local/lib/python3.6/site-packages/airflow/example_dags/example_dag_decorator.py
[2021-06-28 15:26:35,002] {scheduler_job.py:633} INFO - Processing file /home/airflow/.local/lib/python3.6/site-packages/airflow/example_dags/example_dag_decorator.py for tasks to queue
[2021-06-28 15:26:35,003] {logging_mixin.py:104} INFO - [2021-06-28 15:26:35,003] {dagbag.py:487} INFO - Filling up the DagBag from /home/airflow/.local/lib/python3.6/site-packages/airflow/example_dags/example_dag_decorator.py
[2021-06-28 15:26:35,034] {scheduler_job.py:643} INFO - DAG(s) dict_keys(['example_dag_decorator']) retrieved from /home/airflow/.local/lib/python3.6/site-packages/airflow/example_dags/example_dag_decorator.py
[2021-06-28 15:26:35,498] {logging_mixin.py:104} INFO - [2021-06-28 15:26:35,498] {dag.py:1832} INFO - Sync 1 DAGs
[2021-06-28 15:26:35,520] {logging_mixin.py:104} INFO - [2021-06-28 15:26:35,519] {dag.py:2305} INFO - Setting next_dagrun for example_dag_decorator to None
[2021-06-28 15:26:35,537] {scheduler_job.py:190} INFO - Processing /home/airflow/.local/lib/python3.6/site-packages/airflow/example_dags/example_dag_decorator.py took 0.541 seconds
[2021-06-28 15:27:05,697] {scheduler_job.py:182} INFO - Started process (PID=1391) to work on /home/airflow/.local/lib/python3.6/site-packages/airflow/example_dags/example_dag_decorator.py
[2021-06-28 15:27:05,699] {scheduler_job.py:633} INFO - Processing file /home/airflow/.local/lib/python3.6/site-packages/airflow/example_dags/example_dag_decorator.py for tasks to queue
[2021-06-28 15:27:05,709] {logging_mixin.py:104} INFO - [2021-06-28 15:27:05,700] {dagbag.py:487} INFO - Filling up the DagBag from /home/airflow/.local/lib/python3.6/site-packages/airflow/example_dags/example_dag_decorator.py
[2021-06-28 15:27:05,748] {scheduler_job.py:643} INFO - DAG(s) dict_keys(['example_dag_decorator']) retrieved from /home/airflow/.local/lib/python3.6/site-packages/airflow/example_dags/example_dag_decorator.py
[2021-06-28 15:27:06,404] {logging_mixin.py:104} INFO - [2021-06-28 15:27:06,404] {dag.py:1832} INFO - Sync 1 DAGs
[2021-06-28 15:27:06,430] {logging_mixin.py:104} INFO - [2021-06-28 15:27:06,430] {dag.py:2305} INFO - Setting next_dagrun for example_dag_decorator to None
[2021-06-28 15:27:06,449] {scheduler_job.py:190} INFO - Processing /home/airflow/.local/lib/python3.6/site-packages/airflow/example_dags/example_dag_decorator.py took 0.758 seconds
[2021-06-28 15:27:36,503] {scheduler_job.py:182} INFO - Started process (PID=1455) to work on /home/airflow/.local/lib/python3.6/site-packages/airflow/example_dags/example_dag_decorator.py
[2021-06-28 15:27:36,505] {scheduler_job.py:633} INFO - Processing file /home/airflow/.local/lib/python3.6/site-packages/airflow/example_dags/example_dag_decorator.py for tasks to queue
[2021-06-28 15:27:36,506] {logging_mixin.py:104} INFO - [2021-06-28 15:27:36,505] {dagbag.py:487} INFO - Filling up the DagBag from /home/airflow/.local/lib/python3.6/site-packages/airflow/example_dags/example_dag_decorator.py
[2021-06-28 15:27:36,532] {scheduler_job.py:643} INFO - DAG(s) dict_keys(['example_dag_decorator']) retrieved from /home/airflow/.local/lib/python3.6/site-packages/airflow/example_dags/example_dag_decorator.py
[2021-06-28 15:27:36,559] {logging_mixin.py:104} INFO - [2021-06-28 15:27:36,558] {dag.py:1832} INFO - Sync 1 DAGs
[2021-06-28 15:27:36,580] {logging_mixin.py:104} INFO - [2021-06-28 15:27:36,580] {dag.py:2305} INFO - Setting next_dagrun for example_dag_decorator to None
[2021-06-28 15:27:36,599] {scheduler_job.py:190} INFO - Processing /home/airflow/.local/lib/python3.6/site-packages/airflow/example_dags/example_dag_decorator.py took 0.100 seconds
[2021-06-28 15:28:07,020] {scheduler_job.py:182} INFO - Started process (PID=1516) to work on /home/airflow/.local/lib/python3.6/site-packages/airflow/example_dags/example_dag_decorator.py
[2021-06-28 15:28:07,022] {scheduler_job.py:633} INFO - Processing file /home/airflow/.local/lib/python3.6/site-packages/airflow/example_dags/example_dag_decorator.py for tasks to queue
[2021-06-28 15:28:07,023] {logging_mixin.py:104} INFO - [2021-06-28 15:28:07,023] {dagbag.py:487} INFO - Filling up the DagBag from /home/airflow/.local/lib/python3.6/site-packages/airflow/example_dags/example_dag_decorator.py
[2021-06-28 15:28:07,097] {scheduler_job.py:643} INFO - DAG(s) dict_keys(['example_dag_decorator']) retrieved from /home/airflow/.local/lib/python3.6/site-packages/airflow/example_dags/example_dag_decorator.py
[2021-06-28 15:28:07,838] {logging_mixin.py:104} INFO - [2021-06-28 15:28:07,838] {dag.py:1832} INFO - Sync 1 DAGs
[2021-06-28 15:28:07,887] {logging_mixin.py:104} INFO - [2021-06-28 15:28:07,886] {dag.py:2305} INFO - Setting next_dagrun for example_dag_decorator to None
[2021-06-28 15:28:07,937] {scheduler_job.py:190} INFO - Processing /home/airflow/.local/lib/python3.6/site-packages/airflow/example_dags/example_dag_decorator.py took 0.941 seconds
[2021-06-28 15:28:38,821] {scheduler_job.py:182} INFO - Started process (PID=1576) to work on /home/airflow/.local/lib/python3.6/site-packages/airflow/example_dags/example_dag_decorator.py
[2021-06-28 15:28:38,833] {scheduler_job.py:633} INFO - Processing file /home/airflow/.local/lib/python3.6/site-packages/airflow/example_dags/example_dag_decorator.py for tasks to queue
[2021-06-28 15:28:38,835] {logging_mixin.py:104} INFO - [2021-06-28 15:28:38,834] {dagbag.py:487} INFO - Filling up the DagBag from /home/airflow/.local/lib/python3.6/site-packages/airflow/example_dags/example_dag_decorator.py
[2021-06-28 15:28:38,889] {scheduler_job.py:643} INFO - DAG(s) dict_keys(['example_dag_decorator']) retrieved from /home/airflow/.local/lib/python3.6/site-packages/airflow/example_dags/example_dag_decorator.py
[2021-06-28 15:28:38,982] {logging_mixin.py:104} INFO - [2021-06-28 15:28:38,981] {dag.py:1832} INFO - Sync 1 DAGs
[2021-06-28 15:28:39,030] {logging_mixin.py:104} INFO - [2021-06-28 15:28:39,030] {dag.py:2305} INFO - Setting next_dagrun for example_dag_decorator to None
[2021-06-28 15:28:39,067] {scheduler_job.py:190} INFO - Processing /home/airflow/.local/lib/python3.6/site-packages/airflow/example_dags/example_dag_decorator.py took 0.251 seconds
[2021-06-28 15:29:09,157] {scheduler_job.py:182} INFO - Started process (PID=1636) to work on /home/airflow/.local/lib/python3.6/site-packages/airflow/example_dags/example_dag_decorator.py
[2021-06-28 15:29:09,158] {scheduler_job.py:633} INFO - Processing file /home/airflow/.local/lib/python3.6/site-packages/airflow/example_dags/example_dag_decorator.py for tasks to queue
[2021-06-28 15:29:09,160] {logging_mixin.py:104} INFO - [2021-06-28 15:29:09,159] {dagbag.py:487} INFO - Filling up the DagBag from /home/airflow/.local/lib/python3.6/site-packages/airflow/example_dags/example_dag_decorator.py
[2021-06-28 15:29:09,294] {scheduler_job.py:643} INFO - DAG(s) dict_keys(['example_dag_decorator']) retrieved from /home/airflow/.local/lib/python3.6/site-packages/airflow/example_dags/example_dag_decorator.py
[2021-06-28 15:29:10,023] {logging_mixin.py:104} INFO - [2021-06-28 15:29:10,023] {dag.py:1832} INFO - Sync 1 DAGs
[2021-06-28 15:29:10,049] {logging_mixin.py:104} INFO - [2021-06-28 15:29:10,049] {dag.py:2305} INFO - Setting next_dagrun for example_dag_decorator to None
[2021-06-28 15:29:10,102] {scheduler_job.py:190} INFO - Processing /home/airflow/.local/lib/python3.6/site-packages/airflow/example_dags/example_dag_decorator.py took 0.951 seconds
[2021-06-28 15:29:40,615] {scheduler_job.py:182} INFO - Started process (PID=1711) to work on /home/airflow/.local/lib/python3.6/site-packages/airflow/example_dags/example_dag_decorator.py
[2021-06-28 15:29:40,628] {scheduler_job.py:633} INFO - Processing file /home/airflow/.local/lib/python3.6/site-packages/airflow/example_dags/example_dag_decorator.py for tasks to queue
[2021-06-28 15:29:40,629] {logging_mixin.py:104} INFO - [2021-06-28 15:29:40,629] {dagbag.py:487} INFO - Filling up the DagBag from /home/airflow/.local/lib/python3.6/site-packages/airflow/example_dags/example_dag_decorator.py
[2021-06-28 15:29:40,739] {scheduler_job.py:643} INFO - DAG(s) dict_keys(['example_dag_decorator']) retrieved from /home/airflow/.local/lib/python3.6/site-packages/airflow/example_dags/example_dag_decorator.py
[2021-06-28 15:29:41,446] {logging_mixin.py:104} INFO - [2021-06-28 15:29:41,446] {dag.py:1832} INFO - Sync 1 DAGs
[2021-06-28 15:29:41,469] {logging_mixin.py:104} INFO - [2021-06-28 15:29:41,469] {dag.py:2305} INFO - Setting next_dagrun for example_dag_decorator to None
[2021-06-28 15:29:41,514] {scheduler_job.py:190} INFO - Processing /home/airflow/.local/lib/python3.6/site-packages/airflow/example_dags/example_dag_decorator.py took 0.972 seconds
[2021-06-28 15:30:11,574] {scheduler_job.py:182} INFO - Started process (PID=1770) to work on /home/airflow/.local/lib/python3.6/site-packages/airflow/example_dags/example_dag_decorator.py
[2021-06-28 15:30:11,575] {scheduler_job.py:633} INFO - Processing file /home/airflow/.local/lib/python3.6/site-packages/airflow/example_dags/example_dag_decorator.py for tasks to queue
[2021-06-28 15:30:11,576] {logging_mixin.py:104} INFO - [2021-06-28 15:30:11,576] {dagbag.py:487} INFO - Filling up the DagBag from /home/airflow/.local/lib/python3.6/site-packages/airflow/example_dags/example_dag_decorator.py
[2021-06-28 15:30:11,613] {scheduler_job.py:643} INFO - DAG(s) dict_keys(['example_dag_decorator']) retrieved from /home/airflow/.local/lib/python3.6/site-packages/airflow/example_dags/example_dag_decorator.py
[2021-06-28 15:30:12,325] {logging_mixin.py:104} INFO - [2021-06-28 15:30:12,325] {dag.py:1832} INFO - Sync 1 DAGs
[2021-06-28 15:30:12,352] {logging_mixin.py:104} INFO - [2021-06-28 15:30:12,352] {dag.py:2305} INFO - Setting next_dagrun for example_dag_decorator to None
[2021-06-28 15:30:12,412] {scheduler_job.py:190} INFO - Processing /home/airflow/.local/lib/python3.6/site-packages/airflow/example_dags/example_dag_decorator.py took 0.843 seconds
[2021-06-28 15:30:42,593] {scheduler_job.py:182} INFO - Started process (PID=1830) to work on /home/airflow/.local/lib/python3.6/site-packages/airflow/example_dags/example_dag_decorator.py
[2021-06-28 15:30:42,595] {scheduler_job.py:633} INFO - Processing file /home/airflow/.local/lib/python3.6/site-packages/airflow/example_dags/example_dag_decorator.py for tasks to queue
[2021-06-28 15:30:42,608] {logging_mixin.py:104} INFO - [2021-06-28 15:30:42,607] {dagbag.py:487} INFO - Filling up the DagBag from /home/airflow/.local/lib/python3.6/site-packages/airflow/example_dags/example_dag_decorator.py
[2021-06-28 15:30:42,687] {scheduler_job.py:643} INFO - DAG(s) dict_keys(['example_dag_decorator']) retrieved from /home/airflow/.local/lib/python3.6/site-packages/airflow/example_dags/example_dag_decorator.py
[2021-06-28 15:30:42,791] {logging_mixin.py:104} INFO - [2021-06-28 15:30:42,791] {dag.py:1832} INFO - Sync 1 DAGs
[2021-06-28 15:30:42,876] {logging_mixin.py:104} INFO - [2021-06-28 15:30:42,875] {dag.py:2305} INFO - Setting next_dagrun for example_dag_decorator to None
[2021-06-28 15:30:42,932] {scheduler_job.py:190} INFO - Processing /home/airflow/.local/lib/python3.6/site-packages/airflow/example_dags/example_dag_decorator.py took 0.353 seconds
[2021-06-28 15:31:13,162] {scheduler_job.py:182} INFO - Started process (PID=1892) to work on /home/airflow/.local/lib/python3.6/site-packages/airflow/example_dags/example_dag_decorator.py
[2021-06-28 15:31:13,165] {scheduler_job.py:633} INFO - Processing file /home/airflow/.local/lib/python3.6/site-packages/airflow/example_dags/example_dag_decorator.py for tasks to queue
[2021-06-28 15:31:13,168] {logging_mixin.py:104} INFO - [2021-06-28 15:31:13,166] {dagbag.py:487} INFO - Filling up the DagBag from /home/airflow/.local/lib/python3.6/site-packages/airflow/example_dags/example_dag_decorator.py
[2021-06-28 15:31:13,222] {scheduler_job.py:643} INFO - DAG(s) dict_keys(['example_dag_decorator']) retrieved from /home/airflow/.local/lib/python3.6/site-packages/airflow/example_dags/example_dag_decorator.py
[2021-06-28 15:31:13,899] {logging_mixin.py:104} INFO - [2021-06-28 15:31:13,899] {dag.py:1832} INFO - Sync 1 DAGs
[2021-06-28 15:31:13,919] {logging_mixin.py:104} INFO - [2021-06-28 15:31:13,919] {dag.py:2305} INFO - Setting next_dagrun for example_dag_decorator to None
[2021-06-28 15:31:13,963] {scheduler_job.py:190} INFO - Processing /home/airflow/.local/lib/python3.6/site-packages/airflow/example_dags/example_dag_decorator.py took 0.807 seconds
[2021-06-28 15:31:44,340] {scheduler_job.py:182} INFO - Started process (PID=1951) to work on /home/airflow/.local/lib/python3.6/site-packages/airflow/example_dags/example_dag_decorator.py
[2021-06-28 15:31:44,378] {scheduler_job.py:633} INFO - Processing file /home/airflow/.local/lib/python3.6/site-packages/airflow/example_dags/example_dag_decorator.py for tasks to queue
[2021-06-28 15:31:44,393] {logging_mixin.py:104} INFO - [2021-06-28 15:31:44,393] {dagbag.py:487} INFO - Filling up the DagBag from /home/airflow/.local/lib/python3.6/site-packages/airflow/example_dags/example_dag_decorator.py
[2021-06-28 15:31:44,508] {scheduler_job.py:643} INFO - DAG(s) dict_keys(['example_dag_decorator']) retrieved from /home/airflow/.local/lib/python3.6/site-packages/airflow/example_dags/example_dag_decorator.py
[2021-06-28 15:31:47,851] {logging_mixin.py:104} WARNING - Exception ignored in: <function _collection_gced at 0x7f5b8c3cd7b8>
[2021-06-28 15:31:47,852] {logging_mixin.py:104} WARNING - Traceback (most recent call last):
[2021-06-28 15:31:47,852] {logging_mixin.py:104} WARNING -   File "/home/airflow/.local/lib/python3.6/site-packages/sqlalchemy/event/registry.py", line 53, in _collection_gced
[2021-06-28 15:31:47,854] {logging_mixin.py:104} WARNING -     def _collection_gced(ref):
[2021-06-28 15:31:47,854] {logging_mixin.py:104} WARNING -   File "/home/airflow/.local/lib/python3.6/site-packages/airflow/utils/dag_processing.py", line 586, in _exit_gracefully
[2021-06-28 15:31:47,856] {logging_mixin.py:104} WARNING -     self.log.debug("Current Stacktrace is: %s", '\n'.join(map(str, inspect.stack())))
[2021-06-28 15:31:47,856] {logging_mixin.py:104} WARNING -   File "/usr/local/lib/python3.6/inspect.py", line 1501, in stack
[2021-06-28 15:31:47,863] {logging_mixin.py:104} WARNING -     return getouterframes(sys._getframe(1), context)
[2021-06-28 15:31:47,866] {logging_mixin.py:104} WARNING -   File "/usr/local/lib/python3.6/inspect.py", line 1478, in getouterframes
[2021-06-28 15:31:47,866] {logging_mixin.py:104} WARNING -     frameinfo = (frame,) + getframeinfo(frame, context)
[2021-06-28 15:31:47,867] {logging_mixin.py:104} WARNING -   File "/usr/local/lib/python3.6/inspect.py", line 1452, in getframeinfo
[2021-06-28 15:31:47,867] {logging_mixin.py:104} WARNING -     lines, lnum = findsource(frame)
[2021-06-28 15:31:47,867] {logging_mixin.py:104} WARNING -   File "/usr/local/lib/python3.6/inspect.py", line 780, in findsource
[2021-06-28 15:31:47,868] {logging_mixin.py:104} WARNING -     module = getmodule(object, file)
[2021-06-28 15:31:47,868] {logging_mixin.py:104} WARNING -   File "/usr/local/lib/python3.6/inspect.py", line 742, in getmodule
[2021-06-28 15:31:47,869] {logging_mixin.py:104} WARNING -     os.path.realpath(f)] = module.__name__
[2021-06-28 15:31:47,869] {logging_mixin.py:104} WARNING -   File "/usr/local/lib/python3.6/posixpath.py", line 395, in realpath
[2021-06-28 15:31:47,869] {logging_mixin.py:104} WARNING -     path, ok = _joinrealpath(filename[:0], filename, {})
[2021-06-28 15:31:47,869] {logging_mixin.py:104} WARNING -   File "/usr/local/lib/python3.6/posixpath.py", line 429, in _joinrealpath
[2021-06-28 15:31:47,870] {logging_mixin.py:104} WARNING -     if not islink(newpath):
[2021-06-28 15:31:47,870] {logging_mixin.py:104} WARNING -   File "/usr/local/lib/python3.6/posixpath.py", line 171, in islink
[2021-06-28 15:31:47,870] {logging_mixin.py:104} WARNING -     st = os.lstat(path)
[2021-06-28 15:31:47,870] {logging_mixin.py:104} WARNING -   File "/home/airflow/.local/lib/python3.6/site-packages/airflow/utils/dag_processing.py", line 590, in _exit_gracefully
[2021-06-28 15:31:47,874] {logging_mixin.py:104} WARNING -     sys.exit(os.EX_OK)
[2021-06-28 15:31:47,874] {logging_mixin.py:104} WARNING - SystemExit: 0
[2021-06-28 15:31:48,127] {logging_mixin.py:104} INFO - [2021-06-28 15:31:48,127] {dag.py:1832} INFO - Sync 1 DAGs
[2021-06-28 15:31:48,167] {logging_mixin.py:104} INFO - [2021-06-28 15:31:48,167] {dag.py:2305} INFO - Setting next_dagrun for example_dag_decorator to None
[2021-06-28 15:31:48,264] {scheduler_job.py:190} INFO - Processing /home/airflow/.local/lib/python3.6/site-packages/airflow/example_dags/example_dag_decorator.py took 3.933 seconds
[2021-06-28 15:33:50,842] {scheduler_job.py:182} INFO - Started process (PID=43) to work on /home/airflow/.local/lib/python3.6/site-packages/airflow/example_dags/example_dag_decorator.py
[2021-06-28 15:33:50,873] {scheduler_job.py:633} INFO - Processing file /home/airflow/.local/lib/python3.6/site-packages/airflow/example_dags/example_dag_decorator.py for tasks to queue
[2021-06-28 15:33:50,874] {logging_mixin.py:104} INFO - [2021-06-28 15:33:50,874] {dagbag.py:487} INFO - Filling up the DagBag from /home/airflow/.local/lib/python3.6/site-packages/airflow/example_dags/example_dag_decorator.py
[2021-06-28 15:33:51,212] {scheduler_job.py:643} INFO - DAG(s) dict_keys(['example_dag_decorator']) retrieved from /home/airflow/.local/lib/python3.6/site-packages/airflow/example_dags/example_dag_decorator.py
[2021-06-28 15:33:52,433] {logging_mixin.py:104} INFO - [2021-06-28 15:33:52,433] {dag.py:1832} INFO - Sync 1 DAGs
[2021-06-28 15:33:52,565] {logging_mixin.py:104} INFO - [2021-06-28 15:33:52,565] {dag.py:2305} INFO - Setting next_dagrun for example_dag_decorator to None
[2021-06-28 15:33:52,607] {scheduler_job.py:190} INFO - Processing /home/airflow/.local/lib/python3.6/site-packages/airflow/example_dags/example_dag_decorator.py took 1.770 seconds
[2021-06-28 15:34:22,735] {scheduler_job.py:182} INFO - Started process (PID=92) to work on /home/airflow/.local/lib/python3.6/site-packages/airflow/example_dags/example_dag_decorator.py
[2021-06-28 15:34:22,743] {scheduler_job.py:633} INFO - Processing file /home/airflow/.local/lib/python3.6/site-packages/airflow/example_dags/example_dag_decorator.py for tasks to queue
[2021-06-28 15:34:22,744] {logging_mixin.py:104} INFO - [2021-06-28 15:34:22,743] {dagbag.py:487} INFO - Filling up the DagBag from /home/airflow/.local/lib/python3.6/site-packages/airflow/example_dags/example_dag_decorator.py
[2021-06-28 15:34:22,804] {scheduler_job.py:643} INFO - DAG(s) dict_keys(['example_dag_decorator']) retrieved from /home/airflow/.local/lib/python3.6/site-packages/airflow/example_dags/example_dag_decorator.py
[2021-06-28 15:34:25,057] {logging_mixin.py:104} INFO - [2021-06-28 15:34:25,057] {dag.py:1832} INFO - Sync 1 DAGs
[2021-06-28 15:34:25,214] {logging_mixin.py:104} INFO - [2021-06-28 15:34:25,214] {dag.py:2305} INFO - Setting next_dagrun for example_dag_decorator to None
[2021-06-28 15:34:25,403] {scheduler_job.py:190} INFO - Processing /home/airflow/.local/lib/python3.6/site-packages/airflow/example_dags/example_dag_decorator.py took 2.673 seconds
[2021-06-28 15:34:55,903] {scheduler_job.py:182} INFO - Started process (PID=153) to work on /home/airflow/.local/lib/python3.6/site-packages/airflow/example_dags/example_dag_decorator.py
[2021-06-28 15:34:55,906] {scheduler_job.py:633} INFO - Processing file /home/airflow/.local/lib/python3.6/site-packages/airflow/example_dags/example_dag_decorator.py for tasks to queue
[2021-06-28 15:34:55,908] {logging_mixin.py:104} INFO - [2021-06-28 15:34:55,908] {dagbag.py:487} INFO - Filling up the DagBag from /home/airflow/.local/lib/python3.6/site-packages/airflow/example_dags/example_dag_decorator.py
[2021-06-28 15:34:55,946] {scheduler_job.py:643} INFO - DAG(s) dict_keys(['example_dag_decorator']) retrieved from /home/airflow/.local/lib/python3.6/site-packages/airflow/example_dags/example_dag_decorator.py
[2021-06-28 15:34:56,372] {logging_mixin.py:104} INFO - [2021-06-28 15:34:56,371] {dag.py:1832} INFO - Sync 1 DAGs
[2021-06-28 15:34:56,412] {logging_mixin.py:104} INFO - [2021-06-28 15:34:56,412] {dag.py:2305} INFO - Setting next_dagrun for example_dag_decorator to None
[2021-06-28 15:34:56,433] {scheduler_job.py:190} INFO - Processing /home/airflow/.local/lib/python3.6/site-packages/airflow/example_dags/example_dag_decorator.py took 0.540 seconds
[2021-06-28 15:35:26,702] {scheduler_job.py:182} INFO - Started process (PID=215) to work on /home/airflow/.local/lib/python3.6/site-packages/airflow/example_dags/example_dag_decorator.py
[2021-06-28 15:35:26,704] {scheduler_job.py:633} INFO - Processing file /home/airflow/.local/lib/python3.6/site-packages/airflow/example_dags/example_dag_decorator.py for tasks to queue
[2021-06-28 15:35:26,717] {logging_mixin.py:104} INFO - [2021-06-28 15:35:26,717] {dagbag.py:487} INFO - Filling up the DagBag from /home/airflow/.local/lib/python3.6/site-packages/airflow/example_dags/example_dag_decorator.py
[2021-06-28 15:35:26,787] {scheduler_job.py:643} INFO - DAG(s) dict_keys(['example_dag_decorator']) retrieved from /home/airflow/.local/lib/python3.6/site-packages/airflow/example_dags/example_dag_decorator.py
[2021-06-28 15:35:27,567] {logging_mixin.py:104} INFO - [2021-06-28 15:35:27,566] {dag.py:1832} INFO - Sync 1 DAGs
[2021-06-28 15:35:27,605] {logging_mixin.py:104} INFO - [2021-06-28 15:35:27,605] {dag.py:2305} INFO - Setting next_dagrun for example_dag_decorator to None
[2021-06-28 15:35:27,672] {scheduler_job.py:190} INFO - Processing /home/airflow/.local/lib/python3.6/site-packages/airflow/example_dags/example_dag_decorator.py took 0.985 seconds
[2021-06-28 15:35:58,364] {scheduler_job.py:182} INFO - Started process (PID=279) to work on /home/airflow/.local/lib/python3.6/site-packages/airflow/example_dags/example_dag_decorator.py
[2021-06-28 15:35:58,366] {scheduler_job.py:633} INFO - Processing file /home/airflow/.local/lib/python3.6/site-packages/airflow/example_dags/example_dag_decorator.py for tasks to queue
[2021-06-28 15:35:58,367] {logging_mixin.py:104} INFO - [2021-06-28 15:35:58,367] {dagbag.py:487} INFO - Filling up the DagBag from /home/airflow/.local/lib/python3.6/site-packages/airflow/example_dags/example_dag_decorator.py
[2021-06-28 15:35:58,403] {scheduler_job.py:643} INFO - DAG(s) dict_keys(['example_dag_decorator']) retrieved from /home/airflow/.local/lib/python3.6/site-packages/airflow/example_dags/example_dag_decorator.py
[2021-06-28 15:35:59,001] {logging_mixin.py:104} INFO - [2021-06-28 15:35:59,001] {dag.py:1832} INFO - Sync 1 DAGs
[2021-06-28 15:35:59,039] {logging_mixin.py:104} INFO - [2021-06-28 15:35:59,038] {dag.py:2305} INFO - Setting next_dagrun for example_dag_decorator to None
[2021-06-28 15:35:59,091] {scheduler_job.py:190} INFO - Processing /home/airflow/.local/lib/python3.6/site-packages/airflow/example_dags/example_dag_decorator.py took 0.732 seconds
[2021-06-28 15:36:29,259] {scheduler_job.py:182} INFO - Started process (PID=342) to work on /home/airflow/.local/lib/python3.6/site-packages/airflow/example_dags/example_dag_decorator.py
[2021-06-28 15:36:29,261] {scheduler_job.py:633} INFO - Processing file /home/airflow/.local/lib/python3.6/site-packages/airflow/example_dags/example_dag_decorator.py for tasks to queue
[2021-06-28 15:36:29,264] {logging_mixin.py:104} INFO - [2021-06-28 15:36:29,263] {dagbag.py:487} INFO - Filling up the DagBag from /home/airflow/.local/lib/python3.6/site-packages/airflow/example_dags/example_dag_decorator.py
[2021-06-28 15:36:29,305] {scheduler_job.py:643} INFO - DAG(s) dict_keys(['example_dag_decorator']) retrieved from /home/airflow/.local/lib/python3.6/site-packages/airflow/example_dags/example_dag_decorator.py
[2021-06-28 15:36:29,720] {logging_mixin.py:104} INFO - [2021-06-28 15:36:29,720] {dag.py:1832} INFO - Sync 1 DAGs
[2021-06-28 15:36:29,760] {logging_mixin.py:104} INFO - [2021-06-28 15:36:29,759] {dag.py:2305} INFO - Setting next_dagrun for example_dag_decorator to None
[2021-06-28 15:36:29,819] {scheduler_job.py:190} INFO - Processing /home/airflow/.local/lib/python3.6/site-packages/airflow/example_dags/example_dag_decorator.py took 0.566 seconds
[2021-06-28 15:37:00,423] {scheduler_job.py:182} INFO - Started process (PID=402) to work on /home/airflow/.local/lib/python3.6/site-packages/airflow/example_dags/example_dag_decorator.py
[2021-06-28 15:37:00,425] {scheduler_job.py:633} INFO - Processing file /home/airflow/.local/lib/python3.6/site-packages/airflow/example_dags/example_dag_decorator.py for tasks to queue
[2021-06-28 15:37:00,426] {logging_mixin.py:104} INFO - [2021-06-28 15:37:00,426] {dagbag.py:487} INFO - Filling up the DagBag from /home/airflow/.local/lib/python3.6/site-packages/airflow/example_dags/example_dag_decorator.py
[2021-06-28 15:37:00,458] {scheduler_job.py:643} INFO - DAG(s) dict_keys(['example_dag_decorator']) retrieved from /home/airflow/.local/lib/python3.6/site-packages/airflow/example_dags/example_dag_decorator.py
[2021-06-28 15:37:00,850] {logging_mixin.py:104} INFO - [2021-06-28 15:37:00,850] {dag.py:1832} INFO - Sync 1 DAGs
[2021-06-28 15:37:00,903] {logging_mixin.py:104} INFO - [2021-06-28 15:37:00,903] {dag.py:2305} INFO - Setting next_dagrun for example_dag_decorator to None
[2021-06-28 15:37:00,931] {scheduler_job.py:190} INFO - Processing /home/airflow/.local/lib/python3.6/site-packages/airflow/example_dags/example_dag_decorator.py took 0.512 seconds
[2021-06-28 15:37:31,695] {scheduler_job.py:182} INFO - Started process (PID=471) to work on /home/airflow/.local/lib/python3.6/site-packages/airflow/example_dags/example_dag_decorator.py
[2021-06-28 15:37:31,701] {scheduler_job.py:633} INFO - Processing file /home/airflow/.local/lib/python3.6/site-packages/airflow/example_dags/example_dag_decorator.py for tasks to queue
[2021-06-28 15:37:31,702] {logging_mixin.py:104} INFO - [2021-06-28 15:37:31,702] {dagbag.py:487} INFO - Filling up the DagBag from /home/airflow/.local/lib/python3.6/site-packages/airflow/example_dags/example_dag_decorator.py
[2021-06-28 15:37:31,734] {scheduler_job.py:643} INFO - DAG(s) dict_keys(['example_dag_decorator']) retrieved from /home/airflow/.local/lib/python3.6/site-packages/airflow/example_dags/example_dag_decorator.py
[2021-06-28 15:37:32,100] {logging_mixin.py:104} INFO - [2021-06-28 15:37:32,100] {dag.py:1832} INFO - Sync 1 DAGs
[2021-06-28 15:37:32,119] {logging_mixin.py:104} INFO - [2021-06-28 15:37:32,119] {dag.py:2305} INFO - Setting next_dagrun for example_dag_decorator to None
[2021-06-28 15:37:32,133] {scheduler_job.py:190} INFO - Processing /home/airflow/.local/lib/python3.6/site-packages/airflow/example_dags/example_dag_decorator.py took 0.443 seconds
[2021-06-28 15:38:02,185] {scheduler_job.py:182} INFO - Started process (PID=535) to work on /home/airflow/.local/lib/python3.6/site-packages/airflow/example_dags/example_dag_decorator.py
[2021-06-28 15:38:02,186] {scheduler_job.py:633} INFO - Processing file /home/airflow/.local/lib/python3.6/site-packages/airflow/example_dags/example_dag_decorator.py for tasks to queue
[2021-06-28 15:38:02,187] {logging_mixin.py:104} INFO - [2021-06-28 15:38:02,187] {dagbag.py:487} INFO - Filling up the DagBag from /home/airflow/.local/lib/python3.6/site-packages/airflow/example_dags/example_dag_decorator.py
[2021-06-28 15:38:02,232] {scheduler_job.py:643} INFO - DAG(s) dict_keys(['example_dag_decorator']) retrieved from /home/airflow/.local/lib/python3.6/site-packages/airflow/example_dags/example_dag_decorator.py
[2021-06-28 15:38:02,568] {logging_mixin.py:104} INFO - [2021-06-28 15:38:02,568] {dag.py:1832} INFO - Sync 1 DAGs
[2021-06-28 15:38:02,584] {logging_mixin.py:104} INFO - [2021-06-28 15:38:02,584] {dag.py:2305} INFO - Setting next_dagrun for example_dag_decorator to None
[2021-06-28 15:38:02,622] {scheduler_job.py:190} INFO - Processing /home/airflow/.local/lib/python3.6/site-packages/airflow/example_dags/example_dag_decorator.py took 0.441 seconds
[2021-06-28 15:38:33,394] {scheduler_job.py:182} INFO - Started process (PID=617) to work on /home/airflow/.local/lib/python3.6/site-packages/airflow/example_dags/example_dag_decorator.py
[2021-06-28 15:38:33,395] {scheduler_job.py:633} INFO - Processing file /home/airflow/.local/lib/python3.6/site-packages/airflow/example_dags/example_dag_decorator.py for tasks to queue
[2021-06-28 15:38:33,411] {logging_mixin.py:104} INFO - [2021-06-28 15:38:33,410] {dagbag.py:487} INFO - Filling up the DagBag from /home/airflow/.local/lib/python3.6/site-packages/airflow/example_dags/example_dag_decorator.py
[2021-06-28 15:38:33,515] {scheduler_job.py:643} INFO - DAG(s) dict_keys(['example_dag_decorator']) retrieved from /home/airflow/.local/lib/python3.6/site-packages/airflow/example_dags/example_dag_decorator.py
[2021-06-28 15:38:34,339] {logging_mixin.py:104} INFO - [2021-06-28 15:38:34,338] {dag.py:1832} INFO - Sync 1 DAGs
[2021-06-28 15:38:34,383] {logging_mixin.py:104} INFO - [2021-06-28 15:38:34,383] {dag.py:2305} INFO - Setting next_dagrun for example_dag_decorator to None
[2021-06-28 15:38:34,475] {scheduler_job.py:190} INFO - Processing /home/airflow/.local/lib/python3.6/site-packages/airflow/example_dags/example_dag_decorator.py took 1.097 seconds
[2021-06-28 15:39:05,129] {scheduler_job.py:182} INFO - Started process (PID=681) to work on /home/airflow/.local/lib/python3.6/site-packages/airflow/example_dags/example_dag_decorator.py
[2021-06-28 15:39:05,134] {scheduler_job.py:633} INFO - Processing file /home/airflow/.local/lib/python3.6/site-packages/airflow/example_dags/example_dag_decorator.py for tasks to queue
[2021-06-28 15:39:05,135] {logging_mixin.py:104} INFO - [2021-06-28 15:39:05,135] {dagbag.py:487} INFO - Filling up the DagBag from /home/airflow/.local/lib/python3.6/site-packages/airflow/example_dags/example_dag_decorator.py
[2021-06-28 15:39:05,165] {scheduler_job.py:643} INFO - DAG(s) dict_keys(['example_dag_decorator']) retrieved from /home/airflow/.local/lib/python3.6/site-packages/airflow/example_dags/example_dag_decorator.py
[2021-06-28 15:39:05,476] {logging_mixin.py:104} INFO - [2021-06-28 15:39:05,476] {dag.py:1832} INFO - Sync 1 DAGs
[2021-06-28 15:39:05,496] {logging_mixin.py:104} INFO - [2021-06-28 15:39:05,496] {dag.py:2305} INFO - Setting next_dagrun for example_dag_decorator to None
[2021-06-28 15:39:05,518] {scheduler_job.py:190} INFO - Processing /home/airflow/.local/lib/python3.6/site-packages/airflow/example_dags/example_dag_decorator.py took 0.393 seconds
[2021-06-28 15:39:35,602] {scheduler_job.py:182} INFO - Started process (PID=741) to work on /home/airflow/.local/lib/python3.6/site-packages/airflow/example_dags/example_dag_decorator.py
[2021-06-28 15:39:35,604] {scheduler_job.py:633} INFO - Processing file /home/airflow/.local/lib/python3.6/site-packages/airflow/example_dags/example_dag_decorator.py for tasks to queue
[2021-06-28 15:39:35,605] {logging_mixin.py:104} INFO - [2021-06-28 15:39:35,605] {dagbag.py:487} INFO - Filling up the DagBag from /home/airflow/.local/lib/python3.6/site-packages/airflow/example_dags/example_dag_decorator.py
[2021-06-28 15:39:35,635] {scheduler_job.py:643} INFO - DAG(s) dict_keys(['example_dag_decorator']) retrieved from /home/airflow/.local/lib/python3.6/site-packages/airflow/example_dags/example_dag_decorator.py
[2021-06-28 15:39:35,984] {logging_mixin.py:104} INFO - [2021-06-28 15:39:35,984] {dag.py:1832} INFO - Sync 1 DAGs
[2021-06-28 15:39:36,016] {logging_mixin.py:104} INFO - [2021-06-28 15:39:36,015] {dag.py:2305} INFO - Setting next_dagrun for example_dag_decorator to None
[2021-06-28 15:39:36,033] {scheduler_job.py:190} INFO - Processing /home/airflow/.local/lib/python3.6/site-packages/airflow/example_dags/example_dag_decorator.py took 0.435 seconds
[2021-06-28 15:40:06,324] {scheduler_job.py:182} INFO - Started process (PID=804) to work on /home/airflow/.local/lib/python3.6/site-packages/airflow/example_dags/example_dag_decorator.py
[2021-06-28 15:40:06,327] {scheduler_job.py:633} INFO - Processing file /home/airflow/.local/lib/python3.6/site-packages/airflow/example_dags/example_dag_decorator.py for tasks to queue
[2021-06-28 15:40:06,329] {logging_mixin.py:104} INFO - [2021-06-28 15:40:06,329] {dagbag.py:487} INFO - Filling up the DagBag from /home/airflow/.local/lib/python3.6/site-packages/airflow/example_dags/example_dag_decorator.py
[2021-06-28 15:40:06,359] {scheduler_job.py:643} INFO - DAG(s) dict_keys(['example_dag_decorator']) retrieved from /home/airflow/.local/lib/python3.6/site-packages/airflow/example_dags/example_dag_decorator.py
[2021-06-28 15:40:06,669] {logging_mixin.py:104} INFO - [2021-06-28 15:40:06,669] {dag.py:1832} INFO - Sync 1 DAGs
[2021-06-28 15:40:06,688] {logging_mixin.py:104} INFO - [2021-06-28 15:40:06,688] {dag.py:2305} INFO - Setting next_dagrun for example_dag_decorator to None
[2021-06-28 15:40:06,702] {scheduler_job.py:190} INFO - Processing /home/airflow/.local/lib/python3.6/site-packages/airflow/example_dags/example_dag_decorator.py took 0.382 seconds
[2021-06-28 15:40:37,148] {scheduler_job.py:182} INFO - Started process (PID=882) to work on /home/airflow/.local/lib/python3.6/site-packages/airflow/example_dags/example_dag_decorator.py
[2021-06-28 15:40:37,149] {scheduler_job.py:633} INFO - Processing file /home/airflow/.local/lib/python3.6/site-packages/airflow/example_dags/example_dag_decorator.py for tasks to queue
[2021-06-28 15:40:37,150] {logging_mixin.py:104} INFO - [2021-06-28 15:40:37,150] {dagbag.py:487} INFO - Filling up the DagBag from /home/airflow/.local/lib/python3.6/site-packages/airflow/example_dags/example_dag_decorator.py
[2021-06-28 15:40:37,184] {scheduler_job.py:643} INFO - DAG(s) dict_keys(['example_dag_decorator']) retrieved from /home/airflow/.local/lib/python3.6/site-packages/airflow/example_dags/example_dag_decorator.py
[2021-06-28 15:40:37,507] {logging_mixin.py:104} INFO - [2021-06-28 15:40:37,507] {dag.py:1832} INFO - Sync 1 DAGs
[2021-06-28 15:40:37,528] {logging_mixin.py:104} INFO - [2021-06-28 15:40:37,528] {dag.py:2305} INFO - Setting next_dagrun for example_dag_decorator to None
[2021-06-28 15:40:37,555] {scheduler_job.py:190} INFO - Processing /home/airflow/.local/lib/python3.6/site-packages/airflow/example_dags/example_dag_decorator.py took 0.411 seconds
[2021-06-28 15:41:07,664] {scheduler_job.py:182} INFO - Started process (PID=940) to work on /home/airflow/.local/lib/python3.6/site-packages/airflow/example_dags/example_dag_decorator.py
[2021-06-28 15:41:07,665] {scheduler_job.py:633} INFO - Processing file /home/airflow/.local/lib/python3.6/site-packages/airflow/example_dags/example_dag_decorator.py for tasks to queue
[2021-06-28 15:41:07,666] {logging_mixin.py:104} INFO - [2021-06-28 15:41:07,666] {dagbag.py:487} INFO - Filling up the DagBag from /home/airflow/.local/lib/python3.6/site-packages/airflow/example_dags/example_dag_decorator.py
[2021-06-28 15:41:07,691] {scheduler_job.py:643} INFO - DAG(s) dict_keys(['example_dag_decorator']) retrieved from /home/airflow/.local/lib/python3.6/site-packages/airflow/example_dags/example_dag_decorator.py
[2021-06-28 15:41:07,992] {logging_mixin.py:104} INFO - [2021-06-28 15:41:07,992] {dag.py:1832} INFO - Sync 1 DAGs
[2021-06-28 15:41:08,013] {logging_mixin.py:104} INFO - [2021-06-28 15:41:08,013] {dag.py:2305} INFO - Setting next_dagrun for example_dag_decorator to None
[2021-06-28 15:41:08,031] {scheduler_job.py:190} INFO - Processing /home/airflow/.local/lib/python3.6/site-packages/airflow/example_dags/example_dag_decorator.py took 0.371 seconds
[2021-06-28 15:41:38,086] {scheduler_job.py:182} INFO - Started process (PID=1002) to work on /home/airflow/.local/lib/python3.6/site-packages/airflow/example_dags/example_dag_decorator.py
[2021-06-28 15:41:38,089] {scheduler_job.py:633} INFO - Processing file /home/airflow/.local/lib/python3.6/site-packages/airflow/example_dags/example_dag_decorator.py for tasks to queue
[2021-06-28 15:41:38,091] {logging_mixin.py:104} INFO - [2021-06-28 15:41:38,091] {dagbag.py:487} INFO - Filling up the DagBag from /home/airflow/.local/lib/python3.6/site-packages/airflow/example_dags/example_dag_decorator.py
[2021-06-28 15:41:38,122] {scheduler_job.py:643} INFO - DAG(s) dict_keys(['example_dag_decorator']) retrieved from /home/airflow/.local/lib/python3.6/site-packages/airflow/example_dags/example_dag_decorator.py
[2021-06-28 15:41:38,413] {logging_mixin.py:104} INFO - [2021-06-28 15:41:38,413] {dag.py:1832} INFO - Sync 1 DAGs
[2021-06-28 15:41:38,432] {logging_mixin.py:104} INFO - [2021-06-28 15:41:38,432] {dag.py:2305} INFO - Setting next_dagrun for example_dag_decorator to None
[2021-06-28 15:41:38,447] {scheduler_job.py:190} INFO - Processing /home/airflow/.local/lib/python3.6/site-packages/airflow/example_dags/example_dag_decorator.py took 0.366 seconds
[2021-06-28 15:42:08,506] {scheduler_job.py:182} INFO - Started process (PID=1073) to work on /home/airflow/.local/lib/python3.6/site-packages/airflow/example_dags/example_dag_decorator.py
[2021-06-28 15:42:08,508] {scheduler_job.py:633} INFO - Processing file /home/airflow/.local/lib/python3.6/site-packages/airflow/example_dags/example_dag_decorator.py for tasks to queue
[2021-06-28 15:42:08,509] {logging_mixin.py:104} INFO - [2021-06-28 15:42:08,509] {dagbag.py:487} INFO - Filling up the DagBag from /home/airflow/.local/lib/python3.6/site-packages/airflow/example_dags/example_dag_decorator.py
[2021-06-28 15:42:08,566] {scheduler_job.py:643} INFO - DAG(s) dict_keys(['example_dag_decorator']) retrieved from /home/airflow/.local/lib/python3.6/site-packages/airflow/example_dags/example_dag_decorator.py
[2021-06-28 15:42:09,006] {logging_mixin.py:104} INFO - [2021-06-28 15:42:09,006] {dag.py:1832} INFO - Sync 1 DAGs
[2021-06-28 15:42:09,031] {logging_mixin.py:104} INFO - [2021-06-28 15:42:09,031] {dag.py:2305} INFO - Setting next_dagrun for example_dag_decorator to None
[2021-06-28 15:42:09,050] {scheduler_job.py:190} INFO - Processing /home/airflow/.local/lib/python3.6/site-packages/airflow/example_dags/example_dag_decorator.py took 0.561 seconds
[2021-06-28 15:42:39,952] {scheduler_job.py:182} INFO - Started process (PID=1136) to work on /home/airflow/.local/lib/python3.6/site-packages/airflow/example_dags/example_dag_decorator.py
[2021-06-28 15:42:39,954] {scheduler_job.py:633} INFO - Processing file /home/airflow/.local/lib/python3.6/site-packages/airflow/example_dags/example_dag_decorator.py for tasks to queue
[2021-06-28 15:42:39,955] {logging_mixin.py:104} INFO - [2021-06-28 15:42:39,955] {dagbag.py:487} INFO - Filling up the DagBag from /home/airflow/.local/lib/python3.6/site-packages/airflow/example_dags/example_dag_decorator.py
[2021-06-28 15:42:39,993] {scheduler_job.py:643} INFO - DAG(s) dict_keys(['example_dag_decorator']) retrieved from /home/airflow/.local/lib/python3.6/site-packages/airflow/example_dags/example_dag_decorator.py
[2021-06-28 15:42:40,377] {logging_mixin.py:104} INFO - [2021-06-28 15:42:40,377] {dag.py:1832} INFO - Sync 1 DAGs
[2021-06-28 15:42:40,396] {logging_mixin.py:104} INFO - [2021-06-28 15:42:40,396] {dag.py:2305} INFO - Setting next_dagrun for example_dag_decorator to None
[2021-06-28 15:42:40,411] {scheduler_job.py:190} INFO - Processing /home/airflow/.local/lib/python3.6/site-packages/airflow/example_dags/example_dag_decorator.py took 0.466 seconds
[2021-06-28 15:43:10,668] {scheduler_job.py:182} INFO - Started process (PID=1197) to work on /home/airflow/.local/lib/python3.6/site-packages/airflow/example_dags/example_dag_decorator.py
[2021-06-28 15:43:10,672] {scheduler_job.py:633} INFO - Processing file /home/airflow/.local/lib/python3.6/site-packages/airflow/example_dags/example_dag_decorator.py for tasks to queue
[2021-06-28 15:43:10,673] {logging_mixin.py:104} INFO - [2021-06-28 15:43:10,673] {dagbag.py:487} INFO - Filling up the DagBag from /home/airflow/.local/lib/python3.6/site-packages/airflow/example_dags/example_dag_decorator.py
[2021-06-28 15:43:10,726] {scheduler_job.py:643} INFO - DAG(s) dict_keys(['example_dag_decorator']) retrieved from /home/airflow/.local/lib/python3.6/site-packages/airflow/example_dags/example_dag_decorator.py
[2021-06-28 15:43:11,495] {logging_mixin.py:104} INFO - [2021-06-28 15:43:11,494] {dag.py:1832} INFO - Sync 1 DAGs
[2021-06-28 15:43:11,556] {logging_mixin.py:104} INFO - [2021-06-28 15:43:11,556] {dag.py:2305} INFO - Setting next_dagrun for example_dag_decorator to None
[2021-06-28 15:43:11,591] {scheduler_job.py:190} INFO - Processing /home/airflow/.local/lib/python3.6/site-packages/airflow/example_dags/example_dag_decorator.py took 0.933 seconds
[2021-06-28 15:43:41,724] {scheduler_job.py:182} INFO - Started process (PID=1254) to work on /home/airflow/.local/lib/python3.6/site-packages/airflow/example_dags/example_dag_decorator.py
[2021-06-28 15:43:41,725] {scheduler_job.py:633} INFO - Processing file /home/airflow/.local/lib/python3.6/site-packages/airflow/example_dags/example_dag_decorator.py for tasks to queue
[2021-06-28 15:43:41,726] {logging_mixin.py:104} INFO - [2021-06-28 15:43:41,726] {dagbag.py:487} INFO - Filling up the DagBag from /home/airflow/.local/lib/python3.6/site-packages/airflow/example_dags/example_dag_decorator.py
[2021-06-28 15:43:41,751] {scheduler_job.py:643} INFO - DAG(s) dict_keys(['example_dag_decorator']) retrieved from /home/airflow/.local/lib/python3.6/site-packages/airflow/example_dags/example_dag_decorator.py
[2021-06-28 15:43:42,277] {logging_mixin.py:104} INFO - [2021-06-28 15:43:42,277] {dag.py:1832} INFO - Sync 1 DAGs
[2021-06-28 15:43:42,308] {logging_mixin.py:104} INFO - [2021-06-28 15:43:42,307] {dag.py:2305} INFO - Setting next_dagrun for example_dag_decorator to None
[2021-06-28 15:43:42,337] {scheduler_job.py:190} INFO - Processing /home/airflow/.local/lib/python3.6/site-packages/airflow/example_dags/example_dag_decorator.py took 0.616 seconds
[2021-06-28 15:44:12,546] {scheduler_job.py:182} INFO - Started process (PID=1324) to work on /home/airflow/.local/lib/python3.6/site-packages/airflow/example_dags/example_dag_decorator.py
[2021-06-28 15:44:12,549] {scheduler_job.py:633} INFO - Processing file /home/airflow/.local/lib/python3.6/site-packages/airflow/example_dags/example_dag_decorator.py for tasks to queue
[2021-06-28 15:44:12,552] {logging_mixin.py:104} INFO - [2021-06-28 15:44:12,552] {dagbag.py:487} INFO - Filling up the DagBag from /home/airflow/.local/lib/python3.6/site-packages/airflow/example_dags/example_dag_decorator.py
[2021-06-28 15:44:12,638] {scheduler_job.py:643} INFO - DAG(s) dict_keys(['example_dag_decorator']) retrieved from /home/airflow/.local/lib/python3.6/site-packages/airflow/example_dags/example_dag_decorator.py
[2021-06-28 15:44:13,326] {logging_mixin.py:104} INFO - [2021-06-28 15:44:13,326] {dag.py:1832} INFO - Sync 1 DAGs
[2021-06-28 15:44:13,425] {logging_mixin.py:104} INFO - [2021-06-28 15:44:13,425] {dag.py:2305} INFO - Setting next_dagrun for example_dag_decorator to None
[2021-06-28 15:44:13,515] {scheduler_job.py:190} INFO - Processing /home/airflow/.local/lib/python3.6/site-packages/airflow/example_dags/example_dag_decorator.py took 1.014 seconds
