[2021-06-28 15:16:33,920] {scheduler_job.py:182} INFO - Started process (PID=123) to work on /home/airflow/.local/lib/python3.6/site-packages/airflow/example_dags/example_external_task_marker_dag.py
[2021-06-28 15:16:33,951] {scheduler_job.py:633} INFO - Processing file /home/airflow/.local/lib/python3.6/site-packages/airflow/example_dags/example_external_task_marker_dag.py for tasks to queue
[2021-06-28 15:16:33,965] {logging_mixin.py:104} INFO - [2021-06-28 15:16:33,952] {dagbag.py:487} INFO - Filling up the DagBag from /home/airflow/.local/lib/python3.6/site-packages/airflow/example_dags/example_external_task_marker_dag.py
[2021-06-28 15:16:34,201] {scheduler_job.py:643} INFO - DAG(s) dict_keys(['example_external_task_marker_parent', 'example_external_task_marker_child']) retrieved from /home/airflow/.local/lib/python3.6/site-packages/airflow/example_dags/example_external_task_marker_dag.py
[2021-06-28 15:16:36,210] {logging_mixin.py:104} INFO - [2021-06-28 15:16:36,210] {dag.py:1832} INFO - Sync 2 DAGs
[2021-06-28 15:16:36,274] {logging_mixin.py:104} INFO - [2021-06-28 15:16:36,274] {dag.py:2305} INFO - Setting next_dagrun for example_external_task_marker_child to None
[2021-06-28 15:16:36,279] {logging_mixin.py:104} INFO - [2021-06-28 15:16:36,279] {dag.py:2305} INFO - Setting next_dagrun for example_external_task_marker_parent to None
[2021-06-28 15:16:36,434] {scheduler_job.py:190} INFO - Processing /home/airflow/.local/lib/python3.6/site-packages/airflow/example_dags/example_external_task_marker_dag.py took 2.520 seconds
[2021-06-28 15:17:06,973] {scheduler_job.py:182} INFO - Started process (PID=171) to work on /home/airflow/.local/lib/python3.6/site-packages/airflow/example_dags/example_external_task_marker_dag.py
[2021-06-28 15:17:06,976] {scheduler_job.py:633} INFO - Processing file /home/airflow/.local/lib/python3.6/site-packages/airflow/example_dags/example_external_task_marker_dag.py for tasks to queue
[2021-06-28 15:17:06,979] {logging_mixin.py:104} INFO - [2021-06-28 15:17:06,979] {dagbag.py:487} INFO - Filling up the DagBag from /home/airflow/.local/lib/python3.6/site-packages/airflow/example_dags/example_external_task_marker_dag.py
[2021-06-28 15:17:06,995] {scheduler_job.py:643} INFO - DAG(s) dict_keys(['example_external_task_marker_parent', 'example_external_task_marker_child']) retrieved from /home/airflow/.local/lib/python3.6/site-packages/airflow/example_dags/example_external_task_marker_dag.py
[2021-06-28 15:17:07,036] {logging_mixin.py:104} INFO - [2021-06-28 15:17:07,036] {dag.py:1832} INFO - Sync 2 DAGs
[2021-06-28 15:17:07,054] {logging_mixin.py:104} INFO - [2021-06-28 15:17:07,054] {dag.py:2305} INFO - Setting next_dagrun for example_external_task_marker_child to None
[2021-06-28 15:17:07,055] {logging_mixin.py:104} INFO - [2021-06-28 15:17:07,055] {dag.py:2305} INFO - Setting next_dagrun for example_external_task_marker_parent to None
[2021-06-28 15:17:07,069] {scheduler_job.py:190} INFO - Processing /home/airflow/.local/lib/python3.6/site-packages/airflow/example_dags/example_external_task_marker_dag.py took 0.102 seconds
[2021-06-28 15:17:37,178] {scheduler_job.py:182} INFO - Started process (PID=244) to work on /home/airflow/.local/lib/python3.6/site-packages/airflow/example_dags/example_external_task_marker_dag.py
[2021-06-28 15:17:37,180] {scheduler_job.py:633} INFO - Processing file /home/airflow/.local/lib/python3.6/site-packages/airflow/example_dags/example_external_task_marker_dag.py for tasks to queue
[2021-06-28 15:17:37,184] {logging_mixin.py:104} INFO - [2021-06-28 15:17:37,184] {dagbag.py:487} INFO - Filling up the DagBag from /home/airflow/.local/lib/python3.6/site-packages/airflow/example_dags/example_external_task_marker_dag.py
[2021-06-28 15:17:37,248] {scheduler_job.py:643} INFO - DAG(s) dict_keys(['example_external_task_marker_parent', 'example_external_task_marker_child']) retrieved from /home/airflow/.local/lib/python3.6/site-packages/airflow/example_dags/example_external_task_marker_dag.py
[2021-06-28 15:17:37,790] {logging_mixin.py:104} INFO - [2021-06-28 15:17:37,790] {dag.py:1832} INFO - Sync 2 DAGs
[2021-06-28 15:17:37,820] {logging_mixin.py:104} INFO - [2021-06-28 15:17:37,820] {dag.py:2305} INFO - Setting next_dagrun for example_external_task_marker_child to None
[2021-06-28 15:17:37,822] {logging_mixin.py:104} INFO - [2021-06-28 15:17:37,821] {dag.py:2305} INFO - Setting next_dagrun for example_external_task_marker_parent to None
[2021-06-28 15:17:37,846] {scheduler_job.py:190} INFO - Processing /home/airflow/.local/lib/python3.6/site-packages/airflow/example_dags/example_external_task_marker_dag.py took 0.674 seconds
[2021-06-28 15:18:08,425] {scheduler_job.py:182} INFO - Started process (PID=306) to work on /home/airflow/.local/lib/python3.6/site-packages/airflow/example_dags/example_external_task_marker_dag.py
[2021-06-28 15:18:08,426] {scheduler_job.py:633} INFO - Processing file /home/airflow/.local/lib/python3.6/site-packages/airflow/example_dags/example_external_task_marker_dag.py for tasks to queue
[2021-06-28 15:18:08,427] {logging_mixin.py:104} INFO - [2021-06-28 15:18:08,427] {dagbag.py:487} INFO - Filling up the DagBag from /home/airflow/.local/lib/python3.6/site-packages/airflow/example_dags/example_external_task_marker_dag.py
[2021-06-28 15:18:08,456] {scheduler_job.py:643} INFO - DAG(s) dict_keys(['example_external_task_marker_parent', 'example_external_task_marker_child']) retrieved from /home/airflow/.local/lib/python3.6/site-packages/airflow/example_dags/example_external_task_marker_dag.py
[2021-06-28 15:18:09,023] {logging_mixin.py:104} INFO - [2021-06-28 15:18:09,022] {dag.py:1832} INFO - Sync 2 DAGs
[2021-06-28 15:18:09,054] {logging_mixin.py:104} INFO - [2021-06-28 15:18:09,054] {dag.py:2305} INFO - Setting next_dagrun for example_external_task_marker_child to None
[2021-06-28 15:18:09,056] {logging_mixin.py:104} INFO - [2021-06-28 15:18:09,056] {dag.py:2305} INFO - Setting next_dagrun for example_external_task_marker_parent to None
[2021-06-28 15:18:09,074] {scheduler_job.py:190} INFO - Processing /home/airflow/.local/lib/python3.6/site-packages/airflow/example_dags/example_external_task_marker_dag.py took 0.663 seconds
[2021-06-28 15:18:39,268] {scheduler_job.py:182} INFO - Started process (PID=370) to work on /home/airflow/.local/lib/python3.6/site-packages/airflow/example_dags/example_external_task_marker_dag.py
[2021-06-28 15:18:39,269] {scheduler_job.py:633} INFO - Processing file /home/airflow/.local/lib/python3.6/site-packages/airflow/example_dags/example_external_task_marker_dag.py for tasks to queue
[2021-06-28 15:18:39,271] {logging_mixin.py:104} INFO - [2021-06-28 15:18:39,270] {dagbag.py:487} INFO - Filling up the DagBag from /home/airflow/.local/lib/python3.6/site-packages/airflow/example_dags/example_external_task_marker_dag.py
[2021-06-28 15:18:39,351] {scheduler_job.py:643} INFO - DAG(s) dict_keys(['example_external_task_marker_parent', 'example_external_task_marker_child']) retrieved from /home/airflow/.local/lib/python3.6/site-packages/airflow/example_dags/example_external_task_marker_dag.py
[2021-06-28 15:18:39,610] {logging_mixin.py:104} INFO - [2021-06-28 15:18:39,609] {dag.py:1832} INFO - Sync 2 DAGs
[2021-06-28 15:18:39,800] {logging_mixin.py:104} INFO - [2021-06-28 15:18:39,800] {dag.py:2305} INFO - Setting next_dagrun for example_external_task_marker_child to None
[2021-06-28 15:18:39,831] {logging_mixin.py:104} INFO - [2021-06-28 15:18:39,802] {dag.py:2305} INFO - Setting next_dagrun for example_external_task_marker_parent to None
[2021-06-28 15:18:39,924] {scheduler_job.py:190} INFO - Processing /home/airflow/.local/lib/python3.6/site-packages/airflow/example_dags/example_external_task_marker_dag.py took 0.702 seconds
[2021-06-28 15:19:10,353] {scheduler_job.py:182} INFO - Started process (PID=430) to work on /home/airflow/.local/lib/python3.6/site-packages/airflow/example_dags/example_external_task_marker_dag.py
[2021-06-28 15:19:10,355] {scheduler_job.py:633} INFO - Processing file /home/airflow/.local/lib/python3.6/site-packages/airflow/example_dags/example_external_task_marker_dag.py for tasks to queue
[2021-06-28 15:19:10,356] {logging_mixin.py:104} INFO - [2021-06-28 15:19:10,356] {dagbag.py:487} INFO - Filling up the DagBag from /home/airflow/.local/lib/python3.6/site-packages/airflow/example_dags/example_external_task_marker_dag.py
[2021-06-28 15:19:10,395] {scheduler_job.py:643} INFO - DAG(s) dict_keys(['example_external_task_marker_parent', 'example_external_task_marker_child']) retrieved from /home/airflow/.local/lib/python3.6/site-packages/airflow/example_dags/example_external_task_marker_dag.py
[2021-06-28 15:19:12,259] {logging_mixin.py:104} INFO - [2021-06-28 15:19:12,259] {dag.py:1832} INFO - Sync 2 DAGs
[2021-06-28 15:19:12,356] {logging_mixin.py:104} INFO - [2021-06-28 15:19:12,356] {dag.py:2305} INFO - Setting next_dagrun for example_external_task_marker_child to None
[2021-06-28 15:19:12,361] {logging_mixin.py:104} INFO - [2021-06-28 15:19:12,361] {dag.py:2305} INFO - Setting next_dagrun for example_external_task_marker_parent to None
[2021-06-28 15:19:12,506] {scheduler_job.py:190} INFO - Processing /home/airflow/.local/lib/python3.6/site-packages/airflow/example_dags/example_external_task_marker_dag.py took 2.166 seconds
[2021-06-28 15:19:43,118] {scheduler_job.py:182} INFO - Started process (PID=493) to work on /home/airflow/.local/lib/python3.6/site-packages/airflow/example_dags/example_external_task_marker_dag.py
[2021-06-28 15:19:43,121] {scheduler_job.py:633} INFO - Processing file /home/airflow/.local/lib/python3.6/site-packages/airflow/example_dags/example_external_task_marker_dag.py for tasks to queue
[2021-06-28 15:19:43,122] {logging_mixin.py:104} INFO - [2021-06-28 15:19:43,122] {dagbag.py:487} INFO - Filling up the DagBag from /home/airflow/.local/lib/python3.6/site-packages/airflow/example_dags/example_external_task_marker_dag.py
[2021-06-28 15:19:43,177] {scheduler_job.py:643} INFO - DAG(s) dict_keys(['example_external_task_marker_parent', 'example_external_task_marker_child']) retrieved from /home/airflow/.local/lib/python3.6/site-packages/airflow/example_dags/example_external_task_marker_dag.py
[2021-06-28 15:19:44,493] {logging_mixin.py:104} INFO - [2021-06-28 15:19:44,492] {dag.py:1832} INFO - Sync 2 DAGs
[2021-06-28 15:19:44,594] {logging_mixin.py:104} INFO - [2021-06-28 15:19:44,594] {dag.py:2305} INFO - Setting next_dagrun for example_external_task_marker_child to None
[2021-06-28 15:19:44,596] {logging_mixin.py:104} INFO - [2021-06-28 15:19:44,596] {dag.py:2305} INFO - Setting next_dagrun for example_external_task_marker_parent to None
[2021-06-28 15:19:44,659] {scheduler_job.py:190} INFO - Processing /home/airflow/.local/lib/python3.6/site-packages/airflow/example_dags/example_external_task_marker_dag.py took 1.552 seconds
[2021-06-28 15:20:15,218] {scheduler_job.py:182} INFO - Started process (PID=569) to work on /home/airflow/.local/lib/python3.6/site-packages/airflow/example_dags/example_external_task_marker_dag.py
[2021-06-28 15:20:15,223] {scheduler_job.py:633} INFO - Processing file /home/airflow/.local/lib/python3.6/site-packages/airflow/example_dags/example_external_task_marker_dag.py for tasks to queue
[2021-06-28 15:20:15,229] {logging_mixin.py:104} INFO - [2021-06-28 15:20:15,228] {dagbag.py:487} INFO - Filling up the DagBag from /home/airflow/.local/lib/python3.6/site-packages/airflow/example_dags/example_external_task_marker_dag.py
[2021-06-28 15:20:15,288] {scheduler_job.py:643} INFO - DAG(s) dict_keys(['example_external_task_marker_parent', 'example_external_task_marker_child']) retrieved from /home/airflow/.local/lib/python3.6/site-packages/airflow/example_dags/example_external_task_marker_dag.py
[2021-06-28 15:20:16,257] {logging_mixin.py:104} INFO - [2021-06-28 15:20:16,257] {dag.py:1832} INFO - Sync 2 DAGs
[2021-06-28 15:20:16,313] {logging_mixin.py:104} INFO - [2021-06-28 15:20:16,313] {dag.py:2305} INFO - Setting next_dagrun for example_external_task_marker_child to None
[2021-06-28 15:20:16,314] {logging_mixin.py:104} INFO - [2021-06-28 15:20:16,314] {dag.py:2305} INFO - Setting next_dagrun for example_external_task_marker_parent to None
[2021-06-28 15:20:16,402] {scheduler_job.py:190} INFO - Processing /home/airflow/.local/lib/python3.6/site-packages/airflow/example_dags/example_external_task_marker_dag.py took 1.196 seconds
[2021-06-28 15:20:47,418] {scheduler_job.py:182} INFO - Started process (PID=630) to work on /home/airflow/.local/lib/python3.6/site-packages/airflow/example_dags/example_external_task_marker_dag.py
[2021-06-28 15:20:47,420] {scheduler_job.py:633} INFO - Processing file /home/airflow/.local/lib/python3.6/site-packages/airflow/example_dags/example_external_task_marker_dag.py for tasks to queue
[2021-06-28 15:20:47,421] {logging_mixin.py:104} INFO - [2021-06-28 15:20:47,421] {dagbag.py:487} INFO - Filling up the DagBag from /home/airflow/.local/lib/python3.6/site-packages/airflow/example_dags/example_external_task_marker_dag.py
[2021-06-28 15:20:47,444] {scheduler_job.py:643} INFO - DAG(s) dict_keys(['example_external_task_marker_parent', 'example_external_task_marker_child']) retrieved from /home/airflow/.local/lib/python3.6/site-packages/airflow/example_dags/example_external_task_marker_dag.py
[2021-06-28 15:20:47,541] {logging_mixin.py:104} INFO - [2021-06-28 15:20:47,541] {dag.py:1832} INFO - Sync 2 DAGs
[2021-06-28 15:20:47,577] {logging_mixin.py:104} INFO - [2021-06-28 15:20:47,577] {dag.py:2305} INFO - Setting next_dagrun for example_external_task_marker_child to None
[2021-06-28 15:20:47,578] {logging_mixin.py:104} INFO - [2021-06-28 15:20:47,578] {dag.py:2305} INFO - Setting next_dagrun for example_external_task_marker_parent to None
[2021-06-28 15:20:47,606] {scheduler_job.py:190} INFO - Processing /home/airflow/.local/lib/python3.6/site-packages/airflow/example_dags/example_external_task_marker_dag.py took 0.199 seconds
[2021-06-28 15:21:17,744] {scheduler_job.py:182} INFO - Started process (PID=689) to work on /home/airflow/.local/lib/python3.6/site-packages/airflow/example_dags/example_external_task_marker_dag.py
[2021-06-28 15:21:17,748] {scheduler_job.py:633} INFO - Processing file /home/airflow/.local/lib/python3.6/site-packages/airflow/example_dags/example_external_task_marker_dag.py for tasks to queue
[2021-06-28 15:21:17,756] {logging_mixin.py:104} INFO - [2021-06-28 15:21:17,756] {dagbag.py:487} INFO - Filling up the DagBag from /home/airflow/.local/lib/python3.6/site-packages/airflow/example_dags/example_external_task_marker_dag.py
[2021-06-28 15:21:17,784] {scheduler_job.py:643} INFO - DAG(s) dict_keys(['example_external_task_marker_parent', 'example_external_task_marker_child']) retrieved from /home/airflow/.local/lib/python3.6/site-packages/airflow/example_dags/example_external_task_marker_dag.py
[2021-06-28 15:21:18,422] {logging_mixin.py:104} INFO - [2021-06-28 15:21:18,422] {dag.py:1832} INFO - Sync 2 DAGs
[2021-06-28 15:21:18,466] {logging_mixin.py:104} INFO - [2021-06-28 15:21:18,466] {dag.py:2305} INFO - Setting next_dagrun for example_external_task_marker_child to None
[2021-06-28 15:21:18,470] {logging_mixin.py:104} INFO - [2021-06-28 15:21:18,470] {dag.py:2305} INFO - Setting next_dagrun for example_external_task_marker_parent to None
[2021-06-28 15:21:18,501] {scheduler_job.py:190} INFO - Processing /home/airflow/.local/lib/python3.6/site-packages/airflow/example_dags/example_external_task_marker_dag.py took 0.769 seconds
[2021-06-28 15:21:49,202] {scheduler_job.py:182} INFO - Started process (PID=749) to work on /home/airflow/.local/lib/python3.6/site-packages/airflow/example_dags/example_external_task_marker_dag.py
[2021-06-28 15:21:49,206] {scheduler_job.py:633} INFO - Processing file /home/airflow/.local/lib/python3.6/site-packages/airflow/example_dags/example_external_task_marker_dag.py for tasks to queue
[2021-06-28 15:21:49,210] {logging_mixin.py:104} INFO - [2021-06-28 15:21:49,209] {dagbag.py:487} INFO - Filling up the DagBag from /home/airflow/.local/lib/python3.6/site-packages/airflow/example_dags/example_external_task_marker_dag.py
[2021-06-28 15:21:49,231] {scheduler_job.py:643} INFO - DAG(s) dict_keys(['example_external_task_marker_parent', 'example_external_task_marker_child']) retrieved from /home/airflow/.local/lib/python3.6/site-packages/airflow/example_dags/example_external_task_marker_dag.py
[2021-06-28 15:21:49,856] {logging_mixin.py:104} INFO - [2021-06-28 15:21:49,856] {dag.py:1832} INFO - Sync 2 DAGs
[2021-06-28 15:21:49,884] {logging_mixin.py:104} INFO - [2021-06-28 15:21:49,884] {dag.py:2305} INFO - Setting next_dagrun for example_external_task_marker_child to None
[2021-06-28 15:21:49,885] {logging_mixin.py:104} INFO - [2021-06-28 15:21:49,885] {dag.py:2305} INFO - Setting next_dagrun for example_external_task_marker_parent to None
[2021-06-28 15:21:49,916] {scheduler_job.py:190} INFO - Processing /home/airflow/.local/lib/python3.6/site-packages/airflow/example_dags/example_external_task_marker_dag.py took 0.719 seconds
[2021-06-28 15:22:20,683] {scheduler_job.py:182} INFO - Started process (PID=808) to work on /home/airflow/.local/lib/python3.6/site-packages/airflow/example_dags/example_external_task_marker_dag.py
[2021-06-28 15:22:20,684] {scheduler_job.py:633} INFO - Processing file /home/airflow/.local/lib/python3.6/site-packages/airflow/example_dags/example_external_task_marker_dag.py for tasks to queue
[2021-06-28 15:22:20,686] {logging_mixin.py:104} INFO - [2021-06-28 15:22:20,685] {dagbag.py:487} INFO - Filling up the DagBag from /home/airflow/.local/lib/python3.6/site-packages/airflow/example_dags/example_external_task_marker_dag.py
[2021-06-28 15:22:20,751] {scheduler_job.py:643} INFO - DAG(s) dict_keys(['example_external_task_marker_parent', 'example_external_task_marker_child']) retrieved from /home/airflow/.local/lib/python3.6/site-packages/airflow/example_dags/example_external_task_marker_dag.py
[2021-06-28 15:22:21,598] {logging_mixin.py:104} INFO - [2021-06-28 15:22:21,598] {dag.py:1832} INFO - Sync 2 DAGs
[2021-06-28 15:22:21,634] {logging_mixin.py:104} INFO - [2021-06-28 15:22:21,634] {dag.py:2305} INFO - Setting next_dagrun for example_external_task_marker_child to None
[2021-06-28 15:22:21,635] {logging_mixin.py:104} INFO - [2021-06-28 15:22:21,635] {dag.py:2305} INFO - Setting next_dagrun for example_external_task_marker_parent to None
[2021-06-28 15:22:21,684] {scheduler_job.py:190} INFO - Processing /home/airflow/.local/lib/python3.6/site-packages/airflow/example_dags/example_external_task_marker_dag.py took 1.018 seconds
[2021-06-28 15:22:51,995] {scheduler_job.py:182} INFO - Started process (PID=866) to work on /home/airflow/.local/lib/python3.6/site-packages/airflow/example_dags/example_external_task_marker_dag.py
[2021-06-28 15:22:51,997] {scheduler_job.py:633} INFO - Processing file /home/airflow/.local/lib/python3.6/site-packages/airflow/example_dags/example_external_task_marker_dag.py for tasks to queue
[2021-06-28 15:22:51,998] {logging_mixin.py:104} INFO - [2021-06-28 15:22:51,998] {dagbag.py:487} INFO - Filling up the DagBag from /home/airflow/.local/lib/python3.6/site-packages/airflow/example_dags/example_external_task_marker_dag.py
[2021-06-28 15:22:52,017] {scheduler_job.py:643} INFO - DAG(s) dict_keys(['example_external_task_marker_parent', 'example_external_task_marker_child']) retrieved from /home/airflow/.local/lib/python3.6/site-packages/airflow/example_dags/example_external_task_marker_dag.py
[2021-06-28 15:22:52,073] {logging_mixin.py:104} INFO - [2021-06-28 15:22:52,073] {dag.py:1832} INFO - Sync 2 DAGs
[2021-06-28 15:22:52,112] {logging_mixin.py:104} INFO - [2021-06-28 15:22:52,112] {dag.py:2305} INFO - Setting next_dagrun for example_external_task_marker_child to None
[2021-06-28 15:22:52,113] {logging_mixin.py:104} INFO - [2021-06-28 15:22:52,113] {dag.py:2305} INFO - Setting next_dagrun for example_external_task_marker_parent to None
[2021-06-28 15:22:52,137] {scheduler_job.py:190} INFO - Processing /home/airflow/.local/lib/python3.6/site-packages/airflow/example_dags/example_external_task_marker_dag.py took 0.146 seconds
[2021-06-28 15:23:22,296] {scheduler_job.py:182} INFO - Started process (PID=926) to work on /home/airflow/.local/lib/python3.6/site-packages/airflow/example_dags/example_external_task_marker_dag.py
[2021-06-28 15:23:22,297] {scheduler_job.py:633} INFO - Processing file /home/airflow/.local/lib/python3.6/site-packages/airflow/example_dags/example_external_task_marker_dag.py for tasks to queue
[2021-06-28 15:23:22,299] {logging_mixin.py:104} INFO - [2021-06-28 15:23:22,299] {dagbag.py:487} INFO - Filling up the DagBag from /home/airflow/.local/lib/python3.6/site-packages/airflow/example_dags/example_external_task_marker_dag.py
[2021-06-28 15:23:22,317] {scheduler_job.py:643} INFO - DAG(s) dict_keys(['example_external_task_marker_parent', 'example_external_task_marker_child']) retrieved from /home/airflow/.local/lib/python3.6/site-packages/airflow/example_dags/example_external_task_marker_dag.py
[2021-06-28 15:23:22,820] {logging_mixin.py:104} INFO - [2021-06-28 15:23:22,820] {dag.py:1832} INFO - Sync 2 DAGs
[2021-06-28 15:23:22,849] {logging_mixin.py:104} INFO - [2021-06-28 15:23:22,848] {dag.py:2305} INFO - Setting next_dagrun for example_external_task_marker_child to None
[2021-06-28 15:23:22,867] {logging_mixin.py:104} INFO - [2021-06-28 15:23:22,867] {dag.py:2305} INFO - Setting next_dagrun for example_external_task_marker_parent to None
[2021-06-28 15:23:22,903] {scheduler_job.py:190} INFO - Processing /home/airflow/.local/lib/python3.6/site-packages/airflow/example_dags/example_external_task_marker_dag.py took 0.611 seconds
[2021-06-28 15:23:53,209] {scheduler_job.py:182} INFO - Started process (PID=995) to work on /home/airflow/.local/lib/python3.6/site-packages/airflow/example_dags/example_external_task_marker_dag.py
[2021-06-28 15:23:53,210] {scheduler_job.py:633} INFO - Processing file /home/airflow/.local/lib/python3.6/site-packages/airflow/example_dags/example_external_task_marker_dag.py for tasks to queue
[2021-06-28 15:23:53,211] {logging_mixin.py:104} INFO - [2021-06-28 15:23:53,211] {dagbag.py:487} INFO - Filling up the DagBag from /home/airflow/.local/lib/python3.6/site-packages/airflow/example_dags/example_external_task_marker_dag.py
[2021-06-28 15:23:53,230] {scheduler_job.py:643} INFO - DAG(s) dict_keys(['example_external_task_marker_parent', 'example_external_task_marker_child']) retrieved from /home/airflow/.local/lib/python3.6/site-packages/airflow/example_dags/example_external_task_marker_dag.py
[2021-06-28 15:23:53,794] {logging_mixin.py:104} INFO - [2021-06-28 15:23:53,794] {dag.py:1832} INFO - Sync 2 DAGs
[2021-06-28 15:23:53,825] {logging_mixin.py:104} INFO - [2021-06-28 15:23:53,825] {dag.py:2305} INFO - Setting next_dagrun for example_external_task_marker_child to None
[2021-06-28 15:23:53,826] {logging_mixin.py:104} INFO - [2021-06-28 15:23:53,826] {dag.py:2305} INFO - Setting next_dagrun for example_external_task_marker_parent to None
[2021-06-28 15:23:53,856] {scheduler_job.py:190} INFO - Processing /home/airflow/.local/lib/python3.6/site-packages/airflow/example_dags/example_external_task_marker_dag.py took 0.652 seconds
[2021-06-28 15:24:24,000] {scheduler_job.py:182} INFO - Started process (PID=1058) to work on /home/airflow/.local/lib/python3.6/site-packages/airflow/example_dags/example_external_task_marker_dag.py
[2021-06-28 15:24:24,001] {scheduler_job.py:633} INFO - Processing file /home/airflow/.local/lib/python3.6/site-packages/airflow/example_dags/example_external_task_marker_dag.py for tasks to queue
[2021-06-28 15:24:24,002] {logging_mixin.py:104} INFO - [2021-06-28 15:24:24,002] {dagbag.py:487} INFO - Filling up the DagBag from /home/airflow/.local/lib/python3.6/site-packages/airflow/example_dags/example_external_task_marker_dag.py
[2021-06-28 15:24:24,020] {scheduler_job.py:643} INFO - DAG(s) dict_keys(['example_external_task_marker_parent', 'example_external_task_marker_child']) retrieved from /home/airflow/.local/lib/python3.6/site-packages/airflow/example_dags/example_external_task_marker_dag.py
[2021-06-28 15:24:24,572] {logging_mixin.py:104} INFO - [2021-06-28 15:24:24,572] {dag.py:1832} INFO - Sync 2 DAGs
[2021-06-28 15:24:24,608] {logging_mixin.py:104} INFO - [2021-06-28 15:24:24,607] {dag.py:2305} INFO - Setting next_dagrun for example_external_task_marker_child to None
[2021-06-28 15:24:24,609] {logging_mixin.py:104} INFO - [2021-06-28 15:24:24,609] {dag.py:2305} INFO - Setting next_dagrun for example_external_task_marker_parent to None
[2021-06-28 15:24:24,632] {scheduler_job.py:190} INFO - Processing /home/airflow/.local/lib/python3.6/site-packages/airflow/example_dags/example_external_task_marker_dag.py took 0.636 seconds
[2021-06-28 15:24:55,628] {scheduler_job.py:182} INFO - Started process (PID=1118) to work on /home/airflow/.local/lib/python3.6/site-packages/airflow/example_dags/example_external_task_marker_dag.py
[2021-06-28 15:24:55,631] {scheduler_job.py:633} INFO - Processing file /home/airflow/.local/lib/python3.6/site-packages/airflow/example_dags/example_external_task_marker_dag.py for tasks to queue
[2021-06-28 15:24:55,632] {logging_mixin.py:104} INFO - [2021-06-28 15:24:55,632] {dagbag.py:487} INFO - Filling up the DagBag from /home/airflow/.local/lib/python3.6/site-packages/airflow/example_dags/example_external_task_marker_dag.py
[2021-06-28 15:24:55,665] {scheduler_job.py:643} INFO - DAG(s) dict_keys(['example_external_task_marker_parent', 'example_external_task_marker_child']) retrieved from /home/airflow/.local/lib/python3.6/site-packages/airflow/example_dags/example_external_task_marker_dag.py
[2021-06-28 15:24:55,747] {logging_mixin.py:104} INFO - [2021-06-28 15:24:55,747] {dag.py:1832} INFO - Sync 2 DAGs
[2021-06-28 15:24:55,779] {logging_mixin.py:104} INFO - [2021-06-28 15:24:55,779] {dag.py:2305} INFO - Setting next_dagrun for example_external_task_marker_child to None
[2021-06-28 15:24:55,786] {logging_mixin.py:104} INFO - [2021-06-28 15:24:55,786] {dag.py:2305} INFO - Setting next_dagrun for example_external_task_marker_parent to None
[2021-06-28 15:24:55,822] {scheduler_job.py:190} INFO - Processing /home/airflow/.local/lib/python3.6/site-packages/airflow/example_dags/example_external_task_marker_dag.py took 0.199 seconds
[2021-06-28 15:25:26,431] {scheduler_job.py:182} INFO - Started process (PID=1192) to work on /home/airflow/.local/lib/python3.6/site-packages/airflow/example_dags/example_external_task_marker_dag.py
[2021-06-28 15:25:26,434] {scheduler_job.py:633} INFO - Processing file /home/airflow/.local/lib/python3.6/site-packages/airflow/example_dags/example_external_task_marker_dag.py for tasks to queue
[2021-06-28 15:25:26,436] {logging_mixin.py:104} INFO - [2021-06-28 15:25:26,435] {dagbag.py:487} INFO - Filling up the DagBag from /home/airflow/.local/lib/python3.6/site-packages/airflow/example_dags/example_external_task_marker_dag.py
[2021-06-28 15:25:26,462] {scheduler_job.py:643} INFO - DAG(s) dict_keys(['example_external_task_marker_parent', 'example_external_task_marker_child']) retrieved from /home/airflow/.local/lib/python3.6/site-packages/airflow/example_dags/example_external_task_marker_dag.py
[2021-06-28 15:25:26,986] {logging_mixin.py:104} INFO - [2021-06-28 15:25:26,986] {dag.py:1832} INFO - Sync 2 DAGs
[2021-06-28 15:25:27,008] {logging_mixin.py:104} INFO - [2021-06-28 15:25:27,007] {dag.py:2305} INFO - Setting next_dagrun for example_external_task_marker_child to None
[2021-06-28 15:25:27,009] {logging_mixin.py:104} INFO - [2021-06-28 15:25:27,008] {dag.py:2305} INFO - Setting next_dagrun for example_external_task_marker_parent to None
[2021-06-28 15:25:27,032] {scheduler_job.py:190} INFO - Processing /home/airflow/.local/lib/python3.6/site-packages/airflow/example_dags/example_external_task_marker_dag.py took 0.606 seconds
[2021-06-28 15:25:57,391] {scheduler_job.py:182} INFO - Started process (PID=1255) to work on /home/airflow/.local/lib/python3.6/site-packages/airflow/example_dags/example_external_task_marker_dag.py
[2021-06-28 15:25:57,406] {scheduler_job.py:633} INFO - Processing file /home/airflow/.local/lib/python3.6/site-packages/airflow/example_dags/example_external_task_marker_dag.py for tasks to queue
[2021-06-28 15:25:57,408] {logging_mixin.py:104} INFO - [2021-06-28 15:25:57,408] {dagbag.py:487} INFO - Filling up the DagBag from /home/airflow/.local/lib/python3.6/site-packages/airflow/example_dags/example_external_task_marker_dag.py
[2021-06-28 15:25:57,441] {scheduler_job.py:643} INFO - DAG(s) dict_keys(['example_external_task_marker_parent', 'example_external_task_marker_child']) retrieved from /home/airflow/.local/lib/python3.6/site-packages/airflow/example_dags/example_external_task_marker_dag.py
[2021-06-28 15:25:57,495] {logging_mixin.py:104} INFO - [2021-06-28 15:25:57,495] {dag.py:1832} INFO - Sync 2 DAGs
[2021-06-28 15:25:57,545] {logging_mixin.py:104} INFO - [2021-06-28 15:25:57,545] {dag.py:2305} INFO - Setting next_dagrun for example_external_task_marker_child to None
[2021-06-28 15:25:57,547] {logging_mixin.py:104} INFO - [2021-06-28 15:25:57,547] {dag.py:2305} INFO - Setting next_dagrun for example_external_task_marker_parent to None
[2021-06-28 15:25:57,621] {scheduler_job.py:190} INFO - Processing /home/airflow/.local/lib/python3.6/site-packages/airflow/example_dags/example_external_task_marker_dag.py took 0.234 seconds
[2021-06-28 15:26:28,159] {scheduler_job.py:182} INFO - Started process (PID=1314) to work on /home/airflow/.local/lib/python3.6/site-packages/airflow/example_dags/example_external_task_marker_dag.py
[2021-06-28 15:26:28,162] {scheduler_job.py:633} INFO - Processing file /home/airflow/.local/lib/python3.6/site-packages/airflow/example_dags/example_external_task_marker_dag.py for tasks to queue
[2021-06-28 15:26:28,163] {logging_mixin.py:104} INFO - [2021-06-28 15:26:28,163] {dagbag.py:487} INFO - Filling up the DagBag from /home/airflow/.local/lib/python3.6/site-packages/airflow/example_dags/example_external_task_marker_dag.py
[2021-06-28 15:26:28,183] {scheduler_job.py:643} INFO - DAG(s) dict_keys(['example_external_task_marker_parent', 'example_external_task_marker_child']) retrieved from /home/airflow/.local/lib/python3.6/site-packages/airflow/example_dags/example_external_task_marker_dag.py
[2021-06-28 15:26:28,226] {logging_mixin.py:104} INFO - [2021-06-28 15:26:28,226] {dag.py:1832} INFO - Sync 2 DAGs
[2021-06-28 15:26:28,250] {logging_mixin.py:104} INFO - [2021-06-28 15:26:28,250] {dag.py:2305} INFO - Setting next_dagrun for example_external_task_marker_child to None
[2021-06-28 15:26:28,252] {logging_mixin.py:104} INFO - [2021-06-28 15:26:28,251] {dag.py:2305} INFO - Setting next_dagrun for example_external_task_marker_parent to None
[2021-06-28 15:26:28,271] {scheduler_job.py:190} INFO - Processing /home/airflow/.local/lib/python3.6/site-packages/airflow/example_dags/example_external_task_marker_dag.py took 0.115 seconds
[2021-06-28 15:26:58,650] {scheduler_job.py:182} INFO - Started process (PID=1374) to work on /home/airflow/.local/lib/python3.6/site-packages/airflow/example_dags/example_external_task_marker_dag.py
[2021-06-28 15:26:58,651] {scheduler_job.py:633} INFO - Processing file /home/airflow/.local/lib/python3.6/site-packages/airflow/example_dags/example_external_task_marker_dag.py for tasks to queue
[2021-06-28 15:26:58,662] {logging_mixin.py:104} INFO - [2021-06-28 15:26:58,652] {dagbag.py:487} INFO - Filling up the DagBag from /home/airflow/.local/lib/python3.6/site-packages/airflow/example_dags/example_external_task_marker_dag.py
[2021-06-28 15:26:58,684] {scheduler_job.py:643} INFO - DAG(s) dict_keys(['example_external_task_marker_parent', 'example_external_task_marker_child']) retrieved from /home/airflow/.local/lib/python3.6/site-packages/airflow/example_dags/example_external_task_marker_dag.py
[2021-06-28 15:26:58,760] {logging_mixin.py:104} INFO - [2021-06-28 15:26:58,760] {dag.py:1832} INFO - Sync 2 DAGs
[2021-06-28 15:26:58,808] {logging_mixin.py:104} INFO - [2021-06-28 15:26:58,808] {dag.py:2305} INFO - Setting next_dagrun for example_external_task_marker_child to None
[2021-06-28 15:26:58,813] {logging_mixin.py:104} INFO - [2021-06-28 15:26:58,813] {dag.py:2305} INFO - Setting next_dagrun for example_external_task_marker_parent to None
[2021-06-28 15:26:58,840] {scheduler_job.py:190} INFO - Processing /home/airflow/.local/lib/python3.6/site-packages/airflow/example_dags/example_external_task_marker_dag.py took 0.194 seconds
[2021-06-28 15:27:29,608] {scheduler_job.py:182} INFO - Started process (PID=1434) to work on /home/airflow/.local/lib/python3.6/site-packages/airflow/example_dags/example_external_task_marker_dag.py
[2021-06-28 15:27:29,616] {scheduler_job.py:633} INFO - Processing file /home/airflow/.local/lib/python3.6/site-packages/airflow/example_dags/example_external_task_marker_dag.py for tasks to queue
[2021-06-28 15:27:29,618] {logging_mixin.py:104} INFO - [2021-06-28 15:27:29,618] {dagbag.py:487} INFO - Filling up the DagBag from /home/airflow/.local/lib/python3.6/site-packages/airflow/example_dags/example_external_task_marker_dag.py
[2021-06-28 15:27:29,637] {scheduler_job.py:643} INFO - DAG(s) dict_keys(['example_external_task_marker_parent', 'example_external_task_marker_child']) retrieved from /home/airflow/.local/lib/python3.6/site-packages/airflow/example_dags/example_external_task_marker_dag.py
[2021-06-28 15:27:30,104] {logging_mixin.py:104} INFO - [2021-06-28 15:27:30,104] {dag.py:1832} INFO - Sync 2 DAGs
[2021-06-28 15:27:30,124] {logging_mixin.py:104} INFO - [2021-06-28 15:27:30,123] {dag.py:2305} INFO - Setting next_dagrun for example_external_task_marker_child to None
[2021-06-28 15:27:30,125] {logging_mixin.py:104} INFO - [2021-06-28 15:27:30,125] {dag.py:2305} INFO - Setting next_dagrun for example_external_task_marker_parent to None
[2021-06-28 15:27:30,148] {scheduler_job.py:190} INFO - Processing /home/airflow/.local/lib/python3.6/site-packages/airflow/example_dags/example_external_task_marker_dag.py took 0.546 seconds
[2021-06-28 15:28:00,416] {scheduler_job.py:182} INFO - Started process (PID=1507) to work on /home/airflow/.local/lib/python3.6/site-packages/airflow/example_dags/example_external_task_marker_dag.py
[2021-06-28 15:28:00,422] {scheduler_job.py:633} INFO - Processing file /home/airflow/.local/lib/python3.6/site-packages/airflow/example_dags/example_external_task_marker_dag.py for tasks to queue
[2021-06-28 15:28:00,425] {logging_mixin.py:104} INFO - [2021-06-28 15:28:00,424] {dagbag.py:487} INFO - Filling up the DagBag from /home/airflow/.local/lib/python3.6/site-packages/airflow/example_dags/example_external_task_marker_dag.py
[2021-06-28 15:28:00,457] {scheduler_job.py:643} INFO - DAG(s) dict_keys(['example_external_task_marker_parent', 'example_external_task_marker_child']) retrieved from /home/airflow/.local/lib/python3.6/site-packages/airflow/example_dags/example_external_task_marker_dag.py
[2021-06-28 15:28:01,094] {logging_mixin.py:104} INFO - [2021-06-28 15:28:01,094] {dag.py:1832} INFO - Sync 2 DAGs
[2021-06-28 15:28:01,121] {logging_mixin.py:104} INFO - [2021-06-28 15:28:01,120] {dag.py:2305} INFO - Setting next_dagrun for example_external_task_marker_child to None
[2021-06-28 15:28:01,122] {logging_mixin.py:104} INFO - [2021-06-28 15:28:01,122] {dag.py:2305} INFO - Setting next_dagrun for example_external_task_marker_parent to None
[2021-06-28 15:28:01,170] {scheduler_job.py:190} INFO - Processing /home/airflow/.local/lib/python3.6/site-packages/airflow/example_dags/example_external_task_marker_dag.py took 0.765 seconds
[2021-06-28 15:28:31,891] {scheduler_job.py:182} INFO - Started process (PID=1571) to work on /home/airflow/.local/lib/python3.6/site-packages/airflow/example_dags/example_external_task_marker_dag.py
[2021-06-28 15:28:31,892] {scheduler_job.py:633} INFO - Processing file /home/airflow/.local/lib/python3.6/site-packages/airflow/example_dags/example_external_task_marker_dag.py for tasks to queue
[2021-06-28 15:28:31,904] {logging_mixin.py:104} INFO - [2021-06-28 15:28:31,893] {dagbag.py:487} INFO - Filling up the DagBag from /home/airflow/.local/lib/python3.6/site-packages/airflow/example_dags/example_external_task_marker_dag.py
[2021-06-28 15:28:31,961] {scheduler_job.py:643} INFO - DAG(s) dict_keys(['example_external_task_marker_parent', 'example_external_task_marker_child']) retrieved from /home/airflow/.local/lib/python3.6/site-packages/airflow/example_dags/example_external_task_marker_dag.py
[2021-06-28 15:28:33,394] {logging_mixin.py:104} INFO - [2021-06-28 15:28:33,394] {dag.py:1832} INFO - Sync 2 DAGs
[2021-06-28 15:28:33,456] {logging_mixin.py:104} INFO - [2021-06-28 15:28:33,456] {dag.py:2305} INFO - Setting next_dagrun for example_external_task_marker_child to None
[2021-06-28 15:28:33,458] {logging_mixin.py:104} INFO - [2021-06-28 15:28:33,458] {dag.py:2305} INFO - Setting next_dagrun for example_external_task_marker_parent to None
[2021-06-28 15:28:33,500] {scheduler_job.py:190} INFO - Processing /home/airflow/.local/lib/python3.6/site-packages/airflow/example_dags/example_external_task_marker_dag.py took 1.694 seconds
[2021-06-28 15:29:03,804] {scheduler_job.py:182} INFO - Started process (PID=1632) to work on /home/airflow/.local/lib/python3.6/site-packages/airflow/example_dags/example_external_task_marker_dag.py
[2021-06-28 15:29:03,806] {scheduler_job.py:633} INFO - Processing file /home/airflow/.local/lib/python3.6/site-packages/airflow/example_dags/example_external_task_marker_dag.py for tasks to queue
[2021-06-28 15:29:03,807] {logging_mixin.py:104} INFO - [2021-06-28 15:29:03,807] {dagbag.py:487} INFO - Filling up the DagBag from /home/airflow/.local/lib/python3.6/site-packages/airflow/example_dags/example_external_task_marker_dag.py
[2021-06-28 15:29:03,832] {scheduler_job.py:643} INFO - DAG(s) dict_keys(['example_external_task_marker_parent', 'example_external_task_marker_child']) retrieved from /home/airflow/.local/lib/python3.6/site-packages/airflow/example_dags/example_external_task_marker_dag.py
[2021-06-28 15:29:03,872] {logging_mixin.py:104} INFO - [2021-06-28 15:29:03,871] {dag.py:1832} INFO - Sync 2 DAGs
[2021-06-28 15:29:03,898] {logging_mixin.py:104} INFO - [2021-06-28 15:29:03,898] {dag.py:2305} INFO - Setting next_dagrun for example_external_task_marker_child to None
[2021-06-28 15:29:03,900] {logging_mixin.py:104} INFO - [2021-06-28 15:29:03,900] {dag.py:2305} INFO - Setting next_dagrun for example_external_task_marker_parent to None
[2021-06-28 15:29:03,917] {scheduler_job.py:190} INFO - Processing /home/airflow/.local/lib/python3.6/site-packages/airflow/example_dags/example_external_task_marker_dag.py took 0.116 seconds
[2021-06-28 15:29:34,190] {scheduler_job.py:182} INFO - Started process (PID=1692) to work on /home/airflow/.local/lib/python3.6/site-packages/airflow/example_dags/example_external_task_marker_dag.py
[2021-06-28 15:29:34,193] {scheduler_job.py:633} INFO - Processing file /home/airflow/.local/lib/python3.6/site-packages/airflow/example_dags/example_external_task_marker_dag.py for tasks to queue
[2021-06-28 15:29:34,194] {logging_mixin.py:104} INFO - [2021-06-28 15:29:34,194] {dagbag.py:487} INFO - Filling up the DagBag from /home/airflow/.local/lib/python3.6/site-packages/airflow/example_dags/example_external_task_marker_dag.py
[2021-06-28 15:29:34,211] {scheduler_job.py:643} INFO - DAG(s) dict_keys(['example_external_task_marker_parent', 'example_external_task_marker_child']) retrieved from /home/airflow/.local/lib/python3.6/site-packages/airflow/example_dags/example_external_task_marker_dag.py
[2021-06-28 15:29:34,611] {logging_mixin.py:104} INFO - [2021-06-28 15:29:34,611] {dag.py:1832} INFO - Sync 2 DAGs
[2021-06-28 15:29:34,631] {logging_mixin.py:104} INFO - [2021-06-28 15:29:34,631] {dag.py:2305} INFO - Setting next_dagrun for example_external_task_marker_child to None
[2021-06-28 15:29:34,632] {logging_mixin.py:104} INFO - [2021-06-28 15:29:34,632] {dag.py:2305} INFO - Setting next_dagrun for example_external_task_marker_parent to None
[2021-06-28 15:29:34,654] {scheduler_job.py:190} INFO - Processing /home/airflow/.local/lib/python3.6/site-packages/airflow/example_dags/example_external_task_marker_dag.py took 0.468 seconds
[2021-06-28 15:30:04,845] {scheduler_job.py:182} INFO - Started process (PID=1751) to work on /home/airflow/.local/lib/python3.6/site-packages/airflow/example_dags/example_external_task_marker_dag.py
[2021-06-28 15:30:04,846] {scheduler_job.py:633} INFO - Processing file /home/airflow/.local/lib/python3.6/site-packages/airflow/example_dags/example_external_task_marker_dag.py for tasks to queue
[2021-06-28 15:30:04,847] {logging_mixin.py:104} INFO - [2021-06-28 15:30:04,847] {dagbag.py:487} INFO - Filling up the DagBag from /home/airflow/.local/lib/python3.6/site-packages/airflow/example_dags/example_external_task_marker_dag.py
[2021-06-28 15:30:04,862] {scheduler_job.py:643} INFO - DAG(s) dict_keys(['example_external_task_marker_parent', 'example_external_task_marker_child']) retrieved from /home/airflow/.local/lib/python3.6/site-packages/airflow/example_dags/example_external_task_marker_dag.py
[2021-06-28 15:30:05,264] {logging_mixin.py:104} INFO - [2021-06-28 15:30:05,264] {dag.py:1832} INFO - Sync 2 DAGs
[2021-06-28 15:30:05,283] {logging_mixin.py:104} INFO - [2021-06-28 15:30:05,283] {dag.py:2305} INFO - Setting next_dagrun for example_external_task_marker_child to None
[2021-06-28 15:30:05,286] {logging_mixin.py:104} INFO - [2021-06-28 15:30:05,284] {dag.py:2305} INFO - Setting next_dagrun for example_external_task_marker_parent to None
[2021-06-28 15:30:05,306] {scheduler_job.py:190} INFO - Processing /home/airflow/.local/lib/python3.6/site-packages/airflow/example_dags/example_external_task_marker_dag.py took 0.465 seconds
[2021-06-28 15:30:35,373] {scheduler_job.py:182} INFO - Started process (PID=1821) to work on /home/airflow/.local/lib/python3.6/site-packages/airflow/example_dags/example_external_task_marker_dag.py
[2021-06-28 15:30:35,375] {scheduler_job.py:633} INFO - Processing file /home/airflow/.local/lib/python3.6/site-packages/airflow/example_dags/example_external_task_marker_dag.py for tasks to queue
[2021-06-28 15:30:35,376] {logging_mixin.py:104} INFO - [2021-06-28 15:30:35,375] {dagbag.py:487} INFO - Filling up the DagBag from /home/airflow/.local/lib/python3.6/site-packages/airflow/example_dags/example_external_task_marker_dag.py
[2021-06-28 15:30:35,400] {scheduler_job.py:643} INFO - DAG(s) dict_keys(['example_external_task_marker_parent', 'example_external_task_marker_child']) retrieved from /home/airflow/.local/lib/python3.6/site-packages/airflow/example_dags/example_external_task_marker_dag.py
[2021-06-28 15:30:36,426] {logging_mixin.py:104} INFO - [2021-06-28 15:30:36,426] {dag.py:1832} INFO - Sync 2 DAGs
[2021-06-28 15:30:36,489] {logging_mixin.py:104} INFO - [2021-06-28 15:30:36,488] {dag.py:2305} INFO - Setting next_dagrun for example_external_task_marker_child to None
[2021-06-28 15:30:36,490] {logging_mixin.py:104} INFO - [2021-06-28 15:30:36,490] {dag.py:2305} INFO - Setting next_dagrun for example_external_task_marker_parent to None
[2021-06-28 15:30:36,513] {scheduler_job.py:190} INFO - Processing /home/airflow/.local/lib/python3.6/site-packages/airflow/example_dags/example_external_task_marker_dag.py took 1.147 seconds
[2021-06-28 15:31:06,793] {scheduler_job.py:182} INFO - Started process (PID=1883) to work on /home/airflow/.local/lib/python3.6/site-packages/airflow/example_dags/example_external_task_marker_dag.py
[2021-06-28 15:31:06,795] {scheduler_job.py:633} INFO - Processing file /home/airflow/.local/lib/python3.6/site-packages/airflow/example_dags/example_external_task_marker_dag.py for tasks to queue
[2021-06-28 15:31:06,796] {logging_mixin.py:104} INFO - [2021-06-28 15:31:06,796] {dagbag.py:487} INFO - Filling up the DagBag from /home/airflow/.local/lib/python3.6/site-packages/airflow/example_dags/example_external_task_marker_dag.py
[2021-06-28 15:31:06,826] {scheduler_job.py:643} INFO - DAG(s) dict_keys(['example_external_task_marker_parent', 'example_external_task_marker_child']) retrieved from /home/airflow/.local/lib/python3.6/site-packages/airflow/example_dags/example_external_task_marker_dag.py
[2021-06-28 15:31:06,891] {logging_mixin.py:104} INFO - [2021-06-28 15:31:06,891] {dag.py:1832} INFO - Sync 2 DAGs
[2021-06-28 15:31:06,925] {logging_mixin.py:104} INFO - [2021-06-28 15:31:06,925] {dag.py:2305} INFO - Setting next_dagrun for example_external_task_marker_child to None
[2021-06-28 15:31:06,928] {logging_mixin.py:104} INFO - [2021-06-28 15:31:06,928] {dag.py:2305} INFO - Setting next_dagrun for example_external_task_marker_parent to None
[2021-06-28 15:31:06,951] {scheduler_job.py:190} INFO - Processing /home/airflow/.local/lib/python3.6/site-packages/airflow/example_dags/example_external_task_marker_dag.py took 0.161 seconds
[2021-06-28 15:31:37,460] {scheduler_job.py:182} INFO - Started process (PID=1945) to work on /home/airflow/.local/lib/python3.6/site-packages/airflow/example_dags/example_external_task_marker_dag.py
[2021-06-28 15:31:37,463] {scheduler_job.py:633} INFO - Processing file /home/airflow/.local/lib/python3.6/site-packages/airflow/example_dags/example_external_task_marker_dag.py for tasks to queue
[2021-06-28 15:31:37,465] {logging_mixin.py:104} INFO - [2021-06-28 15:31:37,464] {dagbag.py:487} INFO - Filling up the DagBag from /home/airflow/.local/lib/python3.6/site-packages/airflow/example_dags/example_external_task_marker_dag.py
[2021-06-28 15:31:37,483] {scheduler_job.py:643} INFO - DAG(s) dict_keys(['example_external_task_marker_parent', 'example_external_task_marker_child']) retrieved from /home/airflow/.local/lib/python3.6/site-packages/airflow/example_dags/example_external_task_marker_dag.py
[2021-06-28 15:31:37,524] {logging_mixin.py:104} INFO - [2021-06-28 15:31:37,524] {dag.py:1832} INFO - Sync 2 DAGs
[2021-06-28 15:31:37,549] {logging_mixin.py:104} INFO - [2021-06-28 15:31:37,549] {dag.py:2305} INFO - Setting next_dagrun for example_external_task_marker_child to None
[2021-06-28 15:31:37,551] {logging_mixin.py:104} INFO - [2021-06-28 15:31:37,551] {dag.py:2305} INFO - Setting next_dagrun for example_external_task_marker_parent to None
[2021-06-28 15:31:37,571] {scheduler_job.py:190} INFO - Processing /home/airflow/.local/lib/python3.6/site-packages/airflow/example_dags/example_external_task_marker_dag.py took 0.117 seconds
[2021-06-28 15:34:00,406] {scheduler_job.py:182} INFO - Started process (PID=71) to work on /home/airflow/.local/lib/python3.6/site-packages/airflow/example_dags/example_external_task_marker_dag.py
[2021-06-28 15:34:00,408] {scheduler_job.py:633} INFO - Processing file /home/airflow/.local/lib/python3.6/site-packages/airflow/example_dags/example_external_task_marker_dag.py for tasks to queue
[2021-06-28 15:34:00,409] {logging_mixin.py:104} INFO - [2021-06-28 15:34:00,409] {dagbag.py:487} INFO - Filling up the DagBag from /home/airflow/.local/lib/python3.6/site-packages/airflow/example_dags/example_external_task_marker_dag.py
[2021-06-28 15:34:00,449] {scheduler_job.py:643} INFO - DAG(s) dict_keys(['example_external_task_marker_parent', 'example_external_task_marker_child']) retrieved from /home/airflow/.local/lib/python3.6/site-packages/airflow/example_dags/example_external_task_marker_dag.py
[2021-06-28 15:34:01,313] {logging_mixin.py:104} INFO - [2021-06-28 15:34:01,313] {dag.py:1832} INFO - Sync 2 DAGs
[2021-06-28 15:34:01,423] {logging_mixin.py:104} INFO - [2021-06-28 15:34:01,423] {dag.py:2305} INFO - Setting next_dagrun for example_external_task_marker_child to None
[2021-06-28 15:34:01,424] {logging_mixin.py:104} INFO - [2021-06-28 15:34:01,424] {dag.py:2305} INFO - Setting next_dagrun for example_external_task_marker_parent to None
[2021-06-28 15:34:01,513] {scheduler_job.py:190} INFO - Processing /home/airflow/.local/lib/python3.6/site-packages/airflow/example_dags/example_external_task_marker_dag.py took 1.123 seconds
[2021-06-28 15:34:33,870] {scheduler_job.py:182} INFO - Started process (PID=129) to work on /home/airflow/.local/lib/python3.6/site-packages/airflow/example_dags/example_external_task_marker_dag.py
[2021-06-28 15:34:33,881] {scheduler_job.py:633} INFO - Processing file /home/airflow/.local/lib/python3.6/site-packages/airflow/example_dags/example_external_task_marker_dag.py for tasks to queue
[2021-06-28 15:34:33,882] {logging_mixin.py:104} INFO - [2021-06-28 15:34:33,882] {dagbag.py:487} INFO - Filling up the DagBag from /home/airflow/.local/lib/python3.6/site-packages/airflow/example_dags/example_external_task_marker_dag.py
[2021-06-28 15:34:33,955] {scheduler_job.py:643} INFO - DAG(s) dict_keys(['example_external_task_marker_parent', 'example_external_task_marker_child']) retrieved from /home/airflow/.local/lib/python3.6/site-packages/airflow/example_dags/example_external_task_marker_dag.py
[2021-06-28 15:34:34,098] {logging_mixin.py:104} INFO - [2021-06-28 15:34:34,098] {dag.py:1832} INFO - Sync 2 DAGs
[2021-06-28 15:34:34,136] {logging_mixin.py:104} INFO - [2021-06-28 15:34:34,136] {dag.py:2305} INFO - Setting next_dagrun for example_external_task_marker_child to None
[2021-06-28 15:34:34,137] {logging_mixin.py:104} INFO - [2021-06-28 15:34:34,137] {dag.py:2305} INFO - Setting next_dagrun for example_external_task_marker_parent to None
[2021-06-28 15:34:34,179] {scheduler_job.py:190} INFO - Processing /home/airflow/.local/lib/python3.6/site-packages/airflow/example_dags/example_external_task_marker_dag.py took 0.329 seconds
[2021-06-28 15:35:04,246] {scheduler_job.py:182} INFO - Started process (PID=189) to work on /home/airflow/.local/lib/python3.6/site-packages/airflow/example_dags/example_external_task_marker_dag.py
[2021-06-28 15:35:04,248] {scheduler_job.py:633} INFO - Processing file /home/airflow/.local/lib/python3.6/site-packages/airflow/example_dags/example_external_task_marker_dag.py for tasks to queue
[2021-06-28 15:35:04,249] {logging_mixin.py:104} INFO - [2021-06-28 15:35:04,249] {dagbag.py:487} INFO - Filling up the DagBag from /home/airflow/.local/lib/python3.6/site-packages/airflow/example_dags/example_external_task_marker_dag.py
[2021-06-28 15:35:04,274] {scheduler_job.py:643} INFO - DAG(s) dict_keys(['example_external_task_marker_parent', 'example_external_task_marker_child']) retrieved from /home/airflow/.local/lib/python3.6/site-packages/airflow/example_dags/example_external_task_marker_dag.py
[2021-06-28 15:35:04,321] {logging_mixin.py:104} INFO - [2021-06-28 15:35:04,320] {dag.py:1832} INFO - Sync 2 DAGs
[2021-06-28 15:35:04,359] {logging_mixin.py:104} INFO - [2021-06-28 15:35:04,359] {dag.py:2305} INFO - Setting next_dagrun for example_external_task_marker_child to None
[2021-06-28 15:35:04,361] {logging_mixin.py:104} INFO - [2021-06-28 15:35:04,361] {dag.py:2305} INFO - Setting next_dagrun for example_external_task_marker_parent to None
[2021-06-28 15:35:04,380] {scheduler_job.py:190} INFO - Processing /home/airflow/.local/lib/python3.6/site-packages/airflow/example_dags/example_external_task_marker_dag.py took 0.140 seconds
[2021-06-28 15:35:37,052] {scheduler_job.py:182} INFO - Started process (PID=252) to work on /home/airflow/.local/lib/python3.6/site-packages/airflow/example_dags/example_external_task_marker_dag.py
[2021-06-28 15:35:37,075] {scheduler_job.py:633} INFO - Processing file /home/airflow/.local/lib/python3.6/site-packages/airflow/example_dags/example_external_task_marker_dag.py for tasks to queue
[2021-06-28 15:35:37,078] {logging_mixin.py:104} INFO - [2021-06-28 15:35:37,078] {dagbag.py:487} INFO - Filling up the DagBag from /home/airflow/.local/lib/python3.6/site-packages/airflow/example_dags/example_external_task_marker_dag.py
[2021-06-28 15:35:37,248] {scheduler_job.py:643} INFO - DAG(s) dict_keys(['example_external_task_marker_parent', 'example_external_task_marker_child']) retrieved from /home/airflow/.local/lib/python3.6/site-packages/airflow/example_dags/example_external_task_marker_dag.py
[2021-06-28 15:35:37,353] {logging_mixin.py:104} INFO - [2021-06-28 15:35:37,353] {dag.py:1832} INFO - Sync 2 DAGs
[2021-06-28 15:35:37,434] {logging_mixin.py:104} INFO - [2021-06-28 15:35:37,433] {dag.py:2305} INFO - Setting next_dagrun for example_external_task_marker_child to None
[2021-06-28 15:35:37,435] {logging_mixin.py:104} INFO - [2021-06-28 15:35:37,435] {dag.py:2305} INFO - Setting next_dagrun for example_external_task_marker_parent to None
[2021-06-28 15:35:37,527] {scheduler_job.py:190} INFO - Processing /home/airflow/.local/lib/python3.6/site-packages/airflow/example_dags/example_external_task_marker_dag.py took 0.503 seconds
[2021-06-28 15:36:08,014] {scheduler_job.py:182} INFO - Started process (PID=313) to work on /home/airflow/.local/lib/python3.6/site-packages/airflow/example_dags/example_external_task_marker_dag.py
[2021-06-28 15:36:08,017] {scheduler_job.py:633} INFO - Processing file /home/airflow/.local/lib/python3.6/site-packages/airflow/example_dags/example_external_task_marker_dag.py for tasks to queue
[2021-06-28 15:36:08,021] {logging_mixin.py:104} INFO - [2021-06-28 15:36:08,021] {dagbag.py:487} INFO - Filling up the DagBag from /home/airflow/.local/lib/python3.6/site-packages/airflow/example_dags/example_external_task_marker_dag.py
[2021-06-28 15:36:08,053] {scheduler_job.py:643} INFO - DAG(s) dict_keys(['example_external_task_marker_parent', 'example_external_task_marker_child']) retrieved from /home/airflow/.local/lib/python3.6/site-packages/airflow/example_dags/example_external_task_marker_dag.py
[2021-06-28 15:36:08,198] {logging_mixin.py:104} INFO - [2021-06-28 15:36:08,198] {dag.py:1832} INFO - Sync 2 DAGs
[2021-06-28 15:36:08,248] {logging_mixin.py:104} INFO - [2021-06-28 15:36:08,248] {dag.py:2305} INFO - Setting next_dagrun for example_external_task_marker_child to None
[2021-06-28 15:36:08,254] {logging_mixin.py:104} INFO - [2021-06-28 15:36:08,254] {dag.py:2305} INFO - Setting next_dagrun for example_external_task_marker_parent to None
[2021-06-28 15:36:08,299] {scheduler_job.py:190} INFO - Processing /home/airflow/.local/lib/python3.6/site-packages/airflow/example_dags/example_external_task_marker_dag.py took 0.296 seconds
[2021-06-28 15:36:38,898] {scheduler_job.py:182} INFO - Started process (PID=372) to work on /home/airflow/.local/lib/python3.6/site-packages/airflow/example_dags/example_external_task_marker_dag.py
[2021-06-28 15:36:38,900] {scheduler_job.py:633} INFO - Processing file /home/airflow/.local/lib/python3.6/site-packages/airflow/example_dags/example_external_task_marker_dag.py for tasks to queue
[2021-06-28 15:36:38,902] {logging_mixin.py:104} INFO - [2021-06-28 15:36:38,902] {dagbag.py:487} INFO - Filling up the DagBag from /home/airflow/.local/lib/python3.6/site-packages/airflow/example_dags/example_external_task_marker_dag.py
[2021-06-28 15:36:38,928] {scheduler_job.py:643} INFO - DAG(s) dict_keys(['example_external_task_marker_parent', 'example_external_task_marker_child']) retrieved from /home/airflow/.local/lib/python3.6/site-packages/airflow/example_dags/example_external_task_marker_dag.py
[2021-06-28 15:36:38,981] {logging_mixin.py:104} INFO - [2021-06-28 15:36:38,981] {dag.py:1832} INFO - Sync 2 DAGs
[2021-06-28 15:36:39,012] {logging_mixin.py:104} INFO - [2021-06-28 15:36:39,012] {dag.py:2305} INFO - Setting next_dagrun for example_external_task_marker_child to None
[2021-06-28 15:36:39,015] {logging_mixin.py:104} INFO - [2021-06-28 15:36:39,015] {dag.py:2305} INFO - Setting next_dagrun for example_external_task_marker_parent to None
[2021-06-28 15:36:39,039] {scheduler_job.py:190} INFO - Processing /home/airflow/.local/lib/python3.6/site-packages/airflow/example_dags/example_external_task_marker_dag.py took 0.145 seconds
[2021-06-28 15:37:09,635] {scheduler_job.py:182} INFO - Started process (PID=432) to work on /home/airflow/.local/lib/python3.6/site-packages/airflow/example_dags/example_external_task_marker_dag.py
[2021-06-28 15:37:09,637] {scheduler_job.py:633} INFO - Processing file /home/airflow/.local/lib/python3.6/site-packages/airflow/example_dags/example_external_task_marker_dag.py for tasks to queue
[2021-06-28 15:37:09,639] {logging_mixin.py:104} INFO - [2021-06-28 15:37:09,638] {dagbag.py:487} INFO - Filling up the DagBag from /home/airflow/.local/lib/python3.6/site-packages/airflow/example_dags/example_external_task_marker_dag.py
[2021-06-28 15:37:09,656] {scheduler_job.py:643} INFO - DAG(s) dict_keys(['example_external_task_marker_parent', 'example_external_task_marker_child']) retrieved from /home/airflow/.local/lib/python3.6/site-packages/airflow/example_dags/example_external_task_marker_dag.py
[2021-06-28 15:37:09,696] {logging_mixin.py:104} INFO - [2021-06-28 15:37:09,696] {dag.py:1832} INFO - Sync 2 DAGs
[2021-06-28 15:37:09,716] {logging_mixin.py:104} INFO - [2021-06-28 15:37:09,716] {dag.py:2305} INFO - Setting next_dagrun for example_external_task_marker_child to None
[2021-06-28 15:37:09,717] {logging_mixin.py:104} INFO - [2021-06-28 15:37:09,717] {dag.py:2305} INFO - Setting next_dagrun for example_external_task_marker_parent to None
[2021-06-28 15:37:09,746] {scheduler_job.py:190} INFO - Processing /home/airflow/.local/lib/python3.6/site-packages/airflow/example_dags/example_external_task_marker_dag.py took 0.116 seconds
[2021-06-28 15:37:39,920] {scheduler_job.py:182} INFO - Started process (PID=490) to work on /home/airflow/.local/lib/python3.6/site-packages/airflow/example_dags/example_external_task_marker_dag.py
[2021-06-28 15:37:39,926] {scheduler_job.py:633} INFO - Processing file /home/airflow/.local/lib/python3.6/site-packages/airflow/example_dags/example_external_task_marker_dag.py for tasks to queue
[2021-06-28 15:37:39,930] {logging_mixin.py:104} INFO - [2021-06-28 15:37:39,930] {dagbag.py:487} INFO - Filling up the DagBag from /home/airflow/.local/lib/python3.6/site-packages/airflow/example_dags/example_external_task_marker_dag.py
[2021-06-28 15:37:39,969] {scheduler_job.py:643} INFO - DAG(s) dict_keys(['example_external_task_marker_parent', 'example_external_task_marker_child']) retrieved from /home/airflow/.local/lib/python3.6/site-packages/airflow/example_dags/example_external_task_marker_dag.py
[2021-06-28 15:37:40,055] {logging_mixin.py:104} INFO - [2021-06-28 15:37:40,054] {dag.py:1832} INFO - Sync 2 DAGs
[2021-06-28 15:37:40,095] {logging_mixin.py:104} INFO - [2021-06-28 15:37:40,095] {dag.py:2305} INFO - Setting next_dagrun for example_external_task_marker_child to None
[2021-06-28 15:37:40,099] {logging_mixin.py:104} INFO - [2021-06-28 15:37:40,099] {dag.py:2305} INFO - Setting next_dagrun for example_external_task_marker_parent to None
[2021-06-28 15:37:40,138] {scheduler_job.py:190} INFO - Processing /home/airflow/.local/lib/python3.6/site-packages/airflow/example_dags/example_external_task_marker_dag.py took 0.226 seconds
[2021-06-28 15:38:11,963] {scheduler_job.py:182} INFO - Started process (PID=566) to work on /home/airflow/.local/lib/python3.6/site-packages/airflow/example_dags/example_external_task_marker_dag.py
[2021-06-28 15:38:11,966] {scheduler_job.py:633} INFO - Processing file /home/airflow/.local/lib/python3.6/site-packages/airflow/example_dags/example_external_task_marker_dag.py for tasks to queue
[2021-06-28 15:38:11,967] {logging_mixin.py:104} INFO - [2021-06-28 15:38:11,966] {dagbag.py:487} INFO - Filling up the DagBag from /home/airflow/.local/lib/python3.6/site-packages/airflow/example_dags/example_external_task_marker_dag.py
[2021-06-28 15:38:12,002] {scheduler_job.py:643} INFO - DAG(s) dict_keys(['example_external_task_marker_parent', 'example_external_task_marker_child']) retrieved from /home/airflow/.local/lib/python3.6/site-packages/airflow/example_dags/example_external_task_marker_dag.py
[2021-06-28 15:38:12,948] {logging_mixin.py:104} INFO - [2021-06-28 15:38:12,948] {dag.py:1832} INFO - Sync 2 DAGs
[2021-06-28 15:38:12,998] {logging_mixin.py:104} INFO - [2021-06-28 15:38:12,998] {dag.py:2305} INFO - Setting next_dagrun for example_external_task_marker_child to None
[2021-06-28 15:38:13,001] {logging_mixin.py:104} INFO - [2021-06-28 15:38:13,001] {dag.py:2305} INFO - Setting next_dagrun for example_external_task_marker_parent to None
[2021-06-28 15:38:13,047] {scheduler_job.py:190} INFO - Processing /home/airflow/.local/lib/python3.6/site-packages/airflow/example_dags/example_external_task_marker_dag.py took 1.117 seconds
[2021-06-28 15:38:43,120] {scheduler_job.py:182} INFO - Started process (PID=642) to work on /home/airflow/.local/lib/python3.6/site-packages/airflow/example_dags/example_external_task_marker_dag.py
[2021-06-28 15:38:43,122] {scheduler_job.py:633} INFO - Processing file /home/airflow/.local/lib/python3.6/site-packages/airflow/example_dags/example_external_task_marker_dag.py for tasks to queue
[2021-06-28 15:38:43,127] {logging_mixin.py:104} INFO - [2021-06-28 15:38:43,126] {dagbag.py:487} INFO - Filling up the DagBag from /home/airflow/.local/lib/python3.6/site-packages/airflow/example_dags/example_external_task_marker_dag.py
[2021-06-28 15:38:43,162] {scheduler_job.py:643} INFO - DAG(s) dict_keys(['example_external_task_marker_parent', 'example_external_task_marker_child']) retrieved from /home/airflow/.local/lib/python3.6/site-packages/airflow/example_dags/example_external_task_marker_dag.py
[2021-06-28 15:38:43,229] {logging_mixin.py:104} INFO - [2021-06-28 15:38:43,229] {dag.py:1832} INFO - Sync 2 DAGs
[2021-06-28 15:38:43,268] {logging_mixin.py:104} INFO - [2021-06-28 15:38:43,268] {dag.py:2305} INFO - Setting next_dagrun for example_external_task_marker_child to None
[2021-06-28 15:38:43,270] {logging_mixin.py:104} INFO - [2021-06-28 15:38:43,270] {dag.py:2305} INFO - Setting next_dagrun for example_external_task_marker_parent to None
[2021-06-28 15:38:43,296] {scheduler_job.py:190} INFO - Processing /home/airflow/.local/lib/python3.6/site-packages/airflow/example_dags/example_external_task_marker_dag.py took 0.181 seconds
[2021-06-28 15:39:14,091] {scheduler_job.py:182} INFO - Started process (PID=709) to work on /home/airflow/.local/lib/python3.6/site-packages/airflow/example_dags/example_external_task_marker_dag.py
[2021-06-28 15:39:14,093] {scheduler_job.py:633} INFO - Processing file /home/airflow/.local/lib/python3.6/site-packages/airflow/example_dags/example_external_task_marker_dag.py for tasks to queue
[2021-06-28 15:39:14,094] {logging_mixin.py:104} INFO - [2021-06-28 15:39:14,094] {dagbag.py:487} INFO - Filling up the DagBag from /home/airflow/.local/lib/python3.6/site-packages/airflow/example_dags/example_external_task_marker_dag.py
[2021-06-28 15:39:14,113] {scheduler_job.py:643} INFO - DAG(s) dict_keys(['example_external_task_marker_parent', 'example_external_task_marker_child']) retrieved from /home/airflow/.local/lib/python3.6/site-packages/airflow/example_dags/example_external_task_marker_dag.py
[2021-06-28 15:39:14,825] {logging_mixin.py:104} INFO - [2021-06-28 15:39:14,825] {dag.py:1832} INFO - Sync 2 DAGs
[2021-06-28 15:39:14,862] {logging_mixin.py:104} INFO - [2021-06-28 15:39:14,862] {dag.py:2305} INFO - Setting next_dagrun for example_external_task_marker_child to None
[2021-06-28 15:39:14,865] {logging_mixin.py:104} INFO - [2021-06-28 15:39:14,865] {dag.py:2305} INFO - Setting next_dagrun for example_external_task_marker_parent to None
[2021-06-28 15:39:14,895] {scheduler_job.py:190} INFO - Processing /home/airflow/.local/lib/python3.6/site-packages/airflow/example_dags/example_external_task_marker_dag.py took 0.809 seconds
[2021-06-28 15:39:45,931] {scheduler_job.py:182} INFO - Started process (PID=775) to work on /home/airflow/.local/lib/python3.6/site-packages/airflow/example_dags/example_external_task_marker_dag.py
[2021-06-28 15:39:45,935] {scheduler_job.py:633} INFO - Processing file /home/airflow/.local/lib/python3.6/site-packages/airflow/example_dags/example_external_task_marker_dag.py for tasks to queue
[2021-06-28 15:39:45,942] {logging_mixin.py:104} INFO - [2021-06-28 15:39:45,939] {dagbag.py:487} INFO - Filling up the DagBag from /home/airflow/.local/lib/python3.6/site-packages/airflow/example_dags/example_external_task_marker_dag.py
[2021-06-28 15:39:45,967] {scheduler_job.py:643} INFO - DAG(s) dict_keys(['example_external_task_marker_parent', 'example_external_task_marker_child']) retrieved from /home/airflow/.local/lib/python3.6/site-packages/airflow/example_dags/example_external_task_marker_dag.py
[2021-06-28 15:39:46,130] {logging_mixin.py:104} INFO - [2021-06-28 15:39:46,122] {dag.py:1832} INFO - Sync 2 DAGs
[2021-06-28 15:39:46,208] {logging_mixin.py:104} INFO - [2021-06-28 15:39:46,207] {dag.py:2305} INFO - Setting next_dagrun for example_external_task_marker_child to None
[2021-06-28 15:39:46,211] {logging_mixin.py:104} INFO - [2021-06-28 15:39:46,210] {dag.py:2305} INFO - Setting next_dagrun for example_external_task_marker_parent to None
[2021-06-28 15:39:46,270] {scheduler_job.py:190} INFO - Processing /home/airflow/.local/lib/python3.6/site-packages/airflow/example_dags/example_external_task_marker_dag.py took 0.370 seconds
[2021-06-28 15:40:17,913] {scheduler_job.py:182} INFO - Started process (PID=835) to work on /home/airflow/.local/lib/python3.6/site-packages/airflow/example_dags/example_external_task_marker_dag.py
[2021-06-28 15:40:17,918] {scheduler_job.py:633} INFO - Processing file /home/airflow/.local/lib/python3.6/site-packages/airflow/example_dags/example_external_task_marker_dag.py for tasks to queue
[2021-06-28 15:40:17,922] {logging_mixin.py:104} INFO - [2021-06-28 15:40:17,921] {dagbag.py:487} INFO - Filling up the DagBag from /home/airflow/.local/lib/python3.6/site-packages/airflow/example_dags/example_external_task_marker_dag.py
[2021-06-28 15:40:17,965] {scheduler_job.py:643} INFO - DAG(s) dict_keys(['example_external_task_marker_parent', 'example_external_task_marker_child']) retrieved from /home/airflow/.local/lib/python3.6/site-packages/airflow/example_dags/example_external_task_marker_dag.py
[2021-06-28 15:40:18,045] {logging_mixin.py:104} INFO - [2021-06-28 15:40:18,045] {dag.py:1832} INFO - Sync 2 DAGs
[2021-06-28 15:40:18,096] {logging_mixin.py:104} INFO - [2021-06-28 15:40:18,096] {dag.py:2305} INFO - Setting next_dagrun for example_external_task_marker_child to None
[2021-06-28 15:40:18,097] {logging_mixin.py:104} INFO - [2021-06-28 15:40:18,097] {dag.py:2305} INFO - Setting next_dagrun for example_external_task_marker_parent to None
[2021-06-28 15:40:18,185] {scheduler_job.py:190} INFO - Processing /home/airflow/.local/lib/python3.6/site-packages/airflow/example_dags/example_external_task_marker_dag.py took 0.284 seconds
[2021-06-28 15:40:49,024] {scheduler_job.py:182} INFO - Started process (PID=910) to work on /home/airflow/.local/lib/python3.6/site-packages/airflow/example_dags/example_external_task_marker_dag.py
[2021-06-28 15:40:49,025] {scheduler_job.py:633} INFO - Processing file /home/airflow/.local/lib/python3.6/site-packages/airflow/example_dags/example_external_task_marker_dag.py for tasks to queue
[2021-06-28 15:40:49,027] {logging_mixin.py:104} INFO - [2021-06-28 15:40:49,027] {dagbag.py:487} INFO - Filling up the DagBag from /home/airflow/.local/lib/python3.6/site-packages/airflow/example_dags/example_external_task_marker_dag.py
[2021-06-28 15:40:49,124] {scheduler_job.py:643} INFO - DAG(s) dict_keys(['example_external_task_marker_parent', 'example_external_task_marker_child']) retrieved from /home/airflow/.local/lib/python3.6/site-packages/airflow/example_dags/example_external_task_marker_dag.py
[2021-06-28 15:40:49,282] {logging_mixin.py:104} INFO - [2021-06-28 15:40:49,282] {dag.py:1832} INFO - Sync 2 DAGs
[2021-06-28 15:40:49,307] {logging_mixin.py:104} INFO - [2021-06-28 15:40:49,307] {dag.py:2305} INFO - Setting next_dagrun for example_external_task_marker_child to None
[2021-06-28 15:40:49,313] {logging_mixin.py:104} INFO - [2021-06-28 15:40:49,313] {dag.py:2305} INFO - Setting next_dagrun for example_external_task_marker_parent to None
[2021-06-28 15:40:49,343] {scheduler_job.py:190} INFO - Processing /home/airflow/.local/lib/python3.6/site-packages/airflow/example_dags/example_external_task_marker_dag.py took 0.344 seconds
[2021-06-28 15:41:20,327] {scheduler_job.py:182} INFO - Started process (PID=969) to work on /home/airflow/.local/lib/python3.6/site-packages/airflow/example_dags/example_external_task_marker_dag.py
[2021-06-28 15:41:20,328] {scheduler_job.py:633} INFO - Processing file /home/airflow/.local/lib/python3.6/site-packages/airflow/example_dags/example_external_task_marker_dag.py for tasks to queue
[2021-06-28 15:41:20,329] {logging_mixin.py:104} INFO - [2021-06-28 15:41:20,328] {dagbag.py:487} INFO - Filling up the DagBag from /home/airflow/.local/lib/python3.6/site-packages/airflow/example_dags/example_external_task_marker_dag.py
[2021-06-28 15:41:20,344] {scheduler_job.py:643} INFO - DAG(s) dict_keys(['example_external_task_marker_parent', 'example_external_task_marker_child']) retrieved from /home/airflow/.local/lib/python3.6/site-packages/airflow/example_dags/example_external_task_marker_dag.py
[2021-06-28 15:41:20,379] {logging_mixin.py:104} INFO - [2021-06-28 15:41:20,379] {dag.py:1832} INFO - Sync 2 DAGs
[2021-06-28 15:41:20,407] {logging_mixin.py:104} INFO - [2021-06-28 15:41:20,407] {dag.py:2305} INFO - Setting next_dagrun for example_external_task_marker_child to None
[2021-06-28 15:41:20,409] {logging_mixin.py:104} INFO - [2021-06-28 15:41:20,409] {dag.py:2305} INFO - Setting next_dagrun for example_external_task_marker_parent to None
[2021-06-28 15:41:20,433] {scheduler_job.py:190} INFO - Processing /home/airflow/.local/lib/python3.6/site-packages/airflow/example_dags/example_external_task_marker_dag.py took 0.111 seconds
[2021-06-28 15:41:50,484] {scheduler_job.py:182} INFO - Started process (PID=1029) to work on /home/airflow/.local/lib/python3.6/site-packages/airflow/example_dags/example_external_task_marker_dag.py
[2021-06-28 15:41:50,486] {scheduler_job.py:633} INFO - Processing file /home/airflow/.local/lib/python3.6/site-packages/airflow/example_dags/example_external_task_marker_dag.py for tasks to queue
[2021-06-28 15:41:50,487] {logging_mixin.py:104} INFO - [2021-06-28 15:41:50,486] {dagbag.py:487} INFO - Filling up the DagBag from /home/airflow/.local/lib/python3.6/site-packages/airflow/example_dags/example_external_task_marker_dag.py
[2021-06-28 15:41:50,502] {scheduler_job.py:643} INFO - DAG(s) dict_keys(['example_external_task_marker_parent', 'example_external_task_marker_child']) retrieved from /home/airflow/.local/lib/python3.6/site-packages/airflow/example_dags/example_external_task_marker_dag.py
[2021-06-28 15:41:50,921] {logging_mixin.py:104} INFO - [2021-06-28 15:41:50,921] {dag.py:1832} INFO - Sync 2 DAGs
[2021-06-28 15:41:50,944] {logging_mixin.py:104} INFO - [2021-06-28 15:41:50,943] {dag.py:2305} INFO - Setting next_dagrun for example_external_task_marker_child to None
[2021-06-28 15:41:50,946] {logging_mixin.py:104} INFO - [2021-06-28 15:41:50,946] {dag.py:2305} INFO - Setting next_dagrun for example_external_task_marker_parent to None
[2021-06-28 15:41:50,964] {scheduler_job.py:190} INFO - Processing /home/airflow/.local/lib/python3.6/site-packages/airflow/example_dags/example_external_task_marker_dag.py took 0.485 seconds
[2021-06-28 15:42:21,890] {scheduler_job.py:182} INFO - Started process (PID=1101) to work on /home/airflow/.local/lib/python3.6/site-packages/airflow/example_dags/example_external_task_marker_dag.py
[2021-06-28 15:42:21,897] {scheduler_job.py:633} INFO - Processing file /home/airflow/.local/lib/python3.6/site-packages/airflow/example_dags/example_external_task_marker_dag.py for tasks to queue
[2021-06-28 15:42:21,898] {logging_mixin.py:104} INFO - [2021-06-28 15:42:21,897] {dagbag.py:487} INFO - Filling up the DagBag from /home/airflow/.local/lib/python3.6/site-packages/airflow/example_dags/example_external_task_marker_dag.py
[2021-06-28 15:42:21,942] {scheduler_job.py:643} INFO - DAG(s) dict_keys(['example_external_task_marker_parent', 'example_external_task_marker_child']) retrieved from /home/airflow/.local/lib/python3.6/site-packages/airflow/example_dags/example_external_task_marker_dag.py
[2021-06-28 15:42:22,003] {logging_mixin.py:104} INFO - [2021-06-28 15:42:22,003] {dag.py:1832} INFO - Sync 2 DAGs
[2021-06-28 15:42:22,038] {logging_mixin.py:104} INFO - [2021-06-28 15:42:22,038] {dag.py:2305} INFO - Setting next_dagrun for example_external_task_marker_child to None
[2021-06-28 15:42:22,039] {logging_mixin.py:104} INFO - [2021-06-28 15:42:22,039] {dag.py:2305} INFO - Setting next_dagrun for example_external_task_marker_parent to None
[2021-06-28 15:42:22,070] {scheduler_job.py:190} INFO - Processing /home/airflow/.local/lib/python3.6/site-packages/airflow/example_dags/example_external_task_marker_dag.py took 0.184 seconds
[2021-06-28 15:42:52,479] {scheduler_job.py:182} INFO - Started process (PID=1164) to work on /home/airflow/.local/lib/python3.6/site-packages/airflow/example_dags/example_external_task_marker_dag.py
[2021-06-28 15:42:52,481] {scheduler_job.py:633} INFO - Processing file /home/airflow/.local/lib/python3.6/site-packages/airflow/example_dags/example_external_task_marker_dag.py for tasks to queue
[2021-06-28 15:42:52,482] {logging_mixin.py:104} INFO - [2021-06-28 15:42:52,482] {dagbag.py:487} INFO - Filling up the DagBag from /home/airflow/.local/lib/python3.6/site-packages/airflow/example_dags/example_external_task_marker_dag.py
[2021-06-28 15:42:52,507] {scheduler_job.py:643} INFO - DAG(s) dict_keys(['example_external_task_marker_parent', 'example_external_task_marker_child']) retrieved from /home/airflow/.local/lib/python3.6/site-packages/airflow/example_dags/example_external_task_marker_dag.py
[2021-06-28 15:42:52,788] {logging_mixin.py:104} INFO - [2021-06-28 15:42:52,787] {dag.py:1832} INFO - Sync 2 DAGs
[2021-06-28 15:42:52,819] {logging_mixin.py:104} INFO - [2021-06-28 15:42:52,818] {dag.py:2305} INFO - Setting next_dagrun for example_external_task_marker_child to None
[2021-06-28 15:42:52,820] {logging_mixin.py:104} INFO - [2021-06-28 15:42:52,820] {dag.py:2305} INFO - Setting next_dagrun for example_external_task_marker_parent to None
[2021-06-28 15:42:52,866] {scheduler_job.py:190} INFO - Processing /home/airflow/.local/lib/python3.6/site-packages/airflow/example_dags/example_external_task_marker_dag.py took 0.391 seconds
[2021-06-28 15:43:23,047] {scheduler_job.py:182} INFO - Started process (PID=1222) to work on /home/airflow/.local/lib/python3.6/site-packages/airflow/example_dags/example_external_task_marker_dag.py
[2021-06-28 15:43:23,052] {scheduler_job.py:633} INFO - Processing file /home/airflow/.local/lib/python3.6/site-packages/airflow/example_dags/example_external_task_marker_dag.py for tasks to queue
[2021-06-28 15:43:23,055] {logging_mixin.py:104} INFO - [2021-06-28 15:43:23,055] {dagbag.py:487} INFO - Filling up the DagBag from /home/airflow/.local/lib/python3.6/site-packages/airflow/example_dags/example_external_task_marker_dag.py
[2021-06-28 15:43:23,089] {scheduler_job.py:643} INFO - DAG(s) dict_keys(['example_external_task_marker_parent', 'example_external_task_marker_child']) retrieved from /home/airflow/.local/lib/python3.6/site-packages/airflow/example_dags/example_external_task_marker_dag.py
[2021-06-28 15:43:23,136] {logging_mixin.py:104} INFO - [2021-06-28 15:43:23,136] {dag.py:1832} INFO - Sync 2 DAGs
[2021-06-28 15:43:23,169] {logging_mixin.py:104} INFO - [2021-06-28 15:43:23,169] {dag.py:2305} INFO - Setting next_dagrun for example_external_task_marker_child to None
[2021-06-28 15:43:23,171] {logging_mixin.py:104} INFO - [2021-06-28 15:43:23,171] {dag.py:2305} INFO - Setting next_dagrun for example_external_task_marker_parent to None
[2021-06-28 15:43:23,209] {scheduler_job.py:190} INFO - Processing /home/airflow/.local/lib/python3.6/site-packages/airflow/example_dags/example_external_task_marker_dag.py took 0.179 seconds
[2021-06-28 15:43:53,291] {scheduler_job.py:182} INFO - Started process (PID=1278) to work on /home/airflow/.local/lib/python3.6/site-packages/airflow/example_dags/example_external_task_marker_dag.py
[2021-06-28 15:43:53,292] {scheduler_job.py:633} INFO - Processing file /home/airflow/.local/lib/python3.6/site-packages/airflow/example_dags/example_external_task_marker_dag.py for tasks to queue
[2021-06-28 15:43:53,293] {logging_mixin.py:104} INFO - [2021-06-28 15:43:53,293] {dagbag.py:487} INFO - Filling up the DagBag from /home/airflow/.local/lib/python3.6/site-packages/airflow/example_dags/example_external_task_marker_dag.py
[2021-06-28 15:43:53,307] {scheduler_job.py:643} INFO - DAG(s) dict_keys(['example_external_task_marker_parent', 'example_external_task_marker_child']) retrieved from /home/airflow/.local/lib/python3.6/site-packages/airflow/example_dags/example_external_task_marker_dag.py
[2021-06-28 15:43:53,346] {logging_mixin.py:104} INFO - [2021-06-28 15:43:53,346] {dag.py:1832} INFO - Sync 2 DAGs
[2021-06-28 15:43:53,369] {logging_mixin.py:104} INFO - [2021-06-28 15:43:53,369] {dag.py:2305} INFO - Setting next_dagrun for example_external_task_marker_child to None
[2021-06-28 15:43:53,370] {logging_mixin.py:104} INFO - [2021-06-28 15:43:53,370] {dag.py:2305} INFO - Setting next_dagrun for example_external_task_marker_parent to None
[2021-06-28 15:43:53,389] {scheduler_job.py:190} INFO - Processing /home/airflow/.local/lib/python3.6/site-packages/airflow/example_dags/example_external_task_marker_dag.py took 0.102 seconds
[2021-06-28 15:44:23,499] {scheduler_job.py:182} INFO - Started process (PID=1338) to work on /home/airflow/.local/lib/python3.6/site-packages/airflow/example_dags/example_external_task_marker_dag.py
[2021-06-28 15:44:23,502] {scheduler_job.py:633} INFO - Processing file /home/airflow/.local/lib/python3.6/site-packages/airflow/example_dags/example_external_task_marker_dag.py for tasks to queue
[2021-06-28 15:44:23,503] {logging_mixin.py:104} INFO - [2021-06-28 15:44:23,502] {dagbag.py:487} INFO - Filling up the DagBag from /home/airflow/.local/lib/python3.6/site-packages/airflow/example_dags/example_external_task_marker_dag.py
[2021-06-28 15:44:23,538] {scheduler_job.py:643} INFO - DAG(s) dict_keys(['example_external_task_marker_parent', 'example_external_task_marker_child']) retrieved from /home/airflow/.local/lib/python3.6/site-packages/airflow/example_dags/example_external_task_marker_dag.py
[2021-06-28 15:44:23,610] {logging_mixin.py:104} INFO - [2021-06-28 15:44:23,610] {dag.py:1832} INFO - Sync 2 DAGs
[2021-06-28 15:44:23,644] {logging_mixin.py:104} INFO - [2021-06-28 15:44:23,644] {dag.py:2305} INFO - Setting next_dagrun for example_external_task_marker_child to None
[2021-06-28 15:44:23,646] {logging_mixin.py:104} INFO - [2021-06-28 15:44:23,645] {dag.py:2305} INFO - Setting next_dagrun for example_external_task_marker_parent to None
[2021-06-28 15:44:23,663] {scheduler_job.py:190} INFO - Processing /home/airflow/.local/lib/python3.6/site-packages/airflow/example_dags/example_external_task_marker_dag.py took 0.177 seconds
