[2021-06-28 15:16:31,501] {scheduler_job.py:182} INFO - Started process (PID=112) to work on /home/airflow/.local/lib/python3.6/site-packages/airflow/example_dags/example_trigger_target_dag.py
[2021-06-28 15:16:31,502] {scheduler_job.py:633} INFO - Processing file /home/airflow/.local/lib/python3.6/site-packages/airflow/example_dags/example_trigger_target_dag.py for tasks to queue
[2021-06-28 15:16:31,503] {logging_mixin.py:104} INFO - [2021-06-28 15:16:31,503] {dagbag.py:487} INFO - Filling up the DagBag from /home/airflow/.local/lib/python3.6/site-packages/airflow/example_dags/example_trigger_target_dag.py
[2021-06-28 15:16:31,599] {scheduler_job.py:643} INFO - DAG(s) dict_keys(['example_trigger_target_dag']) retrieved from /home/airflow/.local/lib/python3.6/site-packages/airflow/example_dags/example_trigger_target_dag.py
[2021-06-28 15:16:33,663] {logging_mixin.py:104} INFO - [2021-06-28 15:16:33,663] {dag.py:1832} INFO - Sync 1 DAGs
[2021-06-28 15:16:33,795] {logging_mixin.py:104} INFO - [2021-06-28 15:16:33,794] {dag.py:2305} INFO - Setting next_dagrun for example_trigger_target_dag to None
[2021-06-28 15:16:33,848] {scheduler_job.py:190} INFO - Processing /home/airflow/.local/lib/python3.6/site-packages/airflow/example_dags/example_trigger_target_dag.py took 2.371 seconds
[2021-06-28 15:17:03,957] {scheduler_job.py:182} INFO - Started process (PID=170) to work on /home/airflow/.local/lib/python3.6/site-packages/airflow/example_dags/example_trigger_target_dag.py
[2021-06-28 15:17:03,959] {scheduler_job.py:633} INFO - Processing file /home/airflow/.local/lib/python3.6/site-packages/airflow/example_dags/example_trigger_target_dag.py for tasks to queue
[2021-06-28 15:17:03,960] {logging_mixin.py:104} INFO - [2021-06-28 15:17:03,960] {dagbag.py:487} INFO - Filling up the DagBag from /home/airflow/.local/lib/python3.6/site-packages/airflow/example_dags/example_trigger_target_dag.py
[2021-06-28 15:17:03,990] {scheduler_job.py:643} INFO - DAG(s) dict_keys(['example_trigger_target_dag']) retrieved from /home/airflow/.local/lib/python3.6/site-packages/airflow/example_dags/example_trigger_target_dag.py
[2021-06-28 15:17:04,048] {logging_mixin.py:104} INFO - [2021-06-28 15:17:04,047] {dag.py:1832} INFO - Sync 1 DAGs
[2021-06-28 15:17:04,086] {logging_mixin.py:104} INFO - [2021-06-28 15:17:04,086] {dag.py:2305} INFO - Setting next_dagrun for example_trigger_target_dag to None
[2021-06-28 15:17:04,113] {scheduler_job.py:190} INFO - Processing /home/airflow/.local/lib/python3.6/site-packages/airflow/example_dags/example_trigger_target_dag.py took 0.161 seconds
[2021-06-28 15:17:34,153] {scheduler_job.py:182} INFO - Started process (PID=232) to work on /home/airflow/.local/lib/python3.6/site-packages/airflow/example_dags/example_trigger_target_dag.py
[2021-06-28 15:17:34,154] {scheduler_job.py:633} INFO - Processing file /home/airflow/.local/lib/python3.6/site-packages/airflow/example_dags/example_trigger_target_dag.py for tasks to queue
[2021-06-28 15:17:34,155] {logging_mixin.py:104} INFO - [2021-06-28 15:17:34,155] {dagbag.py:487} INFO - Filling up the DagBag from /home/airflow/.local/lib/python3.6/site-packages/airflow/example_dags/example_trigger_target_dag.py
[2021-06-28 15:17:34,177] {scheduler_job.py:643} INFO - DAG(s) dict_keys(['example_trigger_target_dag']) retrieved from /home/airflow/.local/lib/python3.6/site-packages/airflow/example_dags/example_trigger_target_dag.py
[2021-06-28 15:17:34,203] {logging_mixin.py:104} INFO - [2021-06-28 15:17:34,203] {dag.py:1832} INFO - Sync 1 DAGs
[2021-06-28 15:17:34,237] {logging_mixin.py:104} INFO - [2021-06-28 15:17:34,237] {dag.py:2305} INFO - Setting next_dagrun for example_trigger_target_dag to None
[2021-06-28 15:17:34,250] {scheduler_job.py:190} INFO - Processing /home/airflow/.local/lib/python3.6/site-packages/airflow/example_dags/example_trigger_target_dag.py took 0.102 seconds
[2021-06-28 15:18:04,405] {scheduler_job.py:182} INFO - Started process (PID=301) to work on /home/airflow/.local/lib/python3.6/site-packages/airflow/example_dags/example_trigger_target_dag.py
[2021-06-28 15:18:04,419] {scheduler_job.py:633} INFO - Processing file /home/airflow/.local/lib/python3.6/site-packages/airflow/example_dags/example_trigger_target_dag.py for tasks to queue
[2021-06-28 15:18:04,421] {logging_mixin.py:104} INFO - [2021-06-28 15:18:04,421] {dagbag.py:487} INFO - Filling up the DagBag from /home/airflow/.local/lib/python3.6/site-packages/airflow/example_dags/example_trigger_target_dag.py
[2021-06-28 15:18:04,461] {scheduler_job.py:643} INFO - DAG(s) dict_keys(['example_trigger_target_dag']) retrieved from /home/airflow/.local/lib/python3.6/site-packages/airflow/example_dags/example_trigger_target_dag.py
[2021-06-28 15:18:04,510] {logging_mixin.py:104} INFO - [2021-06-28 15:18:04,509] {dag.py:1832} INFO - Sync 1 DAGs
[2021-06-28 15:18:04,535] {logging_mixin.py:104} INFO - [2021-06-28 15:18:04,535] {dag.py:2305} INFO - Setting next_dagrun for example_trigger_target_dag to None
[2021-06-28 15:18:04,586] {scheduler_job.py:190} INFO - Processing /home/airflow/.local/lib/python3.6/site-packages/airflow/example_dags/example_trigger_target_dag.py took 0.185 seconds
[2021-06-28 15:18:34,808] {scheduler_job.py:182} INFO - Started process (PID=368) to work on /home/airflow/.local/lib/python3.6/site-packages/airflow/example_dags/example_trigger_target_dag.py
[2021-06-28 15:18:34,816] {scheduler_job.py:633} INFO - Processing file /home/airflow/.local/lib/python3.6/site-packages/airflow/example_dags/example_trigger_target_dag.py for tasks to queue
[2021-06-28 15:18:34,817] {logging_mixin.py:104} INFO - [2021-06-28 15:18:34,817] {dagbag.py:487} INFO - Filling up the DagBag from /home/airflow/.local/lib/python3.6/site-packages/airflow/example_dags/example_trigger_target_dag.py
[2021-06-28 15:18:34,842] {scheduler_job.py:643} INFO - DAG(s) dict_keys(['example_trigger_target_dag']) retrieved from /home/airflow/.local/lib/python3.6/site-packages/airflow/example_dags/example_trigger_target_dag.py
[2021-06-28 15:18:34,879] {logging_mixin.py:104} INFO - [2021-06-28 15:18:34,879] {dag.py:1832} INFO - Sync 1 DAGs
[2021-06-28 15:18:34,939] {logging_mixin.py:104} INFO - [2021-06-28 15:18:34,939] {dag.py:2305} INFO - Setting next_dagrun for example_trigger_target_dag to None
[2021-06-28 15:18:34,956] {scheduler_job.py:190} INFO - Processing /home/airflow/.local/lib/python3.6/site-packages/airflow/example_dags/example_trigger_target_dag.py took 0.154 seconds
[2021-06-28 15:19:05,757] {scheduler_job.py:182} INFO - Started process (PID=428) to work on /home/airflow/.local/lib/python3.6/site-packages/airflow/example_dags/example_trigger_target_dag.py
[2021-06-28 15:19:05,760] {scheduler_job.py:633} INFO - Processing file /home/airflow/.local/lib/python3.6/site-packages/airflow/example_dags/example_trigger_target_dag.py for tasks to queue
[2021-06-28 15:19:05,762] {logging_mixin.py:104} INFO - [2021-06-28 15:19:05,762] {dagbag.py:487} INFO - Filling up the DagBag from /home/airflow/.local/lib/python3.6/site-packages/airflow/example_dags/example_trigger_target_dag.py
[2021-06-28 15:19:05,788] {scheduler_job.py:643} INFO - DAG(s) dict_keys(['example_trigger_target_dag']) retrieved from /home/airflow/.local/lib/python3.6/site-packages/airflow/example_dags/example_trigger_target_dag.py
[2021-06-28 15:19:05,836] {logging_mixin.py:104} INFO - [2021-06-28 15:19:05,834] {dag.py:1832} INFO - Sync 1 DAGs
[2021-06-28 15:19:05,880] {logging_mixin.py:104} INFO - [2021-06-28 15:19:05,879] {dag.py:2305} INFO - Setting next_dagrun for example_trigger_target_dag to None
[2021-06-28 15:19:05,907] {scheduler_job.py:190} INFO - Processing /home/airflow/.local/lib/python3.6/site-packages/airflow/example_dags/example_trigger_target_dag.py took 0.157 seconds
[2021-06-28 15:19:36,303] {scheduler_job.py:182} INFO - Started process (PID=483) to work on /home/airflow/.local/lib/python3.6/site-packages/airflow/example_dags/example_trigger_target_dag.py
[2021-06-28 15:19:36,316] {scheduler_job.py:633} INFO - Processing file /home/airflow/.local/lib/python3.6/site-packages/airflow/example_dags/example_trigger_target_dag.py for tasks to queue
[2021-06-28 15:19:36,318] {logging_mixin.py:104} INFO - [2021-06-28 15:19:36,318] {dagbag.py:487} INFO - Filling up the DagBag from /home/airflow/.local/lib/python3.6/site-packages/airflow/example_dags/example_trigger_target_dag.py
[2021-06-28 15:19:36,416] {scheduler_job.py:643} INFO - DAG(s) dict_keys(['example_trigger_target_dag']) retrieved from /home/airflow/.local/lib/python3.6/site-packages/airflow/example_dags/example_trigger_target_dag.py
[2021-06-28 15:19:36,533] {logging_mixin.py:104} INFO - [2021-06-28 15:19:36,527] {dag.py:1832} INFO - Sync 1 DAGs
[2021-06-28 15:19:36,596] {logging_mixin.py:104} INFO - [2021-06-28 15:19:36,595] {dag.py:2305} INFO - Setting next_dagrun for example_trigger_target_dag to None
[2021-06-28 15:19:36,644] {scheduler_job.py:190} INFO - Processing /home/airflow/.local/lib/python3.6/site-packages/airflow/example_dags/example_trigger_target_dag.py took 0.359 seconds
[2021-06-28 15:20:07,294] {scheduler_job.py:182} INFO - Started process (PID=544) to work on /home/airflow/.local/lib/python3.6/site-packages/airflow/example_dags/example_trigger_target_dag.py
[2021-06-28 15:20:07,296] {scheduler_job.py:633} INFO - Processing file /home/airflow/.local/lib/python3.6/site-packages/airflow/example_dags/example_trigger_target_dag.py for tasks to queue
[2021-06-28 15:20:07,303] {logging_mixin.py:104} INFO - [2021-06-28 15:20:07,303] {dagbag.py:487} INFO - Filling up the DagBag from /home/airflow/.local/lib/python3.6/site-packages/airflow/example_dags/example_trigger_target_dag.py
[2021-06-28 15:20:07,432] {scheduler_job.py:643} INFO - DAG(s) dict_keys(['example_trigger_target_dag']) retrieved from /home/airflow/.local/lib/python3.6/site-packages/airflow/example_dags/example_trigger_target_dag.py
[2021-06-28 15:20:07,998] {logging_mixin.py:104} INFO - [2021-06-28 15:20:07,998] {dag.py:1832} INFO - Sync 1 DAGs
[2021-06-28 15:20:08,219] {logging_mixin.py:104} INFO - [2021-06-28 15:20:08,219] {dag.py:2305} INFO - Setting next_dagrun for example_trigger_target_dag to None
[2021-06-28 15:20:08,441] {scheduler_job.py:190} INFO - Processing /home/airflow/.local/lib/python3.6/site-packages/airflow/example_dags/example_trigger_target_dag.py took 1.206 seconds
[2021-06-28 15:20:38,735] {scheduler_job.py:182} INFO - Started process (PID=607) to work on /home/airflow/.local/lib/python3.6/site-packages/airflow/example_dags/example_trigger_target_dag.py
[2021-06-28 15:20:38,737] {scheduler_job.py:633} INFO - Processing file /home/airflow/.local/lib/python3.6/site-packages/airflow/example_dags/example_trigger_target_dag.py for tasks to queue
[2021-06-28 15:20:38,738] {logging_mixin.py:104} INFO - [2021-06-28 15:20:38,738] {dagbag.py:487} INFO - Filling up the DagBag from /home/airflow/.local/lib/python3.6/site-packages/airflow/example_dags/example_trigger_target_dag.py
[2021-06-28 15:20:38,765] {scheduler_job.py:643} INFO - DAG(s) dict_keys(['example_trigger_target_dag']) retrieved from /home/airflow/.local/lib/python3.6/site-packages/airflow/example_dags/example_trigger_target_dag.py
[2021-06-28 15:20:38,820] {logging_mixin.py:104} INFO - [2021-06-28 15:20:38,820] {dag.py:1832} INFO - Sync 1 DAGs
[2021-06-28 15:20:38,882] {logging_mixin.py:104} INFO - [2021-06-28 15:20:38,882] {dag.py:2305} INFO - Setting next_dagrun for example_trigger_target_dag to None
[2021-06-28 15:20:38,909] {scheduler_job.py:190} INFO - Processing /home/airflow/.local/lib/python3.6/site-packages/airflow/example_dags/example_trigger_target_dag.py took 0.179 seconds
[2021-06-28 15:21:09,515] {scheduler_job.py:182} INFO - Started process (PID=666) to work on /home/airflow/.local/lib/python3.6/site-packages/airflow/example_dags/example_trigger_target_dag.py
[2021-06-28 15:21:09,517] {scheduler_job.py:633} INFO - Processing file /home/airflow/.local/lib/python3.6/site-packages/airflow/example_dags/example_trigger_target_dag.py for tasks to queue
[2021-06-28 15:21:09,522] {logging_mixin.py:104} INFO - [2021-06-28 15:21:09,522] {dagbag.py:487} INFO - Filling up the DagBag from /home/airflow/.local/lib/python3.6/site-packages/airflow/example_dags/example_trigger_target_dag.py
[2021-06-28 15:21:09,539] {scheduler_job.py:643} INFO - DAG(s) dict_keys(['example_trigger_target_dag']) retrieved from /home/airflow/.local/lib/python3.6/site-packages/airflow/example_dags/example_trigger_target_dag.py
[2021-06-28 15:21:09,566] {logging_mixin.py:104} INFO - [2021-06-28 15:21:09,566] {dag.py:1832} INFO - Sync 1 DAGs
[2021-06-28 15:21:09,587] {logging_mixin.py:104} INFO - [2021-06-28 15:21:09,587] {dag.py:2305} INFO - Setting next_dagrun for example_trigger_target_dag to None
[2021-06-28 15:21:09,601] {scheduler_job.py:190} INFO - Processing /home/airflow/.local/lib/python3.6/site-packages/airflow/example_dags/example_trigger_target_dag.py took 0.090 seconds
[2021-06-28 15:21:39,959] {scheduler_job.py:182} INFO - Started process (PID=736) to work on /home/airflow/.local/lib/python3.6/site-packages/airflow/example_dags/example_trigger_target_dag.py
[2021-06-28 15:21:39,962] {scheduler_job.py:633} INFO - Processing file /home/airflow/.local/lib/python3.6/site-packages/airflow/example_dags/example_trigger_target_dag.py for tasks to queue
[2021-06-28 15:21:39,968] {logging_mixin.py:104} INFO - [2021-06-28 15:21:39,968] {dagbag.py:487} INFO - Filling up the DagBag from /home/airflow/.local/lib/python3.6/site-packages/airflow/example_dags/example_trigger_target_dag.py
[2021-06-28 15:21:40,029] {scheduler_job.py:643} INFO - DAG(s) dict_keys(['example_trigger_target_dag']) retrieved from /home/airflow/.local/lib/python3.6/site-packages/airflow/example_dags/example_trigger_target_dag.py
[2021-06-28 15:21:40,124] {logging_mixin.py:104} INFO - [2021-06-28 15:21:40,123] {dag.py:1832} INFO - Sync 1 DAGs
[2021-06-28 15:21:40,233] {logging_mixin.py:104} INFO - [2021-06-28 15:21:40,233] {dag.py:2305} INFO - Setting next_dagrun for example_trigger_target_dag to None
[2021-06-28 15:21:40,363] {scheduler_job.py:190} INFO - Processing /home/airflow/.local/lib/python3.6/site-packages/airflow/example_dags/example_trigger_target_dag.py took 0.409 seconds
[2021-06-28 15:22:10,536] {scheduler_job.py:182} INFO - Started process (PID=795) to work on /home/airflow/.local/lib/python3.6/site-packages/airflow/example_dags/example_trigger_target_dag.py
[2021-06-28 15:22:10,540] {scheduler_job.py:633} INFO - Processing file /home/airflow/.local/lib/python3.6/site-packages/airflow/example_dags/example_trigger_target_dag.py for tasks to queue
[2021-06-28 15:22:10,542] {logging_mixin.py:104} INFO - [2021-06-28 15:22:10,542] {dagbag.py:487} INFO - Filling up the DagBag from /home/airflow/.local/lib/python3.6/site-packages/airflow/example_dags/example_trigger_target_dag.py
[2021-06-28 15:22:10,565] {scheduler_job.py:643} INFO - DAG(s) dict_keys(['example_trigger_target_dag']) retrieved from /home/airflow/.local/lib/python3.6/site-packages/airflow/example_dags/example_trigger_target_dag.py
[2021-06-28 15:22:10,614] {logging_mixin.py:104} INFO - [2021-06-28 15:22:10,614] {dag.py:1832} INFO - Sync 1 DAGs
[2021-06-28 15:22:10,640] {logging_mixin.py:104} INFO - [2021-06-28 15:22:10,639] {dag.py:2305} INFO - Setting next_dagrun for example_trigger_target_dag to None
[2021-06-28 15:22:10,656] {scheduler_job.py:190} INFO - Processing /home/airflow/.local/lib/python3.6/site-packages/airflow/example_dags/example_trigger_target_dag.py took 0.124 seconds
[2021-06-28 15:22:40,990] {scheduler_job.py:182} INFO - Started process (PID=853) to work on /home/airflow/.local/lib/python3.6/site-packages/airflow/example_dags/example_trigger_target_dag.py
[2021-06-28 15:22:40,992] {scheduler_job.py:633} INFO - Processing file /home/airflow/.local/lib/python3.6/site-packages/airflow/example_dags/example_trigger_target_dag.py for tasks to queue
[2021-06-28 15:22:41,001] {logging_mixin.py:104} INFO - [2021-06-28 15:22:40,993] {dagbag.py:487} INFO - Filling up the DagBag from /home/airflow/.local/lib/python3.6/site-packages/airflow/example_dags/example_trigger_target_dag.py
[2021-06-28 15:22:41,055] {scheduler_job.py:643} INFO - DAG(s) dict_keys(['example_trigger_target_dag']) retrieved from /home/airflow/.local/lib/python3.6/site-packages/airflow/example_dags/example_trigger_target_dag.py
[2021-06-28 15:22:41,133] {logging_mixin.py:104} INFO - [2021-06-28 15:22:41,133] {dag.py:1832} INFO - Sync 1 DAGs
[2021-06-28 15:22:41,204] {logging_mixin.py:104} INFO - [2021-06-28 15:22:41,203] {dag.py:2305} INFO - Setting next_dagrun for example_trigger_target_dag to None
[2021-06-28 15:22:41,304] {scheduler_job.py:190} INFO - Processing /home/airflow/.local/lib/python3.6/site-packages/airflow/example_dags/example_trigger_target_dag.py took 0.319 seconds
[2021-06-28 15:23:12,182] {scheduler_job.py:182} INFO - Started process (PID=916) to work on /home/airflow/.local/lib/python3.6/site-packages/airflow/example_dags/example_trigger_target_dag.py
[2021-06-28 15:23:12,184] {scheduler_job.py:633} INFO - Processing file /home/airflow/.local/lib/python3.6/site-packages/airflow/example_dags/example_trigger_target_dag.py for tasks to queue
[2021-06-28 15:23:12,185] {logging_mixin.py:104} INFO - [2021-06-28 15:23:12,184] {dagbag.py:487} INFO - Filling up the DagBag from /home/airflow/.local/lib/python3.6/site-packages/airflow/example_dags/example_trigger_target_dag.py
[2021-06-28 15:23:12,225] {scheduler_job.py:643} INFO - DAG(s) dict_keys(['example_trigger_target_dag']) retrieved from /home/airflow/.local/lib/python3.6/site-packages/airflow/example_dags/example_trigger_target_dag.py
[2021-06-28 15:23:12,300] {logging_mixin.py:104} INFO - [2021-06-28 15:23:12,300] {dag.py:1832} INFO - Sync 1 DAGs
[2021-06-28 15:23:12,387] {logging_mixin.py:104} INFO - [2021-06-28 15:23:12,387] {dag.py:2305} INFO - Setting next_dagrun for example_trigger_target_dag to None
[2021-06-28 15:23:12,453] {scheduler_job.py:190} INFO - Processing /home/airflow/.local/lib/python3.6/site-packages/airflow/example_dags/example_trigger_target_dag.py took 0.286 seconds
[2021-06-28 15:23:43,891] {scheduler_job.py:182} INFO - Started process (PID=974) to work on /home/airflow/.local/lib/python3.6/site-packages/airflow/example_dags/example_trigger_target_dag.py
[2021-06-28 15:23:43,893] {scheduler_job.py:633} INFO - Processing file /home/airflow/.local/lib/python3.6/site-packages/airflow/example_dags/example_trigger_target_dag.py for tasks to queue
[2021-06-28 15:23:43,903] {logging_mixin.py:104} INFO - [2021-06-28 15:23:43,903] {dagbag.py:487} INFO - Filling up the DagBag from /home/airflow/.local/lib/python3.6/site-packages/airflow/example_dags/example_trigger_target_dag.py
[2021-06-28 15:23:43,942] {scheduler_job.py:643} INFO - DAG(s) dict_keys(['example_trigger_target_dag']) retrieved from /home/airflow/.local/lib/python3.6/site-packages/airflow/example_dags/example_trigger_target_dag.py
[2021-06-28 15:23:43,989] {logging_mixin.py:104} INFO - [2021-06-28 15:23:43,989] {dag.py:1832} INFO - Sync 1 DAGs
[2021-06-28 15:23:44,032] {logging_mixin.py:104} INFO - [2021-06-28 15:23:44,031] {dag.py:2305} INFO - Setting next_dagrun for example_trigger_target_dag to None
[2021-06-28 15:23:44,075] {scheduler_job.py:190} INFO - Processing /home/airflow/.local/lib/python3.6/site-packages/airflow/example_dags/example_trigger_target_dag.py took 0.189 seconds
[2021-06-28 15:24:14,289] {scheduler_job.py:182} INFO - Started process (PID=1034) to work on /home/airflow/.local/lib/python3.6/site-packages/airflow/example_dags/example_trigger_target_dag.py
[2021-06-28 15:24:14,290] {scheduler_job.py:633} INFO - Processing file /home/airflow/.local/lib/python3.6/site-packages/airflow/example_dags/example_trigger_target_dag.py for tasks to queue
[2021-06-28 15:24:14,291] {logging_mixin.py:104} INFO - [2021-06-28 15:24:14,291] {dagbag.py:487} INFO - Filling up the DagBag from /home/airflow/.local/lib/python3.6/site-packages/airflow/example_dags/example_trigger_target_dag.py
[2021-06-28 15:24:14,307] {scheduler_job.py:643} INFO - DAG(s) dict_keys(['example_trigger_target_dag']) retrieved from /home/airflow/.local/lib/python3.6/site-packages/airflow/example_dags/example_trigger_target_dag.py
[2021-06-28 15:24:14,331] {logging_mixin.py:104} INFO - [2021-06-28 15:24:14,331] {dag.py:1832} INFO - Sync 1 DAGs
[2021-06-28 15:24:14,353] {logging_mixin.py:104} INFO - [2021-06-28 15:24:14,353] {dag.py:2305} INFO - Setting next_dagrun for example_trigger_target_dag to None
[2021-06-28 15:24:14,367] {scheduler_job.py:190} INFO - Processing /home/airflow/.local/lib/python3.6/site-packages/airflow/example_dags/example_trigger_target_dag.py took 0.083 seconds
[2021-06-28 15:24:44,645] {scheduler_job.py:182} INFO - Started process (PID=1094) to work on /home/airflow/.local/lib/python3.6/site-packages/airflow/example_dags/example_trigger_target_dag.py
[2021-06-28 15:24:44,647] {scheduler_job.py:633} INFO - Processing file /home/airflow/.local/lib/python3.6/site-packages/airflow/example_dags/example_trigger_target_dag.py for tasks to queue
[2021-06-28 15:24:44,648] {logging_mixin.py:104} INFO - [2021-06-28 15:24:44,648] {dagbag.py:487} INFO - Filling up the DagBag from /home/airflow/.local/lib/python3.6/site-packages/airflow/example_dags/example_trigger_target_dag.py
[2021-06-28 15:24:44,678] {scheduler_job.py:643} INFO - DAG(s) dict_keys(['example_trigger_target_dag']) retrieved from /home/airflow/.local/lib/python3.6/site-packages/airflow/example_dags/example_trigger_target_dag.py
[2021-06-28 15:24:44,736] {logging_mixin.py:104} INFO - [2021-06-28 15:24:44,736] {dag.py:1832} INFO - Sync 1 DAGs
[2021-06-28 15:24:44,781] {logging_mixin.py:104} INFO - [2021-06-28 15:24:44,781] {dag.py:2305} INFO - Setting next_dagrun for example_trigger_target_dag to None
[2021-06-28 15:24:44,810] {scheduler_job.py:190} INFO - Processing /home/airflow/.local/lib/python3.6/site-packages/airflow/example_dags/example_trigger_target_dag.py took 0.171 seconds
[2021-06-28 15:25:14,848] {scheduler_job.py:182} INFO - Started process (PID=1168) to work on /home/airflow/.local/lib/python3.6/site-packages/airflow/example_dags/example_trigger_target_dag.py
[2021-06-28 15:25:14,850] {scheduler_job.py:633} INFO - Processing file /home/airflow/.local/lib/python3.6/site-packages/airflow/example_dags/example_trigger_target_dag.py for tasks to queue
[2021-06-28 15:25:14,851] {logging_mixin.py:104} INFO - [2021-06-28 15:25:14,851] {dagbag.py:487} INFO - Filling up the DagBag from /home/airflow/.local/lib/python3.6/site-packages/airflow/example_dags/example_trigger_target_dag.py
[2021-06-28 15:25:14,870] {scheduler_job.py:643} INFO - DAG(s) dict_keys(['example_trigger_target_dag']) retrieved from /home/airflow/.local/lib/python3.6/site-packages/airflow/example_dags/example_trigger_target_dag.py
[2021-06-28 15:25:14,907] {logging_mixin.py:104} INFO - [2021-06-28 15:25:14,906] {dag.py:1832} INFO - Sync 1 DAGs
[2021-06-28 15:25:14,929] {logging_mixin.py:104} INFO - [2021-06-28 15:25:14,929] {dag.py:2305} INFO - Setting next_dagrun for example_trigger_target_dag to None
[2021-06-28 15:25:14,944] {scheduler_job.py:190} INFO - Processing /home/airflow/.local/lib/python3.6/site-packages/airflow/example_dags/example_trigger_target_dag.py took 0.103 seconds
[2021-06-28 15:25:45,689] {scheduler_job.py:182} INFO - Started process (PID=1227) to work on /home/airflow/.local/lib/python3.6/site-packages/airflow/example_dags/example_trigger_target_dag.py
[2021-06-28 15:25:45,691] {scheduler_job.py:633} INFO - Processing file /home/airflow/.local/lib/python3.6/site-packages/airflow/example_dags/example_trigger_target_dag.py for tasks to queue
[2021-06-28 15:25:45,692] {logging_mixin.py:104} INFO - [2021-06-28 15:25:45,692] {dagbag.py:487} INFO - Filling up the DagBag from /home/airflow/.local/lib/python3.6/site-packages/airflow/example_dags/example_trigger_target_dag.py
[2021-06-28 15:25:45,716] {scheduler_job.py:643} INFO - DAG(s) dict_keys(['example_trigger_target_dag']) retrieved from /home/airflow/.local/lib/python3.6/site-packages/airflow/example_dags/example_trigger_target_dag.py
[2021-06-28 15:25:45,753] {logging_mixin.py:104} INFO - [2021-06-28 15:25:45,752] {dag.py:1832} INFO - Sync 1 DAGs
[2021-06-28 15:25:45,785] {logging_mixin.py:104} INFO - [2021-06-28 15:25:45,785] {dag.py:2305} INFO - Setting next_dagrun for example_trigger_target_dag to None
[2021-06-28 15:25:45,839] {scheduler_job.py:190} INFO - Processing /home/airflow/.local/lib/python3.6/site-packages/airflow/example_dags/example_trigger_target_dag.py took 0.155 seconds
[2021-06-28 15:26:16,676] {scheduler_job.py:182} INFO - Started process (PID=1286) to work on /home/airflow/.local/lib/python3.6/site-packages/airflow/example_dags/example_trigger_target_dag.py
[2021-06-28 15:26:16,677] {scheduler_job.py:633} INFO - Processing file /home/airflow/.local/lib/python3.6/site-packages/airflow/example_dags/example_trigger_target_dag.py for tasks to queue
[2021-06-28 15:26:16,678] {logging_mixin.py:104} INFO - [2021-06-28 15:26:16,678] {dagbag.py:487} INFO - Filling up the DagBag from /home/airflow/.local/lib/python3.6/site-packages/airflow/example_dags/example_trigger_target_dag.py
[2021-06-28 15:26:16,693] {scheduler_job.py:643} INFO - DAG(s) dict_keys(['example_trigger_target_dag']) retrieved from /home/airflow/.local/lib/python3.6/site-packages/airflow/example_dags/example_trigger_target_dag.py
[2021-06-28 15:26:16,715] {logging_mixin.py:104} INFO - [2021-06-28 15:26:16,715] {dag.py:1832} INFO - Sync 1 DAGs
[2021-06-28 15:26:16,734] {logging_mixin.py:104} INFO - [2021-06-28 15:26:16,734] {dag.py:2305} INFO - Setting next_dagrun for example_trigger_target_dag to None
[2021-06-28 15:26:16,749] {scheduler_job.py:190} INFO - Processing /home/airflow/.local/lib/python3.6/site-packages/airflow/example_dags/example_trigger_target_dag.py took 0.077 seconds
[2021-06-28 15:26:47,256] {scheduler_job.py:182} INFO - Started process (PID=1346) to work on /home/airflow/.local/lib/python3.6/site-packages/airflow/example_dags/example_trigger_target_dag.py
[2021-06-28 15:26:47,258] {scheduler_job.py:633} INFO - Processing file /home/airflow/.local/lib/python3.6/site-packages/airflow/example_dags/example_trigger_target_dag.py for tasks to queue
[2021-06-28 15:26:47,259] {logging_mixin.py:104} INFO - [2021-06-28 15:26:47,259] {dagbag.py:487} INFO - Filling up the DagBag from /home/airflow/.local/lib/python3.6/site-packages/airflow/example_dags/example_trigger_target_dag.py
[2021-06-28 15:26:47,285] {scheduler_job.py:643} INFO - DAG(s) dict_keys(['example_trigger_target_dag']) retrieved from /home/airflow/.local/lib/python3.6/site-packages/airflow/example_dags/example_trigger_target_dag.py
[2021-06-28 15:26:47,328] {logging_mixin.py:104} INFO - [2021-06-28 15:26:47,328] {dag.py:1832} INFO - Sync 1 DAGs
[2021-06-28 15:26:47,350] {logging_mixin.py:104} INFO - [2021-06-28 15:26:47,350] {dag.py:2305} INFO - Setting next_dagrun for example_trigger_target_dag to None
[2021-06-28 15:26:47,365] {scheduler_job.py:190} INFO - Processing /home/airflow/.local/lib/python3.6/site-packages/airflow/example_dags/example_trigger_target_dag.py took 0.113 seconds
[2021-06-28 15:27:17,653] {scheduler_job.py:182} INFO - Started process (PID=1413) to work on /home/airflow/.local/lib/python3.6/site-packages/airflow/example_dags/example_trigger_target_dag.py
[2021-06-28 15:27:17,655] {scheduler_job.py:633} INFO - Processing file /home/airflow/.local/lib/python3.6/site-packages/airflow/example_dags/example_trigger_target_dag.py for tasks to queue
[2021-06-28 15:27:17,656] {logging_mixin.py:104} INFO - [2021-06-28 15:27:17,656] {dagbag.py:487} INFO - Filling up the DagBag from /home/airflow/.local/lib/python3.6/site-packages/airflow/example_dags/example_trigger_target_dag.py
[2021-06-28 15:27:17,703] {scheduler_job.py:643} INFO - DAG(s) dict_keys(['example_trigger_target_dag']) retrieved from /home/airflow/.local/lib/python3.6/site-packages/airflow/example_dags/example_trigger_target_dag.py
[2021-06-28 15:27:17,830] {logging_mixin.py:104} INFO - [2021-06-28 15:27:17,830] {dag.py:1832} INFO - Sync 1 DAGs
[2021-06-28 15:27:17,886] {logging_mixin.py:104} INFO - [2021-06-28 15:27:17,886] {dag.py:2305} INFO - Setting next_dagrun for example_trigger_target_dag to None
[2021-06-28 15:27:17,951] {scheduler_job.py:190} INFO - Processing /home/airflow/.local/lib/python3.6/site-packages/airflow/example_dags/example_trigger_target_dag.py took 0.313 seconds
[2021-06-28 15:27:48,468] {scheduler_job.py:182} INFO - Started process (PID=1479) to work on /home/airflow/.local/lib/python3.6/site-packages/airflow/example_dags/example_trigger_target_dag.py
[2021-06-28 15:27:48,471] {scheduler_job.py:633} INFO - Processing file /home/airflow/.local/lib/python3.6/site-packages/airflow/example_dags/example_trigger_target_dag.py for tasks to queue
[2021-06-28 15:27:48,472] {logging_mixin.py:104} INFO - [2021-06-28 15:27:48,471] {dagbag.py:487} INFO - Filling up the DagBag from /home/airflow/.local/lib/python3.6/site-packages/airflow/example_dags/example_trigger_target_dag.py
[2021-06-28 15:27:48,499] {scheduler_job.py:643} INFO - DAG(s) dict_keys(['example_trigger_target_dag']) retrieved from /home/airflow/.local/lib/python3.6/site-packages/airflow/example_dags/example_trigger_target_dag.py
[2021-06-28 15:27:48,533] {logging_mixin.py:104} INFO - [2021-06-28 15:27:48,533] {dag.py:1832} INFO - Sync 1 DAGs
[2021-06-28 15:27:48,560] {logging_mixin.py:104} INFO - [2021-06-28 15:27:48,560] {dag.py:2305} INFO - Setting next_dagrun for example_trigger_target_dag to None
[2021-06-28 15:27:48,583] {scheduler_job.py:190} INFO - Processing /home/airflow/.local/lib/python3.6/site-packages/airflow/example_dags/example_trigger_target_dag.py took 0.120 seconds
[2021-06-28 15:28:19,312] {scheduler_job.py:182} INFO - Started process (PID=1541) to work on /home/airflow/.local/lib/python3.6/site-packages/airflow/example_dags/example_trigger_target_dag.py
[2021-06-28 15:28:19,313] {scheduler_job.py:633} INFO - Processing file /home/airflow/.local/lib/python3.6/site-packages/airflow/example_dags/example_trigger_target_dag.py for tasks to queue
[2021-06-28 15:28:19,314] {logging_mixin.py:104} INFO - [2021-06-28 15:28:19,314] {dagbag.py:487} INFO - Filling up the DagBag from /home/airflow/.local/lib/python3.6/site-packages/airflow/example_dags/example_trigger_target_dag.py
[2021-06-28 15:28:19,335] {scheduler_job.py:643} INFO - DAG(s) dict_keys(['example_trigger_target_dag']) retrieved from /home/airflow/.local/lib/python3.6/site-packages/airflow/example_dags/example_trigger_target_dag.py
[2021-06-28 15:28:19,363] {logging_mixin.py:104} INFO - [2021-06-28 15:28:19,363] {dag.py:1832} INFO - Sync 1 DAGs
[2021-06-28 15:28:19,387] {logging_mixin.py:104} INFO - [2021-06-28 15:28:19,387] {dag.py:2305} INFO - Setting next_dagrun for example_trigger_target_dag to None
[2021-06-28 15:28:19,405] {scheduler_job.py:190} INFO - Processing /home/airflow/.local/lib/python3.6/site-packages/airflow/example_dags/example_trigger_target_dag.py took 0.097 seconds
[2021-06-28 15:28:50,033] {scheduler_job.py:182} INFO - Started process (PID=1602) to work on /home/airflow/.local/lib/python3.6/site-packages/airflow/example_dags/example_trigger_target_dag.py
[2021-06-28 15:28:50,034] {scheduler_job.py:633} INFO - Processing file /home/airflow/.local/lib/python3.6/site-packages/airflow/example_dags/example_trigger_target_dag.py for tasks to queue
[2021-06-28 15:28:50,035] {logging_mixin.py:104} INFO - [2021-06-28 15:28:50,035] {dagbag.py:487} INFO - Filling up the DagBag from /home/airflow/.local/lib/python3.6/site-packages/airflow/example_dags/example_trigger_target_dag.py
[2021-06-28 15:28:50,055] {scheduler_job.py:643} INFO - DAG(s) dict_keys(['example_trigger_target_dag']) retrieved from /home/airflow/.local/lib/python3.6/site-packages/airflow/example_dags/example_trigger_target_dag.py
[2021-06-28 15:28:50,098] {logging_mixin.py:104} INFO - [2021-06-28 15:28:50,098] {dag.py:1832} INFO - Sync 1 DAGs
[2021-06-28 15:28:50,119] {logging_mixin.py:104} INFO - [2021-06-28 15:28:50,119] {dag.py:2305} INFO - Setting next_dagrun for example_trigger_target_dag to None
[2021-06-28 15:28:50,142] {scheduler_job.py:190} INFO - Processing /home/airflow/.local/lib/python3.6/site-packages/airflow/example_dags/example_trigger_target_dag.py took 0.114 seconds
[2021-06-28 15:29:20,362] {scheduler_job.py:182} INFO - Started process (PID=1660) to work on /home/airflow/.local/lib/python3.6/site-packages/airflow/example_dags/example_trigger_target_dag.py
[2021-06-28 15:29:20,374] {scheduler_job.py:633} INFO - Processing file /home/airflow/.local/lib/python3.6/site-packages/airflow/example_dags/example_trigger_target_dag.py for tasks to queue
[2021-06-28 15:29:20,375] {logging_mixin.py:104} INFO - [2021-06-28 15:29:20,375] {dagbag.py:487} INFO - Filling up the DagBag from /home/airflow/.local/lib/python3.6/site-packages/airflow/example_dags/example_trigger_target_dag.py
[2021-06-28 15:29:20,397] {scheduler_job.py:643} INFO - DAG(s) dict_keys(['example_trigger_target_dag']) retrieved from /home/airflow/.local/lib/python3.6/site-packages/airflow/example_dags/example_trigger_target_dag.py
[2021-06-28 15:29:20,434] {logging_mixin.py:104} INFO - [2021-06-28 15:29:20,434] {dag.py:1832} INFO - Sync 1 DAGs
[2021-06-28 15:29:20,458] {logging_mixin.py:104} INFO - [2021-06-28 15:29:20,458] {dag.py:2305} INFO - Setting next_dagrun for example_trigger_target_dag to None
[2021-06-28 15:29:20,482] {scheduler_job.py:190} INFO - Processing /home/airflow/.local/lib/python3.6/site-packages/airflow/example_dags/example_trigger_target_dag.py took 0.123 seconds
[2021-06-28 15:29:51,296] {scheduler_job.py:182} INFO - Started process (PID=1721) to work on /home/airflow/.local/lib/python3.6/site-packages/airflow/example_dags/example_trigger_target_dag.py
[2021-06-28 15:29:51,297] {scheduler_job.py:633} INFO - Processing file /home/airflow/.local/lib/python3.6/site-packages/airflow/example_dags/example_trigger_target_dag.py for tasks to queue
[2021-06-28 15:29:51,298] {logging_mixin.py:104} INFO - [2021-06-28 15:29:51,298] {dagbag.py:487} INFO - Filling up the DagBag from /home/airflow/.local/lib/python3.6/site-packages/airflow/example_dags/example_trigger_target_dag.py
[2021-06-28 15:29:51,329] {scheduler_job.py:643} INFO - DAG(s) dict_keys(['example_trigger_target_dag']) retrieved from /home/airflow/.local/lib/python3.6/site-packages/airflow/example_dags/example_trigger_target_dag.py
[2021-06-28 15:29:51,374] {logging_mixin.py:104} INFO - [2021-06-28 15:29:51,374] {dag.py:1832} INFO - Sync 1 DAGs
[2021-06-28 15:29:51,401] {logging_mixin.py:104} INFO - [2021-06-28 15:29:51,400] {dag.py:2305} INFO - Setting next_dagrun for example_trigger_target_dag to None
[2021-06-28 15:29:51,422] {scheduler_job.py:190} INFO - Processing /home/airflow/.local/lib/python3.6/site-packages/airflow/example_dags/example_trigger_target_dag.py took 0.135 seconds
[2021-06-28 15:30:21,465] {scheduler_job.py:182} INFO - Started process (PID=1792) to work on /home/airflow/.local/lib/python3.6/site-packages/airflow/example_dags/example_trigger_target_dag.py
[2021-06-28 15:30:21,468] {scheduler_job.py:633} INFO - Processing file /home/airflow/.local/lib/python3.6/site-packages/airflow/example_dags/example_trigger_target_dag.py for tasks to queue
[2021-06-28 15:30:21,473] {logging_mixin.py:104} INFO - [2021-06-28 15:30:21,472] {dagbag.py:487} INFO - Filling up the DagBag from /home/airflow/.local/lib/python3.6/site-packages/airflow/example_dags/example_trigger_target_dag.py
[2021-06-28 15:30:21,506] {scheduler_job.py:643} INFO - DAG(s) dict_keys(['example_trigger_target_dag']) retrieved from /home/airflow/.local/lib/python3.6/site-packages/airflow/example_dags/example_trigger_target_dag.py
[2021-06-28 15:30:21,547] {logging_mixin.py:104} INFO - [2021-06-28 15:30:21,546] {dag.py:1832} INFO - Sync 1 DAGs
[2021-06-28 15:30:21,577] {logging_mixin.py:104} INFO - [2021-06-28 15:30:21,577] {dag.py:2305} INFO - Setting next_dagrun for example_trigger_target_dag to None
[2021-06-28 15:30:21,596] {scheduler_job.py:190} INFO - Processing /home/airflow/.local/lib/python3.6/site-packages/airflow/example_dags/example_trigger_target_dag.py took 0.136 seconds
[2021-06-28 15:30:52,018] {scheduler_job.py:182} INFO - Started process (PID=1853) to work on /home/airflow/.local/lib/python3.6/site-packages/airflow/example_dags/example_trigger_target_dag.py
[2021-06-28 15:30:52,020] {scheduler_job.py:633} INFO - Processing file /home/airflow/.local/lib/python3.6/site-packages/airflow/example_dags/example_trigger_target_dag.py for tasks to queue
[2021-06-28 15:30:52,021] {logging_mixin.py:104} INFO - [2021-06-28 15:30:52,020] {dagbag.py:487} INFO - Filling up the DagBag from /home/airflow/.local/lib/python3.6/site-packages/airflow/example_dags/example_trigger_target_dag.py
[2021-06-28 15:30:52,072] {scheduler_job.py:643} INFO - DAG(s) dict_keys(['example_trigger_target_dag']) retrieved from /home/airflow/.local/lib/python3.6/site-packages/airflow/example_dags/example_trigger_target_dag.py
[2021-06-28 15:30:52,149] {logging_mixin.py:104} INFO - [2021-06-28 15:30:52,149] {dag.py:1832} INFO - Sync 1 DAGs
[2021-06-28 15:30:52,198] {logging_mixin.py:104} INFO - [2021-06-28 15:30:52,198] {dag.py:2305} INFO - Setting next_dagrun for example_trigger_target_dag to None
[2021-06-28 15:30:52,242] {scheduler_job.py:190} INFO - Processing /home/airflow/.local/lib/python3.6/site-packages/airflow/example_dags/example_trigger_target_dag.py took 0.231 seconds
[2021-06-28 15:31:23,080] {scheduler_job.py:182} INFO - Started process (PID=1915) to work on /home/airflow/.local/lib/python3.6/site-packages/airflow/example_dags/example_trigger_target_dag.py
[2021-06-28 15:31:23,082] {scheduler_job.py:633} INFO - Processing file /home/airflow/.local/lib/python3.6/site-packages/airflow/example_dags/example_trigger_target_dag.py for tasks to queue
[2021-06-28 15:31:23,083] {logging_mixin.py:104} INFO - [2021-06-28 15:31:23,083] {dagbag.py:487} INFO - Filling up the DagBag from /home/airflow/.local/lib/python3.6/site-packages/airflow/example_dags/example_trigger_target_dag.py
[2021-06-28 15:31:23,124] {scheduler_job.py:643} INFO - DAG(s) dict_keys(['example_trigger_target_dag']) retrieved from /home/airflow/.local/lib/python3.6/site-packages/airflow/example_dags/example_trigger_target_dag.py
[2021-06-28 15:31:23,164] {logging_mixin.py:104} INFO - [2021-06-28 15:31:23,164] {dag.py:1832} INFO - Sync 1 DAGs
[2021-06-28 15:31:23,195] {logging_mixin.py:104} INFO - [2021-06-28 15:31:23,195] {dag.py:2305} INFO - Setting next_dagrun for example_trigger_target_dag to None
[2021-06-28 15:31:23,218] {scheduler_job.py:190} INFO - Processing /home/airflow/.local/lib/python3.6/site-packages/airflow/example_dags/example_trigger_target_dag.py took 0.145 seconds
[2021-06-28 15:34:00,125] {scheduler_job.py:182} INFO - Started process (PID=69) to work on /home/airflow/.local/lib/python3.6/site-packages/airflow/example_dags/example_trigger_target_dag.py
[2021-06-28 15:34:00,127] {scheduler_job.py:633} INFO - Processing file /home/airflow/.local/lib/python3.6/site-packages/airflow/example_dags/example_trigger_target_dag.py for tasks to queue
[2021-06-28 15:34:00,128] {logging_mixin.py:104} INFO - [2021-06-28 15:34:00,128] {dagbag.py:487} INFO - Filling up the DagBag from /home/airflow/.local/lib/python3.6/site-packages/airflow/example_dags/example_trigger_target_dag.py
[2021-06-28 15:34:00,165] {scheduler_job.py:643} INFO - DAG(s) dict_keys(['example_trigger_target_dag']) retrieved from /home/airflow/.local/lib/python3.6/site-packages/airflow/example_dags/example_trigger_target_dag.py
[2021-06-28 15:34:00,212] {logging_mixin.py:104} INFO - [2021-06-28 15:34:00,209] {dag.py:1832} INFO - Sync 1 DAGs
[2021-06-28 15:34:00,246] {logging_mixin.py:104} INFO - [2021-06-28 15:34:00,246] {dag.py:2305} INFO - Setting next_dagrun for example_trigger_target_dag to None
[2021-06-28 15:34:00,313] {scheduler_job.py:190} INFO - Processing /home/airflow/.local/lib/python3.6/site-packages/airflow/example_dags/example_trigger_target_dag.py took 0.202 seconds
[2021-06-28 15:34:33,374] {scheduler_job.py:182} INFO - Started process (PID=127) to work on /home/airflow/.local/lib/python3.6/site-packages/airflow/example_dags/example_trigger_target_dag.py
[2021-06-28 15:34:33,378] {scheduler_job.py:633} INFO - Processing file /home/airflow/.local/lib/python3.6/site-packages/airflow/example_dags/example_trigger_target_dag.py for tasks to queue
[2021-06-28 15:34:33,392] {logging_mixin.py:104} INFO - [2021-06-28 15:34:33,392] {dagbag.py:487} INFO - Filling up the DagBag from /home/airflow/.local/lib/python3.6/site-packages/airflow/example_dags/example_trigger_target_dag.py
[2021-06-28 15:34:33,514] {scheduler_job.py:643} INFO - DAG(s) dict_keys(['example_trigger_target_dag']) retrieved from /home/airflow/.local/lib/python3.6/site-packages/airflow/example_dags/example_trigger_target_dag.py
[2021-06-28 15:34:33,656] {logging_mixin.py:104} INFO - [2021-06-28 15:34:33,656] {dag.py:1832} INFO - Sync 1 DAGs
[2021-06-28 15:34:33,737] {logging_mixin.py:104} INFO - [2021-06-28 15:34:33,737] {dag.py:2305} INFO - Setting next_dagrun for example_trigger_target_dag to None
[2021-06-28 15:34:33,790] {scheduler_job.py:190} INFO - Processing /home/airflow/.local/lib/python3.6/site-packages/airflow/example_dags/example_trigger_target_dag.py took 0.432 seconds
[2021-06-28 15:35:04,238] {scheduler_job.py:182} INFO - Started process (PID=188) to work on /home/airflow/.local/lib/python3.6/site-packages/airflow/example_dags/example_trigger_target_dag.py
[2021-06-28 15:35:04,240] {scheduler_job.py:633} INFO - Processing file /home/airflow/.local/lib/python3.6/site-packages/airflow/example_dags/example_trigger_target_dag.py for tasks to queue
[2021-06-28 15:35:04,241] {logging_mixin.py:104} INFO - [2021-06-28 15:35:04,241] {dagbag.py:487} INFO - Filling up the DagBag from /home/airflow/.local/lib/python3.6/site-packages/airflow/example_dags/example_trigger_target_dag.py
[2021-06-28 15:35:04,274] {scheduler_job.py:643} INFO - DAG(s) dict_keys(['example_trigger_target_dag']) retrieved from /home/airflow/.local/lib/python3.6/site-packages/airflow/example_dags/example_trigger_target_dag.py
[2021-06-28 15:35:04,327] {logging_mixin.py:104} INFO - [2021-06-28 15:35:04,326] {dag.py:1832} INFO - Sync 1 DAGs
[2021-06-28 15:35:04,355] {logging_mixin.py:104} INFO - [2021-06-28 15:35:04,354] {dag.py:2305} INFO - Setting next_dagrun for example_trigger_target_dag to None
[2021-06-28 15:35:04,381] {scheduler_job.py:190} INFO - Processing /home/airflow/.local/lib/python3.6/site-packages/airflow/example_dags/example_trigger_target_dag.py took 0.148 seconds
[2021-06-28 15:35:36,650] {scheduler_job.py:182} INFO - Started process (PID=250) to work on /home/airflow/.local/lib/python3.6/site-packages/airflow/example_dags/example_trigger_target_dag.py
[2021-06-28 15:35:36,652] {scheduler_job.py:633} INFO - Processing file /home/airflow/.local/lib/python3.6/site-packages/airflow/example_dags/example_trigger_target_dag.py for tasks to queue
[2021-06-28 15:35:36,654] {logging_mixin.py:104} INFO - [2021-06-28 15:35:36,654] {dagbag.py:487} INFO - Filling up the DagBag from /home/airflow/.local/lib/python3.6/site-packages/airflow/example_dags/example_trigger_target_dag.py
[2021-06-28 15:35:36,707] {scheduler_job.py:643} INFO - DAG(s) dict_keys(['example_trigger_target_dag']) retrieved from /home/airflow/.local/lib/python3.6/site-packages/airflow/example_dags/example_trigger_target_dag.py
[2021-06-28 15:35:36,783] {logging_mixin.py:104} INFO - [2021-06-28 15:35:36,783] {dag.py:1832} INFO - Sync 1 DAGs
[2021-06-28 15:35:36,870] {logging_mixin.py:104} INFO - [2021-06-28 15:35:36,869] {dag.py:2305} INFO - Setting next_dagrun for example_trigger_target_dag to None
[2021-06-28 15:35:36,948] {scheduler_job.py:190} INFO - Processing /home/airflow/.local/lib/python3.6/site-packages/airflow/example_dags/example_trigger_target_dag.py took 0.326 seconds
[2021-06-28 15:36:07,176] {scheduler_job.py:182} INFO - Started process (PID=311) to work on /home/airflow/.local/lib/python3.6/site-packages/airflow/example_dags/example_trigger_target_dag.py
[2021-06-28 15:36:07,179] {scheduler_job.py:633} INFO - Processing file /home/airflow/.local/lib/python3.6/site-packages/airflow/example_dags/example_trigger_target_dag.py for tasks to queue
[2021-06-28 15:36:07,180] {logging_mixin.py:104} INFO - [2021-06-28 15:36:07,180] {dagbag.py:487} INFO - Filling up the DagBag from /home/airflow/.local/lib/python3.6/site-packages/airflow/example_dags/example_trigger_target_dag.py
[2021-06-28 15:36:07,286] {scheduler_job.py:643} INFO - DAG(s) dict_keys(['example_trigger_target_dag']) retrieved from /home/airflow/.local/lib/python3.6/site-packages/airflow/example_dags/example_trigger_target_dag.py
[2021-06-28 15:36:07,364] {logging_mixin.py:104} INFO - [2021-06-28 15:36:07,364] {dag.py:1832} INFO - Sync 1 DAGs
[2021-06-28 15:36:07,478] {logging_mixin.py:104} INFO - [2021-06-28 15:36:07,477] {dag.py:2305} INFO - Setting next_dagrun for example_trigger_target_dag to None
[2021-06-28 15:36:07,554] {scheduler_job.py:190} INFO - Processing /home/airflow/.local/lib/python3.6/site-packages/airflow/example_dags/example_trigger_target_dag.py took 0.383 seconds
[2021-06-28 15:36:37,707] {scheduler_job.py:182} INFO - Started process (PID=370) to work on /home/airflow/.local/lib/python3.6/site-packages/airflow/example_dags/example_trigger_target_dag.py
[2021-06-28 15:36:37,709] {scheduler_job.py:633} INFO - Processing file /home/airflow/.local/lib/python3.6/site-packages/airflow/example_dags/example_trigger_target_dag.py for tasks to queue
[2021-06-28 15:36:37,710] {logging_mixin.py:104} INFO - [2021-06-28 15:36:37,710] {dagbag.py:487} INFO - Filling up the DagBag from /home/airflow/.local/lib/python3.6/site-packages/airflow/example_dags/example_trigger_target_dag.py
[2021-06-28 15:36:37,755] {scheduler_job.py:643} INFO - DAG(s) dict_keys(['example_trigger_target_dag']) retrieved from /home/airflow/.local/lib/python3.6/site-packages/airflow/example_dags/example_trigger_target_dag.py
[2021-06-28 15:36:37,855] {logging_mixin.py:104} INFO - [2021-06-28 15:36:37,855] {dag.py:1832} INFO - Sync 1 DAGs
[2021-06-28 15:36:37,895] {logging_mixin.py:104} INFO - [2021-06-28 15:36:37,895] {dag.py:2305} INFO - Setting next_dagrun for example_trigger_target_dag to None
[2021-06-28 15:36:37,942] {scheduler_job.py:190} INFO - Processing /home/airflow/.local/lib/python3.6/site-packages/airflow/example_dags/example_trigger_target_dag.py took 0.263 seconds
[2021-06-28 15:37:08,626] {scheduler_job.py:182} INFO - Started process (PID=430) to work on /home/airflow/.local/lib/python3.6/site-packages/airflow/example_dags/example_trigger_target_dag.py
[2021-06-28 15:37:08,630] {scheduler_job.py:633} INFO - Processing file /home/airflow/.local/lib/python3.6/site-packages/airflow/example_dags/example_trigger_target_dag.py for tasks to queue
[2021-06-28 15:37:08,634] {logging_mixin.py:104} INFO - [2021-06-28 15:37:08,634] {dagbag.py:487} INFO - Filling up the DagBag from /home/airflow/.local/lib/python3.6/site-packages/airflow/example_dags/example_trigger_target_dag.py
[2021-06-28 15:37:08,657] {scheduler_job.py:643} INFO - DAG(s) dict_keys(['example_trigger_target_dag']) retrieved from /home/airflow/.local/lib/python3.6/site-packages/airflow/example_dags/example_trigger_target_dag.py
[2021-06-28 15:37:08,693] {logging_mixin.py:104} INFO - [2021-06-28 15:37:08,693] {dag.py:1832} INFO - Sync 1 DAGs
[2021-06-28 15:37:08,716] {logging_mixin.py:104} INFO - [2021-06-28 15:37:08,716] {dag.py:2305} INFO - Setting next_dagrun for example_trigger_target_dag to None
[2021-06-28 15:37:08,731] {scheduler_job.py:190} INFO - Processing /home/airflow/.local/lib/python3.6/site-packages/airflow/example_dags/example_trigger_target_dag.py took 0.110 seconds
[2021-06-28 15:37:39,396] {scheduler_job.py:182} INFO - Started process (PID=488) to work on /home/airflow/.local/lib/python3.6/site-packages/airflow/example_dags/example_trigger_target_dag.py
[2021-06-28 15:37:39,405] {scheduler_job.py:633} INFO - Processing file /home/airflow/.local/lib/python3.6/site-packages/airflow/example_dags/example_trigger_target_dag.py for tasks to queue
[2021-06-28 15:37:39,406] {logging_mixin.py:104} INFO - [2021-06-28 15:37:39,405] {dagbag.py:487} INFO - Filling up the DagBag from /home/airflow/.local/lib/python3.6/site-packages/airflow/example_dags/example_trigger_target_dag.py
[2021-06-28 15:37:39,446] {scheduler_job.py:643} INFO - DAG(s) dict_keys(['example_trigger_target_dag']) retrieved from /home/airflow/.local/lib/python3.6/site-packages/airflow/example_dags/example_trigger_target_dag.py
[2021-06-28 15:37:39,492] {logging_mixin.py:104} INFO - [2021-06-28 15:37:39,492] {dag.py:1832} INFO - Sync 1 DAGs
[2021-06-28 15:37:39,531] {logging_mixin.py:104} INFO - [2021-06-28 15:37:39,531] {dag.py:2305} INFO - Setting next_dagrun for example_trigger_target_dag to None
[2021-06-28 15:37:39,575] {scheduler_job.py:190} INFO - Processing /home/airflow/.local/lib/python3.6/site-packages/airflow/example_dags/example_trigger_target_dag.py took 0.194 seconds
[2021-06-28 15:38:10,834] {scheduler_job.py:182} INFO - Started process (PID=564) to work on /home/airflow/.local/lib/python3.6/site-packages/airflow/example_dags/example_trigger_target_dag.py
[2021-06-28 15:38:10,836] {scheduler_job.py:633} INFO - Processing file /home/airflow/.local/lib/python3.6/site-packages/airflow/example_dags/example_trigger_target_dag.py for tasks to queue
[2021-06-28 15:38:10,851] {logging_mixin.py:104} INFO - [2021-06-28 15:38:10,851] {dagbag.py:487} INFO - Filling up the DagBag from /home/airflow/.local/lib/python3.6/site-packages/airflow/example_dags/example_trigger_target_dag.py
[2021-06-28 15:38:10,904] {scheduler_job.py:643} INFO - DAG(s) dict_keys(['example_trigger_target_dag']) retrieved from /home/airflow/.local/lib/python3.6/site-packages/airflow/example_dags/example_trigger_target_dag.py
[2021-06-28 15:38:11,137] {logging_mixin.py:104} INFO - [2021-06-28 15:38:11,119] {dag.py:1832} INFO - Sync 1 DAGs
[2021-06-28 15:38:11,231] {logging_mixin.py:104} INFO - [2021-06-28 15:38:11,231] {dag.py:2305} INFO - Setting next_dagrun for example_trigger_target_dag to None
[2021-06-28 15:38:11,268] {scheduler_job.py:190} INFO - Processing /home/airflow/.local/lib/python3.6/site-packages/airflow/example_dags/example_trigger_target_dag.py took 0.449 seconds
[2021-06-28 15:38:41,810] {scheduler_job.py:182} INFO - Started process (PID=636) to work on /home/airflow/.local/lib/python3.6/site-packages/airflow/example_dags/example_trigger_target_dag.py
[2021-06-28 15:38:41,812] {scheduler_job.py:633} INFO - Processing file /home/airflow/.local/lib/python3.6/site-packages/airflow/example_dags/example_trigger_target_dag.py for tasks to queue
[2021-06-28 15:38:41,814] {logging_mixin.py:104} INFO - [2021-06-28 15:38:41,813] {dagbag.py:487} INFO - Filling up the DagBag from /home/airflow/.local/lib/python3.6/site-packages/airflow/example_dags/example_trigger_target_dag.py
[2021-06-28 15:38:41,860] {scheduler_job.py:643} INFO - DAG(s) dict_keys(['example_trigger_target_dag']) retrieved from /home/airflow/.local/lib/python3.6/site-packages/airflow/example_dags/example_trigger_target_dag.py
[2021-06-28 15:38:41,952] {logging_mixin.py:104} INFO - [2021-06-28 15:38:41,951] {dag.py:1832} INFO - Sync 1 DAGs
[2021-06-28 15:38:41,984] {logging_mixin.py:104} INFO - [2021-06-28 15:38:41,983] {dag.py:2305} INFO - Setting next_dagrun for example_trigger_target_dag to None
[2021-06-28 15:38:42,002] {scheduler_job.py:190} INFO - Processing /home/airflow/.local/lib/python3.6/site-packages/airflow/example_dags/example_trigger_target_dag.py took 0.198 seconds
[2021-06-28 15:39:12,066] {scheduler_job.py:182} INFO - Started process (PID=692) to work on /home/airflow/.local/lib/python3.6/site-packages/airflow/example_dags/example_trigger_target_dag.py
[2021-06-28 15:39:12,068] {scheduler_job.py:633} INFO - Processing file /home/airflow/.local/lib/python3.6/site-packages/airflow/example_dags/example_trigger_target_dag.py for tasks to queue
[2021-06-28 15:39:12,069] {logging_mixin.py:104} INFO - [2021-06-28 15:39:12,069] {dagbag.py:487} INFO - Filling up the DagBag from /home/airflow/.local/lib/python3.6/site-packages/airflow/example_dags/example_trigger_target_dag.py
[2021-06-28 15:39:12,088] {scheduler_job.py:643} INFO - DAG(s) dict_keys(['example_trigger_target_dag']) retrieved from /home/airflow/.local/lib/python3.6/site-packages/airflow/example_dags/example_trigger_target_dag.py
[2021-06-28 15:39:12,140] {logging_mixin.py:104} INFO - [2021-06-28 15:39:12,139] {dag.py:1832} INFO - Sync 1 DAGs
[2021-06-28 15:39:12,172] {logging_mixin.py:104} INFO - [2021-06-28 15:39:12,172] {dag.py:2305} INFO - Setting next_dagrun for example_trigger_target_dag to None
[2021-06-28 15:39:12,235] {scheduler_job.py:190} INFO - Processing /home/airflow/.local/lib/python3.6/site-packages/airflow/example_dags/example_trigger_target_dag.py took 0.172 seconds
[2021-06-28 15:39:42,469] {scheduler_job.py:182} INFO - Started process (PID=770) to work on /home/airflow/.local/lib/python3.6/site-packages/airflow/example_dags/example_trigger_target_dag.py
[2021-06-28 15:39:42,470] {scheduler_job.py:633} INFO - Processing file /home/airflow/.local/lib/python3.6/site-packages/airflow/example_dags/example_trigger_target_dag.py for tasks to queue
[2021-06-28 15:39:42,471] {logging_mixin.py:104} INFO - [2021-06-28 15:39:42,471] {dagbag.py:487} INFO - Filling up the DagBag from /home/airflow/.local/lib/python3.6/site-packages/airflow/example_dags/example_trigger_target_dag.py
[2021-06-28 15:39:42,511] {scheduler_job.py:643} INFO - DAG(s) dict_keys(['example_trigger_target_dag']) retrieved from /home/airflow/.local/lib/python3.6/site-packages/airflow/example_dags/example_trigger_target_dag.py
[2021-06-28 15:39:42,580] {logging_mixin.py:104} INFO - [2021-06-28 15:39:42,577] {dag.py:1832} INFO - Sync 1 DAGs
[2021-06-28 15:39:42,619] {logging_mixin.py:104} INFO - [2021-06-28 15:39:42,614] {dag.py:2305} INFO - Setting next_dagrun for example_trigger_target_dag to None
[2021-06-28 15:39:42,652] {scheduler_job.py:190} INFO - Processing /home/airflow/.local/lib/python3.6/site-packages/airflow/example_dags/example_trigger_target_dag.py took 0.188 seconds
[2021-06-28 15:40:13,070] {scheduler_job.py:182} INFO - Started process (PID=830) to work on /home/airflow/.local/lib/python3.6/site-packages/airflow/example_dags/example_trigger_target_dag.py
[2021-06-28 15:40:13,072] {scheduler_job.py:633} INFO - Processing file /home/airflow/.local/lib/python3.6/site-packages/airflow/example_dags/example_trigger_target_dag.py for tasks to queue
[2021-06-28 15:40:13,073] {logging_mixin.py:104} INFO - [2021-06-28 15:40:13,073] {dagbag.py:487} INFO - Filling up the DagBag from /home/airflow/.local/lib/python3.6/site-packages/airflow/example_dags/example_trigger_target_dag.py
[2021-06-28 15:40:13,095] {scheduler_job.py:643} INFO - DAG(s) dict_keys(['example_trigger_target_dag']) retrieved from /home/airflow/.local/lib/python3.6/site-packages/airflow/example_dags/example_trigger_target_dag.py
[2021-06-28 15:40:13,153] {logging_mixin.py:104} INFO - [2021-06-28 15:40:13,153] {dag.py:1832} INFO - Sync 1 DAGs
[2021-06-28 15:40:13,192] {logging_mixin.py:104} INFO - [2021-06-28 15:40:13,192] {dag.py:2305} INFO - Setting next_dagrun for example_trigger_target_dag to None
[2021-06-28 15:40:13,213] {scheduler_job.py:190} INFO - Processing /home/airflow/.local/lib/python3.6/site-packages/airflow/example_dags/example_trigger_target_dag.py took 0.148 seconds
[2021-06-28 15:40:43,392] {scheduler_job.py:182} INFO - Started process (PID=893) to work on /home/airflow/.local/lib/python3.6/site-packages/airflow/example_dags/example_trigger_target_dag.py
[2021-06-28 15:40:43,393] {scheduler_job.py:633} INFO - Processing file /home/airflow/.local/lib/python3.6/site-packages/airflow/example_dags/example_trigger_target_dag.py for tasks to queue
[2021-06-28 15:40:43,394] {logging_mixin.py:104} INFO - [2021-06-28 15:40:43,394] {dagbag.py:487} INFO - Filling up the DagBag from /home/airflow/.local/lib/python3.6/site-packages/airflow/example_dags/example_trigger_target_dag.py
[2021-06-28 15:40:43,411] {scheduler_job.py:643} INFO - DAG(s) dict_keys(['example_trigger_target_dag']) retrieved from /home/airflow/.local/lib/python3.6/site-packages/airflow/example_dags/example_trigger_target_dag.py
[2021-06-28 15:40:43,435] {logging_mixin.py:104} INFO - [2021-06-28 15:40:43,434] {dag.py:1832} INFO - Sync 1 DAGs
[2021-06-28 15:40:43,459] {logging_mixin.py:104} INFO - [2021-06-28 15:40:43,459] {dag.py:2305} INFO - Setting next_dagrun for example_trigger_target_dag to None
[2021-06-28 15:40:43,474] {scheduler_job.py:190} INFO - Processing /home/airflow/.local/lib/python3.6/site-packages/airflow/example_dags/example_trigger_target_dag.py took 0.086 seconds
[2021-06-28 15:41:14,532] {scheduler_job.py:182} INFO - Started process (PID=962) to work on /home/airflow/.local/lib/python3.6/site-packages/airflow/example_dags/example_trigger_target_dag.py
[2021-06-28 15:41:14,534] {scheduler_job.py:633} INFO - Processing file /home/airflow/.local/lib/python3.6/site-packages/airflow/example_dags/example_trigger_target_dag.py for tasks to queue
[2021-06-28 15:41:14,535] {logging_mixin.py:104} INFO - [2021-06-28 15:41:14,534] {dagbag.py:487} INFO - Filling up the DagBag from /home/airflow/.local/lib/python3.6/site-packages/airflow/example_dags/example_trigger_target_dag.py
[2021-06-28 15:41:14,559] {scheduler_job.py:643} INFO - DAG(s) dict_keys(['example_trigger_target_dag']) retrieved from /home/airflow/.local/lib/python3.6/site-packages/airflow/example_dags/example_trigger_target_dag.py
[2021-06-28 15:41:14,643] {logging_mixin.py:104} INFO - [2021-06-28 15:41:14,643] {dag.py:1832} INFO - Sync 1 DAGs
[2021-06-28 15:41:14,695] {logging_mixin.py:104} INFO - [2021-06-28 15:41:14,695] {dag.py:2305} INFO - Setting next_dagrun for example_trigger_target_dag to None
[2021-06-28 15:41:14,753] {scheduler_job.py:190} INFO - Processing /home/airflow/.local/lib/python3.6/site-packages/airflow/example_dags/example_trigger_target_dag.py took 0.225 seconds
[2021-06-28 15:41:44,932] {scheduler_job.py:182} INFO - Started process (PID=1025) to work on /home/airflow/.local/lib/python3.6/site-packages/airflow/example_dags/example_trigger_target_dag.py
[2021-06-28 15:41:44,937] {scheduler_job.py:633} INFO - Processing file /home/airflow/.local/lib/python3.6/site-packages/airflow/example_dags/example_trigger_target_dag.py for tasks to queue
[2021-06-28 15:41:44,938] {logging_mixin.py:104} INFO - [2021-06-28 15:41:44,938] {dagbag.py:487} INFO - Filling up the DagBag from /home/airflow/.local/lib/python3.6/site-packages/airflow/example_dags/example_trigger_target_dag.py
[2021-06-28 15:41:44,992] {scheduler_job.py:643} INFO - DAG(s) dict_keys(['example_trigger_target_dag']) retrieved from /home/airflow/.local/lib/python3.6/site-packages/airflow/example_dags/example_trigger_target_dag.py
[2021-06-28 15:41:45,041] {logging_mixin.py:104} INFO - [2021-06-28 15:41:45,041] {dag.py:1832} INFO - Sync 1 DAGs
[2021-06-28 15:41:45,104] {logging_mixin.py:104} INFO - [2021-06-28 15:41:45,104] {dag.py:2305} INFO - Setting next_dagrun for example_trigger_target_dag to None
[2021-06-28 15:41:45,143] {scheduler_job.py:190} INFO - Processing /home/airflow/.local/lib/python3.6/site-packages/airflow/example_dags/example_trigger_target_dag.py took 0.223 seconds
[2021-06-28 15:42:15,262] {scheduler_job.py:182} INFO - Started process (PID=1085) to work on /home/airflow/.local/lib/python3.6/site-packages/airflow/example_dags/example_trigger_target_dag.py
[2021-06-28 15:42:15,270] {scheduler_job.py:633} INFO - Processing file /home/airflow/.local/lib/python3.6/site-packages/airflow/example_dags/example_trigger_target_dag.py for tasks to queue
[2021-06-28 15:42:15,272] {logging_mixin.py:104} INFO - [2021-06-28 15:42:15,271] {dagbag.py:487} INFO - Filling up the DagBag from /home/airflow/.local/lib/python3.6/site-packages/airflow/example_dags/example_trigger_target_dag.py
[2021-06-28 15:42:15,302] {scheduler_job.py:643} INFO - DAG(s) dict_keys(['example_trigger_target_dag']) retrieved from /home/airflow/.local/lib/python3.6/site-packages/airflow/example_dags/example_trigger_target_dag.py
[2021-06-28 15:42:15,348] {logging_mixin.py:104} INFO - [2021-06-28 15:42:15,348] {dag.py:1832} INFO - Sync 1 DAGs
[2021-06-28 15:42:15,400] {logging_mixin.py:104} INFO - [2021-06-28 15:42:15,400] {dag.py:2305} INFO - Setting next_dagrun for example_trigger_target_dag to None
[2021-06-28 15:42:15,431] {scheduler_job.py:190} INFO - Processing /home/airflow/.local/lib/python3.6/site-packages/airflow/example_dags/example_trigger_target_dag.py took 0.174 seconds
[2021-06-28 15:42:45,711] {scheduler_job.py:182} INFO - Started process (PID=1145) to work on /home/airflow/.local/lib/python3.6/site-packages/airflow/example_dags/example_trigger_target_dag.py
[2021-06-28 15:42:45,713] {scheduler_job.py:633} INFO - Processing file /home/airflow/.local/lib/python3.6/site-packages/airflow/example_dags/example_trigger_target_dag.py for tasks to queue
[2021-06-28 15:42:45,714] {logging_mixin.py:104} INFO - [2021-06-28 15:42:45,714] {dagbag.py:487} INFO - Filling up the DagBag from /home/airflow/.local/lib/python3.6/site-packages/airflow/example_dags/example_trigger_target_dag.py
[2021-06-28 15:42:45,749] {scheduler_job.py:643} INFO - DAG(s) dict_keys(['example_trigger_target_dag']) retrieved from /home/airflow/.local/lib/python3.6/site-packages/airflow/example_dags/example_trigger_target_dag.py
[2021-06-28 15:42:45,794] {logging_mixin.py:104} INFO - [2021-06-28 15:42:45,793] {dag.py:1832} INFO - Sync 1 DAGs
[2021-06-28 15:42:45,835] {logging_mixin.py:104} INFO - [2021-06-28 15:42:45,835] {dag.py:2305} INFO - Setting next_dagrun for example_trigger_target_dag to None
[2021-06-28 15:42:45,877] {scheduler_job.py:190} INFO - Processing /home/airflow/.local/lib/python3.6/site-packages/airflow/example_dags/example_trigger_target_dag.py took 0.178 seconds
[2021-06-28 15:43:16,178] {scheduler_job.py:182} INFO - Started process (PID=1214) to work on /home/airflow/.local/lib/python3.6/site-packages/airflow/example_dags/example_trigger_target_dag.py
[2021-06-28 15:43:16,194] {scheduler_job.py:633} INFO - Processing file /home/airflow/.local/lib/python3.6/site-packages/airflow/example_dags/example_trigger_target_dag.py for tasks to queue
[2021-06-28 15:43:16,195] {logging_mixin.py:104} INFO - [2021-06-28 15:43:16,195] {dagbag.py:487} INFO - Filling up the DagBag from /home/airflow/.local/lib/python3.6/site-packages/airflow/example_dags/example_trigger_target_dag.py
[2021-06-28 15:43:16,226] {scheduler_job.py:643} INFO - DAG(s) dict_keys(['example_trigger_target_dag']) retrieved from /home/airflow/.local/lib/python3.6/site-packages/airflow/example_dags/example_trigger_target_dag.py
[2021-06-28 15:43:16,307] {logging_mixin.py:104} INFO - [2021-06-28 15:43:16,307] {dag.py:1832} INFO - Sync 1 DAGs
[2021-06-28 15:43:16,377] {logging_mixin.py:104} INFO - [2021-06-28 15:43:16,377] {dag.py:2305} INFO - Setting next_dagrun for example_trigger_target_dag to None
[2021-06-28 15:43:16,455] {scheduler_job.py:190} INFO - Processing /home/airflow/.local/lib/python3.6/site-packages/airflow/example_dags/example_trigger_target_dag.py took 0.320 seconds
[2021-06-28 15:43:46,713] {scheduler_job.py:182} INFO - Started process (PID=1274) to work on /home/airflow/.local/lib/python3.6/site-packages/airflow/example_dags/example_trigger_target_dag.py
[2021-06-28 15:43:46,715] {scheduler_job.py:633} INFO - Processing file /home/airflow/.local/lib/python3.6/site-packages/airflow/example_dags/example_trigger_target_dag.py for tasks to queue
[2021-06-28 15:43:46,716] {logging_mixin.py:104} INFO - [2021-06-28 15:43:46,716] {dagbag.py:487} INFO - Filling up the DagBag from /home/airflow/.local/lib/python3.6/site-packages/airflow/example_dags/example_trigger_target_dag.py
[2021-06-28 15:43:46,741] {scheduler_job.py:643} INFO - DAG(s) dict_keys(['example_trigger_target_dag']) retrieved from /home/airflow/.local/lib/python3.6/site-packages/airflow/example_dags/example_trigger_target_dag.py
[2021-06-28 15:43:46,787] {logging_mixin.py:104} INFO - [2021-06-28 15:43:46,786] {dag.py:1832} INFO - Sync 1 DAGs
[2021-06-28 15:43:46,821] {logging_mixin.py:104} INFO - [2021-06-28 15:43:46,821] {dag.py:2305} INFO - Setting next_dagrun for example_trigger_target_dag to None
[2021-06-28 15:43:46,846] {scheduler_job.py:190} INFO - Processing /home/airflow/.local/lib/python3.6/site-packages/airflow/example_dags/example_trigger_target_dag.py took 0.138 seconds
[2021-06-28 15:44:17,171] {scheduler_job.py:182} INFO - Started process (PID=1334) to work on /home/airflow/.local/lib/python3.6/site-packages/airflow/example_dags/example_trigger_target_dag.py
[2021-06-28 15:44:17,179] {scheduler_job.py:633} INFO - Processing file /home/airflow/.local/lib/python3.6/site-packages/airflow/example_dags/example_trigger_target_dag.py for tasks to queue
[2021-06-28 15:44:17,180] {logging_mixin.py:104} INFO - [2021-06-28 15:44:17,179] {dagbag.py:487} INFO - Filling up the DagBag from /home/airflow/.local/lib/python3.6/site-packages/airflow/example_dags/example_trigger_target_dag.py
[2021-06-28 15:44:17,213] {scheduler_job.py:643} INFO - DAG(s) dict_keys(['example_trigger_target_dag']) retrieved from /home/airflow/.local/lib/python3.6/site-packages/airflow/example_dags/example_trigger_target_dag.py
[2021-06-28 15:44:17,250] {logging_mixin.py:104} INFO - [2021-06-28 15:44:17,250] {dag.py:1832} INFO - Sync 1 DAGs
[2021-06-28 15:44:17,298] {logging_mixin.py:104} INFO - [2021-06-28 15:44:17,298] {dag.py:2305} INFO - Setting next_dagrun for example_trigger_target_dag to None
[2021-06-28 15:44:17,316] {scheduler_job.py:190} INFO - Processing /home/airflow/.local/lib/python3.6/site-packages/airflow/example_dags/example_trigger_target_dag.py took 0.153 seconds
