[2021-06-28 15:16:12,672] {scheduler_job.py:182} INFO - Started process (PID=88) to work on /home/airflow/.local/lib/python3.6/site-packages/airflow/example_dags/example_task_group.py
[2021-06-28 15:16:12,674] {scheduler_job.py:633} INFO - Processing file /home/airflow/.local/lib/python3.6/site-packages/airflow/example_dags/example_task_group.py for tasks to queue
[2021-06-28 15:16:12,676] {logging_mixin.py:104} INFO - [2021-06-28 15:16:12,676] {dagbag.py:487} INFO - Filling up the DagBag from /home/airflow/.local/lib/python3.6/site-packages/airflow/example_dags/example_task_group.py
[2021-06-28 15:16:12,780] {scheduler_job.py:643} INFO - DAG(s) dict_keys(['example_task_group']) retrieved from /home/airflow/.local/lib/python3.6/site-packages/airflow/example_dags/example_task_group.py
[2021-06-28 15:16:15,186] {logging_mixin.py:104} INFO - [2021-06-28 15:16:15,186] {dag.py:1832} INFO - Sync 1 DAGs
[2021-06-28 15:16:15,352] {logging_mixin.py:104} INFO - [2021-06-28 15:16:15,338] {dag.py:2305} INFO - Setting next_dagrun for example_task_group to 2021-06-26 00:00:00+00:00
[2021-06-28 15:16:15,443] {scheduler_job.py:190} INFO - Processing /home/airflow/.local/lib/python3.6/site-packages/airflow/example_dags/example_task_group.py took 2.800 seconds
[2021-06-28 15:16:46,027] {scheduler_job.py:182} INFO - Started process (PID=137) to work on /home/airflow/.local/lib/python3.6/site-packages/airflow/example_dags/example_task_group.py
[2021-06-28 15:16:46,045] {scheduler_job.py:633} INFO - Processing file /home/airflow/.local/lib/python3.6/site-packages/airflow/example_dags/example_task_group.py for tasks to queue
[2021-06-28 15:16:46,046] {logging_mixin.py:104} INFO - [2021-06-28 15:16:46,046] {dagbag.py:487} INFO - Filling up the DagBag from /home/airflow/.local/lib/python3.6/site-packages/airflow/example_dags/example_task_group.py
[2021-06-28 15:16:46,081] {scheduler_job.py:643} INFO - DAG(s) dict_keys(['example_task_group']) retrieved from /home/airflow/.local/lib/python3.6/site-packages/airflow/example_dags/example_task_group.py
[2021-06-28 15:16:46,150] {logging_mixin.py:104} INFO - [2021-06-28 15:16:46,150] {dag.py:1832} INFO - Sync 1 DAGs
[2021-06-28 15:16:46,198] {logging_mixin.py:104} INFO - [2021-06-28 15:16:46,198] {dag.py:2305} INFO - Setting next_dagrun for example_task_group to 2021-06-26 00:00:00+00:00
[2021-06-28 15:16:46,236] {scheduler_job.py:190} INFO - Processing /home/airflow/.local/lib/python3.6/site-packages/airflow/example_dags/example_task_group.py took 0.224 seconds
[2021-06-28 15:17:16,324] {scheduler_job.py:182} INFO - Started process (PID=197) to work on /home/airflow/.local/lib/python3.6/site-packages/airflow/example_dags/example_task_group.py
[2021-06-28 15:17:16,325] {scheduler_job.py:633} INFO - Processing file /home/airflow/.local/lib/python3.6/site-packages/airflow/example_dags/example_task_group.py for tasks to queue
[2021-06-28 15:17:16,326] {logging_mixin.py:104} INFO - [2021-06-28 15:17:16,325] {dagbag.py:487} INFO - Filling up the DagBag from /home/airflow/.local/lib/python3.6/site-packages/airflow/example_dags/example_task_group.py
[2021-06-28 15:17:16,342] {scheduler_job.py:643} INFO - DAG(s) dict_keys(['example_task_group']) retrieved from /home/airflow/.local/lib/python3.6/site-packages/airflow/example_dags/example_task_group.py
[2021-06-28 15:17:16,364] {logging_mixin.py:104} INFO - [2021-06-28 15:17:16,364] {dag.py:1832} INFO - Sync 1 DAGs
[2021-06-28 15:17:16,381] {logging_mixin.py:104} INFO - [2021-06-28 15:17:16,381] {dag.py:2305} INFO - Setting next_dagrun for example_task_group to 2021-06-26 00:00:00+00:00
[2021-06-28 15:17:16,394] {scheduler_job.py:190} INFO - Processing /home/airflow/.local/lib/python3.6/site-packages/airflow/example_dags/example_task_group.py took 0.073 seconds
[2021-06-28 15:17:46,796] {scheduler_job.py:182} INFO - Started process (PID=258) to work on /home/airflow/.local/lib/python3.6/site-packages/airflow/example_dags/example_task_group.py
[2021-06-28 15:17:46,798] {scheduler_job.py:633} INFO - Processing file /home/airflow/.local/lib/python3.6/site-packages/airflow/example_dags/example_task_group.py for tasks to queue
[2021-06-28 15:17:46,798] {logging_mixin.py:104} INFO - [2021-06-28 15:17:46,798] {dagbag.py:487} INFO - Filling up the DagBag from /home/airflow/.local/lib/python3.6/site-packages/airflow/example_dags/example_task_group.py
[2021-06-28 15:17:46,824] {scheduler_job.py:643} INFO - DAG(s) dict_keys(['example_task_group']) retrieved from /home/airflow/.local/lib/python3.6/site-packages/airflow/example_dags/example_task_group.py
[2021-06-28 15:17:46,859] {logging_mixin.py:104} INFO - [2021-06-28 15:17:46,859] {dag.py:1832} INFO - Sync 1 DAGs
[2021-06-28 15:17:46,890] {logging_mixin.py:104} INFO - [2021-06-28 15:17:46,890] {dag.py:2305} INFO - Setting next_dagrun for example_task_group to 2021-06-26 00:00:00+00:00
[2021-06-28 15:17:46,914] {scheduler_job.py:190} INFO - Processing /home/airflow/.local/lib/python3.6/site-packages/airflow/example_dags/example_task_group.py took 0.121 seconds
[2021-06-28 15:18:17,220] {scheduler_job.py:182} INFO - Started process (PID=327) to work on /home/airflow/.local/lib/python3.6/site-packages/airflow/example_dags/example_task_group.py
[2021-06-28 15:18:17,222] {scheduler_job.py:633} INFO - Processing file /home/airflow/.local/lib/python3.6/site-packages/airflow/example_dags/example_task_group.py for tasks to queue
[2021-06-28 15:18:17,223] {logging_mixin.py:104} INFO - [2021-06-28 15:18:17,223] {dagbag.py:487} INFO - Filling up the DagBag from /home/airflow/.local/lib/python3.6/site-packages/airflow/example_dags/example_task_group.py
[2021-06-28 15:18:17,250] {scheduler_job.py:643} INFO - DAG(s) dict_keys(['example_task_group']) retrieved from /home/airflow/.local/lib/python3.6/site-packages/airflow/example_dags/example_task_group.py
[2021-06-28 15:18:17,291] {logging_mixin.py:104} INFO - [2021-06-28 15:18:17,291] {dag.py:1832} INFO - Sync 1 DAGs
[2021-06-28 15:18:17,319] {logging_mixin.py:104} INFO - [2021-06-28 15:18:17,319] {dag.py:2305} INFO - Setting next_dagrun for example_task_group to 2021-06-26 00:00:00+00:00
[2021-06-28 15:18:17,352] {scheduler_job.py:190} INFO - Processing /home/airflow/.local/lib/python3.6/site-packages/airflow/example_dags/example_task_group.py took 0.137 seconds
[2021-06-28 15:18:47,947] {scheduler_job.py:182} INFO - Started process (PID=393) to work on /home/airflow/.local/lib/python3.6/site-packages/airflow/example_dags/example_task_group.py
[2021-06-28 15:18:47,963] {scheduler_job.py:633} INFO - Processing file /home/airflow/.local/lib/python3.6/site-packages/airflow/example_dags/example_task_group.py for tasks to queue
[2021-06-28 15:18:47,964] {logging_mixin.py:104} INFO - [2021-06-28 15:18:47,964] {dagbag.py:487} INFO - Filling up the DagBag from /home/airflow/.local/lib/python3.6/site-packages/airflow/example_dags/example_task_group.py
[2021-06-28 15:18:48,033] {scheduler_job.py:643} INFO - DAG(s) dict_keys(['example_task_group']) retrieved from /home/airflow/.local/lib/python3.6/site-packages/airflow/example_dags/example_task_group.py
[2021-06-28 15:18:48,141] {logging_mixin.py:104} INFO - [2021-06-28 15:18:48,141] {dag.py:1832} INFO - Sync 1 DAGs
[2021-06-28 15:18:48,202] {logging_mixin.py:104} INFO - [2021-06-28 15:18:48,202] {dag.py:2305} INFO - Setting next_dagrun for example_task_group to 2021-06-26 00:00:00+00:00
[2021-06-28 15:18:48,245] {scheduler_job.py:190} INFO - Processing /home/airflow/.local/lib/python3.6/site-packages/airflow/example_dags/example_task_group.py took 0.315 seconds
[2021-06-28 15:19:18,885] {scheduler_job.py:182} INFO - Started process (PID=450) to work on /home/airflow/.local/lib/python3.6/site-packages/airflow/example_dags/example_task_group.py
[2021-06-28 15:19:18,898] {scheduler_job.py:633} INFO - Processing file /home/airflow/.local/lib/python3.6/site-packages/airflow/example_dags/example_task_group.py for tasks to queue
[2021-06-28 15:19:18,899] {logging_mixin.py:104} INFO - [2021-06-28 15:19:18,899] {dagbag.py:487} INFO - Filling up the DagBag from /home/airflow/.local/lib/python3.6/site-packages/airflow/example_dags/example_task_group.py
[2021-06-28 15:19:18,972] {scheduler_job.py:643} INFO - DAG(s) dict_keys(['example_task_group']) retrieved from /home/airflow/.local/lib/python3.6/site-packages/airflow/example_dags/example_task_group.py
[2021-06-28 15:19:19,072] {logging_mixin.py:104} INFO - [2021-06-28 15:19:19,072] {dag.py:1832} INFO - Sync 1 DAGs
[2021-06-28 15:19:19,171] {logging_mixin.py:104} INFO - [2021-06-28 15:19:19,170] {dag.py:2305} INFO - Setting next_dagrun for example_task_group to 2021-06-26 00:00:00+00:00
[2021-06-28 15:19:19,241] {scheduler_job.py:190} INFO - Processing /home/airflow/.local/lib/python3.6/site-packages/airflow/example_dags/example_task_group.py took 0.373 seconds
[2021-06-28 15:19:49,805] {scheduler_job.py:182} INFO - Started process (PID=503) to work on /home/airflow/.local/lib/python3.6/site-packages/airflow/example_dags/example_task_group.py
[2021-06-28 15:19:49,807] {scheduler_job.py:633} INFO - Processing file /home/airflow/.local/lib/python3.6/site-packages/airflow/example_dags/example_task_group.py for tasks to queue
[2021-06-28 15:19:49,808] {logging_mixin.py:104} INFO - [2021-06-28 15:19:49,808] {dagbag.py:487} INFO - Filling up the DagBag from /home/airflow/.local/lib/python3.6/site-packages/airflow/example_dags/example_task_group.py
[2021-06-28 15:19:49,874] {scheduler_job.py:643} INFO - DAG(s) dict_keys(['example_task_group']) retrieved from /home/airflow/.local/lib/python3.6/site-packages/airflow/example_dags/example_task_group.py
[2021-06-28 15:19:50,023] {logging_mixin.py:104} INFO - [2021-06-28 15:19:50,023] {dag.py:1832} INFO - Sync 1 DAGs
[2021-06-28 15:19:50,152] {logging_mixin.py:104} INFO - [2021-06-28 15:19:50,151] {dag.py:2305} INFO - Setting next_dagrun for example_task_group to 2021-06-26 00:00:00+00:00
[2021-06-28 15:19:50,185] {scheduler_job.py:190} INFO - Processing /home/airflow/.local/lib/python3.6/site-packages/airflow/example_dags/example_task_group.py took 0.387 seconds
[2021-06-28 15:20:20,504] {scheduler_job.py:182} INFO - Started process (PID=573) to work on /home/airflow/.local/lib/python3.6/site-packages/airflow/example_dags/example_task_group.py
[2021-06-28 15:20:20,512] {scheduler_job.py:633} INFO - Processing file /home/airflow/.local/lib/python3.6/site-packages/airflow/example_dags/example_task_group.py for tasks to queue
[2021-06-28 15:20:20,513] {logging_mixin.py:104} INFO - [2021-06-28 15:20:20,513] {dagbag.py:487} INFO - Filling up the DagBag from /home/airflow/.local/lib/python3.6/site-packages/airflow/example_dags/example_task_group.py
[2021-06-28 15:20:20,563] {scheduler_job.py:643} INFO - DAG(s) dict_keys(['example_task_group']) retrieved from /home/airflow/.local/lib/python3.6/site-packages/airflow/example_dags/example_task_group.py
[2021-06-28 15:20:20,637] {logging_mixin.py:104} INFO - [2021-06-28 15:20:20,637] {dag.py:1832} INFO - Sync 1 DAGs
[2021-06-28 15:20:20,685] {logging_mixin.py:104} INFO - [2021-06-28 15:20:20,685] {dag.py:2305} INFO - Setting next_dagrun for example_task_group to 2021-06-26 00:00:00+00:00
[2021-06-28 15:20:20,727] {scheduler_job.py:190} INFO - Processing /home/airflow/.local/lib/python3.6/site-packages/airflow/example_dags/example_task_group.py took 0.241 seconds
[2021-06-28 15:20:51,351] {scheduler_job.py:182} INFO - Started process (PID=632) to work on /home/airflow/.local/lib/python3.6/site-packages/airflow/example_dags/example_task_group.py
[2021-06-28 15:20:51,353] {scheduler_job.py:633} INFO - Processing file /home/airflow/.local/lib/python3.6/site-packages/airflow/example_dags/example_task_group.py for tasks to queue
[2021-06-28 15:20:51,354] {logging_mixin.py:104} INFO - [2021-06-28 15:20:51,354] {dagbag.py:487} INFO - Filling up the DagBag from /home/airflow/.local/lib/python3.6/site-packages/airflow/example_dags/example_task_group.py
[2021-06-28 15:20:51,386] {scheduler_job.py:643} INFO - DAG(s) dict_keys(['example_task_group']) retrieved from /home/airflow/.local/lib/python3.6/site-packages/airflow/example_dags/example_task_group.py
[2021-06-28 15:20:51,438] {logging_mixin.py:104} INFO - [2021-06-28 15:20:51,437] {dag.py:1832} INFO - Sync 1 DAGs
[2021-06-28 15:20:51,471] {logging_mixin.py:104} INFO - [2021-06-28 15:20:51,471] {dag.py:2305} INFO - Setting next_dagrun for example_task_group to 2021-06-26 00:00:00+00:00
[2021-06-28 15:20:51,490] {scheduler_job.py:190} INFO - Processing /home/airflow/.local/lib/python3.6/site-packages/airflow/example_dags/example_task_group.py took 0.144 seconds
[2021-06-28 15:21:21,534] {scheduler_job.py:182} INFO - Started process (PID=690) to work on /home/airflow/.local/lib/python3.6/site-packages/airflow/example_dags/example_task_group.py
[2021-06-28 15:21:21,538] {scheduler_job.py:633} INFO - Processing file /home/airflow/.local/lib/python3.6/site-packages/airflow/example_dags/example_task_group.py for tasks to queue
[2021-06-28 15:21:21,539] {logging_mixin.py:104} INFO - [2021-06-28 15:21:21,539] {dagbag.py:487} INFO - Filling up the DagBag from /home/airflow/.local/lib/python3.6/site-packages/airflow/example_dags/example_task_group.py
[2021-06-28 15:21:21,563] {scheduler_job.py:643} INFO - DAG(s) dict_keys(['example_task_group']) retrieved from /home/airflow/.local/lib/python3.6/site-packages/airflow/example_dags/example_task_group.py
[2021-06-28 15:21:21,608] {logging_mixin.py:104} INFO - [2021-06-28 15:21:21,607] {dag.py:1832} INFO - Sync 1 DAGs
[2021-06-28 15:21:21,632] {logging_mixin.py:104} INFO - [2021-06-28 15:21:21,632] {dag.py:2305} INFO - Setting next_dagrun for example_task_group to 2021-06-26 00:00:00+00:00
[2021-06-28 15:21:21,659] {scheduler_job.py:190} INFO - Processing /home/airflow/.local/lib/python3.6/site-packages/airflow/example_dags/example_task_group.py took 0.130 seconds
[2021-06-28 15:21:51,952] {scheduler_job.py:182} INFO - Started process (PID=750) to work on /home/airflow/.local/lib/python3.6/site-packages/airflow/example_dags/example_task_group.py
[2021-06-28 15:21:51,957] {scheduler_job.py:633} INFO - Processing file /home/airflow/.local/lib/python3.6/site-packages/airflow/example_dags/example_task_group.py for tasks to queue
[2021-06-28 15:21:51,958] {logging_mixin.py:104} INFO - [2021-06-28 15:21:51,958] {dagbag.py:487} INFO - Filling up the DagBag from /home/airflow/.local/lib/python3.6/site-packages/airflow/example_dags/example_task_group.py
[2021-06-28 15:21:51,989] {scheduler_job.py:643} INFO - DAG(s) dict_keys(['example_task_group']) retrieved from /home/airflow/.local/lib/python3.6/site-packages/airflow/example_dags/example_task_group.py
[2021-06-28 15:21:52,063] {logging_mixin.py:104} INFO - [2021-06-28 15:21:52,062] {dag.py:1832} INFO - Sync 1 DAGs
[2021-06-28 15:21:52,096] {logging_mixin.py:104} INFO - [2021-06-28 15:21:52,096] {dag.py:2305} INFO - Setting next_dagrun for example_task_group to 2021-06-26 00:00:00+00:00
[2021-06-28 15:21:52,137] {scheduler_job.py:190} INFO - Processing /home/airflow/.local/lib/python3.6/site-packages/airflow/example_dags/example_task_group.py took 0.194 seconds
[2021-06-28 15:22:22,741] {scheduler_job.py:182} INFO - Started process (PID=818) to work on /home/airflow/.local/lib/python3.6/site-packages/airflow/example_dags/example_task_group.py
[2021-06-28 15:22:22,748] {scheduler_job.py:633} INFO - Processing file /home/airflow/.local/lib/python3.6/site-packages/airflow/example_dags/example_task_group.py for tasks to queue
[2021-06-28 15:22:22,750] {logging_mixin.py:104} INFO - [2021-06-28 15:22:22,750] {dagbag.py:487} INFO - Filling up the DagBag from /home/airflow/.local/lib/python3.6/site-packages/airflow/example_dags/example_task_group.py
[2021-06-28 15:22:22,780] {scheduler_job.py:643} INFO - DAG(s) dict_keys(['example_task_group']) retrieved from /home/airflow/.local/lib/python3.6/site-packages/airflow/example_dags/example_task_group.py
[2021-06-28 15:22:22,841] {logging_mixin.py:104} INFO - [2021-06-28 15:22:22,841] {dag.py:1832} INFO - Sync 1 DAGs
[2021-06-28 15:22:22,880] {logging_mixin.py:104} INFO - [2021-06-28 15:22:22,880] {dag.py:2305} INFO - Setting next_dagrun for example_task_group to 2021-06-26 00:00:00+00:00
[2021-06-28 15:22:22,916] {scheduler_job.py:190} INFO - Processing /home/airflow/.local/lib/python3.6/site-packages/airflow/example_dags/example_task_group.py took 0.195 seconds
[2021-06-28 15:22:53,032] {scheduler_job.py:182} INFO - Started process (PID=867) to work on /home/airflow/.local/lib/python3.6/site-packages/airflow/example_dags/example_task_group.py
[2021-06-28 15:22:53,033] {scheduler_job.py:633} INFO - Processing file /home/airflow/.local/lib/python3.6/site-packages/airflow/example_dags/example_task_group.py for tasks to queue
[2021-06-28 15:22:53,034] {logging_mixin.py:104} INFO - [2021-06-28 15:22:53,034] {dagbag.py:487} INFO - Filling up the DagBag from /home/airflow/.local/lib/python3.6/site-packages/airflow/example_dags/example_task_group.py
[2021-06-28 15:22:53,052] {scheduler_job.py:643} INFO - DAG(s) dict_keys(['example_task_group']) retrieved from /home/airflow/.local/lib/python3.6/site-packages/airflow/example_dags/example_task_group.py
[2021-06-28 15:22:53,089] {logging_mixin.py:104} INFO - [2021-06-28 15:22:53,088] {dag.py:1832} INFO - Sync 1 DAGs
[2021-06-28 15:22:53,108] {logging_mixin.py:104} INFO - [2021-06-28 15:22:53,107] {dag.py:2305} INFO - Setting next_dagrun for example_task_group to 2021-06-26 00:00:00+00:00
[2021-06-28 15:22:53,126] {scheduler_job.py:190} INFO - Processing /home/airflow/.local/lib/python3.6/site-packages/airflow/example_dags/example_task_group.py took 0.097 seconds
[2021-06-28 15:23:23,315] {scheduler_job.py:182} INFO - Started process (PID=927) to work on /home/airflow/.local/lib/python3.6/site-packages/airflow/example_dags/example_task_group.py
[2021-06-28 15:23:23,317] {scheduler_job.py:633} INFO - Processing file /home/airflow/.local/lib/python3.6/site-packages/airflow/example_dags/example_task_group.py for tasks to queue
[2021-06-28 15:23:23,318] {logging_mixin.py:104} INFO - [2021-06-28 15:23:23,318] {dagbag.py:487} INFO - Filling up the DagBag from /home/airflow/.local/lib/python3.6/site-packages/airflow/example_dags/example_task_group.py
[2021-06-28 15:23:23,338] {scheduler_job.py:643} INFO - DAG(s) dict_keys(['example_task_group']) retrieved from /home/airflow/.local/lib/python3.6/site-packages/airflow/example_dags/example_task_group.py
[2021-06-28 15:23:23,394] {logging_mixin.py:104} INFO - [2021-06-28 15:23:23,393] {dag.py:1832} INFO - Sync 1 DAGs
[2021-06-28 15:23:23,421] {logging_mixin.py:104} INFO - [2021-06-28 15:23:23,421] {dag.py:2305} INFO - Setting next_dagrun for example_task_group to 2021-06-26 00:00:00+00:00
[2021-06-28 15:23:23,439] {scheduler_job.py:190} INFO - Processing /home/airflow/.local/lib/python3.6/site-packages/airflow/example_dags/example_task_group.py took 0.128 seconds
[2021-06-28 15:23:53,889] {scheduler_job.py:182} INFO - Started process (PID=996) to work on /home/airflow/.local/lib/python3.6/site-packages/airflow/example_dags/example_task_group.py
[2021-06-28 15:23:53,895] {scheduler_job.py:633} INFO - Processing file /home/airflow/.local/lib/python3.6/site-packages/airflow/example_dags/example_task_group.py for tasks to queue
[2021-06-28 15:23:53,897] {logging_mixin.py:104} INFO - [2021-06-28 15:23:53,896] {dagbag.py:487} INFO - Filling up the DagBag from /home/airflow/.local/lib/python3.6/site-packages/airflow/example_dags/example_task_group.py
[2021-06-28 15:23:53,952] {scheduler_job.py:643} INFO - DAG(s) dict_keys(['example_task_group']) retrieved from /home/airflow/.local/lib/python3.6/site-packages/airflow/example_dags/example_task_group.py
[2021-06-28 15:23:54,035] {logging_mixin.py:104} INFO - [2021-06-28 15:23:54,035] {dag.py:1832} INFO - Sync 1 DAGs
[2021-06-28 15:23:54,063] {logging_mixin.py:104} INFO - [2021-06-28 15:23:54,063] {dag.py:2305} INFO - Setting next_dagrun for example_task_group to 2021-06-26 00:00:00+00:00
[2021-06-28 15:23:54,080] {scheduler_job.py:190} INFO - Processing /home/airflow/.local/lib/python3.6/site-packages/airflow/example_dags/example_task_group.py took 0.197 seconds
[2021-06-28 15:24:24,658] {scheduler_job.py:182} INFO - Started process (PID=1059) to work on /home/airflow/.local/lib/python3.6/site-packages/airflow/example_dags/example_task_group.py
[2021-06-28 15:24:24,661] {scheduler_job.py:633} INFO - Processing file /home/airflow/.local/lib/python3.6/site-packages/airflow/example_dags/example_task_group.py for tasks to queue
[2021-06-28 15:24:24,663] {logging_mixin.py:104} INFO - [2021-06-28 15:24:24,662] {dagbag.py:487} INFO - Filling up the DagBag from /home/airflow/.local/lib/python3.6/site-packages/airflow/example_dags/example_task_group.py
[2021-06-28 15:24:24,684] {scheduler_job.py:643} INFO - DAG(s) dict_keys(['example_task_group']) retrieved from /home/airflow/.local/lib/python3.6/site-packages/airflow/example_dags/example_task_group.py
[2021-06-28 15:24:24,711] {logging_mixin.py:104} INFO - [2021-06-28 15:24:24,711] {dag.py:1832} INFO - Sync 1 DAGs
[2021-06-28 15:24:24,734] {logging_mixin.py:104} INFO - [2021-06-28 15:24:24,734] {dag.py:2305} INFO - Setting next_dagrun for example_task_group to 2021-06-26 00:00:00+00:00
[2021-06-28 15:24:24,749] {scheduler_job.py:190} INFO - Processing /home/airflow/.local/lib/python3.6/site-packages/airflow/example_dags/example_task_group.py took 0.094 seconds
[2021-06-28 15:24:55,605] {scheduler_job.py:182} INFO - Started process (PID=1117) to work on /home/airflow/.local/lib/python3.6/site-packages/airflow/example_dags/example_task_group.py
[2021-06-28 15:24:55,607] {scheduler_job.py:633} INFO - Processing file /home/airflow/.local/lib/python3.6/site-packages/airflow/example_dags/example_task_group.py for tasks to queue
[2021-06-28 15:24:55,608] {logging_mixin.py:104} INFO - [2021-06-28 15:24:55,608] {dagbag.py:487} INFO - Filling up the DagBag from /home/airflow/.local/lib/python3.6/site-packages/airflow/example_dags/example_task_group.py
[2021-06-28 15:24:55,637] {scheduler_job.py:643} INFO - DAG(s) dict_keys(['example_task_group']) retrieved from /home/airflow/.local/lib/python3.6/site-packages/airflow/example_dags/example_task_group.py
[2021-06-28 15:24:55,682] {logging_mixin.py:104} INFO - [2021-06-28 15:24:55,681] {dag.py:1832} INFO - Sync 1 DAGs
[2021-06-28 15:24:55,729] {logging_mixin.py:104} INFO - [2021-06-28 15:24:55,729] {dag.py:2305} INFO - Setting next_dagrun for example_task_group to 2021-06-26 00:00:00+00:00
[2021-06-28 15:24:55,751] {scheduler_job.py:190} INFO - Processing /home/airflow/.local/lib/python3.6/site-packages/airflow/example_dags/example_task_group.py took 0.150 seconds
[2021-06-28 15:25:26,169] {scheduler_job.py:182} INFO - Started process (PID=1190) to work on /home/airflow/.local/lib/python3.6/site-packages/airflow/example_dags/example_task_group.py
[2021-06-28 15:25:26,172] {scheduler_job.py:633} INFO - Processing file /home/airflow/.local/lib/python3.6/site-packages/airflow/example_dags/example_task_group.py for tasks to queue
[2021-06-28 15:25:26,174] {logging_mixin.py:104} INFO - [2021-06-28 15:25:26,173] {dagbag.py:487} INFO - Filling up the DagBag from /home/airflow/.local/lib/python3.6/site-packages/airflow/example_dags/example_task_group.py
[2021-06-28 15:25:26,276] {scheduler_job.py:643} INFO - DAG(s) dict_keys(['example_task_group']) retrieved from /home/airflow/.local/lib/python3.6/site-packages/airflow/example_dags/example_task_group.py
[2021-06-28 15:25:26,353] {logging_mixin.py:104} INFO - [2021-06-28 15:25:26,353] {dag.py:1832} INFO - Sync 1 DAGs
[2021-06-28 15:25:26,393] {logging_mixin.py:104} INFO - [2021-06-28 15:25:26,393] {dag.py:2305} INFO - Setting next_dagrun for example_task_group to 2021-06-26 00:00:00+00:00
[2021-06-28 15:25:26,444] {scheduler_job.py:190} INFO - Processing /home/airflow/.local/lib/python3.6/site-packages/airflow/example_dags/example_task_group.py took 0.282 seconds
[2021-06-28 15:25:57,122] {scheduler_job.py:182} INFO - Started process (PID=1249) to work on /home/airflow/.local/lib/python3.6/site-packages/airflow/example_dags/example_task_group.py
[2021-06-28 15:25:57,128] {scheduler_job.py:633} INFO - Processing file /home/airflow/.local/lib/python3.6/site-packages/airflow/example_dags/example_task_group.py for tasks to queue
[2021-06-28 15:25:57,138] {logging_mixin.py:104} INFO - [2021-06-28 15:25:57,138] {dagbag.py:487} INFO - Filling up the DagBag from /home/airflow/.local/lib/python3.6/site-packages/airflow/example_dags/example_task_group.py
[2021-06-28 15:25:57,223] {scheduler_job.py:643} INFO - DAG(s) dict_keys(['example_task_group']) retrieved from /home/airflow/.local/lib/python3.6/site-packages/airflow/example_dags/example_task_group.py
[2021-06-28 15:25:57,290] {logging_mixin.py:104} INFO - [2021-06-28 15:25:57,283] {dag.py:1832} INFO - Sync 1 DAGs
[2021-06-28 15:25:57,317] {logging_mixin.py:104} INFO - [2021-06-28 15:25:57,316] {dag.py:2305} INFO - Setting next_dagrun for example_task_group to 2021-06-26 00:00:00+00:00
[2021-06-28 15:25:57,337] {scheduler_job.py:190} INFO - Processing /home/airflow/.local/lib/python3.6/site-packages/airflow/example_dags/example_task_group.py took 0.270 seconds
[2021-06-28 15:26:27,996] {scheduler_job.py:182} INFO - Started process (PID=1311) to work on /home/airflow/.local/lib/python3.6/site-packages/airflow/example_dags/example_task_group.py
[2021-06-28 15:26:28,008] {scheduler_job.py:633} INFO - Processing file /home/airflow/.local/lib/python3.6/site-packages/airflow/example_dags/example_task_group.py for tasks to queue
[2021-06-28 15:26:28,013] {logging_mixin.py:104} INFO - [2021-06-28 15:26:28,013] {dagbag.py:487} INFO - Filling up the DagBag from /home/airflow/.local/lib/python3.6/site-packages/airflow/example_dags/example_task_group.py
[2021-06-28 15:26:28,034] {scheduler_job.py:643} INFO - DAG(s) dict_keys(['example_task_group']) retrieved from /home/airflow/.local/lib/python3.6/site-packages/airflow/example_dags/example_task_group.py
[2021-06-28 15:26:28,074] {logging_mixin.py:104} INFO - [2021-06-28 15:26:28,074] {dag.py:1832} INFO - Sync 1 DAGs
[2021-06-28 15:26:28,101] {logging_mixin.py:104} INFO - [2021-06-28 15:26:28,100] {dag.py:2305} INFO - Setting next_dagrun for example_task_group to 2021-06-26 00:00:00+00:00
[2021-06-28 15:26:28,120] {scheduler_job.py:190} INFO - Processing /home/airflow/.local/lib/python3.6/site-packages/airflow/example_dags/example_task_group.py took 0.137 seconds
[2021-06-28 15:26:58,398] {scheduler_job.py:182} INFO - Started process (PID=1371) to work on /home/airflow/.local/lib/python3.6/site-packages/airflow/example_dags/example_task_group.py
[2021-06-28 15:26:58,400] {scheduler_job.py:633} INFO - Processing file /home/airflow/.local/lib/python3.6/site-packages/airflow/example_dags/example_task_group.py for tasks to queue
[2021-06-28 15:26:58,402] {logging_mixin.py:104} INFO - [2021-06-28 15:26:58,402] {dagbag.py:487} INFO - Filling up the DagBag from /home/airflow/.local/lib/python3.6/site-packages/airflow/example_dags/example_task_group.py
[2021-06-28 15:26:58,431] {scheduler_job.py:643} INFO - DAG(s) dict_keys(['example_task_group']) retrieved from /home/airflow/.local/lib/python3.6/site-packages/airflow/example_dags/example_task_group.py
[2021-06-28 15:26:58,505] {logging_mixin.py:104} INFO - [2021-06-28 15:26:58,505] {dag.py:1832} INFO - Sync 1 DAGs
[2021-06-28 15:26:58,545] {logging_mixin.py:104} INFO - [2021-06-28 15:26:58,545] {dag.py:2305} INFO - Setting next_dagrun for example_task_group to 2021-06-26 00:00:00+00:00
[2021-06-28 15:26:58,572] {scheduler_job.py:190} INFO - Processing /home/airflow/.local/lib/python3.6/site-packages/airflow/example_dags/example_task_group.py took 0.178 seconds
[2021-06-28 15:27:29,446] {scheduler_job.py:182} INFO - Started process (PID=1431) to work on /home/airflow/.local/lib/python3.6/site-packages/airflow/example_dags/example_task_group.py
[2021-06-28 15:27:29,449] {scheduler_job.py:633} INFO - Processing file /home/airflow/.local/lib/python3.6/site-packages/airflow/example_dags/example_task_group.py for tasks to queue
[2021-06-28 15:27:29,452] {logging_mixin.py:104} INFO - [2021-06-28 15:27:29,451] {dagbag.py:487} INFO - Filling up the DagBag from /home/airflow/.local/lib/python3.6/site-packages/airflow/example_dags/example_task_group.py
[2021-06-28 15:27:29,477] {scheduler_job.py:643} INFO - DAG(s) dict_keys(['example_task_group']) retrieved from /home/airflow/.local/lib/python3.6/site-packages/airflow/example_dags/example_task_group.py
[2021-06-28 15:27:29,521] {logging_mixin.py:104} INFO - [2021-06-28 15:27:29,521] {dag.py:1832} INFO - Sync 1 DAGs
[2021-06-28 15:27:29,556] {logging_mixin.py:104} INFO - [2021-06-28 15:27:29,556] {dag.py:2305} INFO - Setting next_dagrun for example_task_group to 2021-06-26 00:00:00+00:00
[2021-06-28 15:27:29,580] {scheduler_job.py:190} INFO - Processing /home/airflow/.local/lib/python3.6/site-packages/airflow/example_dags/example_task_group.py took 0.138 seconds
[2021-06-28 15:28:00,112] {scheduler_job.py:182} INFO - Started process (PID=1504) to work on /home/airflow/.local/lib/python3.6/site-packages/airflow/example_dags/example_task_group.py
[2021-06-28 15:28:00,118] {scheduler_job.py:633} INFO - Processing file /home/airflow/.local/lib/python3.6/site-packages/airflow/example_dags/example_task_group.py for tasks to queue
[2021-06-28 15:28:00,120] {logging_mixin.py:104} INFO - [2021-06-28 15:28:00,120] {dagbag.py:487} INFO - Filling up the DagBag from /home/airflow/.local/lib/python3.6/site-packages/airflow/example_dags/example_task_group.py
[2021-06-28 15:28:00,182] {scheduler_job.py:643} INFO - DAG(s) dict_keys(['example_task_group']) retrieved from /home/airflow/.local/lib/python3.6/site-packages/airflow/example_dags/example_task_group.py
[2021-06-28 15:28:00,217] {logging_mixin.py:104} INFO - [2021-06-28 15:28:00,217] {dag.py:1832} INFO - Sync 1 DAGs
[2021-06-28 15:28:00,303] {logging_mixin.py:104} INFO - [2021-06-28 15:28:00,303] {dag.py:2305} INFO - Setting next_dagrun for example_task_group to 2021-06-26 00:00:00+00:00
[2021-06-28 15:28:00,328] {scheduler_job.py:190} INFO - Processing /home/airflow/.local/lib/python3.6/site-packages/airflow/example_dags/example_task_group.py took 0.232 seconds
[2021-06-28 15:28:30,998] {scheduler_job.py:182} INFO - Started process (PID=1567) to work on /home/airflow/.local/lib/python3.6/site-packages/airflow/example_dags/example_task_group.py
[2021-06-28 15:28:31,004] {scheduler_job.py:633} INFO - Processing file /home/airflow/.local/lib/python3.6/site-packages/airflow/example_dags/example_task_group.py for tasks to queue
[2021-06-28 15:28:31,006] {logging_mixin.py:104} INFO - [2021-06-28 15:28:31,005] {dagbag.py:487} INFO - Filling up the DagBag from /home/airflow/.local/lib/python3.6/site-packages/airflow/example_dags/example_task_group.py
[2021-06-28 15:28:31,060] {scheduler_job.py:643} INFO - DAG(s) dict_keys(['example_task_group']) retrieved from /home/airflow/.local/lib/python3.6/site-packages/airflow/example_dags/example_task_group.py
[2021-06-28 15:28:31,156] {logging_mixin.py:104} INFO - [2021-06-28 15:28:31,156] {dag.py:1832} INFO - Sync 1 DAGs
[2021-06-28 15:28:31,242] {logging_mixin.py:104} INFO - [2021-06-28 15:28:31,242] {dag.py:2305} INFO - Setting next_dagrun for example_task_group to 2021-06-26 00:00:00+00:00
[2021-06-28 15:28:31,330] {scheduler_job.py:190} INFO - Processing /home/airflow/.local/lib/python3.6/site-packages/airflow/example_dags/example_task_group.py took 0.349 seconds
[2021-06-28 15:29:01,510] {scheduler_job.py:182} INFO - Started process (PID=1627) to work on /home/airflow/.local/lib/python3.6/site-packages/airflow/example_dags/example_task_group.py
[2021-06-28 15:29:01,512] {scheduler_job.py:633} INFO - Processing file /home/airflow/.local/lib/python3.6/site-packages/airflow/example_dags/example_task_group.py for tasks to queue
[2021-06-28 15:29:01,513] {logging_mixin.py:104} INFO - [2021-06-28 15:29:01,512] {dagbag.py:487} INFO - Filling up the DagBag from /home/airflow/.local/lib/python3.6/site-packages/airflow/example_dags/example_task_group.py
[2021-06-28 15:29:01,538] {scheduler_job.py:643} INFO - DAG(s) dict_keys(['example_task_group']) retrieved from /home/airflow/.local/lib/python3.6/site-packages/airflow/example_dags/example_task_group.py
[2021-06-28 15:29:01,580] {logging_mixin.py:104} INFO - [2021-06-28 15:29:01,580] {dag.py:1832} INFO - Sync 1 DAGs
[2021-06-28 15:29:01,606] {logging_mixin.py:104} INFO - [2021-06-28 15:29:01,606] {dag.py:2305} INFO - Setting next_dagrun for example_task_group to 2021-06-26 00:00:00+00:00
[2021-06-28 15:29:01,624] {scheduler_job.py:190} INFO - Processing /home/airflow/.local/lib/python3.6/site-packages/airflow/example_dags/example_task_group.py took 0.118 seconds
[2021-06-28 15:29:31,880] {scheduler_job.py:182} INFO - Started process (PID=1687) to work on /home/airflow/.local/lib/python3.6/site-packages/airflow/example_dags/example_task_group.py
[2021-06-28 15:29:31,883] {scheduler_job.py:633} INFO - Processing file /home/airflow/.local/lib/python3.6/site-packages/airflow/example_dags/example_task_group.py for tasks to queue
[2021-06-28 15:29:31,884] {logging_mixin.py:104} INFO - [2021-06-28 15:29:31,884] {dagbag.py:487} INFO - Filling up the DagBag from /home/airflow/.local/lib/python3.6/site-packages/airflow/example_dags/example_task_group.py
[2021-06-28 15:29:31,911] {scheduler_job.py:643} INFO - DAG(s) dict_keys(['example_task_group']) retrieved from /home/airflow/.local/lib/python3.6/site-packages/airflow/example_dags/example_task_group.py
[2021-06-28 15:29:31,960] {logging_mixin.py:104} INFO - [2021-06-28 15:29:31,959] {dag.py:1832} INFO - Sync 1 DAGs
[2021-06-28 15:29:31,987] {logging_mixin.py:104} INFO - [2021-06-28 15:29:31,987] {dag.py:2305} INFO - Setting next_dagrun for example_task_group to 2021-06-26 00:00:00+00:00
[2021-06-28 15:29:32,013] {scheduler_job.py:190} INFO - Processing /home/airflow/.local/lib/python3.6/site-packages/airflow/example_dags/example_task_group.py took 0.137 seconds
[2021-06-28 15:30:02,272] {scheduler_job.py:182} INFO - Started process (PID=1746) to work on /home/airflow/.local/lib/python3.6/site-packages/airflow/example_dags/example_task_group.py
[2021-06-28 15:30:02,282] {scheduler_job.py:633} INFO - Processing file /home/airflow/.local/lib/python3.6/site-packages/airflow/example_dags/example_task_group.py for tasks to queue
[2021-06-28 15:30:02,284] {logging_mixin.py:104} INFO - [2021-06-28 15:30:02,284] {dagbag.py:487} INFO - Filling up the DagBag from /home/airflow/.local/lib/python3.6/site-packages/airflow/example_dags/example_task_group.py
[2021-06-28 15:30:02,323] {scheduler_job.py:643} INFO - DAG(s) dict_keys(['example_task_group']) retrieved from /home/airflow/.local/lib/python3.6/site-packages/airflow/example_dags/example_task_group.py
[2021-06-28 15:30:02,408] {logging_mixin.py:104} INFO - [2021-06-28 15:30:02,408] {dag.py:1832} INFO - Sync 1 DAGs
[2021-06-28 15:30:02,438] {logging_mixin.py:104} INFO - [2021-06-28 15:30:02,438] {dag.py:2305} INFO - Setting next_dagrun for example_task_group to 2021-06-26 00:00:00+00:00
[2021-06-28 15:30:02,486] {scheduler_job.py:190} INFO - Processing /home/airflow/.local/lib/python3.6/site-packages/airflow/example_dags/example_task_group.py took 0.220 seconds
[2021-06-28 15:30:32,642] {scheduler_job.py:182} INFO - Started process (PID=1805) to work on /home/airflow/.local/lib/python3.6/site-packages/airflow/example_dags/example_task_group.py
[2021-06-28 15:30:32,655] {scheduler_job.py:633} INFO - Processing file /home/airflow/.local/lib/python3.6/site-packages/airflow/example_dags/example_task_group.py for tasks to queue
[2021-06-28 15:30:32,660] {logging_mixin.py:104} INFO - [2021-06-28 15:30:32,657] {dagbag.py:487} INFO - Filling up the DagBag from /home/airflow/.local/lib/python3.6/site-packages/airflow/example_dags/example_task_group.py
[2021-06-28 15:30:32,696] {scheduler_job.py:643} INFO - DAG(s) dict_keys(['example_task_group']) retrieved from /home/airflow/.local/lib/python3.6/site-packages/airflow/example_dags/example_task_group.py
[2021-06-28 15:30:32,757] {logging_mixin.py:104} INFO - [2021-06-28 15:30:32,757] {dag.py:1832} INFO - Sync 1 DAGs
[2021-06-28 15:30:32,790] {logging_mixin.py:104} INFO - [2021-06-28 15:30:32,790] {dag.py:2305} INFO - Setting next_dagrun for example_task_group to 2021-06-26 00:00:00+00:00
[2021-06-28 15:30:32,828] {scheduler_job.py:190} INFO - Processing /home/airflow/.local/lib/python3.6/site-packages/airflow/example_dags/example_task_group.py took 0.193 seconds
[2021-06-28 15:31:03,323] {scheduler_job.py:182} INFO - Started process (PID=1867) to work on /home/airflow/.local/lib/python3.6/site-packages/airflow/example_dags/example_task_group.py
[2021-06-28 15:31:03,325] {scheduler_job.py:633} INFO - Processing file /home/airflow/.local/lib/python3.6/site-packages/airflow/example_dags/example_task_group.py for tasks to queue
[2021-06-28 15:31:03,326] {logging_mixin.py:104} INFO - [2021-06-28 15:31:03,326] {dagbag.py:487} INFO - Filling up the DagBag from /home/airflow/.local/lib/python3.6/site-packages/airflow/example_dags/example_task_group.py
[2021-06-28 15:31:03,371] {scheduler_job.py:643} INFO - DAG(s) dict_keys(['example_task_group']) retrieved from /home/airflow/.local/lib/python3.6/site-packages/airflow/example_dags/example_task_group.py
[2021-06-28 15:31:03,453] {logging_mixin.py:104} INFO - [2021-06-28 15:31:03,453] {dag.py:1832} INFO - Sync 1 DAGs
[2021-06-28 15:31:03,481] {logging_mixin.py:104} INFO - [2021-06-28 15:31:03,480] {dag.py:2305} INFO - Setting next_dagrun for example_task_group to 2021-06-26 00:00:00+00:00
[2021-06-28 15:31:03,497] {scheduler_job.py:190} INFO - Processing /home/airflow/.local/lib/python3.6/site-packages/airflow/example_dags/example_task_group.py took 0.179 seconds
[2021-06-28 15:31:33,878] {scheduler_job.py:182} INFO - Started process (PID=1935) to work on /home/airflow/.local/lib/python3.6/site-packages/airflow/example_dags/example_task_group.py
[2021-06-28 15:31:33,880] {scheduler_job.py:633} INFO - Processing file /home/airflow/.local/lib/python3.6/site-packages/airflow/example_dags/example_task_group.py for tasks to queue
[2021-06-28 15:31:33,881] {logging_mixin.py:104} INFO - [2021-06-28 15:31:33,881] {dagbag.py:487} INFO - Filling up the DagBag from /home/airflow/.local/lib/python3.6/site-packages/airflow/example_dags/example_task_group.py
[2021-06-28 15:31:33,911] {scheduler_job.py:643} INFO - DAG(s) dict_keys(['example_task_group']) retrieved from /home/airflow/.local/lib/python3.6/site-packages/airflow/example_dags/example_task_group.py
[2021-06-28 15:31:34,029] {logging_mixin.py:104} INFO - [2021-06-28 15:31:34,029] {dag.py:1832} INFO - Sync 1 DAGs
[2021-06-28 15:31:34,080] {logging_mixin.py:104} INFO - [2021-06-28 15:31:34,080] {dag.py:2305} INFO - Setting next_dagrun for example_task_group to 2021-06-26 00:00:00+00:00
[2021-06-28 15:31:34,118] {scheduler_job.py:190} INFO - Processing /home/airflow/.local/lib/python3.6/site-packages/airflow/example_dags/example_task_group.py took 0.246 seconds
[2021-06-28 15:33:52,139] {scheduler_job.py:182} INFO - Started process (PID=45) to work on /home/airflow/.local/lib/python3.6/site-packages/airflow/example_dags/example_task_group.py
[2021-06-28 15:33:52,141] {scheduler_job.py:633} INFO - Processing file /home/airflow/.local/lib/python3.6/site-packages/airflow/example_dags/example_task_group.py for tasks to queue
[2021-06-28 15:33:52,142] {logging_mixin.py:104} INFO - [2021-06-28 15:33:52,141] {dagbag.py:487} INFO - Filling up the DagBag from /home/airflow/.local/lib/python3.6/site-packages/airflow/example_dags/example_task_group.py
[2021-06-28 15:33:52,268] {scheduler_job.py:643} INFO - DAG(s) dict_keys(['example_task_group']) retrieved from /home/airflow/.local/lib/python3.6/site-packages/airflow/example_dags/example_task_group.py
[2021-06-28 15:33:52,403] {logging_mixin.py:104} INFO - [2021-06-28 15:33:52,403] {dag.py:1832} INFO - Sync 1 DAGs
[2021-06-28 15:33:52,504] {logging_mixin.py:104} INFO - [2021-06-28 15:33:52,504] {dag.py:2305} INFO - Setting next_dagrun for example_task_group to 2021-06-26 00:00:00+00:00
[2021-06-28 15:33:52,583] {scheduler_job.py:190} INFO - Processing /home/airflow/.local/lib/python3.6/site-packages/airflow/example_dags/example_task_group.py took 0.450 seconds
[2021-06-28 15:34:22,747] {scheduler_job.py:182} INFO - Started process (PID=93) to work on /home/airflow/.local/lib/python3.6/site-packages/airflow/example_dags/example_task_group.py
[2021-06-28 15:34:22,750] {scheduler_job.py:633} INFO - Processing file /home/airflow/.local/lib/python3.6/site-packages/airflow/example_dags/example_task_group.py for tasks to queue
[2021-06-28 15:34:22,751] {logging_mixin.py:104} INFO - [2021-06-28 15:34:22,751] {dagbag.py:487} INFO - Filling up the DagBag from /home/airflow/.local/lib/python3.6/site-packages/airflow/example_dags/example_task_group.py
[2021-06-28 15:34:22,782] {scheduler_job.py:643} INFO - DAG(s) dict_keys(['example_task_group']) retrieved from /home/airflow/.local/lib/python3.6/site-packages/airflow/example_dags/example_task_group.py
[2021-06-28 15:34:22,910] {logging_mixin.py:104} INFO - [2021-06-28 15:34:22,910] {dag.py:1832} INFO - Sync 1 DAGs
[2021-06-28 15:34:22,996] {logging_mixin.py:104} INFO - [2021-06-28 15:34:22,992] {dag.py:2305} INFO - Setting next_dagrun for example_task_group to 2021-06-26 00:00:00+00:00
[2021-06-28 15:34:23,039] {scheduler_job.py:190} INFO - Processing /home/airflow/.local/lib/python3.6/site-packages/airflow/example_dags/example_task_group.py took 0.297 seconds
[2021-06-28 15:34:53,772] {scheduler_job.py:182} INFO - Started process (PID=151) to work on /home/airflow/.local/lib/python3.6/site-packages/airflow/example_dags/example_task_group.py
[2021-06-28 15:34:53,773] {scheduler_job.py:633} INFO - Processing file /home/airflow/.local/lib/python3.6/site-packages/airflow/example_dags/example_task_group.py for tasks to queue
[2021-06-28 15:34:53,774] {logging_mixin.py:104} INFO - [2021-06-28 15:34:53,774] {dagbag.py:487} INFO - Filling up the DagBag from /home/airflow/.local/lib/python3.6/site-packages/airflow/example_dags/example_task_group.py
[2021-06-28 15:34:53,793] {scheduler_job.py:643} INFO - DAG(s) dict_keys(['example_task_group']) retrieved from /home/airflow/.local/lib/python3.6/site-packages/airflow/example_dags/example_task_group.py
[2021-06-28 15:34:53,830] {logging_mixin.py:104} INFO - [2021-06-28 15:34:53,830] {dag.py:1832} INFO - Sync 1 DAGs
[2021-06-28 15:34:53,855] {logging_mixin.py:104} INFO - [2021-06-28 15:34:53,855] {dag.py:2305} INFO - Setting next_dagrun for example_task_group to 2021-06-26 00:00:00+00:00
[2021-06-28 15:34:53,872] {scheduler_job.py:190} INFO - Processing /home/airflow/.local/lib/python3.6/site-packages/airflow/example_dags/example_task_group.py took 0.109 seconds
[2021-06-28 15:35:24,187] {scheduler_job.py:182} INFO - Started process (PID=211) to work on /home/airflow/.local/lib/python3.6/site-packages/airflow/example_dags/example_task_group.py
[2021-06-28 15:35:24,189] {scheduler_job.py:633} INFO - Processing file /home/airflow/.local/lib/python3.6/site-packages/airflow/example_dags/example_task_group.py for tasks to queue
[2021-06-28 15:35:24,201] {logging_mixin.py:104} INFO - [2021-06-28 15:35:24,200] {dagbag.py:487} INFO - Filling up the DagBag from /home/airflow/.local/lib/python3.6/site-packages/airflow/example_dags/example_task_group.py
[2021-06-28 15:35:24,222] {scheduler_job.py:643} INFO - DAG(s) dict_keys(['example_task_group']) retrieved from /home/airflow/.local/lib/python3.6/site-packages/airflow/example_dags/example_task_group.py
[2021-06-28 15:35:24,256] {logging_mixin.py:104} INFO - [2021-06-28 15:35:24,255] {dag.py:1832} INFO - Sync 1 DAGs
[2021-06-28 15:35:24,273] {logging_mixin.py:104} INFO - [2021-06-28 15:35:24,273] {dag.py:2305} INFO - Setting next_dagrun for example_task_group to 2021-06-26 00:00:00+00:00
[2021-06-28 15:35:24,292] {scheduler_job.py:190} INFO - Processing /home/airflow/.local/lib/python3.6/site-packages/airflow/example_dags/example_task_group.py took 0.109 seconds
[2021-06-28 15:35:55,008] {scheduler_job.py:182} INFO - Started process (PID=275) to work on /home/airflow/.local/lib/python3.6/site-packages/airflow/example_dags/example_task_group.py
[2021-06-28 15:35:55,011] {scheduler_job.py:633} INFO - Processing file /home/airflow/.local/lib/python3.6/site-packages/airflow/example_dags/example_task_group.py for tasks to queue
[2021-06-28 15:35:55,019] {logging_mixin.py:104} INFO - [2021-06-28 15:35:55,012] {dagbag.py:487} INFO - Filling up the DagBag from /home/airflow/.local/lib/python3.6/site-packages/airflow/example_dags/example_task_group.py
[2021-06-28 15:35:55,048] {scheduler_job.py:643} INFO - DAG(s) dict_keys(['example_task_group']) retrieved from /home/airflow/.local/lib/python3.6/site-packages/airflow/example_dags/example_task_group.py
[2021-06-28 15:35:55,087] {logging_mixin.py:104} INFO - [2021-06-28 15:35:55,086] {dag.py:1832} INFO - Sync 1 DAGs
[2021-06-28 15:35:55,111] {logging_mixin.py:104} INFO - [2021-06-28 15:35:55,111] {dag.py:2305} INFO - Setting next_dagrun for example_task_group to 2021-06-26 00:00:00+00:00
[2021-06-28 15:35:55,126] {scheduler_job.py:190} INFO - Processing /home/airflow/.local/lib/python3.6/site-packages/airflow/example_dags/example_task_group.py took 0.125 seconds
[2021-06-28 15:36:25,543] {scheduler_job.py:182} INFO - Started process (PID=335) to work on /home/airflow/.local/lib/python3.6/site-packages/airflow/example_dags/example_task_group.py
[2021-06-28 15:36:25,545] {scheduler_job.py:633} INFO - Processing file /home/airflow/.local/lib/python3.6/site-packages/airflow/example_dags/example_task_group.py for tasks to queue
[2021-06-28 15:36:25,546] {logging_mixin.py:104} INFO - [2021-06-28 15:36:25,546] {dagbag.py:487} INFO - Filling up the DagBag from /home/airflow/.local/lib/python3.6/site-packages/airflow/example_dags/example_task_group.py
[2021-06-28 15:36:25,581] {scheduler_job.py:643} INFO - DAG(s) dict_keys(['example_task_group']) retrieved from /home/airflow/.local/lib/python3.6/site-packages/airflow/example_dags/example_task_group.py
[2021-06-28 15:36:25,660] {logging_mixin.py:104} INFO - [2021-06-28 15:36:25,660] {dag.py:1832} INFO - Sync 1 DAGs
[2021-06-28 15:36:25,693] {logging_mixin.py:104} INFO - [2021-06-28 15:36:25,692] {dag.py:2305} INFO - Setting next_dagrun for example_task_group to 2021-06-26 00:00:00+00:00
[2021-06-28 15:36:25,734] {scheduler_job.py:190} INFO - Processing /home/airflow/.local/lib/python3.6/site-packages/airflow/example_dags/example_task_group.py took 0.200 seconds
[2021-06-28 15:36:55,869] {scheduler_job.py:182} INFO - Started process (PID=395) to work on /home/airflow/.local/lib/python3.6/site-packages/airflow/example_dags/example_task_group.py
[2021-06-28 15:36:55,870] {scheduler_job.py:633} INFO - Processing file /home/airflow/.local/lib/python3.6/site-packages/airflow/example_dags/example_task_group.py for tasks to queue
[2021-06-28 15:36:55,872] {logging_mixin.py:104} INFO - [2021-06-28 15:36:55,871] {dagbag.py:487} INFO - Filling up the DagBag from /home/airflow/.local/lib/python3.6/site-packages/airflow/example_dags/example_task_group.py
[2021-06-28 15:36:55,960] {scheduler_job.py:643} INFO - DAG(s) dict_keys(['example_task_group']) retrieved from /home/airflow/.local/lib/python3.6/site-packages/airflow/example_dags/example_task_group.py
[2021-06-28 15:36:56,084] {logging_mixin.py:104} INFO - [2021-06-28 15:36:56,084] {dag.py:1832} INFO - Sync 1 DAGs
[2021-06-28 15:36:56,126] {logging_mixin.py:104} INFO - [2021-06-28 15:36:56,126] {dag.py:2305} INFO - Setting next_dagrun for example_task_group to 2021-06-26 00:00:00+00:00
[2021-06-28 15:36:56,145] {scheduler_job.py:190} INFO - Processing /home/airflow/.local/lib/python3.6/site-packages/airflow/example_dags/example_task_group.py took 0.289 seconds
[2021-06-28 15:37:27,072] {scheduler_job.py:182} INFO - Started process (PID=454) to work on /home/airflow/.local/lib/python3.6/site-packages/airflow/example_dags/example_task_group.py
[2021-06-28 15:37:27,078] {scheduler_job.py:633} INFO - Processing file /home/airflow/.local/lib/python3.6/site-packages/airflow/example_dags/example_task_group.py for tasks to queue
[2021-06-28 15:37:27,082] {logging_mixin.py:104} INFO - [2021-06-28 15:37:27,082] {dagbag.py:487} INFO - Filling up the DagBag from /home/airflow/.local/lib/python3.6/site-packages/airflow/example_dags/example_task_group.py
[2021-06-28 15:37:27,106] {scheduler_job.py:643} INFO - DAG(s) dict_keys(['example_task_group']) retrieved from /home/airflow/.local/lib/python3.6/site-packages/airflow/example_dags/example_task_group.py
[2021-06-28 15:37:27,145] {logging_mixin.py:104} INFO - [2021-06-28 15:37:27,145] {dag.py:1832} INFO - Sync 1 DAGs
[2021-06-28 15:37:27,182] {logging_mixin.py:104} INFO - [2021-06-28 15:37:27,182] {dag.py:2305} INFO - Setting next_dagrun for example_task_group to 2021-06-26 00:00:00+00:00
[2021-06-28 15:37:27,210] {scheduler_job.py:190} INFO - Processing /home/airflow/.local/lib/python3.6/site-packages/airflow/example_dags/example_task_group.py took 0.143 seconds
[2021-06-28 15:37:57,585] {scheduler_job.py:182} INFO - Started process (PID=524) to work on /home/airflow/.local/lib/python3.6/site-packages/airflow/example_dags/example_task_group.py
[2021-06-28 15:37:57,587] {scheduler_job.py:633} INFO - Processing file /home/airflow/.local/lib/python3.6/site-packages/airflow/example_dags/example_task_group.py for tasks to queue
[2021-06-28 15:37:57,588] {logging_mixin.py:104} INFO - [2021-06-28 15:37:57,587] {dagbag.py:487} INFO - Filling up the DagBag from /home/airflow/.local/lib/python3.6/site-packages/airflow/example_dags/example_task_group.py
[2021-06-28 15:37:57,604] {scheduler_job.py:643} INFO - DAG(s) dict_keys(['example_task_group']) retrieved from /home/airflow/.local/lib/python3.6/site-packages/airflow/example_dags/example_task_group.py
[2021-06-28 15:37:57,633] {logging_mixin.py:104} INFO - [2021-06-28 15:37:57,633] {dag.py:1832} INFO - Sync 1 DAGs
[2021-06-28 15:37:57,662] {logging_mixin.py:104} INFO - [2021-06-28 15:37:57,662] {dag.py:2305} INFO - Setting next_dagrun for example_task_group to 2021-06-26 00:00:00+00:00
[2021-06-28 15:37:57,695] {scheduler_job.py:190} INFO - Processing /home/airflow/.local/lib/python3.6/site-packages/airflow/example_dags/example_task_group.py took 0.112 seconds
[2021-06-28 15:38:28,079] {scheduler_job.py:182} INFO - Started process (PID=601) to work on /home/airflow/.local/lib/python3.6/site-packages/airflow/example_dags/example_task_group.py
[2021-06-28 15:38:28,088] {scheduler_job.py:633} INFO - Processing file /home/airflow/.local/lib/python3.6/site-packages/airflow/example_dags/example_task_group.py for tasks to queue
[2021-06-28 15:38:28,093] {logging_mixin.py:104} INFO - [2021-06-28 15:38:28,092] {dagbag.py:487} INFO - Filling up the DagBag from /home/airflow/.local/lib/python3.6/site-packages/airflow/example_dags/example_task_group.py
[2021-06-28 15:38:28,180] {scheduler_job.py:643} INFO - DAG(s) dict_keys(['example_task_group']) retrieved from /home/airflow/.local/lib/python3.6/site-packages/airflow/example_dags/example_task_group.py
[2021-06-28 15:38:28,310] {logging_mixin.py:104} INFO - [2021-06-28 15:38:28,310] {dag.py:1832} INFO - Sync 1 DAGs
[2021-06-28 15:38:28,361] {logging_mixin.py:104} INFO - [2021-06-28 15:38:28,360] {dag.py:2305} INFO - Setting next_dagrun for example_task_group to 2021-06-26 00:00:00+00:00
[2021-06-28 15:38:28,415] {scheduler_job.py:190} INFO - Processing /home/airflow/.local/lib/python3.6/site-packages/airflow/example_dags/example_task_group.py took 0.341 seconds
[2021-06-28 15:38:59,059] {scheduler_job.py:182} INFO - Started process (PID=670) to work on /home/airflow/.local/lib/python3.6/site-packages/airflow/example_dags/example_task_group.py
[2021-06-28 15:38:59,060] {scheduler_job.py:633} INFO - Processing file /home/airflow/.local/lib/python3.6/site-packages/airflow/example_dags/example_task_group.py for tasks to queue
[2021-06-28 15:38:59,062] {logging_mixin.py:104} INFO - [2021-06-28 15:38:59,061] {dagbag.py:487} INFO - Filling up the DagBag from /home/airflow/.local/lib/python3.6/site-packages/airflow/example_dags/example_task_group.py
[2021-06-28 15:38:59,150] {scheduler_job.py:643} INFO - DAG(s) dict_keys(['example_task_group']) retrieved from /home/airflow/.local/lib/python3.6/site-packages/airflow/example_dags/example_task_group.py
[2021-06-28 15:38:59,297] {logging_mixin.py:104} INFO - [2021-06-28 15:38:59,297] {dag.py:1832} INFO - Sync 1 DAGs
[2021-06-28 15:38:59,374] {logging_mixin.py:104} INFO - [2021-06-28 15:38:59,374] {dag.py:2305} INFO - Setting next_dagrun for example_task_group to 2021-06-26 00:00:00+00:00
[2021-06-28 15:38:59,431] {scheduler_job.py:190} INFO - Processing /home/airflow/.local/lib/python3.6/site-packages/airflow/example_dags/example_task_group.py took 0.379 seconds
[2021-06-28 15:39:29,774] {scheduler_job.py:182} INFO - Started process (PID=733) to work on /home/airflow/.local/lib/python3.6/site-packages/airflow/example_dags/example_task_group.py
[2021-06-28 15:39:29,777] {scheduler_job.py:633} INFO - Processing file /home/airflow/.local/lib/python3.6/site-packages/airflow/example_dags/example_task_group.py for tasks to queue
[2021-06-28 15:39:29,779] {logging_mixin.py:104} INFO - [2021-06-28 15:39:29,778] {dagbag.py:487} INFO - Filling up the DagBag from /home/airflow/.local/lib/python3.6/site-packages/airflow/example_dags/example_task_group.py
[2021-06-28 15:39:29,814] {scheduler_job.py:643} INFO - DAG(s) dict_keys(['example_task_group']) retrieved from /home/airflow/.local/lib/python3.6/site-packages/airflow/example_dags/example_task_group.py
[2021-06-28 15:39:29,876] {logging_mixin.py:104} INFO - [2021-06-28 15:39:29,876] {dag.py:1832} INFO - Sync 1 DAGs
[2021-06-28 15:39:29,947] {logging_mixin.py:104} INFO - [2021-06-28 15:39:29,947] {dag.py:2305} INFO - Setting next_dagrun for example_task_group to 2021-06-26 00:00:00+00:00
[2021-06-28 15:39:29,983] {scheduler_job.py:190} INFO - Processing /home/airflow/.local/lib/python3.6/site-packages/airflow/example_dags/example_task_group.py took 0.213 seconds
[2021-06-28 15:40:00,654] {scheduler_job.py:182} INFO - Started process (PID=796) to work on /home/airflow/.local/lib/python3.6/site-packages/airflow/example_dags/example_task_group.py
[2021-06-28 15:40:00,657] {scheduler_job.py:633} INFO - Processing file /home/airflow/.local/lib/python3.6/site-packages/airflow/example_dags/example_task_group.py for tasks to queue
[2021-06-28 15:40:00,658] {logging_mixin.py:104} INFO - [2021-06-28 15:40:00,657] {dagbag.py:487} INFO - Filling up the DagBag from /home/airflow/.local/lib/python3.6/site-packages/airflow/example_dags/example_task_group.py
[2021-06-28 15:40:00,688] {scheduler_job.py:643} INFO - DAG(s) dict_keys(['example_task_group']) retrieved from /home/airflow/.local/lib/python3.6/site-packages/airflow/example_dags/example_task_group.py
[2021-06-28 15:40:00,726] {logging_mixin.py:104} INFO - [2021-06-28 15:40:00,726] {dag.py:1832} INFO - Sync 1 DAGs
[2021-06-28 15:40:00,754] {logging_mixin.py:104} INFO - [2021-06-28 15:40:00,754] {dag.py:2305} INFO - Setting next_dagrun for example_task_group to 2021-06-26 00:00:00+00:00
[2021-06-28 15:40:00,807] {scheduler_job.py:190} INFO - Processing /home/airflow/.local/lib/python3.6/site-packages/airflow/example_dags/example_task_group.py took 0.167 seconds
[2021-06-28 15:40:31,278] {scheduler_job.py:182} INFO - Started process (PID=858) to work on /home/airflow/.local/lib/python3.6/site-packages/airflow/example_dags/example_task_group.py
[2021-06-28 15:40:31,281] {scheduler_job.py:633} INFO - Processing file /home/airflow/.local/lib/python3.6/site-packages/airflow/example_dags/example_task_group.py for tasks to queue
[2021-06-28 15:40:31,283] {logging_mixin.py:104} INFO - [2021-06-28 15:40:31,283] {dagbag.py:487} INFO - Filling up the DagBag from /home/airflow/.local/lib/python3.6/site-packages/airflow/example_dags/example_task_group.py
[2021-06-28 15:40:31,317] {scheduler_job.py:643} INFO - DAG(s) dict_keys(['example_task_group']) retrieved from /home/airflow/.local/lib/python3.6/site-packages/airflow/example_dags/example_task_group.py
[2021-06-28 15:40:31,376] {logging_mixin.py:104} INFO - [2021-06-28 15:40:31,376] {dag.py:1832} INFO - Sync 1 DAGs
[2021-06-28 15:40:31,404] {logging_mixin.py:104} INFO - [2021-06-28 15:40:31,404] {dag.py:2305} INFO - Setting next_dagrun for example_task_group to 2021-06-26 00:00:00+00:00
[2021-06-28 15:40:31,445] {scheduler_job.py:190} INFO - Processing /home/airflow/.local/lib/python3.6/site-packages/airflow/example_dags/example_task_group.py took 0.172 seconds
[2021-06-28 15:41:02,004] {scheduler_job.py:182} INFO - Started process (PID=929) to work on /home/airflow/.local/lib/python3.6/site-packages/airflow/example_dags/example_task_group.py
[2021-06-28 15:41:02,006] {scheduler_job.py:633} INFO - Processing file /home/airflow/.local/lib/python3.6/site-packages/airflow/example_dags/example_task_group.py for tasks to queue
[2021-06-28 15:41:02,007] {logging_mixin.py:104} INFO - [2021-06-28 15:41:02,007] {dagbag.py:487} INFO - Filling up the DagBag from /home/airflow/.local/lib/python3.6/site-packages/airflow/example_dags/example_task_group.py
[2021-06-28 15:41:02,032] {scheduler_job.py:643} INFO - DAG(s) dict_keys(['example_task_group']) retrieved from /home/airflow/.local/lib/python3.6/site-packages/airflow/example_dags/example_task_group.py
[2021-06-28 15:41:02,086] {logging_mixin.py:104} INFO - [2021-06-28 15:41:02,086] {dag.py:1832} INFO - Sync 1 DAGs
[2021-06-28 15:41:02,127] {logging_mixin.py:104} INFO - [2021-06-28 15:41:02,126] {dag.py:2305} INFO - Setting next_dagrun for example_task_group to 2021-06-26 00:00:00+00:00
[2021-06-28 15:41:02,152] {scheduler_job.py:190} INFO - Processing /home/airflow/.local/lib/python3.6/site-packages/airflow/example_dags/example_task_group.py took 0.152 seconds
[2021-06-28 15:41:32,361] {scheduler_job.py:182} INFO - Started process (PID=993) to work on /home/airflow/.local/lib/python3.6/site-packages/airflow/example_dags/example_task_group.py
[2021-06-28 15:41:32,363] {scheduler_job.py:633} INFO - Processing file /home/airflow/.local/lib/python3.6/site-packages/airflow/example_dags/example_task_group.py for tasks to queue
[2021-06-28 15:41:32,365] {logging_mixin.py:104} INFO - [2021-06-28 15:41:32,365] {dagbag.py:487} INFO - Filling up the DagBag from /home/airflow/.local/lib/python3.6/site-packages/airflow/example_dags/example_task_group.py
[2021-06-28 15:41:32,390] {scheduler_job.py:643} INFO - DAG(s) dict_keys(['example_task_group']) retrieved from /home/airflow/.local/lib/python3.6/site-packages/airflow/example_dags/example_task_group.py
[2021-06-28 15:41:32,441] {logging_mixin.py:104} INFO - [2021-06-28 15:41:32,441] {dag.py:1832} INFO - Sync 1 DAGs
[2021-06-28 15:41:32,471] {logging_mixin.py:104} INFO - [2021-06-28 15:41:32,471] {dag.py:2305} INFO - Setting next_dagrun for example_task_group to 2021-06-26 00:00:00+00:00
[2021-06-28 15:41:32,504] {scheduler_job.py:190} INFO - Processing /home/airflow/.local/lib/python3.6/site-packages/airflow/example_dags/example_task_group.py took 0.147 seconds
[2021-06-28 15:42:02,758] {scheduler_job.py:182} INFO - Started process (PID=1053) to work on /home/airflow/.local/lib/python3.6/site-packages/airflow/example_dags/example_task_group.py
[2021-06-28 15:42:02,762] {scheduler_job.py:633} INFO - Processing file /home/airflow/.local/lib/python3.6/site-packages/airflow/example_dags/example_task_group.py for tasks to queue
[2021-06-28 15:42:02,763] {logging_mixin.py:104} INFO - [2021-06-28 15:42:02,763] {dagbag.py:487} INFO - Filling up the DagBag from /home/airflow/.local/lib/python3.6/site-packages/airflow/example_dags/example_task_group.py
[2021-06-28 15:42:02,800] {scheduler_job.py:643} INFO - DAG(s) dict_keys(['example_task_group']) retrieved from /home/airflow/.local/lib/python3.6/site-packages/airflow/example_dags/example_task_group.py
[2021-06-28 15:42:02,852] {logging_mixin.py:104} INFO - [2021-06-28 15:42:02,852] {dag.py:1832} INFO - Sync 1 DAGs
[2021-06-28 15:42:02,886] {logging_mixin.py:104} INFO - [2021-06-28 15:42:02,886] {dag.py:2305} INFO - Setting next_dagrun for example_task_group to 2021-06-26 00:00:00+00:00
[2021-06-28 15:42:02,915] {scheduler_job.py:190} INFO - Processing /home/airflow/.local/lib/python3.6/site-packages/airflow/example_dags/example_task_group.py took 0.167 seconds
[2021-06-28 15:42:33,124] {scheduler_job.py:182} INFO - Started process (PID=1113) to work on /home/airflow/.local/lib/python3.6/site-packages/airflow/example_dags/example_task_group.py
[2021-06-28 15:42:33,126] {scheduler_job.py:633} INFO - Processing file /home/airflow/.local/lib/python3.6/site-packages/airflow/example_dags/example_task_group.py for tasks to queue
[2021-06-28 15:42:33,127] {logging_mixin.py:104} INFO - [2021-06-28 15:42:33,127] {dagbag.py:487} INFO - Filling up the DagBag from /home/airflow/.local/lib/python3.6/site-packages/airflow/example_dags/example_task_group.py
[2021-06-28 15:42:33,153] {scheduler_job.py:643} INFO - DAG(s) dict_keys(['example_task_group']) retrieved from /home/airflow/.local/lib/python3.6/site-packages/airflow/example_dags/example_task_group.py
[2021-06-28 15:42:33,207] {logging_mixin.py:104} INFO - [2021-06-28 15:42:33,207] {dag.py:1832} INFO - Sync 1 DAGs
[2021-06-28 15:42:33,249] {logging_mixin.py:104} INFO - [2021-06-28 15:42:33,249] {dag.py:2305} INFO - Setting next_dagrun for example_task_group to 2021-06-26 00:00:00+00:00
[2021-06-28 15:42:33,270] {scheduler_job.py:190} INFO - Processing /home/airflow/.local/lib/python3.6/site-packages/airflow/example_dags/example_task_group.py took 0.150 seconds
[2021-06-28 15:43:03,488] {scheduler_job.py:182} INFO - Started process (PID=1186) to work on /home/airflow/.local/lib/python3.6/site-packages/airflow/example_dags/example_task_group.py
[2021-06-28 15:43:03,490] {scheduler_job.py:633} INFO - Processing file /home/airflow/.local/lib/python3.6/site-packages/airflow/example_dags/example_task_group.py for tasks to queue
[2021-06-28 15:43:03,491] {logging_mixin.py:104} INFO - [2021-06-28 15:43:03,490] {dagbag.py:487} INFO - Filling up the DagBag from /home/airflow/.local/lib/python3.6/site-packages/airflow/example_dags/example_task_group.py
[2021-06-28 15:43:03,515] {scheduler_job.py:643} INFO - DAG(s) dict_keys(['example_task_group']) retrieved from /home/airflow/.local/lib/python3.6/site-packages/airflow/example_dags/example_task_group.py
[2021-06-28 15:43:03,560] {logging_mixin.py:104} INFO - [2021-06-28 15:43:03,559] {dag.py:1832} INFO - Sync 1 DAGs
[2021-06-28 15:43:03,606] {logging_mixin.py:104} INFO - [2021-06-28 15:43:03,606] {dag.py:2305} INFO - Setting next_dagrun for example_task_group to 2021-06-26 00:00:00+00:00
[2021-06-28 15:43:03,632] {scheduler_job.py:190} INFO - Processing /home/airflow/.local/lib/python3.6/site-packages/airflow/example_dags/example_task_group.py took 0.149 seconds
[2021-06-28 15:43:33,816] {scheduler_job.py:182} INFO - Started process (PID=1243) to work on /home/airflow/.local/lib/python3.6/site-packages/airflow/example_dags/example_task_group.py
[2021-06-28 15:43:33,818] {scheduler_job.py:633} INFO - Processing file /home/airflow/.local/lib/python3.6/site-packages/airflow/example_dags/example_task_group.py for tasks to queue
[2021-06-28 15:43:33,822] {logging_mixin.py:104} INFO - [2021-06-28 15:43:33,822] {dagbag.py:487} INFO - Filling up the DagBag from /home/airflow/.local/lib/python3.6/site-packages/airflow/example_dags/example_task_group.py
[2021-06-28 15:43:33,863] {scheduler_job.py:643} INFO - DAG(s) dict_keys(['example_task_group']) retrieved from /home/airflow/.local/lib/python3.6/site-packages/airflow/example_dags/example_task_group.py
[2021-06-28 15:43:33,898] {logging_mixin.py:104} INFO - [2021-06-28 15:43:33,897] {dag.py:1832} INFO - Sync 1 DAGs
[2021-06-28 15:43:33,921] {logging_mixin.py:104} INFO - [2021-06-28 15:43:33,921] {dag.py:2305} INFO - Setting next_dagrun for example_task_group to 2021-06-26 00:00:00+00:00
[2021-06-28 15:43:33,936] {scheduler_job.py:190} INFO - Processing /home/airflow/.local/lib/python3.6/site-packages/airflow/example_dags/example_task_group.py took 0.124 seconds
[2021-06-28 15:44:04,322] {scheduler_job.py:182} INFO - Started process (PID=1302) to work on /home/airflow/.local/lib/python3.6/site-packages/airflow/example_dags/example_task_group.py
[2021-06-28 15:44:04,324] {scheduler_job.py:633} INFO - Processing file /home/airflow/.local/lib/python3.6/site-packages/airflow/example_dags/example_task_group.py for tasks to queue
[2021-06-28 15:44:04,325] {logging_mixin.py:104} INFO - [2021-06-28 15:44:04,325] {dagbag.py:487} INFO - Filling up the DagBag from /home/airflow/.local/lib/python3.6/site-packages/airflow/example_dags/example_task_group.py
[2021-06-28 15:44:04,368] {scheduler_job.py:643} INFO - DAG(s) dict_keys(['example_task_group']) retrieved from /home/airflow/.local/lib/python3.6/site-packages/airflow/example_dags/example_task_group.py
[2021-06-28 15:44:04,418] {logging_mixin.py:104} INFO - [2021-06-28 15:44:04,417] {dag.py:1832} INFO - Sync 1 DAGs
[2021-06-28 15:44:04,463] {logging_mixin.py:104} INFO - [2021-06-28 15:44:04,463] {dag.py:2305} INFO - Setting next_dagrun for example_task_group to 2021-06-26 00:00:00+00:00
[2021-06-28 15:44:04,481] {scheduler_job.py:190} INFO - Processing /home/airflow/.local/lib/python3.6/site-packages/airflow/example_dags/example_task_group.py took 0.165 seconds
[2021-06-28 15:44:34,792] {scheduler_job.py:182} INFO - Started process (PID=1362) to work on /home/airflow/.local/lib/python3.6/site-packages/airflow/example_dags/example_task_group.py
[2021-06-28 15:44:34,794] {scheduler_job.py:633} INFO - Processing file /home/airflow/.local/lib/python3.6/site-packages/airflow/example_dags/example_task_group.py for tasks to queue
[2021-06-28 15:44:34,795] {logging_mixin.py:104} INFO - [2021-06-28 15:44:34,795] {dagbag.py:487} INFO - Filling up the DagBag from /home/airflow/.local/lib/python3.6/site-packages/airflow/example_dags/example_task_group.py
[2021-06-28 15:44:34,845] {scheduler_job.py:643} INFO - DAG(s) dict_keys(['example_task_group']) retrieved from /home/airflow/.local/lib/python3.6/site-packages/airflow/example_dags/example_task_group.py
[2021-06-28 15:44:34,915] {logging_mixin.py:104} INFO - [2021-06-28 15:44:34,915] {dag.py:1832} INFO - Sync 1 DAGs
[2021-06-28 15:44:34,954] {logging_mixin.py:104} INFO - [2021-06-28 15:44:34,954] {dag.py:2305} INFO - Setting next_dagrun for example_task_group to 2021-06-26 00:00:00+00:00
[2021-06-28 15:44:35,023] {scheduler_job.py:190} INFO - Processing /home/airflow/.local/lib/python3.6/site-packages/airflow/example_dags/example_task_group.py took 0.237 seconds
