[2021-06-28 15:16:24,917] {scheduler_job.py:182} INFO - Started process (PID=102) to work on /home/airflow/.local/lib/python3.6/site-packages/airflow/example_dags/example_python_operator.py
[2021-06-28 15:16:24,918] {scheduler_job.py:633} INFO - Processing file /home/airflow/.local/lib/python3.6/site-packages/airflow/example_dags/example_python_operator.py for tasks to queue
[2021-06-28 15:16:24,919] {logging_mixin.py:104} INFO - [2021-06-28 15:16:24,919] {dagbag.py:487} INFO - Filling up the DagBag from /home/airflow/.local/lib/python3.6/site-packages/airflow/example_dags/example_python_operator.py
[2021-06-28 15:16:24,993] {scheduler_job.py:643} INFO - DAG(s) dict_keys(['example_python_operator']) retrieved from /home/airflow/.local/lib/python3.6/site-packages/airflow/example_dags/example_python_operator.py
[2021-06-28 15:16:26,268] {logging_mixin.py:104} INFO - [2021-06-28 15:16:26,268] {dag.py:1832} INFO - Sync 1 DAGs
[2021-06-28 15:16:26,326] {logging_mixin.py:104} INFO - [2021-06-28 15:16:26,326] {dag.py:2305} INFO - Setting next_dagrun for example_python_operator to None
[2021-06-28 15:16:26,359] {scheduler_job.py:190} INFO - Processing /home/airflow/.local/lib/python3.6/site-packages/airflow/example_dags/example_python_operator.py took 1.471 seconds
[2021-06-28 15:16:57,124] {scheduler_job.py:182} INFO - Started process (PID=160) to work on /home/airflow/.local/lib/python3.6/site-packages/airflow/example_dags/example_python_operator.py
[2021-06-28 15:16:57,132] {scheduler_job.py:633} INFO - Processing file /home/airflow/.local/lib/python3.6/site-packages/airflow/example_dags/example_python_operator.py for tasks to queue
[2021-06-28 15:16:57,140] {logging_mixin.py:104} INFO - [2021-06-28 15:16:57,140] {dagbag.py:487} INFO - Filling up the DagBag from /home/airflow/.local/lib/python3.6/site-packages/airflow/example_dags/example_python_operator.py
[2021-06-28 15:16:57,214] {scheduler_job.py:643} INFO - DAG(s) dict_keys(['example_python_operator']) retrieved from /home/airflow/.local/lib/python3.6/site-packages/airflow/example_dags/example_python_operator.py
[2021-06-28 15:16:57,317] {logging_mixin.py:104} INFO - [2021-06-28 15:16:57,315] {dag.py:1832} INFO - Sync 1 DAGs
[2021-06-28 15:16:57,377] {logging_mixin.py:104} INFO - [2021-06-28 15:16:57,377] {dag.py:2305} INFO - Setting next_dagrun for example_python_operator to None
[2021-06-28 15:16:57,427] {scheduler_job.py:190} INFO - Processing /home/airflow/.local/lib/python3.6/site-packages/airflow/example_dags/example_python_operator.py took 0.320 seconds
[2021-06-28 15:17:28,044] {scheduler_job.py:182} INFO - Started process (PID=222) to work on /home/airflow/.local/lib/python3.6/site-packages/airflow/example_dags/example_python_operator.py
[2021-06-28 15:17:28,045] {scheduler_job.py:633} INFO - Processing file /home/airflow/.local/lib/python3.6/site-packages/airflow/example_dags/example_python_operator.py for tasks to queue
[2021-06-28 15:17:28,046] {logging_mixin.py:104} INFO - [2021-06-28 15:17:28,046] {dagbag.py:487} INFO - Filling up the DagBag from /home/airflow/.local/lib/python3.6/site-packages/airflow/example_dags/example_python_operator.py
[2021-06-28 15:17:28,064] {scheduler_job.py:643} INFO - DAG(s) dict_keys(['example_python_operator']) retrieved from /home/airflow/.local/lib/python3.6/site-packages/airflow/example_dags/example_python_operator.py
[2021-06-28 15:17:28,089] {logging_mixin.py:104} INFO - [2021-06-28 15:17:28,089] {dag.py:1832} INFO - Sync 1 DAGs
[2021-06-28 15:17:28,113] {logging_mixin.py:104} INFO - [2021-06-28 15:17:28,113] {dag.py:2305} INFO - Setting next_dagrun for example_python_operator to None
[2021-06-28 15:17:28,131] {scheduler_job.py:190} INFO - Processing /home/airflow/.local/lib/python3.6/site-packages/airflow/example_dags/example_python_operator.py took 0.091 seconds
[2021-06-28 15:17:58,170] {scheduler_job.py:182} INFO - Started process (PID=282) to work on /home/airflow/.local/lib/python3.6/site-packages/airflow/example_dags/example_python_operator.py
[2021-06-28 15:17:58,171] {scheduler_job.py:633} INFO - Processing file /home/airflow/.local/lib/python3.6/site-packages/airflow/example_dags/example_python_operator.py for tasks to queue
[2021-06-28 15:17:58,172] {logging_mixin.py:104} INFO - [2021-06-28 15:17:58,172] {dagbag.py:487} INFO - Filling up the DagBag from /home/airflow/.local/lib/python3.6/site-packages/airflow/example_dags/example_python_operator.py
[2021-06-28 15:17:58,192] {scheduler_job.py:643} INFO - DAG(s) dict_keys(['example_python_operator']) retrieved from /home/airflow/.local/lib/python3.6/site-packages/airflow/example_dags/example_python_operator.py
[2021-06-28 15:17:58,229] {logging_mixin.py:104} INFO - [2021-06-28 15:17:58,228] {dag.py:1832} INFO - Sync 1 DAGs
[2021-06-28 15:17:58,255] {logging_mixin.py:104} INFO - [2021-06-28 15:17:58,255] {dag.py:2305} INFO - Setting next_dagrun for example_python_operator to None
[2021-06-28 15:17:58,280] {scheduler_job.py:190} INFO - Processing /home/airflow/.local/lib/python3.6/site-packages/airflow/example_dags/example_python_operator.py took 0.115 seconds
[2021-06-28 15:18:28,919] {scheduler_job.py:182} INFO - Started process (PID=342) to work on /home/airflow/.local/lib/python3.6/site-packages/airflow/example_dags/example_python_operator.py
[2021-06-28 15:18:28,921] {scheduler_job.py:633} INFO - Processing file /home/airflow/.local/lib/python3.6/site-packages/airflow/example_dags/example_python_operator.py for tasks to queue
[2021-06-28 15:18:28,922] {logging_mixin.py:104} INFO - [2021-06-28 15:18:28,921] {dagbag.py:487} INFO - Filling up the DagBag from /home/airflow/.local/lib/python3.6/site-packages/airflow/example_dags/example_python_operator.py
[2021-06-28 15:18:28,951] {scheduler_job.py:643} INFO - DAG(s) dict_keys(['example_python_operator']) retrieved from /home/airflow/.local/lib/python3.6/site-packages/airflow/example_dags/example_python_operator.py
[2021-06-28 15:18:29,001] {logging_mixin.py:104} INFO - [2021-06-28 15:18:29,000] {dag.py:1832} INFO - Sync 1 DAGs
[2021-06-28 15:18:29,040] {logging_mixin.py:104} INFO - [2021-06-28 15:18:29,040] {dag.py:2305} INFO - Setting next_dagrun for example_python_operator to None
[2021-06-28 15:18:29,078] {scheduler_job.py:190} INFO - Processing /home/airflow/.local/lib/python3.6/site-packages/airflow/example_dags/example_python_operator.py took 0.173 seconds
[2021-06-28 15:18:59,247] {scheduler_job.py:182} INFO - Started process (PID=403) to work on /home/airflow/.local/lib/python3.6/site-packages/airflow/example_dags/example_python_operator.py
[2021-06-28 15:18:59,249] {scheduler_job.py:633} INFO - Processing file /home/airflow/.local/lib/python3.6/site-packages/airflow/example_dags/example_python_operator.py for tasks to queue
[2021-06-28 15:18:59,250] {logging_mixin.py:104} INFO - [2021-06-28 15:18:59,250] {dagbag.py:487} INFO - Filling up the DagBag from /home/airflow/.local/lib/python3.6/site-packages/airflow/example_dags/example_python_operator.py
[2021-06-28 15:18:59,291] {scheduler_job.py:643} INFO - DAG(s) dict_keys(['example_python_operator']) retrieved from /home/airflow/.local/lib/python3.6/site-packages/airflow/example_dags/example_python_operator.py
[2021-06-28 15:18:59,343] {logging_mixin.py:104} INFO - [2021-06-28 15:18:59,343] {dag.py:1832} INFO - Sync 1 DAGs
[2021-06-28 15:18:59,369] {logging_mixin.py:104} INFO - [2021-06-28 15:18:59,369] {dag.py:2305} INFO - Setting next_dagrun for example_python_operator to None
[2021-06-28 15:18:59,394] {scheduler_job.py:190} INFO - Processing /home/airflow/.local/lib/python3.6/site-packages/airflow/example_dags/example_python_operator.py took 0.153 seconds
[2021-06-28 15:19:29,494] {scheduler_job.py:182} INFO - Started process (PID=463) to work on /home/airflow/.local/lib/python3.6/site-packages/airflow/example_dags/example_python_operator.py
[2021-06-28 15:19:29,496] {scheduler_job.py:633} INFO - Processing file /home/airflow/.local/lib/python3.6/site-packages/airflow/example_dags/example_python_operator.py for tasks to queue
[2021-06-28 15:19:29,497] {logging_mixin.py:104} INFO - [2021-06-28 15:19:29,497] {dagbag.py:487} INFO - Filling up the DagBag from /home/airflow/.local/lib/python3.6/site-packages/airflow/example_dags/example_python_operator.py
[2021-06-28 15:19:29,519] {scheduler_job.py:643} INFO - DAG(s) dict_keys(['example_python_operator']) retrieved from /home/airflow/.local/lib/python3.6/site-packages/airflow/example_dags/example_python_operator.py
[2021-06-28 15:19:29,567] {logging_mixin.py:104} INFO - [2021-06-28 15:19:29,567] {dag.py:1832} INFO - Sync 1 DAGs
[2021-06-28 15:19:29,591] {logging_mixin.py:104} INFO - [2021-06-28 15:19:29,591] {dag.py:2305} INFO - Setting next_dagrun for example_python_operator to None
[2021-06-28 15:19:29,629] {scheduler_job.py:190} INFO - Processing /home/airflow/.local/lib/python3.6/site-packages/airflow/example_dags/example_python_operator.py took 0.140 seconds
[2021-06-28 15:19:59,843] {scheduler_job.py:182} INFO - Started process (PID=527) to work on /home/airflow/.local/lib/python3.6/site-packages/airflow/example_dags/example_python_operator.py
[2021-06-28 15:19:59,845] {scheduler_job.py:633} INFO - Processing file /home/airflow/.local/lib/python3.6/site-packages/airflow/example_dags/example_python_operator.py for tasks to queue
[2021-06-28 15:19:59,846] {logging_mixin.py:104} INFO - [2021-06-28 15:19:59,846] {dagbag.py:487} INFO - Filling up the DagBag from /home/airflow/.local/lib/python3.6/site-packages/airflow/example_dags/example_python_operator.py
[2021-06-28 15:19:59,900] {scheduler_job.py:643} INFO - DAG(s) dict_keys(['example_python_operator']) retrieved from /home/airflow/.local/lib/python3.6/site-packages/airflow/example_dags/example_python_operator.py
[2021-06-28 15:19:59,958] {logging_mixin.py:104} INFO - [2021-06-28 15:19:59,957] {dag.py:1832} INFO - Sync 1 DAGs
[2021-06-28 15:20:00,015] {logging_mixin.py:104} INFO - [2021-06-28 15:20:00,015] {dag.py:2305} INFO - Setting next_dagrun for example_python_operator to None
[2021-06-28 15:20:00,086] {scheduler_job.py:190} INFO - Processing /home/airflow/.local/lib/python3.6/site-packages/airflow/example_dags/example_python_operator.py took 0.258 seconds
[2021-06-28 15:20:30,961] {scheduler_job.py:182} INFO - Started process (PID=595) to work on /home/airflow/.local/lib/python3.6/site-packages/airflow/example_dags/example_python_operator.py
[2021-06-28 15:20:30,962] {scheduler_job.py:633} INFO - Processing file /home/airflow/.local/lib/python3.6/site-packages/airflow/example_dags/example_python_operator.py for tasks to queue
[2021-06-28 15:20:30,963] {logging_mixin.py:104} INFO - [2021-06-28 15:20:30,963] {dagbag.py:487} INFO - Filling up the DagBag from /home/airflow/.local/lib/python3.6/site-packages/airflow/example_dags/example_python_operator.py
[2021-06-28 15:20:31,063] {scheduler_job.py:643} INFO - DAG(s) dict_keys(['example_python_operator']) retrieved from /home/airflow/.local/lib/python3.6/site-packages/airflow/example_dags/example_python_operator.py
[2021-06-28 15:20:31,132] {logging_mixin.py:104} INFO - [2021-06-28 15:20:31,132] {dag.py:1832} INFO - Sync 1 DAGs
[2021-06-28 15:20:31,257] {logging_mixin.py:104} INFO - [2021-06-28 15:20:31,257] {dag.py:2305} INFO - Setting next_dagrun for example_python_operator to None
[2021-06-28 15:20:31,305] {scheduler_job.py:190} INFO - Processing /home/airflow/.local/lib/python3.6/site-packages/airflow/example_dags/example_python_operator.py took 0.355 seconds
[2021-06-28 15:21:01,451] {scheduler_job.py:182} INFO - Started process (PID=657) to work on /home/airflow/.local/lib/python3.6/site-packages/airflow/example_dags/example_python_operator.py
[2021-06-28 15:21:01,452] {scheduler_job.py:633} INFO - Processing file /home/airflow/.local/lib/python3.6/site-packages/airflow/example_dags/example_python_operator.py for tasks to queue
[2021-06-28 15:21:01,453] {logging_mixin.py:104} INFO - [2021-06-28 15:21:01,453] {dagbag.py:487} INFO - Filling up the DagBag from /home/airflow/.local/lib/python3.6/site-packages/airflow/example_dags/example_python_operator.py
[2021-06-28 15:21:01,501] {scheduler_job.py:643} INFO - DAG(s) dict_keys(['example_python_operator']) retrieved from /home/airflow/.local/lib/python3.6/site-packages/airflow/example_dags/example_python_operator.py
[2021-06-28 15:21:01,633] {logging_mixin.py:104} INFO - [2021-06-28 15:21:01,633] {dag.py:1832} INFO - Sync 1 DAGs
[2021-06-28 15:21:01,723] {logging_mixin.py:104} INFO - [2021-06-28 15:21:01,723] {dag.py:2305} INFO - Setting next_dagrun for example_python_operator to None
[2021-06-28 15:21:01,767] {scheduler_job.py:190} INFO - Processing /home/airflow/.local/lib/python3.6/site-packages/airflow/example_dags/example_python_operator.py took 0.330 seconds
[2021-06-28 15:21:32,357] {scheduler_job.py:182} INFO - Started process (PID=716) to work on /home/airflow/.local/lib/python3.6/site-packages/airflow/example_dags/example_python_operator.py
[2021-06-28 15:21:32,360] {scheduler_job.py:633} INFO - Processing file /home/airflow/.local/lib/python3.6/site-packages/airflow/example_dags/example_python_operator.py for tasks to queue
[2021-06-28 15:21:32,364] {logging_mixin.py:104} INFO - [2021-06-28 15:21:32,364] {dagbag.py:487} INFO - Filling up the DagBag from /home/airflow/.local/lib/python3.6/site-packages/airflow/example_dags/example_python_operator.py
[2021-06-28 15:21:32,389] {scheduler_job.py:643} INFO - DAG(s) dict_keys(['example_python_operator']) retrieved from /home/airflow/.local/lib/python3.6/site-packages/airflow/example_dags/example_python_operator.py
[2021-06-28 15:21:32,439] {logging_mixin.py:104} INFO - [2021-06-28 15:21:32,439] {dag.py:1832} INFO - Sync 1 DAGs
[2021-06-28 15:21:32,469] {logging_mixin.py:104} INFO - [2021-06-28 15:21:32,469] {dag.py:2305} INFO - Setting next_dagrun for example_python_operator to None
[2021-06-28 15:21:32,495] {scheduler_job.py:190} INFO - Processing /home/airflow/.local/lib/python3.6/site-packages/airflow/example_dags/example_python_operator.py took 0.143 seconds
[2021-06-28 15:22:02,877] {scheduler_job.py:182} INFO - Started process (PID=775) to work on /home/airflow/.local/lib/python3.6/site-packages/airflow/example_dags/example_python_operator.py
[2021-06-28 15:22:02,878] {scheduler_job.py:633} INFO - Processing file /home/airflow/.local/lib/python3.6/site-packages/airflow/example_dags/example_python_operator.py for tasks to queue
[2021-06-28 15:22:02,881] {logging_mixin.py:104} INFO - [2021-06-28 15:22:02,881] {dagbag.py:487} INFO - Filling up the DagBag from /home/airflow/.local/lib/python3.6/site-packages/airflow/example_dags/example_python_operator.py
[2021-06-28 15:22:02,922] {scheduler_job.py:643} INFO - DAG(s) dict_keys(['example_python_operator']) retrieved from /home/airflow/.local/lib/python3.6/site-packages/airflow/example_dags/example_python_operator.py
[2021-06-28 15:22:02,973] {logging_mixin.py:104} INFO - [2021-06-28 15:22:02,973] {dag.py:1832} INFO - Sync 1 DAGs
[2021-06-28 15:22:03,073] {logging_mixin.py:104} INFO - [2021-06-28 15:22:03,073] {dag.py:2305} INFO - Setting next_dagrun for example_python_operator to None
[2021-06-28 15:22:03,092] {scheduler_job.py:190} INFO - Processing /home/airflow/.local/lib/python3.6/site-packages/airflow/example_dags/example_python_operator.py took 0.220 seconds
[2021-06-28 15:22:33,243] {scheduler_job.py:182} INFO - Started process (PID=833) to work on /home/airflow/.local/lib/python3.6/site-packages/airflow/example_dags/example_python_operator.py
[2021-06-28 15:22:33,244] {scheduler_job.py:633} INFO - Processing file /home/airflow/.local/lib/python3.6/site-packages/airflow/example_dags/example_python_operator.py for tasks to queue
[2021-06-28 15:22:33,245] {logging_mixin.py:104} INFO - [2021-06-28 15:22:33,245] {dagbag.py:487} INFO - Filling up the DagBag from /home/airflow/.local/lib/python3.6/site-packages/airflow/example_dags/example_python_operator.py
[2021-06-28 15:22:33,268] {scheduler_job.py:643} INFO - DAG(s) dict_keys(['example_python_operator']) retrieved from /home/airflow/.local/lib/python3.6/site-packages/airflow/example_dags/example_python_operator.py
[2021-06-28 15:22:33,303] {logging_mixin.py:104} INFO - [2021-06-28 15:22:33,303] {dag.py:1832} INFO - Sync 1 DAGs
[2021-06-28 15:22:33,381] {logging_mixin.py:104} INFO - [2021-06-28 15:22:33,381] {dag.py:2305} INFO - Setting next_dagrun for example_python_operator to None
[2021-06-28 15:22:33,433] {scheduler_job.py:190} INFO - Processing /home/airflow/.local/lib/python3.6/site-packages/airflow/example_dags/example_python_operator.py took 0.194 seconds
[2021-06-28 15:23:04,142] {scheduler_job.py:182} INFO - Started process (PID=892) to work on /home/airflow/.local/lib/python3.6/site-packages/airflow/example_dags/example_python_operator.py
[2021-06-28 15:23:04,143] {scheduler_job.py:633} INFO - Processing file /home/airflow/.local/lib/python3.6/site-packages/airflow/example_dags/example_python_operator.py for tasks to queue
[2021-06-28 15:23:04,144] {logging_mixin.py:104} INFO - [2021-06-28 15:23:04,144] {dagbag.py:487} INFO - Filling up the DagBag from /home/airflow/.local/lib/python3.6/site-packages/airflow/example_dags/example_python_operator.py
[2021-06-28 15:23:04,183] {scheduler_job.py:643} INFO - DAG(s) dict_keys(['example_python_operator']) retrieved from /home/airflow/.local/lib/python3.6/site-packages/airflow/example_dags/example_python_operator.py
[2021-06-28 15:23:04,225] {logging_mixin.py:104} INFO - [2021-06-28 15:23:04,225] {dag.py:1832} INFO - Sync 1 DAGs
[2021-06-28 15:23:04,250] {logging_mixin.py:104} INFO - [2021-06-28 15:23:04,250] {dag.py:2305} INFO - Setting next_dagrun for example_python_operator to None
[2021-06-28 15:23:04,264] {scheduler_job.py:190} INFO - Processing /home/airflow/.local/lib/python3.6/site-packages/airflow/example_dags/example_python_operator.py took 0.126 seconds
[2021-06-28 15:23:34,335] {scheduler_job.py:182} INFO - Started process (PID=951) to work on /home/airflow/.local/lib/python3.6/site-packages/airflow/example_dags/example_python_operator.py
[2021-06-28 15:23:34,337] {scheduler_job.py:633} INFO - Processing file /home/airflow/.local/lib/python3.6/site-packages/airflow/example_dags/example_python_operator.py for tasks to queue
[2021-06-28 15:23:34,338] {logging_mixin.py:104} INFO - [2021-06-28 15:23:34,338] {dagbag.py:487} INFO - Filling up the DagBag from /home/airflow/.local/lib/python3.6/site-packages/airflow/example_dags/example_python_operator.py
[2021-06-28 15:23:34,361] {scheduler_job.py:643} INFO - DAG(s) dict_keys(['example_python_operator']) retrieved from /home/airflow/.local/lib/python3.6/site-packages/airflow/example_dags/example_python_operator.py
[2021-06-28 15:23:34,414] {logging_mixin.py:104} INFO - [2021-06-28 15:23:34,413] {dag.py:1832} INFO - Sync 1 DAGs
[2021-06-28 15:23:34,444] {logging_mixin.py:104} INFO - [2021-06-28 15:23:34,444] {dag.py:2305} INFO - Setting next_dagrun for example_python_operator to None
[2021-06-28 15:23:34,474] {scheduler_job.py:190} INFO - Processing /home/airflow/.local/lib/python3.6/site-packages/airflow/example_dags/example_python_operator.py took 0.144 seconds
[2021-06-28 15:24:05,323] {scheduler_job.py:182} INFO - Started process (PID=1019) to work on /home/airflow/.local/lib/python3.6/site-packages/airflow/example_dags/example_python_operator.py
[2021-06-28 15:24:05,327] {scheduler_job.py:633} INFO - Processing file /home/airflow/.local/lib/python3.6/site-packages/airflow/example_dags/example_python_operator.py for tasks to queue
[2021-06-28 15:24:05,331] {logging_mixin.py:104} INFO - [2021-06-28 15:24:05,330] {dagbag.py:487} INFO - Filling up the DagBag from /home/airflow/.local/lib/python3.6/site-packages/airflow/example_dags/example_python_operator.py
[2021-06-28 15:24:05,378] {scheduler_job.py:643} INFO - DAG(s) dict_keys(['example_python_operator']) retrieved from /home/airflow/.local/lib/python3.6/site-packages/airflow/example_dags/example_python_operator.py
[2021-06-28 15:24:05,424] {logging_mixin.py:104} INFO - [2021-06-28 15:24:05,424] {dag.py:1832} INFO - Sync 1 DAGs
[2021-06-28 15:24:05,462] {logging_mixin.py:104} INFO - [2021-06-28 15:24:05,462] {dag.py:2305} INFO - Setting next_dagrun for example_python_operator to None
[2021-06-28 15:24:05,501] {scheduler_job.py:190} INFO - Processing /home/airflow/.local/lib/python3.6/site-packages/airflow/example_dags/example_python_operator.py took 0.190 seconds
[2021-06-28 15:24:35,836] {scheduler_job.py:182} INFO - Started process (PID=1084) to work on /home/airflow/.local/lib/python3.6/site-packages/airflow/example_dags/example_python_operator.py
[2021-06-28 15:24:35,840] {scheduler_job.py:633} INFO - Processing file /home/airflow/.local/lib/python3.6/site-packages/airflow/example_dags/example_python_operator.py for tasks to queue
[2021-06-28 15:24:35,840] {logging_mixin.py:104} INFO - [2021-06-28 15:24:35,840] {dagbag.py:487} INFO - Filling up the DagBag from /home/airflow/.local/lib/python3.6/site-packages/airflow/example_dags/example_python_operator.py
[2021-06-28 15:24:35,876] {scheduler_job.py:643} INFO - DAG(s) dict_keys(['example_python_operator']) retrieved from /home/airflow/.local/lib/python3.6/site-packages/airflow/example_dags/example_python_operator.py
[2021-06-28 15:24:35,933] {logging_mixin.py:104} INFO - [2021-06-28 15:24:35,932] {dag.py:1832} INFO - Sync 1 DAGs
[2021-06-28 15:24:35,972] {logging_mixin.py:104} INFO - [2021-06-28 15:24:35,972] {dag.py:2305} INFO - Setting next_dagrun for example_python_operator to None
[2021-06-28 15:24:36,001] {scheduler_job.py:190} INFO - Processing /home/airflow/.local/lib/python3.6/site-packages/airflow/example_dags/example_python_operator.py took 0.175 seconds
[2021-06-28 15:25:06,062] {scheduler_job.py:182} INFO - Started process (PID=1143) to work on /home/airflow/.local/lib/python3.6/site-packages/airflow/example_dags/example_python_operator.py
[2021-06-28 15:25:06,067] {scheduler_job.py:633} INFO - Processing file /home/airflow/.local/lib/python3.6/site-packages/airflow/example_dags/example_python_operator.py for tasks to queue
[2021-06-28 15:25:06,068] {logging_mixin.py:104} INFO - [2021-06-28 15:25:06,068] {dagbag.py:487} INFO - Filling up the DagBag from /home/airflow/.local/lib/python3.6/site-packages/airflow/example_dags/example_python_operator.py
[2021-06-28 15:25:06,089] {scheduler_job.py:643} INFO - DAG(s) dict_keys(['example_python_operator']) retrieved from /home/airflow/.local/lib/python3.6/site-packages/airflow/example_dags/example_python_operator.py
[2021-06-28 15:25:06,122] {logging_mixin.py:104} INFO - [2021-06-28 15:25:06,121] {dag.py:1832} INFO - Sync 1 DAGs
[2021-06-28 15:25:06,168] {logging_mixin.py:104} INFO - [2021-06-28 15:25:06,167] {dag.py:2305} INFO - Setting next_dagrun for example_python_operator to None
[2021-06-28 15:25:06,193] {scheduler_job.py:190} INFO - Processing /home/airflow/.local/lib/python3.6/site-packages/airflow/example_dags/example_python_operator.py took 0.136 seconds
[2021-06-28 15:25:36,239] {scheduler_job.py:182} INFO - Started process (PID=1205) to work on /home/airflow/.local/lib/python3.6/site-packages/airflow/example_dags/example_python_operator.py
[2021-06-28 15:25:36,251] {scheduler_job.py:633} INFO - Processing file /home/airflow/.local/lib/python3.6/site-packages/airflow/example_dags/example_python_operator.py for tasks to queue
[2021-06-28 15:25:36,264] {logging_mixin.py:104} INFO - [2021-06-28 15:25:36,252] {dagbag.py:487} INFO - Filling up the DagBag from /home/airflow/.local/lib/python3.6/site-packages/airflow/example_dags/example_python_operator.py
[2021-06-28 15:25:36,336] {scheduler_job.py:643} INFO - DAG(s) dict_keys(['example_python_operator']) retrieved from /home/airflow/.local/lib/python3.6/site-packages/airflow/example_dags/example_python_operator.py
[2021-06-28 15:25:36,427] {logging_mixin.py:104} INFO - [2021-06-28 15:25:36,427] {dag.py:1832} INFO - Sync 1 DAGs
[2021-06-28 15:25:36,455] {logging_mixin.py:104} INFO - [2021-06-28 15:25:36,455] {dag.py:2305} INFO - Setting next_dagrun for example_python_operator to None
[2021-06-28 15:25:36,477] {scheduler_job.py:190} INFO - Processing /home/airflow/.local/lib/python3.6/site-packages/airflow/example_dags/example_python_operator.py took 0.256 seconds
[2021-06-28 15:26:06,902] {scheduler_job.py:182} INFO - Started process (PID=1264) to work on /home/airflow/.local/lib/python3.6/site-packages/airflow/example_dags/example_python_operator.py
[2021-06-28 15:26:06,905] {scheduler_job.py:633} INFO - Processing file /home/airflow/.local/lib/python3.6/site-packages/airflow/example_dags/example_python_operator.py for tasks to queue
[2021-06-28 15:26:06,906] {logging_mixin.py:104} INFO - [2021-06-28 15:26:06,906] {dagbag.py:487} INFO - Filling up the DagBag from /home/airflow/.local/lib/python3.6/site-packages/airflow/example_dags/example_python_operator.py
[2021-06-28 15:26:06,930] {scheduler_job.py:643} INFO - DAG(s) dict_keys(['example_python_operator']) retrieved from /home/airflow/.local/lib/python3.6/site-packages/airflow/example_dags/example_python_operator.py
[2021-06-28 15:26:06,971] {logging_mixin.py:104} INFO - [2021-06-28 15:26:06,971] {dag.py:1832} INFO - Sync 1 DAGs
[2021-06-28 15:26:07,009] {logging_mixin.py:104} INFO - [2021-06-28 15:26:07,009] {dag.py:2305} INFO - Setting next_dagrun for example_python_operator to None
[2021-06-28 15:26:07,043] {scheduler_job.py:190} INFO - Processing /home/airflow/.local/lib/python3.6/site-packages/airflow/example_dags/example_python_operator.py took 0.147 seconds
[2021-06-28 15:26:37,263] {scheduler_job.py:182} INFO - Started process (PID=1333) to work on /home/airflow/.local/lib/python3.6/site-packages/airflow/example_dags/example_python_operator.py
[2021-06-28 15:26:37,271] {scheduler_job.py:633} INFO - Processing file /home/airflow/.local/lib/python3.6/site-packages/airflow/example_dags/example_python_operator.py for tasks to queue
[2021-06-28 15:26:37,273] {logging_mixin.py:104} INFO - [2021-06-28 15:26:37,273] {dagbag.py:487} INFO - Filling up the DagBag from /home/airflow/.local/lib/python3.6/site-packages/airflow/example_dags/example_python_operator.py
[2021-06-28 15:26:37,303] {scheduler_job.py:643} INFO - DAG(s) dict_keys(['example_python_operator']) retrieved from /home/airflow/.local/lib/python3.6/site-packages/airflow/example_dags/example_python_operator.py
[2021-06-28 15:26:37,402] {logging_mixin.py:104} INFO - [2021-06-28 15:26:37,402] {dag.py:1832} INFO - Sync 1 DAGs
[2021-06-28 15:26:37,451] {logging_mixin.py:104} INFO - [2021-06-28 15:26:37,450] {dag.py:2305} INFO - Setting next_dagrun for example_python_operator to None
[2021-06-28 15:26:37,485] {scheduler_job.py:190} INFO - Processing /home/airflow/.local/lib/python3.6/site-packages/airflow/example_dags/example_python_operator.py took 0.231 seconds
[2021-06-28 15:27:07,638] {scheduler_job.py:182} INFO - Started process (PID=1397) to work on /home/airflow/.local/lib/python3.6/site-packages/airflow/example_dags/example_python_operator.py
[2021-06-28 15:27:07,640] {scheduler_job.py:633} INFO - Processing file /home/airflow/.local/lib/python3.6/site-packages/airflow/example_dags/example_python_operator.py for tasks to queue
[2021-06-28 15:27:07,641] {logging_mixin.py:104} INFO - [2021-06-28 15:27:07,641] {dagbag.py:487} INFO - Filling up the DagBag from /home/airflow/.local/lib/python3.6/site-packages/airflow/example_dags/example_python_operator.py
[2021-06-28 15:27:07,663] {scheduler_job.py:643} INFO - DAG(s) dict_keys(['example_python_operator']) retrieved from /home/airflow/.local/lib/python3.6/site-packages/airflow/example_dags/example_python_operator.py
[2021-06-28 15:27:07,700] {logging_mixin.py:104} INFO - [2021-06-28 15:27:07,699] {dag.py:1832} INFO - Sync 1 DAGs
[2021-06-28 15:27:07,734] {logging_mixin.py:104} INFO - [2021-06-28 15:27:07,734] {dag.py:2305} INFO - Setting next_dagrun for example_python_operator to None
[2021-06-28 15:27:07,759] {scheduler_job.py:190} INFO - Processing /home/airflow/.local/lib/python3.6/site-packages/airflow/example_dags/example_python_operator.py took 0.125 seconds
[2021-06-28 15:27:38,692] {scheduler_job.py:182} INFO - Started process (PID=1458) to work on /home/airflow/.local/lib/python3.6/site-packages/airflow/example_dags/example_python_operator.py
[2021-06-28 15:27:38,694] {scheduler_job.py:633} INFO - Processing file /home/airflow/.local/lib/python3.6/site-packages/airflow/example_dags/example_python_operator.py for tasks to queue
[2021-06-28 15:27:38,695] {logging_mixin.py:104} INFO - [2021-06-28 15:27:38,695] {dagbag.py:487} INFO - Filling up the DagBag from /home/airflow/.local/lib/python3.6/site-packages/airflow/example_dags/example_python_operator.py
[2021-06-28 15:27:38,717] {scheduler_job.py:643} INFO - DAG(s) dict_keys(['example_python_operator']) retrieved from /home/airflow/.local/lib/python3.6/site-packages/airflow/example_dags/example_python_operator.py
[2021-06-28 15:27:38,755] {logging_mixin.py:104} INFO - [2021-06-28 15:27:38,754] {dag.py:1832} INFO - Sync 1 DAGs
[2021-06-28 15:27:38,793] {logging_mixin.py:104} INFO - [2021-06-28 15:27:38,793] {dag.py:2305} INFO - Setting next_dagrun for example_python_operator to None
[2021-06-28 15:27:38,828] {scheduler_job.py:190} INFO - Processing /home/airflow/.local/lib/python3.6/site-packages/airflow/example_dags/example_python_operator.py took 0.143 seconds
[2021-06-28 15:28:09,343] {scheduler_job.py:182} INFO - Started process (PID=1519) to work on /home/airflow/.local/lib/python3.6/site-packages/airflow/example_dags/example_python_operator.py
[2021-06-28 15:28:09,354] {scheduler_job.py:633} INFO - Processing file /home/airflow/.local/lib/python3.6/site-packages/airflow/example_dags/example_python_operator.py for tasks to queue
[2021-06-28 15:28:09,356] {logging_mixin.py:104} INFO - [2021-06-28 15:28:09,356] {dagbag.py:487} INFO - Filling up the DagBag from /home/airflow/.local/lib/python3.6/site-packages/airflow/example_dags/example_python_operator.py
[2021-06-28 15:28:09,391] {scheduler_job.py:643} INFO - DAG(s) dict_keys(['example_python_operator']) retrieved from /home/airflow/.local/lib/python3.6/site-packages/airflow/example_dags/example_python_operator.py
[2021-06-28 15:28:09,456] {logging_mixin.py:104} INFO - [2021-06-28 15:28:09,456] {dag.py:1832} INFO - Sync 1 DAGs
[2021-06-28 15:28:09,494] {logging_mixin.py:104} INFO - [2021-06-28 15:28:09,494] {dag.py:2305} INFO - Setting next_dagrun for example_python_operator to None
[2021-06-28 15:28:09,548] {scheduler_job.py:190} INFO - Processing /home/airflow/.local/lib/python3.6/site-packages/airflow/example_dags/example_python_operator.py took 0.227 seconds
[2021-06-28 15:28:40,095] {scheduler_job.py:182} INFO - Started process (PID=1579) to work on /home/airflow/.local/lib/python3.6/site-packages/airflow/example_dags/example_python_operator.py
[2021-06-28 15:28:40,112] {scheduler_job.py:633} INFO - Processing file /home/airflow/.local/lib/python3.6/site-packages/airflow/example_dags/example_python_operator.py for tasks to queue
[2021-06-28 15:28:40,113] {logging_mixin.py:104} INFO - [2021-06-28 15:28:40,113] {dagbag.py:487} INFO - Filling up the DagBag from /home/airflow/.local/lib/python3.6/site-packages/airflow/example_dags/example_python_operator.py
[2021-06-28 15:28:40,156] {scheduler_job.py:643} INFO - DAG(s) dict_keys(['example_python_operator']) retrieved from /home/airflow/.local/lib/python3.6/site-packages/airflow/example_dags/example_python_operator.py
[2021-06-28 15:28:40,293] {logging_mixin.py:104} INFO - [2021-06-28 15:28:40,293] {dag.py:1832} INFO - Sync 1 DAGs
[2021-06-28 15:28:40,331] {logging_mixin.py:104} INFO - [2021-06-28 15:28:40,331] {dag.py:2305} INFO - Setting next_dagrun for example_python_operator to None
[2021-06-28 15:28:40,358] {scheduler_job.py:190} INFO - Processing /home/airflow/.local/lib/python3.6/site-packages/airflow/example_dags/example_python_operator.py took 0.268 seconds
[2021-06-28 15:29:10,759] {scheduler_job.py:182} INFO - Started process (PID=1649) to work on /home/airflow/.local/lib/python3.6/site-packages/airflow/example_dags/example_python_operator.py
[2021-06-28 15:29:10,762] {scheduler_job.py:633} INFO - Processing file /home/airflow/.local/lib/python3.6/site-packages/airflow/example_dags/example_python_operator.py for tasks to queue
[2021-06-28 15:29:10,763] {logging_mixin.py:104} INFO - [2021-06-28 15:29:10,763] {dagbag.py:487} INFO - Filling up the DagBag from /home/airflow/.local/lib/python3.6/site-packages/airflow/example_dags/example_python_operator.py
[2021-06-28 15:29:10,786] {scheduler_job.py:643} INFO - DAG(s) dict_keys(['example_python_operator']) retrieved from /home/airflow/.local/lib/python3.6/site-packages/airflow/example_dags/example_python_operator.py
[2021-06-28 15:29:10,907] {logging_mixin.py:104} INFO - [2021-06-28 15:29:10,907] {dag.py:1832} INFO - Sync 1 DAGs
[2021-06-28 15:29:10,935] {logging_mixin.py:104} INFO - [2021-06-28 15:29:10,935] {dag.py:2305} INFO - Setting next_dagrun for example_python_operator to None
[2021-06-28 15:29:10,965] {scheduler_job.py:190} INFO - Processing /home/airflow/.local/lib/python3.6/site-packages/airflow/example_dags/example_python_operator.py took 0.214 seconds
[2021-06-28 15:29:41,569] {scheduler_job.py:182} INFO - Started process (PID=1713) to work on /home/airflow/.local/lib/python3.6/site-packages/airflow/example_dags/example_python_operator.py
[2021-06-28 15:29:41,575] {scheduler_job.py:633} INFO - Processing file /home/airflow/.local/lib/python3.6/site-packages/airflow/example_dags/example_python_operator.py for tasks to queue
[2021-06-28 15:29:41,577] {logging_mixin.py:104} INFO - [2021-06-28 15:29:41,577] {dagbag.py:487} INFO - Filling up the DagBag from /home/airflow/.local/lib/python3.6/site-packages/airflow/example_dags/example_python_operator.py
[2021-06-28 15:29:41,600] {scheduler_job.py:643} INFO - DAG(s) dict_keys(['example_python_operator']) retrieved from /home/airflow/.local/lib/python3.6/site-packages/airflow/example_dags/example_python_operator.py
[2021-06-28 15:29:41,687] {logging_mixin.py:104} INFO - [2021-06-28 15:29:41,687] {dag.py:1832} INFO - Sync 1 DAGs
[2021-06-28 15:29:41,717] {logging_mixin.py:104} INFO - [2021-06-28 15:29:41,717] {dag.py:2305} INFO - Setting next_dagrun for example_python_operator to None
[2021-06-28 15:29:41,758] {scheduler_job.py:190} INFO - Processing /home/airflow/.local/lib/python3.6/site-packages/airflow/example_dags/example_python_operator.py took 0.194 seconds
[2021-06-28 15:30:12,494] {scheduler_job.py:182} INFO - Started process (PID=1772) to work on /home/airflow/.local/lib/python3.6/site-packages/airflow/example_dags/example_python_operator.py
[2021-06-28 15:30:12,497] {scheduler_job.py:633} INFO - Processing file /home/airflow/.local/lib/python3.6/site-packages/airflow/example_dags/example_python_operator.py for tasks to queue
[2021-06-28 15:30:12,498] {logging_mixin.py:104} INFO - [2021-06-28 15:30:12,498] {dagbag.py:487} INFO - Filling up the DagBag from /home/airflow/.local/lib/python3.6/site-packages/airflow/example_dags/example_python_operator.py
[2021-06-28 15:30:12,570] {scheduler_job.py:643} INFO - DAG(s) dict_keys(['example_python_operator']) retrieved from /home/airflow/.local/lib/python3.6/site-packages/airflow/example_dags/example_python_operator.py
[2021-06-28 15:30:12,630] {logging_mixin.py:104} INFO - [2021-06-28 15:30:12,630] {dag.py:1832} INFO - Sync 1 DAGs
[2021-06-28 15:30:12,673] {logging_mixin.py:104} INFO - [2021-06-28 15:30:12,673] {dag.py:2305} INFO - Setting next_dagrun for example_python_operator to None
[2021-06-28 15:30:12,689] {scheduler_job.py:190} INFO - Processing /home/airflow/.local/lib/python3.6/site-packages/airflow/example_dags/example_python_operator.py took 0.232 seconds
[2021-06-28 15:30:43,139] {scheduler_job.py:182} INFO - Started process (PID=1831) to work on /home/airflow/.local/lib/python3.6/site-packages/airflow/example_dags/example_python_operator.py
[2021-06-28 15:30:43,172] {scheduler_job.py:633} INFO - Processing file /home/airflow/.local/lib/python3.6/site-packages/airflow/example_dags/example_python_operator.py for tasks to queue
[2021-06-28 15:30:43,204] {logging_mixin.py:104} INFO - [2021-06-28 15:30:43,204] {dagbag.py:487} INFO - Filling up the DagBag from /home/airflow/.local/lib/python3.6/site-packages/airflow/example_dags/example_python_operator.py
[2021-06-28 15:30:43,339] {scheduler_job.py:643} INFO - DAG(s) dict_keys(['example_python_operator']) retrieved from /home/airflow/.local/lib/python3.6/site-packages/airflow/example_dags/example_python_operator.py
[2021-06-28 15:30:43,560] {logging_mixin.py:104} INFO - [2021-06-28 15:30:43,560] {dag.py:1832} INFO - Sync 1 DAGs
[2021-06-28 15:30:43,670] {logging_mixin.py:104} INFO - [2021-06-28 15:30:43,669] {dag.py:2305} INFO - Setting next_dagrun for example_python_operator to None
[2021-06-28 15:30:43,823] {scheduler_job.py:190} INFO - Processing /home/airflow/.local/lib/python3.6/site-packages/airflow/example_dags/example_python_operator.py took 0.800 seconds
[2021-06-28 15:31:13,982] {scheduler_job.py:182} INFO - Started process (PID=1893) to work on /home/airflow/.local/lib/python3.6/site-packages/airflow/example_dags/example_python_operator.py
[2021-06-28 15:31:13,986] {scheduler_job.py:633} INFO - Processing file /home/airflow/.local/lib/python3.6/site-packages/airflow/example_dags/example_python_operator.py for tasks to queue
[2021-06-28 15:31:13,991] {logging_mixin.py:104} INFO - [2021-06-28 15:31:13,991] {dagbag.py:487} INFO - Filling up the DagBag from /home/airflow/.local/lib/python3.6/site-packages/airflow/example_dags/example_python_operator.py
[2021-06-28 15:31:14,022] {scheduler_job.py:643} INFO - DAG(s) dict_keys(['example_python_operator']) retrieved from /home/airflow/.local/lib/python3.6/site-packages/airflow/example_dags/example_python_operator.py
[2021-06-28 15:31:14,085] {logging_mixin.py:104} INFO - [2021-06-28 15:31:14,084] {dag.py:1832} INFO - Sync 1 DAGs
[2021-06-28 15:31:14,116] {logging_mixin.py:104} INFO - [2021-06-28 15:31:14,116] {dag.py:2305} INFO - Setting next_dagrun for example_python_operator to None
[2021-06-28 15:31:14,135] {scheduler_job.py:190} INFO - Processing /home/airflow/.local/lib/python3.6/site-packages/airflow/example_dags/example_python_operator.py took 0.162 seconds
[2021-06-28 15:31:44,367] {scheduler_job.py:182} INFO - Started process (PID=1952) to work on /home/airflow/.local/lib/python3.6/site-packages/airflow/example_dags/example_python_operator.py
[2021-06-28 15:31:44,368] {scheduler_job.py:633} INFO - Processing file /home/airflow/.local/lib/python3.6/site-packages/airflow/example_dags/example_python_operator.py for tasks to queue
[2021-06-28 15:31:44,369] {logging_mixin.py:104} INFO - [2021-06-28 15:31:44,369] {dagbag.py:487} INFO - Filling up the DagBag from /home/airflow/.local/lib/python3.6/site-packages/airflow/example_dags/example_python_operator.py
[2021-06-28 15:31:44,415] {scheduler_job.py:643} INFO - DAG(s) dict_keys(['example_python_operator']) retrieved from /home/airflow/.local/lib/python3.6/site-packages/airflow/example_dags/example_python_operator.py
[2021-06-28 15:31:44,524] {logging_mixin.py:104} INFO - [2021-06-28 15:31:44,524] {dag.py:1832} INFO - Sync 1 DAGs
[2021-06-28 15:31:44,561] {logging_mixin.py:104} INFO - [2021-06-28 15:31:44,561] {dag.py:2305} INFO - Setting next_dagrun for example_python_operator to None
[2021-06-28 15:31:44,593] {scheduler_job.py:190} INFO - Processing /home/airflow/.local/lib/python3.6/site-packages/airflow/example_dags/example_python_operator.py took 0.262 seconds
[2021-06-28 15:33:55,392] {scheduler_job.py:182} INFO - Started process (PID=58) to work on /home/airflow/.local/lib/python3.6/site-packages/airflow/example_dags/example_python_operator.py
[2021-06-28 15:33:55,411] {scheduler_job.py:633} INFO - Processing file /home/airflow/.local/lib/python3.6/site-packages/airflow/example_dags/example_python_operator.py for tasks to queue
[2021-06-28 15:33:55,412] {logging_mixin.py:104} INFO - [2021-06-28 15:33:55,412] {dagbag.py:487} INFO - Filling up the DagBag from /home/airflow/.local/lib/python3.6/site-packages/airflow/example_dags/example_python_operator.py
[2021-06-28 15:33:55,495] {scheduler_job.py:643} INFO - DAG(s) dict_keys(['example_python_operator']) retrieved from /home/airflow/.local/lib/python3.6/site-packages/airflow/example_dags/example_python_operator.py
[2021-06-28 15:33:55,675] {logging_mixin.py:104} INFO - [2021-06-28 15:33:55,675] {dag.py:1832} INFO - Sync 1 DAGs
[2021-06-28 15:33:55,777] {logging_mixin.py:104} INFO - [2021-06-28 15:33:55,776] {dag.py:2305} INFO - Setting next_dagrun for example_python_operator to None
[2021-06-28 15:33:55,869] {scheduler_job.py:190} INFO - Processing /home/airflow/.local/lib/python3.6/site-packages/airflow/example_dags/example_python_operator.py took 0.482 seconds
[2021-06-28 15:34:28,209] {scheduler_job.py:182} INFO - Started process (PID=113) to work on /home/airflow/.local/lib/python3.6/site-packages/airflow/example_dags/example_python_operator.py
[2021-06-28 15:34:28,227] {scheduler_job.py:633} INFO - Processing file /home/airflow/.local/lib/python3.6/site-packages/airflow/example_dags/example_python_operator.py for tasks to queue
[2021-06-28 15:34:28,233] {logging_mixin.py:104} INFO - [2021-06-28 15:34:28,233] {dagbag.py:487} INFO - Filling up the DagBag from /home/airflow/.local/lib/python3.6/site-packages/airflow/example_dags/example_python_operator.py
[2021-06-28 15:34:28,357] {scheduler_job.py:643} INFO - DAG(s) dict_keys(['example_python_operator']) retrieved from /home/airflow/.local/lib/python3.6/site-packages/airflow/example_dags/example_python_operator.py
[2021-06-28 15:34:28,578] {logging_mixin.py:104} INFO - [2021-06-28 15:34:28,578] {dag.py:1832} INFO - Sync 1 DAGs
[2021-06-28 15:34:28,715] {logging_mixin.py:104} INFO - [2021-06-28 15:34:28,715] {dag.py:2305} INFO - Setting next_dagrun for example_python_operator to None
[2021-06-28 15:34:28,796] {scheduler_job.py:190} INFO - Processing /home/airflow/.local/lib/python3.6/site-packages/airflow/example_dags/example_python_operator.py took 0.605 seconds
[2021-06-28 15:34:59,640] {scheduler_job.py:182} INFO - Started process (PID=177) to work on /home/airflow/.local/lib/python3.6/site-packages/airflow/example_dags/example_python_operator.py
[2021-06-28 15:34:59,644] {scheduler_job.py:633} INFO - Processing file /home/airflow/.local/lib/python3.6/site-packages/airflow/example_dags/example_python_operator.py for tasks to queue
[2021-06-28 15:34:59,663] {logging_mixin.py:104} INFO - [2021-06-28 15:34:59,663] {dagbag.py:487} INFO - Filling up the DagBag from /home/airflow/.local/lib/python3.6/site-packages/airflow/example_dags/example_python_operator.py
[2021-06-28 15:34:59,723] {scheduler_job.py:643} INFO - DAG(s) dict_keys(['example_python_operator']) retrieved from /home/airflow/.local/lib/python3.6/site-packages/airflow/example_dags/example_python_operator.py
[2021-06-28 15:34:59,809] {logging_mixin.py:104} INFO - [2021-06-28 15:34:59,809] {dag.py:1832} INFO - Sync 1 DAGs
[2021-06-28 15:34:59,899] {logging_mixin.py:104} INFO - [2021-06-28 15:34:59,898] {dag.py:2305} INFO - Setting next_dagrun for example_python_operator to None
[2021-06-28 15:34:59,944] {scheduler_job.py:190} INFO - Processing /home/airflow/.local/lib/python3.6/site-packages/airflow/example_dags/example_python_operator.py took 0.310 seconds
[2021-06-28 15:35:30,667] {scheduler_job.py:182} INFO - Started process (PID=235) to work on /home/airflow/.local/lib/python3.6/site-packages/airflow/example_dags/example_python_operator.py
[2021-06-28 15:35:30,680] {scheduler_job.py:633} INFO - Processing file /home/airflow/.local/lib/python3.6/site-packages/airflow/example_dags/example_python_operator.py for tasks to queue
[2021-06-28 15:35:30,681] {logging_mixin.py:104} INFO - [2021-06-28 15:35:30,681] {dagbag.py:487} INFO - Filling up the DagBag from /home/airflow/.local/lib/python3.6/site-packages/airflow/example_dags/example_python_operator.py
[2021-06-28 15:35:30,723] {scheduler_job.py:643} INFO - DAG(s) dict_keys(['example_python_operator']) retrieved from /home/airflow/.local/lib/python3.6/site-packages/airflow/example_dags/example_python_operator.py
[2021-06-28 15:35:30,866] {logging_mixin.py:104} INFO - [2021-06-28 15:35:30,865] {dag.py:1832} INFO - Sync 1 DAGs
[2021-06-28 15:35:30,958] {logging_mixin.py:104} INFO - [2021-06-28 15:35:30,957] {dag.py:2305} INFO - Setting next_dagrun for example_python_operator to None
[2021-06-28 15:35:30,982] {scheduler_job.py:190} INFO - Processing /home/airflow/.local/lib/python3.6/site-packages/airflow/example_dags/example_python_operator.py took 0.333 seconds
[2021-06-28 15:36:02,044] {scheduler_job.py:182} INFO - Started process (PID=294) to work on /home/airflow/.local/lib/python3.6/site-packages/airflow/example_dags/example_python_operator.py
[2021-06-28 15:36:02,046] {scheduler_job.py:633} INFO - Processing file /home/airflow/.local/lib/python3.6/site-packages/airflow/example_dags/example_python_operator.py for tasks to queue
[2021-06-28 15:36:02,047] {logging_mixin.py:104} INFO - [2021-06-28 15:36:02,047] {dagbag.py:487} INFO - Filling up the DagBag from /home/airflow/.local/lib/python3.6/site-packages/airflow/example_dags/example_python_operator.py
[2021-06-28 15:36:02,158] {scheduler_job.py:643} INFO - DAG(s) dict_keys(['example_python_operator']) retrieved from /home/airflow/.local/lib/python3.6/site-packages/airflow/example_dags/example_python_operator.py
[2021-06-28 15:36:02,310] {logging_mixin.py:104} INFO - [2021-06-28 15:36:02,310] {dag.py:1832} INFO - Sync 1 DAGs
[2021-06-28 15:36:02,423] {logging_mixin.py:104} INFO - [2021-06-28 15:36:02,422] {dag.py:2305} INFO - Setting next_dagrun for example_python_operator to None
[2021-06-28 15:36:02,649] {scheduler_job.py:190} INFO - Processing /home/airflow/.local/lib/python3.6/site-packages/airflow/example_dags/example_python_operator.py took 0.624 seconds
[2021-06-28 15:36:33,448] {scheduler_job.py:182} INFO - Started process (PID=345) to work on /home/airflow/.local/lib/python3.6/site-packages/airflow/example_dags/example_python_operator.py
[2021-06-28 15:36:33,453] {scheduler_job.py:633} INFO - Processing file /home/airflow/.local/lib/python3.6/site-packages/airflow/example_dags/example_python_operator.py for tasks to queue
[2021-06-28 15:36:33,454] {logging_mixin.py:104} INFO - [2021-06-28 15:36:33,454] {dagbag.py:487} INFO - Filling up the DagBag from /home/airflow/.local/lib/python3.6/site-packages/airflow/example_dags/example_python_operator.py
[2021-06-28 15:36:33,506] {scheduler_job.py:643} INFO - DAG(s) dict_keys(['example_python_operator']) retrieved from /home/airflow/.local/lib/python3.6/site-packages/airflow/example_dags/example_python_operator.py
[2021-06-28 15:36:33,563] {logging_mixin.py:104} INFO - [2021-06-28 15:36:33,563] {dag.py:1832} INFO - Sync 1 DAGs
[2021-06-28 15:36:33,610] {logging_mixin.py:104} INFO - [2021-06-28 15:36:33,610] {dag.py:2305} INFO - Setting next_dagrun for example_python_operator to None
[2021-06-28 15:36:33,639] {scheduler_job.py:190} INFO - Processing /home/airflow/.local/lib/python3.6/site-packages/airflow/example_dags/example_python_operator.py took 0.215 seconds
[2021-06-28 15:37:04,335] {scheduler_job.py:182} INFO - Started process (PID=416) to work on /home/airflow/.local/lib/python3.6/site-packages/airflow/example_dags/example_python_operator.py
[2021-06-28 15:37:04,337] {scheduler_job.py:633} INFO - Processing file /home/airflow/.local/lib/python3.6/site-packages/airflow/example_dags/example_python_operator.py for tasks to queue
[2021-06-28 15:37:04,366] {logging_mixin.py:104} INFO - [2021-06-28 15:37:04,338] {dagbag.py:487} INFO - Filling up the DagBag from /home/airflow/.local/lib/python3.6/site-packages/airflow/example_dags/example_python_operator.py
[2021-06-28 15:37:04,503] {scheduler_job.py:643} INFO - DAG(s) dict_keys(['example_python_operator']) retrieved from /home/airflow/.local/lib/python3.6/site-packages/airflow/example_dags/example_python_operator.py
[2021-06-28 15:37:04,669] {logging_mixin.py:104} INFO - [2021-06-28 15:37:04,669] {dag.py:1832} INFO - Sync 1 DAGs
[2021-06-28 15:37:04,994] {logging_mixin.py:104} INFO - [2021-06-28 15:37:04,994] {dag.py:2305} INFO - Setting next_dagrun for example_python_operator to None
[2021-06-28 15:37:05,093] {scheduler_job.py:190} INFO - Processing /home/airflow/.local/lib/python3.6/site-packages/airflow/example_dags/example_python_operator.py took 0.825 seconds
[2021-06-28 15:37:35,953] {scheduler_job.py:182} INFO - Started process (PID=477) to work on /home/airflow/.local/lib/python3.6/site-packages/airflow/example_dags/example_python_operator.py
[2021-06-28 15:37:35,955] {scheduler_job.py:633} INFO - Processing file /home/airflow/.local/lib/python3.6/site-packages/airflow/example_dags/example_python_operator.py for tasks to queue
[2021-06-28 15:37:35,956] {logging_mixin.py:104} INFO - [2021-06-28 15:37:35,956] {dagbag.py:487} INFO - Filling up the DagBag from /home/airflow/.local/lib/python3.6/site-packages/airflow/example_dags/example_python_operator.py
[2021-06-28 15:37:35,978] {scheduler_job.py:643} INFO - DAG(s) dict_keys(['example_python_operator']) retrieved from /home/airflow/.local/lib/python3.6/site-packages/airflow/example_dags/example_python_operator.py
[2021-06-28 15:37:36,012] {logging_mixin.py:104} INFO - [2021-06-28 15:37:36,012] {dag.py:1832} INFO - Sync 1 DAGs
[2021-06-28 15:37:36,036] {logging_mixin.py:104} INFO - [2021-06-28 15:37:36,036] {dag.py:2305} INFO - Setting next_dagrun for example_python_operator to None
[2021-06-28 15:37:36,054] {scheduler_job.py:190} INFO - Processing /home/airflow/.local/lib/python3.6/site-packages/airflow/example_dags/example_python_operator.py took 0.107 seconds
[2021-06-28 15:38:06,200] {scheduler_job.py:182} INFO - Started process (PID=537) to work on /home/airflow/.local/lib/python3.6/site-packages/airflow/example_dags/example_python_operator.py
[2021-06-28 15:38:06,203] {scheduler_job.py:633} INFO - Processing file /home/airflow/.local/lib/python3.6/site-packages/airflow/example_dags/example_python_operator.py for tasks to queue
[2021-06-28 15:38:06,204] {logging_mixin.py:104} INFO - [2021-06-28 15:38:06,204] {dagbag.py:487} INFO - Filling up the DagBag from /home/airflow/.local/lib/python3.6/site-packages/airflow/example_dags/example_python_operator.py
[2021-06-28 15:38:06,235] {scheduler_job.py:643} INFO - DAG(s) dict_keys(['example_python_operator']) retrieved from /home/airflow/.local/lib/python3.6/site-packages/airflow/example_dags/example_python_operator.py
[2021-06-28 15:38:06,308] {logging_mixin.py:104} INFO - [2021-06-28 15:38:06,308] {dag.py:1832} INFO - Sync 1 DAGs
[2021-06-28 15:38:06,363] {logging_mixin.py:104} INFO - [2021-06-28 15:38:06,363] {dag.py:2305} INFO - Setting next_dagrun for example_python_operator to None
[2021-06-28 15:38:06,429] {scheduler_job.py:190} INFO - Processing /home/airflow/.local/lib/python3.6/site-packages/airflow/example_dags/example_python_operator.py took 0.234 seconds
[2021-06-28 15:38:36,540] {scheduler_job.py:182} INFO - Started process (PID=619) to work on /home/airflow/.local/lib/python3.6/site-packages/airflow/example_dags/example_python_operator.py
[2021-06-28 15:38:36,541] {scheduler_job.py:633} INFO - Processing file /home/airflow/.local/lib/python3.6/site-packages/airflow/example_dags/example_python_operator.py for tasks to queue
[2021-06-28 15:38:36,542] {logging_mixin.py:104} INFO - [2021-06-28 15:38:36,542] {dagbag.py:487} INFO - Filling up the DagBag from /home/airflow/.local/lib/python3.6/site-packages/airflow/example_dags/example_python_operator.py
[2021-06-28 15:38:36,585] {scheduler_job.py:643} INFO - DAG(s) dict_keys(['example_python_operator']) retrieved from /home/airflow/.local/lib/python3.6/site-packages/airflow/example_dags/example_python_operator.py
[2021-06-28 15:38:36,649] {logging_mixin.py:104} INFO - [2021-06-28 15:38:36,649] {dag.py:1832} INFO - Sync 1 DAGs
[2021-06-28 15:38:36,684] {logging_mixin.py:104} INFO - [2021-06-28 15:38:36,683] {dag.py:2305} INFO - Setting next_dagrun for example_python_operator to None
[2021-06-28 15:38:36,704] {scheduler_job.py:190} INFO - Processing /home/airflow/.local/lib/python3.6/site-packages/airflow/example_dags/example_python_operator.py took 0.176 seconds
[2021-06-28 15:39:07,279] {scheduler_job.py:182} INFO - Started process (PID=683) to work on /home/airflow/.local/lib/python3.6/site-packages/airflow/example_dags/example_python_operator.py
[2021-06-28 15:39:07,281] {scheduler_job.py:633} INFO - Processing file /home/airflow/.local/lib/python3.6/site-packages/airflow/example_dags/example_python_operator.py for tasks to queue
[2021-06-28 15:39:07,282] {logging_mixin.py:104} INFO - [2021-06-28 15:39:07,282] {dagbag.py:487} INFO - Filling up the DagBag from /home/airflow/.local/lib/python3.6/site-packages/airflow/example_dags/example_python_operator.py
[2021-06-28 15:39:07,301] {scheduler_job.py:643} INFO - DAG(s) dict_keys(['example_python_operator']) retrieved from /home/airflow/.local/lib/python3.6/site-packages/airflow/example_dags/example_python_operator.py
[2021-06-28 15:39:07,339] {logging_mixin.py:104} INFO - [2021-06-28 15:39:07,339] {dag.py:1832} INFO - Sync 1 DAGs
[2021-06-28 15:39:07,365] {logging_mixin.py:104} INFO - [2021-06-28 15:39:07,365] {dag.py:2305} INFO - Setting next_dagrun for example_python_operator to None
[2021-06-28 15:39:07,387] {scheduler_job.py:190} INFO - Processing /home/airflow/.local/lib/python3.6/site-packages/airflow/example_dags/example_python_operator.py took 0.113 seconds
[2021-06-28 15:39:37,771] {scheduler_job.py:182} INFO - Started process (PID=743) to work on /home/airflow/.local/lib/python3.6/site-packages/airflow/example_dags/example_python_operator.py
[2021-06-28 15:39:37,773] {scheduler_job.py:633} INFO - Processing file /home/airflow/.local/lib/python3.6/site-packages/airflow/example_dags/example_python_operator.py for tasks to queue
[2021-06-28 15:39:37,774] {logging_mixin.py:104} INFO - [2021-06-28 15:39:37,774] {dagbag.py:487} INFO - Filling up the DagBag from /home/airflow/.local/lib/python3.6/site-packages/airflow/example_dags/example_python_operator.py
[2021-06-28 15:39:37,803] {scheduler_job.py:643} INFO - DAG(s) dict_keys(['example_python_operator']) retrieved from /home/airflow/.local/lib/python3.6/site-packages/airflow/example_dags/example_python_operator.py
[2021-06-28 15:39:37,843] {logging_mixin.py:104} INFO - [2021-06-28 15:39:37,843] {dag.py:1832} INFO - Sync 1 DAGs
[2021-06-28 15:39:37,868] {logging_mixin.py:104} INFO - [2021-06-28 15:39:37,868] {dag.py:2305} INFO - Setting next_dagrun for example_python_operator to None
[2021-06-28 15:39:37,892] {scheduler_job.py:190} INFO - Processing /home/airflow/.local/lib/python3.6/site-packages/airflow/example_dags/example_python_operator.py took 0.129 seconds
[2021-06-28 15:40:08,462] {scheduler_job.py:182} INFO - Started process (PID=821) to work on /home/airflow/.local/lib/python3.6/site-packages/airflow/example_dags/example_python_operator.py
[2021-06-28 15:40:08,463] {scheduler_job.py:633} INFO - Processing file /home/airflow/.local/lib/python3.6/site-packages/airflow/example_dags/example_python_operator.py for tasks to queue
[2021-06-28 15:40:08,467] {logging_mixin.py:104} INFO - [2021-06-28 15:40:08,464] {dagbag.py:487} INFO - Filling up the DagBag from /home/airflow/.local/lib/python3.6/site-packages/airflow/example_dags/example_python_operator.py
[2021-06-28 15:40:08,487] {scheduler_job.py:643} INFO - DAG(s) dict_keys(['example_python_operator']) retrieved from /home/airflow/.local/lib/python3.6/site-packages/airflow/example_dags/example_python_operator.py
[2021-06-28 15:40:08,518] {logging_mixin.py:104} INFO - [2021-06-28 15:40:08,518] {dag.py:1832} INFO - Sync 1 DAGs
[2021-06-28 15:40:08,539] {logging_mixin.py:104} INFO - [2021-06-28 15:40:08,539] {dag.py:2305} INFO - Setting next_dagrun for example_python_operator to None
[2021-06-28 15:40:08,555] {scheduler_job.py:190} INFO - Processing /home/airflow/.local/lib/python3.6/site-packages/airflow/example_dags/example_python_operator.py took 0.096 seconds
[2021-06-28 15:40:38,574] {scheduler_job.py:182} INFO - Started process (PID=884) to work on /home/airflow/.local/lib/python3.6/site-packages/airflow/example_dags/example_python_operator.py
[2021-06-28 15:40:38,575] {scheduler_job.py:633} INFO - Processing file /home/airflow/.local/lib/python3.6/site-packages/airflow/example_dags/example_python_operator.py for tasks to queue
[2021-06-28 15:40:38,576] {logging_mixin.py:104} INFO - [2021-06-28 15:40:38,576] {dagbag.py:487} INFO - Filling up the DagBag from /home/airflow/.local/lib/python3.6/site-packages/airflow/example_dags/example_python_operator.py
[2021-06-28 15:40:38,592] {scheduler_job.py:643} INFO - DAG(s) dict_keys(['example_python_operator']) retrieved from /home/airflow/.local/lib/python3.6/site-packages/airflow/example_dags/example_python_operator.py
[2021-06-28 15:40:38,629] {logging_mixin.py:104} INFO - [2021-06-28 15:40:38,629] {dag.py:1832} INFO - Sync 1 DAGs
[2021-06-28 15:40:38,653] {logging_mixin.py:104} INFO - [2021-06-28 15:40:38,653] {dag.py:2305} INFO - Setting next_dagrun for example_python_operator to None
[2021-06-28 15:40:38,671] {scheduler_job.py:190} INFO - Processing /home/airflow/.local/lib/python3.6/site-packages/airflow/example_dags/example_python_operator.py took 0.100 seconds
[2021-06-28 15:41:08,768] {scheduler_job.py:182} INFO - Started process (PID=942) to work on /home/airflow/.local/lib/python3.6/site-packages/airflow/example_dags/example_python_operator.py
[2021-06-28 15:41:08,770] {scheduler_job.py:633} INFO - Processing file /home/airflow/.local/lib/python3.6/site-packages/airflow/example_dags/example_python_operator.py for tasks to queue
[2021-06-28 15:41:08,771] {logging_mixin.py:104} INFO - [2021-06-28 15:41:08,771] {dagbag.py:487} INFO - Filling up the DagBag from /home/airflow/.local/lib/python3.6/site-packages/airflow/example_dags/example_python_operator.py
[2021-06-28 15:41:08,787] {scheduler_job.py:643} INFO - DAG(s) dict_keys(['example_python_operator']) retrieved from /home/airflow/.local/lib/python3.6/site-packages/airflow/example_dags/example_python_operator.py
[2021-06-28 15:41:08,819] {logging_mixin.py:104} INFO - [2021-06-28 15:41:08,819] {dag.py:1832} INFO - Sync 1 DAGs
[2021-06-28 15:41:08,839] {logging_mixin.py:104} INFO - [2021-06-28 15:41:08,839] {dag.py:2305} INFO - Setting next_dagrun for example_python_operator to None
[2021-06-28 15:41:08,853] {scheduler_job.py:190} INFO - Processing /home/airflow/.local/lib/python3.6/site-packages/airflow/example_dags/example_python_operator.py took 0.090 seconds
[2021-06-28 15:41:39,172] {scheduler_job.py:182} INFO - Started process (PID=1003) to work on /home/airflow/.local/lib/python3.6/site-packages/airflow/example_dags/example_python_operator.py
[2021-06-28 15:41:39,173] {scheduler_job.py:633} INFO - Processing file /home/airflow/.local/lib/python3.6/site-packages/airflow/example_dags/example_python_operator.py for tasks to queue
[2021-06-28 15:41:39,174] {logging_mixin.py:104} INFO - [2021-06-28 15:41:39,174] {dagbag.py:487} INFO - Filling up the DagBag from /home/airflow/.local/lib/python3.6/site-packages/airflow/example_dags/example_python_operator.py
[2021-06-28 15:41:39,194] {scheduler_job.py:643} INFO - DAG(s) dict_keys(['example_python_operator']) retrieved from /home/airflow/.local/lib/python3.6/site-packages/airflow/example_dags/example_python_operator.py
[2021-06-28 15:41:39,226] {logging_mixin.py:104} INFO - [2021-06-28 15:41:39,226] {dag.py:1832} INFO - Sync 1 DAGs
[2021-06-28 15:41:39,250] {logging_mixin.py:104} INFO - [2021-06-28 15:41:39,250] {dag.py:2305} INFO - Setting next_dagrun for example_python_operator to None
[2021-06-28 15:41:39,268] {scheduler_job.py:190} INFO - Processing /home/airflow/.local/lib/python3.6/site-packages/airflow/example_dags/example_python_operator.py took 0.101 seconds
[2021-06-28 15:42:09,530] {scheduler_job.py:182} INFO - Started process (PID=1077) to work on /home/airflow/.local/lib/python3.6/site-packages/airflow/example_dags/example_python_operator.py
[2021-06-28 15:42:09,532] {scheduler_job.py:633} INFO - Processing file /home/airflow/.local/lib/python3.6/site-packages/airflow/example_dags/example_python_operator.py for tasks to queue
[2021-06-28 15:42:09,533] {logging_mixin.py:104} INFO - [2021-06-28 15:42:09,533] {dagbag.py:487} INFO - Filling up the DagBag from /home/airflow/.local/lib/python3.6/site-packages/airflow/example_dags/example_python_operator.py
[2021-06-28 15:42:09,623] {scheduler_job.py:643} INFO - DAG(s) dict_keys(['example_python_operator']) retrieved from /home/airflow/.local/lib/python3.6/site-packages/airflow/example_dags/example_python_operator.py
[2021-06-28 15:42:09,682] {logging_mixin.py:104} INFO - [2021-06-28 15:42:09,682] {dag.py:1832} INFO - Sync 1 DAGs
[2021-06-28 15:42:09,737] {logging_mixin.py:104} INFO - [2021-06-28 15:42:09,736] {dag.py:2305} INFO - Setting next_dagrun for example_python_operator to None
[2021-06-28 15:42:09,764] {scheduler_job.py:190} INFO - Processing /home/airflow/.local/lib/python3.6/site-packages/airflow/example_dags/example_python_operator.py took 0.267 seconds
[2021-06-28 15:42:39,948] {scheduler_job.py:182} INFO - Started process (PID=1137) to work on /home/airflow/.local/lib/python3.6/site-packages/airflow/example_dags/example_python_operator.py
[2021-06-28 15:42:39,950] {scheduler_job.py:633} INFO - Processing file /home/airflow/.local/lib/python3.6/site-packages/airflow/example_dags/example_python_operator.py for tasks to queue
[2021-06-28 15:42:39,951] {logging_mixin.py:104} INFO - [2021-06-28 15:42:39,951] {dagbag.py:487} INFO - Filling up the DagBag from /home/airflow/.local/lib/python3.6/site-packages/airflow/example_dags/example_python_operator.py
[2021-06-28 15:42:39,978] {scheduler_job.py:643} INFO - DAG(s) dict_keys(['example_python_operator']) retrieved from /home/airflow/.local/lib/python3.6/site-packages/airflow/example_dags/example_python_operator.py
[2021-06-28 15:42:40,022] {logging_mixin.py:104} INFO - [2021-06-28 15:42:40,022] {dag.py:1832} INFO - Sync 1 DAGs
[2021-06-28 15:42:40,051] {logging_mixin.py:104} INFO - [2021-06-28 15:42:40,050] {dag.py:2305} INFO - Setting next_dagrun for example_python_operator to None
[2021-06-28 15:42:40,078] {scheduler_job.py:190} INFO - Processing /home/airflow/.local/lib/python3.6/site-packages/airflow/example_dags/example_python_operator.py took 0.134 seconds
[2021-06-28 15:43:10,202] {scheduler_job.py:182} INFO - Started process (PID=1195) to work on /home/airflow/.local/lib/python3.6/site-packages/airflow/example_dags/example_python_operator.py
[2021-06-28 15:43:10,210] {scheduler_job.py:633} INFO - Processing file /home/airflow/.local/lib/python3.6/site-packages/airflow/example_dags/example_python_operator.py for tasks to queue
[2021-06-28 15:43:10,214] {logging_mixin.py:104} INFO - [2021-06-28 15:43:10,213] {dagbag.py:487} INFO - Filling up the DagBag from /home/airflow/.local/lib/python3.6/site-packages/airflow/example_dags/example_python_operator.py
[2021-06-28 15:43:10,245] {scheduler_job.py:643} INFO - DAG(s) dict_keys(['example_python_operator']) retrieved from /home/airflow/.local/lib/python3.6/site-packages/airflow/example_dags/example_python_operator.py
[2021-06-28 15:43:10,303] {logging_mixin.py:104} INFO - [2021-06-28 15:43:10,303] {dag.py:1832} INFO - Sync 1 DAGs
[2021-06-28 15:43:10,346] {logging_mixin.py:104} INFO - [2021-06-28 15:43:10,345] {dag.py:2305} INFO - Setting next_dagrun for example_python_operator to None
[2021-06-28 15:43:10,398] {scheduler_job.py:190} INFO - Processing /home/airflow/.local/lib/python3.6/site-packages/airflow/example_dags/example_python_operator.py took 0.201 seconds
[2021-06-28 15:43:40,555] {scheduler_job.py:182} INFO - Started process (PID=1252) to work on /home/airflow/.local/lib/python3.6/site-packages/airflow/example_dags/example_python_operator.py
[2021-06-28 15:43:40,558] {scheduler_job.py:633} INFO - Processing file /home/airflow/.local/lib/python3.6/site-packages/airflow/example_dags/example_python_operator.py for tasks to queue
[2021-06-28 15:43:40,559] {logging_mixin.py:104} INFO - [2021-06-28 15:43:40,559] {dagbag.py:487} INFO - Filling up the DagBag from /home/airflow/.local/lib/python3.6/site-packages/airflow/example_dags/example_python_operator.py
[2021-06-28 15:43:40,587] {scheduler_job.py:643} INFO - DAG(s) dict_keys(['example_python_operator']) retrieved from /home/airflow/.local/lib/python3.6/site-packages/airflow/example_dags/example_python_operator.py
[2021-06-28 15:43:40,622] {logging_mixin.py:104} INFO - [2021-06-28 15:43:40,622] {dag.py:1832} INFO - Sync 1 DAGs
[2021-06-28 15:43:40,659] {logging_mixin.py:104} INFO - [2021-06-28 15:43:40,659] {dag.py:2305} INFO - Setting next_dagrun for example_python_operator to None
[2021-06-28 15:43:40,695] {scheduler_job.py:190} INFO - Processing /home/airflow/.local/lib/python3.6/site-packages/airflow/example_dags/example_python_operator.py took 0.145 seconds
[2021-06-28 15:44:10,829] {scheduler_job.py:182} INFO - Started process (PID=1311) to work on /home/airflow/.local/lib/python3.6/site-packages/airflow/example_dags/example_python_operator.py
[2021-06-28 15:44:10,832] {scheduler_job.py:633} INFO - Processing file /home/airflow/.local/lib/python3.6/site-packages/airflow/example_dags/example_python_operator.py for tasks to queue
[2021-06-28 15:44:10,833] {logging_mixin.py:104} INFO - [2021-06-28 15:44:10,832] {dagbag.py:487} INFO - Filling up the DagBag from /home/airflow/.local/lib/python3.6/site-packages/airflow/example_dags/example_python_operator.py
[2021-06-28 15:44:10,873] {scheduler_job.py:643} INFO - DAG(s) dict_keys(['example_python_operator']) retrieved from /home/airflow/.local/lib/python3.6/site-packages/airflow/example_dags/example_python_operator.py
[2021-06-28 15:44:10,954] {logging_mixin.py:104} INFO - [2021-06-28 15:44:10,953] {dag.py:1832} INFO - Sync 1 DAGs
[2021-06-28 15:44:11,011] {logging_mixin.py:104} INFO - [2021-06-28 15:44:11,011] {dag.py:2305} INFO - Setting next_dagrun for example_python_operator to None
[2021-06-28 15:44:11,025] {scheduler_job.py:190} INFO - Processing /home/airflow/.local/lib/python3.6/site-packages/airflow/example_dags/example_python_operator.py took 0.213 seconds
