[2021-06-28 15:16:15,486] {scheduler_job.py:182} INFO - Started process (PID=89) to work on /home/airflow/.local/lib/python3.6/site-packages/airflow/example_dags/example_complex.py
[2021-06-28 15:16:15,494] {scheduler_job.py:633} INFO - Processing file /home/airflow/.local/lib/python3.6/site-packages/airflow/example_dags/example_complex.py for tasks to queue
[2021-06-28 15:16:15,528] {logging_mixin.py:104} INFO - [2021-06-28 15:16:15,527] {dagbag.py:487} INFO - Filling up the DagBag from /home/airflow/.local/lib/python3.6/site-packages/airflow/example_dags/example_complex.py
[2021-06-28 15:16:15,604] {scheduler_job.py:643} INFO - DAG(s) dict_keys(['example_complex']) retrieved from /home/airflow/.local/lib/python3.6/site-packages/airflow/example_dags/example_complex.py
[2021-06-28 15:16:17,149] {logging_mixin.py:104} INFO - [2021-06-28 15:16:17,149] {dag.py:1832} INFO - Sync 1 DAGs
[2021-06-28 15:16:17,327] {logging_mixin.py:104} INFO - [2021-06-28 15:16:17,326] {dag.py:2305} INFO - Setting next_dagrun for example_complex to None
[2021-06-28 15:16:17,483] {scheduler_job.py:190} INFO - Processing /home/airflow/.local/lib/python3.6/site-packages/airflow/example_dags/example_complex.py took 2.002 seconds
[2021-06-28 15:16:48,417] {scheduler_job.py:182} INFO - Started process (PID=139) to work on /home/airflow/.local/lib/python3.6/site-packages/airflow/example_dags/example_complex.py
[2021-06-28 15:16:48,442] {scheduler_job.py:633} INFO - Processing file /home/airflow/.local/lib/python3.6/site-packages/airflow/example_dags/example_complex.py for tasks to queue
[2021-06-28 15:16:48,443] {logging_mixin.py:104} INFO - [2021-06-28 15:16:48,442] {dagbag.py:487} INFO - Filling up the DagBag from /home/airflow/.local/lib/python3.6/site-packages/airflow/example_dags/example_complex.py
[2021-06-28 15:16:48,483] {scheduler_job.py:643} INFO - DAG(s) dict_keys(['example_complex']) retrieved from /home/airflow/.local/lib/python3.6/site-packages/airflow/example_dags/example_complex.py
[2021-06-28 15:16:48,550] {logging_mixin.py:104} INFO - [2021-06-28 15:16:48,550] {dag.py:1832} INFO - Sync 1 DAGs
[2021-06-28 15:16:48,607] {logging_mixin.py:104} INFO - [2021-06-28 15:16:48,606] {dag.py:2305} INFO - Setting next_dagrun for example_complex to None
[2021-06-28 15:16:48,626] {scheduler_job.py:190} INFO - Processing /home/airflow/.local/lib/python3.6/site-packages/airflow/example_dags/example_complex.py took 0.213 seconds
[2021-06-28 15:17:19,285] {scheduler_job.py:182} INFO - Started process (PID=200) to work on /home/airflow/.local/lib/python3.6/site-packages/airflow/example_dags/example_complex.py
[2021-06-28 15:17:19,287] {scheduler_job.py:633} INFO - Processing file /home/airflow/.local/lib/python3.6/site-packages/airflow/example_dags/example_complex.py for tasks to queue
[2021-06-28 15:17:19,288] {logging_mixin.py:104} INFO - [2021-06-28 15:17:19,287] {dagbag.py:487} INFO - Filling up the DagBag from /home/airflow/.local/lib/python3.6/site-packages/airflow/example_dags/example_complex.py
[2021-06-28 15:17:19,316] {scheduler_job.py:643} INFO - DAG(s) dict_keys(['example_complex']) retrieved from /home/airflow/.local/lib/python3.6/site-packages/airflow/example_dags/example_complex.py
[2021-06-28 15:17:19,354] {logging_mixin.py:104} INFO - [2021-06-28 15:17:19,354] {dag.py:1832} INFO - Sync 1 DAGs
[2021-06-28 15:17:19,377] {logging_mixin.py:104} INFO - [2021-06-28 15:17:19,377] {dag.py:2305} INFO - Setting next_dagrun for example_complex to None
[2021-06-28 15:17:19,389] {scheduler_job.py:190} INFO - Processing /home/airflow/.local/lib/python3.6/site-packages/airflow/example_dags/example_complex.py took 0.109 seconds
[2021-06-28 15:17:49,577] {scheduler_job.py:182} INFO - Started process (PID=261) to work on /home/airflow/.local/lib/python3.6/site-packages/airflow/example_dags/example_complex.py
[2021-06-28 15:17:49,580] {scheduler_job.py:633} INFO - Processing file /home/airflow/.local/lib/python3.6/site-packages/airflow/example_dags/example_complex.py for tasks to queue
[2021-06-28 15:17:49,582] {logging_mixin.py:104} INFO - [2021-06-28 15:17:49,582] {dagbag.py:487} INFO - Filling up the DagBag from /home/airflow/.local/lib/python3.6/site-packages/airflow/example_dags/example_complex.py
[2021-06-28 15:17:49,605] {scheduler_job.py:643} INFO - DAG(s) dict_keys(['example_complex']) retrieved from /home/airflow/.local/lib/python3.6/site-packages/airflow/example_dags/example_complex.py
[2021-06-28 15:17:49,640] {logging_mixin.py:104} INFO - [2021-06-28 15:17:49,640] {dag.py:1832} INFO - Sync 1 DAGs
[2021-06-28 15:17:49,659] {logging_mixin.py:104} INFO - [2021-06-28 15:17:49,659] {dag.py:2305} INFO - Setting next_dagrun for example_complex to None
[2021-06-28 15:17:49,672] {scheduler_job.py:190} INFO - Processing /home/airflow/.local/lib/python3.6/site-packages/airflow/example_dags/example_complex.py took 0.098 seconds
[2021-06-28 15:18:20,238] {scheduler_job.py:182} INFO - Started process (PID=334) to work on /home/airflow/.local/lib/python3.6/site-packages/airflow/example_dags/example_complex.py
[2021-06-28 15:18:20,239] {scheduler_job.py:633} INFO - Processing file /home/airflow/.local/lib/python3.6/site-packages/airflow/example_dags/example_complex.py for tasks to queue
[2021-06-28 15:18:20,240] {logging_mixin.py:104} INFO - [2021-06-28 15:18:20,240] {dagbag.py:487} INFO - Filling up the DagBag from /home/airflow/.local/lib/python3.6/site-packages/airflow/example_dags/example_complex.py
[2021-06-28 15:18:20,274] {scheduler_job.py:643} INFO - DAG(s) dict_keys(['example_complex']) retrieved from /home/airflow/.local/lib/python3.6/site-packages/airflow/example_dags/example_complex.py
[2021-06-28 15:18:20,321] {logging_mixin.py:104} INFO - [2021-06-28 15:18:20,320] {dag.py:1832} INFO - Sync 1 DAGs
[2021-06-28 15:18:20,363] {logging_mixin.py:104} INFO - [2021-06-28 15:18:20,362] {dag.py:2305} INFO - Setting next_dagrun for example_complex to None
[2021-06-28 15:18:20,382] {scheduler_job.py:190} INFO - Processing /home/airflow/.local/lib/python3.6/site-packages/airflow/example_dags/example_complex.py took 0.148 seconds
[2021-06-28 15:18:50,407] {scheduler_job.py:182} INFO - Started process (PID=395) to work on /home/airflow/.local/lib/python3.6/site-packages/airflow/example_dags/example_complex.py
[2021-06-28 15:18:50,420] {scheduler_job.py:633} INFO - Processing file /home/airflow/.local/lib/python3.6/site-packages/airflow/example_dags/example_complex.py for tasks to queue
[2021-06-28 15:18:50,422] {logging_mixin.py:104} INFO - [2021-06-28 15:18:50,421] {dagbag.py:487} INFO - Filling up the DagBag from /home/airflow/.local/lib/python3.6/site-packages/airflow/example_dags/example_complex.py
[2021-06-28 15:18:50,484] {scheduler_job.py:643} INFO - DAG(s) dict_keys(['example_complex']) retrieved from /home/airflow/.local/lib/python3.6/site-packages/airflow/example_dags/example_complex.py
[2021-06-28 15:18:50,554] {logging_mixin.py:104} INFO - [2021-06-28 15:18:50,554] {dag.py:1832} INFO - Sync 1 DAGs
[2021-06-28 15:18:50,597] {logging_mixin.py:104} INFO - [2021-06-28 15:18:50,597] {dag.py:2305} INFO - Setting next_dagrun for example_complex to None
[2021-06-28 15:18:50,623] {scheduler_job.py:190} INFO - Processing /home/airflow/.local/lib/python3.6/site-packages/airflow/example_dags/example_complex.py took 0.221 seconds
[2021-06-28 15:19:20,905] {scheduler_job.py:182} INFO - Started process (PID=455) to work on /home/airflow/.local/lib/python3.6/site-packages/airflow/example_dags/example_complex.py
[2021-06-28 15:19:20,907] {scheduler_job.py:633} INFO - Processing file /home/airflow/.local/lib/python3.6/site-packages/airflow/example_dags/example_complex.py for tasks to queue
[2021-06-28 15:19:20,909] {logging_mixin.py:104} INFO - [2021-06-28 15:19:20,909] {dagbag.py:487} INFO - Filling up the DagBag from /home/airflow/.local/lib/python3.6/site-packages/airflow/example_dags/example_complex.py
[2021-06-28 15:19:20,996] {scheduler_job.py:643} INFO - DAG(s) dict_keys(['example_complex']) retrieved from /home/airflow/.local/lib/python3.6/site-packages/airflow/example_dags/example_complex.py
[2021-06-28 15:19:21,100] {logging_mixin.py:104} INFO - [2021-06-28 15:19:21,099] {dag.py:1832} INFO - Sync 1 DAGs
[2021-06-28 15:19:21,161] {logging_mixin.py:104} INFO - [2021-06-28 15:19:21,161] {dag.py:2305} INFO - Setting next_dagrun for example_complex to None
[2021-06-28 15:19:21,210] {scheduler_job.py:190} INFO - Processing /home/airflow/.local/lib/python3.6/site-packages/airflow/example_dags/example_complex.py took 0.311 seconds
[2021-06-28 15:19:51,591] {scheduler_job.py:182} INFO - Started process (PID=515) to work on /home/airflow/.local/lib/python3.6/site-packages/airflow/example_dags/example_complex.py
[2021-06-28 15:19:51,604] {scheduler_job.py:633} INFO - Processing file /home/airflow/.local/lib/python3.6/site-packages/airflow/example_dags/example_complex.py for tasks to queue
[2021-06-28 15:19:51,605] {logging_mixin.py:104} INFO - [2021-06-28 15:19:51,605] {dagbag.py:487} INFO - Filling up the DagBag from /home/airflow/.local/lib/python3.6/site-packages/airflow/example_dags/example_complex.py
[2021-06-28 15:19:51,703] {scheduler_job.py:643} INFO - DAG(s) dict_keys(['example_complex']) retrieved from /home/airflow/.local/lib/python3.6/site-packages/airflow/example_dags/example_complex.py
[2021-06-28 15:19:51,833] {logging_mixin.py:104} INFO - [2021-06-28 15:19:51,833] {dag.py:1832} INFO - Sync 1 DAGs
[2021-06-28 15:19:51,943] {logging_mixin.py:104} INFO - [2021-06-28 15:19:51,943] {dag.py:2305} INFO - Setting next_dagrun for example_complex to None
[2021-06-28 15:19:51,977] {scheduler_job.py:190} INFO - Processing /home/airflow/.local/lib/python3.6/site-packages/airflow/example_dags/example_complex.py took 0.390 seconds
[2021-06-28 15:20:22,042] {scheduler_job.py:182} INFO - Started process (PID=575) to work on /home/airflow/.local/lib/python3.6/site-packages/airflow/example_dags/example_complex.py
[2021-06-28 15:20:22,047] {scheduler_job.py:633} INFO - Processing file /home/airflow/.local/lib/python3.6/site-packages/airflow/example_dags/example_complex.py for tasks to queue
[2021-06-28 15:20:22,058] {logging_mixin.py:104} INFO - [2021-06-28 15:20:22,058] {dagbag.py:487} INFO - Filling up the DagBag from /home/airflow/.local/lib/python3.6/site-packages/airflow/example_dags/example_complex.py
[2021-06-28 15:20:22,116] {scheduler_job.py:643} INFO - DAG(s) dict_keys(['example_complex']) retrieved from /home/airflow/.local/lib/python3.6/site-packages/airflow/example_dags/example_complex.py
[2021-06-28 15:20:22,224] {logging_mixin.py:104} INFO - [2021-06-28 15:20:22,224] {dag.py:1832} INFO - Sync 1 DAGs
[2021-06-28 15:20:22,261] {logging_mixin.py:104} INFO - [2021-06-28 15:20:22,261] {dag.py:2305} INFO - Setting next_dagrun for example_complex to None
[2021-06-28 15:20:22,297] {scheduler_job.py:190} INFO - Processing /home/airflow/.local/lib/python3.6/site-packages/airflow/example_dags/example_complex.py took 0.264 seconds
[2021-06-28 15:20:52,354] {scheduler_job.py:182} INFO - Started process (PID=633) to work on /home/airflow/.local/lib/python3.6/site-packages/airflow/example_dags/example_complex.py
[2021-06-28 15:20:52,358] {scheduler_job.py:633} INFO - Processing file /home/airflow/.local/lib/python3.6/site-packages/airflow/example_dags/example_complex.py for tasks to queue
[2021-06-28 15:20:52,360] {logging_mixin.py:104} INFO - [2021-06-28 15:20:52,359] {dagbag.py:487} INFO - Filling up the DagBag from /home/airflow/.local/lib/python3.6/site-packages/airflow/example_dags/example_complex.py
[2021-06-28 15:20:52,404] {scheduler_job.py:643} INFO - DAG(s) dict_keys(['example_complex']) retrieved from /home/airflow/.local/lib/python3.6/site-packages/airflow/example_dags/example_complex.py
[2021-06-28 15:20:52,454] {logging_mixin.py:104} INFO - [2021-06-28 15:20:52,453] {dag.py:1832} INFO - Sync 1 DAGs
[2021-06-28 15:20:52,484] {logging_mixin.py:104} INFO - [2021-06-28 15:20:52,484] {dag.py:2305} INFO - Setting next_dagrun for example_complex to None
[2021-06-28 15:20:52,505] {scheduler_job.py:190} INFO - Processing /home/airflow/.local/lib/python3.6/site-packages/airflow/example_dags/example_complex.py took 0.156 seconds
[2021-06-28 15:21:22,695] {scheduler_job.py:182} INFO - Started process (PID=692) to work on /home/airflow/.local/lib/python3.6/site-packages/airflow/example_dags/example_complex.py
[2021-06-28 15:21:22,702] {scheduler_job.py:633} INFO - Processing file /home/airflow/.local/lib/python3.6/site-packages/airflow/example_dags/example_complex.py for tasks to queue
[2021-06-28 15:21:22,706] {logging_mixin.py:104} INFO - [2021-06-28 15:21:22,705] {dagbag.py:487} INFO - Filling up the DagBag from /home/airflow/.local/lib/python3.6/site-packages/airflow/example_dags/example_complex.py
[2021-06-28 15:21:22,739] {scheduler_job.py:643} INFO - DAG(s) dict_keys(['example_complex']) retrieved from /home/airflow/.local/lib/python3.6/site-packages/airflow/example_dags/example_complex.py
[2021-06-28 15:21:22,803] {logging_mixin.py:104} INFO - [2021-06-28 15:21:22,803] {dag.py:1832} INFO - Sync 1 DAGs
[2021-06-28 15:21:22,846] {logging_mixin.py:104} INFO - [2021-06-28 15:21:22,846] {dag.py:2305} INFO - Setting next_dagrun for example_complex to None
[2021-06-28 15:21:22,891] {scheduler_job.py:190} INFO - Processing /home/airflow/.local/lib/python3.6/site-packages/airflow/example_dags/example_complex.py took 0.200 seconds
[2021-06-28 15:21:52,954] {scheduler_job.py:182} INFO - Started process (PID=751) to work on /home/airflow/.local/lib/python3.6/site-packages/airflow/example_dags/example_complex.py
[2021-06-28 15:21:52,957] {scheduler_job.py:633} INFO - Processing file /home/airflow/.local/lib/python3.6/site-packages/airflow/example_dags/example_complex.py for tasks to queue
[2021-06-28 15:21:52,959] {logging_mixin.py:104} INFO - [2021-06-28 15:21:52,958] {dagbag.py:487} INFO - Filling up the DagBag from /home/airflow/.local/lib/python3.6/site-packages/airflow/example_dags/example_complex.py
[2021-06-28 15:21:52,999] {scheduler_job.py:643} INFO - DAG(s) dict_keys(['example_complex']) retrieved from /home/airflow/.local/lib/python3.6/site-packages/airflow/example_dags/example_complex.py
[2021-06-28 15:21:53,045] {logging_mixin.py:104} INFO - [2021-06-28 15:21:53,044] {dag.py:1832} INFO - Sync 1 DAGs
[2021-06-28 15:21:53,072] {logging_mixin.py:104} INFO - [2021-06-28 15:21:53,072] {dag.py:2305} INFO - Setting next_dagrun for example_complex to None
[2021-06-28 15:21:53,092] {scheduler_job.py:190} INFO - Processing /home/airflow/.local/lib/python3.6/site-packages/airflow/example_dags/example_complex.py took 0.146 seconds
[2021-06-28 15:22:23,784] {scheduler_job.py:182} INFO - Started process (PID=820) to work on /home/airflow/.local/lib/python3.6/site-packages/airflow/example_dags/example_complex.py
[2021-06-28 15:22:23,787] {scheduler_job.py:633} INFO - Processing file /home/airflow/.local/lib/python3.6/site-packages/airflow/example_dags/example_complex.py for tasks to queue
[2021-06-28 15:22:23,788] {logging_mixin.py:104} INFO - [2021-06-28 15:22:23,788] {dagbag.py:487} INFO - Filling up the DagBag from /home/airflow/.local/lib/python3.6/site-packages/airflow/example_dags/example_complex.py
[2021-06-28 15:22:23,878] {scheduler_job.py:643} INFO - DAG(s) dict_keys(['example_complex']) retrieved from /home/airflow/.local/lib/python3.6/site-packages/airflow/example_dags/example_complex.py
[2021-06-28 15:22:24,012] {logging_mixin.py:104} INFO - [2021-06-28 15:22:24,012] {dag.py:1832} INFO - Sync 1 DAGs
[2021-06-28 15:22:24,084] {logging_mixin.py:104} INFO - [2021-06-28 15:22:24,084] {dag.py:2305} INFO - Setting next_dagrun for example_complex to None
[2021-06-28 15:22:24,113] {scheduler_job.py:190} INFO - Processing /home/airflow/.local/lib/python3.6/site-packages/airflow/example_dags/example_complex.py took 0.340 seconds
[2021-06-28 15:22:54,148] {scheduler_job.py:182} INFO - Started process (PID=876) to work on /home/airflow/.local/lib/python3.6/site-packages/airflow/example_dags/example_complex.py
[2021-06-28 15:22:54,150] {scheduler_job.py:633} INFO - Processing file /home/airflow/.local/lib/python3.6/site-packages/airflow/example_dags/example_complex.py for tasks to queue
[2021-06-28 15:22:54,151] {logging_mixin.py:104} INFO - [2021-06-28 15:22:54,151] {dagbag.py:487} INFO - Filling up the DagBag from /home/airflow/.local/lib/python3.6/site-packages/airflow/example_dags/example_complex.py
[2021-06-28 15:22:54,185] {scheduler_job.py:643} INFO - DAG(s) dict_keys(['example_complex']) retrieved from /home/airflow/.local/lib/python3.6/site-packages/airflow/example_dags/example_complex.py
[2021-06-28 15:22:54,238] {logging_mixin.py:104} INFO - [2021-06-28 15:22:54,238] {dag.py:1832} INFO - Sync 1 DAGs
[2021-06-28 15:22:54,290] {logging_mixin.py:104} INFO - [2021-06-28 15:22:54,290] {dag.py:2305} INFO - Setting next_dagrun for example_complex to None
[2021-06-28 15:22:54,320] {scheduler_job.py:190} INFO - Processing /home/airflow/.local/lib/python3.6/site-packages/airflow/example_dags/example_complex.py took 0.176 seconds
[2021-06-28 15:23:24,473] {scheduler_job.py:182} INFO - Started process (PID=937) to work on /home/airflow/.local/lib/python3.6/site-packages/airflow/example_dags/example_complex.py
[2021-06-28 15:23:24,474] {scheduler_job.py:633} INFO - Processing file /home/airflow/.local/lib/python3.6/site-packages/airflow/example_dags/example_complex.py for tasks to queue
[2021-06-28 15:23:24,487] {logging_mixin.py:104} INFO - [2021-06-28 15:23:24,486] {dagbag.py:487} INFO - Filling up the DagBag from /home/airflow/.local/lib/python3.6/site-packages/airflow/example_dags/example_complex.py
[2021-06-28 15:23:24,569] {scheduler_job.py:643} INFO - DAG(s) dict_keys(['example_complex']) retrieved from /home/airflow/.local/lib/python3.6/site-packages/airflow/example_dags/example_complex.py
[2021-06-28 15:23:24,659] {logging_mixin.py:104} INFO - [2021-06-28 15:23:24,659] {dag.py:1832} INFO - Sync 1 DAGs
[2021-06-28 15:23:24,708] {logging_mixin.py:104} INFO - [2021-06-28 15:23:24,708] {dag.py:2305} INFO - Setting next_dagrun for example_complex to None
[2021-06-28 15:23:24,758] {scheduler_job.py:190} INFO - Processing /home/airflow/.local/lib/python3.6/site-packages/airflow/example_dags/example_complex.py took 0.302 seconds
[2021-06-28 15:23:54,924] {scheduler_job.py:182} INFO - Started process (PID=1000) to work on /home/airflow/.local/lib/python3.6/site-packages/airflow/example_dags/example_complex.py
[2021-06-28 15:23:54,931] {scheduler_job.py:633} INFO - Processing file /home/airflow/.local/lib/python3.6/site-packages/airflow/example_dags/example_complex.py for tasks to queue
[2021-06-28 15:23:54,933] {logging_mixin.py:104} INFO - [2021-06-28 15:23:54,933] {dagbag.py:487} INFO - Filling up the DagBag from /home/airflow/.local/lib/python3.6/site-packages/airflow/example_dags/example_complex.py
[2021-06-28 15:23:54,967] {scheduler_job.py:643} INFO - DAG(s) dict_keys(['example_complex']) retrieved from /home/airflow/.local/lib/python3.6/site-packages/airflow/example_dags/example_complex.py
[2021-06-28 15:23:55,028] {logging_mixin.py:104} INFO - [2021-06-28 15:23:55,028] {dag.py:1832} INFO - Sync 1 DAGs
[2021-06-28 15:23:55,053] {logging_mixin.py:104} INFO - [2021-06-28 15:23:55,052] {dag.py:2305} INFO - Setting next_dagrun for example_complex to None
[2021-06-28 15:23:55,083] {scheduler_job.py:190} INFO - Processing /home/airflow/.local/lib/python3.6/site-packages/airflow/example_dags/example_complex.py took 0.171 seconds
[2021-06-28 15:24:25,671] {scheduler_job.py:182} INFO - Started process (PID=1060) to work on /home/airflow/.local/lib/python3.6/site-packages/airflow/example_dags/example_complex.py
[2021-06-28 15:24:25,673] {scheduler_job.py:633} INFO - Processing file /home/airflow/.local/lib/python3.6/site-packages/airflow/example_dags/example_complex.py for tasks to queue
[2021-06-28 15:24:25,680] {logging_mixin.py:104} INFO - [2021-06-28 15:24:25,680] {dagbag.py:487} INFO - Filling up the DagBag from /home/airflow/.local/lib/python3.6/site-packages/airflow/example_dags/example_complex.py
[2021-06-28 15:24:25,733] {scheduler_job.py:643} INFO - DAG(s) dict_keys(['example_complex']) retrieved from /home/airflow/.local/lib/python3.6/site-packages/airflow/example_dags/example_complex.py
[2021-06-28 15:24:25,780] {logging_mixin.py:104} INFO - [2021-06-28 15:24:25,780] {dag.py:1832} INFO - Sync 1 DAGs
[2021-06-28 15:24:25,808] {logging_mixin.py:104} INFO - [2021-06-28 15:24:25,808] {dag.py:2305} INFO - Setting next_dagrun for example_complex to None
[2021-06-28 15:24:25,828] {scheduler_job.py:190} INFO - Processing /home/airflow/.local/lib/python3.6/site-packages/airflow/example_dags/example_complex.py took 0.161 seconds
[2021-06-28 15:24:56,025] {scheduler_job.py:182} INFO - Started process (PID=1120) to work on /home/airflow/.local/lib/python3.6/site-packages/airflow/example_dags/example_complex.py
[2021-06-28 15:24:56,026] {scheduler_job.py:633} INFO - Processing file /home/airflow/.local/lib/python3.6/site-packages/airflow/example_dags/example_complex.py for tasks to queue
[2021-06-28 15:24:56,027] {logging_mixin.py:104} INFO - [2021-06-28 15:24:56,027] {dagbag.py:487} INFO - Filling up the DagBag from /home/airflow/.local/lib/python3.6/site-packages/airflow/example_dags/example_complex.py
[2021-06-28 15:24:56,064] {scheduler_job.py:643} INFO - DAG(s) dict_keys(['example_complex']) retrieved from /home/airflow/.local/lib/python3.6/site-packages/airflow/example_dags/example_complex.py
[2021-06-28 15:24:56,106] {logging_mixin.py:104} INFO - [2021-06-28 15:24:56,106] {dag.py:1832} INFO - Sync 1 DAGs
[2021-06-28 15:24:56,138] {logging_mixin.py:104} INFO - [2021-06-28 15:24:56,138] {dag.py:2305} INFO - Setting next_dagrun for example_complex to None
[2021-06-28 15:24:56,157] {scheduler_job.py:190} INFO - Processing /home/airflow/.local/lib/python3.6/site-packages/airflow/example_dags/example_complex.py took 0.138 seconds
[2021-06-28 15:25:26,492] {scheduler_job.py:182} INFO - Started process (PID=1193) to work on /home/airflow/.local/lib/python3.6/site-packages/airflow/example_dags/example_complex.py
[2021-06-28 15:25:26,495] {scheduler_job.py:633} INFO - Processing file /home/airflow/.local/lib/python3.6/site-packages/airflow/example_dags/example_complex.py for tasks to queue
[2021-06-28 15:25:26,497] {logging_mixin.py:104} INFO - [2021-06-28 15:25:26,496] {dagbag.py:487} INFO - Filling up the DagBag from /home/airflow/.local/lib/python3.6/site-packages/airflow/example_dags/example_complex.py
[2021-06-28 15:25:26,577] {scheduler_job.py:643} INFO - DAG(s) dict_keys(['example_complex']) retrieved from /home/airflow/.local/lib/python3.6/site-packages/airflow/example_dags/example_complex.py
[2021-06-28 15:25:26,643] {logging_mixin.py:104} INFO - [2021-06-28 15:25:26,643] {dag.py:1832} INFO - Sync 1 DAGs
[2021-06-28 15:25:26,686] {logging_mixin.py:104} INFO - [2021-06-28 15:25:26,686] {dag.py:2305} INFO - Setting next_dagrun for example_complex to None
[2021-06-28 15:25:26,712] {scheduler_job.py:190} INFO - Processing /home/airflow/.local/lib/python3.6/site-packages/airflow/example_dags/example_complex.py took 0.234 seconds
[2021-06-28 15:25:57,101] {scheduler_job.py:182} INFO - Started process (PID=1253) to work on /home/airflow/.local/lib/python3.6/site-packages/airflow/example_dags/example_complex.py
[2021-06-28 15:25:57,106] {scheduler_job.py:633} INFO - Processing file /home/airflow/.local/lib/python3.6/site-packages/airflow/example_dags/example_complex.py for tasks to queue
[2021-06-28 15:25:57,112] {logging_mixin.py:104} INFO - [2021-06-28 15:25:57,107] {dagbag.py:487} INFO - Filling up the DagBag from /home/airflow/.local/lib/python3.6/site-packages/airflow/example_dags/example_complex.py
[2021-06-28 15:25:57,163] {scheduler_job.py:643} INFO - DAG(s) dict_keys(['example_complex']) retrieved from /home/airflow/.local/lib/python3.6/site-packages/airflow/example_dags/example_complex.py
[2021-06-28 15:25:57,253] {logging_mixin.py:104} INFO - [2021-06-28 15:25:57,253] {dag.py:1832} INFO - Sync 1 DAGs
[2021-06-28 15:25:57,315] {logging_mixin.py:104} INFO - [2021-06-28 15:25:57,315] {dag.py:2305} INFO - Setting next_dagrun for example_complex to None
[2021-06-28 15:25:57,356] {scheduler_job.py:190} INFO - Processing /home/airflow/.local/lib/python3.6/site-packages/airflow/example_dags/example_complex.py took 0.260 seconds
[2021-06-28 15:26:28,001] {scheduler_job.py:182} INFO - Started process (PID=1312) to work on /home/airflow/.local/lib/python3.6/site-packages/airflow/example_dags/example_complex.py
[2021-06-28 15:26:28,010] {scheduler_job.py:633} INFO - Processing file /home/airflow/.local/lib/python3.6/site-packages/airflow/example_dags/example_complex.py for tasks to queue
[2021-06-28 15:26:28,011] {logging_mixin.py:104} INFO - [2021-06-28 15:26:28,011] {dagbag.py:487} INFO - Filling up the DagBag from /home/airflow/.local/lib/python3.6/site-packages/airflow/example_dags/example_complex.py
[2021-06-28 15:26:28,045] {scheduler_job.py:643} INFO - DAG(s) dict_keys(['example_complex']) retrieved from /home/airflow/.local/lib/python3.6/site-packages/airflow/example_dags/example_complex.py
[2021-06-28 15:26:28,094] {logging_mixin.py:104} INFO - [2021-06-28 15:26:28,094] {dag.py:1832} INFO - Sync 1 DAGs
[2021-06-28 15:26:28,119] {logging_mixin.py:104} INFO - [2021-06-28 15:26:28,119] {dag.py:2305} INFO - Setting next_dagrun for example_complex to None
[2021-06-28 15:26:28,139] {scheduler_job.py:190} INFO - Processing /home/airflow/.local/lib/python3.6/site-packages/airflow/example_dags/example_complex.py took 0.143 seconds
[2021-06-28 15:26:58,416] {scheduler_job.py:182} INFO - Started process (PID=1372) to work on /home/airflow/.local/lib/python3.6/site-packages/airflow/example_dags/example_complex.py
[2021-06-28 15:26:58,418] {scheduler_job.py:633} INFO - Processing file /home/airflow/.local/lib/python3.6/site-packages/airflow/example_dags/example_complex.py for tasks to queue
[2021-06-28 15:26:58,423] {logging_mixin.py:104} INFO - [2021-06-28 15:26:58,420] {dagbag.py:487} INFO - Filling up the DagBag from /home/airflow/.local/lib/python3.6/site-packages/airflow/example_dags/example_complex.py
[2021-06-28 15:26:58,471] {scheduler_job.py:643} INFO - DAG(s) dict_keys(['example_complex']) retrieved from /home/airflow/.local/lib/python3.6/site-packages/airflow/example_dags/example_complex.py
[2021-06-28 15:26:58,550] {logging_mixin.py:104} INFO - [2021-06-28 15:26:58,550] {dag.py:1832} INFO - Sync 1 DAGs
[2021-06-28 15:26:58,590] {logging_mixin.py:104} INFO - [2021-06-28 15:26:58,590] {dag.py:2305} INFO - Setting next_dagrun for example_complex to None
[2021-06-28 15:26:58,624] {scheduler_job.py:190} INFO - Processing /home/airflow/.local/lib/python3.6/site-packages/airflow/example_dags/example_complex.py took 0.212 seconds
[2021-06-28 15:27:29,451] {scheduler_job.py:182} INFO - Started process (PID=1432) to work on /home/airflow/.local/lib/python3.6/site-packages/airflow/example_dags/example_complex.py
[2021-06-28 15:27:29,453] {scheduler_job.py:633} INFO - Processing file /home/airflow/.local/lib/python3.6/site-packages/airflow/example_dags/example_complex.py for tasks to queue
[2021-06-28 15:27:29,454] {logging_mixin.py:104} INFO - [2021-06-28 15:27:29,454] {dagbag.py:487} INFO - Filling up the DagBag from /home/airflow/.local/lib/python3.6/site-packages/airflow/example_dags/example_complex.py
[2021-06-28 15:27:29,487] {scheduler_job.py:643} INFO - DAG(s) dict_keys(['example_complex']) retrieved from /home/airflow/.local/lib/python3.6/site-packages/airflow/example_dags/example_complex.py
[2021-06-28 15:27:29,534] {logging_mixin.py:104} INFO - [2021-06-28 15:27:29,534] {dag.py:1832} INFO - Sync 1 DAGs
[2021-06-28 15:27:29,562] {logging_mixin.py:104} INFO - [2021-06-28 15:27:29,562] {dag.py:2305} INFO - Setting next_dagrun for example_complex to None
[2021-06-28 15:27:29,587] {scheduler_job.py:190} INFO - Processing /home/airflow/.local/lib/python3.6/site-packages/airflow/example_dags/example_complex.py took 0.140 seconds
[2021-06-28 15:28:00,099] {scheduler_job.py:182} INFO - Started process (PID=1505) to work on /home/airflow/.local/lib/python3.6/site-packages/airflow/example_dags/example_complex.py
[2021-06-28 15:28:00,102] {scheduler_job.py:633} INFO - Processing file /home/airflow/.local/lib/python3.6/site-packages/airflow/example_dags/example_complex.py for tasks to queue
[2021-06-28 15:28:00,103] {logging_mixin.py:104} INFO - [2021-06-28 15:28:00,103] {dagbag.py:487} INFO - Filling up the DagBag from /home/airflow/.local/lib/python3.6/site-packages/airflow/example_dags/example_complex.py
[2021-06-28 15:28:00,152] {scheduler_job.py:643} INFO - DAG(s) dict_keys(['example_complex']) retrieved from /home/airflow/.local/lib/python3.6/site-packages/airflow/example_dags/example_complex.py
[2021-06-28 15:28:00,282] {logging_mixin.py:104} INFO - [2021-06-28 15:28:00,281] {dag.py:1832} INFO - Sync 1 DAGs
[2021-06-28 15:28:00,320] {logging_mixin.py:104} INFO - [2021-06-28 15:28:00,320] {dag.py:2305} INFO - Setting next_dagrun for example_complex to None
[2021-06-28 15:28:00,366] {scheduler_job.py:190} INFO - Processing /home/airflow/.local/lib/python3.6/site-packages/airflow/example_dags/example_complex.py took 0.271 seconds
[2021-06-28 15:28:31,020] {scheduler_job.py:182} INFO - Started process (PID=1568) to work on /home/airflow/.local/lib/python3.6/site-packages/airflow/example_dags/example_complex.py
[2021-06-28 15:28:31,021] {scheduler_job.py:633} INFO - Processing file /home/airflow/.local/lib/python3.6/site-packages/airflow/example_dags/example_complex.py for tasks to queue
[2021-06-28 15:28:31,022] {logging_mixin.py:104} INFO - [2021-06-28 15:28:31,022] {dagbag.py:487} INFO - Filling up the DagBag from /home/airflow/.local/lib/python3.6/site-packages/airflow/example_dags/example_complex.py
[2021-06-28 15:28:31,096] {scheduler_job.py:643} INFO - DAG(s) dict_keys(['example_complex']) retrieved from /home/airflow/.local/lib/python3.6/site-packages/airflow/example_dags/example_complex.py
[2021-06-28 15:28:31,206] {logging_mixin.py:104} INFO - [2021-06-28 15:28:31,206] {dag.py:1832} INFO - Sync 1 DAGs
[2021-06-28 15:28:31,290] {logging_mixin.py:104} INFO - [2021-06-28 15:28:31,290] {dag.py:2305} INFO - Setting next_dagrun for example_complex to None
[2021-06-28 15:28:31,363] {scheduler_job.py:190} INFO - Processing /home/airflow/.local/lib/python3.6/site-packages/airflow/example_dags/example_complex.py took 0.356 seconds
[2021-06-28 15:29:01,518] {scheduler_job.py:182} INFO - Started process (PID=1628) to work on /home/airflow/.local/lib/python3.6/site-packages/airflow/example_dags/example_complex.py
[2021-06-28 15:29:01,519] {scheduler_job.py:633} INFO - Processing file /home/airflow/.local/lib/python3.6/site-packages/airflow/example_dags/example_complex.py for tasks to queue
[2021-06-28 15:29:01,520] {logging_mixin.py:104} INFO - [2021-06-28 15:29:01,520] {dagbag.py:487} INFO - Filling up the DagBag from /home/airflow/.local/lib/python3.6/site-packages/airflow/example_dags/example_complex.py
[2021-06-28 15:29:01,555] {scheduler_job.py:643} INFO - DAG(s) dict_keys(['example_complex']) retrieved from /home/airflow/.local/lib/python3.6/site-packages/airflow/example_dags/example_complex.py
[2021-06-28 15:29:01,607] {logging_mixin.py:104} INFO - [2021-06-28 15:29:01,606] {dag.py:1832} INFO - Sync 1 DAGs
[2021-06-28 15:29:01,645] {logging_mixin.py:104} INFO - [2021-06-28 15:29:01,645] {dag.py:2305} INFO - Setting next_dagrun for example_complex to None
[2021-06-28 15:29:01,665] {scheduler_job.py:190} INFO - Processing /home/airflow/.local/lib/python3.6/site-packages/airflow/example_dags/example_complex.py took 0.156 seconds
[2021-06-28 15:29:31,885] {scheduler_job.py:182} INFO - Started process (PID=1688) to work on /home/airflow/.local/lib/python3.6/site-packages/airflow/example_dags/example_complex.py
[2021-06-28 15:29:31,891] {scheduler_job.py:633} INFO - Processing file /home/airflow/.local/lib/python3.6/site-packages/airflow/example_dags/example_complex.py for tasks to queue
[2021-06-28 15:29:31,894] {logging_mixin.py:104} INFO - [2021-06-28 15:29:31,893] {dagbag.py:487} INFO - Filling up the DagBag from /home/airflow/.local/lib/python3.6/site-packages/airflow/example_dags/example_complex.py
[2021-06-28 15:29:31,926] {scheduler_job.py:643} INFO - DAG(s) dict_keys(['example_complex']) retrieved from /home/airflow/.local/lib/python3.6/site-packages/airflow/example_dags/example_complex.py
[2021-06-28 15:29:31,972] {logging_mixin.py:104} INFO - [2021-06-28 15:29:31,972] {dag.py:1832} INFO - Sync 1 DAGs
[2021-06-28 15:29:31,997] {logging_mixin.py:104} INFO - [2021-06-28 15:29:31,997] {dag.py:2305} INFO - Setting next_dagrun for example_complex to None
[2021-06-28 15:29:32,026] {scheduler_job.py:190} INFO - Processing /home/airflow/.local/lib/python3.6/site-packages/airflow/example_dags/example_complex.py took 0.145 seconds
[2021-06-28 15:30:02,514] {scheduler_job.py:182} INFO - Started process (PID=1747) to work on /home/airflow/.local/lib/python3.6/site-packages/airflow/example_dags/example_complex.py
[2021-06-28 15:30:02,522] {scheduler_job.py:633} INFO - Processing file /home/airflow/.local/lib/python3.6/site-packages/airflow/example_dags/example_complex.py for tasks to queue
[2021-06-28 15:30:02,524] {logging_mixin.py:104} INFO - [2021-06-28 15:30:02,524] {dagbag.py:487} INFO - Filling up the DagBag from /home/airflow/.local/lib/python3.6/site-packages/airflow/example_dags/example_complex.py
[2021-06-28 15:30:02,582] {scheduler_job.py:643} INFO - DAG(s) dict_keys(['example_complex']) retrieved from /home/airflow/.local/lib/python3.6/site-packages/airflow/example_dags/example_complex.py
[2021-06-28 15:30:02,654] {logging_mixin.py:104} INFO - [2021-06-28 15:30:02,654] {dag.py:1832} INFO - Sync 1 DAGs
[2021-06-28 15:30:02,695] {logging_mixin.py:104} INFO - [2021-06-28 15:30:02,695] {dag.py:2305} INFO - Setting next_dagrun for example_complex to None
[2021-06-28 15:30:02,729] {scheduler_job.py:190} INFO - Processing /home/airflow/.local/lib/python3.6/site-packages/airflow/example_dags/example_complex.py took 0.220 seconds
[2021-06-28 15:30:32,860] {scheduler_job.py:182} INFO - Started process (PID=1806) to work on /home/airflow/.local/lib/python3.6/site-packages/airflow/example_dags/example_complex.py
[2021-06-28 15:30:32,863] {scheduler_job.py:633} INFO - Processing file /home/airflow/.local/lib/python3.6/site-packages/airflow/example_dags/example_complex.py for tasks to queue
[2021-06-28 15:30:32,865] {logging_mixin.py:104} INFO - [2021-06-28 15:30:32,864] {dagbag.py:487} INFO - Filling up the DagBag from /home/airflow/.local/lib/python3.6/site-packages/airflow/example_dags/example_complex.py
[2021-06-28 15:30:32,921] {scheduler_job.py:643} INFO - DAG(s) dict_keys(['example_complex']) retrieved from /home/airflow/.local/lib/python3.6/site-packages/airflow/example_dags/example_complex.py
[2021-06-28 15:30:32,983] {logging_mixin.py:104} INFO - [2021-06-28 15:30:32,982] {dag.py:1832} INFO - Sync 1 DAGs
[2021-06-28 15:30:33,013] {logging_mixin.py:104} INFO - [2021-06-28 15:30:33,013] {dag.py:2305} INFO - Setting next_dagrun for example_complex to None
[2021-06-28 15:30:33,056] {scheduler_job.py:190} INFO - Processing /home/airflow/.local/lib/python3.6/site-packages/airflow/example_dags/example_complex.py took 0.202 seconds
[2021-06-28 15:31:03,338] {scheduler_job.py:182} INFO - Started process (PID=1868) to work on /home/airflow/.local/lib/python3.6/site-packages/airflow/example_dags/example_complex.py
[2021-06-28 15:31:03,343] {scheduler_job.py:633} INFO - Processing file /home/airflow/.local/lib/python3.6/site-packages/airflow/example_dags/example_complex.py for tasks to queue
[2021-06-28 15:31:03,352] {logging_mixin.py:104} INFO - [2021-06-28 15:31:03,343] {dagbag.py:487} INFO - Filling up the DagBag from /home/airflow/.local/lib/python3.6/site-packages/airflow/example_dags/example_complex.py
[2021-06-28 15:31:03,444] {scheduler_job.py:643} INFO - DAG(s) dict_keys(['example_complex']) retrieved from /home/airflow/.local/lib/python3.6/site-packages/airflow/example_dags/example_complex.py
[2021-06-28 15:31:03,538] {logging_mixin.py:104} INFO - [2021-06-28 15:31:03,538] {dag.py:1832} INFO - Sync 1 DAGs
[2021-06-28 15:31:03,565] {logging_mixin.py:104} INFO - [2021-06-28 15:31:03,565] {dag.py:2305} INFO - Setting next_dagrun for example_complex to None
[2021-06-28 15:31:03,582] {scheduler_job.py:190} INFO - Processing /home/airflow/.local/lib/python3.6/site-packages/airflow/example_dags/example_complex.py took 0.255 seconds
[2021-06-28 15:31:33,894] {scheduler_job.py:182} INFO - Started process (PID=1936) to work on /home/airflow/.local/lib/python3.6/site-packages/airflow/example_dags/example_complex.py
[2021-06-28 15:31:33,901] {scheduler_job.py:633} INFO - Processing file /home/airflow/.local/lib/python3.6/site-packages/airflow/example_dags/example_complex.py for tasks to queue
[2021-06-28 15:31:33,904] {logging_mixin.py:104} INFO - [2021-06-28 15:31:33,904] {dagbag.py:487} INFO - Filling up the DagBag from /home/airflow/.local/lib/python3.6/site-packages/airflow/example_dags/example_complex.py
[2021-06-28 15:31:33,962] {scheduler_job.py:643} INFO - DAG(s) dict_keys(['example_complex']) retrieved from /home/airflow/.local/lib/python3.6/site-packages/airflow/example_dags/example_complex.py
[2021-06-28 15:31:34,061] {logging_mixin.py:104} INFO - [2021-06-28 15:31:34,060] {dag.py:1832} INFO - Sync 1 DAGs
[2021-06-28 15:31:34,148] {logging_mixin.py:104} INFO - [2021-06-28 15:31:34,148] {dag.py:2305} INFO - Setting next_dagrun for example_complex to None
[2021-06-28 15:31:34,193] {scheduler_job.py:190} INFO - Processing /home/airflow/.local/lib/python3.6/site-packages/airflow/example_dags/example_complex.py took 0.324 seconds
[2021-06-28 15:33:52,744] {scheduler_job.py:182} INFO - Started process (PID=46) to work on /home/airflow/.local/lib/python3.6/site-packages/airflow/example_dags/example_complex.py
[2021-06-28 15:33:52,785] {scheduler_job.py:633} INFO - Processing file /home/airflow/.local/lib/python3.6/site-packages/airflow/example_dags/example_complex.py for tasks to queue
[2021-06-28 15:33:52,786] {logging_mixin.py:104} INFO - [2021-06-28 15:33:52,785] {dagbag.py:487} INFO - Filling up the DagBag from /home/airflow/.local/lib/python3.6/site-packages/airflow/example_dags/example_complex.py
[2021-06-28 15:33:53,016] {scheduler_job.py:643} INFO - DAG(s) dict_keys(['example_complex']) retrieved from /home/airflow/.local/lib/python3.6/site-packages/airflow/example_dags/example_complex.py
[2021-06-28 15:33:53,176] {logging_mixin.py:104} INFO - [2021-06-28 15:33:53,175] {dag.py:1832} INFO - Sync 1 DAGs
[2021-06-28 15:33:53,304] {logging_mixin.py:104} INFO - [2021-06-28 15:33:53,304] {dag.py:2305} INFO - Setting next_dagrun for example_complex to None
[2021-06-28 15:33:53,358] {scheduler_job.py:190} INFO - Processing /home/airflow/.local/lib/python3.6/site-packages/airflow/example_dags/example_complex.py took 0.673 seconds
[2021-06-28 15:34:23,781] {scheduler_job.py:182} INFO - Started process (PID=101) to work on /home/airflow/.local/lib/python3.6/site-packages/airflow/example_dags/example_complex.py
[2021-06-28 15:34:23,783] {scheduler_job.py:633} INFO - Processing file /home/airflow/.local/lib/python3.6/site-packages/airflow/example_dags/example_complex.py for tasks to queue
[2021-06-28 15:34:23,784] {logging_mixin.py:104} INFO - [2021-06-28 15:34:23,784] {dagbag.py:487} INFO - Filling up the DagBag from /home/airflow/.local/lib/python3.6/site-packages/airflow/example_dags/example_complex.py
[2021-06-28 15:34:24,005] {scheduler_job.py:643} INFO - DAG(s) dict_keys(['example_complex']) retrieved from /home/airflow/.local/lib/python3.6/site-packages/airflow/example_dags/example_complex.py
[2021-06-28 15:34:24,240] {logging_mixin.py:104} INFO - [2021-06-28 15:34:24,239] {dag.py:1832} INFO - Sync 1 DAGs
[2021-06-28 15:34:24,456] {logging_mixin.py:104} INFO - [2021-06-28 15:34:24,456] {dag.py:2305} INFO - Setting next_dagrun for example_complex to None
[2021-06-28 15:34:24,590] {scheduler_job.py:190} INFO - Processing /home/airflow/.local/lib/python3.6/site-packages/airflow/example_dags/example_complex.py took 0.824 seconds
[2021-06-28 15:34:54,888] {scheduler_job.py:182} INFO - Started process (PID=152) to work on /home/airflow/.local/lib/python3.6/site-packages/airflow/example_dags/example_complex.py
[2021-06-28 15:34:54,889] {scheduler_job.py:633} INFO - Processing file /home/airflow/.local/lib/python3.6/site-packages/airflow/example_dags/example_complex.py for tasks to queue
[2021-06-28 15:34:54,890] {logging_mixin.py:104} INFO - [2021-06-28 15:34:54,890] {dagbag.py:487} INFO - Filling up the DagBag from /home/airflow/.local/lib/python3.6/site-packages/airflow/example_dags/example_complex.py
[2021-06-28 15:34:54,912] {scheduler_job.py:643} INFO - DAG(s) dict_keys(['example_complex']) retrieved from /home/airflow/.local/lib/python3.6/site-packages/airflow/example_dags/example_complex.py
[2021-06-28 15:34:54,938] {logging_mixin.py:104} INFO - [2021-06-28 15:34:54,938] {dag.py:1832} INFO - Sync 1 DAGs
[2021-06-28 15:34:54,954] {logging_mixin.py:104} INFO - [2021-06-28 15:34:54,954] {dag.py:2305} INFO - Setting next_dagrun for example_complex to None
[2021-06-28 15:34:54,967] {scheduler_job.py:190} INFO - Processing /home/airflow/.local/lib/python3.6/site-packages/airflow/example_dags/example_complex.py took 0.081 seconds
[2021-06-28 15:35:25,208] {scheduler_job.py:182} INFO - Started process (PID=212) to work on /home/airflow/.local/lib/python3.6/site-packages/airflow/example_dags/example_complex.py
[2021-06-28 15:35:25,215] {scheduler_job.py:633} INFO - Processing file /home/airflow/.local/lib/python3.6/site-packages/airflow/example_dags/example_complex.py for tasks to queue
[2021-06-28 15:35:25,216] {logging_mixin.py:104} INFO - [2021-06-28 15:35:25,216] {dagbag.py:487} INFO - Filling up the DagBag from /home/airflow/.local/lib/python3.6/site-packages/airflow/example_dags/example_complex.py
[2021-06-28 15:35:25,303] {scheduler_job.py:643} INFO - DAG(s) dict_keys(['example_complex']) retrieved from /home/airflow/.local/lib/python3.6/site-packages/airflow/example_dags/example_complex.py
[2021-06-28 15:35:25,375] {logging_mixin.py:104} INFO - [2021-06-28 15:35:25,374] {dag.py:1832} INFO - Sync 1 DAGs
[2021-06-28 15:35:25,410] {logging_mixin.py:104} INFO - [2021-06-28 15:35:25,409] {dag.py:2305} INFO - Setting next_dagrun for example_complex to None
[2021-06-28 15:35:25,435] {scheduler_job.py:190} INFO - Processing /home/airflow/.local/lib/python3.6/site-packages/airflow/example_dags/example_complex.py took 0.232 seconds
[2021-06-28 15:35:56,099] {scheduler_job.py:182} INFO - Started process (PID=276) to work on /home/airflow/.local/lib/python3.6/site-packages/airflow/example_dags/example_complex.py
[2021-06-28 15:35:56,101] {scheduler_job.py:633} INFO - Processing file /home/airflow/.local/lib/python3.6/site-packages/airflow/example_dags/example_complex.py for tasks to queue
[2021-06-28 15:35:56,102] {logging_mixin.py:104} INFO - [2021-06-28 15:35:56,102] {dagbag.py:487} INFO - Filling up the DagBag from /home/airflow/.local/lib/python3.6/site-packages/airflow/example_dags/example_complex.py
[2021-06-28 15:35:56,134] {scheduler_job.py:643} INFO - DAG(s) dict_keys(['example_complex']) retrieved from /home/airflow/.local/lib/python3.6/site-packages/airflow/example_dags/example_complex.py
[2021-06-28 15:35:56,188] {logging_mixin.py:104} INFO - [2021-06-28 15:35:56,188] {dag.py:1832} INFO - Sync 1 DAGs
[2021-06-28 15:35:56,227] {logging_mixin.py:104} INFO - [2021-06-28 15:35:56,227] {dag.py:2305} INFO - Setting next_dagrun for example_complex to None
[2021-06-28 15:35:56,262] {scheduler_job.py:190} INFO - Processing /home/airflow/.local/lib/python3.6/site-packages/airflow/example_dags/example_complex.py took 0.168 seconds
[2021-06-28 15:36:26,546] {scheduler_job.py:182} INFO - Started process (PID=336) to work on /home/airflow/.local/lib/python3.6/site-packages/airflow/example_dags/example_complex.py
[2021-06-28 15:36:26,547] {scheduler_job.py:633} INFO - Processing file /home/airflow/.local/lib/python3.6/site-packages/airflow/example_dags/example_complex.py for tasks to queue
[2021-06-28 15:36:26,548] {logging_mixin.py:104} INFO - [2021-06-28 15:36:26,548] {dagbag.py:487} INFO - Filling up the DagBag from /home/airflow/.local/lib/python3.6/site-packages/airflow/example_dags/example_complex.py
[2021-06-28 15:36:26,601] {scheduler_job.py:643} INFO - DAG(s) dict_keys(['example_complex']) retrieved from /home/airflow/.local/lib/python3.6/site-packages/airflow/example_dags/example_complex.py
[2021-06-28 15:36:26,672] {logging_mixin.py:104} INFO - [2021-06-28 15:36:26,672] {dag.py:1832} INFO - Sync 1 DAGs
[2021-06-28 15:36:26,730] {logging_mixin.py:104} INFO - [2021-06-28 15:36:26,730] {dag.py:2305} INFO - Setting next_dagrun for example_complex to None
[2021-06-28 15:36:26,774] {scheduler_job.py:190} INFO - Processing /home/airflow/.local/lib/python3.6/site-packages/airflow/example_dags/example_complex.py took 0.233 seconds
[2021-06-28 15:36:56,879] {scheduler_job.py:182} INFO - Started process (PID=396) to work on /home/airflow/.local/lib/python3.6/site-packages/airflow/example_dags/example_complex.py
[2021-06-28 15:36:56,881] {scheduler_job.py:633} INFO - Processing file /home/airflow/.local/lib/python3.6/site-packages/airflow/example_dags/example_complex.py for tasks to queue
[2021-06-28 15:36:56,887] {logging_mixin.py:104} INFO - [2021-06-28 15:36:56,886] {dagbag.py:487} INFO - Filling up the DagBag from /home/airflow/.local/lib/python3.6/site-packages/airflow/example_dags/example_complex.py
[2021-06-28 15:36:56,925] {scheduler_job.py:643} INFO - DAG(s) dict_keys(['example_complex']) retrieved from /home/airflow/.local/lib/python3.6/site-packages/airflow/example_dags/example_complex.py
[2021-06-28 15:36:57,005] {logging_mixin.py:104} INFO - [2021-06-28 15:36:57,005] {dag.py:1832} INFO - Sync 1 DAGs
[2021-06-28 15:36:57,035] {logging_mixin.py:104} INFO - [2021-06-28 15:36:57,035] {dag.py:2305} INFO - Setting next_dagrun for example_complex to None
[2021-06-28 15:36:57,052] {scheduler_job.py:190} INFO - Processing /home/airflow/.local/lib/python3.6/site-packages/airflow/example_dags/example_complex.py took 0.178 seconds
[2021-06-28 15:37:27,161] {scheduler_job.py:182} INFO - Started process (PID=455) to work on /home/airflow/.local/lib/python3.6/site-packages/airflow/example_dags/example_complex.py
[2021-06-28 15:37:27,165] {scheduler_job.py:633} INFO - Processing file /home/airflow/.local/lib/python3.6/site-packages/airflow/example_dags/example_complex.py for tasks to queue
[2021-06-28 15:37:27,167] {logging_mixin.py:104} INFO - [2021-06-28 15:37:27,167] {dagbag.py:487} INFO - Filling up the DagBag from /home/airflow/.local/lib/python3.6/site-packages/airflow/example_dags/example_complex.py
[2021-06-28 15:37:27,205] {scheduler_job.py:643} INFO - DAG(s) dict_keys(['example_complex']) retrieved from /home/airflow/.local/lib/python3.6/site-packages/airflow/example_dags/example_complex.py
[2021-06-28 15:37:27,255] {logging_mixin.py:104} INFO - [2021-06-28 15:37:27,255] {dag.py:1832} INFO - Sync 1 DAGs
[2021-06-28 15:37:27,280] {logging_mixin.py:104} INFO - [2021-06-28 15:37:27,280] {dag.py:2305} INFO - Setting next_dagrun for example_complex to None
[2021-06-28 15:37:27,294] {scheduler_job.py:190} INFO - Processing /home/airflow/.local/lib/python3.6/site-packages/airflow/example_dags/example_complex.py took 0.138 seconds
[2021-06-28 15:37:57,587] {scheduler_job.py:182} INFO - Started process (PID=525) to work on /home/airflow/.local/lib/python3.6/site-packages/airflow/example_dags/example_complex.py
[2021-06-28 15:37:57,589] {scheduler_job.py:633} INFO - Processing file /home/airflow/.local/lib/python3.6/site-packages/airflow/example_dags/example_complex.py for tasks to queue
[2021-06-28 15:37:57,592] {logging_mixin.py:104} INFO - [2021-06-28 15:37:57,592] {dagbag.py:487} INFO - Filling up the DagBag from /home/airflow/.local/lib/python3.6/site-packages/airflow/example_dags/example_complex.py
[2021-06-28 15:37:57,624] {scheduler_job.py:643} INFO - DAG(s) dict_keys(['example_complex']) retrieved from /home/airflow/.local/lib/python3.6/site-packages/airflow/example_dags/example_complex.py
[2021-06-28 15:37:57,672] {logging_mixin.py:104} INFO - [2021-06-28 15:37:57,672] {dag.py:1832} INFO - Sync 1 DAGs
[2021-06-28 15:37:57,706] {logging_mixin.py:104} INFO - [2021-06-28 15:37:57,706] {dag.py:2305} INFO - Setting next_dagrun for example_complex to None
[2021-06-28 15:37:57,732] {scheduler_job.py:190} INFO - Processing /home/airflow/.local/lib/python3.6/site-packages/airflow/example_dags/example_complex.py took 0.150 seconds
[2021-06-28 15:38:28,125] {scheduler_job.py:182} INFO - Started process (PID=602) to work on /home/airflow/.local/lib/python3.6/site-packages/airflow/example_dags/example_complex.py
[2021-06-28 15:38:28,127] {scheduler_job.py:633} INFO - Processing file /home/airflow/.local/lib/python3.6/site-packages/airflow/example_dags/example_complex.py for tasks to queue
[2021-06-28 15:38:28,129] {logging_mixin.py:104} INFO - [2021-06-28 15:38:28,128] {dagbag.py:487} INFO - Filling up the DagBag from /home/airflow/.local/lib/python3.6/site-packages/airflow/example_dags/example_complex.py
[2021-06-28 15:38:28,185] {scheduler_job.py:643} INFO - DAG(s) dict_keys(['example_complex']) retrieved from /home/airflow/.local/lib/python3.6/site-packages/airflow/example_dags/example_complex.py
[2021-06-28 15:38:28,264] {logging_mixin.py:104} INFO - [2021-06-28 15:38:28,263] {dag.py:1832} INFO - Sync 1 DAGs
[2021-06-28 15:38:28,294] {logging_mixin.py:104} INFO - [2021-06-28 15:38:28,293] {dag.py:2305} INFO - Setting next_dagrun for example_complex to None
[2021-06-28 15:38:28,316] {scheduler_job.py:190} INFO - Processing /home/airflow/.local/lib/python3.6/site-packages/airflow/example_dags/example_complex.py took 0.241 seconds
[2021-06-28 15:38:59,068] {scheduler_job.py:182} INFO - Started process (PID=671) to work on /home/airflow/.local/lib/python3.6/site-packages/airflow/example_dags/example_complex.py
[2021-06-28 15:38:59,083] {scheduler_job.py:633} INFO - Processing file /home/airflow/.local/lib/python3.6/site-packages/airflow/example_dags/example_complex.py for tasks to queue
[2021-06-28 15:38:59,084] {logging_mixin.py:104} INFO - [2021-06-28 15:38:59,084] {dagbag.py:487} INFO - Filling up the DagBag from /home/airflow/.local/lib/python3.6/site-packages/airflow/example_dags/example_complex.py
[2021-06-28 15:38:59,142] {scheduler_job.py:643} INFO - DAG(s) dict_keys(['example_complex']) retrieved from /home/airflow/.local/lib/python3.6/site-packages/airflow/example_dags/example_complex.py
[2021-06-28 15:38:59,219] {logging_mixin.py:104} INFO - [2021-06-28 15:38:59,219] {dag.py:1832} INFO - Sync 1 DAGs
[2021-06-28 15:38:59,248] {logging_mixin.py:104} INFO - [2021-06-28 15:38:59,248] {dag.py:2305} INFO - Setting next_dagrun for example_complex to None
[2021-06-28 15:38:59,309] {scheduler_job.py:190} INFO - Processing /home/airflow/.local/lib/python3.6/site-packages/airflow/example_dags/example_complex.py took 0.245 seconds
[2021-06-28 15:39:29,784] {scheduler_job.py:182} INFO - Started process (PID=734) to work on /home/airflow/.local/lib/python3.6/site-packages/airflow/example_dags/example_complex.py
[2021-06-28 15:39:29,794] {scheduler_job.py:633} INFO - Processing file /home/airflow/.local/lib/python3.6/site-packages/airflow/example_dags/example_complex.py for tasks to queue
[2021-06-28 15:39:29,796] {logging_mixin.py:104} INFO - [2021-06-28 15:39:29,795] {dagbag.py:487} INFO - Filling up the DagBag from /home/airflow/.local/lib/python3.6/site-packages/airflow/example_dags/example_complex.py
[2021-06-28 15:39:29,932] {scheduler_job.py:643} INFO - DAG(s) dict_keys(['example_complex']) retrieved from /home/airflow/.local/lib/python3.6/site-packages/airflow/example_dags/example_complex.py
[2021-06-28 15:39:30,054] {logging_mixin.py:104} INFO - [2021-06-28 15:39:30,054] {dag.py:1832} INFO - Sync 1 DAGs
[2021-06-28 15:39:30,088] {logging_mixin.py:104} INFO - [2021-06-28 15:39:30,088] {dag.py:2305} INFO - Setting next_dagrun for example_complex to None
[2021-06-28 15:39:30,119] {scheduler_job.py:190} INFO - Processing /home/airflow/.local/lib/python3.6/site-packages/airflow/example_dags/example_complex.py took 0.341 seconds
[2021-06-28 15:40:00,683] {scheduler_job.py:182} INFO - Started process (PID=797) to work on /home/airflow/.local/lib/python3.6/site-packages/airflow/example_dags/example_complex.py
[2021-06-28 15:40:00,685] {scheduler_job.py:633} INFO - Processing file /home/airflow/.local/lib/python3.6/site-packages/airflow/example_dags/example_complex.py for tasks to queue
[2021-06-28 15:40:00,686] {logging_mixin.py:104} INFO - [2021-06-28 15:40:00,686] {dagbag.py:487} INFO - Filling up the DagBag from /home/airflow/.local/lib/python3.6/site-packages/airflow/example_dags/example_complex.py
[2021-06-28 15:40:00,760] {scheduler_job.py:643} INFO - DAG(s) dict_keys(['example_complex']) retrieved from /home/airflow/.local/lib/python3.6/site-packages/airflow/example_dags/example_complex.py
[2021-06-28 15:40:00,824] {logging_mixin.py:104} INFO - [2021-06-28 15:40:00,823] {dag.py:1832} INFO - Sync 1 DAGs
[2021-06-28 15:40:00,875] {logging_mixin.py:104} INFO - [2021-06-28 15:40:00,875] {dag.py:2305} INFO - Setting next_dagrun for example_complex to None
[2021-06-28 15:40:00,943] {scheduler_job.py:190} INFO - Processing /home/airflow/.local/lib/python3.6/site-packages/airflow/example_dags/example_complex.py took 0.274 seconds
[2021-06-28 15:40:31,288] {scheduler_job.py:182} INFO - Started process (PID=859) to work on /home/airflow/.local/lib/python3.6/site-packages/airflow/example_dags/example_complex.py
[2021-06-28 15:40:31,292] {scheduler_job.py:633} INFO - Processing file /home/airflow/.local/lib/python3.6/site-packages/airflow/example_dags/example_complex.py for tasks to queue
[2021-06-28 15:40:31,296] {logging_mixin.py:104} INFO - [2021-06-28 15:40:31,296] {dagbag.py:487} INFO - Filling up the DagBag from /home/airflow/.local/lib/python3.6/site-packages/airflow/example_dags/example_complex.py
[2021-06-28 15:40:31,353] {scheduler_job.py:643} INFO - DAG(s) dict_keys(['example_complex']) retrieved from /home/airflow/.local/lib/python3.6/site-packages/airflow/example_dags/example_complex.py
[2021-06-28 15:40:31,430] {logging_mixin.py:104} INFO - [2021-06-28 15:40:31,430] {dag.py:1832} INFO - Sync 1 DAGs
[2021-06-28 15:40:31,461] {logging_mixin.py:104} INFO - [2021-06-28 15:40:31,460] {dag.py:2305} INFO - Setting next_dagrun for example_complex to None
[2021-06-28 15:40:31,502] {scheduler_job.py:190} INFO - Processing /home/airflow/.local/lib/python3.6/site-packages/airflow/example_dags/example_complex.py took 0.229 seconds
[2021-06-28 15:41:02,021] {scheduler_job.py:182} INFO - Started process (PID=930) to work on /home/airflow/.local/lib/python3.6/site-packages/airflow/example_dags/example_complex.py
[2021-06-28 15:41:02,033] {scheduler_job.py:633} INFO - Processing file /home/airflow/.local/lib/python3.6/site-packages/airflow/example_dags/example_complex.py for tasks to queue
[2021-06-28 15:41:02,035] {logging_mixin.py:104} INFO - [2021-06-28 15:41:02,035] {dagbag.py:487} INFO - Filling up the DagBag from /home/airflow/.local/lib/python3.6/site-packages/airflow/example_dags/example_complex.py
[2021-06-28 15:41:02,066] {scheduler_job.py:643} INFO - DAG(s) dict_keys(['example_complex']) retrieved from /home/airflow/.local/lib/python3.6/site-packages/airflow/example_dags/example_complex.py
[2021-06-28 15:41:02,131] {logging_mixin.py:104} INFO - [2021-06-28 15:41:02,131] {dag.py:1832} INFO - Sync 1 DAGs
[2021-06-28 15:41:02,163] {logging_mixin.py:104} INFO - [2021-06-28 15:41:02,163] {dag.py:2305} INFO - Setting next_dagrun for example_complex to None
[2021-06-28 15:41:02,183] {scheduler_job.py:190} INFO - Processing /home/airflow/.local/lib/python3.6/site-packages/airflow/example_dags/example_complex.py took 0.166 seconds
[2021-06-28 15:41:32,374] {scheduler_job.py:182} INFO - Started process (PID=994) to work on /home/airflow/.local/lib/python3.6/site-packages/airflow/example_dags/example_complex.py
[2021-06-28 15:41:32,376] {scheduler_job.py:633} INFO - Processing file /home/airflow/.local/lib/python3.6/site-packages/airflow/example_dags/example_complex.py for tasks to queue
[2021-06-28 15:41:32,377] {logging_mixin.py:104} INFO - [2021-06-28 15:41:32,377] {dagbag.py:487} INFO - Filling up the DagBag from /home/airflow/.local/lib/python3.6/site-packages/airflow/example_dags/example_complex.py
[2021-06-28 15:41:32,430] {scheduler_job.py:643} INFO - DAG(s) dict_keys(['example_complex']) retrieved from /home/airflow/.local/lib/python3.6/site-packages/airflow/example_dags/example_complex.py
[2021-06-28 15:41:32,494] {logging_mixin.py:104} INFO - [2021-06-28 15:41:32,493] {dag.py:1832} INFO - Sync 1 DAGs
[2021-06-28 15:41:32,527] {logging_mixin.py:104} INFO - [2021-06-28 15:41:32,526] {dag.py:2305} INFO - Setting next_dagrun for example_complex to None
[2021-06-28 15:41:32,548] {scheduler_job.py:190} INFO - Processing /home/airflow/.local/lib/python3.6/site-packages/airflow/example_dags/example_complex.py took 0.178 seconds
[2021-06-28 15:42:02,769] {scheduler_job.py:182} INFO - Started process (PID=1054) to work on /home/airflow/.local/lib/python3.6/site-packages/airflow/example_dags/example_complex.py
[2021-06-28 15:42:02,770] {scheduler_job.py:633} INFO - Processing file /home/airflow/.local/lib/python3.6/site-packages/airflow/example_dags/example_complex.py for tasks to queue
[2021-06-28 15:42:02,771] {logging_mixin.py:104} INFO - [2021-06-28 15:42:02,771] {dagbag.py:487} INFO - Filling up the DagBag from /home/airflow/.local/lib/python3.6/site-packages/airflow/example_dags/example_complex.py
[2021-06-28 15:42:02,897] {scheduler_job.py:643} INFO - DAG(s) dict_keys(['example_complex']) retrieved from /home/airflow/.local/lib/python3.6/site-packages/airflow/example_dags/example_complex.py
[2021-06-28 15:42:02,970] {logging_mixin.py:104} INFO - [2021-06-28 15:42:02,970] {dag.py:1832} INFO - Sync 1 DAGs
[2021-06-28 15:42:03,001] {logging_mixin.py:104} INFO - [2021-06-28 15:42:03,001] {dag.py:2305} INFO - Setting next_dagrun for example_complex to None
[2021-06-28 15:42:03,046] {scheduler_job.py:190} INFO - Processing /home/airflow/.local/lib/python3.6/site-packages/airflow/example_dags/example_complex.py took 0.282 seconds
[2021-06-28 15:42:33,131] {scheduler_job.py:182} INFO - Started process (PID=1114) to work on /home/airflow/.local/lib/python3.6/site-packages/airflow/example_dags/example_complex.py
[2021-06-28 15:42:33,133] {scheduler_job.py:633} INFO - Processing file /home/airflow/.local/lib/python3.6/site-packages/airflow/example_dags/example_complex.py for tasks to queue
[2021-06-28 15:42:33,134] {logging_mixin.py:104} INFO - [2021-06-28 15:42:33,134] {dagbag.py:487} INFO - Filling up the DagBag from /home/airflow/.local/lib/python3.6/site-packages/airflow/example_dags/example_complex.py
[2021-06-28 15:42:33,170] {scheduler_job.py:643} INFO - DAG(s) dict_keys(['example_complex']) retrieved from /home/airflow/.local/lib/python3.6/site-packages/airflow/example_dags/example_complex.py
[2021-06-28 15:42:33,216] {logging_mixin.py:104} INFO - [2021-06-28 15:42:33,216] {dag.py:1832} INFO - Sync 1 DAGs
[2021-06-28 15:42:33,263] {logging_mixin.py:104} INFO - [2021-06-28 15:42:33,263] {dag.py:2305} INFO - Setting next_dagrun for example_complex to None
[2021-06-28 15:42:33,295] {scheduler_job.py:190} INFO - Processing /home/airflow/.local/lib/python3.6/site-packages/airflow/example_dags/example_complex.py took 0.172 seconds
[2021-06-28 15:43:03,488] {scheduler_job.py:182} INFO - Started process (PID=1187) to work on /home/airflow/.local/lib/python3.6/site-packages/airflow/example_dags/example_complex.py
[2021-06-28 15:43:03,498] {scheduler_job.py:633} INFO - Processing file /home/airflow/.local/lib/python3.6/site-packages/airflow/example_dags/example_complex.py for tasks to queue
[2021-06-28 15:43:03,499] {logging_mixin.py:104} INFO - [2021-06-28 15:43:03,499] {dagbag.py:487} INFO - Filling up the DagBag from /home/airflow/.local/lib/python3.6/site-packages/airflow/example_dags/example_complex.py
[2021-06-28 15:43:03,552] {scheduler_job.py:643} INFO - DAG(s) dict_keys(['example_complex']) retrieved from /home/airflow/.local/lib/python3.6/site-packages/airflow/example_dags/example_complex.py
[2021-06-28 15:43:03,622] {logging_mixin.py:104} INFO - [2021-06-28 15:43:03,622] {dag.py:1832} INFO - Sync 1 DAGs
[2021-06-28 15:43:03,649] {logging_mixin.py:104} INFO - [2021-06-28 15:43:03,649] {dag.py:2305} INFO - Setting next_dagrun for example_complex to None
[2021-06-28 15:43:03,681] {scheduler_job.py:190} INFO - Processing /home/airflow/.local/lib/python3.6/site-packages/airflow/example_dags/example_complex.py took 0.216 seconds
[2021-06-28 15:43:33,832] {scheduler_job.py:182} INFO - Started process (PID=1244) to work on /home/airflow/.local/lib/python3.6/site-packages/airflow/example_dags/example_complex.py
[2021-06-28 15:43:33,839] {scheduler_job.py:633} INFO - Processing file /home/airflow/.local/lib/python3.6/site-packages/airflow/example_dags/example_complex.py for tasks to queue
[2021-06-28 15:43:33,840] {logging_mixin.py:104} INFO - [2021-06-28 15:43:33,840] {dagbag.py:487} INFO - Filling up the DagBag from /home/airflow/.local/lib/python3.6/site-packages/airflow/example_dags/example_complex.py
[2021-06-28 15:43:33,874] {scheduler_job.py:643} INFO - DAG(s) dict_keys(['example_complex']) retrieved from /home/airflow/.local/lib/python3.6/site-packages/airflow/example_dags/example_complex.py
[2021-06-28 15:43:33,930] {logging_mixin.py:104} INFO - [2021-06-28 15:43:33,930] {dag.py:1832} INFO - Sync 1 DAGs
[2021-06-28 15:43:33,957] {logging_mixin.py:104} INFO - [2021-06-28 15:43:33,957] {dag.py:2305} INFO - Setting next_dagrun for example_complex to None
[2021-06-28 15:43:33,972] {scheduler_job.py:190} INFO - Processing /home/airflow/.local/lib/python3.6/site-packages/airflow/example_dags/example_complex.py took 0.152 seconds
[2021-06-28 15:44:04,331] {scheduler_job.py:182} INFO - Started process (PID=1303) to work on /home/airflow/.local/lib/python3.6/site-packages/airflow/example_dags/example_complex.py
[2021-06-28 15:44:04,334] {scheduler_job.py:633} INFO - Processing file /home/airflow/.local/lib/python3.6/site-packages/airflow/example_dags/example_complex.py for tasks to queue
[2021-06-28 15:44:04,335] {logging_mixin.py:104} INFO - [2021-06-28 15:44:04,335] {dagbag.py:487} INFO - Filling up the DagBag from /home/airflow/.local/lib/python3.6/site-packages/airflow/example_dags/example_complex.py
[2021-06-28 15:44:04,379] {scheduler_job.py:643} INFO - DAG(s) dict_keys(['example_complex']) retrieved from /home/airflow/.local/lib/python3.6/site-packages/airflow/example_dags/example_complex.py
[2021-06-28 15:44:04,433] {logging_mixin.py:104} INFO - [2021-06-28 15:44:04,432] {dag.py:1832} INFO - Sync 1 DAGs
[2021-06-28 15:44:04,477] {logging_mixin.py:104} INFO - [2021-06-28 15:44:04,476] {dag.py:2305} INFO - Setting next_dagrun for example_complex to None
[2021-06-28 15:44:04,496] {scheduler_job.py:190} INFO - Processing /home/airflow/.local/lib/python3.6/site-packages/airflow/example_dags/example_complex.py took 0.170 seconds
[2021-06-28 15:44:34,805] {scheduler_job.py:182} INFO - Started process (PID=1363) to work on /home/airflow/.local/lib/python3.6/site-packages/airflow/example_dags/example_complex.py
[2021-06-28 15:44:34,808] {scheduler_job.py:633} INFO - Processing file /home/airflow/.local/lib/python3.6/site-packages/airflow/example_dags/example_complex.py for tasks to queue
[2021-06-28 15:44:34,811] {logging_mixin.py:104} INFO - [2021-06-28 15:44:34,811] {dagbag.py:487} INFO - Filling up the DagBag from /home/airflow/.local/lib/python3.6/site-packages/airflow/example_dags/example_complex.py
[2021-06-28 15:44:34,895] {scheduler_job.py:643} INFO - DAG(s) dict_keys(['example_complex']) retrieved from /home/airflow/.local/lib/python3.6/site-packages/airflow/example_dags/example_complex.py
[2021-06-28 15:44:35,005] {logging_mixin.py:104} INFO - [2021-06-28 15:44:35,005] {dag.py:1832} INFO - Sync 1 DAGs
[2021-06-28 15:44:35,045] {logging_mixin.py:104} INFO - [2021-06-28 15:44:35,045] {dag.py:2305} INFO - Setting next_dagrun for example_complex to None
[2021-06-28 15:44:35,062] {scheduler_job.py:190} INFO - Processing /home/airflow/.local/lib/python3.6/site-packages/airflow/example_dags/example_complex.py took 0.269 seconds
