[2021-06-28 15:16:31,086] {scheduler_job.py:182} INFO - Started process (PID=111) to work on /home/airflow/.local/lib/python3.6/site-packages/airflow/example_dags/example_latest_only_with_trigger.py
[2021-06-28 15:16:31,088] {scheduler_job.py:633} INFO - Processing file /home/airflow/.local/lib/python3.6/site-packages/airflow/example_dags/example_latest_only_with_trigger.py for tasks to queue
[2021-06-28 15:16:31,089] {logging_mixin.py:104} INFO - [2021-06-28 15:16:31,088] {dagbag.py:487} INFO - Filling up the DagBag from /home/airflow/.local/lib/python3.6/site-packages/airflow/example_dags/example_latest_only_with_trigger.py
[2021-06-28 15:16:31,145] {scheduler_job.py:643} INFO - DAG(s) dict_keys(['latest_only_with_trigger']) retrieved from /home/airflow/.local/lib/python3.6/site-packages/airflow/example_dags/example_latest_only_with_trigger.py
[2021-06-28 15:16:33,468] {logging_mixin.py:104} INFO - [2021-06-28 15:16:33,468] {dag.py:1832} INFO - Sync 1 DAGs
[2021-06-28 15:16:33,533] {logging_mixin.py:104} INFO - [2021-06-28 15:16:33,533] {dag.py:2305} INFO - Setting next_dagrun for latest_only_with_trigger to 2021-06-26 00:00:00+00:00
[2021-06-28 15:16:33,644] {scheduler_job.py:190} INFO - Processing /home/airflow/.local/lib/python3.6/site-packages/airflow/example_dags/example_latest_only_with_trigger.py took 2.563 seconds
[2021-06-28 15:17:03,781] {scheduler_job.py:182} INFO - Started process (PID=169) to work on /home/airflow/.local/lib/python3.6/site-packages/airflow/example_dags/example_latest_only_with_trigger.py
[2021-06-28 15:17:03,782] {scheduler_job.py:633} INFO - Processing file /home/airflow/.local/lib/python3.6/site-packages/airflow/example_dags/example_latest_only_with_trigger.py for tasks to queue
[2021-06-28 15:17:03,788] {logging_mixin.py:104} INFO - [2021-06-28 15:17:03,788] {dagbag.py:487} INFO - Filling up the DagBag from /home/airflow/.local/lib/python3.6/site-packages/airflow/example_dags/example_latest_only_with_trigger.py
[2021-06-28 15:17:03,818] {scheduler_job.py:643} INFO - DAG(s) dict_keys(['latest_only_with_trigger']) retrieved from /home/airflow/.local/lib/python3.6/site-packages/airflow/example_dags/example_latest_only_with_trigger.py
[2021-06-28 15:17:03,878] {logging_mixin.py:104} INFO - [2021-06-28 15:17:03,878] {dag.py:1832} INFO - Sync 1 DAGs
[2021-06-28 15:17:03,909] {logging_mixin.py:104} INFO - [2021-06-28 15:17:03,909] {dag.py:2305} INFO - Setting next_dagrun for latest_only_with_trigger to 2021-06-26 00:00:00+00:00
[2021-06-28 15:17:03,929] {scheduler_job.py:190} INFO - Processing /home/airflow/.local/lib/python3.6/site-packages/airflow/example_dags/example_latest_only_with_trigger.py took 0.158 seconds
[2021-06-28 15:17:34,031] {scheduler_job.py:182} INFO - Started process (PID=231) to work on /home/airflow/.local/lib/python3.6/site-packages/airflow/example_dags/example_latest_only_with_trigger.py
[2021-06-28 15:17:34,034] {scheduler_job.py:633} INFO - Processing file /home/airflow/.local/lib/python3.6/site-packages/airflow/example_dags/example_latest_only_with_trigger.py for tasks to queue
[2021-06-28 15:17:34,035] {logging_mixin.py:104} INFO - [2021-06-28 15:17:34,035] {dagbag.py:487} INFO - Filling up the DagBag from /home/airflow/.local/lib/python3.6/site-packages/airflow/example_dags/example_latest_only_with_trigger.py
[2021-06-28 15:17:34,053] {scheduler_job.py:643} INFO - DAG(s) dict_keys(['latest_only_with_trigger']) retrieved from /home/airflow/.local/lib/python3.6/site-packages/airflow/example_dags/example_latest_only_with_trigger.py
[2021-06-28 15:17:34,084] {logging_mixin.py:104} INFO - [2021-06-28 15:17:34,084] {dag.py:1832} INFO - Sync 1 DAGs
[2021-06-28 15:17:34,115] {logging_mixin.py:104} INFO - [2021-06-28 15:17:34,115] {dag.py:2305} INFO - Setting next_dagrun for latest_only_with_trigger to 2021-06-26 00:00:00+00:00
[2021-06-28 15:17:34,134] {scheduler_job.py:190} INFO - Processing /home/airflow/.local/lib/python3.6/site-packages/airflow/example_dags/example_latest_only_with_trigger.py took 0.107 seconds
[2021-06-28 15:18:04,379] {scheduler_job.py:182} INFO - Started process (PID=300) to work on /home/airflow/.local/lib/python3.6/site-packages/airflow/example_dags/example_latest_only_with_trigger.py
[2021-06-28 15:18:04,387] {scheduler_job.py:633} INFO - Processing file /home/airflow/.local/lib/python3.6/site-packages/airflow/example_dags/example_latest_only_with_trigger.py for tasks to queue
[2021-06-28 15:18:04,390] {logging_mixin.py:104} INFO - [2021-06-28 15:18:04,390] {dagbag.py:487} INFO - Filling up the DagBag from /home/airflow/.local/lib/python3.6/site-packages/airflow/example_dags/example_latest_only_with_trigger.py
[2021-06-28 15:18:04,437] {scheduler_job.py:643} INFO - DAG(s) dict_keys(['latest_only_with_trigger']) retrieved from /home/airflow/.local/lib/python3.6/site-packages/airflow/example_dags/example_latest_only_with_trigger.py
[2021-06-28 15:18:04,485] {logging_mixin.py:104} INFO - [2021-06-28 15:18:04,485] {dag.py:1832} INFO - Sync 1 DAGs
[2021-06-28 15:18:04,523] {logging_mixin.py:104} INFO - [2021-06-28 15:18:04,523] {dag.py:2305} INFO - Setting next_dagrun for latest_only_with_trigger to 2021-06-26 00:00:00+00:00
[2021-06-28 15:18:04,575] {scheduler_job.py:190} INFO - Processing /home/airflow/.local/lib/python3.6/site-packages/airflow/example_dags/example_latest_only_with_trigger.py took 0.203 seconds
[2021-06-28 15:18:34,804] {scheduler_job.py:182} INFO - Started process (PID=367) to work on /home/airflow/.local/lib/python3.6/site-packages/airflow/example_dags/example_latest_only_with_trigger.py
[2021-06-28 15:18:34,805] {scheduler_job.py:633} INFO - Processing file /home/airflow/.local/lib/python3.6/site-packages/airflow/example_dags/example_latest_only_with_trigger.py for tasks to queue
[2021-06-28 15:18:34,808] {logging_mixin.py:104} INFO - [2021-06-28 15:18:34,808] {dagbag.py:487} INFO - Filling up the DagBag from /home/airflow/.local/lib/python3.6/site-packages/airflow/example_dags/example_latest_only_with_trigger.py
[2021-06-28 15:18:34,832] {scheduler_job.py:643} INFO - DAG(s) dict_keys(['latest_only_with_trigger']) retrieved from /home/airflow/.local/lib/python3.6/site-packages/airflow/example_dags/example_latest_only_with_trigger.py
[2021-06-28 15:18:34,871] {logging_mixin.py:104} INFO - [2021-06-28 15:18:34,871] {dag.py:1832} INFO - Sync 1 DAGs
[2021-06-28 15:18:34,915] {logging_mixin.py:104} INFO - [2021-06-28 15:18:34,915] {dag.py:2305} INFO - Setting next_dagrun for latest_only_with_trigger to 2021-06-26 00:00:00+00:00
[2021-06-28 15:18:34,950] {scheduler_job.py:190} INFO - Processing /home/airflow/.local/lib/python3.6/site-packages/airflow/example_dags/example_latest_only_with_trigger.py took 0.151 seconds
[2021-06-28 15:19:05,573] {scheduler_job.py:182} INFO - Started process (PID=427) to work on /home/airflow/.local/lib/python3.6/site-packages/airflow/example_dags/example_latest_only_with_trigger.py
[2021-06-28 15:19:05,575] {scheduler_job.py:633} INFO - Processing file /home/airflow/.local/lib/python3.6/site-packages/airflow/example_dags/example_latest_only_with_trigger.py for tasks to queue
[2021-06-28 15:19:05,576] {logging_mixin.py:104} INFO - [2021-06-28 15:19:05,575] {dagbag.py:487} INFO - Filling up the DagBag from /home/airflow/.local/lib/python3.6/site-packages/airflow/example_dags/example_latest_only_with_trigger.py
[2021-06-28 15:19:05,599] {scheduler_job.py:643} INFO - DAG(s) dict_keys(['latest_only_with_trigger']) retrieved from /home/airflow/.local/lib/python3.6/site-packages/airflow/example_dags/example_latest_only_with_trigger.py
[2021-06-28 15:19:05,652] {logging_mixin.py:104} INFO - [2021-06-28 15:19:05,652] {dag.py:1832} INFO - Sync 1 DAGs
[2021-06-28 15:19:05,710] {logging_mixin.py:104} INFO - [2021-06-28 15:19:05,710] {dag.py:2305} INFO - Setting next_dagrun for latest_only_with_trigger to 2021-06-26 00:00:00+00:00
[2021-06-28 15:19:05,732] {scheduler_job.py:190} INFO - Processing /home/airflow/.local/lib/python3.6/site-packages/airflow/example_dags/example_latest_only_with_trigger.py took 0.166 seconds
[2021-06-28 15:19:35,950] {scheduler_job.py:182} INFO - Started process (PID=481) to work on /home/airflow/.local/lib/python3.6/site-packages/airflow/example_dags/example_latest_only_with_trigger.py
[2021-06-28 15:19:35,964] {scheduler_job.py:633} INFO - Processing file /home/airflow/.local/lib/python3.6/site-packages/airflow/example_dags/example_latest_only_with_trigger.py for tasks to queue
[2021-06-28 15:19:35,965] {logging_mixin.py:104} INFO - [2021-06-28 15:19:35,965] {dagbag.py:487} INFO - Filling up the DagBag from /home/airflow/.local/lib/python3.6/site-packages/airflow/example_dags/example_latest_only_with_trigger.py
[2021-06-28 15:19:36,005] {scheduler_job.py:643} INFO - DAG(s) dict_keys(['latest_only_with_trigger']) retrieved from /home/airflow/.local/lib/python3.6/site-packages/airflow/example_dags/example_latest_only_with_trigger.py
[2021-06-28 15:19:36,078] {logging_mixin.py:104} INFO - [2021-06-28 15:19:36,078] {dag.py:1832} INFO - Sync 1 DAGs
[2021-06-28 15:19:36,133] {logging_mixin.py:104} INFO - [2021-06-28 15:19:36,133] {dag.py:2305} INFO - Setting next_dagrun for latest_only_with_trigger to 2021-06-26 00:00:00+00:00
[2021-06-28 15:19:36,219] {scheduler_job.py:190} INFO - Processing /home/airflow/.local/lib/python3.6/site-packages/airflow/example_dags/example_latest_only_with_trigger.py took 0.277 seconds
[2021-06-28 15:20:06,614] {scheduler_job.py:182} INFO - Started process (PID=542) to work on /home/airflow/.local/lib/python3.6/site-packages/airflow/example_dags/example_latest_only_with_trigger.py
[2021-06-28 15:20:06,621] {scheduler_job.py:633} INFO - Processing file /home/airflow/.local/lib/python3.6/site-packages/airflow/example_dags/example_latest_only_with_trigger.py for tasks to queue
[2021-06-28 15:20:06,635] {logging_mixin.py:104} INFO - [2021-06-28 15:20:06,635] {dagbag.py:487} INFO - Filling up the DagBag from /home/airflow/.local/lib/python3.6/site-packages/airflow/example_dags/example_latest_only_with_trigger.py
[2021-06-28 15:20:06,768] {scheduler_job.py:643} INFO - DAG(s) dict_keys(['latest_only_with_trigger']) retrieved from /home/airflow/.local/lib/python3.6/site-packages/airflow/example_dags/example_latest_only_with_trigger.py
[2021-06-28 15:20:06,915] {logging_mixin.py:104} INFO - [2021-06-28 15:20:06,915] {dag.py:1832} INFO - Sync 1 DAGs
[2021-06-28 15:20:07,042] {logging_mixin.py:104} INFO - [2021-06-28 15:20:07,042] {dag.py:2305} INFO - Setting next_dagrun for latest_only_with_trigger to 2021-06-26 00:00:00+00:00
[2021-06-28 15:20:07,110] {scheduler_job.py:190} INFO - Processing /home/airflow/.local/lib/python3.6/site-packages/airflow/example_dags/example_latest_only_with_trigger.py took 0.526 seconds
[2021-06-28 15:20:37,502] {scheduler_job.py:182} INFO - Started process (PID=606) to work on /home/airflow/.local/lib/python3.6/site-packages/airflow/example_dags/example_latest_only_with_trigger.py
[2021-06-28 15:20:37,503] {scheduler_job.py:633} INFO - Processing file /home/airflow/.local/lib/python3.6/site-packages/airflow/example_dags/example_latest_only_with_trigger.py for tasks to queue
[2021-06-28 15:20:37,504] {logging_mixin.py:104} INFO - [2021-06-28 15:20:37,504] {dagbag.py:487} INFO - Filling up the DagBag from /home/airflow/.local/lib/python3.6/site-packages/airflow/example_dags/example_latest_only_with_trigger.py
[2021-06-28 15:20:37,565] {scheduler_job.py:643} INFO - DAG(s) dict_keys(['latest_only_with_trigger']) retrieved from /home/airflow/.local/lib/python3.6/site-packages/airflow/example_dags/example_latest_only_with_trigger.py
[2021-06-28 15:20:37,634] {logging_mixin.py:104} INFO - [2021-06-28 15:20:37,634] {dag.py:1832} INFO - Sync 1 DAGs
[2021-06-28 15:20:37,661] {logging_mixin.py:104} INFO - [2021-06-28 15:20:37,661] {dag.py:2305} INFO - Setting next_dagrun for latest_only_with_trigger to 2021-06-26 00:00:00+00:00
[2021-06-28 15:20:37,679] {scheduler_job.py:190} INFO - Processing /home/airflow/.local/lib/python3.6/site-packages/airflow/example_dags/example_latest_only_with_trigger.py took 0.193 seconds
[2021-06-28 15:21:08,355] {scheduler_job.py:182} INFO - Started process (PID=665) to work on /home/airflow/.local/lib/python3.6/site-packages/airflow/example_dags/example_latest_only_with_trigger.py
[2021-06-28 15:21:08,356] {scheduler_job.py:633} INFO - Processing file /home/airflow/.local/lib/python3.6/site-packages/airflow/example_dags/example_latest_only_with_trigger.py for tasks to queue
[2021-06-28 15:21:08,357] {logging_mixin.py:104} INFO - [2021-06-28 15:21:08,357] {dagbag.py:487} INFO - Filling up the DagBag from /home/airflow/.local/lib/python3.6/site-packages/airflow/example_dags/example_latest_only_with_trigger.py
[2021-06-28 15:21:08,397] {scheduler_job.py:643} INFO - DAG(s) dict_keys(['latest_only_with_trigger']) retrieved from /home/airflow/.local/lib/python3.6/site-packages/airflow/example_dags/example_latest_only_with_trigger.py
[2021-06-28 15:21:08,525] {logging_mixin.py:104} INFO - [2021-06-28 15:21:08,525] {dag.py:1832} INFO - Sync 1 DAGs
[2021-06-28 15:21:08,601] {logging_mixin.py:104} INFO - [2021-06-28 15:21:08,601] {dag.py:2305} INFO - Setting next_dagrun for latest_only_with_trigger to 2021-06-26 00:00:00+00:00
[2021-06-28 15:21:08,654] {scheduler_job.py:190} INFO - Processing /home/airflow/.local/lib/python3.6/site-packages/airflow/example_dags/example_latest_only_with_trigger.py took 0.315 seconds
[2021-06-28 15:21:38,753] {scheduler_job.py:182} INFO - Started process (PID=734) to work on /home/airflow/.local/lib/python3.6/site-packages/airflow/example_dags/example_latest_only_with_trigger.py
[2021-06-28 15:21:38,755] {scheduler_job.py:633} INFO - Processing file /home/airflow/.local/lib/python3.6/site-packages/airflow/example_dags/example_latest_only_with_trigger.py for tasks to queue
[2021-06-28 15:21:38,756] {logging_mixin.py:104} INFO - [2021-06-28 15:21:38,756] {dagbag.py:487} INFO - Filling up the DagBag from /home/airflow/.local/lib/python3.6/site-packages/airflow/example_dags/example_latest_only_with_trigger.py
[2021-06-28 15:21:38,797] {scheduler_job.py:643} INFO - DAG(s) dict_keys(['latest_only_with_trigger']) retrieved from /home/airflow/.local/lib/python3.6/site-packages/airflow/example_dags/example_latest_only_with_trigger.py
[2021-06-28 15:21:38,857] {logging_mixin.py:104} INFO - [2021-06-28 15:21:38,856] {dag.py:1832} INFO - Sync 1 DAGs
[2021-06-28 15:21:38,901] {logging_mixin.py:104} INFO - [2021-06-28 15:21:38,900] {dag.py:2305} INFO - Setting next_dagrun for latest_only_with_trigger to 2021-06-26 00:00:00+00:00
[2021-06-28 15:21:38,925] {scheduler_job.py:190} INFO - Processing /home/airflow/.local/lib/python3.6/site-packages/airflow/example_dags/example_latest_only_with_trigger.py took 0.188 seconds
[2021-06-28 15:22:09,140] {scheduler_job.py:182} INFO - Started process (PID=793) to work on /home/airflow/.local/lib/python3.6/site-packages/airflow/example_dags/example_latest_only_with_trigger.py
[2021-06-28 15:22:09,154] {scheduler_job.py:633} INFO - Processing file /home/airflow/.local/lib/python3.6/site-packages/airflow/example_dags/example_latest_only_with_trigger.py for tasks to queue
[2021-06-28 15:22:09,161] {logging_mixin.py:104} INFO - [2021-06-28 15:22:09,161] {dagbag.py:487} INFO - Filling up the DagBag from /home/airflow/.local/lib/python3.6/site-packages/airflow/example_dags/example_latest_only_with_trigger.py
[2021-06-28 15:22:09,243] {scheduler_job.py:643} INFO - DAG(s) dict_keys(['latest_only_with_trigger']) retrieved from /home/airflow/.local/lib/python3.6/site-packages/airflow/example_dags/example_latest_only_with_trigger.py
[2021-06-28 15:22:09,374] {logging_mixin.py:104} INFO - [2021-06-28 15:22:09,374] {dag.py:1832} INFO - Sync 1 DAGs
[2021-06-28 15:22:09,454] {logging_mixin.py:104} INFO - [2021-06-28 15:22:09,454] {dag.py:2305} INFO - Setting next_dagrun for latest_only_with_trigger to 2021-06-26 00:00:00+00:00
[2021-06-28 15:22:09,491] {scheduler_job.py:190} INFO - Processing /home/airflow/.local/lib/python3.6/site-packages/airflow/example_dags/example_latest_only_with_trigger.py took 0.377 seconds
[2021-06-28 15:22:39,997] {scheduler_job.py:182} INFO - Started process (PID=852) to work on /home/airflow/.local/lib/python3.6/site-packages/airflow/example_dags/example_latest_only_with_trigger.py
[2021-06-28 15:22:39,998] {scheduler_job.py:633} INFO - Processing file /home/airflow/.local/lib/python3.6/site-packages/airflow/example_dags/example_latest_only_with_trigger.py for tasks to queue
[2021-06-28 15:22:39,999] {logging_mixin.py:104} INFO - [2021-06-28 15:22:39,999] {dagbag.py:487} INFO - Filling up the DagBag from /home/airflow/.local/lib/python3.6/site-packages/airflow/example_dags/example_latest_only_with_trigger.py
[2021-06-28 15:22:40,081] {scheduler_job.py:643} INFO - DAG(s) dict_keys(['latest_only_with_trigger']) retrieved from /home/airflow/.local/lib/python3.6/site-packages/airflow/example_dags/example_latest_only_with_trigger.py
[2021-06-28 15:22:40,200] {logging_mixin.py:104} INFO - [2021-06-28 15:22:40,200] {dag.py:1832} INFO - Sync 1 DAGs
[2021-06-28 15:22:40,298] {logging_mixin.py:104} INFO - [2021-06-28 15:22:40,298] {dag.py:2305} INFO - Setting next_dagrun for latest_only_with_trigger to 2021-06-26 00:00:00+00:00
[2021-06-28 15:22:40,355] {scheduler_job.py:190} INFO - Processing /home/airflow/.local/lib/python3.6/site-packages/airflow/example_dags/example_latest_only_with_trigger.py took 0.388 seconds
[2021-06-28 15:23:10,742] {scheduler_job.py:182} INFO - Started process (PID=911) to work on /home/airflow/.local/lib/python3.6/site-packages/airflow/example_dags/example_latest_only_with_trigger.py
[2021-06-28 15:23:10,772] {scheduler_job.py:633} INFO - Processing file /home/airflow/.local/lib/python3.6/site-packages/airflow/example_dags/example_latest_only_with_trigger.py for tasks to queue
[2021-06-28 15:23:10,773] {logging_mixin.py:104} INFO - [2021-06-28 15:23:10,773] {dagbag.py:487} INFO - Filling up the DagBag from /home/airflow/.local/lib/python3.6/site-packages/airflow/example_dags/example_latest_only_with_trigger.py
[2021-06-28 15:23:10,868] {scheduler_job.py:643} INFO - DAG(s) dict_keys(['latest_only_with_trigger']) retrieved from /home/airflow/.local/lib/python3.6/site-packages/airflow/example_dags/example_latest_only_with_trigger.py
[2021-06-28 15:23:10,939] {logging_mixin.py:104} INFO - [2021-06-28 15:23:10,939] {dag.py:1832} INFO - Sync 1 DAGs
[2021-06-28 15:23:10,999] {logging_mixin.py:104} INFO - [2021-06-28 15:23:10,999] {dag.py:2305} INFO - Setting next_dagrun for latest_only_with_trigger to 2021-06-26 00:00:00+00:00
[2021-06-28 15:23:11,068] {scheduler_job.py:190} INFO - Processing /home/airflow/.local/lib/python3.6/site-packages/airflow/example_dags/example_latest_only_with_trigger.py took 0.347 seconds
[2021-06-28 15:23:41,455] {scheduler_job.py:182} INFO - Started process (PID=971) to work on /home/airflow/.local/lib/python3.6/site-packages/airflow/example_dags/example_latest_only_with_trigger.py
[2021-06-28 15:23:41,461] {scheduler_job.py:633} INFO - Processing file /home/airflow/.local/lib/python3.6/site-packages/airflow/example_dags/example_latest_only_with_trigger.py for tasks to queue
[2021-06-28 15:23:41,462] {logging_mixin.py:104} INFO - [2021-06-28 15:23:41,462] {dagbag.py:487} INFO - Filling up the DagBag from /home/airflow/.local/lib/python3.6/site-packages/airflow/example_dags/example_latest_only_with_trigger.py
[2021-06-28 15:23:41,491] {scheduler_job.py:643} INFO - DAG(s) dict_keys(['latest_only_with_trigger']) retrieved from /home/airflow/.local/lib/python3.6/site-packages/airflow/example_dags/example_latest_only_with_trigger.py
[2021-06-28 15:23:41,665] {logging_mixin.py:104} INFO - [2021-06-28 15:23:41,664] {dag.py:1832} INFO - Sync 1 DAGs
[2021-06-28 15:23:41,746] {logging_mixin.py:104} INFO - [2021-06-28 15:23:41,746] {dag.py:2305} INFO - Setting next_dagrun for latest_only_with_trigger to 2021-06-26 00:00:00+00:00
[2021-06-28 15:23:41,789] {scheduler_job.py:190} INFO - Processing /home/airflow/.local/lib/python3.6/site-packages/airflow/example_dags/example_latest_only_with_trigger.py took 0.362 seconds
[2021-06-28 15:24:12,072] {scheduler_job.py:182} INFO - Started process (PID=1032) to work on /home/airflow/.local/lib/python3.6/site-packages/airflow/example_dags/example_latest_only_with_trigger.py
[2021-06-28 15:24:12,076] {scheduler_job.py:633} INFO - Processing file /home/airflow/.local/lib/python3.6/site-packages/airflow/example_dags/example_latest_only_with_trigger.py for tasks to queue
[2021-06-28 15:24:12,078] {logging_mixin.py:104} INFO - [2021-06-28 15:24:12,078] {dagbag.py:487} INFO - Filling up the DagBag from /home/airflow/.local/lib/python3.6/site-packages/airflow/example_dags/example_latest_only_with_trigger.py
[2021-06-28 15:24:12,125] {scheduler_job.py:643} INFO - DAG(s) dict_keys(['latest_only_with_trigger']) retrieved from /home/airflow/.local/lib/python3.6/site-packages/airflow/example_dags/example_latest_only_with_trigger.py
[2021-06-28 15:24:12,277] {logging_mixin.py:104} INFO - [2021-06-28 15:24:12,277] {dag.py:1832} INFO - Sync 1 DAGs
[2021-06-28 15:24:12,330] {logging_mixin.py:104} INFO - [2021-06-28 15:24:12,329] {dag.py:2305} INFO - Setting next_dagrun for latest_only_with_trigger to 2021-06-26 00:00:00+00:00
[2021-06-28 15:24:12,394] {scheduler_job.py:190} INFO - Processing /home/airflow/.local/lib/python3.6/site-packages/airflow/example_dags/example_latest_only_with_trigger.py took 0.329 seconds
[2021-06-28 15:24:42,537] {scheduler_job.py:182} INFO - Started process (PID=1091) to work on /home/airflow/.local/lib/python3.6/site-packages/airflow/example_dags/example_latest_only_with_trigger.py
[2021-06-28 15:24:42,553] {scheduler_job.py:633} INFO - Processing file /home/airflow/.local/lib/python3.6/site-packages/airflow/example_dags/example_latest_only_with_trigger.py for tasks to queue
[2021-06-28 15:24:42,554] {logging_mixin.py:104} INFO - [2021-06-28 15:24:42,554] {dagbag.py:487} INFO - Filling up the DagBag from /home/airflow/.local/lib/python3.6/site-packages/airflow/example_dags/example_latest_only_with_trigger.py
[2021-06-28 15:24:42,587] {scheduler_job.py:643} INFO - DAG(s) dict_keys(['latest_only_with_trigger']) retrieved from /home/airflow/.local/lib/python3.6/site-packages/airflow/example_dags/example_latest_only_with_trigger.py
[2021-06-28 15:24:42,664] {logging_mixin.py:104} INFO - [2021-06-28 15:24:42,664] {dag.py:1832} INFO - Sync 1 DAGs
[2021-06-28 15:24:42,709] {logging_mixin.py:104} INFO - [2021-06-28 15:24:42,709] {dag.py:2305} INFO - Setting next_dagrun for latest_only_with_trigger to 2021-06-26 00:00:00+00:00
[2021-06-28 15:24:42,731] {scheduler_job.py:190} INFO - Processing /home/airflow/.local/lib/python3.6/site-packages/airflow/example_dags/example_latest_only_with_trigger.py took 0.200 seconds
[2021-06-28 15:25:13,622] {scheduler_job.py:182} INFO - Started process (PID=1167) to work on /home/airflow/.local/lib/python3.6/site-packages/airflow/example_dags/example_latest_only_with_trigger.py
[2021-06-28 15:25:13,643] {scheduler_job.py:633} INFO - Processing file /home/airflow/.local/lib/python3.6/site-packages/airflow/example_dags/example_latest_only_with_trigger.py for tasks to queue
[2021-06-28 15:25:13,648] {logging_mixin.py:104} INFO - [2021-06-28 15:25:13,648] {dagbag.py:487} INFO - Filling up the DagBag from /home/airflow/.local/lib/python3.6/site-packages/airflow/example_dags/example_latest_only_with_trigger.py
[2021-06-28 15:25:13,673] {scheduler_job.py:643} INFO - DAG(s) dict_keys(['latest_only_with_trigger']) retrieved from /home/airflow/.local/lib/python3.6/site-packages/airflow/example_dags/example_latest_only_with_trigger.py
[2021-06-28 15:25:13,714] {logging_mixin.py:104} INFO - [2021-06-28 15:25:13,714] {dag.py:1832} INFO - Sync 1 DAGs
[2021-06-28 15:25:13,746] {logging_mixin.py:104} INFO - [2021-06-28 15:25:13,746] {dag.py:2305} INFO - Setting next_dagrun for latest_only_with_trigger to 2021-06-26 00:00:00+00:00
[2021-06-28 15:25:13,780] {scheduler_job.py:190} INFO - Processing /home/airflow/.local/lib/python3.6/site-packages/airflow/example_dags/example_latest_only_with_trigger.py took 0.164 seconds
[2021-06-28 15:25:44,549] {scheduler_job.py:182} INFO - Started process (PID=1225) to work on /home/airflow/.local/lib/python3.6/site-packages/airflow/example_dags/example_latest_only_with_trigger.py
[2021-06-28 15:25:44,551] {scheduler_job.py:633} INFO - Processing file /home/airflow/.local/lib/python3.6/site-packages/airflow/example_dags/example_latest_only_with_trigger.py for tasks to queue
[2021-06-28 15:25:44,552] {logging_mixin.py:104} INFO - [2021-06-28 15:25:44,552] {dagbag.py:487} INFO - Filling up the DagBag from /home/airflow/.local/lib/python3.6/site-packages/airflow/example_dags/example_latest_only_with_trigger.py
[2021-06-28 15:25:44,568] {scheduler_job.py:643} INFO - DAG(s) dict_keys(['latest_only_with_trigger']) retrieved from /home/airflow/.local/lib/python3.6/site-packages/airflow/example_dags/example_latest_only_with_trigger.py
[2021-06-28 15:25:44,606] {logging_mixin.py:104} INFO - [2021-06-28 15:25:44,606] {dag.py:1832} INFO - Sync 1 DAGs
[2021-06-28 15:25:44,639] {logging_mixin.py:104} INFO - [2021-06-28 15:25:44,639] {dag.py:2305} INFO - Setting next_dagrun for latest_only_with_trigger to 2021-06-26 00:00:00+00:00
[2021-06-28 15:25:44,661] {scheduler_job.py:190} INFO - Processing /home/airflow/.local/lib/python3.6/site-packages/airflow/example_dags/example_latest_only_with_trigger.py took 0.116 seconds
[2021-06-28 15:26:15,579] {scheduler_job.py:182} INFO - Started process (PID=1284) to work on /home/airflow/.local/lib/python3.6/site-packages/airflow/example_dags/example_latest_only_with_trigger.py
[2021-06-28 15:26:15,581] {scheduler_job.py:633} INFO - Processing file /home/airflow/.local/lib/python3.6/site-packages/airflow/example_dags/example_latest_only_with_trigger.py for tasks to queue
[2021-06-28 15:26:15,582] {logging_mixin.py:104} INFO - [2021-06-28 15:26:15,581] {dagbag.py:487} INFO - Filling up the DagBag from /home/airflow/.local/lib/python3.6/site-packages/airflow/example_dags/example_latest_only_with_trigger.py
[2021-06-28 15:26:15,595] {scheduler_job.py:643} INFO - DAG(s) dict_keys(['latest_only_with_trigger']) retrieved from /home/airflow/.local/lib/python3.6/site-packages/airflow/example_dags/example_latest_only_with_trigger.py
[2021-06-28 15:26:15,620] {logging_mixin.py:104} INFO - [2021-06-28 15:26:15,620] {dag.py:1832} INFO - Sync 1 DAGs
[2021-06-28 15:26:15,640] {logging_mixin.py:104} INFO - [2021-06-28 15:26:15,640] {dag.py:2305} INFO - Setting next_dagrun for latest_only_with_trigger to 2021-06-26 00:00:00+00:00
[2021-06-28 15:26:15,654] {scheduler_job.py:190} INFO - Processing /home/airflow/.local/lib/python3.6/site-packages/airflow/example_dags/example_latest_only_with_trigger.py took 0.078 seconds
[2021-06-28 15:26:46,059] {scheduler_job.py:182} INFO - Started process (PID=1344) to work on /home/airflow/.local/lib/python3.6/site-packages/airflow/example_dags/example_latest_only_with_trigger.py
[2021-06-28 15:26:46,069] {scheduler_job.py:633} INFO - Processing file /home/airflow/.local/lib/python3.6/site-packages/airflow/example_dags/example_latest_only_with_trigger.py for tasks to queue
[2021-06-28 15:26:46,070] {logging_mixin.py:104} INFO - [2021-06-28 15:26:46,070] {dagbag.py:487} INFO - Filling up the DagBag from /home/airflow/.local/lib/python3.6/site-packages/airflow/example_dags/example_latest_only_with_trigger.py
[2021-06-28 15:26:46,102] {scheduler_job.py:643} INFO - DAG(s) dict_keys(['latest_only_with_trigger']) retrieved from /home/airflow/.local/lib/python3.6/site-packages/airflow/example_dags/example_latest_only_with_trigger.py
[2021-06-28 15:26:46,154] {logging_mixin.py:104} INFO - [2021-06-28 15:26:46,154] {dag.py:1832} INFO - Sync 1 DAGs
[2021-06-28 15:26:46,184] {logging_mixin.py:104} INFO - [2021-06-28 15:26:46,184] {dag.py:2305} INFO - Setting next_dagrun for latest_only_with_trigger to 2021-06-26 00:00:00+00:00
[2021-06-28 15:26:46,228] {scheduler_job.py:190} INFO - Processing /home/airflow/.local/lib/python3.6/site-packages/airflow/example_dags/example_latest_only_with_trigger.py took 0.185 seconds
[2021-06-28 15:27:16,259] {scheduler_job.py:182} INFO - Started process (PID=1403) to work on /home/airflow/.local/lib/python3.6/site-packages/airflow/example_dags/example_latest_only_with_trigger.py
[2021-06-28 15:27:16,260] {scheduler_job.py:633} INFO - Processing file /home/airflow/.local/lib/python3.6/site-packages/airflow/example_dags/example_latest_only_with_trigger.py for tasks to queue
[2021-06-28 15:27:16,261] {logging_mixin.py:104} INFO - [2021-06-28 15:27:16,261] {dagbag.py:487} INFO - Filling up the DagBag from /home/airflow/.local/lib/python3.6/site-packages/airflow/example_dags/example_latest_only_with_trigger.py
[2021-06-28 15:27:16,279] {scheduler_job.py:643} INFO - DAG(s) dict_keys(['latest_only_with_trigger']) retrieved from /home/airflow/.local/lib/python3.6/site-packages/airflow/example_dags/example_latest_only_with_trigger.py
[2021-06-28 15:27:16,317] {logging_mixin.py:104} INFO - [2021-06-28 15:27:16,317] {dag.py:1832} INFO - Sync 1 DAGs
[2021-06-28 15:27:16,340] {logging_mixin.py:104} INFO - [2021-06-28 15:27:16,340] {dag.py:2305} INFO - Setting next_dagrun for latest_only_with_trigger to 2021-06-26 00:00:00+00:00
[2021-06-28 15:27:16,354] {scheduler_job.py:190} INFO - Processing /home/airflow/.local/lib/python3.6/site-packages/airflow/example_dags/example_latest_only_with_trigger.py took 0.100 seconds
[2021-06-28 15:27:47,255] {scheduler_job.py:182} INFO - Started process (PID=1475) to work on /home/airflow/.local/lib/python3.6/site-packages/airflow/example_dags/example_latest_only_with_trigger.py
[2021-06-28 15:27:47,262] {scheduler_job.py:633} INFO - Processing file /home/airflow/.local/lib/python3.6/site-packages/airflow/example_dags/example_latest_only_with_trigger.py for tasks to queue
[2021-06-28 15:27:47,263] {logging_mixin.py:104} INFO - [2021-06-28 15:27:47,262] {dagbag.py:487} INFO - Filling up the DagBag from /home/airflow/.local/lib/python3.6/site-packages/airflow/example_dags/example_latest_only_with_trigger.py
[2021-06-28 15:27:47,290] {scheduler_job.py:643} INFO - DAG(s) dict_keys(['latest_only_with_trigger']) retrieved from /home/airflow/.local/lib/python3.6/site-packages/airflow/example_dags/example_latest_only_with_trigger.py
[2021-06-28 15:27:47,345] {logging_mixin.py:104} INFO - [2021-06-28 15:27:47,345] {dag.py:1832} INFO - Sync 1 DAGs
[2021-06-28 15:27:47,407] {logging_mixin.py:104} INFO - [2021-06-28 15:27:47,406] {dag.py:2305} INFO - Setting next_dagrun for latest_only_with_trigger to 2021-06-26 00:00:00+00:00
[2021-06-28 15:27:47,431] {scheduler_job.py:190} INFO - Processing /home/airflow/.local/lib/python3.6/site-packages/airflow/example_dags/example_latest_only_with_trigger.py took 0.193 seconds
[2021-06-28 15:28:18,064] {scheduler_job.py:182} INFO - Started process (PID=1540) to work on /home/airflow/.local/lib/python3.6/site-packages/airflow/example_dags/example_latest_only_with_trigger.py
[2021-06-28 15:28:18,073] {scheduler_job.py:633} INFO - Processing file /home/airflow/.local/lib/python3.6/site-packages/airflow/example_dags/example_latest_only_with_trigger.py for tasks to queue
[2021-06-28 15:28:18,074] {logging_mixin.py:104} INFO - [2021-06-28 15:28:18,074] {dagbag.py:487} INFO - Filling up the DagBag from /home/airflow/.local/lib/python3.6/site-packages/airflow/example_dags/example_latest_only_with_trigger.py
[2021-06-28 15:28:18,112] {scheduler_job.py:643} INFO - DAG(s) dict_keys(['latest_only_with_trigger']) retrieved from /home/airflow/.local/lib/python3.6/site-packages/airflow/example_dags/example_latest_only_with_trigger.py
[2021-06-28 15:28:18,172] {logging_mixin.py:104} INFO - [2021-06-28 15:28:18,171] {dag.py:1832} INFO - Sync 1 DAGs
[2021-06-28 15:28:18,242] {logging_mixin.py:104} INFO - [2021-06-28 15:28:18,242] {dag.py:2305} INFO - Setting next_dagrun for latest_only_with_trigger to 2021-06-26 00:00:00+00:00
[2021-06-28 15:28:18,280] {scheduler_job.py:190} INFO - Processing /home/airflow/.local/lib/python3.6/site-packages/airflow/example_dags/example_latest_only_with_trigger.py took 0.221 seconds
[2021-06-28 15:28:48,897] {scheduler_job.py:182} INFO - Started process (PID=1601) to work on /home/airflow/.local/lib/python3.6/site-packages/airflow/example_dags/example_latest_only_with_trigger.py
[2021-06-28 15:28:48,900] {scheduler_job.py:633} INFO - Processing file /home/airflow/.local/lib/python3.6/site-packages/airflow/example_dags/example_latest_only_with_trigger.py for tasks to queue
[2021-06-28 15:28:48,903] {logging_mixin.py:104} INFO - [2021-06-28 15:28:48,901] {dagbag.py:487} INFO - Filling up the DagBag from /home/airflow/.local/lib/python3.6/site-packages/airflow/example_dags/example_latest_only_with_trigger.py
[2021-06-28 15:28:48,923] {scheduler_job.py:643} INFO - DAG(s) dict_keys(['latest_only_with_trigger']) retrieved from /home/airflow/.local/lib/python3.6/site-packages/airflow/example_dags/example_latest_only_with_trigger.py
[2021-06-28 15:28:48,956] {logging_mixin.py:104} INFO - [2021-06-28 15:28:48,956] {dag.py:1832} INFO - Sync 1 DAGs
[2021-06-28 15:28:48,986] {logging_mixin.py:104} INFO - [2021-06-28 15:28:48,985] {dag.py:2305} INFO - Setting next_dagrun for latest_only_with_trigger to 2021-06-26 00:00:00+00:00
[2021-06-28 15:28:49,006] {scheduler_job.py:190} INFO - Processing /home/airflow/.local/lib/python3.6/site-packages/airflow/example_dags/example_latest_only_with_trigger.py took 0.113 seconds
[2021-06-28 15:29:19,225] {scheduler_job.py:182} INFO - Started process (PID=1659) to work on /home/airflow/.local/lib/python3.6/site-packages/airflow/example_dags/example_latest_only_with_trigger.py
[2021-06-28 15:29:19,227] {scheduler_job.py:633} INFO - Processing file /home/airflow/.local/lib/python3.6/site-packages/airflow/example_dags/example_latest_only_with_trigger.py for tasks to queue
[2021-06-28 15:29:19,228] {logging_mixin.py:104} INFO - [2021-06-28 15:29:19,228] {dagbag.py:487} INFO - Filling up the DagBag from /home/airflow/.local/lib/python3.6/site-packages/airflow/example_dags/example_latest_only_with_trigger.py
[2021-06-28 15:29:19,247] {scheduler_job.py:643} INFO - DAG(s) dict_keys(['latest_only_with_trigger']) retrieved from /home/airflow/.local/lib/python3.6/site-packages/airflow/example_dags/example_latest_only_with_trigger.py
[2021-06-28 15:29:19,283] {logging_mixin.py:104} INFO - [2021-06-28 15:29:19,283] {dag.py:1832} INFO - Sync 1 DAGs
[2021-06-28 15:29:19,318] {logging_mixin.py:104} INFO - [2021-06-28 15:29:19,318] {dag.py:2305} INFO - Setting next_dagrun for latest_only_with_trigger to 2021-06-26 00:00:00+00:00
[2021-06-28 15:29:19,341] {scheduler_job.py:190} INFO - Processing /home/airflow/.local/lib/python3.6/site-packages/airflow/example_dags/example_latest_only_with_trigger.py took 0.124 seconds
[2021-06-28 15:29:50,168] {scheduler_job.py:182} INFO - Started process (PID=1720) to work on /home/airflow/.local/lib/python3.6/site-packages/airflow/example_dags/example_latest_only_with_trigger.py
[2021-06-28 15:29:50,174] {scheduler_job.py:633} INFO - Processing file /home/airflow/.local/lib/python3.6/site-packages/airflow/example_dags/example_latest_only_with_trigger.py for tasks to queue
[2021-06-28 15:29:50,174] {logging_mixin.py:104} INFO - [2021-06-28 15:29:50,174] {dagbag.py:487} INFO - Filling up the DagBag from /home/airflow/.local/lib/python3.6/site-packages/airflow/example_dags/example_latest_only_with_trigger.py
[2021-06-28 15:29:50,191] {scheduler_job.py:643} INFO - DAG(s) dict_keys(['latest_only_with_trigger']) retrieved from /home/airflow/.local/lib/python3.6/site-packages/airflow/example_dags/example_latest_only_with_trigger.py
[2021-06-28 15:29:50,222] {logging_mixin.py:104} INFO - [2021-06-28 15:29:50,222] {dag.py:1832} INFO - Sync 1 DAGs
[2021-06-28 15:29:50,250] {logging_mixin.py:104} INFO - [2021-06-28 15:29:50,250] {dag.py:2305} INFO - Setting next_dagrun for latest_only_with_trigger to 2021-06-26 00:00:00+00:00
[2021-06-28 15:29:50,267] {scheduler_job.py:190} INFO - Processing /home/airflow/.local/lib/python3.6/site-packages/airflow/example_dags/example_latest_only_with_trigger.py took 0.105 seconds
[2021-06-28 15:30:21,154] {scheduler_job.py:182} INFO - Started process (PID=1790) to work on /home/airflow/.local/lib/python3.6/site-packages/airflow/example_dags/example_latest_only_with_trigger.py
[2021-06-28 15:30:21,157] {scheduler_job.py:633} INFO - Processing file /home/airflow/.local/lib/python3.6/site-packages/airflow/example_dags/example_latest_only_with_trigger.py for tasks to queue
[2021-06-28 15:30:21,158] {logging_mixin.py:104} INFO - [2021-06-28 15:30:21,158] {dagbag.py:487} INFO - Filling up the DagBag from /home/airflow/.local/lib/python3.6/site-packages/airflow/example_dags/example_latest_only_with_trigger.py
[2021-06-28 15:30:21,179] {scheduler_job.py:643} INFO - DAG(s) dict_keys(['latest_only_with_trigger']) retrieved from /home/airflow/.local/lib/python3.6/site-packages/airflow/example_dags/example_latest_only_with_trigger.py
[2021-06-28 15:30:21,288] {logging_mixin.py:104} INFO - [2021-06-28 15:30:21,288] {dag.py:1832} INFO - Sync 1 DAGs
[2021-06-28 15:30:21,328] {logging_mixin.py:104} INFO - [2021-06-28 15:30:21,328] {dag.py:2305} INFO - Setting next_dagrun for latest_only_with_trigger to 2021-06-26 00:00:00+00:00
[2021-06-28 15:30:21,362] {scheduler_job.py:190} INFO - Processing /home/airflow/.local/lib/python3.6/site-packages/airflow/example_dags/example_latest_only_with_trigger.py took 0.215 seconds
[2021-06-28 15:30:51,780] {scheduler_job.py:182} INFO - Started process (PID=1852) to work on /home/airflow/.local/lib/python3.6/site-packages/airflow/example_dags/example_latest_only_with_trigger.py
[2021-06-28 15:30:51,783] {scheduler_job.py:633} INFO - Processing file /home/airflow/.local/lib/python3.6/site-packages/airflow/example_dags/example_latest_only_with_trigger.py for tasks to queue
[2021-06-28 15:30:51,784] {logging_mixin.py:104} INFO - [2021-06-28 15:30:51,783] {dagbag.py:487} INFO - Filling up the DagBag from /home/airflow/.local/lib/python3.6/site-packages/airflow/example_dags/example_latest_only_with_trigger.py
[2021-06-28 15:30:51,820] {scheduler_job.py:643} INFO - DAG(s) dict_keys(['latest_only_with_trigger']) retrieved from /home/airflow/.local/lib/python3.6/site-packages/airflow/example_dags/example_latest_only_with_trigger.py
[2021-06-28 15:30:51,897] {logging_mixin.py:104} INFO - [2021-06-28 15:30:51,897] {dag.py:1832} INFO - Sync 1 DAGs
[2021-06-28 15:30:51,945] {logging_mixin.py:104} INFO - [2021-06-28 15:30:51,945] {dag.py:2305} INFO - Setting next_dagrun for latest_only_with_trigger to 2021-06-26 00:00:00+00:00
[2021-06-28 15:30:51,984] {scheduler_job.py:190} INFO - Processing /home/airflow/.local/lib/python3.6/site-packages/airflow/example_dags/example_latest_only_with_trigger.py took 0.219 seconds
[2021-06-28 15:31:22,890] {scheduler_job.py:182} INFO - Started process (PID=1914) to work on /home/airflow/.local/lib/python3.6/site-packages/airflow/example_dags/example_latest_only_with_trigger.py
[2021-06-28 15:31:22,891] {scheduler_job.py:633} INFO - Processing file /home/airflow/.local/lib/python3.6/site-packages/airflow/example_dags/example_latest_only_with_trigger.py for tasks to queue
[2021-06-28 15:31:22,892] {logging_mixin.py:104} INFO - [2021-06-28 15:31:22,892] {dagbag.py:487} INFO - Filling up the DagBag from /home/airflow/.local/lib/python3.6/site-packages/airflow/example_dags/example_latest_only_with_trigger.py
[2021-06-28 15:31:22,924] {scheduler_job.py:643} INFO - DAG(s) dict_keys(['latest_only_with_trigger']) retrieved from /home/airflow/.local/lib/python3.6/site-packages/airflow/example_dags/example_latest_only_with_trigger.py
[2021-06-28 15:31:22,978] {logging_mixin.py:104} INFO - [2021-06-28 15:31:22,977] {dag.py:1832} INFO - Sync 1 DAGs
[2021-06-28 15:31:23,022] {logging_mixin.py:104} INFO - [2021-06-28 15:31:23,022] {dag.py:2305} INFO - Setting next_dagrun for latest_only_with_trigger to 2021-06-26 00:00:00+00:00
[2021-06-28 15:31:23,042] {scheduler_job.py:190} INFO - Processing /home/airflow/.local/lib/python3.6/site-packages/airflow/example_dags/example_latest_only_with_trigger.py took 0.164 seconds
[2021-06-28 15:34:00,029] {scheduler_job.py:182} INFO - Started process (PID=68) to work on /home/airflow/.local/lib/python3.6/site-packages/airflow/example_dags/example_latest_only_with_trigger.py
[2021-06-28 15:34:00,034] {scheduler_job.py:633} INFO - Processing file /home/airflow/.local/lib/python3.6/site-packages/airflow/example_dags/example_latest_only_with_trigger.py for tasks to queue
[2021-06-28 15:34:00,038] {logging_mixin.py:104} INFO - [2021-06-28 15:34:00,037] {dagbag.py:487} INFO - Filling up the DagBag from /home/airflow/.local/lib/python3.6/site-packages/airflow/example_dags/example_latest_only_with_trigger.py
[2021-06-28 15:34:00,065] {scheduler_job.py:643} INFO - DAG(s) dict_keys(['latest_only_with_trigger']) retrieved from /home/airflow/.local/lib/python3.6/site-packages/airflow/example_dags/example_latest_only_with_trigger.py
[2021-06-28 15:34:00,270] {logging_mixin.py:104} INFO - [2021-06-28 15:34:00,270] {dag.py:1832} INFO - Sync 1 DAGs
[2021-06-28 15:34:00,307] {logging_mixin.py:104} INFO - [2021-06-28 15:34:00,307] {dag.py:2305} INFO - Setting next_dagrun for latest_only_with_trigger to 2021-06-26 00:00:00+00:00
[2021-06-28 15:34:00,341] {scheduler_job.py:190} INFO - Processing /home/airflow/.local/lib/python3.6/site-packages/airflow/example_dags/example_latest_only_with_trigger.py took 0.326 seconds
[2021-06-28 15:34:33,284] {scheduler_job.py:182} INFO - Started process (PID=126) to work on /home/airflow/.local/lib/python3.6/site-packages/airflow/example_dags/example_latest_only_with_trigger.py
[2021-06-28 15:34:33,289] {scheduler_job.py:633} INFO - Processing file /home/airflow/.local/lib/python3.6/site-packages/airflow/example_dags/example_latest_only_with_trigger.py for tasks to queue
[2021-06-28 15:34:33,291] {logging_mixin.py:104} INFO - [2021-06-28 15:34:33,290] {dagbag.py:487} INFO - Filling up the DagBag from /home/airflow/.local/lib/python3.6/site-packages/airflow/example_dags/example_latest_only_with_trigger.py
[2021-06-28 15:34:33,314] {scheduler_job.py:643} INFO - DAG(s) dict_keys(['latest_only_with_trigger']) retrieved from /home/airflow/.local/lib/python3.6/site-packages/airflow/example_dags/example_latest_only_with_trigger.py
[2021-06-28 15:34:33,451] {logging_mixin.py:104} INFO - [2021-06-28 15:34:33,450] {dag.py:1832} INFO - Sync 1 DAGs
[2021-06-28 15:34:33,547] {logging_mixin.py:104} INFO - [2021-06-28 15:34:33,547] {dag.py:2305} INFO - Setting next_dagrun for latest_only_with_trigger to 2021-06-26 00:00:00+00:00
[2021-06-28 15:34:33,600] {scheduler_job.py:190} INFO - Processing /home/airflow/.local/lib/python3.6/site-packages/airflow/example_dags/example_latest_only_with_trigger.py took 0.321 seconds
[2021-06-28 15:35:04,087] {scheduler_job.py:182} INFO - Started process (PID=187) to work on /home/airflow/.local/lib/python3.6/site-packages/airflow/example_dags/example_latest_only_with_trigger.py
[2021-06-28 15:35:04,089] {scheduler_job.py:633} INFO - Processing file /home/airflow/.local/lib/python3.6/site-packages/airflow/example_dags/example_latest_only_with_trigger.py for tasks to queue
[2021-06-28 15:35:04,090] {logging_mixin.py:104} INFO - [2021-06-28 15:35:04,090] {dagbag.py:487} INFO - Filling up the DagBag from /home/airflow/.local/lib/python3.6/site-packages/airflow/example_dags/example_latest_only_with_trigger.py
[2021-06-28 15:35:04,129] {scheduler_job.py:643} INFO - DAG(s) dict_keys(['latest_only_with_trigger']) retrieved from /home/airflow/.local/lib/python3.6/site-packages/airflow/example_dags/example_latest_only_with_trigger.py
[2021-06-28 15:35:04,169] {logging_mixin.py:104} INFO - [2021-06-28 15:35:04,169] {dag.py:1832} INFO - Sync 1 DAGs
[2021-06-28 15:35:04,191] {logging_mixin.py:104} INFO - [2021-06-28 15:35:04,191] {dag.py:2305} INFO - Setting next_dagrun for latest_only_with_trigger to 2021-06-26 00:00:00+00:00
[2021-06-28 15:35:04,217] {scheduler_job.py:190} INFO - Processing /home/airflow/.local/lib/python3.6/site-packages/airflow/example_dags/example_latest_only_with_trigger.py took 0.138 seconds
[2021-06-28 15:35:36,077] {scheduler_job.py:182} INFO - Started process (PID=249) to work on /home/airflow/.local/lib/python3.6/site-packages/airflow/example_dags/example_latest_only_with_trigger.py
[2021-06-28 15:35:36,078] {scheduler_job.py:633} INFO - Processing file /home/airflow/.local/lib/python3.6/site-packages/airflow/example_dags/example_latest_only_with_trigger.py for tasks to queue
[2021-06-28 15:35:36,079] {logging_mixin.py:104} INFO - [2021-06-28 15:35:36,079] {dagbag.py:487} INFO - Filling up the DagBag from /home/airflow/.local/lib/python3.6/site-packages/airflow/example_dags/example_latest_only_with_trigger.py
[2021-06-28 15:35:36,161] {scheduler_job.py:643} INFO - DAG(s) dict_keys(['latest_only_with_trigger']) retrieved from /home/airflow/.local/lib/python3.6/site-packages/airflow/example_dags/example_latest_only_with_trigger.py
[2021-06-28 15:35:36,395] {logging_mixin.py:104} INFO - [2021-06-28 15:35:36,395] {dag.py:1832} INFO - Sync 1 DAGs
[2021-06-28 15:35:36,466] {logging_mixin.py:104} INFO - [2021-06-28 15:35:36,460] {dag.py:2305} INFO - Setting next_dagrun for latest_only_with_trigger to 2021-06-26 00:00:00+00:00
[2021-06-28 15:35:36,566] {scheduler_job.py:190} INFO - Processing /home/airflow/.local/lib/python3.6/site-packages/airflow/example_dags/example_latest_only_with_trigger.py took 0.494 seconds
[2021-06-28 15:36:06,913] {scheduler_job.py:182} INFO - Started process (PID=309) to work on /home/airflow/.local/lib/python3.6/site-packages/airflow/example_dags/example_latest_only_with_trigger.py
[2021-06-28 15:36:06,927] {scheduler_job.py:633} INFO - Processing file /home/airflow/.local/lib/python3.6/site-packages/airflow/example_dags/example_latest_only_with_trigger.py for tasks to queue
[2021-06-28 15:36:06,948] {logging_mixin.py:104} INFO - [2021-06-28 15:36:06,947] {dagbag.py:487} INFO - Filling up the DagBag from /home/airflow/.local/lib/python3.6/site-packages/airflow/example_dags/example_latest_only_with_trigger.py
[2021-06-28 15:36:07,015] {scheduler_job.py:643} INFO - DAG(s) dict_keys(['latest_only_with_trigger']) retrieved from /home/airflow/.local/lib/python3.6/site-packages/airflow/example_dags/example_latest_only_with_trigger.py
[2021-06-28 15:36:07,080] {logging_mixin.py:104} INFO - [2021-06-28 15:36:07,080] {dag.py:1832} INFO - Sync 1 DAGs
[2021-06-28 15:36:07,108] {logging_mixin.py:104} INFO - [2021-06-28 15:36:07,108] {dag.py:2305} INFO - Setting next_dagrun for latest_only_with_trigger to 2021-06-26 00:00:00+00:00
[2021-06-28 15:36:07,142] {scheduler_job.py:190} INFO - Processing /home/airflow/.local/lib/python3.6/site-packages/airflow/example_dags/example_latest_only_with_trigger.py took 0.301 seconds
[2021-06-28 15:36:37,496] {scheduler_job.py:182} INFO - Started process (PID=369) to work on /home/airflow/.local/lib/python3.6/site-packages/airflow/example_dags/example_latest_only_with_trigger.py
[2021-06-28 15:36:37,498] {scheduler_job.py:633} INFO - Processing file /home/airflow/.local/lib/python3.6/site-packages/airflow/example_dags/example_latest_only_with_trigger.py for tasks to queue
[2021-06-28 15:36:37,499] {logging_mixin.py:104} INFO - [2021-06-28 15:36:37,499] {dagbag.py:487} INFO - Filling up the DagBag from /home/airflow/.local/lib/python3.6/site-packages/airflow/example_dags/example_latest_only_with_trigger.py
[2021-06-28 15:36:37,521] {scheduler_job.py:643} INFO - DAG(s) dict_keys(['latest_only_with_trigger']) retrieved from /home/airflow/.local/lib/python3.6/site-packages/airflow/example_dags/example_latest_only_with_trigger.py
[2021-06-28 15:36:37,564] {logging_mixin.py:104} INFO - [2021-06-28 15:36:37,564] {dag.py:1832} INFO - Sync 1 DAGs
[2021-06-28 15:36:37,605] {logging_mixin.py:104} INFO - [2021-06-28 15:36:37,605] {dag.py:2305} INFO - Setting next_dagrun for latest_only_with_trigger to 2021-06-26 00:00:00+00:00
[2021-06-28 15:36:37,643] {scheduler_job.py:190} INFO - Processing /home/airflow/.local/lib/python3.6/site-packages/airflow/example_dags/example_latest_only_with_trigger.py took 0.153 seconds
[2021-06-28 15:37:07,696] {scheduler_job.py:182} INFO - Started process (PID=428) to work on /home/airflow/.local/lib/python3.6/site-packages/airflow/example_dags/example_latest_only_with_trigger.py
[2021-06-28 15:37:07,698] {scheduler_job.py:633} INFO - Processing file /home/airflow/.local/lib/python3.6/site-packages/airflow/example_dags/example_latest_only_with_trigger.py for tasks to queue
[2021-06-28 15:37:07,699] {logging_mixin.py:104} INFO - [2021-06-28 15:37:07,699] {dagbag.py:487} INFO - Filling up the DagBag from /home/airflow/.local/lib/python3.6/site-packages/airflow/example_dags/example_latest_only_with_trigger.py
[2021-06-28 15:37:07,727] {scheduler_job.py:643} INFO - DAG(s) dict_keys(['latest_only_with_trigger']) retrieved from /home/airflow/.local/lib/python3.6/site-packages/airflow/example_dags/example_latest_only_with_trigger.py
[2021-06-28 15:37:07,791] {logging_mixin.py:104} INFO - [2021-06-28 15:37:07,790] {dag.py:1832} INFO - Sync 1 DAGs
[2021-06-28 15:37:07,842] {logging_mixin.py:104} INFO - [2021-06-28 15:37:07,842] {dag.py:2305} INFO - Setting next_dagrun for latest_only_with_trigger to 2021-06-26 00:00:00+00:00
[2021-06-28 15:37:07,868] {scheduler_job.py:190} INFO - Processing /home/airflow/.local/lib/python3.6/site-packages/airflow/example_dags/example_latest_only_with_trigger.py took 0.178 seconds
[2021-06-28 15:37:38,190] {scheduler_job.py:182} INFO - Started process (PID=486) to work on /home/airflow/.local/lib/python3.6/site-packages/airflow/example_dags/example_latest_only_with_trigger.py
[2021-06-28 15:37:38,198] {scheduler_job.py:633} INFO - Processing file /home/airflow/.local/lib/python3.6/site-packages/airflow/example_dags/example_latest_only_with_trigger.py for tasks to queue
[2021-06-28 15:37:38,199] {logging_mixin.py:104} INFO - [2021-06-28 15:37:38,199] {dagbag.py:487} INFO - Filling up the DagBag from /home/airflow/.local/lib/python3.6/site-packages/airflow/example_dags/example_latest_only_with_trigger.py
[2021-06-28 15:37:38,230] {scheduler_job.py:643} INFO - DAG(s) dict_keys(['latest_only_with_trigger']) retrieved from /home/airflow/.local/lib/python3.6/site-packages/airflow/example_dags/example_latest_only_with_trigger.py
[2021-06-28 15:37:38,280] {logging_mixin.py:104} INFO - [2021-06-28 15:37:38,279] {dag.py:1832} INFO - Sync 1 DAGs
[2021-06-28 15:37:38,323] {logging_mixin.py:104} INFO - [2021-06-28 15:37:38,323] {dag.py:2305} INFO - Setting next_dagrun for latest_only_with_trigger to 2021-06-26 00:00:00+00:00
[2021-06-28 15:37:38,353] {scheduler_job.py:190} INFO - Processing /home/airflow/.local/lib/python3.6/site-packages/airflow/example_dags/example_latest_only_with_trigger.py took 0.169 seconds
[2021-06-28 15:38:10,126] {scheduler_job.py:182} INFO - Started process (PID=562) to work on /home/airflow/.local/lib/python3.6/site-packages/airflow/example_dags/example_latest_only_with_trigger.py
[2021-06-28 15:38:10,142] {scheduler_job.py:633} INFO - Processing file /home/airflow/.local/lib/python3.6/site-packages/airflow/example_dags/example_latest_only_with_trigger.py for tasks to queue
[2021-06-28 15:38:10,169] {logging_mixin.py:104} INFO - [2021-06-28 15:38:10,168] {dagbag.py:487} INFO - Filling up the DagBag from /home/airflow/.local/lib/python3.6/site-packages/airflow/example_dags/example_latest_only_with_trigger.py
[2021-06-28 15:38:10,344] {scheduler_job.py:643} INFO - DAG(s) dict_keys(['latest_only_with_trigger']) retrieved from /home/airflow/.local/lib/python3.6/site-packages/airflow/example_dags/example_latest_only_with_trigger.py
[2021-06-28 15:38:10,548] {logging_mixin.py:104} INFO - [2021-06-28 15:38:10,548] {dag.py:1832} INFO - Sync 1 DAGs
[2021-06-28 15:38:10,643] {logging_mixin.py:104} INFO - [2021-06-28 15:38:10,643] {dag.py:2305} INFO - Setting next_dagrun for latest_only_with_trigger to 2021-06-26 00:00:00+00:00
[2021-06-28 15:38:10,705] {scheduler_job.py:190} INFO - Processing /home/airflow/.local/lib/python3.6/site-packages/airflow/example_dags/example_latest_only_with_trigger.py took 0.611 seconds
[2021-06-28 15:38:41,487] {scheduler_job.py:182} INFO - Started process (PID=628) to work on /home/airflow/.local/lib/python3.6/site-packages/airflow/example_dags/example_latest_only_with_trigger.py
[2021-06-28 15:38:41,491] {scheduler_job.py:633} INFO - Processing file /home/airflow/.local/lib/python3.6/site-packages/airflow/example_dags/example_latest_only_with_trigger.py for tasks to queue
[2021-06-28 15:38:41,497] {logging_mixin.py:104} INFO - [2021-06-28 15:38:41,497] {dagbag.py:487} INFO - Filling up the DagBag from /home/airflow/.local/lib/python3.6/site-packages/airflow/example_dags/example_latest_only_with_trigger.py
[2021-06-28 15:38:41,557] {scheduler_job.py:643} INFO - DAG(s) dict_keys(['latest_only_with_trigger']) retrieved from /home/airflow/.local/lib/python3.6/site-packages/airflow/example_dags/example_latest_only_with_trigger.py
[2021-06-28 15:38:41,658] {logging_mixin.py:104} INFO - [2021-06-28 15:38:41,658] {dag.py:1832} INFO - Sync 1 DAGs
[2021-06-28 15:38:41,738] {logging_mixin.py:104} INFO - [2021-06-28 15:38:41,738] {dag.py:2305} INFO - Setting next_dagrun for latest_only_with_trigger to 2021-06-26 00:00:00+00:00
[2021-06-28 15:38:41,764] {scheduler_job.py:190} INFO - Processing /home/airflow/.local/lib/python3.6/site-packages/airflow/example_dags/example_latest_only_with_trigger.py took 0.287 seconds
[2021-06-28 15:39:12,063] {scheduler_job.py:182} INFO - Started process (PID=691) to work on /home/airflow/.local/lib/python3.6/site-packages/airflow/example_dags/example_latest_only_with_trigger.py
[2021-06-28 15:39:12,064] {scheduler_job.py:633} INFO - Processing file /home/airflow/.local/lib/python3.6/site-packages/airflow/example_dags/example_latest_only_with_trigger.py for tasks to queue
[2021-06-28 15:39:12,066] {logging_mixin.py:104} INFO - [2021-06-28 15:39:12,065] {dagbag.py:487} INFO - Filling up the DagBag from /home/airflow/.local/lib/python3.6/site-packages/airflow/example_dags/example_latest_only_with_trigger.py
[2021-06-28 15:39:12,083] {scheduler_job.py:643} INFO - DAG(s) dict_keys(['latest_only_with_trigger']) retrieved from /home/airflow/.local/lib/python3.6/site-packages/airflow/example_dags/example_latest_only_with_trigger.py
[2021-06-28 15:39:12,126] {logging_mixin.py:104} INFO - [2021-06-28 15:39:12,126] {dag.py:1832} INFO - Sync 1 DAGs
[2021-06-28 15:39:12,160] {logging_mixin.py:104} INFO - [2021-06-28 15:39:12,160] {dag.py:2305} INFO - Setting next_dagrun for latest_only_with_trigger to 2021-06-26 00:00:00+00:00
[2021-06-28 15:39:12,198] {scheduler_job.py:190} INFO - Processing /home/airflow/.local/lib/python3.6/site-packages/airflow/example_dags/example_latest_only_with_trigger.py took 0.139 seconds
[2021-06-28 15:39:42,449] {scheduler_job.py:182} INFO - Started process (PID=769) to work on /home/airflow/.local/lib/python3.6/site-packages/airflow/example_dags/example_latest_only_with_trigger.py
[2021-06-28 15:39:42,450] {scheduler_job.py:633} INFO - Processing file /home/airflow/.local/lib/python3.6/site-packages/airflow/example_dags/example_latest_only_with_trigger.py for tasks to queue
[2021-06-28 15:39:42,451] {logging_mixin.py:104} INFO - [2021-06-28 15:39:42,451] {dagbag.py:487} INFO - Filling up the DagBag from /home/airflow/.local/lib/python3.6/site-packages/airflow/example_dags/example_latest_only_with_trigger.py
[2021-06-28 15:39:42,471] {scheduler_job.py:643} INFO - DAG(s) dict_keys(['latest_only_with_trigger']) retrieved from /home/airflow/.local/lib/python3.6/site-packages/airflow/example_dags/example_latest_only_with_trigger.py
[2021-06-28 15:39:42,535] {logging_mixin.py:104} INFO - [2021-06-28 15:39:42,535] {dag.py:1832} INFO - Sync 1 DAGs
[2021-06-28 15:39:42,588] {logging_mixin.py:104} INFO - [2021-06-28 15:39:42,588] {dag.py:2305} INFO - Setting next_dagrun for latest_only_with_trigger to 2021-06-26 00:00:00+00:00
[2021-06-28 15:39:42,616] {scheduler_job.py:190} INFO - Processing /home/airflow/.local/lib/python3.6/site-packages/airflow/example_dags/example_latest_only_with_trigger.py took 0.173 seconds
[2021-06-28 15:40:13,069] {scheduler_job.py:182} INFO - Started process (PID=829) to work on /home/airflow/.local/lib/python3.6/site-packages/airflow/example_dags/example_latest_only_with_trigger.py
[2021-06-28 15:40:13,070] {scheduler_job.py:633} INFO - Processing file /home/airflow/.local/lib/python3.6/site-packages/airflow/example_dags/example_latest_only_with_trigger.py for tasks to queue
[2021-06-28 15:40:13,071] {logging_mixin.py:104} INFO - [2021-06-28 15:40:13,071] {dagbag.py:487} INFO - Filling up the DagBag from /home/airflow/.local/lib/python3.6/site-packages/airflow/example_dags/example_latest_only_with_trigger.py
[2021-06-28 15:40:13,095] {scheduler_job.py:643} INFO - DAG(s) dict_keys(['latest_only_with_trigger']) retrieved from /home/airflow/.local/lib/python3.6/site-packages/airflow/example_dags/example_latest_only_with_trigger.py
[2021-06-28 15:40:13,139] {logging_mixin.py:104} INFO - [2021-06-28 15:40:13,139] {dag.py:1832} INFO - Sync 1 DAGs
[2021-06-28 15:40:13,174] {logging_mixin.py:104} INFO - [2021-06-28 15:40:13,174] {dag.py:2305} INFO - Setting next_dagrun for latest_only_with_trigger to 2021-06-26 00:00:00+00:00
[2021-06-28 15:40:13,197] {scheduler_job.py:190} INFO - Processing /home/airflow/.local/lib/python3.6/site-packages/airflow/example_dags/example_latest_only_with_trigger.py took 0.135 seconds
[2021-06-28 15:40:43,387] {scheduler_job.py:182} INFO - Started process (PID=892) to work on /home/airflow/.local/lib/python3.6/site-packages/airflow/example_dags/example_latest_only_with_trigger.py
[2021-06-28 15:40:43,388] {scheduler_job.py:633} INFO - Processing file /home/airflow/.local/lib/python3.6/site-packages/airflow/example_dags/example_latest_only_with_trigger.py for tasks to queue
[2021-06-28 15:40:43,389] {logging_mixin.py:104} INFO - [2021-06-28 15:40:43,389] {dagbag.py:487} INFO - Filling up the DagBag from /home/airflow/.local/lib/python3.6/site-packages/airflow/example_dags/example_latest_only_with_trigger.py
[2021-06-28 15:40:43,405] {scheduler_job.py:643} INFO - DAG(s) dict_keys(['latest_only_with_trigger']) retrieved from /home/airflow/.local/lib/python3.6/site-packages/airflow/example_dags/example_latest_only_with_trigger.py
[2021-06-28 15:40:43,431] {logging_mixin.py:104} INFO - [2021-06-28 15:40:43,431] {dag.py:1832} INFO - Sync 1 DAGs
[2021-06-28 15:40:43,451] {logging_mixin.py:104} INFO - [2021-06-28 15:40:43,451] {dag.py:2305} INFO - Setting next_dagrun for latest_only_with_trigger to 2021-06-26 00:00:00+00:00
[2021-06-28 15:40:43,465] {scheduler_job.py:190} INFO - Processing /home/airflow/.local/lib/python3.6/site-packages/airflow/example_dags/example_latest_only_with_trigger.py took 0.082 seconds
[2021-06-28 15:41:14,302] {scheduler_job.py:182} INFO - Started process (PID=961) to work on /home/airflow/.local/lib/python3.6/site-packages/airflow/example_dags/example_latest_only_with_trigger.py
[2021-06-28 15:41:14,305] {scheduler_job.py:633} INFO - Processing file /home/airflow/.local/lib/python3.6/site-packages/airflow/example_dags/example_latest_only_with_trigger.py for tasks to queue
[2021-06-28 15:41:14,306] {logging_mixin.py:104} INFO - [2021-06-28 15:41:14,305] {dagbag.py:487} INFO - Filling up the DagBag from /home/airflow/.local/lib/python3.6/site-packages/airflow/example_dags/example_latest_only_with_trigger.py
[2021-06-28 15:41:14,330] {scheduler_job.py:643} INFO - DAG(s) dict_keys(['latest_only_with_trigger']) retrieved from /home/airflow/.local/lib/python3.6/site-packages/airflow/example_dags/example_latest_only_with_trigger.py
[2021-06-28 15:41:14,393] {logging_mixin.py:104} INFO - [2021-06-28 15:41:14,393] {dag.py:1832} INFO - Sync 1 DAGs
[2021-06-28 15:41:14,441] {logging_mixin.py:104} INFO - [2021-06-28 15:41:14,441] {dag.py:2305} INFO - Setting next_dagrun for latest_only_with_trigger to 2021-06-26 00:00:00+00:00
[2021-06-28 15:41:14,496] {scheduler_job.py:190} INFO - Processing /home/airflow/.local/lib/python3.6/site-packages/airflow/example_dags/example_latest_only_with_trigger.py took 0.207 seconds
[2021-06-28 15:41:44,636] {scheduler_job.py:182} INFO - Started process (PID=1024) to work on /home/airflow/.local/lib/python3.6/site-packages/airflow/example_dags/example_latest_only_with_trigger.py
[2021-06-28 15:41:44,638] {scheduler_job.py:633} INFO - Processing file /home/airflow/.local/lib/python3.6/site-packages/airflow/example_dags/example_latest_only_with_trigger.py for tasks to queue
[2021-06-28 15:41:44,639] {logging_mixin.py:104} INFO - [2021-06-28 15:41:44,639] {dagbag.py:487} INFO - Filling up the DagBag from /home/airflow/.local/lib/python3.6/site-packages/airflow/example_dags/example_latest_only_with_trigger.py
[2021-06-28 15:41:44,690] {scheduler_job.py:643} INFO - DAG(s) dict_keys(['latest_only_with_trigger']) retrieved from /home/airflow/.local/lib/python3.6/site-packages/airflow/example_dags/example_latest_only_with_trigger.py
[2021-06-28 15:41:44,772] {logging_mixin.py:104} INFO - [2021-06-28 15:41:44,772] {dag.py:1832} INFO - Sync 1 DAGs
[2021-06-28 15:41:44,833] {logging_mixin.py:104} INFO - [2021-06-28 15:41:44,833] {dag.py:2305} INFO - Setting next_dagrun for latest_only_with_trigger to 2021-06-26 00:00:00+00:00
[2021-06-28 15:41:44,888] {scheduler_job.py:190} INFO - Processing /home/airflow/.local/lib/python3.6/site-packages/airflow/example_dags/example_latest_only_with_trigger.py took 0.268 seconds
[2021-06-28 15:42:15,253] {scheduler_job.py:182} INFO - Started process (PID=1084) to work on /home/airflow/.local/lib/python3.6/site-packages/airflow/example_dags/example_latest_only_with_trigger.py
[2021-06-28 15:42:15,267] {scheduler_job.py:633} INFO - Processing file /home/airflow/.local/lib/python3.6/site-packages/airflow/example_dags/example_latest_only_with_trigger.py for tasks to queue
[2021-06-28 15:42:15,274] {logging_mixin.py:104} INFO - [2021-06-28 15:42:15,274] {dagbag.py:487} INFO - Filling up the DagBag from /home/airflow/.local/lib/python3.6/site-packages/airflow/example_dags/example_latest_only_with_trigger.py
[2021-06-28 15:42:15,298] {scheduler_job.py:643} INFO - DAG(s) dict_keys(['latest_only_with_trigger']) retrieved from /home/airflow/.local/lib/python3.6/site-packages/airflow/example_dags/example_latest_only_with_trigger.py
[2021-06-28 15:42:15,353] {logging_mixin.py:104} INFO - [2021-06-28 15:42:15,352] {dag.py:1832} INFO - Sync 1 DAGs
[2021-06-28 15:42:15,439] {logging_mixin.py:104} INFO - [2021-06-28 15:42:15,439] {dag.py:2305} INFO - Setting next_dagrun for latest_only_with_trigger to 2021-06-26 00:00:00+00:00
[2021-06-28 15:42:15,468] {scheduler_job.py:190} INFO - Processing /home/airflow/.local/lib/python3.6/site-packages/airflow/example_dags/example_latest_only_with_trigger.py took 0.227 seconds
[2021-06-28 15:42:45,683] {scheduler_job.py:182} INFO - Started process (PID=1144) to work on /home/airflow/.local/lib/python3.6/site-packages/airflow/example_dags/example_latest_only_with_trigger.py
[2021-06-28 15:42:45,685] {scheduler_job.py:633} INFO - Processing file /home/airflow/.local/lib/python3.6/site-packages/airflow/example_dags/example_latest_only_with_trigger.py for tasks to queue
[2021-06-28 15:42:45,692] {logging_mixin.py:104} INFO - [2021-06-28 15:42:45,691] {dagbag.py:487} INFO - Filling up the DagBag from /home/airflow/.local/lib/python3.6/site-packages/airflow/example_dags/example_latest_only_with_trigger.py
[2021-06-28 15:42:45,736] {scheduler_job.py:643} INFO - DAG(s) dict_keys(['latest_only_with_trigger']) retrieved from /home/airflow/.local/lib/python3.6/site-packages/airflow/example_dags/example_latest_only_with_trigger.py
[2021-06-28 15:42:45,777] {logging_mixin.py:104} INFO - [2021-06-28 15:42:45,777] {dag.py:1832} INFO - Sync 1 DAGs
[2021-06-28 15:42:45,867] {logging_mixin.py:104} INFO - [2021-06-28 15:42:45,865] {dag.py:2305} INFO - Setting next_dagrun for latest_only_with_trigger to 2021-06-26 00:00:00+00:00
[2021-06-28 15:42:45,895] {scheduler_job.py:190} INFO - Processing /home/airflow/.local/lib/python3.6/site-packages/airflow/example_dags/example_latest_only_with_trigger.py took 0.217 seconds
[2021-06-28 15:43:16,117] {scheduler_job.py:182} INFO - Started process (PID=1213) to work on /home/airflow/.local/lib/python3.6/site-packages/airflow/example_dags/example_latest_only_with_trigger.py
[2021-06-28 15:43:16,119] {scheduler_job.py:633} INFO - Processing file /home/airflow/.local/lib/python3.6/site-packages/airflow/example_dags/example_latest_only_with_trigger.py for tasks to queue
[2021-06-28 15:43:16,120] {logging_mixin.py:104} INFO - [2021-06-28 15:43:16,120] {dagbag.py:487} INFO - Filling up the DagBag from /home/airflow/.local/lib/python3.6/site-packages/airflow/example_dags/example_latest_only_with_trigger.py
[2021-06-28 15:43:16,206] {scheduler_job.py:643} INFO - DAG(s) dict_keys(['latest_only_with_trigger']) retrieved from /home/airflow/.local/lib/python3.6/site-packages/airflow/example_dags/example_latest_only_with_trigger.py
[2021-06-28 15:43:16,293] {logging_mixin.py:104} INFO - [2021-06-28 15:43:16,293] {dag.py:1832} INFO - Sync 1 DAGs
[2021-06-28 15:43:16,412] {logging_mixin.py:104} INFO - [2021-06-28 15:43:16,412] {dag.py:2305} INFO - Setting next_dagrun for latest_only_with_trigger to 2021-06-26 00:00:00+00:00
[2021-06-28 15:43:16,479] {scheduler_job.py:190} INFO - Processing /home/airflow/.local/lib/python3.6/site-packages/airflow/example_dags/example_latest_only_with_trigger.py took 0.366 seconds
[2021-06-28 15:43:46,705] {scheduler_job.py:182} INFO - Started process (PID=1273) to work on /home/airflow/.local/lib/python3.6/site-packages/airflow/example_dags/example_latest_only_with_trigger.py
[2021-06-28 15:43:46,731] {scheduler_job.py:633} INFO - Processing file /home/airflow/.local/lib/python3.6/site-packages/airflow/example_dags/example_latest_only_with_trigger.py for tasks to queue
[2021-06-28 15:43:46,734] {logging_mixin.py:104} INFO - [2021-06-28 15:43:46,734] {dagbag.py:487} INFO - Filling up the DagBag from /home/airflow/.local/lib/python3.6/site-packages/airflow/example_dags/example_latest_only_with_trigger.py
[2021-06-28 15:43:46,765] {scheduler_job.py:643} INFO - DAG(s) dict_keys(['latest_only_with_trigger']) retrieved from /home/airflow/.local/lib/python3.6/site-packages/airflow/example_dags/example_latest_only_with_trigger.py
[2021-06-28 15:43:46,822] {logging_mixin.py:104} INFO - [2021-06-28 15:43:46,822] {dag.py:1832} INFO - Sync 1 DAGs
[2021-06-28 15:43:46,850] {logging_mixin.py:104} INFO - [2021-06-28 15:43:46,850] {dag.py:2305} INFO - Setting next_dagrun for latest_only_with_trigger to 2021-06-26 00:00:00+00:00
[2021-06-28 15:43:46,867] {scheduler_job.py:190} INFO - Processing /home/airflow/.local/lib/python3.6/site-packages/airflow/example_dags/example_latest_only_with_trigger.py took 0.167 seconds
[2021-06-28 15:44:17,174] {scheduler_job.py:182} INFO - Started process (PID=1333) to work on /home/airflow/.local/lib/python3.6/site-packages/airflow/example_dags/example_latest_only_with_trigger.py
[2021-06-28 15:44:17,179] {scheduler_job.py:633} INFO - Processing file /home/airflow/.local/lib/python3.6/site-packages/airflow/example_dags/example_latest_only_with_trigger.py for tasks to queue
[2021-06-28 15:44:17,188] {logging_mixin.py:104} INFO - [2021-06-28 15:44:17,187] {dagbag.py:487} INFO - Filling up the DagBag from /home/airflow/.local/lib/python3.6/site-packages/airflow/example_dags/example_latest_only_with_trigger.py
[2021-06-28 15:44:17,223] {scheduler_job.py:643} INFO - DAG(s) dict_keys(['latest_only_with_trigger']) retrieved from /home/airflow/.local/lib/python3.6/site-packages/airflow/example_dags/example_latest_only_with_trigger.py
[2021-06-28 15:44:17,282] {logging_mixin.py:104} INFO - [2021-06-28 15:44:17,281] {dag.py:1832} INFO - Sync 1 DAGs
[2021-06-28 15:44:17,308] {logging_mixin.py:104} INFO - [2021-06-28 15:44:17,308] {dag.py:2305} INFO - Setting next_dagrun for latest_only_with_trigger to 2021-06-26 00:00:00+00:00
[2021-06-28 15:44:17,329] {scheduler_job.py:190} INFO - Processing /home/airflow/.local/lib/python3.6/site-packages/airflow/example_dags/example_latest_only_with_trigger.py took 0.164 seconds
