[2021-06-28 15:15:59,108] {scheduler_job.py:182} INFO - Started process (PID=67) to work on /home/airflow/.local/lib/python3.6/site-packages/airflow/example_dags/example_short_circuit_operator.py
[2021-06-28 15:15:59,139] {scheduler_job.py:633} INFO - Processing file /home/airflow/.local/lib/python3.6/site-packages/airflow/example_dags/example_short_circuit_operator.py for tasks to queue
[2021-06-28 15:15:59,140] {logging_mixin.py:104} INFO - [2021-06-28 15:15:59,140] {dagbag.py:487} INFO - Filling up the DagBag from /home/airflow/.local/lib/python3.6/site-packages/airflow/example_dags/example_short_circuit_operator.py
[2021-06-28 15:15:59,308] {scheduler_job.py:643} INFO - DAG(s) dict_keys(['example_short_circuit_operator']) retrieved from /home/airflow/.local/lib/python3.6/site-packages/airflow/example_dags/example_short_circuit_operator.py
[2021-06-28 15:16:01,883] {logging_mixin.py:104} INFO - [2021-06-28 15:16:01,883] {dag.py:1832} INFO - Sync 1 DAGs
[2021-06-28 15:16:02,068] {logging_mixin.py:104} INFO - [2021-06-28 15:16:02,067] {dag.py:2305} INFO - Setting next_dagrun for example_short_circuit_operator to 2021-06-26 00:00:00+00:00
[2021-06-28 15:16:02,217] {scheduler_job.py:190} INFO - Processing /home/airflow/.local/lib/python3.6/site-packages/airflow/example_dags/example_short_circuit_operator.py took 3.114 seconds
[2021-06-28 15:16:38,282] {scheduler_job.py:182} INFO - Started process (PID=128) to work on /home/airflow/.local/lib/python3.6/site-packages/airflow/example_dags/example_short_circuit_operator.py
[2021-06-28 15:16:38,311] {scheduler_job.py:633} INFO - Processing file /home/airflow/.local/lib/python3.6/site-packages/airflow/example_dags/example_short_circuit_operator.py for tasks to queue
[2021-06-28 15:16:38,312] {logging_mixin.py:104} INFO - [2021-06-28 15:16:38,312] {dagbag.py:487} INFO - Filling up the DagBag from /home/airflow/.local/lib/python3.6/site-packages/airflow/example_dags/example_short_circuit_operator.py
[2021-06-28 15:16:38,380] {scheduler_job.py:643} INFO - DAG(s) dict_keys(['example_short_circuit_operator']) retrieved from /home/airflow/.local/lib/python3.6/site-packages/airflow/example_dags/example_short_circuit_operator.py
[2021-06-28 15:16:38,582] {logging_mixin.py:104} INFO - [2021-06-28 15:16:38,582] {dag.py:1832} INFO - Sync 1 DAGs
[2021-06-28 15:16:38,835] {logging_mixin.py:104} INFO - [2021-06-28 15:16:38,835] {dag.py:2305} INFO - Setting next_dagrun for example_short_circuit_operator to 2021-06-26 00:00:00+00:00
[2021-06-28 15:16:38,896] {scheduler_job.py:190} INFO - Processing /home/airflow/.local/lib/python3.6/site-packages/airflow/example_dags/example_short_circuit_operator.py took 0.646 seconds
[2021-06-28 15:17:09,322] {scheduler_job.py:182} INFO - Started process (PID=185) to work on /home/airflow/.local/lib/python3.6/site-packages/airflow/example_dags/example_short_circuit_operator.py
[2021-06-28 15:17:09,343] {scheduler_job.py:633} INFO - Processing file /home/airflow/.local/lib/python3.6/site-packages/airflow/example_dags/example_short_circuit_operator.py for tasks to queue
[2021-06-28 15:17:09,345] {logging_mixin.py:104} INFO - [2021-06-28 15:17:09,344] {dagbag.py:487} INFO - Filling up the DagBag from /home/airflow/.local/lib/python3.6/site-packages/airflow/example_dags/example_short_circuit_operator.py
[2021-06-28 15:17:09,396] {scheduler_job.py:643} INFO - DAG(s) dict_keys(['example_short_circuit_operator']) retrieved from /home/airflow/.local/lib/python3.6/site-packages/airflow/example_dags/example_short_circuit_operator.py
[2021-06-28 15:17:09,600] {logging_mixin.py:104} INFO - [2021-06-28 15:17:09,600] {dag.py:1832} INFO - Sync 1 DAGs
[2021-06-28 15:17:09,683] {logging_mixin.py:104} INFO - [2021-06-28 15:17:09,683] {dag.py:2305} INFO - Setting next_dagrun for example_short_circuit_operator to 2021-06-26 00:00:00+00:00
[2021-06-28 15:17:09,744] {scheduler_job.py:190} INFO - Processing /home/airflow/.local/lib/python3.6/site-packages/airflow/example_dags/example_short_circuit_operator.py took 0.427 seconds
[2021-06-28 15:17:39,905] {scheduler_job.py:182} INFO - Started process (PID=252) to work on /home/airflow/.local/lib/python3.6/site-packages/airflow/example_dags/example_short_circuit_operator.py
[2021-06-28 15:17:39,911] {scheduler_job.py:633} INFO - Processing file /home/airflow/.local/lib/python3.6/site-packages/airflow/example_dags/example_short_circuit_operator.py for tasks to queue
[2021-06-28 15:17:39,914] {logging_mixin.py:104} INFO - [2021-06-28 15:17:39,914] {dagbag.py:487} INFO - Filling up the DagBag from /home/airflow/.local/lib/python3.6/site-packages/airflow/example_dags/example_short_circuit_operator.py
[2021-06-28 15:17:39,976] {scheduler_job.py:643} INFO - DAG(s) dict_keys(['example_short_circuit_operator']) retrieved from /home/airflow/.local/lib/python3.6/site-packages/airflow/example_dags/example_short_circuit_operator.py
[2021-06-28 15:17:40,020] {logging_mixin.py:104} INFO - [2021-06-28 15:17:40,019] {dag.py:1832} INFO - Sync 1 DAGs
[2021-06-28 15:17:40,071] {logging_mixin.py:104} INFO - [2021-06-28 15:17:40,071] {dag.py:2305} INFO - Setting next_dagrun for example_short_circuit_operator to 2021-06-26 00:00:00+00:00
[2021-06-28 15:17:40,104] {scheduler_job.py:190} INFO - Processing /home/airflow/.local/lib/python3.6/site-packages/airflow/example_dags/example_short_circuit_operator.py took 0.204 seconds
[2021-06-28 15:18:10,323] {scheduler_job.py:182} INFO - Started process (PID=310) to work on /home/airflow/.local/lib/python3.6/site-packages/airflow/example_dags/example_short_circuit_operator.py
[2021-06-28 15:18:10,324] {scheduler_job.py:633} INFO - Processing file /home/airflow/.local/lib/python3.6/site-packages/airflow/example_dags/example_short_circuit_operator.py for tasks to queue
[2021-06-28 15:18:10,325] {logging_mixin.py:104} INFO - [2021-06-28 15:18:10,325] {dagbag.py:487} INFO - Filling up the DagBag from /home/airflow/.local/lib/python3.6/site-packages/airflow/example_dags/example_short_circuit_operator.py
[2021-06-28 15:18:10,349] {scheduler_job.py:643} INFO - DAG(s) dict_keys(['example_short_circuit_operator']) retrieved from /home/airflow/.local/lib/python3.6/site-packages/airflow/example_dags/example_short_circuit_operator.py
[2021-06-28 15:18:10,407] {logging_mixin.py:104} INFO - [2021-06-28 15:18:10,406] {dag.py:1832} INFO - Sync 1 DAGs
[2021-06-28 15:18:10,440] {logging_mixin.py:104} INFO - [2021-06-28 15:18:10,440] {dag.py:2305} INFO - Setting next_dagrun for example_short_circuit_operator to 2021-06-26 00:00:00+00:00
[2021-06-28 15:18:10,469] {scheduler_job.py:190} INFO - Processing /home/airflow/.local/lib/python3.6/site-packages/airflow/example_dags/example_short_circuit_operator.py took 0.149 seconds
[2021-06-28 15:18:41,435] {scheduler_job.py:182} INFO - Started process (PID=373) to work on /home/airflow/.local/lib/python3.6/site-packages/airflow/example_dags/example_short_circuit_operator.py
[2021-06-28 15:18:41,437] {scheduler_job.py:633} INFO - Processing file /home/airflow/.local/lib/python3.6/site-packages/airflow/example_dags/example_short_circuit_operator.py for tasks to queue
[2021-06-28 15:18:41,438] {logging_mixin.py:104} INFO - [2021-06-28 15:18:41,438] {dagbag.py:487} INFO - Filling up the DagBag from /home/airflow/.local/lib/python3.6/site-packages/airflow/example_dags/example_short_circuit_operator.py
[2021-06-28 15:18:41,467] {scheduler_job.py:643} INFO - DAG(s) dict_keys(['example_short_circuit_operator']) retrieved from /home/airflow/.local/lib/python3.6/site-packages/airflow/example_dags/example_short_circuit_operator.py
[2021-06-28 15:18:41,500] {logging_mixin.py:104} INFO - [2021-06-28 15:18:41,500] {dag.py:1832} INFO - Sync 1 DAGs
[2021-06-28 15:18:41,527] {logging_mixin.py:104} INFO - [2021-06-28 15:18:41,527] {dag.py:2305} INFO - Setting next_dagrun for example_short_circuit_operator to 2021-06-26 00:00:00+00:00
[2021-06-28 15:18:41,553] {scheduler_job.py:190} INFO - Processing /home/airflow/.local/lib/python3.6/site-packages/airflow/example_dags/example_short_circuit_operator.py took 0.123 seconds
[2021-06-28 15:19:12,221] {scheduler_job.py:182} INFO - Started process (PID=434) to work on /home/airflow/.local/lib/python3.6/site-packages/airflow/example_dags/example_short_circuit_operator.py
[2021-06-28 15:19:12,236] {scheduler_job.py:633} INFO - Processing file /home/airflow/.local/lib/python3.6/site-packages/airflow/example_dags/example_short_circuit_operator.py for tasks to queue
[2021-06-28 15:19:12,237] {logging_mixin.py:104} INFO - [2021-06-28 15:19:12,237] {dagbag.py:487} INFO - Filling up the DagBag from /home/airflow/.local/lib/python3.6/site-packages/airflow/example_dags/example_short_circuit_operator.py
[2021-06-28 15:19:12,327] {scheduler_job.py:643} INFO - DAG(s) dict_keys(['example_short_circuit_operator']) retrieved from /home/airflow/.local/lib/python3.6/site-packages/airflow/example_dags/example_short_circuit_operator.py
[2021-06-28 15:19:12,441] {logging_mixin.py:104} INFO - [2021-06-28 15:19:12,441] {dag.py:1832} INFO - Sync 1 DAGs
[2021-06-28 15:19:12,495] {logging_mixin.py:104} INFO - [2021-06-28 15:19:12,495] {dag.py:2305} INFO - Setting next_dagrun for example_short_circuit_operator to 2021-06-26 00:00:00+00:00
[2021-06-28 15:19:12,539] {scheduler_job.py:190} INFO - Processing /home/airflow/.local/lib/python3.6/site-packages/airflow/example_dags/example_short_circuit_operator.py took 0.346 seconds
[2021-06-28 15:19:42,909] {scheduler_job.py:182} INFO - Started process (PID=491) to work on /home/airflow/.local/lib/python3.6/site-packages/airflow/example_dags/example_short_circuit_operator.py
[2021-06-28 15:19:42,912] {scheduler_job.py:633} INFO - Processing file /home/airflow/.local/lib/python3.6/site-packages/airflow/example_dags/example_short_circuit_operator.py for tasks to queue
[2021-06-28 15:19:42,914] {logging_mixin.py:104} INFO - [2021-06-28 15:19:42,913] {dagbag.py:487} INFO - Filling up the DagBag from /home/airflow/.local/lib/python3.6/site-packages/airflow/example_dags/example_short_circuit_operator.py
[2021-06-28 15:19:42,946] {scheduler_job.py:643} INFO - DAG(s) dict_keys(['example_short_circuit_operator']) retrieved from /home/airflow/.local/lib/python3.6/site-packages/airflow/example_dags/example_short_circuit_operator.py
[2021-06-28 15:19:42,978] {logging_mixin.py:104} INFO - [2021-06-28 15:19:42,978] {dag.py:1832} INFO - Sync 1 DAGs
[2021-06-28 15:19:43,012] {logging_mixin.py:104} INFO - [2021-06-28 15:19:43,012] {dag.py:2305} INFO - Setting next_dagrun for example_short_circuit_operator to 2021-06-26 00:00:00+00:00
[2021-06-28 15:19:43,055] {scheduler_job.py:190} INFO - Processing /home/airflow/.local/lib/python3.6/site-packages/airflow/example_dags/example_short_circuit_operator.py took 0.154 seconds
[2021-06-28 15:20:13,189] {scheduler_job.py:182} INFO - Started process (PID=564) to work on /home/airflow/.local/lib/python3.6/site-packages/airflow/example_dags/example_short_circuit_operator.py
[2021-06-28 15:20:13,196] {scheduler_job.py:633} INFO - Processing file /home/airflow/.local/lib/python3.6/site-packages/airflow/example_dags/example_short_circuit_operator.py for tasks to queue
[2021-06-28 15:20:13,197] {logging_mixin.py:104} INFO - [2021-06-28 15:20:13,197] {dagbag.py:487} INFO - Filling up the DagBag from /home/airflow/.local/lib/python3.6/site-packages/airflow/example_dags/example_short_circuit_operator.py
[2021-06-28 15:20:13,249] {scheduler_job.py:643} INFO - DAG(s) dict_keys(['example_short_circuit_operator']) retrieved from /home/airflow/.local/lib/python3.6/site-packages/airflow/example_dags/example_short_circuit_operator.py
[2021-06-28 15:20:13,381] {logging_mixin.py:104} INFO - [2021-06-28 15:20:13,381] {dag.py:1832} INFO - Sync 1 DAGs
[2021-06-28 15:20:13,475] {logging_mixin.py:104} INFO - [2021-06-28 15:20:13,475] {dag.py:2305} INFO - Setting next_dagrun for example_short_circuit_operator to 2021-06-26 00:00:00+00:00
[2021-06-28 15:20:13,574] {scheduler_job.py:190} INFO - Processing /home/airflow/.local/lib/python3.6/site-packages/airflow/example_dags/example_short_circuit_operator.py took 0.413 seconds
[2021-06-28 15:20:43,782] {scheduler_job.py:182} INFO - Started process (PID=622) to work on /home/airflow/.local/lib/python3.6/site-packages/airflow/example_dags/example_short_circuit_operator.py
[2021-06-28 15:20:43,784] {scheduler_job.py:633} INFO - Processing file /home/airflow/.local/lib/python3.6/site-packages/airflow/example_dags/example_short_circuit_operator.py for tasks to queue
[2021-06-28 15:20:43,786] {logging_mixin.py:104} INFO - [2021-06-28 15:20:43,786] {dagbag.py:487} INFO - Filling up the DagBag from /home/airflow/.local/lib/python3.6/site-packages/airflow/example_dags/example_short_circuit_operator.py
[2021-06-28 15:20:43,850] {scheduler_job.py:643} INFO - DAG(s) dict_keys(['example_short_circuit_operator']) retrieved from /home/airflow/.local/lib/python3.6/site-packages/airflow/example_dags/example_short_circuit_operator.py
[2021-06-28 15:20:44,035] {logging_mixin.py:104} INFO - [2021-06-28 15:20:44,035] {dag.py:1832} INFO - Sync 1 DAGs
[2021-06-28 15:20:44,089] {logging_mixin.py:104} INFO - [2021-06-28 15:20:44,088] {dag.py:2305} INFO - Setting next_dagrun for example_short_circuit_operator to 2021-06-26 00:00:00+00:00
[2021-06-28 15:20:44,117] {scheduler_job.py:190} INFO - Processing /home/airflow/.local/lib/python3.6/site-packages/airflow/example_dags/example_short_circuit_operator.py took 0.341 seconds
[2021-06-28 15:21:14,177] {scheduler_job.py:182} INFO - Started process (PID=681) to work on /home/airflow/.local/lib/python3.6/site-packages/airflow/example_dags/example_short_circuit_operator.py
[2021-06-28 15:21:14,180] {scheduler_job.py:633} INFO - Processing file /home/airflow/.local/lib/python3.6/site-packages/airflow/example_dags/example_short_circuit_operator.py for tasks to queue
[2021-06-28 15:21:14,185] {logging_mixin.py:104} INFO - [2021-06-28 15:21:14,185] {dagbag.py:487} INFO - Filling up the DagBag from /home/airflow/.local/lib/python3.6/site-packages/airflow/example_dags/example_short_circuit_operator.py
[2021-06-28 15:21:14,218] {scheduler_job.py:643} INFO - DAG(s) dict_keys(['example_short_circuit_operator']) retrieved from /home/airflow/.local/lib/python3.6/site-packages/airflow/example_dags/example_short_circuit_operator.py
[2021-06-28 15:21:14,282] {logging_mixin.py:104} INFO - [2021-06-28 15:21:14,282] {dag.py:1832} INFO - Sync 1 DAGs
[2021-06-28 15:21:14,313] {logging_mixin.py:104} INFO - [2021-06-28 15:21:14,313] {dag.py:2305} INFO - Setting next_dagrun for example_short_circuit_operator to 2021-06-26 00:00:00+00:00
[2021-06-28 15:21:14,331] {scheduler_job.py:190} INFO - Processing /home/airflow/.local/lib/python3.6/site-packages/airflow/example_dags/example_short_circuit_operator.py took 0.160 seconds
[2021-06-28 15:21:44,548] {scheduler_job.py:182} INFO - Started process (PID=744) to work on /home/airflow/.local/lib/python3.6/site-packages/airflow/example_dags/example_short_circuit_operator.py
[2021-06-28 15:21:44,551] {scheduler_job.py:633} INFO - Processing file /home/airflow/.local/lib/python3.6/site-packages/airflow/example_dags/example_short_circuit_operator.py for tasks to queue
[2021-06-28 15:21:44,554] {logging_mixin.py:104} INFO - [2021-06-28 15:21:44,554] {dagbag.py:487} INFO - Filling up the DagBag from /home/airflow/.local/lib/python3.6/site-packages/airflow/example_dags/example_short_circuit_operator.py
[2021-06-28 15:21:44,603] {scheduler_job.py:643} INFO - DAG(s) dict_keys(['example_short_circuit_operator']) retrieved from /home/airflow/.local/lib/python3.6/site-packages/airflow/example_dags/example_short_circuit_operator.py
[2021-06-28 15:21:44,738] {logging_mixin.py:104} INFO - [2021-06-28 15:21:44,738] {dag.py:1832} INFO - Sync 1 DAGs
[2021-06-28 15:21:44,824] {logging_mixin.py:104} INFO - [2021-06-28 15:21:44,824] {dag.py:2305} INFO - Setting next_dagrun for example_short_circuit_operator to 2021-06-26 00:00:00+00:00
[2021-06-28 15:21:44,934] {scheduler_job.py:190} INFO - Processing /home/airflow/.local/lib/python3.6/site-packages/airflow/example_dags/example_short_circuit_operator.py took 0.393 seconds
[2021-06-28 15:22:14,990] {scheduler_job.py:182} INFO - Started process (PID=802) to work on /home/airflow/.local/lib/python3.6/site-packages/airflow/example_dags/example_short_circuit_operator.py
[2021-06-28 15:22:14,992] {scheduler_job.py:633} INFO - Processing file /home/airflow/.local/lib/python3.6/site-packages/airflow/example_dags/example_short_circuit_operator.py for tasks to queue
[2021-06-28 15:22:14,993] {logging_mixin.py:104} INFO - [2021-06-28 15:22:14,992] {dagbag.py:487} INFO - Filling up the DagBag from /home/airflow/.local/lib/python3.6/site-packages/airflow/example_dags/example_short_circuit_operator.py
[2021-06-28 15:22:15,016] {scheduler_job.py:643} INFO - DAG(s) dict_keys(['example_short_circuit_operator']) retrieved from /home/airflow/.local/lib/python3.6/site-packages/airflow/example_dags/example_short_circuit_operator.py
[2021-06-28 15:22:15,050] {logging_mixin.py:104} INFO - [2021-06-28 15:22:15,050] {dag.py:1832} INFO - Sync 1 DAGs
[2021-06-28 15:22:15,074] {logging_mixin.py:104} INFO - [2021-06-28 15:22:15,073] {dag.py:2305} INFO - Setting next_dagrun for example_short_circuit_operator to 2021-06-26 00:00:00+00:00
[2021-06-28 15:22:15,107] {scheduler_job.py:190} INFO - Processing /home/airflow/.local/lib/python3.6/site-packages/airflow/example_dags/example_short_circuit_operator.py took 0.122 seconds
[2021-06-28 15:22:45,585] {scheduler_job.py:182} INFO - Started process (PID=861) to work on /home/airflow/.local/lib/python3.6/site-packages/airflow/example_dags/example_short_circuit_operator.py
[2021-06-28 15:22:45,586] {scheduler_job.py:633} INFO - Processing file /home/airflow/.local/lib/python3.6/site-packages/airflow/example_dags/example_short_circuit_operator.py for tasks to queue
[2021-06-28 15:22:45,587] {logging_mixin.py:104} INFO - [2021-06-28 15:22:45,587] {dagbag.py:487} INFO - Filling up the DagBag from /home/airflow/.local/lib/python3.6/site-packages/airflow/example_dags/example_short_circuit_operator.py
[2021-06-28 15:22:45,629] {scheduler_job.py:643} INFO - DAG(s) dict_keys(['example_short_circuit_operator']) retrieved from /home/airflow/.local/lib/python3.6/site-packages/airflow/example_dags/example_short_circuit_operator.py
[2021-06-28 15:22:45,715] {logging_mixin.py:104} INFO - [2021-06-28 15:22:45,715] {dag.py:1832} INFO - Sync 1 DAGs
[2021-06-28 15:22:45,756] {logging_mixin.py:104} INFO - [2021-06-28 15:22:45,756] {dag.py:2305} INFO - Setting next_dagrun for example_short_circuit_operator to 2021-06-26 00:00:00+00:00
[2021-06-28 15:22:45,782] {scheduler_job.py:190} INFO - Processing /home/airflow/.local/lib/python3.6/site-packages/airflow/example_dags/example_short_circuit_operator.py took 0.215 seconds
[2021-06-28 15:23:15,826] {scheduler_job.py:182} INFO - Started process (PID=921) to work on /home/airflow/.local/lib/python3.6/site-packages/airflow/example_dags/example_short_circuit_operator.py
[2021-06-28 15:23:15,828] {scheduler_job.py:633} INFO - Processing file /home/airflow/.local/lib/python3.6/site-packages/airflow/example_dags/example_short_circuit_operator.py for tasks to queue
[2021-06-28 15:23:15,830] {logging_mixin.py:104} INFO - [2021-06-28 15:23:15,830] {dagbag.py:487} INFO - Filling up the DagBag from /home/airflow/.local/lib/python3.6/site-packages/airflow/example_dags/example_short_circuit_operator.py
[2021-06-28 15:23:15,865] {scheduler_job.py:643} INFO - DAG(s) dict_keys(['example_short_circuit_operator']) retrieved from /home/airflow/.local/lib/python3.6/site-packages/airflow/example_dags/example_short_circuit_operator.py
[2021-06-28 15:23:15,911] {logging_mixin.py:104} INFO - [2021-06-28 15:23:15,911] {dag.py:1832} INFO - Sync 1 DAGs
[2021-06-28 15:23:15,937] {logging_mixin.py:104} INFO - [2021-06-28 15:23:15,937] {dag.py:2305} INFO - Setting next_dagrun for example_short_circuit_operator to 2021-06-26 00:00:00+00:00
[2021-06-28 15:23:15,959] {scheduler_job.py:190} INFO - Processing /home/airflow/.local/lib/python3.6/site-packages/airflow/example_dags/example_short_circuit_operator.py took 0.138 seconds
[2021-06-28 15:23:46,203] {scheduler_job.py:182} INFO - Started process (PID=977) to work on /home/airflow/.local/lib/python3.6/site-packages/airflow/example_dags/example_short_circuit_operator.py
[2021-06-28 15:23:46,205] {scheduler_job.py:633} INFO - Processing file /home/airflow/.local/lib/python3.6/site-packages/airflow/example_dags/example_short_circuit_operator.py for tasks to queue
[2021-06-28 15:23:46,206] {logging_mixin.py:104} INFO - [2021-06-28 15:23:46,206] {dagbag.py:487} INFO - Filling up the DagBag from /home/airflow/.local/lib/python3.6/site-packages/airflow/example_dags/example_short_circuit_operator.py
[2021-06-28 15:23:46,224] {scheduler_job.py:643} INFO - DAG(s) dict_keys(['example_short_circuit_operator']) retrieved from /home/airflow/.local/lib/python3.6/site-packages/airflow/example_dags/example_short_circuit_operator.py
[2021-06-28 15:23:46,262] {logging_mixin.py:104} INFO - [2021-06-28 15:23:46,262] {dag.py:1832} INFO - Sync 1 DAGs
[2021-06-28 15:23:46,302] {logging_mixin.py:104} INFO - [2021-06-28 15:23:46,301] {dag.py:2305} INFO - Setting next_dagrun for example_short_circuit_operator to 2021-06-26 00:00:00+00:00
[2021-06-28 15:23:46,321] {scheduler_job.py:190} INFO - Processing /home/airflow/.local/lib/python3.6/site-packages/airflow/example_dags/example_short_circuit_operator.py took 0.122 seconds
[2021-06-28 15:24:16,432] {scheduler_job.py:182} INFO - Started process (PID=1038) to work on /home/airflow/.local/lib/python3.6/site-packages/airflow/example_dags/example_short_circuit_operator.py
[2021-06-28 15:24:16,433] {scheduler_job.py:633} INFO - Processing file /home/airflow/.local/lib/python3.6/site-packages/airflow/example_dags/example_short_circuit_operator.py for tasks to queue
[2021-06-28 15:24:16,434] {logging_mixin.py:104} INFO - [2021-06-28 15:24:16,434] {dagbag.py:487} INFO - Filling up the DagBag from /home/airflow/.local/lib/python3.6/site-packages/airflow/example_dags/example_short_circuit_operator.py
[2021-06-28 15:24:16,455] {scheduler_job.py:643} INFO - DAG(s) dict_keys(['example_short_circuit_operator']) retrieved from /home/airflow/.local/lib/python3.6/site-packages/airflow/example_dags/example_short_circuit_operator.py
[2021-06-28 15:24:16,493] {logging_mixin.py:104} INFO - [2021-06-28 15:24:16,493] {dag.py:1832} INFO - Sync 1 DAGs
[2021-06-28 15:24:16,524] {logging_mixin.py:104} INFO - [2021-06-28 15:24:16,524] {dag.py:2305} INFO - Setting next_dagrun for example_short_circuit_operator to 2021-06-26 00:00:00+00:00
[2021-06-28 15:24:16,557] {scheduler_job.py:190} INFO - Processing /home/airflow/.local/lib/python3.6/site-packages/airflow/example_dags/example_short_circuit_operator.py took 0.130 seconds
[2021-06-28 15:24:47,223] {scheduler_job.py:182} INFO - Started process (PID=1107) to work on /home/airflow/.local/lib/python3.6/site-packages/airflow/example_dags/example_short_circuit_operator.py
[2021-06-28 15:24:47,226] {scheduler_job.py:633} INFO - Processing file /home/airflow/.local/lib/python3.6/site-packages/airflow/example_dags/example_short_circuit_operator.py for tasks to queue
[2021-06-28 15:24:47,227] {logging_mixin.py:104} INFO - [2021-06-28 15:24:47,227] {dagbag.py:487} INFO - Filling up the DagBag from /home/airflow/.local/lib/python3.6/site-packages/airflow/example_dags/example_short_circuit_operator.py
[2021-06-28 15:24:47,255] {scheduler_job.py:643} INFO - DAG(s) dict_keys(['example_short_circuit_operator']) retrieved from /home/airflow/.local/lib/python3.6/site-packages/airflow/example_dags/example_short_circuit_operator.py
[2021-06-28 15:24:47,294] {logging_mixin.py:104} INFO - [2021-06-28 15:24:47,294] {dag.py:1832} INFO - Sync 1 DAGs
[2021-06-28 15:24:47,324] {logging_mixin.py:104} INFO - [2021-06-28 15:24:47,324] {dag.py:2305} INFO - Setting next_dagrun for example_short_circuit_operator to 2021-06-26 00:00:00+00:00
[2021-06-28 15:24:47,356] {scheduler_job.py:190} INFO - Processing /home/airflow/.local/lib/python3.6/site-packages/airflow/example_dags/example_short_circuit_operator.py took 0.139 seconds
[2021-06-28 15:25:17,680] {scheduler_job.py:182} INFO - Started process (PID=1172) to work on /home/airflow/.local/lib/python3.6/site-packages/airflow/example_dags/example_short_circuit_operator.py
[2021-06-28 15:25:17,681] {scheduler_job.py:633} INFO - Processing file /home/airflow/.local/lib/python3.6/site-packages/airflow/example_dags/example_short_circuit_operator.py for tasks to queue
[2021-06-28 15:25:17,682] {logging_mixin.py:104} INFO - [2021-06-28 15:25:17,682] {dagbag.py:487} INFO - Filling up the DagBag from /home/airflow/.local/lib/python3.6/site-packages/airflow/example_dags/example_short_circuit_operator.py
[2021-06-28 15:25:17,703] {scheduler_job.py:643} INFO - DAG(s) dict_keys(['example_short_circuit_operator']) retrieved from /home/airflow/.local/lib/python3.6/site-packages/airflow/example_dags/example_short_circuit_operator.py
[2021-06-28 15:25:17,743] {logging_mixin.py:104} INFO - [2021-06-28 15:25:17,743] {dag.py:1832} INFO - Sync 1 DAGs
[2021-06-28 15:25:17,771] {logging_mixin.py:104} INFO - [2021-06-28 15:25:17,771] {dag.py:2305} INFO - Setting next_dagrun for example_short_circuit_operator to 2021-06-26 00:00:00+00:00
[2021-06-28 15:25:17,807] {scheduler_job.py:190} INFO - Processing /home/airflow/.local/lib/python3.6/site-packages/airflow/example_dags/example_short_circuit_operator.py took 0.132 seconds
[2021-06-28 15:25:47,924] {scheduler_job.py:182} INFO - Started process (PID=1230) to work on /home/airflow/.local/lib/python3.6/site-packages/airflow/example_dags/example_short_circuit_operator.py
[2021-06-28 15:25:47,926] {scheduler_job.py:633} INFO - Processing file /home/airflow/.local/lib/python3.6/site-packages/airflow/example_dags/example_short_circuit_operator.py for tasks to queue
[2021-06-28 15:25:47,926] {logging_mixin.py:104} INFO - [2021-06-28 15:25:47,926] {dagbag.py:487} INFO - Filling up the DagBag from /home/airflow/.local/lib/python3.6/site-packages/airflow/example_dags/example_short_circuit_operator.py
[2021-06-28 15:25:47,950] {scheduler_job.py:643} INFO - DAG(s) dict_keys(['example_short_circuit_operator']) retrieved from /home/airflow/.local/lib/python3.6/site-packages/airflow/example_dags/example_short_circuit_operator.py
[2021-06-28 15:25:47,997] {logging_mixin.py:104} INFO - [2021-06-28 15:25:47,997] {dag.py:1832} INFO - Sync 1 DAGs
[2021-06-28 15:25:48,026] {logging_mixin.py:104} INFO - [2021-06-28 15:25:48,025] {dag.py:2305} INFO - Setting next_dagrun for example_short_circuit_operator to 2021-06-26 00:00:00+00:00
[2021-06-28 15:25:48,044] {scheduler_job.py:190} INFO - Processing /home/airflow/.local/lib/python3.6/site-packages/airflow/example_dags/example_short_circuit_operator.py took 0.130 seconds
[2021-06-28 15:26:18,821] {scheduler_job.py:182} INFO - Started process (PID=1289) to work on /home/airflow/.local/lib/python3.6/site-packages/airflow/example_dags/example_short_circuit_operator.py
[2021-06-28 15:26:18,827] {scheduler_job.py:633} INFO - Processing file /home/airflow/.local/lib/python3.6/site-packages/airflow/example_dags/example_short_circuit_operator.py for tasks to queue
[2021-06-28 15:26:18,828] {logging_mixin.py:104} INFO - [2021-06-28 15:26:18,828] {dagbag.py:487} INFO - Filling up the DagBag from /home/airflow/.local/lib/python3.6/site-packages/airflow/example_dags/example_short_circuit_operator.py
[2021-06-28 15:26:18,882] {scheduler_job.py:643} INFO - DAG(s) dict_keys(['example_short_circuit_operator']) retrieved from /home/airflow/.local/lib/python3.6/site-packages/airflow/example_dags/example_short_circuit_operator.py
[2021-06-28 15:26:18,919] {logging_mixin.py:104} INFO - [2021-06-28 15:26:18,918] {dag.py:1832} INFO - Sync 1 DAGs
[2021-06-28 15:26:18,947] {logging_mixin.py:104} INFO - [2021-06-28 15:26:18,947] {dag.py:2305} INFO - Setting next_dagrun for example_short_circuit_operator to 2021-06-26 00:00:00+00:00
[2021-06-28 15:26:18,971] {scheduler_job.py:190} INFO - Processing /home/airflow/.local/lib/python3.6/site-packages/airflow/example_dags/example_short_circuit_operator.py took 0.165 seconds
[2021-06-28 15:26:49,445] {scheduler_job.py:182} INFO - Started process (PID=1349) to work on /home/airflow/.local/lib/python3.6/site-packages/airflow/example_dags/example_short_circuit_operator.py
[2021-06-28 15:26:49,447] {scheduler_job.py:633} INFO - Processing file /home/airflow/.local/lib/python3.6/site-packages/airflow/example_dags/example_short_circuit_operator.py for tasks to queue
[2021-06-28 15:26:49,448] {logging_mixin.py:104} INFO - [2021-06-28 15:26:49,447] {dagbag.py:487} INFO - Filling up the DagBag from /home/airflow/.local/lib/python3.6/site-packages/airflow/example_dags/example_short_circuit_operator.py
[2021-06-28 15:26:49,461] {scheduler_job.py:643} INFO - DAG(s) dict_keys(['example_short_circuit_operator']) retrieved from /home/airflow/.local/lib/python3.6/site-packages/airflow/example_dags/example_short_circuit_operator.py
[2021-06-28 15:26:49,486] {logging_mixin.py:104} INFO - [2021-06-28 15:26:49,486] {dag.py:1832} INFO - Sync 1 DAGs
[2021-06-28 15:26:49,506] {logging_mixin.py:104} INFO - [2021-06-28 15:26:49,506] {dag.py:2305} INFO - Setting next_dagrun for example_short_circuit_operator to 2021-06-26 00:00:00+00:00
[2021-06-28 15:26:49,529] {scheduler_job.py:190} INFO - Processing /home/airflow/.local/lib/python3.6/site-packages/airflow/example_dags/example_short_circuit_operator.py took 0.088 seconds
[2021-06-28 15:27:20,029] {scheduler_job.py:182} INFO - Started process (PID=1420) to work on /home/airflow/.local/lib/python3.6/site-packages/airflow/example_dags/example_short_circuit_operator.py
[2021-06-28 15:27:20,031] {scheduler_job.py:633} INFO - Processing file /home/airflow/.local/lib/python3.6/site-packages/airflow/example_dags/example_short_circuit_operator.py for tasks to queue
[2021-06-28 15:27:20,032] {logging_mixin.py:104} INFO - [2021-06-28 15:27:20,031] {dagbag.py:487} INFO - Filling up the DagBag from /home/airflow/.local/lib/python3.6/site-packages/airflow/example_dags/example_short_circuit_operator.py
[2021-06-28 15:27:20,059] {scheduler_job.py:643} INFO - DAG(s) dict_keys(['example_short_circuit_operator']) retrieved from /home/airflow/.local/lib/python3.6/site-packages/airflow/example_dags/example_short_circuit_operator.py
[2021-06-28 15:27:20,115] {logging_mixin.py:104} INFO - [2021-06-28 15:27:20,115] {dag.py:1832} INFO - Sync 1 DAGs
[2021-06-28 15:27:20,148] {logging_mixin.py:104} INFO - [2021-06-28 15:27:20,148] {dag.py:2305} INFO - Setting next_dagrun for example_short_circuit_operator to 2021-06-26 00:00:00+00:00
[2021-06-28 15:27:20,211] {scheduler_job.py:190} INFO - Processing /home/airflow/.local/lib/python3.6/site-packages/airflow/example_dags/example_short_circuit_operator.py took 0.190 seconds
[2021-06-28 15:27:50,612] {scheduler_job.py:182} INFO - Started process (PID=1483) to work on /home/airflow/.local/lib/python3.6/site-packages/airflow/example_dags/example_short_circuit_operator.py
[2021-06-28 15:27:50,614] {scheduler_job.py:633} INFO - Processing file /home/airflow/.local/lib/python3.6/site-packages/airflow/example_dags/example_short_circuit_operator.py for tasks to queue
[2021-06-28 15:27:50,615] {logging_mixin.py:104} INFO - [2021-06-28 15:27:50,614] {dagbag.py:487} INFO - Filling up the DagBag from /home/airflow/.local/lib/python3.6/site-packages/airflow/example_dags/example_short_circuit_operator.py
[2021-06-28 15:27:50,629] {scheduler_job.py:643} INFO - DAG(s) dict_keys(['example_short_circuit_operator']) retrieved from /home/airflow/.local/lib/python3.6/site-packages/airflow/example_dags/example_short_circuit_operator.py
[2021-06-28 15:27:50,656] {logging_mixin.py:104} INFO - [2021-06-28 15:27:50,656] {dag.py:1832} INFO - Sync 1 DAGs
[2021-06-28 15:27:50,677] {logging_mixin.py:104} INFO - [2021-06-28 15:27:50,677] {dag.py:2305} INFO - Setting next_dagrun for example_short_circuit_operator to 2021-06-26 00:00:00+00:00
[2021-06-28 15:27:50,698] {scheduler_job.py:190} INFO - Processing /home/airflow/.local/lib/python3.6/site-packages/airflow/example_dags/example_short_circuit_operator.py took 0.090 seconds
[2021-06-28 15:28:20,809] {scheduler_job.py:182} INFO - Started process (PID=1545) to work on /home/airflow/.local/lib/python3.6/site-packages/airflow/example_dags/example_short_circuit_operator.py
[2021-06-28 15:28:20,810] {scheduler_job.py:633} INFO - Processing file /home/airflow/.local/lib/python3.6/site-packages/airflow/example_dags/example_short_circuit_operator.py for tasks to queue
[2021-06-28 15:28:20,820] {logging_mixin.py:104} INFO - [2021-06-28 15:28:20,811] {dagbag.py:487} INFO - Filling up the DagBag from /home/airflow/.local/lib/python3.6/site-packages/airflow/example_dags/example_short_circuit_operator.py
[2021-06-28 15:28:20,841] {scheduler_job.py:643} INFO - DAG(s) dict_keys(['example_short_circuit_operator']) retrieved from /home/airflow/.local/lib/python3.6/site-packages/airflow/example_dags/example_short_circuit_operator.py
[2021-06-28 15:28:20,886] {logging_mixin.py:104} INFO - [2021-06-28 15:28:20,886] {dag.py:1832} INFO - Sync 1 DAGs
[2021-06-28 15:28:20,913] {logging_mixin.py:104} INFO - [2021-06-28 15:28:20,912] {dag.py:2305} INFO - Setting next_dagrun for example_short_circuit_operator to 2021-06-26 00:00:00+00:00
[2021-06-28 15:28:20,956] {scheduler_job.py:190} INFO - Processing /home/airflow/.local/lib/python3.6/site-packages/airflow/example_dags/example_short_circuit_operator.py took 0.157 seconds
[2021-06-28 15:28:51,087] {scheduler_job.py:182} INFO - Started process (PID=1605) to work on /home/airflow/.local/lib/python3.6/site-packages/airflow/example_dags/example_short_circuit_operator.py
[2021-06-28 15:28:51,088] {scheduler_job.py:633} INFO - Processing file /home/airflow/.local/lib/python3.6/site-packages/airflow/example_dags/example_short_circuit_operator.py for tasks to queue
[2021-06-28 15:28:51,091] {logging_mixin.py:104} INFO - [2021-06-28 15:28:51,091] {dagbag.py:487} INFO - Filling up the DagBag from /home/airflow/.local/lib/python3.6/site-packages/airflow/example_dags/example_short_circuit_operator.py
[2021-06-28 15:28:51,109] {scheduler_job.py:643} INFO - DAG(s) dict_keys(['example_short_circuit_operator']) retrieved from /home/airflow/.local/lib/python3.6/site-packages/airflow/example_dags/example_short_circuit_operator.py
[2021-06-28 15:28:51,140] {logging_mixin.py:104} INFO - [2021-06-28 15:28:51,140] {dag.py:1832} INFO - Sync 1 DAGs
[2021-06-28 15:28:51,163] {logging_mixin.py:104} INFO - [2021-06-28 15:28:51,163] {dag.py:2305} INFO - Setting next_dagrun for example_short_circuit_operator to 2021-06-26 00:00:00+00:00
[2021-06-28 15:28:51,181] {scheduler_job.py:190} INFO - Processing /home/airflow/.local/lib/python3.6/site-packages/airflow/example_dags/example_short_circuit_operator.py took 0.099 seconds
[2021-06-28 15:29:21,434] {scheduler_job.py:182} INFO - Started process (PID=1663) to work on /home/airflow/.local/lib/python3.6/site-packages/airflow/example_dags/example_short_circuit_operator.py
[2021-06-28 15:29:21,437] {scheduler_job.py:633} INFO - Processing file /home/airflow/.local/lib/python3.6/site-packages/airflow/example_dags/example_short_circuit_operator.py for tasks to queue
[2021-06-28 15:29:21,438] {logging_mixin.py:104} INFO - [2021-06-28 15:29:21,438] {dagbag.py:487} INFO - Filling up the DagBag from /home/airflow/.local/lib/python3.6/site-packages/airflow/example_dags/example_short_circuit_operator.py
[2021-06-28 15:29:21,460] {scheduler_job.py:643} INFO - DAG(s) dict_keys(['example_short_circuit_operator']) retrieved from /home/airflow/.local/lib/python3.6/site-packages/airflow/example_dags/example_short_circuit_operator.py
[2021-06-28 15:29:21,504] {logging_mixin.py:104} INFO - [2021-06-28 15:29:21,504] {dag.py:1832} INFO - Sync 1 DAGs
[2021-06-28 15:29:21,529] {logging_mixin.py:104} INFO - [2021-06-28 15:29:21,529] {dag.py:2305} INFO - Setting next_dagrun for example_short_circuit_operator to 2021-06-26 00:00:00+00:00
[2021-06-28 15:29:21,545] {scheduler_job.py:190} INFO - Processing /home/airflow/.local/lib/python3.6/site-packages/airflow/example_dags/example_short_circuit_operator.py took 0.130 seconds
[2021-06-28 15:29:52,389] {scheduler_job.py:182} INFO - Started process (PID=1733) to work on /home/airflow/.local/lib/python3.6/site-packages/airflow/example_dags/example_short_circuit_operator.py
[2021-06-28 15:29:52,390] {scheduler_job.py:633} INFO - Processing file /home/airflow/.local/lib/python3.6/site-packages/airflow/example_dags/example_short_circuit_operator.py for tasks to queue
[2021-06-28 15:29:52,391] {logging_mixin.py:104} INFO - [2021-06-28 15:29:52,391] {dagbag.py:487} INFO - Filling up the DagBag from /home/airflow/.local/lib/python3.6/site-packages/airflow/example_dags/example_short_circuit_operator.py
[2021-06-28 15:29:52,413] {scheduler_job.py:643} INFO - DAG(s) dict_keys(['example_short_circuit_operator']) retrieved from /home/airflow/.local/lib/python3.6/site-packages/airflow/example_dags/example_short_circuit_operator.py
[2021-06-28 15:29:52,460] {logging_mixin.py:104} INFO - [2021-06-28 15:29:52,460] {dag.py:1832} INFO - Sync 1 DAGs
[2021-06-28 15:29:52,500] {logging_mixin.py:104} INFO - [2021-06-28 15:29:52,500] {dag.py:2305} INFO - Setting next_dagrun for example_short_circuit_operator to 2021-06-26 00:00:00+00:00
[2021-06-28 15:29:52,527] {scheduler_job.py:190} INFO - Processing /home/airflow/.local/lib/python3.6/site-packages/airflow/example_dags/example_short_circuit_operator.py took 0.147 seconds
[2021-06-28 15:30:22,645] {scheduler_job.py:182} INFO - Started process (PID=1797) to work on /home/airflow/.local/lib/python3.6/site-packages/airflow/example_dags/example_short_circuit_operator.py
[2021-06-28 15:30:22,647] {scheduler_job.py:633} INFO - Processing file /home/airflow/.local/lib/python3.6/site-packages/airflow/example_dags/example_short_circuit_operator.py for tasks to queue
[2021-06-28 15:30:22,648] {logging_mixin.py:104} INFO - [2021-06-28 15:30:22,648] {dagbag.py:487} INFO - Filling up the DagBag from /home/airflow/.local/lib/python3.6/site-packages/airflow/example_dags/example_short_circuit_operator.py
[2021-06-28 15:30:22,681] {scheduler_job.py:643} INFO - DAG(s) dict_keys(['example_short_circuit_operator']) retrieved from /home/airflow/.local/lib/python3.6/site-packages/airflow/example_dags/example_short_circuit_operator.py
[2021-06-28 15:30:22,785] {logging_mixin.py:104} INFO - [2021-06-28 15:30:22,784] {dag.py:1832} INFO - Sync 1 DAGs
[2021-06-28 15:30:22,846] {logging_mixin.py:104} INFO - [2021-06-28 15:30:22,846] {dag.py:2305} INFO - Setting next_dagrun for example_short_circuit_operator to 2021-06-26 00:00:00+00:00
[2021-06-28 15:30:22,893] {scheduler_job.py:190} INFO - Processing /home/airflow/.local/lib/python3.6/site-packages/airflow/example_dags/example_short_circuit_operator.py took 0.254 seconds
[2021-06-28 15:30:53,284] {scheduler_job.py:182} INFO - Started process (PID=1856) to work on /home/airflow/.local/lib/python3.6/site-packages/airflow/example_dags/example_short_circuit_operator.py
[2021-06-28 15:30:53,286] {scheduler_job.py:633} INFO - Processing file /home/airflow/.local/lib/python3.6/site-packages/airflow/example_dags/example_short_circuit_operator.py for tasks to queue
[2021-06-28 15:30:53,287] {logging_mixin.py:104} INFO - [2021-06-28 15:30:53,287] {dagbag.py:487} INFO - Filling up the DagBag from /home/airflow/.local/lib/python3.6/site-packages/airflow/example_dags/example_short_circuit_operator.py
[2021-06-28 15:30:53,362] {scheduler_job.py:643} INFO - DAG(s) dict_keys(['example_short_circuit_operator']) retrieved from /home/airflow/.local/lib/python3.6/site-packages/airflow/example_dags/example_short_circuit_operator.py
[2021-06-28 15:30:53,495] {logging_mixin.py:104} INFO - [2021-06-28 15:30:53,494] {dag.py:1832} INFO - Sync 1 DAGs
[2021-06-28 15:30:53,600] {logging_mixin.py:104} INFO - [2021-06-28 15:30:53,600] {dag.py:2305} INFO - Setting next_dagrun for example_short_circuit_operator to 2021-06-26 00:00:00+00:00
[2021-06-28 15:30:53,636] {scheduler_job.py:190} INFO - Processing /home/airflow/.local/lib/python3.6/site-packages/airflow/example_dags/example_short_circuit_operator.py took 0.375 seconds
[2021-06-28 15:31:24,284] {scheduler_job.py:182} INFO - Started process (PID=1918) to work on /home/airflow/.local/lib/python3.6/site-packages/airflow/example_dags/example_short_circuit_operator.py
[2021-06-28 15:31:24,288] {scheduler_job.py:633} INFO - Processing file /home/airflow/.local/lib/python3.6/site-packages/airflow/example_dags/example_short_circuit_operator.py for tasks to queue
[2021-06-28 15:31:24,289] {logging_mixin.py:104} INFO - [2021-06-28 15:31:24,289] {dagbag.py:487} INFO - Filling up the DagBag from /home/airflow/.local/lib/python3.6/site-packages/airflow/example_dags/example_short_circuit_operator.py
[2021-06-28 15:31:24,326] {scheduler_job.py:643} INFO - DAG(s) dict_keys(['example_short_circuit_operator']) retrieved from /home/airflow/.local/lib/python3.6/site-packages/airflow/example_dags/example_short_circuit_operator.py
[2021-06-28 15:31:24,368] {logging_mixin.py:104} INFO - [2021-06-28 15:31:24,368] {dag.py:1832} INFO - Sync 1 DAGs
[2021-06-28 15:31:24,412] {logging_mixin.py:104} INFO - [2021-06-28 15:31:24,411] {dag.py:2305} INFO - Setting next_dagrun for example_short_circuit_operator to 2021-06-26 00:00:00+00:00
[2021-06-28 15:31:24,439] {scheduler_job.py:190} INFO - Processing /home/airflow/.local/lib/python3.6/site-packages/airflow/example_dags/example_short_circuit_operator.py took 0.167 seconds
[2021-06-28 15:33:47,958] {scheduler_job.py:182} INFO - Started process (PID=37) to work on /home/airflow/.local/lib/python3.6/site-packages/airflow/example_dags/example_short_circuit_operator.py
[2021-06-28 15:33:47,969] {scheduler_job.py:633} INFO - Processing file /home/airflow/.local/lib/python3.6/site-packages/airflow/example_dags/example_short_circuit_operator.py for tasks to queue
[2021-06-28 15:33:47,979] {logging_mixin.py:104} INFO - [2021-06-28 15:33:47,979] {dagbag.py:487} INFO - Filling up the DagBag from /home/airflow/.local/lib/python3.6/site-packages/airflow/example_dags/example_short_circuit_operator.py
[2021-06-28 15:33:48,086] {scheduler_job.py:643} INFO - DAG(s) dict_keys(['example_short_circuit_operator']) retrieved from /home/airflow/.local/lib/python3.6/site-packages/airflow/example_dags/example_short_circuit_operator.py
[2021-06-28 15:33:48,293] {logging_mixin.py:104} INFO - [2021-06-28 15:33:48,293] {dag.py:1832} INFO - Sync 1 DAGs
[2021-06-28 15:33:48,420] {logging_mixin.py:104} INFO - [2021-06-28 15:33:48,419] {dag.py:2305} INFO - Setting next_dagrun for example_short_circuit_operator to 2021-06-26 00:00:00+00:00
[2021-06-28 15:33:48,633] {scheduler_job.py:190} INFO - Processing /home/airflow/.local/lib/python3.6/site-packages/airflow/example_dags/example_short_circuit_operator.py took 0.686 seconds
[2021-06-28 15:34:19,030] {scheduler_job.py:182} INFO - Started process (PID=88) to work on /home/airflow/.local/lib/python3.6/site-packages/airflow/example_dags/example_short_circuit_operator.py
[2021-06-28 15:34:19,031] {scheduler_job.py:633} INFO - Processing file /home/airflow/.local/lib/python3.6/site-packages/airflow/example_dags/example_short_circuit_operator.py for tasks to queue
[2021-06-28 15:34:19,032] {logging_mixin.py:104} INFO - [2021-06-28 15:34:19,032] {dagbag.py:487} INFO - Filling up the DagBag from /home/airflow/.local/lib/python3.6/site-packages/airflow/example_dags/example_short_circuit_operator.py
[2021-06-28 15:34:19,074] {scheduler_job.py:643} INFO - DAG(s) dict_keys(['example_short_circuit_operator']) retrieved from /home/airflow/.local/lib/python3.6/site-packages/airflow/example_dags/example_short_circuit_operator.py
[2021-06-28 15:34:19,128] {logging_mixin.py:104} INFO - [2021-06-28 15:34:19,127] {dag.py:1832} INFO - Sync 1 DAGs
[2021-06-28 15:34:19,197] {logging_mixin.py:104} INFO - [2021-06-28 15:34:19,197] {dag.py:2305} INFO - Setting next_dagrun for example_short_circuit_operator to 2021-06-26 00:00:00+00:00
[2021-06-28 15:34:19,252] {scheduler_job.py:190} INFO - Processing /home/airflow/.local/lib/python3.6/site-packages/airflow/example_dags/example_short_circuit_operator.py took 0.230 seconds
[2021-06-28 15:34:49,497] {scheduler_job.py:182} INFO - Started process (PID=147) to work on /home/airflow/.local/lib/python3.6/site-packages/airflow/example_dags/example_short_circuit_operator.py
[2021-06-28 15:34:49,498] {scheduler_job.py:633} INFO - Processing file /home/airflow/.local/lib/python3.6/site-packages/airflow/example_dags/example_short_circuit_operator.py for tasks to queue
[2021-06-28 15:34:49,499] {logging_mixin.py:104} INFO - [2021-06-28 15:34:49,499] {dagbag.py:487} INFO - Filling up the DagBag from /home/airflow/.local/lib/python3.6/site-packages/airflow/example_dags/example_short_circuit_operator.py
[2021-06-28 15:34:49,516] {scheduler_job.py:643} INFO - DAG(s) dict_keys(['example_short_circuit_operator']) retrieved from /home/airflow/.local/lib/python3.6/site-packages/airflow/example_dags/example_short_circuit_operator.py
[2021-06-28 15:34:49,540] {logging_mixin.py:104} INFO - [2021-06-28 15:34:49,540] {dag.py:1832} INFO - Sync 1 DAGs
[2021-06-28 15:34:49,561] {logging_mixin.py:104} INFO - [2021-06-28 15:34:49,561] {dag.py:2305} INFO - Setting next_dagrun for example_short_circuit_operator to 2021-06-26 00:00:00+00:00
[2021-06-28 15:34:49,582] {scheduler_job.py:190} INFO - Processing /home/airflow/.local/lib/python3.6/site-packages/airflow/example_dags/example_short_circuit_operator.py took 0.089 seconds
[2021-06-28 15:35:19,831] {scheduler_job.py:182} INFO - Started process (PID=207) to work on /home/airflow/.local/lib/python3.6/site-packages/airflow/example_dags/example_short_circuit_operator.py
[2021-06-28 15:35:19,834] {scheduler_job.py:633} INFO - Processing file /home/airflow/.local/lib/python3.6/site-packages/airflow/example_dags/example_short_circuit_operator.py for tasks to queue
[2021-06-28 15:35:19,835] {logging_mixin.py:104} INFO - [2021-06-28 15:35:19,835] {dagbag.py:487} INFO - Filling up the DagBag from /home/airflow/.local/lib/python3.6/site-packages/airflow/example_dags/example_short_circuit_operator.py
[2021-06-28 15:35:19,890] {scheduler_job.py:643} INFO - DAG(s) dict_keys(['example_short_circuit_operator']) retrieved from /home/airflow/.local/lib/python3.6/site-packages/airflow/example_dags/example_short_circuit_operator.py
[2021-06-28 15:35:19,974] {logging_mixin.py:104} INFO - [2021-06-28 15:35:19,974] {dag.py:1832} INFO - Sync 1 DAGs
[2021-06-28 15:35:20,031] {logging_mixin.py:104} INFO - [2021-06-28 15:35:20,031] {dag.py:2305} INFO - Setting next_dagrun for example_short_circuit_operator to 2021-06-26 00:00:00+00:00
[2021-06-28 15:35:20,067] {scheduler_job.py:190} INFO - Processing /home/airflow/.local/lib/python3.6/site-packages/airflow/example_dags/example_short_circuit_operator.py took 0.246 seconds
[2021-06-28 15:35:50,792] {scheduler_job.py:182} INFO - Started process (PID=271) to work on /home/airflow/.local/lib/python3.6/site-packages/airflow/example_dags/example_short_circuit_operator.py
[2021-06-28 15:35:50,793] {scheduler_job.py:633} INFO - Processing file /home/airflow/.local/lib/python3.6/site-packages/airflow/example_dags/example_short_circuit_operator.py for tasks to queue
[2021-06-28 15:35:50,794] {logging_mixin.py:104} INFO - [2021-06-28 15:35:50,794] {dagbag.py:487} INFO - Filling up the DagBag from /home/airflow/.local/lib/python3.6/site-packages/airflow/example_dags/example_short_circuit_operator.py
[2021-06-28 15:35:50,812] {scheduler_job.py:643} INFO - DAG(s) dict_keys(['example_short_circuit_operator']) retrieved from /home/airflow/.local/lib/python3.6/site-packages/airflow/example_dags/example_short_circuit_operator.py
[2021-06-28 15:35:50,838] {logging_mixin.py:104} INFO - [2021-06-28 15:35:50,838] {dag.py:1832} INFO - Sync 1 DAGs
[2021-06-28 15:35:50,860] {logging_mixin.py:104} INFO - [2021-06-28 15:35:50,860] {dag.py:2305} INFO - Setting next_dagrun for example_short_circuit_operator to 2021-06-26 00:00:00+00:00
[2021-06-28 15:35:50,884] {scheduler_job.py:190} INFO - Processing /home/airflow/.local/lib/python3.6/site-packages/airflow/example_dags/example_short_circuit_operator.py took 0.096 seconds
[2021-06-28 15:36:20,955] {scheduler_job.py:182} INFO - Started process (PID=328) to work on /home/airflow/.local/lib/python3.6/site-packages/airflow/example_dags/example_short_circuit_operator.py
[2021-06-28 15:36:20,962] {scheduler_job.py:633} INFO - Processing file /home/airflow/.local/lib/python3.6/site-packages/airflow/example_dags/example_short_circuit_operator.py for tasks to queue
[2021-06-28 15:36:20,964] {logging_mixin.py:104} INFO - [2021-06-28 15:36:20,964] {dagbag.py:487} INFO - Filling up the DagBag from /home/airflow/.local/lib/python3.6/site-packages/airflow/example_dags/example_short_circuit_operator.py
[2021-06-28 15:36:20,996] {scheduler_job.py:643} INFO - DAG(s) dict_keys(['example_short_circuit_operator']) retrieved from /home/airflow/.local/lib/python3.6/site-packages/airflow/example_dags/example_short_circuit_operator.py
[2021-06-28 15:36:21,044] {logging_mixin.py:104} INFO - [2021-06-28 15:36:21,044] {dag.py:1832} INFO - Sync 1 DAGs
[2021-06-28 15:36:21,103] {logging_mixin.py:104} INFO - [2021-06-28 15:36:21,103] {dag.py:2305} INFO - Setting next_dagrun for example_short_circuit_operator to 2021-06-26 00:00:00+00:00
[2021-06-28 15:36:21,141] {scheduler_job.py:190} INFO - Processing /home/airflow/.local/lib/python3.6/site-packages/airflow/example_dags/example_short_circuit_operator.py took 0.191 seconds
[2021-06-28 15:36:51,203] {scheduler_job.py:182} INFO - Started process (PID=391) to work on /home/airflow/.local/lib/python3.6/site-packages/airflow/example_dags/example_short_circuit_operator.py
[2021-06-28 15:36:51,204] {scheduler_job.py:633} INFO - Processing file /home/airflow/.local/lib/python3.6/site-packages/airflow/example_dags/example_short_circuit_operator.py for tasks to queue
[2021-06-28 15:36:51,205] {logging_mixin.py:104} INFO - [2021-06-28 15:36:51,205] {dagbag.py:487} INFO - Filling up the DagBag from /home/airflow/.local/lib/python3.6/site-packages/airflow/example_dags/example_short_circuit_operator.py
[2021-06-28 15:36:51,230] {scheduler_job.py:643} INFO - DAG(s) dict_keys(['example_short_circuit_operator']) retrieved from /home/airflow/.local/lib/python3.6/site-packages/airflow/example_dags/example_short_circuit_operator.py
[2021-06-28 15:36:51,268] {logging_mixin.py:104} INFO - [2021-06-28 15:36:51,268] {dag.py:1832} INFO - Sync 1 DAGs
[2021-06-28 15:36:51,294] {logging_mixin.py:104} INFO - [2021-06-28 15:36:51,293] {dag.py:2305} INFO - Setting next_dagrun for example_short_circuit_operator to 2021-06-26 00:00:00+00:00
[2021-06-28 15:36:51,314] {scheduler_job.py:190} INFO - Processing /home/airflow/.local/lib/python3.6/site-packages/airflow/example_dags/example_short_circuit_operator.py took 0.120 seconds
[2021-06-28 15:37:21,833] {scheduler_job.py:182} INFO - Started process (PID=450) to work on /home/airflow/.local/lib/python3.6/site-packages/airflow/example_dags/example_short_circuit_operator.py
[2021-06-28 15:37:21,834] {scheduler_job.py:633} INFO - Processing file /home/airflow/.local/lib/python3.6/site-packages/airflow/example_dags/example_short_circuit_operator.py for tasks to queue
[2021-06-28 15:37:21,835] {logging_mixin.py:104} INFO - [2021-06-28 15:37:21,835] {dagbag.py:487} INFO - Filling up the DagBag from /home/airflow/.local/lib/python3.6/site-packages/airflow/example_dags/example_short_circuit_operator.py
[2021-06-28 15:37:21,854] {scheduler_job.py:643} INFO - DAG(s) dict_keys(['example_short_circuit_operator']) retrieved from /home/airflow/.local/lib/python3.6/site-packages/airflow/example_dags/example_short_circuit_operator.py
[2021-06-28 15:37:21,878] {logging_mixin.py:104} INFO - [2021-06-28 15:37:21,878] {dag.py:1832} INFO - Sync 1 DAGs
[2021-06-28 15:37:21,898] {logging_mixin.py:104} INFO - [2021-06-28 15:37:21,898] {dag.py:2305} INFO - Setting next_dagrun for example_short_circuit_operator to 2021-06-26 00:00:00+00:00
[2021-06-28 15:37:21,915] {scheduler_job.py:190} INFO - Processing /home/airflow/.local/lib/python3.6/site-packages/airflow/example_dags/example_short_circuit_operator.py took 0.085 seconds
[2021-06-28 15:37:52,227] {scheduler_job.py:182} INFO - Started process (PID=509) to work on /home/airflow/.local/lib/python3.6/site-packages/airflow/example_dags/example_short_circuit_operator.py
[2021-06-28 15:37:52,230] {scheduler_job.py:633} INFO - Processing file /home/airflow/.local/lib/python3.6/site-packages/airflow/example_dags/example_short_circuit_operator.py for tasks to queue
[2021-06-28 15:37:52,232] {logging_mixin.py:104} INFO - [2021-06-28 15:37:52,231] {dagbag.py:487} INFO - Filling up the DagBag from /home/airflow/.local/lib/python3.6/site-packages/airflow/example_dags/example_short_circuit_operator.py
[2021-06-28 15:37:52,252] {scheduler_job.py:643} INFO - DAG(s) dict_keys(['example_short_circuit_operator']) retrieved from /home/airflow/.local/lib/python3.6/site-packages/airflow/example_dags/example_short_circuit_operator.py
[2021-06-28 15:37:52,279] {logging_mixin.py:104} INFO - [2021-06-28 15:37:52,279] {dag.py:1832} INFO - Sync 1 DAGs
[2021-06-28 15:37:52,323] {logging_mixin.py:104} INFO - [2021-06-28 15:37:52,323] {dag.py:2305} INFO - Setting next_dagrun for example_short_circuit_operator to 2021-06-26 00:00:00+00:00
[2021-06-28 15:37:52,347] {scheduler_job.py:190} INFO - Processing /home/airflow/.local/lib/python3.6/site-packages/airflow/example_dags/example_short_circuit_operator.py took 0.128 seconds
[2021-06-28 15:38:22,379] {scheduler_job.py:182} INFO - Started process (PID=581) to work on /home/airflow/.local/lib/python3.6/site-packages/airflow/example_dags/example_short_circuit_operator.py
[2021-06-28 15:38:22,381] {scheduler_job.py:633} INFO - Processing file /home/airflow/.local/lib/python3.6/site-packages/airflow/example_dags/example_short_circuit_operator.py for tasks to queue
[2021-06-28 15:38:22,384] {logging_mixin.py:104} INFO - [2021-06-28 15:38:22,382] {dagbag.py:487} INFO - Filling up the DagBag from /home/airflow/.local/lib/python3.6/site-packages/airflow/example_dags/example_short_circuit_operator.py
[2021-06-28 15:38:22,407] {scheduler_job.py:643} INFO - DAG(s) dict_keys(['example_short_circuit_operator']) retrieved from /home/airflow/.local/lib/python3.6/site-packages/airflow/example_dags/example_short_circuit_operator.py
[2021-06-28 15:38:22,461] {logging_mixin.py:104} INFO - [2021-06-28 15:38:22,461] {dag.py:1832} INFO - Sync 1 DAGs
[2021-06-28 15:38:22,495] {logging_mixin.py:104} INFO - [2021-06-28 15:38:22,495] {dag.py:2305} INFO - Setting next_dagrun for example_short_circuit_operator to 2021-06-26 00:00:00+00:00
[2021-06-28 15:38:22,529] {scheduler_job.py:190} INFO - Processing /home/airflow/.local/lib/python3.6/site-packages/airflow/example_dags/example_short_circuit_operator.py took 0.156 seconds
[2021-06-28 15:38:52,707] {scheduler_job.py:182} INFO - Started process (PID=650) to work on /home/airflow/.local/lib/python3.6/site-packages/airflow/example_dags/example_short_circuit_operator.py
[2021-06-28 15:38:52,709] {scheduler_job.py:633} INFO - Processing file /home/airflow/.local/lib/python3.6/site-packages/airflow/example_dags/example_short_circuit_operator.py for tasks to queue
[2021-06-28 15:38:52,710] {logging_mixin.py:104} INFO - [2021-06-28 15:38:52,710] {dagbag.py:487} INFO - Filling up the DagBag from /home/airflow/.local/lib/python3.6/site-packages/airflow/example_dags/example_short_circuit_operator.py
[2021-06-28 15:38:52,734] {scheduler_job.py:643} INFO - DAG(s) dict_keys(['example_short_circuit_operator']) retrieved from /home/airflow/.local/lib/python3.6/site-packages/airflow/example_dags/example_short_circuit_operator.py
[2021-06-28 15:38:52,772] {logging_mixin.py:104} INFO - [2021-06-28 15:38:52,772] {dag.py:1832} INFO - Sync 1 DAGs
[2021-06-28 15:38:52,814] {logging_mixin.py:104} INFO - [2021-06-28 15:38:52,814] {dag.py:2305} INFO - Setting next_dagrun for example_short_circuit_operator to 2021-06-26 00:00:00+00:00
[2021-06-28 15:38:52,846] {scheduler_job.py:190} INFO - Processing /home/airflow/.local/lib/python3.6/site-packages/airflow/example_dags/example_short_circuit_operator.py took 0.144 seconds
[2021-06-28 15:39:23,283] {scheduler_job.py:182} INFO - Started process (PID=716) to work on /home/airflow/.local/lib/python3.6/site-packages/airflow/example_dags/example_short_circuit_operator.py
[2021-06-28 15:39:23,287] {scheduler_job.py:633} INFO - Processing file /home/airflow/.local/lib/python3.6/site-packages/airflow/example_dags/example_short_circuit_operator.py for tasks to queue
[2021-06-28 15:39:23,289] {logging_mixin.py:104} INFO - [2021-06-28 15:39:23,289] {dagbag.py:487} INFO - Filling up the DagBag from /home/airflow/.local/lib/python3.6/site-packages/airflow/example_dags/example_short_circuit_operator.py
[2021-06-28 15:39:23,307] {scheduler_job.py:643} INFO - DAG(s) dict_keys(['example_short_circuit_operator']) retrieved from /home/airflow/.local/lib/python3.6/site-packages/airflow/example_dags/example_short_circuit_operator.py
[2021-06-28 15:39:23,333] {logging_mixin.py:104} INFO - [2021-06-28 15:39:23,333] {dag.py:1832} INFO - Sync 1 DAGs
[2021-06-28 15:39:23,351] {logging_mixin.py:104} INFO - [2021-06-28 15:39:23,351] {dag.py:2305} INFO - Setting next_dagrun for example_short_circuit_operator to 2021-06-26 00:00:00+00:00
[2021-06-28 15:39:23,364] {scheduler_job.py:190} INFO - Processing /home/airflow/.local/lib/python3.6/site-packages/airflow/example_dags/example_short_circuit_operator.py took 0.084 seconds
[2021-06-28 15:39:53,465] {scheduler_job.py:182} INFO - Started process (PID=779) to work on /home/airflow/.local/lib/python3.6/site-packages/airflow/example_dags/example_short_circuit_operator.py
[2021-06-28 15:39:53,467] {scheduler_job.py:633} INFO - Processing file /home/airflow/.local/lib/python3.6/site-packages/airflow/example_dags/example_short_circuit_operator.py for tasks to queue
[2021-06-28 15:39:53,470] {logging_mixin.py:104} INFO - [2021-06-28 15:39:53,470] {dagbag.py:487} INFO - Filling up the DagBag from /home/airflow/.local/lib/python3.6/site-packages/airflow/example_dags/example_short_circuit_operator.py
[2021-06-28 15:39:53,486] {scheduler_job.py:643} INFO - DAG(s) dict_keys(['example_short_circuit_operator']) retrieved from /home/airflow/.local/lib/python3.6/site-packages/airflow/example_dags/example_short_circuit_operator.py
[2021-06-28 15:39:53,512] {logging_mixin.py:104} INFO - [2021-06-28 15:39:53,512] {dag.py:1832} INFO - Sync 1 DAGs
[2021-06-28 15:39:53,538] {logging_mixin.py:104} INFO - [2021-06-28 15:39:53,538] {dag.py:2305} INFO - Setting next_dagrun for example_short_circuit_operator to 2021-06-26 00:00:00+00:00
[2021-06-28 15:39:53,563] {scheduler_job.py:190} INFO - Processing /home/airflow/.local/lib/python3.6/site-packages/airflow/example_dags/example_short_circuit_operator.py took 0.102 seconds
[2021-06-28 15:40:24,019] {scheduler_job.py:182} INFO - Started process (PID=854) to work on /home/airflow/.local/lib/python3.6/site-packages/airflow/example_dags/example_short_circuit_operator.py
[2021-06-28 15:40:24,021] {scheduler_job.py:633} INFO - Processing file /home/airflow/.local/lib/python3.6/site-packages/airflow/example_dags/example_short_circuit_operator.py for tasks to queue
[2021-06-28 15:40:24,023] {logging_mixin.py:104} INFO - [2021-06-28 15:40:24,022] {dagbag.py:487} INFO - Filling up the DagBag from /home/airflow/.local/lib/python3.6/site-packages/airflow/example_dags/example_short_circuit_operator.py
[2021-06-28 15:40:24,040] {scheduler_job.py:643} INFO - DAG(s) dict_keys(['example_short_circuit_operator']) retrieved from /home/airflow/.local/lib/python3.6/site-packages/airflow/example_dags/example_short_circuit_operator.py
[2021-06-28 15:40:24,077] {logging_mixin.py:104} INFO - [2021-06-28 15:40:24,077] {dag.py:1832} INFO - Sync 1 DAGs
[2021-06-28 15:40:24,099] {logging_mixin.py:104} INFO - [2021-06-28 15:40:24,099] {dag.py:2305} INFO - Setting next_dagrun for example_short_circuit_operator to 2021-06-26 00:00:00+00:00
[2021-06-28 15:40:24,120] {scheduler_job.py:190} INFO - Processing /home/airflow/.local/lib/python3.6/site-packages/airflow/example_dags/example_short_circuit_operator.py took 0.105 seconds
[2021-06-28 15:40:54,598] {scheduler_job.py:182} INFO - Started process (PID=915) to work on /home/airflow/.local/lib/python3.6/site-packages/airflow/example_dags/example_short_circuit_operator.py
[2021-06-28 15:40:54,600] {scheduler_job.py:633} INFO - Processing file /home/airflow/.local/lib/python3.6/site-packages/airflow/example_dags/example_short_circuit_operator.py for tasks to queue
[2021-06-28 15:40:54,601] {logging_mixin.py:104} INFO - [2021-06-28 15:40:54,601] {dagbag.py:487} INFO - Filling up the DagBag from /home/airflow/.local/lib/python3.6/site-packages/airflow/example_dags/example_short_circuit_operator.py
[2021-06-28 15:40:54,616] {scheduler_job.py:643} INFO - DAG(s) dict_keys(['example_short_circuit_operator']) retrieved from /home/airflow/.local/lib/python3.6/site-packages/airflow/example_dags/example_short_circuit_operator.py
[2021-06-28 15:40:54,671] {logging_mixin.py:104} INFO - [2021-06-28 15:40:54,670] {dag.py:1832} INFO - Sync 1 DAGs
[2021-06-28 15:40:54,695] {logging_mixin.py:104} INFO - [2021-06-28 15:40:54,695] {dag.py:2305} INFO - Setting next_dagrun for example_short_circuit_operator to 2021-06-26 00:00:00+00:00
[2021-06-28 15:40:54,721] {scheduler_job.py:190} INFO - Processing /home/airflow/.local/lib/python3.6/site-packages/airflow/example_dags/example_short_circuit_operator.py took 0.127 seconds
[2021-06-28 15:41:24,845] {scheduler_job.py:182} INFO - Started process (PID=974) to work on /home/airflow/.local/lib/python3.6/site-packages/airflow/example_dags/example_short_circuit_operator.py
[2021-06-28 15:41:24,846] {scheduler_job.py:633} INFO - Processing file /home/airflow/.local/lib/python3.6/site-packages/airflow/example_dags/example_short_circuit_operator.py for tasks to queue
[2021-06-28 15:41:24,847] {logging_mixin.py:104} INFO - [2021-06-28 15:41:24,846] {dagbag.py:487} INFO - Filling up the DagBag from /home/airflow/.local/lib/python3.6/site-packages/airflow/example_dags/example_short_circuit_operator.py
[2021-06-28 15:41:24,870] {scheduler_job.py:643} INFO - DAG(s) dict_keys(['example_short_circuit_operator']) retrieved from /home/airflow/.local/lib/python3.6/site-packages/airflow/example_dags/example_short_circuit_operator.py
[2021-06-28 15:41:24,893] {logging_mixin.py:104} INFO - [2021-06-28 15:41:24,893] {dag.py:1832} INFO - Sync 1 DAGs
[2021-06-28 15:41:24,910] {logging_mixin.py:104} INFO - [2021-06-28 15:41:24,910] {dag.py:2305} INFO - Setting next_dagrun for example_short_circuit_operator to 2021-06-26 00:00:00+00:00
[2021-06-28 15:41:24,922] {scheduler_job.py:190} INFO - Processing /home/airflow/.local/lib/python3.6/site-packages/airflow/example_dags/example_short_circuit_operator.py took 0.081 seconds
[2021-06-28 15:41:55,278] {scheduler_job.py:182} INFO - Started process (PID=1046) to work on /home/airflow/.local/lib/python3.6/site-packages/airflow/example_dags/example_short_circuit_operator.py
[2021-06-28 15:41:55,282] {scheduler_job.py:633} INFO - Processing file /home/airflow/.local/lib/python3.6/site-packages/airflow/example_dags/example_short_circuit_operator.py for tasks to queue
[2021-06-28 15:41:55,286] {logging_mixin.py:104} INFO - [2021-06-28 15:41:55,286] {dagbag.py:487} INFO - Filling up the DagBag from /home/airflow/.local/lib/python3.6/site-packages/airflow/example_dags/example_short_circuit_operator.py
[2021-06-28 15:41:55,313] {scheduler_job.py:643} INFO - DAG(s) dict_keys(['example_short_circuit_operator']) retrieved from /home/airflow/.local/lib/python3.6/site-packages/airflow/example_dags/example_short_circuit_operator.py
[2021-06-28 15:41:55,384] {logging_mixin.py:104} INFO - [2021-06-28 15:41:55,384] {dag.py:1832} INFO - Sync 1 DAGs
[2021-06-28 15:41:55,418] {logging_mixin.py:104} INFO - [2021-06-28 15:41:55,418] {dag.py:2305} INFO - Setting next_dagrun for example_short_circuit_operator to 2021-06-26 00:00:00+00:00
[2021-06-28 15:41:55,449] {scheduler_job.py:190} INFO - Processing /home/airflow/.local/lib/python3.6/site-packages/airflow/example_dags/example_short_circuit_operator.py took 0.176 seconds
[2021-06-28 15:42:25,669] {scheduler_job.py:182} INFO - Started process (PID=1109) to work on /home/airflow/.local/lib/python3.6/site-packages/airflow/example_dags/example_short_circuit_operator.py
[2021-06-28 15:42:25,671] {scheduler_job.py:633} INFO - Processing file /home/airflow/.local/lib/python3.6/site-packages/airflow/example_dags/example_short_circuit_operator.py for tasks to queue
[2021-06-28 15:42:25,672] {logging_mixin.py:104} INFO - [2021-06-28 15:42:25,672] {dagbag.py:487} INFO - Filling up the DagBag from /home/airflow/.local/lib/python3.6/site-packages/airflow/example_dags/example_short_circuit_operator.py
[2021-06-28 15:42:25,690] {scheduler_job.py:643} INFO - DAG(s) dict_keys(['example_short_circuit_operator']) retrieved from /home/airflow/.local/lib/python3.6/site-packages/airflow/example_dags/example_short_circuit_operator.py
[2021-06-28 15:42:25,737] {logging_mixin.py:104} INFO - [2021-06-28 15:42:25,736] {dag.py:1832} INFO - Sync 1 DAGs
[2021-06-28 15:42:25,760] {logging_mixin.py:104} INFO - [2021-06-28 15:42:25,760] {dag.py:2305} INFO - Setting next_dagrun for example_short_circuit_operator to 2021-06-26 00:00:00+00:00
[2021-06-28 15:42:25,777] {scheduler_job.py:190} INFO - Processing /home/airflow/.local/lib/python3.6/site-packages/airflow/example_dags/example_short_circuit_operator.py took 0.114 seconds
[2021-06-28 15:42:56,040] {scheduler_job.py:182} INFO - Started process (PID=1168) to work on /home/airflow/.local/lib/python3.6/site-packages/airflow/example_dags/example_short_circuit_operator.py
[2021-06-28 15:42:56,043] {scheduler_job.py:633} INFO - Processing file /home/airflow/.local/lib/python3.6/site-packages/airflow/example_dags/example_short_circuit_operator.py for tasks to queue
[2021-06-28 15:42:56,044] {logging_mixin.py:104} INFO - [2021-06-28 15:42:56,044] {dagbag.py:487} INFO - Filling up the DagBag from /home/airflow/.local/lib/python3.6/site-packages/airflow/example_dags/example_short_circuit_operator.py
[2021-06-28 15:42:56,064] {scheduler_job.py:643} INFO - DAG(s) dict_keys(['example_short_circuit_operator']) retrieved from /home/airflow/.local/lib/python3.6/site-packages/airflow/example_dags/example_short_circuit_operator.py
[2021-06-28 15:42:56,108] {logging_mixin.py:104} INFO - [2021-06-28 15:42:56,108] {dag.py:1832} INFO - Sync 1 DAGs
[2021-06-28 15:42:56,141] {logging_mixin.py:104} INFO - [2021-06-28 15:42:56,140] {dag.py:2305} INFO - Setting next_dagrun for example_short_circuit_operator to 2021-06-26 00:00:00+00:00
[2021-06-28 15:42:56,164] {scheduler_job.py:190} INFO - Processing /home/airflow/.local/lib/python3.6/site-packages/airflow/example_dags/example_short_circuit_operator.py took 0.129 seconds
[2021-06-28 15:43:26,569] {scheduler_job.py:182} INFO - Started process (PID=1226) to work on /home/airflow/.local/lib/python3.6/site-packages/airflow/example_dags/example_short_circuit_operator.py
[2021-06-28 15:43:26,570] {scheduler_job.py:633} INFO - Processing file /home/airflow/.local/lib/python3.6/site-packages/airflow/example_dags/example_short_circuit_operator.py for tasks to queue
[2021-06-28 15:43:26,572] {logging_mixin.py:104} INFO - [2021-06-28 15:43:26,572] {dagbag.py:487} INFO - Filling up the DagBag from /home/airflow/.local/lib/python3.6/site-packages/airflow/example_dags/example_short_circuit_operator.py
[2021-06-28 15:43:26,595] {scheduler_job.py:643} INFO - DAG(s) dict_keys(['example_short_circuit_operator']) retrieved from /home/airflow/.local/lib/python3.6/site-packages/airflow/example_dags/example_short_circuit_operator.py
[2021-06-28 15:43:26,627] {logging_mixin.py:104} INFO - [2021-06-28 15:43:26,627] {dag.py:1832} INFO - Sync 1 DAGs
[2021-06-28 15:43:26,650] {logging_mixin.py:104} INFO - [2021-06-28 15:43:26,649] {dag.py:2305} INFO - Setting next_dagrun for example_short_circuit_operator to 2021-06-26 00:00:00+00:00
[2021-06-28 15:43:26,670] {scheduler_job.py:190} INFO - Processing /home/airflow/.local/lib/python3.6/site-packages/airflow/example_dags/example_short_circuit_operator.py took 0.106 seconds
[2021-06-28 15:43:56,995] {scheduler_job.py:182} INFO - Started process (PID=1293) to work on /home/airflow/.local/lib/python3.6/site-packages/airflow/example_dags/example_short_circuit_operator.py
[2021-06-28 15:43:56,996] {scheduler_job.py:633} INFO - Processing file /home/airflow/.local/lib/python3.6/site-packages/airflow/example_dags/example_short_circuit_operator.py for tasks to queue
[2021-06-28 15:43:56,997] {logging_mixin.py:104} INFO - [2021-06-28 15:43:56,997] {dagbag.py:487} INFO - Filling up the DagBag from /home/airflow/.local/lib/python3.6/site-packages/airflow/example_dags/example_short_circuit_operator.py
[2021-06-28 15:43:57,011] {scheduler_job.py:643} INFO - DAG(s) dict_keys(['example_short_circuit_operator']) retrieved from /home/airflow/.local/lib/python3.6/site-packages/airflow/example_dags/example_short_circuit_operator.py
[2021-06-28 15:43:57,040] {logging_mixin.py:104} INFO - [2021-06-28 15:43:57,040] {dag.py:1832} INFO - Sync 1 DAGs
[2021-06-28 15:43:57,062] {logging_mixin.py:104} INFO - [2021-06-28 15:43:57,062] {dag.py:2305} INFO - Setting next_dagrun for example_short_circuit_operator to 2021-06-26 00:00:00+00:00
[2021-06-28 15:43:57,075] {scheduler_job.py:190} INFO - Processing /home/airflow/.local/lib/python3.6/site-packages/airflow/example_dags/example_short_circuit_operator.py took 0.085 seconds
[2021-06-28 15:44:27,383] {scheduler_job.py:182} INFO - Started process (PID=1353) to work on /home/airflow/.local/lib/python3.6/site-packages/airflow/example_dags/example_short_circuit_operator.py
[2021-06-28 15:44:27,385] {scheduler_job.py:633} INFO - Processing file /home/airflow/.local/lib/python3.6/site-packages/airflow/example_dags/example_short_circuit_operator.py for tasks to queue
[2021-06-28 15:44:27,386] {logging_mixin.py:104} INFO - [2021-06-28 15:44:27,386] {dagbag.py:487} INFO - Filling up the DagBag from /home/airflow/.local/lib/python3.6/site-packages/airflow/example_dags/example_short_circuit_operator.py
[2021-06-28 15:44:27,415] {scheduler_job.py:643} INFO - DAG(s) dict_keys(['example_short_circuit_operator']) retrieved from /home/airflow/.local/lib/python3.6/site-packages/airflow/example_dags/example_short_circuit_operator.py
[2021-06-28 15:44:27,460] {logging_mixin.py:104} INFO - [2021-06-28 15:44:27,460] {dag.py:1832} INFO - Sync 1 DAGs
[2021-06-28 15:44:27,487] {logging_mixin.py:104} INFO - [2021-06-28 15:44:27,487] {dag.py:2305} INFO - Setting next_dagrun for example_short_circuit_operator to 2021-06-26 00:00:00+00:00
[2021-06-28 15:44:27,505] {scheduler_job.py:190} INFO - Processing /home/airflow/.local/lib/python3.6/site-packages/airflow/example_dags/example_short_circuit_operator.py took 0.127 seconds
