[2021-06-28 15:16:23,993] {scheduler_job.py:182} INFO - Started process (PID=101) to work on /home/airflow/.local/lib/python3.6/site-packages/airflow/example_dags/example_latest_only.py
[2021-06-28 15:16:23,994] {scheduler_job.py:633} INFO - Processing file /home/airflow/.local/lib/python3.6/site-packages/airflow/example_dags/example_latest_only.py for tasks to queue
[2021-06-28 15:16:23,995] {logging_mixin.py:104} INFO - [2021-06-28 15:16:23,995] {dagbag.py:487} INFO - Filling up the DagBag from /home/airflow/.local/lib/python3.6/site-packages/airflow/example_dags/example_latest_only.py
[2021-06-28 15:16:24,084] {scheduler_job.py:643} INFO - DAG(s) dict_keys(['latest_only']) retrieved from /home/airflow/.local/lib/python3.6/site-packages/airflow/example_dags/example_latest_only.py
[2021-06-28 15:16:24,981] {logging_mixin.py:104} INFO - [2021-06-28 15:16:24,981] {dag.py:1832} INFO - Sync 1 DAGs
[2021-06-28 15:16:25,012] {logging_mixin.py:104} INFO - [2021-06-28 15:16:25,012] {dag.py:2305} INFO - Setting next_dagrun for latest_only to 2021-06-26 00:00:00+00:00
[2021-06-28 15:16:25,042] {scheduler_job.py:190} INFO - Processing /home/airflow/.local/lib/python3.6/site-packages/airflow/example_dags/example_latest_only.py took 1.054 seconds
[2021-06-28 15:16:55,862] {scheduler_job.py:182} INFO - Started process (PID=156) to work on /home/airflow/.local/lib/python3.6/site-packages/airflow/example_dags/example_latest_only.py
[2021-06-28 15:16:55,875] {scheduler_job.py:633} INFO - Processing file /home/airflow/.local/lib/python3.6/site-packages/airflow/example_dags/example_latest_only.py for tasks to queue
[2021-06-28 15:16:55,879] {logging_mixin.py:104} INFO - [2021-06-28 15:16:55,879] {dagbag.py:487} INFO - Filling up the DagBag from /home/airflow/.local/lib/python3.6/site-packages/airflow/example_dags/example_latest_only.py
[2021-06-28 15:16:55,901] {scheduler_job.py:643} INFO - DAG(s) dict_keys(['latest_only']) retrieved from /home/airflow/.local/lib/python3.6/site-packages/airflow/example_dags/example_latest_only.py
[2021-06-28 15:16:55,966] {logging_mixin.py:104} INFO - [2021-06-28 15:16:55,966] {dag.py:1832} INFO - Sync 1 DAGs
[2021-06-28 15:16:56,027] {logging_mixin.py:104} INFO - [2021-06-28 15:16:56,023] {dag.py:2305} INFO - Setting next_dagrun for latest_only to 2021-06-26 00:00:00+00:00
[2021-06-28 15:16:56,059] {scheduler_job.py:190} INFO - Processing /home/airflow/.local/lib/python3.6/site-packages/airflow/example_dags/example_latest_only.py took 0.202 seconds
[2021-06-28 15:17:26,905] {scheduler_job.py:182} INFO - Started process (PID=221) to work on /home/airflow/.local/lib/python3.6/site-packages/airflow/example_dags/example_latest_only.py
[2021-06-28 15:17:26,914] {scheduler_job.py:633} INFO - Processing file /home/airflow/.local/lib/python3.6/site-packages/airflow/example_dags/example_latest_only.py for tasks to queue
[2021-06-28 15:17:26,915] {logging_mixin.py:104} INFO - [2021-06-28 15:17:26,915] {dagbag.py:487} INFO - Filling up the DagBag from /home/airflow/.local/lib/python3.6/site-packages/airflow/example_dags/example_latest_only.py
[2021-06-28 15:17:26,934] {scheduler_job.py:643} INFO - DAG(s) dict_keys(['latest_only']) retrieved from /home/airflow/.local/lib/python3.6/site-packages/airflow/example_dags/example_latest_only.py
[2021-06-28 15:17:26,980] {logging_mixin.py:104} INFO - [2021-06-28 15:17:26,980] {dag.py:1832} INFO - Sync 1 DAGs
[2021-06-28 15:17:27,006] {logging_mixin.py:104} INFO - [2021-06-28 15:17:27,006] {dag.py:2305} INFO - Setting next_dagrun for latest_only to 2021-06-26 00:00:00+00:00
[2021-06-28 15:17:27,023] {scheduler_job.py:190} INFO - Processing /home/airflow/.local/lib/python3.6/site-packages/airflow/example_dags/example_latest_only.py took 0.125 seconds
[2021-06-28 15:17:57,158] {scheduler_job.py:182} INFO - Started process (PID=280) to work on /home/airflow/.local/lib/python3.6/site-packages/airflow/example_dags/example_latest_only.py
[2021-06-28 15:17:57,164] {scheduler_job.py:633} INFO - Processing file /home/airflow/.local/lib/python3.6/site-packages/airflow/example_dags/example_latest_only.py for tasks to queue
[2021-06-28 15:17:57,167] {logging_mixin.py:104} INFO - [2021-06-28 15:17:57,166] {dagbag.py:487} INFO - Filling up the DagBag from /home/airflow/.local/lib/python3.6/site-packages/airflow/example_dags/example_latest_only.py
[2021-06-28 15:17:57,183] {scheduler_job.py:643} INFO - DAG(s) dict_keys(['latest_only']) retrieved from /home/airflow/.local/lib/python3.6/site-packages/airflow/example_dags/example_latest_only.py
[2021-06-28 15:17:57,216] {logging_mixin.py:104} INFO - [2021-06-28 15:17:57,216] {dag.py:1832} INFO - Sync 1 DAGs
[2021-06-28 15:17:57,238] {logging_mixin.py:104} INFO - [2021-06-28 15:17:57,238] {dag.py:2305} INFO - Setting next_dagrun for latest_only to 2021-06-26 00:00:00+00:00
[2021-06-28 15:17:57,254] {scheduler_job.py:190} INFO - Processing /home/airflow/.local/lib/python3.6/site-packages/airflow/example_dags/example_latest_only.py took 0.099 seconds
[2021-06-28 15:18:27,721] {scheduler_job.py:182} INFO - Started process (PID=340) to work on /home/airflow/.local/lib/python3.6/site-packages/airflow/example_dags/example_latest_only.py
[2021-06-28 15:18:27,723] {scheduler_job.py:633} INFO - Processing file /home/airflow/.local/lib/python3.6/site-packages/airflow/example_dags/example_latest_only.py for tasks to queue
[2021-06-28 15:18:27,730] {logging_mixin.py:104} INFO - [2021-06-28 15:18:27,729] {dagbag.py:487} INFO - Filling up the DagBag from /home/airflow/.local/lib/python3.6/site-packages/airflow/example_dags/example_latest_only.py
[2021-06-28 15:18:27,750] {scheduler_job.py:643} INFO - DAG(s) dict_keys(['latest_only']) retrieved from /home/airflow/.local/lib/python3.6/site-packages/airflow/example_dags/example_latest_only.py
[2021-06-28 15:18:27,801] {logging_mixin.py:104} INFO - [2021-06-28 15:18:27,800] {dag.py:1832} INFO - Sync 1 DAGs
[2021-06-28 15:18:27,862] {logging_mixin.py:104} INFO - [2021-06-28 15:18:27,862] {dag.py:2305} INFO - Setting next_dagrun for latest_only to 2021-06-26 00:00:00+00:00
[2021-06-28 15:18:27,909] {scheduler_job.py:190} INFO - Processing /home/airflow/.local/lib/python3.6/site-packages/airflow/example_dags/example_latest_only.py took 0.192 seconds
[2021-06-28 15:18:58,278] {scheduler_job.py:182} INFO - Started process (PID=402) to work on /home/airflow/.local/lib/python3.6/site-packages/airflow/example_dags/example_latest_only.py
[2021-06-28 15:18:58,280] {scheduler_job.py:633} INFO - Processing file /home/airflow/.local/lib/python3.6/site-packages/airflow/example_dags/example_latest_only.py for tasks to queue
[2021-06-28 15:18:58,285] {logging_mixin.py:104} INFO - [2021-06-28 15:18:58,285] {dagbag.py:487} INFO - Filling up the DagBag from /home/airflow/.local/lib/python3.6/site-packages/airflow/example_dags/example_latest_only.py
[2021-06-28 15:18:58,303] {scheduler_job.py:643} INFO - DAG(s) dict_keys(['latest_only']) retrieved from /home/airflow/.local/lib/python3.6/site-packages/airflow/example_dags/example_latest_only.py
[2021-06-28 15:18:58,359] {logging_mixin.py:104} INFO - [2021-06-28 15:18:58,359] {dag.py:1832} INFO - Sync 1 DAGs
[2021-06-28 15:18:58,396] {logging_mixin.py:104} INFO - [2021-06-28 15:18:58,396] {dag.py:2305} INFO - Setting next_dagrun for latest_only to 2021-06-26 00:00:00+00:00
[2021-06-28 15:18:58,414] {scheduler_job.py:190} INFO - Processing /home/airflow/.local/lib/python3.6/site-packages/airflow/example_dags/example_latest_only.py took 0.156 seconds
[2021-06-28 15:19:28,488] {scheduler_job.py:182} INFO - Started process (PID=462) to work on /home/airflow/.local/lib/python3.6/site-packages/airflow/example_dags/example_latest_only.py
[2021-06-28 15:19:28,499] {scheduler_job.py:633} INFO - Processing file /home/airflow/.local/lib/python3.6/site-packages/airflow/example_dags/example_latest_only.py for tasks to queue
[2021-06-28 15:19:28,503] {logging_mixin.py:104} INFO - [2021-06-28 15:19:28,503] {dagbag.py:487} INFO - Filling up the DagBag from /home/airflow/.local/lib/python3.6/site-packages/airflow/example_dags/example_latest_only.py
[2021-06-28 15:19:28,528] {scheduler_job.py:643} INFO - DAG(s) dict_keys(['latest_only']) retrieved from /home/airflow/.local/lib/python3.6/site-packages/airflow/example_dags/example_latest_only.py
[2021-06-28 15:19:28,591] {logging_mixin.py:104} INFO - [2021-06-28 15:19:28,590] {dag.py:1832} INFO - Sync 1 DAGs
[2021-06-28 15:19:28,623] {logging_mixin.py:104} INFO - [2021-06-28 15:19:28,623] {dag.py:2305} INFO - Setting next_dagrun for latest_only to 2021-06-26 00:00:00+00:00
[2021-06-28 15:19:28,722] {scheduler_job.py:190} INFO - Processing /home/airflow/.local/lib/python3.6/site-packages/airflow/example_dags/example_latest_only.py took 0.240 seconds
[2021-06-28 15:19:58,791] {scheduler_job.py:182} INFO - Started process (PID=526) to work on /home/airflow/.local/lib/python3.6/site-packages/airflow/example_dags/example_latest_only.py
[2021-06-28 15:19:58,795] {scheduler_job.py:633} INFO - Processing file /home/airflow/.local/lib/python3.6/site-packages/airflow/example_dags/example_latest_only.py for tasks to queue
[2021-06-28 15:19:58,802] {logging_mixin.py:104} INFO - [2021-06-28 15:19:58,802] {dagbag.py:487} INFO - Filling up the DagBag from /home/airflow/.local/lib/python3.6/site-packages/airflow/example_dags/example_latest_only.py
[2021-06-28 15:19:58,843] {scheduler_job.py:643} INFO - DAG(s) dict_keys(['latest_only']) retrieved from /home/airflow/.local/lib/python3.6/site-packages/airflow/example_dags/example_latest_only.py
[2021-06-28 15:19:58,890] {logging_mixin.py:104} INFO - [2021-06-28 15:19:58,889] {dag.py:1832} INFO - Sync 1 DAGs
[2021-06-28 15:19:58,919] {logging_mixin.py:104} INFO - [2021-06-28 15:19:58,919] {dag.py:2305} INFO - Setting next_dagrun for latest_only to 2021-06-26 00:00:00+00:00
[2021-06-28 15:19:58,950] {scheduler_job.py:190} INFO - Processing /home/airflow/.local/lib/python3.6/site-packages/airflow/example_dags/example_latest_only.py took 0.164 seconds
[2021-06-28 15:20:29,525] {scheduler_job.py:182} INFO - Started process (PID=594) to work on /home/airflow/.local/lib/python3.6/site-packages/airflow/example_dags/example_latest_only.py
[2021-06-28 15:20:29,530] {scheduler_job.py:633} INFO - Processing file /home/airflow/.local/lib/python3.6/site-packages/airflow/example_dags/example_latest_only.py for tasks to queue
[2021-06-28 15:20:29,538] {logging_mixin.py:104} INFO - [2021-06-28 15:20:29,538] {dagbag.py:487} INFO - Filling up the DagBag from /home/airflow/.local/lib/python3.6/site-packages/airflow/example_dags/example_latest_only.py
[2021-06-28 15:20:29,565] {scheduler_job.py:643} INFO - DAG(s) dict_keys(['latest_only']) retrieved from /home/airflow/.local/lib/python3.6/site-packages/airflow/example_dags/example_latest_only.py
[2021-06-28 15:20:29,754] {logging_mixin.py:104} INFO - [2021-06-28 15:20:29,754] {dag.py:1832} INFO - Sync 1 DAGs
[2021-06-28 15:20:29,814] {logging_mixin.py:104} INFO - [2021-06-28 15:20:29,814] {dag.py:2305} INFO - Setting next_dagrun for latest_only to 2021-06-26 00:00:00+00:00
[2021-06-28 15:20:29,855] {scheduler_job.py:190} INFO - Processing /home/airflow/.local/lib/python3.6/site-packages/airflow/example_dags/example_latest_only.py took 0.336 seconds
[2021-06-28 15:21:00,101] {scheduler_job.py:182} INFO - Started process (PID=655) to work on /home/airflow/.local/lib/python3.6/site-packages/airflow/example_dags/example_latest_only.py
[2021-06-28 15:21:00,103] {scheduler_job.py:633} INFO - Processing file /home/airflow/.local/lib/python3.6/site-packages/airflow/example_dags/example_latest_only.py for tasks to queue
[2021-06-28 15:21:00,104] {logging_mixin.py:104} INFO - [2021-06-28 15:21:00,104] {dagbag.py:487} INFO - Filling up the DagBag from /home/airflow/.local/lib/python3.6/site-packages/airflow/example_dags/example_latest_only.py
[2021-06-28 15:21:00,155] {scheduler_job.py:643} INFO - DAG(s) dict_keys(['latest_only']) retrieved from /home/airflow/.local/lib/python3.6/site-packages/airflow/example_dags/example_latest_only.py
[2021-06-28 15:21:00,265] {logging_mixin.py:104} INFO - [2021-06-28 15:21:00,265] {dag.py:1832} INFO - Sync 1 DAGs
[2021-06-28 15:21:00,296] {logging_mixin.py:104} INFO - [2021-06-28 15:21:00,296] {dag.py:2305} INFO - Setting next_dagrun for latest_only to 2021-06-26 00:00:00+00:00
[2021-06-28 15:21:00,315] {scheduler_job.py:190} INFO - Processing /home/airflow/.local/lib/python3.6/site-packages/airflow/example_dags/example_latest_only.py took 0.219 seconds
[2021-06-28 15:21:31,199] {scheduler_job.py:182} INFO - Started process (PID=714) to work on /home/airflow/.local/lib/python3.6/site-packages/airflow/example_dags/example_latest_only.py
[2021-06-28 15:21:31,202] {scheduler_job.py:633} INFO - Processing file /home/airflow/.local/lib/python3.6/site-packages/airflow/example_dags/example_latest_only.py for tasks to queue
[2021-06-28 15:21:31,203] {logging_mixin.py:104} INFO - [2021-06-28 15:21:31,203] {dagbag.py:487} INFO - Filling up the DagBag from /home/airflow/.local/lib/python3.6/site-packages/airflow/example_dags/example_latest_only.py
[2021-06-28 15:21:31,223] {scheduler_job.py:643} INFO - DAG(s) dict_keys(['latest_only']) retrieved from /home/airflow/.local/lib/python3.6/site-packages/airflow/example_dags/example_latest_only.py
[2021-06-28 15:21:31,261] {logging_mixin.py:104} INFO - [2021-06-28 15:21:31,261] {dag.py:1832} INFO - Sync 1 DAGs
[2021-06-28 15:21:31,283] {logging_mixin.py:104} INFO - [2021-06-28 15:21:31,283] {dag.py:2305} INFO - Setting next_dagrun for latest_only to 2021-06-26 00:00:00+00:00
[2021-06-28 15:21:31,299] {scheduler_job.py:190} INFO - Processing /home/airflow/.local/lib/python3.6/site-packages/airflow/example_dags/example_latest_only.py took 0.104 seconds
[2021-06-28 15:22:01,733] {scheduler_job.py:182} INFO - Started process (PID=774) to work on /home/airflow/.local/lib/python3.6/site-packages/airflow/example_dags/example_latest_only.py
[2021-06-28 15:22:01,734] {scheduler_job.py:633} INFO - Processing file /home/airflow/.local/lib/python3.6/site-packages/airflow/example_dags/example_latest_only.py for tasks to queue
[2021-06-28 15:22:01,735] {logging_mixin.py:104} INFO - [2021-06-28 15:22:01,735] {dagbag.py:487} INFO - Filling up the DagBag from /home/airflow/.local/lib/python3.6/site-packages/airflow/example_dags/example_latest_only.py
[2021-06-28 15:22:01,755] {scheduler_job.py:643} INFO - DAG(s) dict_keys(['latest_only']) retrieved from /home/airflow/.local/lib/python3.6/site-packages/airflow/example_dags/example_latest_only.py
[2021-06-28 15:22:01,793] {logging_mixin.py:104} INFO - [2021-06-28 15:22:01,792] {dag.py:1832} INFO - Sync 1 DAGs
[2021-06-28 15:22:01,841] {logging_mixin.py:104} INFO - [2021-06-28 15:22:01,840] {dag.py:2305} INFO - Setting next_dagrun for latest_only to 2021-06-26 00:00:00+00:00
[2021-06-28 15:22:01,865] {scheduler_job.py:190} INFO - Processing /home/airflow/.local/lib/python3.6/site-packages/airflow/example_dags/example_latest_only.py took 0.157 seconds
[2021-06-28 15:22:32,104] {scheduler_job.py:182} INFO - Started process (PID=832) to work on /home/airflow/.local/lib/python3.6/site-packages/airflow/example_dags/example_latest_only.py
[2021-06-28 15:22:32,105] {scheduler_job.py:633} INFO - Processing file /home/airflow/.local/lib/python3.6/site-packages/airflow/example_dags/example_latest_only.py for tasks to queue
[2021-06-28 15:22:32,106] {logging_mixin.py:104} INFO - [2021-06-28 15:22:32,106] {dagbag.py:487} INFO - Filling up the DagBag from /home/airflow/.local/lib/python3.6/site-packages/airflow/example_dags/example_latest_only.py
[2021-06-28 15:22:32,126] {scheduler_job.py:643} INFO - DAG(s) dict_keys(['latest_only']) retrieved from /home/airflow/.local/lib/python3.6/site-packages/airflow/example_dags/example_latest_only.py
[2021-06-28 15:22:32,166] {logging_mixin.py:104} INFO - [2021-06-28 15:22:32,166] {dag.py:1832} INFO - Sync 1 DAGs
[2021-06-28 15:22:32,197] {logging_mixin.py:104} INFO - [2021-06-28 15:22:32,197] {dag.py:2305} INFO - Setting next_dagrun for latest_only to 2021-06-26 00:00:00+00:00
[2021-06-28 15:22:32,214] {scheduler_job.py:190} INFO - Processing /home/airflow/.local/lib/python3.6/site-packages/airflow/example_dags/example_latest_only.py took 0.117 seconds
[2021-06-28 15:23:02,970] {scheduler_job.py:182} INFO - Started process (PID=891) to work on /home/airflow/.local/lib/python3.6/site-packages/airflow/example_dags/example_latest_only.py
[2021-06-28 15:23:02,974] {scheduler_job.py:633} INFO - Processing file /home/airflow/.local/lib/python3.6/site-packages/airflow/example_dags/example_latest_only.py for tasks to queue
[2021-06-28 15:23:02,975] {logging_mixin.py:104} INFO - [2021-06-28 15:23:02,975] {dagbag.py:487} INFO - Filling up the DagBag from /home/airflow/.local/lib/python3.6/site-packages/airflow/example_dags/example_latest_only.py
[2021-06-28 15:23:02,997] {scheduler_job.py:643} INFO - DAG(s) dict_keys(['latest_only']) retrieved from /home/airflow/.local/lib/python3.6/site-packages/airflow/example_dags/example_latest_only.py
[2021-06-28 15:23:03,057] {logging_mixin.py:104} INFO - [2021-06-28 15:23:03,057] {dag.py:1832} INFO - Sync 1 DAGs
[2021-06-28 15:23:03,084] {logging_mixin.py:104} INFO - [2021-06-28 15:23:03,084] {dag.py:2305} INFO - Setting next_dagrun for latest_only to 2021-06-26 00:00:00+00:00
[2021-06-28 15:23:03,107] {scheduler_job.py:190} INFO - Processing /home/airflow/.local/lib/python3.6/site-packages/airflow/example_dags/example_latest_only.py took 0.143 seconds
[2021-06-28 15:23:33,207] {scheduler_job.py:182} INFO - Started process (PID=950) to work on /home/airflow/.local/lib/python3.6/site-packages/airflow/example_dags/example_latest_only.py
[2021-06-28 15:23:33,209] {scheduler_job.py:633} INFO - Processing file /home/airflow/.local/lib/python3.6/site-packages/airflow/example_dags/example_latest_only.py for tasks to queue
[2021-06-28 15:23:33,210] {logging_mixin.py:104} INFO - [2021-06-28 15:23:33,210] {dagbag.py:487} INFO - Filling up the DagBag from /home/airflow/.local/lib/python3.6/site-packages/airflow/example_dags/example_latest_only.py
[2021-06-28 15:23:33,245] {scheduler_job.py:643} INFO - DAG(s) dict_keys(['latest_only']) retrieved from /home/airflow/.local/lib/python3.6/site-packages/airflow/example_dags/example_latest_only.py
[2021-06-28 15:23:33,289] {logging_mixin.py:104} INFO - [2021-06-28 15:23:33,289] {dag.py:1832} INFO - Sync 1 DAGs
[2021-06-28 15:23:33,323] {logging_mixin.py:104} INFO - [2021-06-28 15:23:33,323] {dag.py:2305} INFO - Setting next_dagrun for latest_only to 2021-06-26 00:00:00+00:00
[2021-06-28 15:23:33,357] {scheduler_job.py:190} INFO - Processing /home/airflow/.local/lib/python3.6/site-packages/airflow/example_dags/example_latest_only.py took 0.160 seconds
[2021-06-28 15:24:04,090] {scheduler_job.py:182} INFO - Started process (PID=1009) to work on /home/airflow/.local/lib/python3.6/site-packages/airflow/example_dags/example_latest_only.py
[2021-06-28 15:24:04,093] {scheduler_job.py:633} INFO - Processing file /home/airflow/.local/lib/python3.6/site-packages/airflow/example_dags/example_latest_only.py for tasks to queue
[2021-06-28 15:24:04,095] {logging_mixin.py:104} INFO - [2021-06-28 15:24:04,095] {dagbag.py:487} INFO - Filling up the DagBag from /home/airflow/.local/lib/python3.6/site-packages/airflow/example_dags/example_latest_only.py
[2021-06-28 15:24:04,172] {scheduler_job.py:643} INFO - DAG(s) dict_keys(['latest_only']) retrieved from /home/airflow/.local/lib/python3.6/site-packages/airflow/example_dags/example_latest_only.py
[2021-06-28 15:24:04,220] {logging_mixin.py:104} INFO - [2021-06-28 15:24:04,220] {dag.py:1832} INFO - Sync 1 DAGs
[2021-06-28 15:24:04,259] {logging_mixin.py:104} INFO - [2021-06-28 15:24:04,259] {dag.py:2305} INFO - Setting next_dagrun for latest_only to 2021-06-26 00:00:00+00:00
[2021-06-28 15:24:04,296] {scheduler_job.py:190} INFO - Processing /home/airflow/.local/lib/python3.6/site-packages/airflow/example_dags/example_latest_only.py took 0.212 seconds
[2021-06-28 15:24:34,552] {scheduler_job.py:182} INFO - Started process (PID=1083) to work on /home/airflow/.local/lib/python3.6/site-packages/airflow/example_dags/example_latest_only.py
[2021-06-28 15:24:34,564] {scheduler_job.py:633} INFO - Processing file /home/airflow/.local/lib/python3.6/site-packages/airflow/example_dags/example_latest_only.py for tasks to queue
[2021-06-28 15:24:34,568] {logging_mixin.py:104} INFO - [2021-06-28 15:24:34,567] {dagbag.py:487} INFO - Filling up the DagBag from /home/airflow/.local/lib/python3.6/site-packages/airflow/example_dags/example_latest_only.py
[2021-06-28 15:24:34,621] {scheduler_job.py:643} INFO - DAG(s) dict_keys(['latest_only']) retrieved from /home/airflow/.local/lib/python3.6/site-packages/airflow/example_dags/example_latest_only.py
[2021-06-28 15:24:34,699] {logging_mixin.py:104} INFO - [2021-06-28 15:24:34,699] {dag.py:1832} INFO - Sync 1 DAGs
[2021-06-28 15:24:34,748] {logging_mixin.py:104} INFO - [2021-06-28 15:24:34,748] {dag.py:2305} INFO - Setting next_dagrun for latest_only to 2021-06-26 00:00:00+00:00
[2021-06-28 15:24:34,785] {scheduler_job.py:190} INFO - Processing /home/airflow/.local/lib/python3.6/site-packages/airflow/example_dags/example_latest_only.py took 0.244 seconds
[2021-06-28 15:25:04,819] {scheduler_job.py:182} INFO - Started process (PID=1141) to work on /home/airflow/.local/lib/python3.6/site-packages/airflow/example_dags/example_latest_only.py
[2021-06-28 15:25:04,820] {scheduler_job.py:633} INFO - Processing file /home/airflow/.local/lib/python3.6/site-packages/airflow/example_dags/example_latest_only.py for tasks to queue
[2021-06-28 15:25:04,821] {logging_mixin.py:104} INFO - [2021-06-28 15:25:04,821] {dagbag.py:487} INFO - Filling up the DagBag from /home/airflow/.local/lib/python3.6/site-packages/airflow/example_dags/example_latest_only.py
[2021-06-28 15:25:04,839] {scheduler_job.py:643} INFO - DAG(s) dict_keys(['latest_only']) retrieved from /home/airflow/.local/lib/python3.6/site-packages/airflow/example_dags/example_latest_only.py
[2021-06-28 15:25:04,862] {logging_mixin.py:104} INFO - [2021-06-28 15:25:04,862] {dag.py:1832} INFO - Sync 1 DAGs
[2021-06-28 15:25:04,896] {logging_mixin.py:104} INFO - [2021-06-28 15:25:04,896] {dag.py:2305} INFO - Setting next_dagrun for latest_only to 2021-06-26 00:00:00+00:00
[2021-06-28 15:25:04,918] {scheduler_job.py:190} INFO - Processing /home/airflow/.local/lib/python3.6/site-packages/airflow/example_dags/example_latest_only.py took 0.103 seconds
[2021-06-28 15:25:35,011] {scheduler_job.py:182} INFO - Started process (PID=1203) to work on /home/airflow/.local/lib/python3.6/site-packages/airflow/example_dags/example_latest_only.py
[2021-06-28 15:25:35,012] {scheduler_job.py:633} INFO - Processing file /home/airflow/.local/lib/python3.6/site-packages/airflow/example_dags/example_latest_only.py for tasks to queue
[2021-06-28 15:25:35,013] {logging_mixin.py:104} INFO - [2021-06-28 15:25:35,013] {dagbag.py:487} INFO - Filling up the DagBag from /home/airflow/.local/lib/python3.6/site-packages/airflow/example_dags/example_latest_only.py
[2021-06-28 15:25:35,029] {scheduler_job.py:643} INFO - DAG(s) dict_keys(['latest_only']) retrieved from /home/airflow/.local/lib/python3.6/site-packages/airflow/example_dags/example_latest_only.py
[2021-06-28 15:25:35,062] {logging_mixin.py:104} INFO - [2021-06-28 15:25:35,062] {dag.py:1832} INFO - Sync 1 DAGs
[2021-06-28 15:25:35,083] {logging_mixin.py:104} INFO - [2021-06-28 15:25:35,083] {dag.py:2305} INFO - Setting next_dagrun for latest_only to 2021-06-26 00:00:00+00:00
[2021-06-28 15:25:35,098] {scheduler_job.py:190} INFO - Processing /home/airflow/.local/lib/python3.6/site-packages/airflow/example_dags/example_latest_only.py took 0.092 seconds
[2021-06-28 15:26:05,750] {scheduler_job.py:182} INFO - Started process (PID=1263) to work on /home/airflow/.local/lib/python3.6/site-packages/airflow/example_dags/example_latest_only.py
[2021-06-28 15:26:05,752] {scheduler_job.py:633} INFO - Processing file /home/airflow/.local/lib/python3.6/site-packages/airflow/example_dags/example_latest_only.py for tasks to queue
[2021-06-28 15:26:05,754] {logging_mixin.py:104} INFO - [2021-06-28 15:26:05,754] {dagbag.py:487} INFO - Filling up the DagBag from /home/airflow/.local/lib/python3.6/site-packages/airflow/example_dags/example_latest_only.py
[2021-06-28 15:26:05,775] {scheduler_job.py:643} INFO - DAG(s) dict_keys(['latest_only']) retrieved from /home/airflow/.local/lib/python3.6/site-packages/airflow/example_dags/example_latest_only.py
[2021-06-28 15:26:05,814] {logging_mixin.py:104} INFO - [2021-06-28 15:26:05,814] {dag.py:1832} INFO - Sync 1 DAGs
[2021-06-28 15:26:05,847] {logging_mixin.py:104} INFO - [2021-06-28 15:26:05,847] {dag.py:2305} INFO - Setting next_dagrun for latest_only to 2021-06-26 00:00:00+00:00
[2021-06-28 15:26:05,874] {scheduler_job.py:190} INFO - Processing /home/airflow/.local/lib/python3.6/site-packages/airflow/example_dags/example_latest_only.py took 0.129 seconds
[2021-06-28 15:26:36,017] {scheduler_job.py:182} INFO - Started process (PID=1322) to work on /home/airflow/.local/lib/python3.6/site-packages/airflow/example_dags/example_latest_only.py
[2021-06-28 15:26:36,020] {scheduler_job.py:633} INFO - Processing file /home/airflow/.local/lib/python3.6/site-packages/airflow/example_dags/example_latest_only.py for tasks to queue
[2021-06-28 15:26:36,023] {logging_mixin.py:104} INFO - [2021-06-28 15:26:36,022] {dagbag.py:487} INFO - Filling up the DagBag from /home/airflow/.local/lib/python3.6/site-packages/airflow/example_dags/example_latest_only.py
[2021-06-28 15:26:36,045] {scheduler_job.py:643} INFO - DAG(s) dict_keys(['latest_only']) retrieved from /home/airflow/.local/lib/python3.6/site-packages/airflow/example_dags/example_latest_only.py
[2021-06-28 15:26:36,143] {logging_mixin.py:104} INFO - [2021-06-28 15:26:36,143] {dag.py:1832} INFO - Sync 1 DAGs
[2021-06-28 15:26:36,192] {logging_mixin.py:104} INFO - [2021-06-28 15:26:36,192] {dag.py:2305} INFO - Setting next_dagrun for latest_only to 2021-06-26 00:00:00+00:00
[2021-06-28 15:26:36,233] {scheduler_job.py:190} INFO - Processing /home/airflow/.local/lib/python3.6/site-packages/airflow/example_dags/example_latest_only.py took 0.223 seconds
[2021-06-28 15:27:06,496] {scheduler_job.py:182} INFO - Started process (PID=1396) to work on /home/airflow/.local/lib/python3.6/site-packages/airflow/example_dags/example_latest_only.py
[2021-06-28 15:27:06,498] {scheduler_job.py:633} INFO - Processing file /home/airflow/.local/lib/python3.6/site-packages/airflow/example_dags/example_latest_only.py for tasks to queue
[2021-06-28 15:27:06,499] {logging_mixin.py:104} INFO - [2021-06-28 15:27:06,498] {dagbag.py:487} INFO - Filling up the DagBag from /home/airflow/.local/lib/python3.6/site-packages/airflow/example_dags/example_latest_only.py
[2021-06-28 15:27:06,521] {scheduler_job.py:643} INFO - DAG(s) dict_keys(['latest_only']) retrieved from /home/airflow/.local/lib/python3.6/site-packages/airflow/example_dags/example_latest_only.py
[2021-06-28 15:27:06,561] {logging_mixin.py:104} INFO - [2021-06-28 15:27:06,560] {dag.py:1832} INFO - Sync 1 DAGs
[2021-06-28 15:27:06,589] {logging_mixin.py:104} INFO - [2021-06-28 15:27:06,589] {dag.py:2305} INFO - Setting next_dagrun for latest_only to 2021-06-26 00:00:00+00:00
[2021-06-28 15:27:06,610] {scheduler_job.py:190} INFO - Processing /home/airflow/.local/lib/python3.6/site-packages/airflow/example_dags/example_latest_only.py took 0.126 seconds
[2021-06-28 15:27:37,559] {scheduler_job.py:182} INFO - Started process (PID=1457) to work on /home/airflow/.local/lib/python3.6/site-packages/airflow/example_dags/example_latest_only.py
[2021-06-28 15:27:37,561] {scheduler_job.py:633} INFO - Processing file /home/airflow/.local/lib/python3.6/site-packages/airflow/example_dags/example_latest_only.py for tasks to queue
[2021-06-28 15:27:37,561] {logging_mixin.py:104} INFO - [2021-06-28 15:27:37,561] {dagbag.py:487} INFO - Filling up the DagBag from /home/airflow/.local/lib/python3.6/site-packages/airflow/example_dags/example_latest_only.py
[2021-06-28 15:27:37,578] {scheduler_job.py:643} INFO - DAG(s) dict_keys(['latest_only']) retrieved from /home/airflow/.local/lib/python3.6/site-packages/airflow/example_dags/example_latest_only.py
[2021-06-28 15:27:37,613] {logging_mixin.py:104} INFO - [2021-06-28 15:27:37,613] {dag.py:1832} INFO - Sync 1 DAGs
[2021-06-28 15:27:37,651] {logging_mixin.py:104} INFO - [2021-06-28 15:27:37,651] {dag.py:2305} INFO - Setting next_dagrun for latest_only to 2021-06-26 00:00:00+00:00
[2021-06-28 15:27:37,669] {scheduler_job.py:190} INFO - Processing /home/airflow/.local/lib/python3.6/site-packages/airflow/example_dags/example_latest_only.py took 0.125 seconds
[2021-06-28 15:28:07,992] {scheduler_job.py:182} INFO - Started process (PID=1518) to work on /home/airflow/.local/lib/python3.6/site-packages/airflow/example_dags/example_latest_only.py
[2021-06-28 15:28:08,026] {scheduler_job.py:633} INFO - Processing file /home/airflow/.local/lib/python3.6/site-packages/airflow/example_dags/example_latest_only.py for tasks to queue
[2021-06-28 15:28:08,037] {logging_mixin.py:104} INFO - [2021-06-28 15:28:08,027] {dagbag.py:487} INFO - Filling up the DagBag from /home/airflow/.local/lib/python3.6/site-packages/airflow/example_dags/example_latest_only.py
[2021-06-28 15:28:08,090] {scheduler_job.py:643} INFO - DAG(s) dict_keys(['latest_only']) retrieved from /home/airflow/.local/lib/python3.6/site-packages/airflow/example_dags/example_latest_only.py
[2021-06-28 15:28:08,248] {logging_mixin.py:104} INFO - [2021-06-28 15:28:08,246] {dag.py:1832} INFO - Sync 1 DAGs
[2021-06-28 15:28:08,310] {logging_mixin.py:104} INFO - [2021-06-28 15:28:08,310] {dag.py:2305} INFO - Setting next_dagrun for latest_only to 2021-06-26 00:00:00+00:00
[2021-06-28 15:28:08,355] {scheduler_job.py:190} INFO - Processing /home/airflow/.local/lib/python3.6/site-packages/airflow/example_dags/example_latest_only.py took 0.370 seconds
[2021-06-28 15:28:39,007] {scheduler_job.py:182} INFO - Started process (PID=1578) to work on /home/airflow/.local/lib/python3.6/site-packages/airflow/example_dags/example_latest_only.py
[2021-06-28 15:28:39,011] {scheduler_job.py:633} INFO - Processing file /home/airflow/.local/lib/python3.6/site-packages/airflow/example_dags/example_latest_only.py for tasks to queue
[2021-06-28 15:28:39,017] {logging_mixin.py:104} INFO - [2021-06-28 15:28:39,017] {dagbag.py:487} INFO - Filling up the DagBag from /home/airflow/.local/lib/python3.6/site-packages/airflow/example_dags/example_latest_only.py
[2021-06-28 15:28:39,060] {scheduler_job.py:643} INFO - DAG(s) dict_keys(['latest_only']) retrieved from /home/airflow/.local/lib/python3.6/site-packages/airflow/example_dags/example_latest_only.py
[2021-06-28 15:28:39,111] {logging_mixin.py:104} INFO - [2021-06-28 15:28:39,111] {dag.py:1832} INFO - Sync 1 DAGs
[2021-06-28 15:28:39,151] {logging_mixin.py:104} INFO - [2021-06-28 15:28:39,151] {dag.py:2305} INFO - Setting next_dagrun for latest_only to 2021-06-26 00:00:00+00:00
[2021-06-28 15:28:39,177] {scheduler_job.py:190} INFO - Processing /home/airflow/.local/lib/python3.6/site-packages/airflow/example_dags/example_latest_only.py took 0.175 seconds
[2021-06-28 15:29:09,479] {scheduler_job.py:182} INFO - Started process (PID=1643) to work on /home/airflow/.local/lib/python3.6/site-packages/airflow/example_dags/example_latest_only.py
[2021-06-28 15:29:09,481] {scheduler_job.py:633} INFO - Processing file /home/airflow/.local/lib/python3.6/site-packages/airflow/example_dags/example_latest_only.py for tasks to queue
[2021-06-28 15:29:09,482] {logging_mixin.py:104} INFO - [2021-06-28 15:29:09,481] {dagbag.py:487} INFO - Filling up the DagBag from /home/airflow/.local/lib/python3.6/site-packages/airflow/example_dags/example_latest_only.py
[2021-06-28 15:29:09,532] {scheduler_job.py:643} INFO - DAG(s) dict_keys(['latest_only']) retrieved from /home/airflow/.local/lib/python3.6/site-packages/airflow/example_dags/example_latest_only.py
[2021-06-28 15:29:09,640] {logging_mixin.py:104} INFO - [2021-06-28 15:29:09,639] {dag.py:1832} INFO - Sync 1 DAGs
[2021-06-28 15:29:09,693] {logging_mixin.py:104} INFO - [2021-06-28 15:29:09,693] {dag.py:2305} INFO - Setting next_dagrun for latest_only to 2021-06-26 00:00:00+00:00
[2021-06-28 15:29:09,720] {scheduler_job.py:190} INFO - Processing /home/airflow/.local/lib/python3.6/site-packages/airflow/example_dags/example_latest_only.py took 0.249 seconds
[2021-06-28 15:29:40,586] {scheduler_job.py:182} INFO - Started process (PID=1712) to work on /home/airflow/.local/lib/python3.6/site-packages/airflow/example_dags/example_latest_only.py
[2021-06-28 15:29:40,590] {scheduler_job.py:633} INFO - Processing file /home/airflow/.local/lib/python3.6/site-packages/airflow/example_dags/example_latest_only.py for tasks to queue
[2021-06-28 15:29:40,591] {logging_mixin.py:104} INFO - [2021-06-28 15:29:40,591] {dagbag.py:487} INFO - Filling up the DagBag from /home/airflow/.local/lib/python3.6/site-packages/airflow/example_dags/example_latest_only.py
[2021-06-28 15:29:40,645] {scheduler_job.py:643} INFO - DAG(s) dict_keys(['latest_only']) retrieved from /home/airflow/.local/lib/python3.6/site-packages/airflow/example_dags/example_latest_only.py
[2021-06-28 15:29:40,793] {logging_mixin.py:104} INFO - [2021-06-28 15:29:40,793] {dag.py:1832} INFO - Sync 1 DAGs
[2021-06-28 15:29:40,852] {logging_mixin.py:104} INFO - [2021-06-28 15:29:40,851] {dag.py:2305} INFO - Setting next_dagrun for latest_only to 2021-06-26 00:00:00+00:00
[2021-06-28 15:29:40,895] {scheduler_job.py:190} INFO - Processing /home/airflow/.local/lib/python3.6/site-packages/airflow/example_dags/example_latest_only.py took 0.325 seconds
[2021-06-28 15:30:11,580] {scheduler_job.py:182} INFO - Started process (PID=1771) to work on /home/airflow/.local/lib/python3.6/site-packages/airflow/example_dags/example_latest_only.py
[2021-06-28 15:30:11,583] {scheduler_job.py:633} INFO - Processing file /home/airflow/.local/lib/python3.6/site-packages/airflow/example_dags/example_latest_only.py for tasks to queue
[2021-06-28 15:30:11,586] {logging_mixin.py:104} INFO - [2021-06-28 15:30:11,585] {dagbag.py:487} INFO - Filling up the DagBag from /home/airflow/.local/lib/python3.6/site-packages/airflow/example_dags/example_latest_only.py
[2021-06-28 15:30:11,616] {scheduler_job.py:643} INFO - DAG(s) dict_keys(['latest_only']) retrieved from /home/airflow/.local/lib/python3.6/site-packages/airflow/example_dags/example_latest_only.py
[2021-06-28 15:30:11,661] {logging_mixin.py:104} INFO - [2021-06-28 15:30:11,660] {dag.py:1832} INFO - Sync 1 DAGs
[2021-06-28 15:30:11,695] {logging_mixin.py:104} INFO - [2021-06-28 15:30:11,695] {dag.py:2305} INFO - Setting next_dagrun for latest_only to 2021-06-26 00:00:00+00:00
[2021-06-28 15:30:11,715] {scheduler_job.py:190} INFO - Processing /home/airflow/.local/lib/python3.6/site-packages/airflow/example_dags/example_latest_only.py took 0.140 seconds
[2021-06-28 15:30:42,210] {scheduler_job.py:182} INFO - Started process (PID=1829) to work on /home/airflow/.local/lib/python3.6/site-packages/airflow/example_dags/example_latest_only.py
[2021-06-28 15:30:42,212] {scheduler_job.py:633} INFO - Processing file /home/airflow/.local/lib/python3.6/site-packages/airflow/example_dags/example_latest_only.py for tasks to queue
[2021-06-28 15:30:42,223] {logging_mixin.py:104} INFO - [2021-06-28 15:30:42,223] {dagbag.py:487} INFO - Filling up the DagBag from /home/airflow/.local/lib/python3.6/site-packages/airflow/example_dags/example_latest_only.py
[2021-06-28 15:30:42,275] {scheduler_job.py:643} INFO - DAG(s) dict_keys(['latest_only']) retrieved from /home/airflow/.local/lib/python3.6/site-packages/airflow/example_dags/example_latest_only.py
[2021-06-28 15:30:42,370] {logging_mixin.py:104} INFO - [2021-06-28 15:30:42,369] {dag.py:1832} INFO - Sync 1 DAGs
[2021-06-28 15:30:42,455] {logging_mixin.py:104} INFO - [2021-06-28 15:30:42,455] {dag.py:2305} INFO - Setting next_dagrun for latest_only to 2021-06-26 00:00:00+00:00
[2021-06-28 15:30:42,539] {scheduler_job.py:190} INFO - Processing /home/airflow/.local/lib/python3.6/site-packages/airflow/example_dags/example_latest_only.py took 0.344 seconds
[2021-06-28 15:31:12,963] {scheduler_job.py:182} INFO - Started process (PID=1891) to work on /home/airflow/.local/lib/python3.6/site-packages/airflow/example_dags/example_latest_only.py
[2021-06-28 15:31:12,967] {scheduler_job.py:633} INFO - Processing file /home/airflow/.local/lib/python3.6/site-packages/airflow/example_dags/example_latest_only.py for tasks to queue
[2021-06-28 15:31:12,969] {logging_mixin.py:104} INFO - [2021-06-28 15:31:12,968] {dagbag.py:487} INFO - Filling up the DagBag from /home/airflow/.local/lib/python3.6/site-packages/airflow/example_dags/example_latest_only.py
[2021-06-28 15:31:12,987] {scheduler_job.py:643} INFO - DAG(s) dict_keys(['latest_only']) retrieved from /home/airflow/.local/lib/python3.6/site-packages/airflow/example_dags/example_latest_only.py
[2021-06-28 15:31:13,056] {logging_mixin.py:104} INFO - [2021-06-28 15:31:13,055] {dag.py:1832} INFO - Sync 1 DAGs
[2021-06-28 15:31:13,092] {logging_mixin.py:104} INFO - [2021-06-28 15:31:13,092] {dag.py:2305} INFO - Setting next_dagrun for latest_only to 2021-06-26 00:00:00+00:00
[2021-06-28 15:31:13,134] {scheduler_job.py:190} INFO - Processing /home/airflow/.local/lib/python3.6/site-packages/airflow/example_dags/example_latest_only.py took 0.177 seconds
[2021-06-28 15:31:43,567] {scheduler_job.py:182} INFO - Started process (PID=1949) to work on /home/airflow/.local/lib/python3.6/site-packages/airflow/example_dags/example_latest_only.py
[2021-06-28 15:31:43,569] {scheduler_job.py:633} INFO - Processing file /home/airflow/.local/lib/python3.6/site-packages/airflow/example_dags/example_latest_only.py for tasks to queue
[2021-06-28 15:31:43,570] {logging_mixin.py:104} INFO - [2021-06-28 15:31:43,569] {dagbag.py:487} INFO - Filling up the DagBag from /home/airflow/.local/lib/python3.6/site-packages/airflow/example_dags/example_latest_only.py
[2021-06-28 15:31:43,587] {scheduler_job.py:643} INFO - DAG(s) dict_keys(['latest_only']) retrieved from /home/airflow/.local/lib/python3.6/site-packages/airflow/example_dags/example_latest_only.py
[2021-06-28 15:31:43,620] {logging_mixin.py:104} INFO - [2021-06-28 15:31:43,620] {dag.py:1832} INFO - Sync 1 DAGs
[2021-06-28 15:31:43,642] {logging_mixin.py:104} INFO - [2021-06-28 15:31:43,642] {dag.py:2305} INFO - Setting next_dagrun for latest_only to 2021-06-26 00:00:00+00:00
[2021-06-28 15:31:43,660] {scheduler_job.py:190} INFO - Processing /home/airflow/.local/lib/python3.6/site-packages/airflow/example_dags/example_latest_only.py took 0.097 seconds
[2021-06-28 15:33:55,178] {scheduler_job.py:182} INFO - Started process (PID=54) to work on /home/airflow/.local/lib/python3.6/site-packages/airflow/example_dags/example_latest_only.py
[2021-06-28 15:33:55,179] {scheduler_job.py:633} INFO - Processing file /home/airflow/.local/lib/python3.6/site-packages/airflow/example_dags/example_latest_only.py for tasks to queue
[2021-06-28 15:33:55,180] {logging_mixin.py:104} INFO - [2021-06-28 15:33:55,180] {dagbag.py:487} INFO - Filling up the DagBag from /home/airflow/.local/lib/python3.6/site-packages/airflow/example_dags/example_latest_only.py
[2021-06-28 15:33:55,304] {scheduler_job.py:643} INFO - DAG(s) dict_keys(['latest_only']) retrieved from /home/airflow/.local/lib/python3.6/site-packages/airflow/example_dags/example_latest_only.py
[2021-06-28 15:33:55,408] {logging_mixin.py:104} INFO - [2021-06-28 15:33:55,408] {dag.py:1832} INFO - Sync 1 DAGs
[2021-06-28 15:33:55,464] {logging_mixin.py:104} INFO - [2021-06-28 15:33:55,463] {dag.py:2305} INFO - Setting next_dagrun for latest_only to 2021-06-26 00:00:00+00:00
[2021-06-28 15:33:55,502] {scheduler_job.py:190} INFO - Processing /home/airflow/.local/lib/python3.6/site-packages/airflow/example_dags/example_latest_only.py took 0.330 seconds
[2021-06-28 15:34:28,115] {scheduler_job.py:182} INFO - Started process (PID=112) to work on /home/airflow/.local/lib/python3.6/site-packages/airflow/example_dags/example_latest_only.py
[2021-06-28 15:34:28,120] {scheduler_job.py:633} INFO - Processing file /home/airflow/.local/lib/python3.6/site-packages/airflow/example_dags/example_latest_only.py for tasks to queue
[2021-06-28 15:34:28,138] {logging_mixin.py:104} INFO - [2021-06-28 15:34:28,123] {dagbag.py:487} INFO - Filling up the DagBag from /home/airflow/.local/lib/python3.6/site-packages/airflow/example_dags/example_latest_only.py
[2021-06-28 15:34:28,198] {scheduler_job.py:643} INFO - DAG(s) dict_keys(['latest_only']) retrieved from /home/airflow/.local/lib/python3.6/site-packages/airflow/example_dags/example_latest_only.py
[2021-06-28 15:34:28,459] {logging_mixin.py:104} INFO - [2021-06-28 15:34:28,459] {dag.py:1832} INFO - Sync 1 DAGs
[2021-06-28 15:34:28,646] {logging_mixin.py:104} INFO - [2021-06-28 15:34:28,646] {dag.py:2305} INFO - Setting next_dagrun for latest_only to 2021-06-26 00:00:00+00:00
[2021-06-28 15:34:28,711] {scheduler_job.py:190} INFO - Processing /home/airflow/.local/lib/python3.6/site-packages/airflow/example_dags/example_latest_only.py took 0.682 seconds
[2021-06-28 15:34:59,018] {scheduler_job.py:182} INFO - Started process (PID=173) to work on /home/airflow/.local/lib/python3.6/site-packages/airflow/example_dags/example_latest_only.py
[2021-06-28 15:34:59,023] {scheduler_job.py:633} INFO - Processing file /home/airflow/.local/lib/python3.6/site-packages/airflow/example_dags/example_latest_only.py for tasks to queue
[2021-06-28 15:34:59,025] {logging_mixin.py:104} INFO - [2021-06-28 15:34:59,024] {dagbag.py:487} INFO - Filling up the DagBag from /home/airflow/.local/lib/python3.6/site-packages/airflow/example_dags/example_latest_only.py
[2021-06-28 15:34:59,104] {scheduler_job.py:643} INFO - DAG(s) dict_keys(['latest_only']) retrieved from /home/airflow/.local/lib/python3.6/site-packages/airflow/example_dags/example_latest_only.py
[2021-06-28 15:34:59,387] {logging_mixin.py:104} INFO - [2021-06-28 15:34:59,386] {dag.py:1832} INFO - Sync 1 DAGs
[2021-06-28 15:34:59,436] {logging_mixin.py:104} INFO - [2021-06-28 15:34:59,436] {dag.py:2305} INFO - Setting next_dagrun for latest_only to 2021-06-26 00:00:00+00:00
[2021-06-28 15:34:59,569] {scheduler_job.py:190} INFO - Processing /home/airflow/.local/lib/python3.6/site-packages/airflow/example_dags/example_latest_only.py took 0.557 seconds
[2021-06-28 15:35:30,202] {scheduler_job.py:182} INFO - Started process (PID=234) to work on /home/airflow/.local/lib/python3.6/site-packages/airflow/example_dags/example_latest_only.py
[2021-06-28 15:35:30,217] {scheduler_job.py:633} INFO - Processing file /home/airflow/.local/lib/python3.6/site-packages/airflow/example_dags/example_latest_only.py for tasks to queue
[2021-06-28 15:35:30,218] {logging_mixin.py:104} INFO - [2021-06-28 15:35:30,218] {dagbag.py:487} INFO - Filling up the DagBag from /home/airflow/.local/lib/python3.6/site-packages/airflow/example_dags/example_latest_only.py
[2021-06-28 15:35:30,274] {scheduler_job.py:643} INFO - DAG(s) dict_keys(['latest_only']) retrieved from /home/airflow/.local/lib/python3.6/site-packages/airflow/example_dags/example_latest_only.py
[2021-06-28 15:35:30,474] {logging_mixin.py:104} INFO - [2021-06-28 15:35:30,474] {dag.py:1832} INFO - Sync 1 DAGs
[2021-06-28 15:35:30,591] {logging_mixin.py:104} INFO - [2021-06-28 15:35:30,591] {dag.py:2305} INFO - Setting next_dagrun for latest_only to 2021-06-26 00:00:00+00:00
[2021-06-28 15:35:30,641] {scheduler_job.py:190} INFO - Processing /home/airflow/.local/lib/python3.6/site-packages/airflow/example_dags/example_latest_only.py took 0.443 seconds
[2021-06-28 15:36:01,153] {scheduler_job.py:182} INFO - Started process (PID=285) to work on /home/airflow/.local/lib/python3.6/site-packages/airflow/example_dags/example_latest_only.py
[2021-06-28 15:36:01,163] {scheduler_job.py:633} INFO - Processing file /home/airflow/.local/lib/python3.6/site-packages/airflow/example_dags/example_latest_only.py for tasks to queue
[2021-06-28 15:36:01,164] {logging_mixin.py:104} INFO - [2021-06-28 15:36:01,164] {dagbag.py:487} INFO - Filling up the DagBag from /home/airflow/.local/lib/python3.6/site-packages/airflow/example_dags/example_latest_only.py
[2021-06-28 15:36:01,249] {scheduler_job.py:643} INFO - DAG(s) dict_keys(['latest_only']) retrieved from /home/airflow/.local/lib/python3.6/site-packages/airflow/example_dags/example_latest_only.py
[2021-06-28 15:36:01,555] {logging_mixin.py:104} INFO - [2021-06-28 15:36:01,555] {dag.py:1832} INFO - Sync 1 DAGs
[2021-06-28 15:36:01,712] {logging_mixin.py:104} INFO - [2021-06-28 15:36:01,712] {dag.py:2305} INFO - Setting next_dagrun for latest_only to 2021-06-26 00:00:00+00:00
[2021-06-28 15:36:01,909] {scheduler_job.py:190} INFO - Processing /home/airflow/.local/lib/python3.6/site-packages/airflow/example_dags/example_latest_only.py took 0.772 seconds
[2021-06-28 15:36:32,410] {scheduler_job.py:182} INFO - Started process (PID=344) to work on /home/airflow/.local/lib/python3.6/site-packages/airflow/example_dags/example_latest_only.py
[2021-06-28 15:36:32,412] {scheduler_job.py:633} INFO - Processing file /home/airflow/.local/lib/python3.6/site-packages/airflow/example_dags/example_latest_only.py for tasks to queue
[2021-06-28 15:36:32,413] {logging_mixin.py:104} INFO - [2021-06-28 15:36:32,413] {dagbag.py:487} INFO - Filling up the DagBag from /home/airflow/.local/lib/python3.6/site-packages/airflow/example_dags/example_latest_only.py
[2021-06-28 15:36:32,431] {scheduler_job.py:643} INFO - DAG(s) dict_keys(['latest_only']) retrieved from /home/airflow/.local/lib/python3.6/site-packages/airflow/example_dags/example_latest_only.py
[2021-06-28 15:36:32,489] {logging_mixin.py:104} INFO - [2021-06-28 15:36:32,489] {dag.py:1832} INFO - Sync 1 DAGs
[2021-06-28 15:36:32,513] {logging_mixin.py:104} INFO - [2021-06-28 15:36:32,512] {dag.py:2305} INFO - Setting next_dagrun for latest_only to 2021-06-26 00:00:00+00:00
[2021-06-28 15:36:32,538] {scheduler_job.py:190} INFO - Processing /home/airflow/.local/lib/python3.6/site-packages/airflow/example_dags/example_latest_only.py took 0.133 seconds
[2021-06-28 15:37:03,051] {scheduler_job.py:182} INFO - Started process (PID=415) to work on /home/airflow/.local/lib/python3.6/site-packages/airflow/example_dags/example_latest_only.py
[2021-06-28 15:37:03,066] {scheduler_job.py:633} INFO - Processing file /home/airflow/.local/lib/python3.6/site-packages/airflow/example_dags/example_latest_only.py for tasks to queue
[2021-06-28 15:37:03,067] {logging_mixin.py:104} INFO - [2021-06-28 15:37:03,067] {dagbag.py:487} INFO - Filling up the DagBag from /home/airflow/.local/lib/python3.6/site-packages/airflow/example_dags/example_latest_only.py
[2021-06-28 15:37:03,173] {scheduler_job.py:643} INFO - DAG(s) dict_keys(['latest_only']) retrieved from /home/airflow/.local/lib/python3.6/site-packages/airflow/example_dags/example_latest_only.py
[2021-06-28 15:37:03,273] {logging_mixin.py:104} INFO - [2021-06-28 15:37:03,273] {dag.py:1832} INFO - Sync 1 DAGs
[2021-06-28 15:37:03,360] {logging_mixin.py:104} INFO - [2021-06-28 15:37:03,360] {dag.py:2305} INFO - Setting next_dagrun for latest_only to 2021-06-26 00:00:00+00:00
[2021-06-28 15:37:03,383] {scheduler_job.py:190} INFO - Processing /home/airflow/.local/lib/python3.6/site-packages/airflow/example_dags/example_latest_only.py took 0.348 seconds
[2021-06-28 15:37:33,942] {scheduler_job.py:182} INFO - Started process (PID=476) to work on /home/airflow/.local/lib/python3.6/site-packages/airflow/example_dags/example_latest_only.py
[2021-06-28 15:37:33,945] {scheduler_job.py:633} INFO - Processing file /home/airflow/.local/lib/python3.6/site-packages/airflow/example_dags/example_latest_only.py for tasks to queue
[2021-06-28 15:37:33,946] {logging_mixin.py:104} INFO - [2021-06-28 15:37:33,945] {dagbag.py:487} INFO - Filling up the DagBag from /home/airflow/.local/lib/python3.6/site-packages/airflow/example_dags/example_latest_only.py
[2021-06-28 15:37:33,958] {scheduler_job.py:643} INFO - DAG(s) dict_keys(['latest_only']) retrieved from /home/airflow/.local/lib/python3.6/site-packages/airflow/example_dags/example_latest_only.py
[2021-06-28 15:37:33,989] {logging_mixin.py:104} INFO - [2021-06-28 15:37:33,989] {dag.py:1832} INFO - Sync 1 DAGs
[2021-06-28 15:37:34,010] {logging_mixin.py:104} INFO - [2021-06-28 15:37:34,010] {dag.py:2305} INFO - Setting next_dagrun for latest_only to 2021-06-26 00:00:00+00:00
[2021-06-28 15:37:34,033] {scheduler_job.py:190} INFO - Processing /home/airflow/.local/lib/python3.6/site-packages/airflow/example_dags/example_latest_only.py took 0.095 seconds
[2021-06-28 15:38:04,190] {scheduler_job.py:182} INFO - Started process (PID=536) to work on /home/airflow/.local/lib/python3.6/site-packages/airflow/example_dags/example_latest_only.py
[2021-06-28 15:38:04,192] {scheduler_job.py:633} INFO - Processing file /home/airflow/.local/lib/python3.6/site-packages/airflow/example_dags/example_latest_only.py for tasks to queue
[2021-06-28 15:38:04,192] {logging_mixin.py:104} INFO - [2021-06-28 15:38:04,192] {dagbag.py:487} INFO - Filling up the DagBag from /home/airflow/.local/lib/python3.6/site-packages/airflow/example_dags/example_latest_only.py
[2021-06-28 15:38:04,204] {scheduler_job.py:643} INFO - DAG(s) dict_keys(['latest_only']) retrieved from /home/airflow/.local/lib/python3.6/site-packages/airflow/example_dags/example_latest_only.py
[2021-06-28 15:38:04,237] {logging_mixin.py:104} INFO - [2021-06-28 15:38:04,237] {dag.py:1832} INFO - Sync 1 DAGs
[2021-06-28 15:38:04,258] {logging_mixin.py:104} INFO - [2021-06-28 15:38:04,258] {dag.py:2305} INFO - Setting next_dagrun for latest_only to 2021-06-26 00:00:00+00:00
[2021-06-28 15:38:04,282] {scheduler_job.py:190} INFO - Processing /home/airflow/.local/lib/python3.6/site-packages/airflow/example_dags/example_latest_only.py took 0.095 seconds
[2021-06-28 15:38:34,402] {scheduler_job.py:182} INFO - Started process (PID=618) to work on /home/airflow/.local/lib/python3.6/site-packages/airflow/example_dags/example_latest_only.py
[2021-06-28 15:38:34,406] {scheduler_job.py:633} INFO - Processing file /home/airflow/.local/lib/python3.6/site-packages/airflow/example_dags/example_latest_only.py for tasks to queue
[2021-06-28 15:38:34,407] {logging_mixin.py:104} INFO - [2021-06-28 15:38:34,406] {dagbag.py:487} INFO - Filling up the DagBag from /home/airflow/.local/lib/python3.6/site-packages/airflow/example_dags/example_latest_only.py
[2021-06-28 15:38:34,489] {scheduler_job.py:643} INFO - DAG(s) dict_keys(['latest_only']) retrieved from /home/airflow/.local/lib/python3.6/site-packages/airflow/example_dags/example_latest_only.py
[2021-06-28 15:38:34,554] {logging_mixin.py:104} INFO - [2021-06-28 15:38:34,554] {dag.py:1832} INFO - Sync 1 DAGs
[2021-06-28 15:38:34,600] {logging_mixin.py:104} INFO - [2021-06-28 15:38:34,600] {dag.py:2305} INFO - Setting next_dagrun for latest_only to 2021-06-26 00:00:00+00:00
[2021-06-28 15:38:34,650] {scheduler_job.py:190} INFO - Processing /home/airflow/.local/lib/python3.6/site-packages/airflow/example_dags/example_latest_only.py took 0.268 seconds
[2021-06-28 15:39:05,135] {scheduler_job.py:182} INFO - Started process (PID=682) to work on /home/airflow/.local/lib/python3.6/site-packages/airflow/example_dags/example_latest_only.py
[2021-06-28 15:39:05,136] {scheduler_job.py:633} INFO - Processing file /home/airflow/.local/lib/python3.6/site-packages/airflow/example_dags/example_latest_only.py for tasks to queue
[2021-06-28 15:39:05,137] {logging_mixin.py:104} INFO - [2021-06-28 15:39:05,137] {dagbag.py:487} INFO - Filling up the DagBag from /home/airflow/.local/lib/python3.6/site-packages/airflow/example_dags/example_latest_only.py
[2021-06-28 15:39:05,151] {scheduler_job.py:643} INFO - DAG(s) dict_keys(['latest_only']) retrieved from /home/airflow/.local/lib/python3.6/site-packages/airflow/example_dags/example_latest_only.py
[2021-06-28 15:39:05,192] {logging_mixin.py:104} INFO - [2021-06-28 15:39:05,191] {dag.py:1832} INFO - Sync 1 DAGs
[2021-06-28 15:39:05,218] {logging_mixin.py:104} INFO - [2021-06-28 15:39:05,218] {dag.py:2305} INFO - Setting next_dagrun for latest_only to 2021-06-26 00:00:00+00:00
[2021-06-28 15:39:05,240] {scheduler_job.py:190} INFO - Processing /home/airflow/.local/lib/python3.6/site-packages/airflow/example_dags/example_latest_only.py took 0.110 seconds
[2021-06-28 15:39:35,607] {scheduler_job.py:182} INFO - Started process (PID=742) to work on /home/airflow/.local/lib/python3.6/site-packages/airflow/example_dags/example_latest_only.py
[2021-06-28 15:39:35,610] {scheduler_job.py:633} INFO - Processing file /home/airflow/.local/lib/python3.6/site-packages/airflow/example_dags/example_latest_only.py for tasks to queue
[2021-06-28 15:39:35,611] {logging_mixin.py:104} INFO - [2021-06-28 15:39:35,611] {dagbag.py:487} INFO - Filling up the DagBag from /home/airflow/.local/lib/python3.6/site-packages/airflow/example_dags/example_latest_only.py
[2021-06-28 15:39:35,628] {scheduler_job.py:643} INFO - DAG(s) dict_keys(['latest_only']) retrieved from /home/airflow/.local/lib/python3.6/site-packages/airflow/example_dags/example_latest_only.py
[2021-06-28 15:39:35,676] {logging_mixin.py:104} INFO - [2021-06-28 15:39:35,676] {dag.py:1832} INFO - Sync 1 DAGs
[2021-06-28 15:39:35,714] {logging_mixin.py:104} INFO - [2021-06-28 15:39:35,714] {dag.py:2305} INFO - Setting next_dagrun for latest_only to 2021-06-26 00:00:00+00:00
[2021-06-28 15:39:35,737] {scheduler_job.py:190} INFO - Processing /home/airflow/.local/lib/python3.6/site-packages/airflow/example_dags/example_latest_only.py took 0.136 seconds
[2021-06-28 15:40:06,328] {scheduler_job.py:182} INFO - Started process (PID=805) to work on /home/airflow/.local/lib/python3.6/site-packages/airflow/example_dags/example_latest_only.py
[2021-06-28 15:40:06,330] {scheduler_job.py:633} INFO - Processing file /home/airflow/.local/lib/python3.6/site-packages/airflow/example_dags/example_latest_only.py for tasks to queue
[2021-06-28 15:40:06,331] {logging_mixin.py:104} INFO - [2021-06-28 15:40:06,331] {dagbag.py:487} INFO - Filling up the DagBag from /home/airflow/.local/lib/python3.6/site-packages/airflow/example_dags/example_latest_only.py
[2021-06-28 15:40:06,350] {scheduler_job.py:643} INFO - DAG(s) dict_keys(['latest_only']) retrieved from /home/airflow/.local/lib/python3.6/site-packages/airflow/example_dags/example_latest_only.py
[2021-06-28 15:40:06,390] {logging_mixin.py:104} INFO - [2021-06-28 15:40:06,390] {dag.py:1832} INFO - Sync 1 DAGs
[2021-06-28 15:40:06,422] {logging_mixin.py:104} INFO - [2021-06-28 15:40:06,421] {dag.py:2305} INFO - Setting next_dagrun for latest_only to 2021-06-26 00:00:00+00:00
[2021-06-28 15:40:06,438] {scheduler_job.py:190} INFO - Processing /home/airflow/.local/lib/python3.6/site-packages/airflow/example_dags/example_latest_only.py took 0.115 seconds
[2021-06-28 15:40:37,152] {scheduler_job.py:182} INFO - Started process (PID=883) to work on /home/airflow/.local/lib/python3.6/site-packages/airflow/example_dags/example_latest_only.py
[2021-06-28 15:40:37,155] {scheduler_job.py:633} INFO - Processing file /home/airflow/.local/lib/python3.6/site-packages/airflow/example_dags/example_latest_only.py for tasks to queue
[2021-06-28 15:40:37,156] {logging_mixin.py:104} INFO - [2021-06-28 15:40:37,156] {dagbag.py:487} INFO - Filling up the DagBag from /home/airflow/.local/lib/python3.6/site-packages/airflow/example_dags/example_latest_only.py
[2021-06-28 15:40:37,173] {scheduler_job.py:643} INFO - DAG(s) dict_keys(['latest_only']) retrieved from /home/airflow/.local/lib/python3.6/site-packages/airflow/example_dags/example_latest_only.py
[2021-06-28 15:40:37,214] {logging_mixin.py:104} INFO - [2021-06-28 15:40:37,213] {dag.py:1832} INFO - Sync 1 DAGs
[2021-06-28 15:40:37,243] {logging_mixin.py:104} INFO - [2021-06-28 15:40:37,243] {dag.py:2305} INFO - Setting next_dagrun for latest_only to 2021-06-26 00:00:00+00:00
[2021-06-28 15:40:37,275] {scheduler_job.py:190} INFO - Processing /home/airflow/.local/lib/python3.6/site-packages/airflow/example_dags/example_latest_only.py took 0.128 seconds
[2021-06-28 15:41:07,671] {scheduler_job.py:182} INFO - Started process (PID=941) to work on /home/airflow/.local/lib/python3.6/site-packages/airflow/example_dags/example_latest_only.py
[2021-06-28 15:41:07,674] {scheduler_job.py:633} INFO - Processing file /home/airflow/.local/lib/python3.6/site-packages/airflow/example_dags/example_latest_only.py for tasks to queue
[2021-06-28 15:41:07,675] {logging_mixin.py:104} INFO - [2021-06-28 15:41:07,674] {dagbag.py:487} INFO - Filling up the DagBag from /home/airflow/.local/lib/python3.6/site-packages/airflow/example_dags/example_latest_only.py
[2021-06-28 15:41:07,688] {scheduler_job.py:643} INFO - DAG(s) dict_keys(['latest_only']) retrieved from /home/airflow/.local/lib/python3.6/site-packages/airflow/example_dags/example_latest_only.py
[2021-06-28 15:41:07,711] {logging_mixin.py:104} INFO - [2021-06-28 15:41:07,711] {dag.py:1832} INFO - Sync 1 DAGs
[2021-06-28 15:41:07,733] {logging_mixin.py:104} INFO - [2021-06-28 15:41:07,733] {dag.py:2305} INFO - Setting next_dagrun for latest_only to 2021-06-26 00:00:00+00:00
[2021-06-28 15:41:07,748] {scheduler_job.py:190} INFO - Processing /home/airflow/.local/lib/python3.6/site-packages/airflow/example_dags/example_latest_only.py took 0.082 seconds
[2021-06-28 15:41:38,042] {scheduler_job.py:182} INFO - Started process (PID=1001) to work on /home/airflow/.local/lib/python3.6/site-packages/airflow/example_dags/example_latest_only.py
[2021-06-28 15:41:38,043] {scheduler_job.py:633} INFO - Processing file /home/airflow/.local/lib/python3.6/site-packages/airflow/example_dags/example_latest_only.py for tasks to queue
[2021-06-28 15:41:38,044] {logging_mixin.py:104} INFO - [2021-06-28 15:41:38,044] {dagbag.py:487} INFO - Filling up the DagBag from /home/airflow/.local/lib/python3.6/site-packages/airflow/example_dags/example_latest_only.py
[2021-06-28 15:41:38,058] {scheduler_job.py:643} INFO - DAG(s) dict_keys(['latest_only']) retrieved from /home/airflow/.local/lib/python3.6/site-packages/airflow/example_dags/example_latest_only.py
[2021-06-28 15:41:38,090] {logging_mixin.py:104} INFO - [2021-06-28 15:41:38,089] {dag.py:1832} INFO - Sync 1 DAGs
[2021-06-28 15:41:38,112] {logging_mixin.py:104} INFO - [2021-06-28 15:41:38,112] {dag.py:2305} INFO - Setting next_dagrun for latest_only to 2021-06-26 00:00:00+00:00
[2021-06-28 15:41:38,144] {scheduler_job.py:190} INFO - Processing /home/airflow/.local/lib/python3.6/site-packages/airflow/example_dags/example_latest_only.py took 0.104 seconds
[2021-06-28 15:42:08,339] {scheduler_job.py:182} INFO - Started process (PID=1072) to work on /home/airflow/.local/lib/python3.6/site-packages/airflow/example_dags/example_latest_only.py
[2021-06-28 15:42:08,341] {scheduler_job.py:633} INFO - Processing file /home/airflow/.local/lib/python3.6/site-packages/airflow/example_dags/example_latest_only.py for tasks to queue
[2021-06-28 15:42:08,345] {logging_mixin.py:104} INFO - [2021-06-28 15:42:08,345] {dagbag.py:487} INFO - Filling up the DagBag from /home/airflow/.local/lib/python3.6/site-packages/airflow/example_dags/example_latest_only.py
[2021-06-28 15:42:08,364] {scheduler_job.py:643} INFO - DAG(s) dict_keys(['latest_only']) retrieved from /home/airflow/.local/lib/python3.6/site-packages/airflow/example_dags/example_latest_only.py
[2021-06-28 15:42:08,403] {logging_mixin.py:104} INFO - [2021-06-28 15:42:08,403] {dag.py:1832} INFO - Sync 1 DAGs
[2021-06-28 15:42:08,432] {logging_mixin.py:104} INFO - [2021-06-28 15:42:08,432] {dag.py:2305} INFO - Setting next_dagrun for latest_only to 2021-06-26 00:00:00+00:00
[2021-06-28 15:42:08,459] {scheduler_job.py:190} INFO - Processing /home/airflow/.local/lib/python3.6/site-packages/airflow/example_dags/example_latest_only.py took 0.124 seconds
[2021-06-28 15:42:38,918] {scheduler_job.py:182} INFO - Started process (PID=1135) to work on /home/airflow/.local/lib/python3.6/site-packages/airflow/example_dags/example_latest_only.py
[2021-06-28 15:42:38,921] {scheduler_job.py:633} INFO - Processing file /home/airflow/.local/lib/python3.6/site-packages/airflow/example_dags/example_latest_only.py for tasks to queue
[2021-06-28 15:42:38,924] {logging_mixin.py:104} INFO - [2021-06-28 15:42:38,924] {dagbag.py:487} INFO - Filling up the DagBag from /home/airflow/.local/lib/python3.6/site-packages/airflow/example_dags/example_latest_only.py
[2021-06-28 15:42:38,942] {scheduler_job.py:643} INFO - DAG(s) dict_keys(['latest_only']) retrieved from /home/airflow/.local/lib/python3.6/site-packages/airflow/example_dags/example_latest_only.py
[2021-06-28 15:42:38,965] {logging_mixin.py:104} INFO - [2021-06-28 15:42:38,965] {dag.py:1832} INFO - Sync 1 DAGs
[2021-06-28 15:42:38,991] {logging_mixin.py:104} INFO - [2021-06-28 15:42:38,991] {dag.py:2305} INFO - Setting next_dagrun for latest_only to 2021-06-26 00:00:00+00:00
[2021-06-28 15:42:39,006] {scheduler_job.py:190} INFO - Processing /home/airflow/.local/lib/python3.6/site-packages/airflow/example_dags/example_latest_only.py took 0.091 seconds
[2021-06-28 15:43:09,056] {scheduler_job.py:182} INFO - Started process (PID=1194) to work on /home/airflow/.local/lib/python3.6/site-packages/airflow/example_dags/example_latest_only.py
[2021-06-28 15:43:09,057] {scheduler_job.py:633} INFO - Processing file /home/airflow/.local/lib/python3.6/site-packages/airflow/example_dags/example_latest_only.py for tasks to queue
[2021-06-28 15:43:09,058] {logging_mixin.py:104} INFO - [2021-06-28 15:43:09,058] {dagbag.py:487} INFO - Filling up the DagBag from /home/airflow/.local/lib/python3.6/site-packages/airflow/example_dags/example_latest_only.py
[2021-06-28 15:43:09,081] {scheduler_job.py:643} INFO - DAG(s) dict_keys(['latest_only']) retrieved from /home/airflow/.local/lib/python3.6/site-packages/airflow/example_dags/example_latest_only.py
[2021-06-28 15:43:09,115] {logging_mixin.py:104} INFO - [2021-06-28 15:43:09,115] {dag.py:1832} INFO - Sync 1 DAGs
[2021-06-28 15:43:09,137] {logging_mixin.py:104} INFO - [2021-06-28 15:43:09,137] {dag.py:2305} INFO - Setting next_dagrun for latest_only to 2021-06-26 00:00:00+00:00
[2021-06-28 15:43:09,154] {scheduler_job.py:190} INFO - Processing /home/airflow/.local/lib/python3.6/site-packages/airflow/example_dags/example_latest_only.py took 0.103 seconds
[2021-06-28 15:43:39,487] {scheduler_job.py:182} INFO - Started process (PID=1251) to work on /home/airflow/.local/lib/python3.6/site-packages/airflow/example_dags/example_latest_only.py
[2021-06-28 15:43:39,489] {scheduler_job.py:633} INFO - Processing file /home/airflow/.local/lib/python3.6/site-packages/airflow/example_dags/example_latest_only.py for tasks to queue
[2021-06-28 15:43:39,489] {logging_mixin.py:104} INFO - [2021-06-28 15:43:39,489] {dagbag.py:487} INFO - Filling up the DagBag from /home/airflow/.local/lib/python3.6/site-packages/airflow/example_dags/example_latest_only.py
[2021-06-28 15:43:39,506] {scheduler_job.py:643} INFO - DAG(s) dict_keys(['latest_only']) retrieved from /home/airflow/.local/lib/python3.6/site-packages/airflow/example_dags/example_latest_only.py
[2021-06-28 15:43:39,531] {logging_mixin.py:104} INFO - [2021-06-28 15:43:39,531] {dag.py:1832} INFO - Sync 1 DAGs
[2021-06-28 15:43:39,553] {logging_mixin.py:104} INFO - [2021-06-28 15:43:39,553] {dag.py:2305} INFO - Setting next_dagrun for latest_only to 2021-06-26 00:00:00+00:00
[2021-06-28 15:43:39,568] {scheduler_job.py:190} INFO - Processing /home/airflow/.local/lib/python3.6/site-packages/airflow/example_dags/example_latest_only.py took 0.084 seconds
[2021-06-28 15:44:09,721] {scheduler_job.py:182} INFO - Started process (PID=1310) to work on /home/airflow/.local/lib/python3.6/site-packages/airflow/example_dags/example_latest_only.py
[2021-06-28 15:44:09,724] {scheduler_job.py:633} INFO - Processing file /home/airflow/.local/lib/python3.6/site-packages/airflow/example_dags/example_latest_only.py for tasks to queue
[2021-06-28 15:44:09,725] {logging_mixin.py:104} INFO - [2021-06-28 15:44:09,724] {dagbag.py:487} INFO - Filling up the DagBag from /home/airflow/.local/lib/python3.6/site-packages/airflow/example_dags/example_latest_only.py
[2021-06-28 15:44:09,739] {scheduler_job.py:643} INFO - DAG(s) dict_keys(['latest_only']) retrieved from /home/airflow/.local/lib/python3.6/site-packages/airflow/example_dags/example_latest_only.py
[2021-06-28 15:44:09,769] {logging_mixin.py:104} INFO - [2021-06-28 15:44:09,769] {dag.py:1832} INFO - Sync 1 DAGs
[2021-06-28 15:44:09,789] {logging_mixin.py:104} INFO - [2021-06-28 15:44:09,789] {dag.py:2305} INFO - Setting next_dagrun for latest_only to 2021-06-26 00:00:00+00:00
[2021-06-28 15:44:09,823] {scheduler_job.py:190} INFO - Processing /home/airflow/.local/lib/python3.6/site-packages/airflow/example_dags/example_latest_only.py took 0.106 seconds
