[2021-06-28 15:16:29,868] {scheduler_job.py:182} INFO - Started process (PID=110) to work on /home/airflow/.local/lib/python3.6/site-packages/airflow/example_dags/example_trigger_controller_dag.py
[2021-06-28 15:16:29,870] {scheduler_job.py:633} INFO - Processing file /home/airflow/.local/lib/python3.6/site-packages/airflow/example_dags/example_trigger_controller_dag.py for tasks to queue
[2021-06-28 15:16:29,870] {logging_mixin.py:104} INFO - [2021-06-28 15:16:29,870] {dagbag.py:487} INFO - Filling up the DagBag from /home/airflow/.local/lib/python3.6/site-packages/airflow/example_dags/example_trigger_controller_dag.py
[2021-06-28 15:16:29,958] {scheduler_job.py:643} INFO - DAG(s) dict_keys(['example_trigger_controller_dag']) retrieved from /home/airflow/.local/lib/python3.6/site-packages/airflow/example_dags/example_trigger_controller_dag.py
[2021-06-28 15:16:30,828] {logging_mixin.py:104} INFO - [2021-06-28 15:16:30,827] {dag.py:1832} INFO - Sync 1 DAGs
[2021-06-28 15:16:30,916] {logging_mixin.py:104} INFO - [2021-06-28 15:16:30,916] {dag.py:2305} INFO - Setting next_dagrun for example_trigger_controller_dag to 2021-06-26 00:00:00+00:00
[2021-06-28 15:16:31,014] {scheduler_job.py:190} INFO - Processing /home/airflow/.local/lib/python3.6/site-packages/airflow/example_dags/example_trigger_controller_dag.py took 1.150 seconds
[2021-06-28 15:17:01,196] {scheduler_job.py:182} INFO - Started process (PID=167) to work on /home/airflow/.local/lib/python3.6/site-packages/airflow/example_dags/example_trigger_controller_dag.py
[2021-06-28 15:17:01,215] {scheduler_job.py:633} INFO - Processing file /home/airflow/.local/lib/python3.6/site-packages/airflow/example_dags/example_trigger_controller_dag.py for tasks to queue
[2021-06-28 15:17:01,216] {logging_mixin.py:104} INFO - [2021-06-28 15:17:01,216] {dagbag.py:487} INFO - Filling up the DagBag from /home/airflow/.local/lib/python3.6/site-packages/airflow/example_dags/example_trigger_controller_dag.py
[2021-06-28 15:17:01,243] {scheduler_job.py:643} INFO - DAG(s) dict_keys(['example_trigger_controller_dag']) retrieved from /home/airflow/.local/lib/python3.6/site-packages/airflow/example_dags/example_trigger_controller_dag.py
[2021-06-28 15:17:01,373] {logging_mixin.py:104} INFO - [2021-06-28 15:17:01,373] {dag.py:1832} INFO - Sync 1 DAGs
[2021-06-28 15:17:01,424] {logging_mixin.py:104} INFO - [2021-06-28 15:17:01,424] {dag.py:2305} INFO - Setting next_dagrun for example_trigger_controller_dag to 2021-06-26 00:00:00+00:00
[2021-06-28 15:17:01,454] {scheduler_job.py:190} INFO - Processing /home/airflow/.local/lib/python3.6/site-packages/airflow/example_dags/example_trigger_controller_dag.py took 0.274 seconds
[2021-06-28 15:17:31,476] {scheduler_job.py:182} INFO - Started process (PID=229) to work on /home/airflow/.local/lib/python3.6/site-packages/airflow/example_dags/example_trigger_controller_dag.py
[2021-06-28 15:17:31,478] {scheduler_job.py:633} INFO - Processing file /home/airflow/.local/lib/python3.6/site-packages/airflow/example_dags/example_trigger_controller_dag.py for tasks to queue
[2021-06-28 15:17:31,479] {logging_mixin.py:104} INFO - [2021-06-28 15:17:31,479] {dagbag.py:487} INFO - Filling up the DagBag from /home/airflow/.local/lib/python3.6/site-packages/airflow/example_dags/example_trigger_controller_dag.py
[2021-06-28 15:17:31,494] {scheduler_job.py:643} INFO - DAG(s) dict_keys(['example_trigger_controller_dag']) retrieved from /home/airflow/.local/lib/python3.6/site-packages/airflow/example_dags/example_trigger_controller_dag.py
[2021-06-28 15:17:31,518] {logging_mixin.py:104} INFO - [2021-06-28 15:17:31,518] {dag.py:1832} INFO - Sync 1 DAGs
[2021-06-28 15:17:31,538] {logging_mixin.py:104} INFO - [2021-06-28 15:17:31,537] {dag.py:2305} INFO - Setting next_dagrun for example_trigger_controller_dag to 2021-06-26 00:00:00+00:00
[2021-06-28 15:17:31,551] {scheduler_job.py:190} INFO - Processing /home/airflow/.local/lib/python3.6/site-packages/airflow/example_dags/example_trigger_controller_dag.py took 0.079 seconds
[2021-06-28 15:18:01,736] {scheduler_job.py:182} INFO - Started process (PID=288) to work on /home/airflow/.local/lib/python3.6/site-packages/airflow/example_dags/example_trigger_controller_dag.py
[2021-06-28 15:18:01,738] {scheduler_job.py:633} INFO - Processing file /home/airflow/.local/lib/python3.6/site-packages/airflow/example_dags/example_trigger_controller_dag.py for tasks to queue
[2021-06-28 15:18:01,739] {logging_mixin.py:104} INFO - [2021-06-28 15:18:01,738] {dagbag.py:487} INFO - Filling up the DagBag from /home/airflow/.local/lib/python3.6/site-packages/airflow/example_dags/example_trigger_controller_dag.py
[2021-06-28 15:18:01,756] {scheduler_job.py:643} INFO - DAG(s) dict_keys(['example_trigger_controller_dag']) retrieved from /home/airflow/.local/lib/python3.6/site-packages/airflow/example_dags/example_trigger_controller_dag.py
[2021-06-28 15:18:01,780] {logging_mixin.py:104} INFO - [2021-06-28 15:18:01,780] {dag.py:1832} INFO - Sync 1 DAGs
[2021-06-28 15:18:01,821] {logging_mixin.py:104} INFO - [2021-06-28 15:18:01,821] {dag.py:2305} INFO - Setting next_dagrun for example_trigger_controller_dag to 2021-06-26 00:00:00+00:00
[2021-06-28 15:18:01,855] {scheduler_job.py:190} INFO - Processing /home/airflow/.local/lib/python3.6/site-packages/airflow/example_dags/example_trigger_controller_dag.py took 0.123 seconds
[2021-06-28 15:18:32,129] {scheduler_job.py:182} INFO - Started process (PID=361) to work on /home/airflow/.local/lib/python3.6/site-packages/airflow/example_dags/example_trigger_controller_dag.py
[2021-06-28 15:18:32,130] {scheduler_job.py:633} INFO - Processing file /home/airflow/.local/lib/python3.6/site-packages/airflow/example_dags/example_trigger_controller_dag.py for tasks to queue
[2021-06-28 15:18:32,133] {logging_mixin.py:104} INFO - [2021-06-28 15:18:32,131] {dagbag.py:487} INFO - Filling up the DagBag from /home/airflow/.local/lib/python3.6/site-packages/airflow/example_dags/example_trigger_controller_dag.py
[2021-06-28 15:18:32,147] {scheduler_job.py:643} INFO - DAG(s) dict_keys(['example_trigger_controller_dag']) retrieved from /home/airflow/.local/lib/python3.6/site-packages/airflow/example_dags/example_trigger_controller_dag.py
[2021-06-28 15:18:32,201] {logging_mixin.py:104} INFO - [2021-06-28 15:18:32,201] {dag.py:1832} INFO - Sync 1 DAGs
[2021-06-28 15:18:32,233] {logging_mixin.py:104} INFO - [2021-06-28 15:18:32,233] {dag.py:2305} INFO - Setting next_dagrun for example_trigger_controller_dag to 2021-06-26 00:00:00+00:00
[2021-06-28 15:18:32,256] {scheduler_job.py:190} INFO - Processing /home/airflow/.local/lib/python3.6/site-packages/airflow/example_dags/example_trigger_controller_dag.py took 0.132 seconds
[2021-06-28 15:19:02,352] {scheduler_job.py:182} INFO - Started process (PID=421) to work on /home/airflow/.local/lib/python3.6/site-packages/airflow/example_dags/example_trigger_controller_dag.py
[2021-06-28 15:19:02,358] {scheduler_job.py:633} INFO - Processing file /home/airflow/.local/lib/python3.6/site-packages/airflow/example_dags/example_trigger_controller_dag.py for tasks to queue
[2021-06-28 15:19:02,364] {logging_mixin.py:104} INFO - [2021-06-28 15:19:02,364] {dagbag.py:487} INFO - Filling up the DagBag from /home/airflow/.local/lib/python3.6/site-packages/airflow/example_dags/example_trigger_controller_dag.py
[2021-06-28 15:19:02,391] {scheduler_job.py:643} INFO - DAG(s) dict_keys(['example_trigger_controller_dag']) retrieved from /home/airflow/.local/lib/python3.6/site-packages/airflow/example_dags/example_trigger_controller_dag.py
[2021-06-28 15:19:02,447] {logging_mixin.py:104} INFO - [2021-06-28 15:19:02,447] {dag.py:1832} INFO - Sync 1 DAGs
[2021-06-28 15:19:02,490] {logging_mixin.py:104} INFO - [2021-06-28 15:19:02,490] {dag.py:2305} INFO - Setting next_dagrun for example_trigger_controller_dag to 2021-06-26 00:00:00+00:00
[2021-06-28 15:19:02,523] {scheduler_job.py:190} INFO - Processing /home/airflow/.local/lib/python3.6/site-packages/airflow/example_dags/example_trigger_controller_dag.py took 0.202 seconds
[2021-06-28 15:19:33,142] {scheduler_job.py:182} INFO - Started process (PID=476) to work on /home/airflow/.local/lib/python3.6/site-packages/airflow/example_dags/example_trigger_controller_dag.py
[2021-06-28 15:19:33,154] {scheduler_job.py:633} INFO - Processing file /home/airflow/.local/lib/python3.6/site-packages/airflow/example_dags/example_trigger_controller_dag.py for tasks to queue
[2021-06-28 15:19:33,155] {logging_mixin.py:104} INFO - [2021-06-28 15:19:33,155] {dagbag.py:487} INFO - Filling up the DagBag from /home/airflow/.local/lib/python3.6/site-packages/airflow/example_dags/example_trigger_controller_dag.py
[2021-06-28 15:19:33,201] {scheduler_job.py:643} INFO - DAG(s) dict_keys(['example_trigger_controller_dag']) retrieved from /home/airflow/.local/lib/python3.6/site-packages/airflow/example_dags/example_trigger_controller_dag.py
[2021-06-28 15:19:33,320] {logging_mixin.py:104} INFO - [2021-06-28 15:19:33,320] {dag.py:1832} INFO - Sync 1 DAGs
[2021-06-28 15:19:33,375] {logging_mixin.py:104} INFO - [2021-06-28 15:19:33,374] {dag.py:2305} INFO - Setting next_dagrun for example_trigger_controller_dag to 2021-06-26 00:00:00+00:00
[2021-06-28 15:19:33,405] {scheduler_job.py:190} INFO - Processing /home/airflow/.local/lib/python3.6/site-packages/airflow/example_dags/example_trigger_controller_dag.py took 0.267 seconds
[2021-06-28 15:20:03,494] {scheduler_job.py:182} INFO - Started process (PID=532) to work on /home/airflow/.local/lib/python3.6/site-packages/airflow/example_dags/example_trigger_controller_dag.py
[2021-06-28 15:20:03,495] {scheduler_job.py:633} INFO - Processing file /home/airflow/.local/lib/python3.6/site-packages/airflow/example_dags/example_trigger_controller_dag.py for tasks to queue
[2021-06-28 15:20:03,496] {logging_mixin.py:104} INFO - [2021-06-28 15:20:03,496] {dagbag.py:487} INFO - Filling up the DagBag from /home/airflow/.local/lib/python3.6/site-packages/airflow/example_dags/example_trigger_controller_dag.py
[2021-06-28 15:20:03,525] {scheduler_job.py:643} INFO - DAG(s) dict_keys(['example_trigger_controller_dag']) retrieved from /home/airflow/.local/lib/python3.6/site-packages/airflow/example_dags/example_trigger_controller_dag.py
[2021-06-28 15:20:03,623] {logging_mixin.py:104} INFO - [2021-06-28 15:20:03,623] {dag.py:1832} INFO - Sync 1 DAGs
[2021-06-28 15:20:03,710] {logging_mixin.py:104} INFO - [2021-06-28 15:20:03,707] {dag.py:2305} INFO - Setting next_dagrun for example_trigger_controller_dag to 2021-06-26 00:00:00+00:00
[2021-06-28 15:20:03,756] {scheduler_job.py:190} INFO - Processing /home/airflow/.local/lib/python3.6/site-packages/airflow/example_dags/example_trigger_controller_dag.py took 0.280 seconds
[2021-06-28 15:20:34,404] {scheduler_job.py:182} INFO - Started process (PID=603) to work on /home/airflow/.local/lib/python3.6/site-packages/airflow/example_dags/example_trigger_controller_dag.py
[2021-06-28 15:20:34,406] {scheduler_job.py:633} INFO - Processing file /home/airflow/.local/lib/python3.6/site-packages/airflow/example_dags/example_trigger_controller_dag.py for tasks to queue
[2021-06-28 15:20:34,408] {logging_mixin.py:104} INFO - [2021-06-28 15:20:34,407] {dagbag.py:487} INFO - Filling up the DagBag from /home/airflow/.local/lib/python3.6/site-packages/airflow/example_dags/example_trigger_controller_dag.py
[2021-06-28 15:20:34,424] {scheduler_job.py:643} INFO - DAG(s) dict_keys(['example_trigger_controller_dag']) retrieved from /home/airflow/.local/lib/python3.6/site-packages/airflow/example_dags/example_trigger_controller_dag.py
[2021-06-28 15:20:34,455] {logging_mixin.py:104} INFO - [2021-06-28 15:20:34,455] {dag.py:1832} INFO - Sync 1 DAGs
[2021-06-28 15:20:34,493] {logging_mixin.py:104} INFO - [2021-06-28 15:20:34,492] {dag.py:2305} INFO - Setting next_dagrun for example_trigger_controller_dag to 2021-06-26 00:00:00+00:00
[2021-06-28 15:20:34,533] {scheduler_job.py:190} INFO - Processing /home/airflow/.local/lib/python3.6/site-packages/airflow/example_dags/example_trigger_controller_dag.py took 0.133 seconds
[2021-06-28 15:21:05,094] {scheduler_job.py:182} INFO - Started process (PID=662) to work on /home/airflow/.local/lib/python3.6/site-packages/airflow/example_dags/example_trigger_controller_dag.py
[2021-06-28 15:21:05,097] {scheduler_job.py:633} INFO - Processing file /home/airflow/.local/lib/python3.6/site-packages/airflow/example_dags/example_trigger_controller_dag.py for tasks to queue
[2021-06-28 15:21:05,098] {logging_mixin.py:104} INFO - [2021-06-28 15:21:05,097] {dagbag.py:487} INFO - Filling up the DagBag from /home/airflow/.local/lib/python3.6/site-packages/airflow/example_dags/example_trigger_controller_dag.py
[2021-06-28 15:21:05,120] {scheduler_job.py:643} INFO - DAG(s) dict_keys(['example_trigger_controller_dag']) retrieved from /home/airflow/.local/lib/python3.6/site-packages/airflow/example_dags/example_trigger_controller_dag.py
[2021-06-28 15:21:05,175] {logging_mixin.py:104} INFO - [2021-06-28 15:21:05,174] {dag.py:1832} INFO - Sync 1 DAGs
[2021-06-28 15:21:05,248] {logging_mixin.py:104} INFO - [2021-06-28 15:21:05,247] {dag.py:2305} INFO - Setting next_dagrun for example_trigger_controller_dag to 2021-06-26 00:00:00+00:00
[2021-06-28 15:21:05,306] {scheduler_job.py:190} INFO - Processing /home/airflow/.local/lib/python3.6/site-packages/airflow/example_dags/example_trigger_controller_dag.py took 0.222 seconds
[2021-06-28 15:21:35,740] {scheduler_job.py:182} INFO - Started process (PID=721) to work on /home/airflow/.local/lib/python3.6/site-packages/airflow/example_dags/example_trigger_controller_dag.py
[2021-06-28 15:21:35,745] {scheduler_job.py:633} INFO - Processing file /home/airflow/.local/lib/python3.6/site-packages/airflow/example_dags/example_trigger_controller_dag.py for tasks to queue
[2021-06-28 15:21:35,747] {logging_mixin.py:104} INFO - [2021-06-28 15:21:35,747] {dagbag.py:487} INFO - Filling up the DagBag from /home/airflow/.local/lib/python3.6/site-packages/airflow/example_dags/example_trigger_controller_dag.py
[2021-06-28 15:21:35,795] {scheduler_job.py:643} INFO - DAG(s) dict_keys(['example_trigger_controller_dag']) retrieved from /home/airflow/.local/lib/python3.6/site-packages/airflow/example_dags/example_trigger_controller_dag.py
[2021-06-28 15:21:35,885] {logging_mixin.py:104} INFO - [2021-06-28 15:21:35,884] {dag.py:1832} INFO - Sync 1 DAGs
[2021-06-28 15:21:35,932] {logging_mixin.py:104} INFO - [2021-06-28 15:21:35,932] {dag.py:2305} INFO - Setting next_dagrun for example_trigger_controller_dag to 2021-06-26 00:00:00+00:00
[2021-06-28 15:21:35,960] {scheduler_job.py:190} INFO - Processing /home/airflow/.local/lib/python3.6/site-packages/airflow/example_dags/example_trigger_controller_dag.py took 0.237 seconds
[2021-06-28 15:22:06,694] {scheduler_job.py:182} INFO - Started process (PID=781) to work on /home/airflow/.local/lib/python3.6/site-packages/airflow/example_dags/example_trigger_controller_dag.py
[2021-06-28 15:22:06,707] {scheduler_job.py:633} INFO - Processing file /home/airflow/.local/lib/python3.6/site-packages/airflow/example_dags/example_trigger_controller_dag.py for tasks to queue
[2021-06-28 15:22:06,708] {logging_mixin.py:104} INFO - [2021-06-28 15:22:06,707] {dagbag.py:487} INFO - Filling up the DagBag from /home/airflow/.local/lib/python3.6/site-packages/airflow/example_dags/example_trigger_controller_dag.py
[2021-06-28 15:22:06,771] {scheduler_job.py:643} INFO - DAG(s) dict_keys(['example_trigger_controller_dag']) retrieved from /home/airflow/.local/lib/python3.6/site-packages/airflow/example_dags/example_trigger_controller_dag.py
[2021-06-28 15:22:06,873] {logging_mixin.py:104} INFO - [2021-06-28 15:22:06,873] {dag.py:1832} INFO - Sync 1 DAGs
[2021-06-28 15:22:06,979] {logging_mixin.py:104} INFO - [2021-06-28 15:22:06,979] {dag.py:2305} INFO - Setting next_dagrun for example_trigger_controller_dag to 2021-06-26 00:00:00+00:00
[2021-06-28 15:22:07,019] {scheduler_job.py:190} INFO - Processing /home/airflow/.local/lib/python3.6/site-packages/airflow/example_dags/example_trigger_controller_dag.py took 0.360 seconds
[2021-06-28 15:22:37,378] {scheduler_job.py:182} INFO - Started process (PID=845) to work on /home/airflow/.local/lib/python3.6/site-packages/airflow/example_dags/example_trigger_controller_dag.py
[2021-06-28 15:22:37,431] {scheduler_job.py:633} INFO - Processing file /home/airflow/.local/lib/python3.6/site-packages/airflow/example_dags/example_trigger_controller_dag.py for tasks to queue
[2021-06-28 15:22:37,464] {logging_mixin.py:104} INFO - [2021-06-28 15:22:37,464] {dagbag.py:487} INFO - Filling up the DagBag from /home/airflow/.local/lib/python3.6/site-packages/airflow/example_dags/example_trigger_controller_dag.py
[2021-06-28 15:22:37,555] {scheduler_job.py:643} INFO - DAG(s) dict_keys(['example_trigger_controller_dag']) retrieved from /home/airflow/.local/lib/python3.6/site-packages/airflow/example_dags/example_trigger_controller_dag.py
[2021-06-28 15:22:37,698] {logging_mixin.py:104} INFO - [2021-06-28 15:22:37,698] {dag.py:1832} INFO - Sync 1 DAGs
[2021-06-28 15:22:37,844] {logging_mixin.py:104} INFO - [2021-06-28 15:22:37,843] {dag.py:2305} INFO - Setting next_dagrun for example_trigger_controller_dag to 2021-06-26 00:00:00+00:00
[2021-06-28 15:22:37,888] {scheduler_job.py:190} INFO - Processing /home/airflow/.local/lib/python3.6/site-packages/airflow/example_dags/example_trigger_controller_dag.py took 0.657 seconds
[2021-06-28 15:23:08,453] {scheduler_job.py:182} INFO - Started process (PID=905) to work on /home/airflow/.local/lib/python3.6/site-packages/airflow/example_dags/example_trigger_controller_dag.py
[2021-06-28 15:23:08,456] {scheduler_job.py:633} INFO - Processing file /home/airflow/.local/lib/python3.6/site-packages/airflow/example_dags/example_trigger_controller_dag.py for tasks to queue
[2021-06-28 15:23:08,457] {logging_mixin.py:104} INFO - [2021-06-28 15:23:08,457] {dagbag.py:487} INFO - Filling up the DagBag from /home/airflow/.local/lib/python3.6/site-packages/airflow/example_dags/example_trigger_controller_dag.py
[2021-06-28 15:23:08,486] {scheduler_job.py:643} INFO - DAG(s) dict_keys(['example_trigger_controller_dag']) retrieved from /home/airflow/.local/lib/python3.6/site-packages/airflow/example_dags/example_trigger_controller_dag.py
[2021-06-28 15:23:08,570] {logging_mixin.py:104} INFO - [2021-06-28 15:23:08,569] {dag.py:1832} INFO - Sync 1 DAGs
[2021-06-28 15:23:08,624] {logging_mixin.py:104} INFO - [2021-06-28 15:23:08,624] {dag.py:2305} INFO - Setting next_dagrun for example_trigger_controller_dag to 2021-06-26 00:00:00+00:00
[2021-06-28 15:23:08,667] {scheduler_job.py:190} INFO - Processing /home/airflow/.local/lib/python3.6/site-packages/airflow/example_dags/example_trigger_controller_dag.py took 0.219 seconds
[2021-06-28 15:23:38,735] {scheduler_job.py:182} INFO - Started process (PID=965) to work on /home/airflow/.local/lib/python3.6/site-packages/airflow/example_dags/example_trigger_controller_dag.py
[2021-06-28 15:23:38,737] {scheduler_job.py:633} INFO - Processing file /home/airflow/.local/lib/python3.6/site-packages/airflow/example_dags/example_trigger_controller_dag.py for tasks to queue
[2021-06-28 15:23:38,753] {logging_mixin.py:104} INFO - [2021-06-28 15:23:38,753] {dagbag.py:487} INFO - Filling up the DagBag from /home/airflow/.local/lib/python3.6/site-packages/airflow/example_dags/example_trigger_controller_dag.py
[2021-06-28 15:23:38,780] {scheduler_job.py:643} INFO - DAG(s) dict_keys(['example_trigger_controller_dag']) retrieved from /home/airflow/.local/lib/python3.6/site-packages/airflow/example_dags/example_trigger_controller_dag.py
[2021-06-28 15:23:38,871] {logging_mixin.py:104} INFO - [2021-06-28 15:23:38,870] {dag.py:1832} INFO - Sync 1 DAGs
[2021-06-28 15:23:38,898] {logging_mixin.py:104} INFO - [2021-06-28 15:23:38,898] {dag.py:2305} INFO - Setting next_dagrun for example_trigger_controller_dag to 2021-06-26 00:00:00+00:00
[2021-06-28 15:23:38,918] {scheduler_job.py:190} INFO - Processing /home/airflow/.local/lib/python3.6/site-packages/airflow/example_dags/example_trigger_controller_dag.py took 0.209 seconds
[2021-06-28 15:24:09,035] {scheduler_job.py:182} INFO - Started process (PID=1030) to work on /home/airflow/.local/lib/python3.6/site-packages/airflow/example_dags/example_trigger_controller_dag.py
[2021-06-28 15:24:09,036] {scheduler_job.py:633} INFO - Processing file /home/airflow/.local/lib/python3.6/site-packages/airflow/example_dags/example_trigger_controller_dag.py for tasks to queue
[2021-06-28 15:24:09,037] {logging_mixin.py:104} INFO - [2021-06-28 15:24:09,037] {dagbag.py:487} INFO - Filling up the DagBag from /home/airflow/.local/lib/python3.6/site-packages/airflow/example_dags/example_trigger_controller_dag.py
[2021-06-28 15:24:09,055] {scheduler_job.py:643} INFO - DAG(s) dict_keys(['example_trigger_controller_dag']) retrieved from /home/airflow/.local/lib/python3.6/site-packages/airflow/example_dags/example_trigger_controller_dag.py
[2021-06-28 15:24:09,085] {logging_mixin.py:104} INFO - [2021-06-28 15:24:09,084] {dag.py:1832} INFO - Sync 1 DAGs
[2021-06-28 15:24:09,110] {logging_mixin.py:104} INFO - [2021-06-28 15:24:09,110] {dag.py:2305} INFO - Setting next_dagrun for example_trigger_controller_dag to 2021-06-26 00:00:00+00:00
[2021-06-28 15:24:09,123] {scheduler_job.py:190} INFO - Processing /home/airflow/.local/lib/python3.6/site-packages/airflow/example_dags/example_trigger_controller_dag.py took 0.093 seconds
[2021-06-28 15:24:39,304] {scheduler_job.py:182} INFO - Started process (PID=1089) to work on /home/airflow/.local/lib/python3.6/site-packages/airflow/example_dags/example_trigger_controller_dag.py
[2021-06-28 15:24:39,309] {scheduler_job.py:633} INFO - Processing file /home/airflow/.local/lib/python3.6/site-packages/airflow/example_dags/example_trigger_controller_dag.py for tasks to queue
[2021-06-28 15:24:39,317] {logging_mixin.py:104} INFO - [2021-06-28 15:24:39,317] {dagbag.py:487} INFO - Filling up the DagBag from /home/airflow/.local/lib/python3.6/site-packages/airflow/example_dags/example_trigger_controller_dag.py
[2021-06-28 15:24:39,347] {scheduler_job.py:643} INFO - DAG(s) dict_keys(['example_trigger_controller_dag']) retrieved from /home/airflow/.local/lib/python3.6/site-packages/airflow/example_dags/example_trigger_controller_dag.py
[2021-06-28 15:24:39,392] {logging_mixin.py:104} INFO - [2021-06-28 15:24:39,392] {dag.py:1832} INFO - Sync 1 DAGs
[2021-06-28 15:24:39,436] {logging_mixin.py:104} INFO - [2021-06-28 15:24:39,434] {dag.py:2305} INFO - Setting next_dagrun for example_trigger_controller_dag to 2021-06-26 00:00:00+00:00
[2021-06-28 15:24:39,465] {scheduler_job.py:190} INFO - Processing /home/airflow/.local/lib/python3.6/site-packages/airflow/example_dags/example_trigger_controller_dag.py took 0.165 seconds
[2021-06-28 15:25:10,324] {scheduler_job.py:182} INFO - Started process (PID=1148) to work on /home/airflow/.local/lib/python3.6/site-packages/airflow/example_dags/example_trigger_controller_dag.py
[2021-06-28 15:25:10,327] {scheduler_job.py:633} INFO - Processing file /home/airflow/.local/lib/python3.6/site-packages/airflow/example_dags/example_trigger_controller_dag.py for tasks to queue
[2021-06-28 15:25:10,328] {logging_mixin.py:104} INFO - [2021-06-28 15:25:10,328] {dagbag.py:487} INFO - Filling up the DagBag from /home/airflow/.local/lib/python3.6/site-packages/airflow/example_dags/example_trigger_controller_dag.py
[2021-06-28 15:25:10,404] {scheduler_job.py:643} INFO - DAG(s) dict_keys(['example_trigger_controller_dag']) retrieved from /home/airflow/.local/lib/python3.6/site-packages/airflow/example_dags/example_trigger_controller_dag.py
[2021-06-28 15:25:10,496] {logging_mixin.py:104} INFO - [2021-06-28 15:25:10,495] {dag.py:1832} INFO - Sync 1 DAGs
[2021-06-28 15:25:10,553] {logging_mixin.py:104} INFO - [2021-06-28 15:25:10,553] {dag.py:2305} INFO - Setting next_dagrun for example_trigger_controller_dag to 2021-06-26 00:00:00+00:00
[2021-06-28 15:25:10,588] {scheduler_job.py:190} INFO - Processing /home/airflow/.local/lib/python3.6/site-packages/airflow/example_dags/example_trigger_controller_dag.py took 0.269 seconds
[2021-06-28 15:25:41,135] {scheduler_job.py:182} INFO - Started process (PID=1220) to work on /home/airflow/.local/lib/python3.6/site-packages/airflow/example_dags/example_trigger_controller_dag.py
[2021-06-28 15:25:41,136] {scheduler_job.py:633} INFO - Processing file /home/airflow/.local/lib/python3.6/site-packages/airflow/example_dags/example_trigger_controller_dag.py for tasks to queue
[2021-06-28 15:25:41,137] {logging_mixin.py:104} INFO - [2021-06-28 15:25:41,137] {dagbag.py:487} INFO - Filling up the DagBag from /home/airflow/.local/lib/python3.6/site-packages/airflow/example_dags/example_trigger_controller_dag.py
[2021-06-28 15:25:41,194] {scheduler_job.py:643} INFO - DAG(s) dict_keys(['example_trigger_controller_dag']) retrieved from /home/airflow/.local/lib/python3.6/site-packages/airflow/example_dags/example_trigger_controller_dag.py
[2021-06-28 15:25:41,361] {logging_mixin.py:104} INFO - [2021-06-28 15:25:41,360] {dag.py:1832} INFO - Sync 1 DAGs
[2021-06-28 15:25:41,434] {logging_mixin.py:104} INFO - [2021-06-28 15:25:41,434] {dag.py:2305} INFO - Setting next_dagrun for example_trigger_controller_dag to 2021-06-26 00:00:00+00:00
[2021-06-28 15:25:41,461] {scheduler_job.py:190} INFO - Processing /home/airflow/.local/lib/python3.6/site-packages/airflow/example_dags/example_trigger_controller_dag.py took 0.342 seconds
[2021-06-28 15:26:12,284] {scheduler_job.py:182} INFO - Started process (PID=1282) to work on /home/airflow/.local/lib/python3.6/site-packages/airflow/example_dags/example_trigger_controller_dag.py
[2021-06-28 15:26:12,285] {scheduler_job.py:633} INFO - Processing file /home/airflow/.local/lib/python3.6/site-packages/airflow/example_dags/example_trigger_controller_dag.py for tasks to queue
[2021-06-28 15:26:12,287] {logging_mixin.py:104} INFO - [2021-06-28 15:26:12,286] {dagbag.py:487} INFO - Filling up the DagBag from /home/airflow/.local/lib/python3.6/site-packages/airflow/example_dags/example_trigger_controller_dag.py
[2021-06-28 15:26:12,326] {scheduler_job.py:643} INFO - DAG(s) dict_keys(['example_trigger_controller_dag']) retrieved from /home/airflow/.local/lib/python3.6/site-packages/airflow/example_dags/example_trigger_controller_dag.py
[2021-06-28 15:26:12,438] {logging_mixin.py:104} INFO - [2021-06-28 15:26:12,438] {dag.py:1832} INFO - Sync 1 DAGs
[2021-06-28 15:26:12,505] {logging_mixin.py:104} INFO - [2021-06-28 15:26:12,505] {dag.py:2305} INFO - Setting next_dagrun for example_trigger_controller_dag to 2021-06-26 00:00:00+00:00
[2021-06-28 15:26:12,552] {scheduler_job.py:190} INFO - Processing /home/airflow/.local/lib/python3.6/site-packages/airflow/example_dags/example_trigger_controller_dag.py took 0.273 seconds
[2021-06-28 15:26:42,708] {scheduler_job.py:182} INFO - Started process (PID=1342) to work on /home/airflow/.local/lib/python3.6/site-packages/airflow/example_dags/example_trigger_controller_dag.py
[2021-06-28 15:26:42,714] {scheduler_job.py:633} INFO - Processing file /home/airflow/.local/lib/python3.6/site-packages/airflow/example_dags/example_trigger_controller_dag.py for tasks to queue
[2021-06-28 15:26:42,718] {logging_mixin.py:104} INFO - [2021-06-28 15:26:42,718] {dagbag.py:487} INFO - Filling up the DagBag from /home/airflow/.local/lib/python3.6/site-packages/airflow/example_dags/example_trigger_controller_dag.py
[2021-06-28 15:26:42,753] {scheduler_job.py:643} INFO - DAG(s) dict_keys(['example_trigger_controller_dag']) retrieved from /home/airflow/.local/lib/python3.6/site-packages/airflow/example_dags/example_trigger_controller_dag.py
[2021-06-28 15:26:42,801] {logging_mixin.py:104} INFO - [2021-06-28 15:26:42,801] {dag.py:1832} INFO - Sync 1 DAGs
[2021-06-28 15:26:42,841] {logging_mixin.py:104} INFO - [2021-06-28 15:26:42,841] {dag.py:2305} INFO - Setting next_dagrun for example_trigger_controller_dag to 2021-06-26 00:00:00+00:00
[2021-06-28 15:26:42,920] {scheduler_job.py:190} INFO - Processing /home/airflow/.local/lib/python3.6/site-packages/airflow/example_dags/example_trigger_controller_dag.py took 0.228 seconds
[2021-06-28 15:27:13,085] {scheduler_job.py:182} INFO - Started process (PID=1402) to work on /home/airflow/.local/lib/python3.6/site-packages/airflow/example_dags/example_trigger_controller_dag.py
[2021-06-28 15:27:13,092] {scheduler_job.py:633} INFO - Processing file /home/airflow/.local/lib/python3.6/site-packages/airflow/example_dags/example_trigger_controller_dag.py for tasks to queue
[2021-06-28 15:27:13,093] {logging_mixin.py:104} INFO - [2021-06-28 15:27:13,093] {dagbag.py:487} INFO - Filling up the DagBag from /home/airflow/.local/lib/python3.6/site-packages/airflow/example_dags/example_trigger_controller_dag.py
[2021-06-28 15:27:13,108] {scheduler_job.py:643} INFO - DAG(s) dict_keys(['example_trigger_controller_dag']) retrieved from /home/airflow/.local/lib/python3.6/site-packages/airflow/example_dags/example_trigger_controller_dag.py
[2021-06-28 15:27:13,173] {logging_mixin.py:104} INFO - [2021-06-28 15:27:13,172] {dag.py:1832} INFO - Sync 1 DAGs
[2021-06-28 15:27:13,216] {logging_mixin.py:104} INFO - [2021-06-28 15:27:13,216] {dag.py:2305} INFO - Setting next_dagrun for example_trigger_controller_dag to 2021-06-26 00:00:00+00:00
[2021-06-28 15:27:13,232] {scheduler_job.py:190} INFO - Processing /home/airflow/.local/lib/python3.6/site-packages/airflow/example_dags/example_trigger_controller_dag.py took 0.163 seconds
[2021-06-28 15:27:44,061] {scheduler_job.py:182} INFO - Started process (PID=1463) to work on /home/airflow/.local/lib/python3.6/site-packages/airflow/example_dags/example_trigger_controller_dag.py
[2021-06-28 15:27:44,062] {scheduler_job.py:633} INFO - Processing file /home/airflow/.local/lib/python3.6/site-packages/airflow/example_dags/example_trigger_controller_dag.py for tasks to queue
[2021-06-28 15:27:44,063] {logging_mixin.py:104} INFO - [2021-06-28 15:27:44,063] {dagbag.py:487} INFO - Filling up the DagBag from /home/airflow/.local/lib/python3.6/site-packages/airflow/example_dags/example_trigger_controller_dag.py
[2021-06-28 15:27:44,091] {scheduler_job.py:643} INFO - DAG(s) dict_keys(['example_trigger_controller_dag']) retrieved from /home/airflow/.local/lib/python3.6/site-packages/airflow/example_dags/example_trigger_controller_dag.py
[2021-06-28 15:27:44,140] {logging_mixin.py:104} INFO - [2021-06-28 15:27:44,140] {dag.py:1832} INFO - Sync 1 DAGs
[2021-06-28 15:27:44,164] {logging_mixin.py:104} INFO - [2021-06-28 15:27:44,164] {dag.py:2305} INFO - Setting next_dagrun for example_trigger_controller_dag to 2021-06-26 00:00:00+00:00
[2021-06-28 15:27:44,190] {scheduler_job.py:190} INFO - Processing /home/airflow/.local/lib/python3.6/site-packages/airflow/example_dags/example_trigger_controller_dag.py took 0.134 seconds
[2021-06-28 15:28:14,853] {scheduler_job.py:182} INFO - Started process (PID=1538) to work on /home/airflow/.local/lib/python3.6/site-packages/airflow/example_dags/example_trigger_controller_dag.py
[2021-06-28 15:28:14,860] {scheduler_job.py:633} INFO - Processing file /home/airflow/.local/lib/python3.6/site-packages/airflow/example_dags/example_trigger_controller_dag.py for tasks to queue
[2021-06-28 15:28:14,875] {logging_mixin.py:104} INFO - [2021-06-28 15:28:14,874] {dagbag.py:487} INFO - Filling up the DagBag from /home/airflow/.local/lib/python3.6/site-packages/airflow/example_dags/example_trigger_controller_dag.py
[2021-06-28 15:28:14,915] {scheduler_job.py:643} INFO - DAG(s) dict_keys(['example_trigger_controller_dag']) retrieved from /home/airflow/.local/lib/python3.6/site-packages/airflow/example_dags/example_trigger_controller_dag.py
[2021-06-28 15:28:14,976] {logging_mixin.py:104} INFO - [2021-06-28 15:28:14,976] {dag.py:1832} INFO - Sync 1 DAGs
[2021-06-28 15:28:15,007] {logging_mixin.py:104} INFO - [2021-06-28 15:28:15,007] {dag.py:2305} INFO - Setting next_dagrun for example_trigger_controller_dag to 2021-06-26 00:00:00+00:00
[2021-06-28 15:28:15,026] {scheduler_job.py:190} INFO - Processing /home/airflow/.local/lib/python3.6/site-packages/airflow/example_dags/example_trigger_controller_dag.py took 0.191 seconds
[2021-06-28 15:28:45,723] {scheduler_job.py:182} INFO - Started process (PID=1599) to work on /home/airflow/.local/lib/python3.6/site-packages/airflow/example_dags/example_trigger_controller_dag.py
[2021-06-28 15:28:45,725] {scheduler_job.py:633} INFO - Processing file /home/airflow/.local/lib/python3.6/site-packages/airflow/example_dags/example_trigger_controller_dag.py for tasks to queue
[2021-06-28 15:28:45,726] {logging_mixin.py:104} INFO - [2021-06-28 15:28:45,726] {dagbag.py:487} INFO - Filling up the DagBag from /home/airflow/.local/lib/python3.6/site-packages/airflow/example_dags/example_trigger_controller_dag.py
[2021-06-28 15:28:45,744] {scheduler_job.py:643} INFO - DAG(s) dict_keys(['example_trigger_controller_dag']) retrieved from /home/airflow/.local/lib/python3.6/site-packages/airflow/example_dags/example_trigger_controller_dag.py
[2021-06-28 15:28:45,786] {logging_mixin.py:104} INFO - [2021-06-28 15:28:45,786] {dag.py:1832} INFO - Sync 1 DAGs
[2021-06-28 15:28:45,824] {logging_mixin.py:104} INFO - [2021-06-28 15:28:45,824] {dag.py:2305} INFO - Setting next_dagrun for example_trigger_controller_dag to 2021-06-26 00:00:00+00:00
[2021-06-28 15:28:45,859] {scheduler_job.py:190} INFO - Processing /home/airflow/.local/lib/python3.6/site-packages/airflow/example_dags/example_trigger_controller_dag.py took 0.140 seconds
[2021-06-28 15:29:16,190] {scheduler_job.py:182} INFO - Started process (PID=1657) to work on /home/airflow/.local/lib/python3.6/site-packages/airflow/example_dags/example_trigger_controller_dag.py
[2021-06-28 15:29:16,203] {scheduler_job.py:633} INFO - Processing file /home/airflow/.local/lib/python3.6/site-packages/airflow/example_dags/example_trigger_controller_dag.py for tasks to queue
[2021-06-28 15:29:16,204] {logging_mixin.py:104} INFO - [2021-06-28 15:29:16,204] {dagbag.py:487} INFO - Filling up the DagBag from /home/airflow/.local/lib/python3.6/site-packages/airflow/example_dags/example_trigger_controller_dag.py
[2021-06-28 15:29:16,221] {scheduler_job.py:643} INFO - DAG(s) dict_keys(['example_trigger_controller_dag']) retrieved from /home/airflow/.local/lib/python3.6/site-packages/airflow/example_dags/example_trigger_controller_dag.py
[2021-06-28 15:29:16,253] {logging_mixin.py:104} INFO - [2021-06-28 15:29:16,253] {dag.py:1832} INFO - Sync 1 DAGs
[2021-06-28 15:29:16,283] {logging_mixin.py:104} INFO - [2021-06-28 15:29:16,283] {dag.py:2305} INFO - Setting next_dagrun for example_trigger_controller_dag to 2021-06-26 00:00:00+00:00
[2021-06-28 15:29:16,299] {scheduler_job.py:190} INFO - Processing /home/airflow/.local/lib/python3.6/site-packages/airflow/example_dags/example_trigger_controller_dag.py took 0.114 seconds
[2021-06-28 15:29:46,970] {scheduler_job.py:182} INFO - Started process (PID=1718) to work on /home/airflow/.local/lib/python3.6/site-packages/airflow/example_dags/example_trigger_controller_dag.py
[2021-06-28 15:29:46,973] {scheduler_job.py:633} INFO - Processing file /home/airflow/.local/lib/python3.6/site-packages/airflow/example_dags/example_trigger_controller_dag.py for tasks to queue
[2021-06-28 15:29:46,974] {logging_mixin.py:104} INFO - [2021-06-28 15:29:46,973] {dagbag.py:487} INFO - Filling up the DagBag from /home/airflow/.local/lib/python3.6/site-packages/airflow/example_dags/example_trigger_controller_dag.py
[2021-06-28 15:29:46,989] {scheduler_job.py:643} INFO - DAG(s) dict_keys(['example_trigger_controller_dag']) retrieved from /home/airflow/.local/lib/python3.6/site-packages/airflow/example_dags/example_trigger_controller_dag.py
[2021-06-28 15:29:47,044] {logging_mixin.py:104} INFO - [2021-06-28 15:29:47,043] {dag.py:1832} INFO - Sync 1 DAGs
[2021-06-28 15:29:47,101] {logging_mixin.py:104} INFO - [2021-06-28 15:29:47,101] {dag.py:2305} INFO - Setting next_dagrun for example_trigger_controller_dag to 2021-06-26 00:00:00+00:00
[2021-06-28 15:29:47,117] {scheduler_job.py:190} INFO - Processing /home/airflow/.local/lib/python3.6/site-packages/airflow/example_dags/example_trigger_controller_dag.py took 0.153 seconds
[2021-06-28 15:30:17,846] {scheduler_job.py:182} INFO - Started process (PID=1777) to work on /home/airflow/.local/lib/python3.6/site-packages/airflow/example_dags/example_trigger_controller_dag.py
[2021-06-28 15:30:17,856] {scheduler_job.py:633} INFO - Processing file /home/airflow/.local/lib/python3.6/site-packages/airflow/example_dags/example_trigger_controller_dag.py for tasks to queue
[2021-06-28 15:30:17,858] {logging_mixin.py:104} INFO - [2021-06-28 15:30:17,858] {dagbag.py:487} INFO - Filling up the DagBag from /home/airflow/.local/lib/python3.6/site-packages/airflow/example_dags/example_trigger_controller_dag.py
[2021-06-28 15:30:17,890] {scheduler_job.py:643} INFO - DAG(s) dict_keys(['example_trigger_controller_dag']) retrieved from /home/airflow/.local/lib/python3.6/site-packages/airflow/example_dags/example_trigger_controller_dag.py
[2021-06-28 15:30:17,974] {logging_mixin.py:104} INFO - [2021-06-28 15:30:17,974] {dag.py:1832} INFO - Sync 1 DAGs
[2021-06-28 15:30:18,047] {logging_mixin.py:104} INFO - [2021-06-28 15:30:18,046] {dag.py:2305} INFO - Setting next_dagrun for example_trigger_controller_dag to 2021-06-26 00:00:00+00:00
[2021-06-28 15:30:18,063] {scheduler_job.py:190} INFO - Processing /home/airflow/.local/lib/python3.6/site-packages/airflow/example_dags/example_trigger_controller_dag.py took 0.237 seconds
[2021-06-28 15:30:48,671] {scheduler_job.py:182} INFO - Started process (PID=1847) to work on /home/airflow/.local/lib/python3.6/site-packages/airflow/example_dags/example_trigger_controller_dag.py
[2021-06-28 15:30:48,684] {scheduler_job.py:633} INFO - Processing file /home/airflow/.local/lib/python3.6/site-packages/airflow/example_dags/example_trigger_controller_dag.py for tasks to queue
[2021-06-28 15:30:48,686] {logging_mixin.py:104} INFO - [2021-06-28 15:30:48,686] {dagbag.py:487} INFO - Filling up the DagBag from /home/airflow/.local/lib/python3.6/site-packages/airflow/example_dags/example_trigger_controller_dag.py
[2021-06-28 15:30:48,739] {scheduler_job.py:643} INFO - DAG(s) dict_keys(['example_trigger_controller_dag']) retrieved from /home/airflow/.local/lib/python3.6/site-packages/airflow/example_dags/example_trigger_controller_dag.py
[2021-06-28 15:30:48,970] {logging_mixin.py:104} INFO - [2021-06-28 15:30:48,969] {dag.py:1832} INFO - Sync 1 DAGs
[2021-06-28 15:30:49,237] {logging_mixin.py:104} INFO - [2021-06-28 15:30:49,237] {dag.py:2305} INFO - Setting next_dagrun for example_trigger_controller_dag to 2021-06-26 00:00:00+00:00
[2021-06-28 15:30:49,527] {scheduler_job.py:190} INFO - Processing /home/airflow/.local/lib/python3.6/site-packages/airflow/example_dags/example_trigger_controller_dag.py took 0.861 seconds
[2021-06-28 15:31:20,541] {scheduler_job.py:182} INFO - Started process (PID=1909) to work on /home/airflow/.local/lib/python3.6/site-packages/airflow/example_dags/example_trigger_controller_dag.py
[2021-06-28 15:31:20,554] {scheduler_job.py:633} INFO - Processing file /home/airflow/.local/lib/python3.6/site-packages/airflow/example_dags/example_trigger_controller_dag.py for tasks to queue
[2021-06-28 15:31:20,555] {logging_mixin.py:104} INFO - [2021-06-28 15:31:20,555] {dagbag.py:487} INFO - Filling up the DagBag from /home/airflow/.local/lib/python3.6/site-packages/airflow/example_dags/example_trigger_controller_dag.py
[2021-06-28 15:31:20,672] {scheduler_job.py:643} INFO - DAG(s) dict_keys(['example_trigger_controller_dag']) retrieved from /home/airflow/.local/lib/python3.6/site-packages/airflow/example_dags/example_trigger_controller_dag.py
[2021-06-28 15:31:20,761] {logging_mixin.py:104} INFO - [2021-06-28 15:31:20,761] {dag.py:1832} INFO - Sync 1 DAGs
[2021-06-28 15:31:20,810] {logging_mixin.py:104} INFO - [2021-06-28 15:31:20,810] {dag.py:2305} INFO - Setting next_dagrun for example_trigger_controller_dag to 2021-06-26 00:00:00+00:00
[2021-06-28 15:31:20,844] {scheduler_job.py:190} INFO - Processing /home/airflow/.local/lib/python3.6/site-packages/airflow/example_dags/example_trigger_controller_dag.py took 0.313 seconds
[2021-06-28 15:33:59,524] {scheduler_job.py:182} INFO - Started process (PID=67) to work on /home/airflow/.local/lib/python3.6/site-packages/airflow/example_dags/example_trigger_controller_dag.py
[2021-06-28 15:33:59,526] {scheduler_job.py:633} INFO - Processing file /home/airflow/.local/lib/python3.6/site-packages/airflow/example_dags/example_trigger_controller_dag.py for tasks to queue
[2021-06-28 15:33:59,527] {logging_mixin.py:104} INFO - [2021-06-28 15:33:59,527] {dagbag.py:487} INFO - Filling up the DagBag from /home/airflow/.local/lib/python3.6/site-packages/airflow/example_dags/example_trigger_controller_dag.py
[2021-06-28 15:33:59,565] {scheduler_job.py:643} INFO - DAG(s) dict_keys(['example_trigger_controller_dag']) retrieved from /home/airflow/.local/lib/python3.6/site-packages/airflow/example_dags/example_trigger_controller_dag.py
[2021-06-28 15:33:59,700] {logging_mixin.py:104} INFO - [2021-06-28 15:33:59,700] {dag.py:1832} INFO - Sync 1 DAGs
[2021-06-28 15:33:59,780] {logging_mixin.py:104} INFO - [2021-06-28 15:33:59,780] {dag.py:2305} INFO - Setting next_dagrun for example_trigger_controller_dag to 2021-06-26 00:00:00+00:00
[2021-06-28 15:33:59,952] {scheduler_job.py:190} INFO - Processing /home/airflow/.local/lib/python3.6/site-packages/airflow/example_dags/example_trigger_controller_dag.py took 0.433 seconds
[2021-06-28 15:34:32,924] {scheduler_job.py:182} INFO - Started process (PID=125) to work on /home/airflow/.local/lib/python3.6/site-packages/airflow/example_dags/example_trigger_controller_dag.py
[2021-06-28 15:34:32,936] {scheduler_job.py:633} INFO - Processing file /home/airflow/.local/lib/python3.6/site-packages/airflow/example_dags/example_trigger_controller_dag.py for tasks to queue
[2021-06-28 15:34:32,939] {logging_mixin.py:104} INFO - [2021-06-28 15:34:32,939] {dagbag.py:487} INFO - Filling up the DagBag from /home/airflow/.local/lib/python3.6/site-packages/airflow/example_dags/example_trigger_controller_dag.py
[2021-06-28 15:34:33,008] {scheduler_job.py:643} INFO - DAG(s) dict_keys(['example_trigger_controller_dag']) retrieved from /home/airflow/.local/lib/python3.6/site-packages/airflow/example_dags/example_trigger_controller_dag.py
[2021-06-28 15:34:33,082] {logging_mixin.py:104} INFO - [2021-06-28 15:34:33,081] {dag.py:1832} INFO - Sync 1 DAGs
[2021-06-28 15:34:33,157] {logging_mixin.py:104} INFO - [2021-06-28 15:34:33,157] {dag.py:2305} INFO - Setting next_dagrun for example_trigger_controller_dag to 2021-06-26 00:00:00+00:00
[2021-06-28 15:34:33,217] {scheduler_job.py:190} INFO - Processing /home/airflow/.local/lib/python3.6/site-packages/airflow/example_dags/example_trigger_controller_dag.py took 0.319 seconds
[2021-06-28 15:35:03,856] {scheduler_job.py:182} INFO - Started process (PID=186) to work on /home/airflow/.local/lib/python3.6/site-packages/airflow/example_dags/example_trigger_controller_dag.py
[2021-06-28 15:35:03,858] {scheduler_job.py:633} INFO - Processing file /home/airflow/.local/lib/python3.6/site-packages/airflow/example_dags/example_trigger_controller_dag.py for tasks to queue
[2021-06-28 15:35:03,859] {logging_mixin.py:104} INFO - [2021-06-28 15:35:03,859] {dagbag.py:487} INFO - Filling up the DagBag from /home/airflow/.local/lib/python3.6/site-packages/airflow/example_dags/example_trigger_controller_dag.py
[2021-06-28 15:35:03,885] {scheduler_job.py:643} INFO - DAG(s) dict_keys(['example_trigger_controller_dag']) retrieved from /home/airflow/.local/lib/python3.6/site-packages/airflow/example_dags/example_trigger_controller_dag.py
[2021-06-28 15:35:03,926] {logging_mixin.py:104} INFO - [2021-06-28 15:35:03,926] {dag.py:1832} INFO - Sync 1 DAGs
[2021-06-28 15:35:03,963] {logging_mixin.py:104} INFO - [2021-06-28 15:35:03,962] {dag.py:2305} INFO - Setting next_dagrun for example_trigger_controller_dag to 2021-06-26 00:00:00+00:00
[2021-06-28 15:35:04,050] {scheduler_job.py:190} INFO - Processing /home/airflow/.local/lib/python3.6/site-packages/airflow/example_dags/example_trigger_controller_dag.py took 0.200 seconds
[2021-06-28 15:35:35,606] {scheduler_job.py:182} INFO - Started process (PID=248) to work on /home/airflow/.local/lib/python3.6/site-packages/airflow/example_dags/example_trigger_controller_dag.py
[2021-06-28 15:35:35,608] {scheduler_job.py:633} INFO - Processing file /home/airflow/.local/lib/python3.6/site-packages/airflow/example_dags/example_trigger_controller_dag.py for tasks to queue
[2021-06-28 15:35:35,612] {logging_mixin.py:104} INFO - [2021-06-28 15:35:35,611] {dagbag.py:487} INFO - Filling up the DagBag from /home/airflow/.local/lib/python3.6/site-packages/airflow/example_dags/example_trigger_controller_dag.py
[2021-06-28 15:35:35,691] {scheduler_job.py:643} INFO - DAG(s) dict_keys(['example_trigger_controller_dag']) retrieved from /home/airflow/.local/lib/python3.6/site-packages/airflow/example_dags/example_trigger_controller_dag.py
[2021-06-28 15:35:35,905] {logging_mixin.py:104} INFO - [2021-06-28 15:35:35,905] {dag.py:1832} INFO - Sync 1 DAGs
[2021-06-28 15:35:35,972] {logging_mixin.py:104} INFO - [2021-06-28 15:35:35,971] {dag.py:2305} INFO - Setting next_dagrun for example_trigger_controller_dag to 2021-06-26 00:00:00+00:00
[2021-06-28 15:35:36,015] {scheduler_job.py:190} INFO - Processing /home/airflow/.local/lib/python3.6/site-packages/airflow/example_dags/example_trigger_controller_dag.py took 0.414 seconds
[2021-06-28 15:36:06,611] {scheduler_job.py:182} INFO - Started process (PID=308) to work on /home/airflow/.local/lib/python3.6/site-packages/airflow/example_dags/example_trigger_controller_dag.py
[2021-06-28 15:36:06,613] {scheduler_job.py:633} INFO - Processing file /home/airflow/.local/lib/python3.6/site-packages/airflow/example_dags/example_trigger_controller_dag.py for tasks to queue
[2021-06-28 15:36:06,614] {logging_mixin.py:104} INFO - [2021-06-28 15:36:06,614] {dagbag.py:487} INFO - Filling up the DagBag from /home/airflow/.local/lib/python3.6/site-packages/airflow/example_dags/example_trigger_controller_dag.py
[2021-06-28 15:36:06,631] {scheduler_job.py:643} INFO - DAG(s) dict_keys(['example_trigger_controller_dag']) retrieved from /home/airflow/.local/lib/python3.6/site-packages/airflow/example_dags/example_trigger_controller_dag.py
[2021-06-28 15:36:06,668] {logging_mixin.py:104} INFO - [2021-06-28 15:36:06,667] {dag.py:1832} INFO - Sync 1 DAGs
[2021-06-28 15:36:06,716] {logging_mixin.py:104} INFO - [2021-06-28 15:36:06,716] {dag.py:2305} INFO - Setting next_dagrun for example_trigger_controller_dag to 2021-06-26 00:00:00+00:00
[2021-06-28 15:36:06,764] {scheduler_job.py:190} INFO - Processing /home/airflow/.local/lib/python3.6/site-packages/airflow/example_dags/example_trigger_controller_dag.py took 0.158 seconds
[2021-06-28 15:36:37,314] {scheduler_job.py:182} INFO - Started process (PID=368) to work on /home/airflow/.local/lib/python3.6/site-packages/airflow/example_dags/example_trigger_controller_dag.py
[2021-06-28 15:36:37,316] {scheduler_job.py:633} INFO - Processing file /home/airflow/.local/lib/python3.6/site-packages/airflow/example_dags/example_trigger_controller_dag.py for tasks to queue
[2021-06-28 15:36:37,319] {logging_mixin.py:104} INFO - [2021-06-28 15:36:37,318] {dagbag.py:487} INFO - Filling up the DagBag from /home/airflow/.local/lib/python3.6/site-packages/airflow/example_dags/example_trigger_controller_dag.py
[2021-06-28 15:36:37,341] {scheduler_job.py:643} INFO - DAG(s) dict_keys(['example_trigger_controller_dag']) retrieved from /home/airflow/.local/lib/python3.6/site-packages/airflow/example_dags/example_trigger_controller_dag.py
[2021-06-28 15:36:37,395] {logging_mixin.py:104} INFO - [2021-06-28 15:36:37,395] {dag.py:1832} INFO - Sync 1 DAGs
[2021-06-28 15:36:37,444] {logging_mixin.py:104} INFO - [2021-06-28 15:36:37,444] {dag.py:2305} INFO - Setting next_dagrun for example_trigger_controller_dag to 2021-06-26 00:00:00+00:00
[2021-06-28 15:36:37,466] {scheduler_job.py:190} INFO - Processing /home/airflow/.local/lib/python3.6/site-packages/airflow/example_dags/example_trigger_controller_dag.py took 0.156 seconds
[2021-06-28 15:37:07,613] {scheduler_job.py:182} INFO - Started process (PID=427) to work on /home/airflow/.local/lib/python3.6/site-packages/airflow/example_dags/example_trigger_controller_dag.py
[2021-06-28 15:37:07,615] {scheduler_job.py:633} INFO - Processing file /home/airflow/.local/lib/python3.6/site-packages/airflow/example_dags/example_trigger_controller_dag.py for tasks to queue
[2021-06-28 15:37:07,616] {logging_mixin.py:104} INFO - [2021-06-28 15:37:07,616] {dagbag.py:487} INFO - Filling up the DagBag from /home/airflow/.local/lib/python3.6/site-packages/airflow/example_dags/example_trigger_controller_dag.py
[2021-06-28 15:37:07,641] {scheduler_job.py:643} INFO - DAG(s) dict_keys(['example_trigger_controller_dag']) retrieved from /home/airflow/.local/lib/python3.6/site-packages/airflow/example_dags/example_trigger_controller_dag.py
[2021-06-28 15:37:07,689] {logging_mixin.py:104} INFO - [2021-06-28 15:37:07,689] {dag.py:1832} INFO - Sync 1 DAGs
[2021-06-28 15:37:07,740] {logging_mixin.py:104} INFO - [2021-06-28 15:37:07,739] {dag.py:2305} INFO - Setting next_dagrun for example_trigger_controller_dag to 2021-06-26 00:00:00+00:00
[2021-06-28 15:37:07,790] {scheduler_job.py:190} INFO - Processing /home/airflow/.local/lib/python3.6/site-packages/airflow/example_dags/example_trigger_controller_dag.py took 0.183 seconds
[2021-06-28 15:37:38,008] {scheduler_job.py:182} INFO - Started process (PID=485) to work on /home/airflow/.local/lib/python3.6/site-packages/airflow/example_dags/example_trigger_controller_dag.py
[2021-06-28 15:37:38,013] {scheduler_job.py:633} INFO - Processing file /home/airflow/.local/lib/python3.6/site-packages/airflow/example_dags/example_trigger_controller_dag.py for tasks to queue
[2021-06-28 15:37:38,019] {logging_mixin.py:104} INFO - [2021-06-28 15:37:38,018] {dagbag.py:487} INFO - Filling up the DagBag from /home/airflow/.local/lib/python3.6/site-packages/airflow/example_dags/example_trigger_controller_dag.py
[2021-06-28 15:37:38,037] {scheduler_job.py:643} INFO - DAG(s) dict_keys(['example_trigger_controller_dag']) retrieved from /home/airflow/.local/lib/python3.6/site-packages/airflow/example_dags/example_trigger_controller_dag.py
[2021-06-28 15:37:38,085] {logging_mixin.py:104} INFO - [2021-06-28 15:37:38,085] {dag.py:1832} INFO - Sync 1 DAGs
[2021-06-28 15:37:38,113] {logging_mixin.py:104} INFO - [2021-06-28 15:37:38,113] {dag.py:2305} INFO - Setting next_dagrun for example_trigger_controller_dag to 2021-06-26 00:00:00+00:00
[2021-06-28 15:37:38,153] {scheduler_job.py:190} INFO - Processing /home/airflow/.local/lib/python3.6/site-packages/airflow/example_dags/example_trigger_controller_dag.py took 0.151 seconds
[2021-06-28 15:38:09,709] {scheduler_job.py:182} INFO - Started process (PID=559) to work on /home/airflow/.local/lib/python3.6/site-packages/airflow/example_dags/example_trigger_controller_dag.py
[2021-06-28 15:38:09,711] {scheduler_job.py:633} INFO - Processing file /home/airflow/.local/lib/python3.6/site-packages/airflow/example_dags/example_trigger_controller_dag.py for tasks to queue
[2021-06-28 15:38:09,718] {logging_mixin.py:104} INFO - [2021-06-28 15:38:09,717] {dagbag.py:487} INFO - Filling up the DagBag from /home/airflow/.local/lib/python3.6/site-packages/airflow/example_dags/example_trigger_controller_dag.py
[2021-06-28 15:38:09,753] {scheduler_job.py:643} INFO - DAG(s) dict_keys(['example_trigger_controller_dag']) retrieved from /home/airflow/.local/lib/python3.6/site-packages/airflow/example_dags/example_trigger_controller_dag.py
[2021-06-28 15:38:09,898] {logging_mixin.py:104} INFO - [2021-06-28 15:38:09,898] {dag.py:1832} INFO - Sync 1 DAGs
[2021-06-28 15:38:09,960] {logging_mixin.py:104} INFO - [2021-06-28 15:38:09,960] {dag.py:2305} INFO - Setting next_dagrun for example_trigger_controller_dag to 2021-06-26 00:00:00+00:00
[2021-06-28 15:38:10,015] {scheduler_job.py:190} INFO - Processing /home/airflow/.local/lib/python3.6/site-packages/airflow/example_dags/example_trigger_controller_dag.py took 0.314 seconds
[2021-06-28 15:38:40,132] {scheduler_job.py:182} INFO - Started process (PID=626) to work on /home/airflow/.local/lib/python3.6/site-packages/airflow/example_dags/example_trigger_controller_dag.py
[2021-06-28 15:38:40,137] {scheduler_job.py:633} INFO - Processing file /home/airflow/.local/lib/python3.6/site-packages/airflow/example_dags/example_trigger_controller_dag.py for tasks to queue
[2021-06-28 15:38:40,138] {logging_mixin.py:104} INFO - [2021-06-28 15:38:40,138] {dagbag.py:487} INFO - Filling up the DagBag from /home/airflow/.local/lib/python3.6/site-packages/airflow/example_dags/example_trigger_controller_dag.py
[2021-06-28 15:38:40,156] {scheduler_job.py:643} INFO - DAG(s) dict_keys(['example_trigger_controller_dag']) retrieved from /home/airflow/.local/lib/python3.6/site-packages/airflow/example_dags/example_trigger_controller_dag.py
[2021-06-28 15:38:40,243] {logging_mixin.py:104} INFO - [2021-06-28 15:38:40,243] {dag.py:1832} INFO - Sync 1 DAGs
[2021-06-28 15:38:40,304] {logging_mixin.py:104} INFO - [2021-06-28 15:38:40,303] {dag.py:2305} INFO - Setting next_dagrun for example_trigger_controller_dag to 2021-06-26 00:00:00+00:00
[2021-06-28 15:38:40,368] {scheduler_job.py:190} INFO - Processing /home/airflow/.local/lib/python3.6/site-packages/airflow/example_dags/example_trigger_controller_dag.py took 0.243 seconds
[2021-06-28 15:39:10,550] {scheduler_job.py:182} INFO - Started process (PID=689) to work on /home/airflow/.local/lib/python3.6/site-packages/airflow/example_dags/example_trigger_controller_dag.py
[2021-06-28 15:39:10,553] {scheduler_job.py:633} INFO - Processing file /home/airflow/.local/lib/python3.6/site-packages/airflow/example_dags/example_trigger_controller_dag.py for tasks to queue
[2021-06-28 15:39:10,555] {logging_mixin.py:104} INFO - [2021-06-28 15:39:10,554] {dagbag.py:487} INFO - Filling up the DagBag from /home/airflow/.local/lib/python3.6/site-packages/airflow/example_dags/example_trigger_controller_dag.py
[2021-06-28 15:39:10,571] {scheduler_job.py:643} INFO - DAG(s) dict_keys(['example_trigger_controller_dag']) retrieved from /home/airflow/.local/lib/python3.6/site-packages/airflow/example_dags/example_trigger_controller_dag.py
[2021-06-28 15:39:10,605] {logging_mixin.py:104} INFO - [2021-06-28 15:39:10,605] {dag.py:1832} INFO - Sync 1 DAGs
[2021-06-28 15:39:10,647] {logging_mixin.py:104} INFO - [2021-06-28 15:39:10,647] {dag.py:2305} INFO - Setting next_dagrun for example_trigger_controller_dag to 2021-06-26 00:00:00+00:00
[2021-06-28 15:39:10,695] {scheduler_job.py:190} INFO - Processing /home/airflow/.local/lib/python3.6/site-packages/airflow/example_dags/example_trigger_controller_dag.py took 0.150 seconds
[2021-06-28 15:39:41,252] {scheduler_job.py:182} INFO - Started process (PID=765) to work on /home/airflow/.local/lib/python3.6/site-packages/airflow/example_dags/example_trigger_controller_dag.py
[2021-06-28 15:39:41,254] {scheduler_job.py:633} INFO - Processing file /home/airflow/.local/lib/python3.6/site-packages/airflow/example_dags/example_trigger_controller_dag.py for tasks to queue
[2021-06-28 15:39:41,256] {logging_mixin.py:104} INFO - [2021-06-28 15:39:41,256] {dagbag.py:487} INFO - Filling up the DagBag from /home/airflow/.local/lib/python3.6/site-packages/airflow/example_dags/example_trigger_controller_dag.py
[2021-06-28 15:39:41,289] {scheduler_job.py:643} INFO - DAG(s) dict_keys(['example_trigger_controller_dag']) retrieved from /home/airflow/.local/lib/python3.6/site-packages/airflow/example_dags/example_trigger_controller_dag.py
[2021-06-28 15:39:41,336] {logging_mixin.py:104} INFO - [2021-06-28 15:39:41,335] {dag.py:1832} INFO - Sync 1 DAGs
[2021-06-28 15:39:41,382] {logging_mixin.py:104} INFO - [2021-06-28 15:39:41,381] {dag.py:2305} INFO - Setting next_dagrun for example_trigger_controller_dag to 2021-06-26 00:00:00+00:00
[2021-06-28 15:39:41,407] {scheduler_job.py:190} INFO - Processing /home/airflow/.local/lib/python3.6/site-packages/airflow/example_dags/example_trigger_controller_dag.py took 0.155 seconds
[2021-06-28 15:40:11,934] {scheduler_job.py:182} INFO - Started process (PID=828) to work on /home/airflow/.local/lib/python3.6/site-packages/airflow/example_dags/example_trigger_controller_dag.py
[2021-06-28 15:40:11,935] {scheduler_job.py:633} INFO - Processing file /home/airflow/.local/lib/python3.6/site-packages/airflow/example_dags/example_trigger_controller_dag.py for tasks to queue
[2021-06-28 15:40:11,936] {logging_mixin.py:104} INFO - [2021-06-28 15:40:11,936] {dagbag.py:487} INFO - Filling up the DagBag from /home/airflow/.local/lib/python3.6/site-packages/airflow/example_dags/example_trigger_controller_dag.py
[2021-06-28 15:40:11,954] {scheduler_job.py:643} INFO - DAG(s) dict_keys(['example_trigger_controller_dag']) retrieved from /home/airflow/.local/lib/python3.6/site-packages/airflow/example_dags/example_trigger_controller_dag.py
[2021-06-28 15:40:12,000] {logging_mixin.py:104} INFO - [2021-06-28 15:40:12,000] {dag.py:1832} INFO - Sync 1 DAGs
[2021-06-28 15:40:12,020] {logging_mixin.py:104} INFO - [2021-06-28 15:40:12,020] {dag.py:2305} INFO - Setting next_dagrun for example_trigger_controller_dag to 2021-06-26 00:00:00+00:00
[2021-06-28 15:40:12,034] {scheduler_job.py:190} INFO - Processing /home/airflow/.local/lib/python3.6/site-packages/airflow/example_dags/example_trigger_controller_dag.py took 0.105 seconds
[2021-06-28 15:40:42,093] {scheduler_job.py:182} INFO - Started process (PID=890) to work on /home/airflow/.local/lib/python3.6/site-packages/airflow/example_dags/example_trigger_controller_dag.py
[2021-06-28 15:40:42,094] {scheduler_job.py:633} INFO - Processing file /home/airflow/.local/lib/python3.6/site-packages/airflow/example_dags/example_trigger_controller_dag.py for tasks to queue
[2021-06-28 15:40:42,095] {logging_mixin.py:104} INFO - [2021-06-28 15:40:42,095] {dagbag.py:487} INFO - Filling up the DagBag from /home/airflow/.local/lib/python3.6/site-packages/airflow/example_dags/example_trigger_controller_dag.py
[2021-06-28 15:40:42,110] {scheduler_job.py:643} INFO - DAG(s) dict_keys(['example_trigger_controller_dag']) retrieved from /home/airflow/.local/lib/python3.6/site-packages/airflow/example_dags/example_trigger_controller_dag.py
[2021-06-28 15:40:42,143] {logging_mixin.py:104} INFO - [2021-06-28 15:40:42,143] {dag.py:1832} INFO - Sync 1 DAGs
[2021-06-28 15:40:42,168] {logging_mixin.py:104} INFO - [2021-06-28 15:40:42,167] {dag.py:2305} INFO - Setting next_dagrun for example_trigger_controller_dag to 2021-06-26 00:00:00+00:00
[2021-06-28 15:40:42,180] {scheduler_job.py:190} INFO - Processing /home/airflow/.local/lib/python3.6/site-packages/airflow/example_dags/example_trigger_controller_dag.py took 0.096 seconds
[2021-06-28 15:41:12,243] {scheduler_job.py:182} INFO - Started process (PID=948) to work on /home/airflow/.local/lib/python3.6/site-packages/airflow/example_dags/example_trigger_controller_dag.py
[2021-06-28 15:41:12,245] {scheduler_job.py:633} INFO - Processing file /home/airflow/.local/lib/python3.6/site-packages/airflow/example_dags/example_trigger_controller_dag.py for tasks to queue
[2021-06-28 15:41:12,246] {logging_mixin.py:104} INFO - [2021-06-28 15:41:12,246] {dagbag.py:487} INFO - Filling up the DagBag from /home/airflow/.local/lib/python3.6/site-packages/airflow/example_dags/example_trigger_controller_dag.py
[2021-06-28 15:41:12,261] {scheduler_job.py:643} INFO - DAG(s) dict_keys(['example_trigger_controller_dag']) retrieved from /home/airflow/.local/lib/python3.6/site-packages/airflow/example_dags/example_trigger_controller_dag.py
[2021-06-28 15:41:12,291] {logging_mixin.py:104} INFO - [2021-06-28 15:41:12,290] {dag.py:1832} INFO - Sync 1 DAGs
[2021-06-28 15:41:12,315] {logging_mixin.py:104} INFO - [2021-06-28 15:41:12,315] {dag.py:2305} INFO - Setting next_dagrun for example_trigger_controller_dag to 2021-06-26 00:00:00+00:00
[2021-06-28 15:41:12,330] {scheduler_job.py:190} INFO - Processing /home/airflow/.local/lib/python3.6/site-packages/airflow/example_dags/example_trigger_controller_dag.py took 0.094 seconds
[2021-06-28 15:41:42,590] {scheduler_job.py:182} INFO - Started process (PID=1020) to work on /home/airflow/.local/lib/python3.6/site-packages/airflow/example_dags/example_trigger_controller_dag.py
[2021-06-28 15:41:42,592] {scheduler_job.py:633} INFO - Processing file /home/airflow/.local/lib/python3.6/site-packages/airflow/example_dags/example_trigger_controller_dag.py for tasks to queue
[2021-06-28 15:41:42,594] {logging_mixin.py:104} INFO - [2021-06-28 15:41:42,594] {dagbag.py:487} INFO - Filling up the DagBag from /home/airflow/.local/lib/python3.6/site-packages/airflow/example_dags/example_trigger_controller_dag.py
[2021-06-28 15:41:42,613] {scheduler_job.py:643} INFO - DAG(s) dict_keys(['example_trigger_controller_dag']) retrieved from /home/airflow/.local/lib/python3.6/site-packages/airflow/example_dags/example_trigger_controller_dag.py
[2021-06-28 15:41:42,647] {logging_mixin.py:104} INFO - [2021-06-28 15:41:42,647] {dag.py:1832} INFO - Sync 1 DAGs
[2021-06-28 15:41:42,692] {logging_mixin.py:104} INFO - [2021-06-28 15:41:42,692] {dag.py:2305} INFO - Setting next_dagrun for example_trigger_controller_dag to 2021-06-26 00:00:00+00:00
[2021-06-28 15:41:42,719] {scheduler_job.py:190} INFO - Processing /home/airflow/.local/lib/python3.6/site-packages/airflow/example_dags/example_trigger_controller_dag.py took 0.136 seconds
[2021-06-28 15:42:13,023] {scheduler_job.py:182} INFO - Started process (PID=1083) to work on /home/airflow/.local/lib/python3.6/site-packages/airflow/example_dags/example_trigger_controller_dag.py
[2021-06-28 15:42:13,025] {scheduler_job.py:633} INFO - Processing file /home/airflow/.local/lib/python3.6/site-packages/airflow/example_dags/example_trigger_controller_dag.py for tasks to queue
[2021-06-28 15:42:13,035] {logging_mixin.py:104} INFO - [2021-06-28 15:42:13,034] {dagbag.py:487} INFO - Filling up the DagBag from /home/airflow/.local/lib/python3.6/site-packages/airflow/example_dags/example_trigger_controller_dag.py
[2021-06-28 15:42:13,055] {scheduler_job.py:643} INFO - DAG(s) dict_keys(['example_trigger_controller_dag']) retrieved from /home/airflow/.local/lib/python3.6/site-packages/airflow/example_dags/example_trigger_controller_dag.py
[2021-06-28 15:42:13,137] {logging_mixin.py:104} INFO - [2021-06-28 15:42:13,137] {dag.py:1832} INFO - Sync 1 DAGs
[2021-06-28 15:42:13,183] {logging_mixin.py:104} INFO - [2021-06-28 15:42:13,183] {dag.py:2305} INFO - Setting next_dagrun for example_trigger_controller_dag to 2021-06-26 00:00:00+00:00
[2021-06-28 15:42:13,213] {scheduler_job.py:190} INFO - Processing /home/airflow/.local/lib/python3.6/site-packages/airflow/example_dags/example_trigger_controller_dag.py took 0.195 seconds
[2021-06-28 15:42:43,497] {scheduler_job.py:182} INFO - Started process (PID=1143) to work on /home/airflow/.local/lib/python3.6/site-packages/airflow/example_dags/example_trigger_controller_dag.py
[2021-06-28 15:42:43,506] {scheduler_job.py:633} INFO - Processing file /home/airflow/.local/lib/python3.6/site-packages/airflow/example_dags/example_trigger_controller_dag.py for tasks to queue
[2021-06-28 15:42:43,507] {logging_mixin.py:104} INFO - [2021-06-28 15:42:43,507] {dagbag.py:487} INFO - Filling up the DagBag from /home/airflow/.local/lib/python3.6/site-packages/airflow/example_dags/example_trigger_controller_dag.py
[2021-06-28 15:42:43,558] {scheduler_job.py:643} INFO - DAG(s) dict_keys(['example_trigger_controller_dag']) retrieved from /home/airflow/.local/lib/python3.6/site-packages/airflow/example_dags/example_trigger_controller_dag.py
[2021-06-28 15:42:43,647] {logging_mixin.py:104} INFO - [2021-06-28 15:42:43,647] {dag.py:1832} INFO - Sync 1 DAGs
[2021-06-28 15:42:43,697] {logging_mixin.py:104} INFO - [2021-06-28 15:42:43,695] {dag.py:2305} INFO - Setting next_dagrun for example_trigger_controller_dag to 2021-06-26 00:00:00+00:00
[2021-06-28 15:42:43,717] {scheduler_job.py:190} INFO - Processing /home/airflow/.local/lib/python3.6/site-packages/airflow/example_dags/example_trigger_controller_dag.py took 0.227 seconds
[2021-06-28 15:43:13,877] {scheduler_job.py:182} INFO - Started process (PID=1202) to work on /home/airflow/.local/lib/python3.6/site-packages/airflow/example_dags/example_trigger_controller_dag.py
[2021-06-28 15:43:13,878] {scheduler_job.py:633} INFO - Processing file /home/airflow/.local/lib/python3.6/site-packages/airflow/example_dags/example_trigger_controller_dag.py for tasks to queue
[2021-06-28 15:43:13,879] {logging_mixin.py:104} INFO - [2021-06-28 15:43:13,879] {dagbag.py:487} INFO - Filling up the DagBag from /home/airflow/.local/lib/python3.6/site-packages/airflow/example_dags/example_trigger_controller_dag.py
[2021-06-28 15:43:13,896] {scheduler_job.py:643} INFO - DAG(s) dict_keys(['example_trigger_controller_dag']) retrieved from /home/airflow/.local/lib/python3.6/site-packages/airflow/example_dags/example_trigger_controller_dag.py
[2021-06-28 15:43:13,983] {logging_mixin.py:104} INFO - [2021-06-28 15:43:13,983] {dag.py:1832} INFO - Sync 1 DAGs
[2021-06-28 15:43:14,012] {logging_mixin.py:104} INFO - [2021-06-28 15:43:14,012] {dag.py:2305} INFO - Setting next_dagrun for example_trigger_controller_dag to 2021-06-26 00:00:00+00:00
[2021-06-28 15:43:14,053] {scheduler_job.py:190} INFO - Processing /home/airflow/.local/lib/python3.6/site-packages/airflow/example_dags/example_trigger_controller_dag.py took 0.180 seconds
[2021-06-28 15:43:44,413] {scheduler_job.py:182} INFO - Started process (PID=1269) to work on /home/airflow/.local/lib/python3.6/site-packages/airflow/example_dags/example_trigger_controller_dag.py
[2021-06-28 15:43:44,414] {scheduler_job.py:633} INFO - Processing file /home/airflow/.local/lib/python3.6/site-packages/airflow/example_dags/example_trigger_controller_dag.py for tasks to queue
[2021-06-28 15:43:44,416] {logging_mixin.py:104} INFO - [2021-06-28 15:43:44,416] {dagbag.py:487} INFO - Filling up the DagBag from /home/airflow/.local/lib/python3.6/site-packages/airflow/example_dags/example_trigger_controller_dag.py
[2021-06-28 15:43:44,454] {scheduler_job.py:643} INFO - DAG(s) dict_keys(['example_trigger_controller_dag']) retrieved from /home/airflow/.local/lib/python3.6/site-packages/airflow/example_dags/example_trigger_controller_dag.py
[2021-06-28 15:43:44,520] {logging_mixin.py:104} INFO - [2021-06-28 15:43:44,519] {dag.py:1832} INFO - Sync 1 DAGs
[2021-06-28 15:43:44,581] {logging_mixin.py:104} INFO - [2021-06-28 15:43:44,579] {dag.py:2305} INFO - Setting next_dagrun for example_trigger_controller_dag to 2021-06-26 00:00:00+00:00
[2021-06-28 15:43:44,616] {scheduler_job.py:190} INFO - Processing /home/airflow/.local/lib/python3.6/site-packages/airflow/example_dags/example_trigger_controller_dag.py took 0.219 seconds
[2021-06-28 15:44:14,923] {scheduler_job.py:182} INFO - Started process (PID=1329) to work on /home/airflow/.local/lib/python3.6/site-packages/airflow/example_dags/example_trigger_controller_dag.py
[2021-06-28 15:44:14,925] {scheduler_job.py:633} INFO - Processing file /home/airflow/.local/lib/python3.6/site-packages/airflow/example_dags/example_trigger_controller_dag.py for tasks to queue
[2021-06-28 15:44:14,927] {logging_mixin.py:104} INFO - [2021-06-28 15:44:14,926] {dagbag.py:487} INFO - Filling up the DagBag from /home/airflow/.local/lib/python3.6/site-packages/airflow/example_dags/example_trigger_controller_dag.py
[2021-06-28 15:44:14,973] {scheduler_job.py:643} INFO - DAG(s) dict_keys(['example_trigger_controller_dag']) retrieved from /home/airflow/.local/lib/python3.6/site-packages/airflow/example_dags/example_trigger_controller_dag.py
[2021-06-28 15:44:15,052] {logging_mixin.py:104} INFO - [2021-06-28 15:44:15,052] {dag.py:1832} INFO - Sync 1 DAGs
[2021-06-28 15:44:15,091] {logging_mixin.py:104} INFO - [2021-06-28 15:44:15,090] {dag.py:2305} INFO - Setting next_dagrun for example_trigger_controller_dag to 2021-06-26 00:00:00+00:00
[2021-06-28 15:44:15,124] {scheduler_job.py:190} INFO - Processing /home/airflow/.local/lib/python3.6/site-packages/airflow/example_dags/example_trigger_controller_dag.py took 0.217 seconds
