[2021-06-28 15:16:28,542] {scheduler_job.py:182} INFO - Started process (PID=108) to work on /home/airflow/.local/lib/python3.6/site-packages/airflow/example_dags/example_task_group_decorator.py
[2021-06-28 15:16:28,544] {scheduler_job.py:633} INFO - Processing file /home/airflow/.local/lib/python3.6/site-packages/airflow/example_dags/example_task_group_decorator.py for tasks to queue
[2021-06-28 15:16:28,545] {logging_mixin.py:104} INFO - [2021-06-28 15:16:28,545] {dagbag.py:487} INFO - Filling up the DagBag from /home/airflow/.local/lib/python3.6/site-packages/airflow/example_dags/example_task_group_decorator.py
[2021-06-28 15:16:28,640] {scheduler_job.py:643} INFO - DAG(s) dict_keys(['example_task_group_decorator']) retrieved from /home/airflow/.local/lib/python3.6/site-packages/airflow/example_dags/example_task_group_decorator.py
[2021-06-28 15:16:29,698] {logging_mixin.py:104} INFO - [2021-06-28 15:16:29,697] {dag.py:1832} INFO - Sync 1 DAGs
[2021-06-28 15:16:29,729] {logging_mixin.py:104} INFO - [2021-06-28 15:16:29,729] {dag.py:2305} INFO - Setting next_dagrun for example_task_group_decorator to 2021-06-26 00:00:00+00:00
[2021-06-28 15:16:29,801] {scheduler_job.py:190} INFO - Processing /home/airflow/.local/lib/python3.6/site-packages/airflow/example_dags/example_task_group_decorator.py took 1.274 seconds
[2021-06-28 15:16:59,893] {scheduler_job.py:182} INFO - Started process (PID=166) to work on /home/airflow/.local/lib/python3.6/site-packages/airflow/example_dags/example_task_group_decorator.py
[2021-06-28 15:16:59,917] {scheduler_job.py:633} INFO - Processing file /home/airflow/.local/lib/python3.6/site-packages/airflow/example_dags/example_task_group_decorator.py for tasks to queue
[2021-06-28 15:16:59,919] {logging_mixin.py:104} INFO - [2021-06-28 15:16:59,919] {dagbag.py:487} INFO - Filling up the DagBag from /home/airflow/.local/lib/python3.6/site-packages/airflow/example_dags/example_task_group_decorator.py
[2021-06-28 15:16:59,997] {scheduler_job.py:643} INFO - DAG(s) dict_keys(['example_task_group_decorator']) retrieved from /home/airflow/.local/lib/python3.6/site-packages/airflow/example_dags/example_task_group_decorator.py
[2021-06-28 15:17:00,677] {logging_mixin.py:104} INFO - [2021-06-28 15:17:00,677] {dag.py:1832} INFO - Sync 1 DAGs
[2021-06-28 15:17:00,699] {logging_mixin.py:104} INFO - [2021-06-28 15:17:00,699] {dag.py:2305} INFO - Setting next_dagrun for example_task_group_decorator to 2021-06-26 00:00:00+00:00
[2021-06-28 15:17:00,728] {scheduler_job.py:190} INFO - Processing /home/airflow/.local/lib/python3.6/site-packages/airflow/example_dags/example_task_group_decorator.py took 0.851 seconds
[2021-06-28 15:17:31,473] {scheduler_job.py:182} INFO - Started process (PID=228) to work on /home/airflow/.local/lib/python3.6/site-packages/airflow/example_dags/example_task_group_decorator.py
[2021-06-28 15:17:31,474] {scheduler_job.py:633} INFO - Processing file /home/airflow/.local/lib/python3.6/site-packages/airflow/example_dags/example_task_group_decorator.py for tasks to queue
[2021-06-28 15:17:31,476] {logging_mixin.py:104} INFO - [2021-06-28 15:17:31,476] {dagbag.py:487} INFO - Filling up the DagBag from /home/airflow/.local/lib/python3.6/site-packages/airflow/example_dags/example_task_group_decorator.py
[2021-06-28 15:17:31,511] {scheduler_job.py:643} INFO - DAG(s) dict_keys(['example_task_group_decorator']) retrieved from /home/airflow/.local/lib/python3.6/site-packages/airflow/example_dags/example_task_group_decorator.py
[2021-06-28 15:17:31,834] {logging_mixin.py:104} INFO - [2021-06-28 15:17:31,834] {dag.py:1832} INFO - Sync 1 DAGs
[2021-06-28 15:17:31,852] {logging_mixin.py:104} INFO - [2021-06-28 15:17:31,852] {dag.py:2305} INFO - Setting next_dagrun for example_task_group_decorator to 2021-06-26 00:00:00+00:00
[2021-06-28 15:17:31,868] {scheduler_job.py:190} INFO - Processing /home/airflow/.local/lib/python3.6/site-packages/airflow/example_dags/example_task_group_decorator.py took 0.399 seconds
[2021-06-28 15:18:02,843] {scheduler_job.py:182} INFO - Started process (PID=289) to work on /home/airflow/.local/lib/python3.6/site-packages/airflow/example_dags/example_task_group_decorator.py
[2021-06-28 15:18:02,847] {scheduler_job.py:633} INFO - Processing file /home/airflow/.local/lib/python3.6/site-packages/airflow/example_dags/example_task_group_decorator.py for tasks to queue
[2021-06-28 15:18:02,850] {logging_mixin.py:104} INFO - [2021-06-28 15:18:02,850] {dagbag.py:487} INFO - Filling up the DagBag from /home/airflow/.local/lib/python3.6/site-packages/airflow/example_dags/example_task_group_decorator.py
[2021-06-28 15:18:02,898] {scheduler_job.py:643} INFO - DAG(s) dict_keys(['example_task_group_decorator']) retrieved from /home/airflow/.local/lib/python3.6/site-packages/airflow/example_dags/example_task_group_decorator.py
[2021-06-28 15:18:03,318] {logging_mixin.py:104} INFO - [2021-06-28 15:18:03,318] {dag.py:1832} INFO - Sync 1 DAGs
[2021-06-28 15:18:03,334] {logging_mixin.py:104} INFO - [2021-06-28 15:18:03,334] {dag.py:2305} INFO - Setting next_dagrun for example_task_group_decorator to 2021-06-26 00:00:00+00:00
[2021-06-28 15:18:03,350] {scheduler_job.py:190} INFO - Processing /home/airflow/.local/lib/python3.6/site-packages/airflow/example_dags/example_task_group_decorator.py took 0.512 seconds
[2021-06-28 15:18:34,278] {scheduler_job.py:182} INFO - Started process (PID=366) to work on /home/airflow/.local/lib/python3.6/site-packages/airflow/example_dags/example_task_group_decorator.py
[2021-06-28 15:18:34,279] {scheduler_job.py:633} INFO - Processing file /home/airflow/.local/lib/python3.6/site-packages/airflow/example_dags/example_task_group_decorator.py for tasks to queue
[2021-06-28 15:18:34,280] {logging_mixin.py:104} INFO - [2021-06-28 15:18:34,280] {dagbag.py:487} INFO - Filling up the DagBag from /home/airflow/.local/lib/python3.6/site-packages/airflow/example_dags/example_task_group_decorator.py
[2021-06-28 15:18:34,306] {scheduler_job.py:643} INFO - DAG(s) dict_keys(['example_task_group_decorator']) retrieved from /home/airflow/.local/lib/python3.6/site-packages/airflow/example_dags/example_task_group_decorator.py
[2021-06-28 15:18:34,753] {logging_mixin.py:104} INFO - [2021-06-28 15:18:34,753] {dag.py:1832} INFO - Sync 1 DAGs
[2021-06-28 15:18:34,767] {logging_mixin.py:104} INFO - [2021-06-28 15:18:34,767] {dag.py:2305} INFO - Setting next_dagrun for example_task_group_decorator to 2021-06-26 00:00:00+00:00
[2021-06-28 15:18:34,785] {scheduler_job.py:190} INFO - Processing /home/airflow/.local/lib/python3.6/site-packages/airflow/example_dags/example_task_group_decorator.py took 0.510 seconds
[2021-06-28 15:19:05,566] {scheduler_job.py:182} INFO - Started process (PID=426) to work on /home/airflow/.local/lib/python3.6/site-packages/airflow/example_dags/example_task_group_decorator.py
[2021-06-28 15:19:05,571] {scheduler_job.py:633} INFO - Processing file /home/airflow/.local/lib/python3.6/site-packages/airflow/example_dags/example_task_group_decorator.py for tasks to queue
[2021-06-28 15:19:05,580] {logging_mixin.py:104} INFO - [2021-06-28 15:19:05,580] {dagbag.py:487} INFO - Filling up the DagBag from /home/airflow/.local/lib/python3.6/site-packages/airflow/example_dags/example_task_group_decorator.py
[2021-06-28 15:19:05,663] {scheduler_job.py:643} INFO - DAG(s) dict_keys(['example_task_group_decorator']) retrieved from /home/airflow/.local/lib/python3.6/site-packages/airflow/example_dags/example_task_group_decorator.py
[2021-06-28 15:19:06,236] {logging_mixin.py:104} INFO - [2021-06-28 15:19:06,236] {dag.py:1832} INFO - Sync 1 DAGs
[2021-06-28 15:19:06,253] {logging_mixin.py:104} INFO - [2021-06-28 15:19:06,252] {dag.py:2305} INFO - Setting next_dagrun for example_task_group_decorator to 2021-06-26 00:00:00+00:00
[2021-06-28 15:19:06,273] {scheduler_job.py:190} INFO - Processing /home/airflow/.local/lib/python3.6/site-packages/airflow/example_dags/example_task_group_decorator.py took 0.712 seconds
[2021-06-28 15:19:36,700] {scheduler_job.py:182} INFO - Started process (PID=484) to work on /home/airflow/.local/lib/python3.6/site-packages/airflow/example_dags/example_task_group_decorator.py
[2021-06-28 15:19:36,703] {scheduler_job.py:633} INFO - Processing file /home/airflow/.local/lib/python3.6/site-packages/airflow/example_dags/example_task_group_decorator.py for tasks to queue
[2021-06-28 15:19:36,704] {logging_mixin.py:104} INFO - [2021-06-28 15:19:36,703] {dagbag.py:487} INFO - Filling up the DagBag from /home/airflow/.local/lib/python3.6/site-packages/airflow/example_dags/example_task_group_decorator.py
[2021-06-28 15:19:36,781] {scheduler_job.py:643} INFO - DAG(s) dict_keys(['example_task_group_decorator']) retrieved from /home/airflow/.local/lib/python3.6/site-packages/airflow/example_dags/example_task_group_decorator.py
[2021-06-28 15:19:37,753] {logging_mixin.py:104} INFO - [2021-06-28 15:19:37,753] {dag.py:1832} INFO - Sync 1 DAGs
[2021-06-28 15:19:37,798] {logging_mixin.py:104} INFO - [2021-06-28 15:19:37,798] {dag.py:2305} INFO - Setting next_dagrun for example_task_group_decorator to 2021-06-26 00:00:00+00:00
[2021-06-28 15:19:37,896] {scheduler_job.py:190} INFO - Processing /home/airflow/.local/lib/python3.6/site-packages/airflow/example_dags/example_task_group_decorator.py took 1.210 seconds
[2021-06-28 15:20:08,640] {scheduler_job.py:182} INFO - Started process (PID=547) to work on /home/airflow/.local/lib/python3.6/site-packages/airflow/example_dags/example_task_group_decorator.py
[2021-06-28 15:20:08,664] {scheduler_job.py:633} INFO - Processing file /home/airflow/.local/lib/python3.6/site-packages/airflow/example_dags/example_task_group_decorator.py for tasks to queue
[2021-06-28 15:20:08,667] {logging_mixin.py:104} INFO - [2021-06-28 15:20:08,667] {dagbag.py:487} INFO - Filling up the DagBag from /home/airflow/.local/lib/python3.6/site-packages/airflow/example_dags/example_task_group_decorator.py
[2021-06-28 15:20:09,386] {scheduler_job.py:643} INFO - DAG(s) dict_keys(['example_task_group_decorator']) retrieved from /home/airflow/.local/lib/python3.6/site-packages/airflow/example_dags/example_task_group_decorator.py
[2021-06-28 15:20:11,479] {logging_mixin.py:104} INFO - [2021-06-28 15:20:11,479] {dag.py:1832} INFO - Sync 1 DAGs
[2021-06-28 15:20:11,549] {logging_mixin.py:104} INFO - [2021-06-28 15:20:11,549] {dag.py:2305} INFO - Setting next_dagrun for example_task_group_decorator to 2021-06-26 00:00:00+00:00
[2021-06-28 15:20:11,650] {scheduler_job.py:190} INFO - Processing /home/airflow/.local/lib/python3.6/site-packages/airflow/example_dags/example_task_group_decorator.py took 3.017 seconds
[2021-06-28 15:20:41,808] {scheduler_job.py:182} INFO - Started process (PID=610) to work on /home/airflow/.local/lib/python3.6/site-packages/airflow/example_dags/example_task_group_decorator.py
[2021-06-28 15:20:41,811] {scheduler_job.py:633} INFO - Processing file /home/airflow/.local/lib/python3.6/site-packages/airflow/example_dags/example_task_group_decorator.py for tasks to queue
[2021-06-28 15:20:41,812] {logging_mixin.py:104} INFO - [2021-06-28 15:20:41,812] {dagbag.py:487} INFO - Filling up the DagBag from /home/airflow/.local/lib/python3.6/site-packages/airflow/example_dags/example_task_group_decorator.py
[2021-06-28 15:20:41,852] {scheduler_job.py:643} INFO - DAG(s) dict_keys(['example_task_group_decorator']) retrieved from /home/airflow/.local/lib/python3.6/site-packages/airflow/example_dags/example_task_group_decorator.py
[2021-06-28 15:20:42,430] {logging_mixin.py:104} INFO - [2021-06-28 15:20:42,429] {dag.py:1832} INFO - Sync 1 DAGs
[2021-06-28 15:20:42,466] {logging_mixin.py:104} INFO - [2021-06-28 15:20:42,466] {dag.py:2305} INFO - Setting next_dagrun for example_task_group_decorator to 2021-06-26 00:00:00+00:00
[2021-06-28 15:20:42,518] {scheduler_job.py:190} INFO - Processing /home/airflow/.local/lib/python3.6/site-packages/airflow/example_dags/example_task_group_decorator.py took 0.715 seconds
[2021-06-28 15:21:12,610] {scheduler_job.py:182} INFO - Started process (PID=678) to work on /home/airflow/.local/lib/python3.6/site-packages/airflow/example_dags/example_task_group_decorator.py
[2021-06-28 15:21:12,614] {scheduler_job.py:633} INFO - Processing file /home/airflow/.local/lib/python3.6/site-packages/airflow/example_dags/example_task_group_decorator.py for tasks to queue
[2021-06-28 15:21:12,617] {logging_mixin.py:104} INFO - [2021-06-28 15:21:12,617] {dagbag.py:487} INFO - Filling up the DagBag from /home/airflow/.local/lib/python3.6/site-packages/airflow/example_dags/example_task_group_decorator.py
[2021-06-28 15:21:12,663] {scheduler_job.py:643} INFO - DAG(s) dict_keys(['example_task_group_decorator']) retrieved from /home/airflow/.local/lib/python3.6/site-packages/airflow/example_dags/example_task_group_decorator.py
[2021-06-28 15:21:13,105] {logging_mixin.py:104} INFO - [2021-06-28 15:21:13,105] {dag.py:1832} INFO - Sync 1 DAGs
[2021-06-28 15:21:13,122] {logging_mixin.py:104} INFO - [2021-06-28 15:21:13,122] {dag.py:2305} INFO - Setting next_dagrun for example_task_group_decorator to 2021-06-26 00:00:00+00:00
[2021-06-28 15:21:13,144] {scheduler_job.py:190} INFO - Processing /home/airflow/.local/lib/python3.6/site-packages/airflow/example_dags/example_task_group_decorator.py took 0.538 seconds
[2021-06-28 15:21:43,525] {scheduler_job.py:182} INFO - Started process (PID=742) to work on /home/airflow/.local/lib/python3.6/site-packages/airflow/example_dags/example_task_group_decorator.py
[2021-06-28 15:21:43,536] {scheduler_job.py:633} INFO - Processing file /home/airflow/.local/lib/python3.6/site-packages/airflow/example_dags/example_task_group_decorator.py for tasks to queue
[2021-06-28 15:21:43,538] {logging_mixin.py:104} INFO - [2021-06-28 15:21:43,537] {dagbag.py:487} INFO - Filling up the DagBag from /home/airflow/.local/lib/python3.6/site-packages/airflow/example_dags/example_task_group_decorator.py
[2021-06-28 15:21:43,620] {scheduler_job.py:643} INFO - DAG(s) dict_keys(['example_task_group_decorator']) retrieved from /home/airflow/.local/lib/python3.6/site-packages/airflow/example_dags/example_task_group_decorator.py
[2021-06-28 15:21:43,683] {logging_mixin.py:104} INFO - [2021-06-28 15:21:43,682] {dag.py:1832} INFO - Sync 1 DAGs
[2021-06-28 15:21:43,723] {logging_mixin.py:104} INFO - [2021-06-28 15:21:43,723] {dag.py:2305} INFO - Setting next_dagrun for example_task_group_decorator to 2021-06-26 00:00:00+00:00
[2021-06-28 15:21:43,740] {scheduler_job.py:190} INFO - Processing /home/airflow/.local/lib/python3.6/site-packages/airflow/example_dags/example_task_group_decorator.py took 0.230 seconds
[2021-06-28 15:22:13,979] {scheduler_job.py:182} INFO - Started process (PID=801) to work on /home/airflow/.local/lib/python3.6/site-packages/airflow/example_dags/example_task_group_decorator.py
[2021-06-28 15:22:13,981] {scheduler_job.py:633} INFO - Processing file /home/airflow/.local/lib/python3.6/site-packages/airflow/example_dags/example_task_group_decorator.py for tasks to queue
[2021-06-28 15:22:13,981] {logging_mixin.py:104} INFO - [2021-06-28 15:22:13,981] {dagbag.py:487} INFO - Filling up the DagBag from /home/airflow/.local/lib/python3.6/site-packages/airflow/example_dags/example_task_group_decorator.py
[2021-06-28 15:22:14,008] {scheduler_job.py:643} INFO - DAG(s) dict_keys(['example_task_group_decorator']) retrieved from /home/airflow/.local/lib/python3.6/site-packages/airflow/example_dags/example_task_group_decorator.py
[2021-06-28 15:22:14,320] {logging_mixin.py:104} INFO - [2021-06-28 15:22:14,320] {dag.py:1832} INFO - Sync 1 DAGs
[2021-06-28 15:22:14,334] {logging_mixin.py:104} INFO - [2021-06-28 15:22:14,334] {dag.py:2305} INFO - Setting next_dagrun for example_task_group_decorator to 2021-06-26 00:00:00+00:00
[2021-06-28 15:22:14,348] {scheduler_job.py:190} INFO - Processing /home/airflow/.local/lib/python3.6/site-packages/airflow/example_dags/example_task_group_decorator.py took 0.372 seconds
[2021-06-28 15:22:44,436] {scheduler_job.py:182} INFO - Started process (PID=859) to work on /home/airflow/.local/lib/python3.6/site-packages/airflow/example_dags/example_task_group_decorator.py
[2021-06-28 15:22:44,438] {scheduler_job.py:633} INFO - Processing file /home/airflow/.local/lib/python3.6/site-packages/airflow/example_dags/example_task_group_decorator.py for tasks to queue
[2021-06-28 15:22:44,453] {logging_mixin.py:104} INFO - [2021-06-28 15:22:44,453] {dagbag.py:487} INFO - Filling up the DagBag from /home/airflow/.local/lib/python3.6/site-packages/airflow/example_dags/example_task_group_decorator.py
[2021-06-28 15:22:44,552] {scheduler_job.py:643} INFO - DAG(s) dict_keys(['example_task_group_decorator']) retrieved from /home/airflow/.local/lib/python3.6/site-packages/airflow/example_dags/example_task_group_decorator.py
[2021-06-28 15:22:45,457] {logging_mixin.py:104} INFO - [2021-06-28 15:22:45,457] {dag.py:1832} INFO - Sync 1 DAGs
[2021-06-28 15:22:45,492] {logging_mixin.py:104} INFO - [2021-06-28 15:22:45,492] {dag.py:2305} INFO - Setting next_dagrun for example_task_group_decorator to 2021-06-26 00:00:00+00:00
[2021-06-28 15:22:45,535] {scheduler_job.py:190} INFO - Processing /home/airflow/.local/lib/python3.6/site-packages/airflow/example_dags/example_task_group_decorator.py took 1.123 seconds
[2021-06-28 15:23:15,612] {scheduler_job.py:182} INFO - Started process (PID=919) to work on /home/airflow/.local/lib/python3.6/site-packages/airflow/example_dags/example_task_group_decorator.py
[2021-06-28 15:23:15,624] {scheduler_job.py:633} INFO - Processing file /home/airflow/.local/lib/python3.6/site-packages/airflow/example_dags/example_task_group_decorator.py for tasks to queue
[2021-06-28 15:23:15,625] {logging_mixin.py:104} INFO - [2021-06-28 15:23:15,624] {dagbag.py:487} INFO - Filling up the DagBag from /home/airflow/.local/lib/python3.6/site-packages/airflow/example_dags/example_task_group_decorator.py
[2021-06-28 15:23:15,679] {scheduler_job.py:643} INFO - DAG(s) dict_keys(['example_task_group_decorator']) retrieved from /home/airflow/.local/lib/python3.6/site-packages/airflow/example_dags/example_task_group_decorator.py
[2021-06-28 15:23:15,725] {logging_mixin.py:104} INFO - [2021-06-28 15:23:15,725] {dag.py:1832} INFO - Sync 1 DAGs
[2021-06-28 15:23:15,774] {logging_mixin.py:104} INFO - [2021-06-28 15:23:15,774] {dag.py:2305} INFO - Setting next_dagrun for example_task_group_decorator to 2021-06-26 00:00:00+00:00
[2021-06-28 15:23:15,797] {scheduler_job.py:190} INFO - Processing /home/airflow/.local/lib/python3.6/site-packages/airflow/example_dags/example_task_group_decorator.py took 0.192 seconds
[2021-06-28 15:23:46,367] {scheduler_job.py:182} INFO - Started process (PID=979) to work on /home/airflow/.local/lib/python3.6/site-packages/airflow/example_dags/example_task_group_decorator.py
[2021-06-28 15:23:46,370] {scheduler_job.py:633} INFO - Processing file /home/airflow/.local/lib/python3.6/site-packages/airflow/example_dags/example_task_group_decorator.py for tasks to queue
[2021-06-28 15:23:46,370] {logging_mixin.py:104} INFO - [2021-06-28 15:23:46,370] {dagbag.py:487} INFO - Filling up the DagBag from /home/airflow/.local/lib/python3.6/site-packages/airflow/example_dags/example_task_group_decorator.py
[2021-06-28 15:23:46,404] {scheduler_job.py:643} INFO - DAG(s) dict_keys(['example_task_group_decorator']) retrieved from /home/airflow/.local/lib/python3.6/site-packages/airflow/example_dags/example_task_group_decorator.py
[2021-06-28 15:23:46,836] {logging_mixin.py:104} INFO - [2021-06-28 15:23:46,836] {dag.py:1832} INFO - Sync 1 DAGs
[2021-06-28 15:23:46,864] {logging_mixin.py:104} INFO - [2021-06-28 15:23:46,864] {dag.py:2305} INFO - Setting next_dagrun for example_task_group_decorator to 2021-06-26 00:00:00+00:00
[2021-06-28 15:23:46,877] {scheduler_job.py:190} INFO - Processing /home/airflow/.local/lib/python3.6/site-packages/airflow/example_dags/example_task_group_decorator.py took 0.514 seconds
[2021-06-28 15:24:17,446] {scheduler_job.py:182} INFO - Started process (PID=1040) to work on /home/airflow/.local/lib/python3.6/site-packages/airflow/example_dags/example_task_group_decorator.py
[2021-06-28 15:24:17,448] {scheduler_job.py:633} INFO - Processing file /home/airflow/.local/lib/python3.6/site-packages/airflow/example_dags/example_task_group_decorator.py for tasks to queue
[2021-06-28 15:24:17,448] {logging_mixin.py:104} INFO - [2021-06-28 15:24:17,448] {dagbag.py:487} INFO - Filling up the DagBag from /home/airflow/.local/lib/python3.6/site-packages/airflow/example_dags/example_task_group_decorator.py
[2021-06-28 15:24:17,485] {scheduler_job.py:643} INFO - DAG(s) dict_keys(['example_task_group_decorator']) retrieved from /home/airflow/.local/lib/python3.6/site-packages/airflow/example_dags/example_task_group_decorator.py
[2021-06-28 15:24:17,542] {logging_mixin.py:104} INFO - [2021-06-28 15:24:17,542] {dag.py:1832} INFO - Sync 1 DAGs
[2021-06-28 15:24:17,584] {logging_mixin.py:104} INFO - [2021-06-28 15:24:17,584] {dag.py:2305} INFO - Setting next_dagrun for example_task_group_decorator to 2021-06-26 00:00:00+00:00
[2021-06-28 15:24:17,611] {scheduler_job.py:190} INFO - Processing /home/airflow/.local/lib/python3.6/site-packages/airflow/example_dags/example_task_group_decorator.py took 0.171 seconds
[2021-06-28 15:24:47,917] {scheduler_job.py:182} INFO - Started process (PID=1111) to work on /home/airflow/.local/lib/python3.6/site-packages/airflow/example_dags/example_task_group_decorator.py
[2021-06-28 15:24:47,923] {scheduler_job.py:633} INFO - Processing file /home/airflow/.local/lib/python3.6/site-packages/airflow/example_dags/example_task_group_decorator.py for tasks to queue
[2021-06-28 15:24:47,925] {logging_mixin.py:104} INFO - [2021-06-28 15:24:47,925] {dagbag.py:487} INFO - Filling up the DagBag from /home/airflow/.local/lib/python3.6/site-packages/airflow/example_dags/example_task_group_decorator.py
[2021-06-28 15:24:47,986] {scheduler_job.py:643} INFO - DAG(s) dict_keys(['example_task_group_decorator']) retrieved from /home/airflow/.local/lib/python3.6/site-packages/airflow/example_dags/example_task_group_decorator.py
[2021-06-28 15:24:48,532] {logging_mixin.py:104} INFO - [2021-06-28 15:24:48,532] {dag.py:1832} INFO - Sync 1 DAGs
[2021-06-28 15:24:48,558] {logging_mixin.py:104} INFO - [2021-06-28 15:24:48,557] {dag.py:2305} INFO - Setting next_dagrun for example_task_group_decorator to 2021-06-26 00:00:00+00:00
[2021-06-28 15:24:48,580] {scheduler_job.py:190} INFO - Processing /home/airflow/.local/lib/python3.6/site-packages/airflow/example_dags/example_task_group_decorator.py took 0.671 seconds
[2021-06-28 15:25:18,847] {scheduler_job.py:182} INFO - Started process (PID=1174) to work on /home/airflow/.local/lib/python3.6/site-packages/airflow/example_dags/example_task_group_decorator.py
[2021-06-28 15:25:18,860] {scheduler_job.py:633} INFO - Processing file /home/airflow/.local/lib/python3.6/site-packages/airflow/example_dags/example_task_group_decorator.py for tasks to queue
[2021-06-28 15:25:18,862] {logging_mixin.py:104} INFO - [2021-06-28 15:25:18,861] {dagbag.py:487} INFO - Filling up the DagBag from /home/airflow/.local/lib/python3.6/site-packages/airflow/example_dags/example_task_group_decorator.py
[2021-06-28 15:25:18,951] {scheduler_job.py:643} INFO - DAG(s) dict_keys(['example_task_group_decorator']) retrieved from /home/airflow/.local/lib/python3.6/site-packages/airflow/example_dags/example_task_group_decorator.py
[2021-06-28 15:25:19,482] {logging_mixin.py:104} INFO - [2021-06-28 15:25:19,482] {dag.py:1832} INFO - Sync 1 DAGs
[2021-06-28 15:25:19,499] {logging_mixin.py:104} INFO - [2021-06-28 15:25:19,499] {dag.py:2305} INFO - Setting next_dagrun for example_task_group_decorator to 2021-06-26 00:00:00+00:00
[2021-06-28 15:25:19,515] {scheduler_job.py:190} INFO - Processing /home/airflow/.local/lib/python3.6/site-packages/airflow/example_dags/example_task_group_decorator.py took 0.673 seconds
[2021-06-28 15:25:50,638] {scheduler_job.py:182} INFO - Started process (PID=1234) to work on /home/airflow/.local/lib/python3.6/site-packages/airflow/example_dags/example_task_group_decorator.py
[2021-06-28 15:25:50,640] {scheduler_job.py:633} INFO - Processing file /home/airflow/.local/lib/python3.6/site-packages/airflow/example_dags/example_task_group_decorator.py for tasks to queue
[2021-06-28 15:25:50,641] {logging_mixin.py:104} INFO - [2021-06-28 15:25:50,641] {dagbag.py:487} INFO - Filling up the DagBag from /home/airflow/.local/lib/python3.6/site-packages/airflow/example_dags/example_task_group_decorator.py
[2021-06-28 15:25:50,676] {scheduler_job.py:643} INFO - DAG(s) dict_keys(['example_task_group_decorator']) retrieved from /home/airflow/.local/lib/python3.6/site-packages/airflow/example_dags/example_task_group_decorator.py
[2021-06-28 15:25:51,024] {logging_mixin.py:104} INFO - [2021-06-28 15:25:51,024] {dag.py:1832} INFO - Sync 1 DAGs
[2021-06-28 15:25:51,040] {logging_mixin.py:104} INFO - [2021-06-28 15:25:51,040] {dag.py:2305} INFO - Setting next_dagrun for example_task_group_decorator to 2021-06-26 00:00:00+00:00
[2021-06-28 15:25:51,059] {scheduler_job.py:190} INFO - Processing /home/airflow/.local/lib/python3.6/site-packages/airflow/example_dags/example_task_group_decorator.py took 0.426 seconds
[2021-06-28 15:26:21,544] {scheduler_job.py:182} INFO - Started process (PID=1294) to work on /home/airflow/.local/lib/python3.6/site-packages/airflow/example_dags/example_task_group_decorator.py
[2021-06-28 15:26:21,556] {scheduler_job.py:633} INFO - Processing file /home/airflow/.local/lib/python3.6/site-packages/airflow/example_dags/example_task_group_decorator.py for tasks to queue
[2021-06-28 15:26:21,565] {logging_mixin.py:104} INFO - [2021-06-28 15:26:21,563] {dagbag.py:487} INFO - Filling up the DagBag from /home/airflow/.local/lib/python3.6/site-packages/airflow/example_dags/example_task_group_decorator.py
[2021-06-28 15:26:21,607] {scheduler_job.py:643} INFO - DAG(s) dict_keys(['example_task_group_decorator']) retrieved from /home/airflow/.local/lib/python3.6/site-packages/airflow/example_dags/example_task_group_decorator.py
[2021-06-28 15:26:21,694] {logging_mixin.py:104} INFO - [2021-06-28 15:26:21,694] {dag.py:1832} INFO - Sync 1 DAGs
[2021-06-28 15:26:21,723] {logging_mixin.py:104} INFO - [2021-06-28 15:26:21,723] {dag.py:2305} INFO - Setting next_dagrun for example_task_group_decorator to 2021-06-26 00:00:00+00:00
[2021-06-28 15:26:21,752] {scheduler_job.py:190} INFO - Processing /home/airflow/.local/lib/python3.6/site-packages/airflow/example_dags/example_task_group_decorator.py took 0.215 seconds
[2021-06-28 15:26:52,419] {scheduler_job.py:182} INFO - Started process (PID=1365) to work on /home/airflow/.local/lib/python3.6/site-packages/airflow/example_dags/example_task_group_decorator.py
[2021-06-28 15:26:52,421] {scheduler_job.py:633} INFO - Processing file /home/airflow/.local/lib/python3.6/site-packages/airflow/example_dags/example_task_group_decorator.py for tasks to queue
[2021-06-28 15:26:52,424] {logging_mixin.py:104} INFO - [2021-06-28 15:26:52,423] {dagbag.py:487} INFO - Filling up the DagBag from /home/airflow/.local/lib/python3.6/site-packages/airflow/example_dags/example_task_group_decorator.py
[2021-06-28 15:26:52,496] {scheduler_job.py:643} INFO - DAG(s) dict_keys(['example_task_group_decorator']) retrieved from /home/airflow/.local/lib/python3.6/site-packages/airflow/example_dags/example_task_group_decorator.py
[2021-06-28 15:26:53,177] {logging_mixin.py:104} INFO - [2021-06-28 15:26:53,177] {dag.py:1832} INFO - Sync 1 DAGs
[2021-06-28 15:26:53,201] {logging_mixin.py:104} INFO - [2021-06-28 15:26:53,200] {dag.py:2305} INFO - Setting next_dagrun for example_task_group_decorator to 2021-06-26 00:00:00+00:00
[2021-06-28 15:26:53,236] {scheduler_job.py:190} INFO - Processing /home/airflow/.local/lib/python3.6/site-packages/airflow/example_dags/example_task_group_decorator.py took 0.822 seconds
[2021-06-28 15:27:23,711] {scheduler_job.py:182} INFO - Started process (PID=1428) to work on /home/airflow/.local/lib/python3.6/site-packages/airflow/example_dags/example_task_group_decorator.py
[2021-06-28 15:27:23,713] {scheduler_job.py:633} INFO - Processing file /home/airflow/.local/lib/python3.6/site-packages/airflow/example_dags/example_task_group_decorator.py for tasks to queue
[2021-06-28 15:27:23,715] {logging_mixin.py:104} INFO - [2021-06-28 15:27:23,715] {dagbag.py:487} INFO - Filling up the DagBag from /home/airflow/.local/lib/python3.6/site-packages/airflow/example_dags/example_task_group_decorator.py
[2021-06-28 15:27:23,757] {scheduler_job.py:643} INFO - DAG(s) dict_keys(['example_task_group_decorator']) retrieved from /home/airflow/.local/lib/python3.6/site-packages/airflow/example_dags/example_task_group_decorator.py
[2021-06-28 15:27:24,871] {logging_mixin.py:104} INFO - [2021-06-28 15:27:24,869] {dag.py:1832} INFO - Sync 1 DAGs
[2021-06-28 15:27:24,933] {logging_mixin.py:104} INFO - [2021-06-28 15:27:24,932] {dag.py:2305} INFO - Setting next_dagrun for example_task_group_decorator to 2021-06-26 00:00:00+00:00
[2021-06-28 15:27:24,958] {scheduler_job.py:190} INFO - Processing /home/airflow/.local/lib/python3.6/site-packages/airflow/example_dags/example_task_group_decorator.py took 1.251 seconds
[2021-06-28 15:27:55,111] {scheduler_job.py:182} INFO - Started process (PID=1487) to work on /home/airflow/.local/lib/python3.6/site-packages/airflow/example_dags/example_task_group_decorator.py
[2021-06-28 15:27:55,113] {scheduler_job.py:633} INFO - Processing file /home/airflow/.local/lib/python3.6/site-packages/airflow/example_dags/example_task_group_decorator.py for tasks to queue
[2021-06-28 15:27:55,117] {logging_mixin.py:104} INFO - [2021-06-28 15:27:55,117] {dagbag.py:487} INFO - Filling up the DagBag from /home/airflow/.local/lib/python3.6/site-packages/airflow/example_dags/example_task_group_decorator.py
[2021-06-28 15:27:55,184] {scheduler_job.py:643} INFO - DAG(s) dict_keys(['example_task_group_decorator']) retrieved from /home/airflow/.local/lib/python3.6/site-packages/airflow/example_dags/example_task_group_decorator.py
[2021-06-28 15:27:55,781] {logging_mixin.py:104} INFO - [2021-06-28 15:27:55,780] {dag.py:1832} INFO - Sync 1 DAGs
[2021-06-28 15:27:55,818] {logging_mixin.py:104} INFO - [2021-06-28 15:27:55,818] {dag.py:2305} INFO - Setting next_dagrun for example_task_group_decorator to 2021-06-26 00:00:00+00:00
[2021-06-28 15:27:55,856] {scheduler_job.py:190} INFO - Processing /home/airflow/.local/lib/python3.6/site-packages/airflow/example_dags/example_task_group_decorator.py took 0.751 seconds
[2021-06-28 15:28:26,138] {scheduler_job.py:182} INFO - Started process (PID=1559) to work on /home/airflow/.local/lib/python3.6/site-packages/airflow/example_dags/example_task_group_decorator.py
[2021-06-28 15:28:26,139] {scheduler_job.py:633} INFO - Processing file /home/airflow/.local/lib/python3.6/site-packages/airflow/example_dags/example_task_group_decorator.py for tasks to queue
[2021-06-28 15:28:26,140] {logging_mixin.py:104} INFO - [2021-06-28 15:28:26,140] {dagbag.py:487} INFO - Filling up the DagBag from /home/airflow/.local/lib/python3.6/site-packages/airflow/example_dags/example_task_group_decorator.py
[2021-06-28 15:28:26,224] {scheduler_job.py:643} INFO - DAG(s) dict_keys(['example_task_group_decorator']) retrieved from /home/airflow/.local/lib/python3.6/site-packages/airflow/example_dags/example_task_group_decorator.py
[2021-06-28 15:28:27,383] {logging_mixin.py:104} INFO - [2021-06-28 15:28:27,383] {dag.py:1832} INFO - Sync 1 DAGs
[2021-06-28 15:28:27,460] {logging_mixin.py:104} INFO - [2021-06-28 15:28:27,460] {dag.py:2305} INFO - Setting next_dagrun for example_task_group_decorator to 2021-06-26 00:00:00+00:00
[2021-06-28 15:28:27,501] {scheduler_job.py:190} INFO - Processing /home/airflow/.local/lib/python3.6/site-packages/airflow/example_dags/example_task_group_decorator.py took 1.369 seconds
[2021-06-28 15:28:57,575] {scheduler_job.py:182} INFO - Started process (PID=1620) to work on /home/airflow/.local/lib/python3.6/site-packages/airflow/example_dags/example_task_group_decorator.py
[2021-06-28 15:28:57,580] {scheduler_job.py:633} INFO - Processing file /home/airflow/.local/lib/python3.6/site-packages/airflow/example_dags/example_task_group_decorator.py for tasks to queue
[2021-06-28 15:28:57,585] {logging_mixin.py:104} INFO - [2021-06-28 15:28:57,585] {dagbag.py:487} INFO - Filling up the DagBag from /home/airflow/.local/lib/python3.6/site-packages/airflow/example_dags/example_task_group_decorator.py
[2021-06-28 15:28:57,645] {scheduler_job.py:643} INFO - DAG(s) dict_keys(['example_task_group_decorator']) retrieved from /home/airflow/.local/lib/python3.6/site-packages/airflow/example_dags/example_task_group_decorator.py
[2021-06-28 15:28:57,705] {logging_mixin.py:104} INFO - [2021-06-28 15:28:57,705] {dag.py:1832} INFO - Sync 1 DAGs
[2021-06-28 15:28:57,743] {logging_mixin.py:104} INFO - [2021-06-28 15:28:57,743] {dag.py:2305} INFO - Setting next_dagrun for example_task_group_decorator to 2021-06-26 00:00:00+00:00
[2021-06-28 15:28:57,765] {scheduler_job.py:190} INFO - Processing /home/airflow/.local/lib/python3.6/site-packages/airflow/example_dags/example_task_group_decorator.py took 0.194 seconds
[2021-06-28 15:29:28,154] {scheduler_job.py:182} INFO - Started process (PID=1683) to work on /home/airflow/.local/lib/python3.6/site-packages/airflow/example_dags/example_task_group_decorator.py
[2021-06-28 15:29:28,156] {scheduler_job.py:633} INFO - Processing file /home/airflow/.local/lib/python3.6/site-packages/airflow/example_dags/example_task_group_decorator.py for tasks to queue
[2021-06-28 15:29:28,157] {logging_mixin.py:104} INFO - [2021-06-28 15:29:28,157] {dagbag.py:487} INFO - Filling up the DagBag from /home/airflow/.local/lib/python3.6/site-packages/airflow/example_dags/example_task_group_decorator.py
[2021-06-28 15:29:28,205] {scheduler_job.py:643} INFO - DAG(s) dict_keys(['example_task_group_decorator']) retrieved from /home/airflow/.local/lib/python3.6/site-packages/airflow/example_dags/example_task_group_decorator.py
[2021-06-28 15:29:28,251] {logging_mixin.py:104} INFO - [2021-06-28 15:29:28,250] {dag.py:1832} INFO - Sync 1 DAGs
[2021-06-28 15:29:28,279] {logging_mixin.py:104} INFO - [2021-06-28 15:29:28,279] {dag.py:2305} INFO - Setting next_dagrun for example_task_group_decorator to 2021-06-26 00:00:00+00:00
[2021-06-28 15:29:28,295] {scheduler_job.py:190} INFO - Processing /home/airflow/.local/lib/python3.6/site-packages/airflow/example_dags/example_task_group_decorator.py took 0.146 seconds
[2021-06-28 15:29:58,903] {scheduler_job.py:182} INFO - Started process (PID=1742) to work on /home/airflow/.local/lib/python3.6/site-packages/airflow/example_dags/example_task_group_decorator.py
[2021-06-28 15:29:58,905] {scheduler_job.py:633} INFO - Processing file /home/airflow/.local/lib/python3.6/site-packages/airflow/example_dags/example_task_group_decorator.py for tasks to queue
[2021-06-28 15:29:58,909] {logging_mixin.py:104} INFO - [2021-06-28 15:29:58,909] {dagbag.py:487} INFO - Filling up the DagBag from /home/airflow/.local/lib/python3.6/site-packages/airflow/example_dags/example_task_group_decorator.py
[2021-06-28 15:29:58,965] {scheduler_job.py:643} INFO - DAG(s) dict_keys(['example_task_group_decorator']) retrieved from /home/airflow/.local/lib/python3.6/site-packages/airflow/example_dags/example_task_group_decorator.py
[2021-06-28 15:29:59,801] {logging_mixin.py:104} INFO - [2021-06-28 15:29:59,801] {dag.py:1832} INFO - Sync 1 DAGs
[2021-06-28 15:29:59,857] {logging_mixin.py:104} INFO - [2021-06-28 15:29:59,857] {dag.py:2305} INFO - Setting next_dagrun for example_task_group_decorator to 2021-06-26 00:00:00+00:00
[2021-06-28 15:29:59,932] {scheduler_job.py:190} INFO - Processing /home/airflow/.local/lib/python3.6/site-packages/airflow/example_dags/example_task_group_decorator.py took 1.034 seconds
[2021-06-28 15:30:30,595] {scheduler_job.py:182} INFO - Started process (PID=1804) to work on /home/airflow/.local/lib/python3.6/site-packages/airflow/example_dags/example_task_group_decorator.py
[2021-06-28 15:30:30,597] {scheduler_job.py:633} INFO - Processing file /home/airflow/.local/lib/python3.6/site-packages/airflow/example_dags/example_task_group_decorator.py for tasks to queue
[2021-06-28 15:30:30,598] {logging_mixin.py:104} INFO - [2021-06-28 15:30:30,598] {dagbag.py:487} INFO - Filling up the DagBag from /home/airflow/.local/lib/python3.6/site-packages/airflow/example_dags/example_task_group_decorator.py
[2021-06-28 15:30:30,632] {scheduler_job.py:643} INFO - DAG(s) dict_keys(['example_task_group_decorator']) retrieved from /home/airflow/.local/lib/python3.6/site-packages/airflow/example_dags/example_task_group_decorator.py
[2021-06-28 15:30:31,602] {logging_mixin.py:104} INFO - [2021-06-28 15:30:31,602] {dag.py:1832} INFO - Sync 1 DAGs
[2021-06-28 15:30:31,639] {logging_mixin.py:104} INFO - [2021-06-28 15:30:31,639] {dag.py:2305} INFO - Setting next_dagrun for example_task_group_decorator to 2021-06-26 00:00:00+00:00
[2021-06-28 15:30:31,687] {scheduler_job.py:190} INFO - Processing /home/airflow/.local/lib/python3.6/site-packages/airflow/example_dags/example_task_group_decorator.py took 1.099 seconds
[2021-06-28 15:31:02,358] {scheduler_job.py:182} INFO - Started process (PID=1866) to work on /home/airflow/.local/lib/python3.6/site-packages/airflow/example_dags/example_task_group_decorator.py
[2021-06-28 15:31:02,360] {scheduler_job.py:633} INFO - Processing file /home/airflow/.local/lib/python3.6/site-packages/airflow/example_dags/example_task_group_decorator.py for tasks to queue
[2021-06-28 15:31:02,361] {logging_mixin.py:104} INFO - [2021-06-28 15:31:02,361] {dagbag.py:487} INFO - Filling up the DagBag from /home/airflow/.local/lib/python3.6/site-packages/airflow/example_dags/example_task_group_decorator.py
[2021-06-28 15:31:02,454] {scheduler_job.py:643} INFO - DAG(s) dict_keys(['example_task_group_decorator']) retrieved from /home/airflow/.local/lib/python3.6/site-packages/airflow/example_dags/example_task_group_decorator.py
[2021-06-28 15:31:03,246] {logging_mixin.py:104} INFO - [2021-06-28 15:31:03,246] {dag.py:1832} INFO - Sync 1 DAGs
[2021-06-28 15:31:03,266] {logging_mixin.py:104} INFO - [2021-06-28 15:31:03,266] {dag.py:2305} INFO - Setting next_dagrun for example_task_group_decorator to 2021-06-26 00:00:00+00:00
[2021-06-28 15:31:03,297] {scheduler_job.py:190} INFO - Processing /home/airflow/.local/lib/python3.6/site-packages/airflow/example_dags/example_task_group_decorator.py took 0.944 seconds
[2021-06-28 15:31:33,509] {scheduler_job.py:182} INFO - Started process (PID=1932) to work on /home/airflow/.local/lib/python3.6/site-packages/airflow/example_dags/example_task_group_decorator.py
[2021-06-28 15:31:33,515] {scheduler_job.py:633} INFO - Processing file /home/airflow/.local/lib/python3.6/site-packages/airflow/example_dags/example_task_group_decorator.py for tasks to queue
[2021-06-28 15:31:33,528] {logging_mixin.py:104} INFO - [2021-06-28 15:31:33,528] {dagbag.py:487} INFO - Filling up the DagBag from /home/airflow/.local/lib/python3.6/site-packages/airflow/example_dags/example_task_group_decorator.py
[2021-06-28 15:31:33,682] {scheduler_job.py:643} INFO - DAG(s) dict_keys(['example_task_group_decorator']) retrieved from /home/airflow/.local/lib/python3.6/site-packages/airflow/example_dags/example_task_group_decorator.py
[2021-06-28 15:31:33,731] {logging_mixin.py:104} INFO - [2021-06-28 15:31:33,731] {dag.py:1832} INFO - Sync 1 DAGs
[2021-06-28 15:31:33,781] {logging_mixin.py:104} INFO - [2021-06-28 15:31:33,781] {dag.py:2305} INFO - Setting next_dagrun for example_task_group_decorator to 2021-06-26 00:00:00+00:00
[2021-06-28 15:31:33,834] {scheduler_job.py:190} INFO - Processing /home/airflow/.local/lib/python3.6/site-packages/airflow/example_dags/example_task_group_decorator.py took 0.358 seconds
[2021-06-28 15:33:58,102] {scheduler_job.py:182} INFO - Started process (PID=65) to work on /home/airflow/.local/lib/python3.6/site-packages/airflow/example_dags/example_task_group_decorator.py
[2021-06-28 15:33:58,114] {scheduler_job.py:633} INFO - Processing file /home/airflow/.local/lib/python3.6/site-packages/airflow/example_dags/example_task_group_decorator.py for tasks to queue
[2021-06-28 15:33:58,115] {logging_mixin.py:104} INFO - [2021-06-28 15:33:58,115] {dagbag.py:487} INFO - Filling up the DagBag from /home/airflow/.local/lib/python3.6/site-packages/airflow/example_dags/example_task_group_decorator.py
[2021-06-28 15:33:58,206] {scheduler_job.py:643} INFO - DAG(s) dict_keys(['example_task_group_decorator']) retrieved from /home/airflow/.local/lib/python3.6/site-packages/airflow/example_dags/example_task_group_decorator.py
[2021-06-28 15:33:59,062] {logging_mixin.py:104} INFO - [2021-06-28 15:33:59,061] {dag.py:1832} INFO - Sync 1 DAGs
[2021-06-28 15:33:59,107] {logging_mixin.py:104} INFO - [2021-06-28 15:33:59,107] {dag.py:2305} INFO - Setting next_dagrun for example_task_group_decorator to 2021-06-26 00:00:00+00:00
[2021-06-28 15:33:59,176] {scheduler_job.py:190} INFO - Processing /home/airflow/.local/lib/python3.6/site-packages/airflow/example_dags/example_task_group_decorator.py took 1.079 seconds
[2021-06-28 15:34:31,355] {scheduler_job.py:182} INFO - Started process (PID=120) to work on /home/airflow/.local/lib/python3.6/site-packages/airflow/example_dags/example_task_group_decorator.py
[2021-06-28 15:34:31,358] {scheduler_job.py:633} INFO - Processing file /home/airflow/.local/lib/python3.6/site-packages/airflow/example_dags/example_task_group_decorator.py for tasks to queue
[2021-06-28 15:34:31,359] {logging_mixin.py:104} INFO - [2021-06-28 15:34:31,358] {dagbag.py:487} INFO - Filling up the DagBag from /home/airflow/.local/lib/python3.6/site-packages/airflow/example_dags/example_task_group_decorator.py
[2021-06-28 15:34:31,525] {scheduler_job.py:643} INFO - DAG(s) dict_keys(['example_task_group_decorator']) retrieved from /home/airflow/.local/lib/python3.6/site-packages/airflow/example_dags/example_task_group_decorator.py
[2021-06-28 15:34:32,685] {logging_mixin.py:104} INFO - [2021-06-28 15:34:32,685] {dag.py:1832} INFO - Sync 1 DAGs
[2021-06-28 15:34:32,730] {logging_mixin.py:104} INFO - [2021-06-28 15:34:32,730] {dag.py:2305} INFO - Setting next_dagrun for example_task_group_decorator to 2021-06-26 00:00:00+00:00
[2021-06-28 15:34:32,816] {scheduler_job.py:190} INFO - Processing /home/airflow/.local/lib/python3.6/site-packages/airflow/example_dags/example_task_group_decorator.py took 1.489 seconds
[2021-06-28 15:35:03,068] {scheduler_job.py:182} INFO - Started process (PID=184) to work on /home/airflow/.local/lib/python3.6/site-packages/airflow/example_dags/example_task_group_decorator.py
[2021-06-28 15:35:03,070] {scheduler_job.py:633} INFO - Processing file /home/airflow/.local/lib/python3.6/site-packages/airflow/example_dags/example_task_group_decorator.py for tasks to queue
[2021-06-28 15:35:03,071] {logging_mixin.py:104} INFO - [2021-06-28 15:35:03,071] {dagbag.py:487} INFO - Filling up the DagBag from /home/airflow/.local/lib/python3.6/site-packages/airflow/example_dags/example_task_group_decorator.py
[2021-06-28 15:35:03,136] {scheduler_job.py:643} INFO - DAG(s) dict_keys(['example_task_group_decorator']) retrieved from /home/airflow/.local/lib/python3.6/site-packages/airflow/example_dags/example_task_group_decorator.py
[2021-06-28 15:35:03,587] {logging_mixin.py:104} INFO - [2021-06-28 15:35:03,586] {dag.py:1832} INFO - Sync 1 DAGs
[2021-06-28 15:35:03,636] {logging_mixin.py:104} INFO - [2021-06-28 15:35:03,636] {dag.py:2305} INFO - Setting next_dagrun for example_task_group_decorator to 2021-06-26 00:00:00+00:00
[2021-06-28 15:35:03,661] {scheduler_job.py:190} INFO - Processing /home/airflow/.local/lib/python3.6/site-packages/airflow/example_dags/example_task_group_decorator.py took 0.608 seconds
[2021-06-28 15:35:33,744] {scheduler_job.py:182} INFO - Started process (PID=242) to work on /home/airflow/.local/lib/python3.6/site-packages/airflow/example_dags/example_task_group_decorator.py
[2021-06-28 15:35:33,754] {scheduler_job.py:633} INFO - Processing file /home/airflow/.local/lib/python3.6/site-packages/airflow/example_dags/example_task_group_decorator.py for tasks to queue
[2021-06-28 15:35:33,787] {logging_mixin.py:104} INFO - [2021-06-28 15:35:33,787] {dagbag.py:487} INFO - Filling up the DagBag from /home/airflow/.local/lib/python3.6/site-packages/airflow/example_dags/example_task_group_decorator.py
[2021-06-28 15:35:34,038] {scheduler_job.py:643} INFO - DAG(s) dict_keys(['example_task_group_decorator']) retrieved from /home/airflow/.local/lib/python3.6/site-packages/airflow/example_dags/example_task_group_decorator.py
[2021-06-28 15:35:34,824] {logging_mixin.py:104} INFO - [2021-06-28 15:35:34,824] {dag.py:1832} INFO - Sync 1 DAGs
[2021-06-28 15:35:34,917] {logging_mixin.py:104} INFO - [2021-06-28 15:35:34,917] {dag.py:2305} INFO - Setting next_dagrun for example_task_group_decorator to 2021-06-26 00:00:00+00:00
[2021-06-28 15:35:34,991] {scheduler_job.py:190} INFO - Processing /home/airflow/.local/lib/python3.6/site-packages/airflow/example_dags/example_task_group_decorator.py took 1.304 seconds
[2021-06-28 15:36:05,281] {scheduler_job.py:182} INFO - Started process (PID=303) to work on /home/airflow/.local/lib/python3.6/site-packages/airflow/example_dags/example_task_group_decorator.py
[2021-06-28 15:36:05,284] {scheduler_job.py:633} INFO - Processing file /home/airflow/.local/lib/python3.6/site-packages/airflow/example_dags/example_task_group_decorator.py for tasks to queue
[2021-06-28 15:36:05,309] {logging_mixin.py:104} INFO - [2021-06-28 15:36:05,309] {dagbag.py:487} INFO - Filling up the DagBag from /home/airflow/.local/lib/python3.6/site-packages/airflow/example_dags/example_task_group_decorator.py
[2021-06-28 15:36:05,414] {scheduler_job.py:643} INFO - DAG(s) dict_keys(['example_task_group_decorator']) retrieved from /home/airflow/.local/lib/python3.6/site-packages/airflow/example_dags/example_task_group_decorator.py
[2021-06-28 15:36:06,854] {logging_mixin.py:104} INFO - [2021-06-28 15:36:06,854] {dag.py:1832} INFO - Sync 1 DAGs
[2021-06-28 15:36:07,004] {logging_mixin.py:104} INFO - [2021-06-28 15:36:07,004] {dag.py:2305} INFO - Setting next_dagrun for example_task_group_decorator to 2021-06-26 00:00:00+00:00
[2021-06-28 15:36:07,088] {scheduler_job.py:190} INFO - Processing /home/airflow/.local/lib/python3.6/site-packages/airflow/example_dags/example_task_group_decorator.py took 1.815 seconds
[2021-06-28 15:36:37,175] {scheduler_job.py:182} INFO - Started process (PID=366) to work on /home/airflow/.local/lib/python3.6/site-packages/airflow/example_dags/example_task_group_decorator.py
[2021-06-28 15:36:37,177] {scheduler_job.py:633} INFO - Processing file /home/airflow/.local/lib/python3.6/site-packages/airflow/example_dags/example_task_group_decorator.py for tasks to queue
[2021-06-28 15:36:37,178] {logging_mixin.py:104} INFO - [2021-06-28 15:36:37,178] {dagbag.py:487} INFO - Filling up the DagBag from /home/airflow/.local/lib/python3.6/site-packages/airflow/example_dags/example_task_group_decorator.py
[2021-06-28 15:36:37,218] {scheduler_job.py:643} INFO - DAG(s) dict_keys(['example_task_group_decorator']) retrieved from /home/airflow/.local/lib/python3.6/site-packages/airflow/example_dags/example_task_group_decorator.py
[2021-06-28 15:36:37,736] {logging_mixin.py:104} INFO - [2021-06-28 15:36:37,736] {dag.py:1832} INFO - Sync 1 DAGs
[2021-06-28 15:36:37,785] {logging_mixin.py:104} INFO - [2021-06-28 15:36:37,784] {dag.py:2305} INFO - Setting next_dagrun for example_task_group_decorator to 2021-06-26 00:00:00+00:00
[2021-06-28 15:36:37,844] {scheduler_job.py:190} INFO - Processing /home/airflow/.local/lib/python3.6/site-packages/airflow/example_dags/example_task_group_decorator.py took 0.672 seconds
[2021-06-28 15:37:07,894] {scheduler_job.py:182} INFO - Started process (PID=429) to work on /home/airflow/.local/lib/python3.6/site-packages/airflow/example_dags/example_task_group_decorator.py
[2021-06-28 15:37:07,897] {scheduler_job.py:633} INFO - Processing file /home/airflow/.local/lib/python3.6/site-packages/airflow/example_dags/example_task_group_decorator.py for tasks to queue
[2021-06-28 15:37:07,900] {logging_mixin.py:104} INFO - [2021-06-28 15:37:07,899] {dagbag.py:487} INFO - Filling up the DagBag from /home/airflow/.local/lib/python3.6/site-packages/airflow/example_dags/example_task_group_decorator.py
[2021-06-28 15:37:07,976] {scheduler_job.py:643} INFO - DAG(s) dict_keys(['example_task_group_decorator']) retrieved from /home/airflow/.local/lib/python3.6/site-packages/airflow/example_dags/example_task_group_decorator.py
[2021-06-28 15:37:08,507] {logging_mixin.py:104} INFO - [2021-06-28 15:37:08,507] {dag.py:1832} INFO - Sync 1 DAGs
[2021-06-28 15:37:08,558] {logging_mixin.py:104} INFO - [2021-06-28 15:37:08,558] {dag.py:2305} INFO - Setting next_dagrun for example_task_group_decorator to 2021-06-26 00:00:00+00:00
[2021-06-28 15:37:08,602] {scheduler_job.py:190} INFO - Processing /home/airflow/.local/lib/python3.6/site-packages/airflow/example_dags/example_task_group_decorator.py took 0.713 seconds
[2021-06-28 15:37:39,380] {scheduler_job.py:182} INFO - Started process (PID=487) to work on /home/airflow/.local/lib/python3.6/site-packages/airflow/example_dags/example_task_group_decorator.py
[2021-06-28 15:37:39,383] {scheduler_job.py:633} INFO - Processing file /home/airflow/.local/lib/python3.6/site-packages/airflow/example_dags/example_task_group_decorator.py for tasks to queue
[2021-06-28 15:37:39,384] {logging_mixin.py:104} INFO - [2021-06-28 15:37:39,384] {dagbag.py:487} INFO - Filling up the DagBag from /home/airflow/.local/lib/python3.6/site-packages/airflow/example_dags/example_task_group_decorator.py
[2021-06-28 15:37:39,419] {scheduler_job.py:643} INFO - DAG(s) dict_keys(['example_task_group_decorator']) retrieved from /home/airflow/.local/lib/python3.6/site-packages/airflow/example_dags/example_task_group_decorator.py
[2021-06-28 15:37:39,802] {logging_mixin.py:104} INFO - [2021-06-28 15:37:39,802] {dag.py:1832} INFO - Sync 1 DAGs
[2021-06-28 15:37:39,829] {logging_mixin.py:104} INFO - [2021-06-28 15:37:39,829] {dag.py:2305} INFO - Setting next_dagrun for example_task_group_decorator to 2021-06-26 00:00:00+00:00
[2021-06-28 15:37:39,873] {scheduler_job.py:190} INFO - Processing /home/airflow/.local/lib/python3.6/site-packages/airflow/example_dags/example_task_group_decorator.py took 0.498 seconds
[2021-06-28 15:38:10,818] {scheduler_job.py:182} INFO - Started process (PID=563) to work on /home/airflow/.local/lib/python3.6/site-packages/airflow/example_dags/example_task_group_decorator.py
[2021-06-28 15:38:10,820] {scheduler_job.py:633} INFO - Processing file /home/airflow/.local/lib/python3.6/site-packages/airflow/example_dags/example_task_group_decorator.py for tasks to queue
[2021-06-28 15:38:10,821] {logging_mixin.py:104} INFO - [2021-06-28 15:38:10,821] {dagbag.py:487} INFO - Filling up the DagBag from /home/airflow/.local/lib/python3.6/site-packages/airflow/example_dags/example_task_group_decorator.py
[2021-06-28 15:38:10,988] {scheduler_job.py:643} INFO - DAG(s) dict_keys(['example_task_group_decorator']) retrieved from /home/airflow/.local/lib/python3.6/site-packages/airflow/example_dags/example_task_group_decorator.py
[2021-06-28 15:38:12,062] {logging_mixin.py:104} INFO - [2021-06-28 15:38:12,062] {dag.py:1832} INFO - Sync 1 DAGs
[2021-06-28 15:38:12,114] {logging_mixin.py:104} INFO - [2021-06-28 15:38:12,114] {dag.py:2305} INFO - Setting next_dagrun for example_task_group_decorator to 2021-06-26 00:00:00+00:00
[2021-06-28 15:38:12,187] {scheduler_job.py:190} INFO - Processing /home/airflow/.local/lib/python3.6/site-packages/airflow/example_dags/example_task_group_decorator.py took 1.400 seconds
[2021-06-28 15:38:42,596] {scheduler_job.py:182} INFO - Started process (PID=640) to work on /home/airflow/.local/lib/python3.6/site-packages/airflow/example_dags/example_task_group_decorator.py
[2021-06-28 15:38:42,605] {scheduler_job.py:633} INFO - Processing file /home/airflow/.local/lib/python3.6/site-packages/airflow/example_dags/example_task_group_decorator.py for tasks to queue
[2021-06-28 15:38:42,611] {logging_mixin.py:104} INFO - [2021-06-28 15:38:42,610] {dagbag.py:487} INFO - Filling up the DagBag from /home/airflow/.local/lib/python3.6/site-packages/airflow/example_dags/example_task_group_decorator.py
[2021-06-28 15:38:42,811] {scheduler_job.py:643} INFO - DAG(s) dict_keys(['example_task_group_decorator']) retrieved from /home/airflow/.local/lib/python3.6/site-packages/airflow/example_dags/example_task_group_decorator.py
[2021-06-28 15:38:43,041] {logging_mixin.py:104} INFO - [2021-06-28 15:38:43,040] {dag.py:1832} INFO - Sync 1 DAGs
[2021-06-28 15:38:43,079] {logging_mixin.py:104} INFO - [2021-06-28 15:38:43,078] {dag.py:2305} INFO - Setting next_dagrun for example_task_group_decorator to 2021-06-26 00:00:00+00:00
[2021-06-28 15:38:43,140] {scheduler_job.py:190} INFO - Processing /home/airflow/.local/lib/python3.6/site-packages/airflow/example_dags/example_task_group_decorator.py took 0.555 seconds
[2021-06-28 15:39:13,247] {scheduler_job.py:182} INFO - Started process (PID=706) to work on /home/airflow/.local/lib/python3.6/site-packages/airflow/example_dags/example_task_group_decorator.py
[2021-06-28 15:39:13,250] {scheduler_job.py:633} INFO - Processing file /home/airflow/.local/lib/python3.6/site-packages/airflow/example_dags/example_task_group_decorator.py for tasks to queue
[2021-06-28 15:39:13,251] {logging_mixin.py:104} INFO - [2021-06-28 15:39:13,251] {dagbag.py:487} INFO - Filling up the DagBag from /home/airflow/.local/lib/python3.6/site-packages/airflow/example_dags/example_task_group_decorator.py
[2021-06-28 15:39:13,322] {scheduler_job.py:643} INFO - DAG(s) dict_keys(['example_task_group_decorator']) retrieved from /home/airflow/.local/lib/python3.6/site-packages/airflow/example_dags/example_task_group_decorator.py
[2021-06-28 15:39:13,866] {logging_mixin.py:104} INFO - [2021-06-28 15:39:13,866] {dag.py:1832} INFO - Sync 1 DAGs
[2021-06-28 15:39:13,934] {logging_mixin.py:104} INFO - [2021-06-28 15:39:13,933] {dag.py:2305} INFO - Setting next_dagrun for example_task_group_decorator to 2021-06-26 00:00:00+00:00
[2021-06-28 15:39:13,973] {scheduler_job.py:190} INFO - Processing /home/airflow/.local/lib/python3.6/site-packages/airflow/example_dags/example_task_group_decorator.py took 0.731 seconds
[2021-06-28 15:39:44,672] {scheduler_job.py:182} INFO - Started process (PID=772) to work on /home/airflow/.local/lib/python3.6/site-packages/airflow/example_dags/example_task_group_decorator.py
[2021-06-28 15:39:44,678] {scheduler_job.py:633} INFO - Processing file /home/airflow/.local/lib/python3.6/site-packages/airflow/example_dags/example_task_group_decorator.py for tasks to queue
[2021-06-28 15:39:44,679] {logging_mixin.py:104} INFO - [2021-06-28 15:39:44,679] {dagbag.py:487} INFO - Filling up the DagBag from /home/airflow/.local/lib/python3.6/site-packages/airflow/example_dags/example_task_group_decorator.py
[2021-06-28 15:39:44,827] {scheduler_job.py:643} INFO - DAG(s) dict_keys(['example_task_group_decorator']) retrieved from /home/airflow/.local/lib/python3.6/site-packages/airflow/example_dags/example_task_group_decorator.py
[2021-06-28 15:39:45,563] {logging_mixin.py:104} INFO - [2021-06-28 15:39:45,563] {dag.py:1832} INFO - Sync 1 DAGs
[2021-06-28 15:39:45,595] {logging_mixin.py:104} INFO - [2021-06-28 15:39:45,595] {dag.py:2305} INFO - Setting next_dagrun for example_task_group_decorator to 2021-06-26 00:00:00+00:00
[2021-06-28 15:39:45,630] {scheduler_job.py:190} INFO - Processing /home/airflow/.local/lib/python3.6/site-packages/airflow/example_dags/example_task_group_decorator.py took 0.963 seconds
[2021-06-28 15:40:16,263] {scheduler_job.py:182} INFO - Started process (PID=832) to work on /home/airflow/.local/lib/python3.6/site-packages/airflow/example_dags/example_task_group_decorator.py
[2021-06-28 15:40:16,265] {scheduler_job.py:633} INFO - Processing file /home/airflow/.local/lib/python3.6/site-packages/airflow/example_dags/example_task_group_decorator.py for tasks to queue
[2021-06-28 15:40:16,265] {logging_mixin.py:104} INFO - [2021-06-28 15:40:16,265] {dagbag.py:487} INFO - Filling up the DagBag from /home/airflow/.local/lib/python3.6/site-packages/airflow/example_dags/example_task_group_decorator.py
[2021-06-28 15:40:16,378] {scheduler_job.py:643} INFO - DAG(s) dict_keys(['example_task_group_decorator']) retrieved from /home/airflow/.local/lib/python3.6/site-packages/airflow/example_dags/example_task_group_decorator.py
[2021-06-28 15:40:17,537] {logging_mixin.py:104} INFO - [2021-06-28 15:40:17,537] {dag.py:1832} INFO - Sync 1 DAGs
[2021-06-28 15:40:17,596] {logging_mixin.py:104} INFO - [2021-06-28 15:40:17,596] {dag.py:2305} INFO - Setting next_dagrun for example_task_group_decorator to 2021-06-26 00:00:00+00:00
[2021-06-28 15:40:17,761] {scheduler_job.py:190} INFO - Processing /home/airflow/.local/lib/python3.6/site-packages/airflow/example_dags/example_task_group_decorator.py took 1.533 seconds
[2021-06-28 15:40:48,532] {scheduler_job.py:182} INFO - Started process (PID=908) to work on /home/airflow/.local/lib/python3.6/site-packages/airflow/example_dags/example_task_group_decorator.py
[2021-06-28 15:40:48,534] {scheduler_job.py:633} INFO - Processing file /home/airflow/.local/lib/python3.6/site-packages/airflow/example_dags/example_task_group_decorator.py for tasks to queue
[2021-06-28 15:40:48,535] {logging_mixin.py:104} INFO - [2021-06-28 15:40:48,535] {dagbag.py:487} INFO - Filling up the DagBag from /home/airflow/.local/lib/python3.6/site-packages/airflow/example_dags/example_task_group_decorator.py
[2021-06-28 15:40:48,587] {scheduler_job.py:643} INFO - DAG(s) dict_keys(['example_task_group_decorator']) retrieved from /home/airflow/.local/lib/python3.6/site-packages/airflow/example_dags/example_task_group_decorator.py
[2021-06-28 15:40:49,573] {logging_mixin.py:104} INFO - [2021-06-28 15:40:49,573] {dag.py:1832} INFO - Sync 1 DAGs
[2021-06-28 15:40:49,647] {logging_mixin.py:104} INFO - [2021-06-28 15:40:49,647] {dag.py:2305} INFO - Setting next_dagrun for example_task_group_decorator to 2021-06-26 00:00:00+00:00
[2021-06-28 15:40:49,710] {scheduler_job.py:190} INFO - Processing /home/airflow/.local/lib/python3.6/site-packages/airflow/example_dags/example_task_group_decorator.py took 1.184 seconds
[2021-06-28 15:41:20,324] {scheduler_job.py:182} INFO - Started process (PID=968) to work on /home/airflow/.local/lib/python3.6/site-packages/airflow/example_dags/example_task_group_decorator.py
[2021-06-28 15:41:20,326] {scheduler_job.py:633} INFO - Processing file /home/airflow/.local/lib/python3.6/site-packages/airflow/example_dags/example_task_group_decorator.py for tasks to queue
[2021-06-28 15:41:20,327] {logging_mixin.py:104} INFO - [2021-06-28 15:41:20,327] {dagbag.py:487} INFO - Filling up the DagBag from /home/airflow/.local/lib/python3.6/site-packages/airflow/example_dags/example_task_group_decorator.py
[2021-06-28 15:41:20,359] {scheduler_job.py:643} INFO - DAG(s) dict_keys(['example_task_group_decorator']) retrieved from /home/airflow/.local/lib/python3.6/site-packages/airflow/example_dags/example_task_group_decorator.py
[2021-06-28 15:41:20,638] {logging_mixin.py:104} INFO - [2021-06-28 15:41:20,638] {dag.py:1832} INFO - Sync 1 DAGs
[2021-06-28 15:41:20,655] {logging_mixin.py:104} INFO - [2021-06-28 15:41:20,654] {dag.py:2305} INFO - Setting next_dagrun for example_task_group_decorator to 2021-06-26 00:00:00+00:00
[2021-06-28 15:41:20,678] {scheduler_job.py:190} INFO - Processing /home/airflow/.local/lib/python3.6/site-packages/airflow/example_dags/example_task_group_decorator.py took 0.359 seconds
[2021-06-28 15:41:50,986] {scheduler_job.py:182} INFO - Started process (PID=1030) to work on /home/airflow/.local/lib/python3.6/site-packages/airflow/example_dags/example_task_group_decorator.py
[2021-06-28 15:41:50,990] {scheduler_job.py:633} INFO - Processing file /home/airflow/.local/lib/python3.6/site-packages/airflow/example_dags/example_task_group_decorator.py for tasks to queue
[2021-06-28 15:41:50,991] {logging_mixin.py:104} INFO - [2021-06-28 15:41:50,991] {dagbag.py:487} INFO - Filling up the DagBag from /home/airflow/.local/lib/python3.6/site-packages/airflow/example_dags/example_task_group_decorator.py
[2021-06-28 15:41:51,042] {scheduler_job.py:643} INFO - DAG(s) dict_keys(['example_task_group_decorator']) retrieved from /home/airflow/.local/lib/python3.6/site-packages/airflow/example_dags/example_task_group_decorator.py
[2021-06-28 15:41:51,099] {logging_mixin.py:104} INFO - [2021-06-28 15:41:51,099] {dag.py:1832} INFO - Sync 1 DAGs
[2021-06-28 15:41:51,132] {logging_mixin.py:104} INFO - [2021-06-28 15:41:51,132] {dag.py:2305} INFO - Setting next_dagrun for example_task_group_decorator to 2021-06-26 00:00:00+00:00
[2021-06-28 15:41:51,149] {scheduler_job.py:190} INFO - Processing /home/airflow/.local/lib/python3.6/site-packages/airflow/example_dags/example_task_group_decorator.py took 0.171 seconds
[2021-06-28 15:42:21,900] {scheduler_job.py:182} INFO - Started process (PID=1100) to work on /home/airflow/.local/lib/python3.6/site-packages/airflow/example_dags/example_task_group_decorator.py
[2021-06-28 15:42:21,901] {scheduler_job.py:633} INFO - Processing file /home/airflow/.local/lib/python3.6/site-packages/airflow/example_dags/example_task_group_decorator.py for tasks to queue
[2021-06-28 15:42:21,902] {logging_mixin.py:104} INFO - [2021-06-28 15:42:21,902] {dagbag.py:487} INFO - Filling up the DagBag from /home/airflow/.local/lib/python3.6/site-packages/airflow/example_dags/example_task_group_decorator.py
[2021-06-28 15:42:21,976] {scheduler_job.py:643} INFO - DAG(s) dict_keys(['example_task_group_decorator']) retrieved from /home/airflow/.local/lib/python3.6/site-packages/airflow/example_dags/example_task_group_decorator.py
[2021-06-28 15:42:22,033] {logging_mixin.py:104} INFO - [2021-06-28 15:42:22,032] {dag.py:1832} INFO - Sync 1 DAGs
[2021-06-28 15:42:22,071] {logging_mixin.py:104} INFO - [2021-06-28 15:42:22,070] {dag.py:2305} INFO - Setting next_dagrun for example_task_group_decorator to 2021-06-26 00:00:00+00:00
[2021-06-28 15:42:22,092] {scheduler_job.py:190} INFO - Processing /home/airflow/.local/lib/python3.6/site-packages/airflow/example_dags/example_task_group_decorator.py took 0.206 seconds
[2021-06-28 15:42:52,476] {scheduler_job.py:182} INFO - Started process (PID=1163) to work on /home/airflow/.local/lib/python3.6/site-packages/airflow/example_dags/example_task_group_decorator.py
[2021-06-28 15:42:52,477] {scheduler_job.py:633} INFO - Processing file /home/airflow/.local/lib/python3.6/site-packages/airflow/example_dags/example_task_group_decorator.py for tasks to queue
[2021-06-28 15:42:52,478] {logging_mixin.py:104} INFO - [2021-06-28 15:42:52,478] {dagbag.py:487} INFO - Filling up the DagBag from /home/airflow/.local/lib/python3.6/site-packages/airflow/example_dags/example_task_group_decorator.py
[2021-06-28 15:42:52,524] {scheduler_job.py:643} INFO - DAG(s) dict_keys(['example_task_group_decorator']) retrieved from /home/airflow/.local/lib/python3.6/site-packages/airflow/example_dags/example_task_group_decorator.py
[2021-06-28 15:42:52,781] {logging_mixin.py:104} INFO - [2021-06-28 15:42:52,781] {dag.py:1832} INFO - Sync 1 DAGs
[2021-06-28 15:42:52,807] {logging_mixin.py:104} INFO - [2021-06-28 15:42:52,806] {dag.py:2305} INFO - Setting next_dagrun for example_task_group_decorator to 2021-06-26 00:00:00+00:00
[2021-06-28 15:42:52,846] {scheduler_job.py:190} INFO - Processing /home/airflow/.local/lib/python3.6/site-packages/airflow/example_dags/example_task_group_decorator.py took 0.374 seconds
[2021-06-28 15:43:23,030] {scheduler_job.py:182} INFO - Started process (PID=1221) to work on /home/airflow/.local/lib/python3.6/site-packages/airflow/example_dags/example_task_group_decorator.py
[2021-06-28 15:43:23,035] {scheduler_job.py:633} INFO - Processing file /home/airflow/.local/lib/python3.6/site-packages/airflow/example_dags/example_task_group_decorator.py for tasks to queue
[2021-06-28 15:43:23,036] {logging_mixin.py:104} INFO - [2021-06-28 15:43:23,035] {dagbag.py:487} INFO - Filling up the DagBag from /home/airflow/.local/lib/python3.6/site-packages/airflow/example_dags/example_task_group_decorator.py
[2021-06-28 15:43:23,101] {scheduler_job.py:643} INFO - DAG(s) dict_keys(['example_task_group_decorator']) retrieved from /home/airflow/.local/lib/python3.6/site-packages/airflow/example_dags/example_task_group_decorator.py
[2021-06-28 15:43:23,463] {logging_mixin.py:104} INFO - [2021-06-28 15:43:23,462] {dag.py:1832} INFO - Sync 1 DAGs
[2021-06-28 15:43:23,483] {logging_mixin.py:104} INFO - [2021-06-28 15:43:23,482] {dag.py:2305} INFO - Setting next_dagrun for example_task_group_decorator to 2021-06-26 00:00:00+00:00
[2021-06-28 15:43:23,511] {scheduler_job.py:190} INFO - Processing /home/airflow/.local/lib/python3.6/site-packages/airflow/example_dags/example_task_group_decorator.py took 0.489 seconds
[2021-06-28 15:43:54,437] {scheduler_job.py:182} INFO - Started process (PID=1280) to work on /home/airflow/.local/lib/python3.6/site-packages/airflow/example_dags/example_task_group_decorator.py
[2021-06-28 15:43:54,440] {scheduler_job.py:633} INFO - Processing file /home/airflow/.local/lib/python3.6/site-packages/airflow/example_dags/example_task_group_decorator.py for tasks to queue
[2021-06-28 15:43:54,443] {logging_mixin.py:104} INFO - [2021-06-28 15:43:54,442] {dagbag.py:487} INFO - Filling up the DagBag from /home/airflow/.local/lib/python3.6/site-packages/airflow/example_dags/example_task_group_decorator.py
[2021-06-28 15:43:54,494] {scheduler_job.py:643} INFO - DAG(s) dict_keys(['example_task_group_decorator']) retrieved from /home/airflow/.local/lib/python3.6/site-packages/airflow/example_dags/example_task_group_decorator.py
[2021-06-28 15:43:54,886] {logging_mixin.py:104} INFO - [2021-06-28 15:43:54,886] {dag.py:1832} INFO - Sync 1 DAGs
[2021-06-28 15:43:54,916] {logging_mixin.py:104} INFO - [2021-06-28 15:43:54,916] {dag.py:2305} INFO - Setting next_dagrun for example_task_group_decorator to 2021-06-26 00:00:00+00:00
[2021-06-28 15:43:54,963] {scheduler_job.py:190} INFO - Processing /home/airflow/.local/lib/python3.6/site-packages/airflow/example_dags/example_task_group_decorator.py took 0.530 seconds
[2021-06-28 15:44:25,617] {scheduler_job.py:182} INFO - Started process (PID=1340) to work on /home/airflow/.local/lib/python3.6/site-packages/airflow/example_dags/example_task_group_decorator.py
[2021-06-28 15:44:25,620] {scheduler_job.py:633} INFO - Processing file /home/airflow/.local/lib/python3.6/site-packages/airflow/example_dags/example_task_group_decorator.py for tasks to queue
[2021-06-28 15:44:25,621] {logging_mixin.py:104} INFO - [2021-06-28 15:44:25,621] {dagbag.py:487} INFO - Filling up the DagBag from /home/airflow/.local/lib/python3.6/site-packages/airflow/example_dags/example_task_group_decorator.py
[2021-06-28 15:44:25,656] {scheduler_job.py:643} INFO - DAG(s) dict_keys(['example_task_group_decorator']) retrieved from /home/airflow/.local/lib/python3.6/site-packages/airflow/example_dags/example_task_group_decorator.py
[2021-06-28 15:44:26,295] {logging_mixin.py:104} INFO - [2021-06-28 15:44:26,295] {dag.py:1832} INFO - Sync 1 DAGs
[2021-06-28 15:44:26,321] {logging_mixin.py:104} INFO - [2021-06-28 15:44:26,321] {dag.py:2305} INFO - Setting next_dagrun for example_task_group_decorator to 2021-06-26 00:00:00+00:00
[2021-06-28 15:44:26,345] {scheduler_job.py:190} INFO - Processing /home/airflow/.local/lib/python3.6/site-packages/airflow/example_dags/example_task_group_decorator.py took 0.735 seconds
