[2021-06-28 15:16:17,585] {scheduler_job.py:182} INFO - Started process (PID=93) to work on /home/airflow/.local/lib/python3.6/site-packages/airflow/example_dags/example_skip_dag.py
[2021-06-28 15:16:17,589] {scheduler_job.py:633} INFO - Processing file /home/airflow/.local/lib/python3.6/site-packages/airflow/example_dags/example_skip_dag.py for tasks to queue
[2021-06-28 15:16:17,593] {logging_mixin.py:104} INFO - [2021-06-28 15:16:17,593] {dagbag.py:487} INFO - Filling up the DagBag from /home/airflow/.local/lib/python3.6/site-packages/airflow/example_dags/example_skip_dag.py
[2021-06-28 15:16:17,728] {scheduler_job.py:643} INFO - DAG(s) dict_keys(['example_skip_dag']) retrieved from /home/airflow/.local/lib/python3.6/site-packages/airflow/example_dags/example_skip_dag.py
[2021-06-28 15:16:20,399] {logging_mixin.py:104} INFO - [2021-06-28 15:16:20,399] {dag.py:1832} INFO - Sync 1 DAGs
[2021-06-28 15:16:20,507] {logging_mixin.py:104} INFO - [2021-06-28 15:16:20,507] {dag.py:2305} INFO - Setting next_dagrun for example_skip_dag to 2021-06-26 00:00:00+00:00
[2021-06-28 15:16:20,549] {scheduler_job.py:190} INFO - Processing /home/airflow/.local/lib/python3.6/site-packages/airflow/example_dags/example_skip_dag.py took 2.983 seconds
[2021-06-28 15:16:50,731] {scheduler_job.py:182} INFO - Started process (PID=140) to work on /home/airflow/.local/lib/python3.6/site-packages/airflow/example_dags/example_skip_dag.py
[2021-06-28 15:16:50,770] {scheduler_job.py:633} INFO - Processing file /home/airflow/.local/lib/python3.6/site-packages/airflow/example_dags/example_skip_dag.py for tasks to queue
[2021-06-28 15:16:50,798] {logging_mixin.py:104} INFO - [2021-06-28 15:16:50,798] {dagbag.py:487} INFO - Filling up the DagBag from /home/airflow/.local/lib/python3.6/site-packages/airflow/example_dags/example_skip_dag.py
[2021-06-28 15:16:50,828] {scheduler_job.py:643} INFO - DAG(s) dict_keys(['example_skip_dag']) retrieved from /home/airflow/.local/lib/python3.6/site-packages/airflow/example_dags/example_skip_dag.py
[2021-06-28 15:16:50,883] {logging_mixin.py:104} INFO - [2021-06-28 15:16:50,883] {dag.py:1832} INFO - Sync 1 DAGs
[2021-06-28 15:16:50,941] {logging_mixin.py:104} INFO - [2021-06-28 15:16:50,941] {dag.py:2305} INFO - Setting next_dagrun for example_skip_dag to 2021-06-26 00:00:00+00:00
[2021-06-28 15:16:50,966] {scheduler_job.py:190} INFO - Processing /home/airflow/.local/lib/python3.6/site-packages/airflow/example_dags/example_skip_dag.py took 0.286 seconds
[2021-06-28 15:17:21,410] {scheduler_job.py:182} INFO - Started process (PID=201) to work on /home/airflow/.local/lib/python3.6/site-packages/airflow/example_dags/example_skip_dag.py
[2021-06-28 15:17:21,411] {scheduler_job.py:633} INFO - Processing file /home/airflow/.local/lib/python3.6/site-packages/airflow/example_dags/example_skip_dag.py for tasks to queue
[2021-06-28 15:17:21,412] {logging_mixin.py:104} INFO - [2021-06-28 15:17:21,412] {dagbag.py:487} INFO - Filling up the DagBag from /home/airflow/.local/lib/python3.6/site-packages/airflow/example_dags/example_skip_dag.py
[2021-06-28 15:17:21,430] {scheduler_job.py:643} INFO - DAG(s) dict_keys(['example_skip_dag']) retrieved from /home/airflow/.local/lib/python3.6/site-packages/airflow/example_dags/example_skip_dag.py
[2021-06-28 15:17:21,470] {logging_mixin.py:104} INFO - [2021-06-28 15:17:21,469] {dag.py:1832} INFO - Sync 1 DAGs
[2021-06-28 15:17:21,491] {logging_mixin.py:104} INFO - [2021-06-28 15:17:21,491] {dag.py:2305} INFO - Setting next_dagrun for example_skip_dag to 2021-06-26 00:00:00+00:00
[2021-06-28 15:17:21,507] {scheduler_job.py:190} INFO - Processing /home/airflow/.local/lib/python3.6/site-packages/airflow/example_dags/example_skip_dag.py took 0.101 seconds
[2021-06-28 15:17:51,588] {scheduler_job.py:182} INFO - Started process (PID=272) to work on /home/airflow/.local/lib/python3.6/site-packages/airflow/example_dags/example_skip_dag.py
[2021-06-28 15:17:51,589] {scheduler_job.py:633} INFO - Processing file /home/airflow/.local/lib/python3.6/site-packages/airflow/example_dags/example_skip_dag.py for tasks to queue
[2021-06-28 15:17:51,590] {logging_mixin.py:104} INFO - [2021-06-28 15:17:51,590] {dagbag.py:487} INFO - Filling up the DagBag from /home/airflow/.local/lib/python3.6/site-packages/airflow/example_dags/example_skip_dag.py
[2021-06-28 15:17:51,612] {scheduler_job.py:643} INFO - DAG(s) dict_keys(['example_skip_dag']) retrieved from /home/airflow/.local/lib/python3.6/site-packages/airflow/example_dags/example_skip_dag.py
[2021-06-28 15:17:51,646] {logging_mixin.py:104} INFO - [2021-06-28 15:17:51,646] {dag.py:1832} INFO - Sync 1 DAGs
[2021-06-28 15:17:51,687] {logging_mixin.py:104} INFO - [2021-06-28 15:17:51,687] {dag.py:2305} INFO - Setting next_dagrun for example_skip_dag to 2021-06-26 00:00:00+00:00
[2021-06-28 15:17:51,709] {scheduler_job.py:190} INFO - Processing /home/airflow/.local/lib/python3.6/site-packages/airflow/example_dags/example_skip_dag.py took 0.125 seconds
[2021-06-28 15:18:22,106] {scheduler_job.py:182} INFO - Started process (PID=335) to work on /home/airflow/.local/lib/python3.6/site-packages/airflow/example_dags/example_skip_dag.py
[2021-06-28 15:18:22,107] {scheduler_job.py:633} INFO - Processing file /home/airflow/.local/lib/python3.6/site-packages/airflow/example_dags/example_skip_dag.py for tasks to queue
[2021-06-28 15:18:22,109] {logging_mixin.py:104} INFO - [2021-06-28 15:18:22,108] {dagbag.py:487} INFO - Filling up the DagBag from /home/airflow/.local/lib/python3.6/site-packages/airflow/example_dags/example_skip_dag.py
[2021-06-28 15:18:22,135] {scheduler_job.py:643} INFO - DAG(s) dict_keys(['example_skip_dag']) retrieved from /home/airflow/.local/lib/python3.6/site-packages/airflow/example_dags/example_skip_dag.py
[2021-06-28 15:18:22,188] {logging_mixin.py:104} INFO - [2021-06-28 15:18:22,188] {dag.py:1832} INFO - Sync 1 DAGs
[2021-06-28 15:18:22,227] {logging_mixin.py:104} INFO - [2021-06-28 15:18:22,226] {dag.py:2305} INFO - Setting next_dagrun for example_skip_dag to 2021-06-26 00:00:00+00:00
[2021-06-28 15:18:22,257] {scheduler_job.py:190} INFO - Processing /home/airflow/.local/lib/python3.6/site-packages/airflow/example_dags/example_skip_dag.py took 0.156 seconds
[2021-06-28 15:18:52,331] {scheduler_job.py:182} INFO - Started process (PID=397) to work on /home/airflow/.local/lib/python3.6/site-packages/airflow/example_dags/example_skip_dag.py
[2021-06-28 15:18:52,332] {scheduler_job.py:633} INFO - Processing file /home/airflow/.local/lib/python3.6/site-packages/airflow/example_dags/example_skip_dag.py for tasks to queue
[2021-06-28 15:18:52,333] {logging_mixin.py:104} INFO - [2021-06-28 15:18:52,333] {dagbag.py:487} INFO - Filling up the DagBag from /home/airflow/.local/lib/python3.6/site-packages/airflow/example_dags/example_skip_dag.py
[2021-06-28 15:18:52,349] {scheduler_job.py:643} INFO - DAG(s) dict_keys(['example_skip_dag']) retrieved from /home/airflow/.local/lib/python3.6/site-packages/airflow/example_dags/example_skip_dag.py
[2021-06-28 15:18:52,380] {logging_mixin.py:104} INFO - [2021-06-28 15:18:52,380] {dag.py:1832} INFO - Sync 1 DAGs
[2021-06-28 15:18:52,409] {logging_mixin.py:104} INFO - [2021-06-28 15:18:52,409] {dag.py:2305} INFO - Setting next_dagrun for example_skip_dag to 2021-06-26 00:00:00+00:00
[2021-06-28 15:18:52,421] {scheduler_job.py:190} INFO - Processing /home/airflow/.local/lib/python3.6/site-packages/airflow/example_dags/example_skip_dag.py took 0.095 seconds
[2021-06-28 15:19:22,896] {scheduler_job.py:182} INFO - Started process (PID=457) to work on /home/airflow/.local/lib/python3.6/site-packages/airflow/example_dags/example_skip_dag.py
[2021-06-28 15:19:22,898] {scheduler_job.py:633} INFO - Processing file /home/airflow/.local/lib/python3.6/site-packages/airflow/example_dags/example_skip_dag.py for tasks to queue
[2021-06-28 15:19:22,899] {logging_mixin.py:104} INFO - [2021-06-28 15:19:22,898] {dagbag.py:487} INFO - Filling up the DagBag from /home/airflow/.local/lib/python3.6/site-packages/airflow/example_dags/example_skip_dag.py
[2021-06-28 15:19:22,919] {scheduler_job.py:643} INFO - DAG(s) dict_keys(['example_skip_dag']) retrieved from /home/airflow/.local/lib/python3.6/site-packages/airflow/example_dags/example_skip_dag.py
[2021-06-28 15:19:22,952] {logging_mixin.py:104} INFO - [2021-06-28 15:19:22,952] {dag.py:1832} INFO - Sync 1 DAGs
[2021-06-28 15:19:22,976] {logging_mixin.py:104} INFO - [2021-06-28 15:19:22,976] {dag.py:2305} INFO - Setting next_dagrun for example_skip_dag to 2021-06-26 00:00:00+00:00
[2021-06-28 15:19:23,012] {scheduler_job.py:190} INFO - Processing /home/airflow/.local/lib/python3.6/site-packages/airflow/example_dags/example_skip_dag.py took 0.121 seconds
[2021-06-28 15:19:53,578] {scheduler_job.py:182} INFO - Started process (PID=517) to work on /home/airflow/.local/lib/python3.6/site-packages/airflow/example_dags/example_skip_dag.py
[2021-06-28 15:19:53,580] {scheduler_job.py:633} INFO - Processing file /home/airflow/.local/lib/python3.6/site-packages/airflow/example_dags/example_skip_dag.py for tasks to queue
[2021-06-28 15:19:53,581] {logging_mixin.py:104} INFO - [2021-06-28 15:19:53,581] {dagbag.py:487} INFO - Filling up the DagBag from /home/airflow/.local/lib/python3.6/site-packages/airflow/example_dags/example_skip_dag.py
[2021-06-28 15:19:53,656] {scheduler_job.py:643} INFO - DAG(s) dict_keys(['example_skip_dag']) retrieved from /home/airflow/.local/lib/python3.6/site-packages/airflow/example_dags/example_skip_dag.py
[2021-06-28 15:19:53,725] {logging_mixin.py:104} INFO - [2021-06-28 15:19:53,725] {dag.py:1832} INFO - Sync 1 DAGs
[2021-06-28 15:19:53,762] {logging_mixin.py:104} INFO - [2021-06-28 15:19:53,762] {dag.py:2305} INFO - Setting next_dagrun for example_skip_dag to 2021-06-26 00:00:00+00:00
[2021-06-28 15:19:53,782] {scheduler_job.py:190} INFO - Processing /home/airflow/.local/lib/python3.6/site-packages/airflow/example_dags/example_skip_dag.py took 0.209 seconds
[2021-06-28 15:20:24,142] {scheduler_job.py:182} INFO - Started process (PID=577) to work on /home/airflow/.local/lib/python3.6/site-packages/airflow/example_dags/example_skip_dag.py
[2021-06-28 15:20:24,146] {scheduler_job.py:633} INFO - Processing file /home/airflow/.local/lib/python3.6/site-packages/airflow/example_dags/example_skip_dag.py for tasks to queue
[2021-06-28 15:20:24,149] {logging_mixin.py:104} INFO - [2021-06-28 15:20:24,149] {dagbag.py:487} INFO - Filling up the DagBag from /home/airflow/.local/lib/python3.6/site-packages/airflow/example_dags/example_skip_dag.py
[2021-06-28 15:20:24,177] {scheduler_job.py:643} INFO - DAG(s) dict_keys(['example_skip_dag']) retrieved from /home/airflow/.local/lib/python3.6/site-packages/airflow/example_dags/example_skip_dag.py
[2021-06-28 15:20:24,220] {logging_mixin.py:104} INFO - [2021-06-28 15:20:24,220] {dag.py:1832} INFO - Sync 1 DAGs
[2021-06-28 15:20:24,269] {logging_mixin.py:104} INFO - [2021-06-28 15:20:24,269] {dag.py:2305} INFO - Setting next_dagrun for example_skip_dag to 2021-06-26 00:00:00+00:00
[2021-06-28 15:20:24,302] {scheduler_job.py:190} INFO - Processing /home/airflow/.local/lib/python3.6/site-packages/airflow/example_dags/example_skip_dag.py took 0.165 seconds
[2021-06-28 15:20:54,561] {scheduler_job.py:182} INFO - Started process (PID=636) to work on /home/airflow/.local/lib/python3.6/site-packages/airflow/example_dags/example_skip_dag.py
[2021-06-28 15:20:54,564] {scheduler_job.py:633} INFO - Processing file /home/airflow/.local/lib/python3.6/site-packages/airflow/example_dags/example_skip_dag.py for tasks to queue
[2021-06-28 15:20:54,567] {logging_mixin.py:104} INFO - [2021-06-28 15:20:54,567] {dagbag.py:487} INFO - Filling up the DagBag from /home/airflow/.local/lib/python3.6/site-packages/airflow/example_dags/example_skip_dag.py
[2021-06-28 15:20:54,600] {scheduler_job.py:643} INFO - DAG(s) dict_keys(['example_skip_dag']) retrieved from /home/airflow/.local/lib/python3.6/site-packages/airflow/example_dags/example_skip_dag.py
[2021-06-28 15:20:54,637] {logging_mixin.py:104} INFO - [2021-06-28 15:20:54,636] {dag.py:1832} INFO - Sync 1 DAGs
[2021-06-28 15:20:54,665] {logging_mixin.py:104} INFO - [2021-06-28 15:20:54,665] {dag.py:2305} INFO - Setting next_dagrun for example_skip_dag to 2021-06-26 00:00:00+00:00
[2021-06-28 15:20:54,690] {scheduler_job.py:190} INFO - Processing /home/airflow/.local/lib/python3.6/site-packages/airflow/example_dags/example_skip_dag.py took 0.140 seconds
[2021-06-28 15:21:24,897] {scheduler_job.py:182} INFO - Started process (PID=694) to work on /home/airflow/.local/lib/python3.6/site-packages/airflow/example_dags/example_skip_dag.py
[2021-06-28 15:21:24,899] {scheduler_job.py:633} INFO - Processing file /home/airflow/.local/lib/python3.6/site-packages/airflow/example_dags/example_skip_dag.py for tasks to queue
[2021-06-28 15:21:24,914] {logging_mixin.py:104} INFO - [2021-06-28 15:21:24,913] {dagbag.py:487} INFO - Filling up the DagBag from /home/airflow/.local/lib/python3.6/site-packages/airflow/example_dags/example_skip_dag.py
[2021-06-28 15:21:24,937] {scheduler_job.py:643} INFO - DAG(s) dict_keys(['example_skip_dag']) retrieved from /home/airflow/.local/lib/python3.6/site-packages/airflow/example_dags/example_skip_dag.py
[2021-06-28 15:21:24,979] {logging_mixin.py:104} INFO - [2021-06-28 15:21:24,979] {dag.py:1832} INFO - Sync 1 DAGs
[2021-06-28 15:21:25,014] {logging_mixin.py:104} INFO - [2021-06-28 15:21:25,014] {dag.py:2305} INFO - Setting next_dagrun for example_skip_dag to 2021-06-26 00:00:00+00:00
[2021-06-28 15:21:25,029] {scheduler_job.py:190} INFO - Processing /home/airflow/.local/lib/python3.6/site-packages/airflow/example_dags/example_skip_dag.py took 0.136 seconds
[2021-06-28 15:21:55,150] {scheduler_job.py:182} INFO - Started process (PID=765) to work on /home/airflow/.local/lib/python3.6/site-packages/airflow/example_dags/example_skip_dag.py
[2021-06-28 15:21:55,153] {scheduler_job.py:633} INFO - Processing file /home/airflow/.local/lib/python3.6/site-packages/airflow/example_dags/example_skip_dag.py for tasks to queue
[2021-06-28 15:21:55,155] {logging_mixin.py:104} INFO - [2021-06-28 15:21:55,154] {dagbag.py:487} INFO - Filling up the DagBag from /home/airflow/.local/lib/python3.6/site-packages/airflow/example_dags/example_skip_dag.py
[2021-06-28 15:21:55,269] {scheduler_job.py:643} INFO - DAG(s) dict_keys(['example_skip_dag']) retrieved from /home/airflow/.local/lib/python3.6/site-packages/airflow/example_dags/example_skip_dag.py
[2021-06-28 15:21:55,369] {logging_mixin.py:104} INFO - [2021-06-28 15:21:55,369] {dag.py:1832} INFO - Sync 1 DAGs
[2021-06-28 15:21:55,439] {logging_mixin.py:104} INFO - [2021-06-28 15:21:55,438] {dag.py:2305} INFO - Setting next_dagrun for example_skip_dag to 2021-06-26 00:00:00+00:00
[2021-06-28 15:21:55,619] {scheduler_job.py:190} INFO - Processing /home/airflow/.local/lib/python3.6/site-packages/airflow/example_dags/example_skip_dag.py took 0.497 seconds
[2021-06-28 15:22:26,203] {scheduler_job.py:182} INFO - Started process (PID=826) to work on /home/airflow/.local/lib/python3.6/site-packages/airflow/example_dags/example_skip_dag.py
[2021-06-28 15:22:26,207] {scheduler_job.py:633} INFO - Processing file /home/airflow/.local/lib/python3.6/site-packages/airflow/example_dags/example_skip_dag.py for tasks to queue
[2021-06-28 15:22:26,208] {logging_mixin.py:104} INFO - [2021-06-28 15:22:26,208] {dagbag.py:487} INFO - Filling up the DagBag from /home/airflow/.local/lib/python3.6/site-packages/airflow/example_dags/example_skip_dag.py
[2021-06-28 15:22:26,232] {scheduler_job.py:643} INFO - DAG(s) dict_keys(['example_skip_dag']) retrieved from /home/airflow/.local/lib/python3.6/site-packages/airflow/example_dags/example_skip_dag.py
[2021-06-28 15:22:26,284] {logging_mixin.py:104} INFO - [2021-06-28 15:22:26,283] {dag.py:1832} INFO - Sync 1 DAGs
[2021-06-28 15:22:26,319] {logging_mixin.py:104} INFO - [2021-06-28 15:22:26,319] {dag.py:2305} INFO - Setting next_dagrun for example_skip_dag to 2021-06-26 00:00:00+00:00
[2021-06-28 15:22:26,340] {scheduler_job.py:190} INFO - Processing /home/airflow/.local/lib/python3.6/site-packages/airflow/example_dags/example_skip_dag.py took 0.142 seconds
[2021-06-28 15:22:56,528] {scheduler_job.py:182} INFO - Started process (PID=882) to work on /home/airflow/.local/lib/python3.6/site-packages/airflow/example_dags/example_skip_dag.py
[2021-06-28 15:22:56,539] {scheduler_job.py:633} INFO - Processing file /home/airflow/.local/lib/python3.6/site-packages/airflow/example_dags/example_skip_dag.py for tasks to queue
[2021-06-28 15:22:56,545] {logging_mixin.py:104} INFO - [2021-06-28 15:22:56,545] {dagbag.py:487} INFO - Filling up the DagBag from /home/airflow/.local/lib/python3.6/site-packages/airflow/example_dags/example_skip_dag.py
[2021-06-28 15:22:56,567] {scheduler_job.py:643} INFO - DAG(s) dict_keys(['example_skip_dag']) retrieved from /home/airflow/.local/lib/python3.6/site-packages/airflow/example_dags/example_skip_dag.py
[2021-06-28 15:22:56,610] {logging_mixin.py:104} INFO - [2021-06-28 15:22:56,610] {dag.py:1832} INFO - Sync 1 DAGs
[2021-06-28 15:22:56,693] {logging_mixin.py:104} INFO - [2021-06-28 15:22:56,693] {dag.py:2305} INFO - Setting next_dagrun for example_skip_dag to 2021-06-26 00:00:00+00:00
[2021-06-28 15:22:56,747] {scheduler_job.py:190} INFO - Processing /home/airflow/.local/lib/python3.6/site-packages/airflow/example_dags/example_skip_dag.py took 0.223 seconds
[2021-06-28 15:23:26,800] {scheduler_job.py:182} INFO - Started process (PID=943) to work on /home/airflow/.local/lib/python3.6/site-packages/airflow/example_dags/example_skip_dag.py
[2021-06-28 15:23:26,801] {scheduler_job.py:633} INFO - Processing file /home/airflow/.local/lib/python3.6/site-packages/airflow/example_dags/example_skip_dag.py for tasks to queue
[2021-06-28 15:23:26,808] {logging_mixin.py:104} INFO - [2021-06-28 15:23:26,808] {dagbag.py:487} INFO - Filling up the DagBag from /home/airflow/.local/lib/python3.6/site-packages/airflow/example_dags/example_skip_dag.py
[2021-06-28 15:23:26,832] {scheduler_job.py:643} INFO - DAG(s) dict_keys(['example_skip_dag']) retrieved from /home/airflow/.local/lib/python3.6/site-packages/airflow/example_dags/example_skip_dag.py
[2021-06-28 15:23:26,877] {logging_mixin.py:104} INFO - [2021-06-28 15:23:26,877] {dag.py:1832} INFO - Sync 1 DAGs
[2021-06-28 15:23:26,926] {logging_mixin.py:104} INFO - [2021-06-28 15:23:26,926] {dag.py:2305} INFO - Setting next_dagrun for example_skip_dag to 2021-06-26 00:00:00+00:00
[2021-06-28 15:23:26,966] {scheduler_job.py:190} INFO - Processing /home/airflow/.local/lib/python3.6/site-packages/airflow/example_dags/example_skip_dag.py took 0.171 seconds
[2021-06-28 15:23:57,140] {scheduler_job.py:182} INFO - Started process (PID=1002) to work on /home/airflow/.local/lib/python3.6/site-packages/airflow/example_dags/example_skip_dag.py
[2021-06-28 15:23:57,143] {scheduler_job.py:633} INFO - Processing file /home/airflow/.local/lib/python3.6/site-packages/airflow/example_dags/example_skip_dag.py for tasks to queue
[2021-06-28 15:23:57,145] {logging_mixin.py:104} INFO - [2021-06-28 15:23:57,145] {dagbag.py:487} INFO - Filling up the DagBag from /home/airflow/.local/lib/python3.6/site-packages/airflow/example_dags/example_skip_dag.py
[2021-06-28 15:23:57,170] {scheduler_job.py:643} INFO - DAG(s) dict_keys(['example_skip_dag']) retrieved from /home/airflow/.local/lib/python3.6/site-packages/airflow/example_dags/example_skip_dag.py
[2021-06-28 15:23:57,229] {logging_mixin.py:104} INFO - [2021-06-28 15:23:57,229] {dag.py:1832} INFO - Sync 1 DAGs
[2021-06-28 15:23:57,257] {logging_mixin.py:104} INFO - [2021-06-28 15:23:57,257] {dag.py:2305} INFO - Setting next_dagrun for example_skip_dag to 2021-06-26 00:00:00+00:00
[2021-06-28 15:23:57,276] {scheduler_job.py:190} INFO - Processing /home/airflow/.local/lib/python3.6/site-packages/airflow/example_dags/example_skip_dag.py took 0.145 seconds
[2021-06-28 15:24:27,826] {scheduler_job.py:182} INFO - Started process (PID=1062) to work on /home/airflow/.local/lib/python3.6/site-packages/airflow/example_dags/example_skip_dag.py
[2021-06-28 15:24:27,828] {scheduler_job.py:633} INFO - Processing file /home/airflow/.local/lib/python3.6/site-packages/airflow/example_dags/example_skip_dag.py for tasks to queue
[2021-06-28 15:24:27,830] {logging_mixin.py:104} INFO - [2021-06-28 15:24:27,830] {dagbag.py:487} INFO - Filling up the DagBag from /home/airflow/.local/lib/python3.6/site-packages/airflow/example_dags/example_skip_dag.py
[2021-06-28 15:24:27,860] {scheduler_job.py:643} INFO - DAG(s) dict_keys(['example_skip_dag']) retrieved from /home/airflow/.local/lib/python3.6/site-packages/airflow/example_dags/example_skip_dag.py
[2021-06-28 15:24:27,925] {logging_mixin.py:104} INFO - [2021-06-28 15:24:27,925] {dag.py:1832} INFO - Sync 1 DAGs
[2021-06-28 15:24:27,993] {logging_mixin.py:104} INFO - [2021-06-28 15:24:27,993] {dag.py:2305} INFO - Setting next_dagrun for example_skip_dag to 2021-06-26 00:00:00+00:00
[2021-06-28 15:24:28,037] {scheduler_job.py:190} INFO - Processing /home/airflow/.local/lib/python3.6/site-packages/airflow/example_dags/example_skip_dag.py took 0.223 seconds
[2021-06-28 15:24:58,185] {scheduler_job.py:182} INFO - Started process (PID=1121) to work on /home/airflow/.local/lib/python3.6/site-packages/airflow/example_dags/example_skip_dag.py
[2021-06-28 15:24:58,187] {scheduler_job.py:633} INFO - Processing file /home/airflow/.local/lib/python3.6/site-packages/airflow/example_dags/example_skip_dag.py for tasks to queue
[2021-06-28 15:24:58,188] {logging_mixin.py:104} INFO - [2021-06-28 15:24:58,187] {dagbag.py:487} INFO - Filling up the DagBag from /home/airflow/.local/lib/python3.6/site-packages/airflow/example_dags/example_skip_dag.py
[2021-06-28 15:24:58,207] {scheduler_job.py:643} INFO - DAG(s) dict_keys(['example_skip_dag']) retrieved from /home/airflow/.local/lib/python3.6/site-packages/airflow/example_dags/example_skip_dag.py
[2021-06-28 15:24:58,235] {logging_mixin.py:104} INFO - [2021-06-28 15:24:58,235] {dag.py:1832} INFO - Sync 1 DAGs
[2021-06-28 15:24:58,272] {logging_mixin.py:104} INFO - [2021-06-28 15:24:58,272] {dag.py:2305} INFO - Setting next_dagrun for example_skip_dag to 2021-06-26 00:00:00+00:00
[2021-06-28 15:24:58,285] {scheduler_job.py:190} INFO - Processing /home/airflow/.local/lib/python3.6/site-packages/airflow/example_dags/example_skip_dag.py took 0.105 seconds
[2021-06-28 15:25:28,740] {scheduler_job.py:182} INFO - Started process (PID=1197) to work on /home/airflow/.local/lib/python3.6/site-packages/airflow/example_dags/example_skip_dag.py
[2021-06-28 15:25:28,744] {scheduler_job.py:633} INFO - Processing file /home/airflow/.local/lib/python3.6/site-packages/airflow/example_dags/example_skip_dag.py for tasks to queue
[2021-06-28 15:25:28,747] {logging_mixin.py:104} INFO - [2021-06-28 15:25:28,746] {dagbag.py:487} INFO - Filling up the DagBag from /home/airflow/.local/lib/python3.6/site-packages/airflow/example_dags/example_skip_dag.py
[2021-06-28 15:25:28,766] {scheduler_job.py:643} INFO - DAG(s) dict_keys(['example_skip_dag']) retrieved from /home/airflow/.local/lib/python3.6/site-packages/airflow/example_dags/example_skip_dag.py
[2021-06-28 15:25:28,801] {logging_mixin.py:104} INFO - [2021-06-28 15:25:28,801] {dag.py:1832} INFO - Sync 1 DAGs
[2021-06-28 15:25:28,842] {logging_mixin.py:104} INFO - [2021-06-28 15:25:28,841] {dag.py:2305} INFO - Setting next_dagrun for example_skip_dag to 2021-06-26 00:00:00+00:00
[2021-06-28 15:25:28,892] {scheduler_job.py:190} INFO - Processing /home/airflow/.local/lib/python3.6/site-packages/airflow/example_dags/example_skip_dag.py took 0.157 seconds
[2021-06-28 15:25:59,712] {scheduler_job.py:182} INFO - Started process (PID=1256) to work on /home/airflow/.local/lib/python3.6/site-packages/airflow/example_dags/example_skip_dag.py
[2021-06-28 15:25:59,714] {scheduler_job.py:633} INFO - Processing file /home/airflow/.local/lib/python3.6/site-packages/airflow/example_dags/example_skip_dag.py for tasks to queue
[2021-06-28 15:25:59,715] {logging_mixin.py:104} INFO - [2021-06-28 15:25:59,715] {dagbag.py:487} INFO - Filling up the DagBag from /home/airflow/.local/lib/python3.6/site-packages/airflow/example_dags/example_skip_dag.py
[2021-06-28 15:25:59,801] {scheduler_job.py:643} INFO - DAG(s) dict_keys(['example_skip_dag']) retrieved from /home/airflow/.local/lib/python3.6/site-packages/airflow/example_dags/example_skip_dag.py
[2021-06-28 15:25:59,997] {logging_mixin.py:104} INFO - [2021-06-28 15:25:59,996] {dag.py:1832} INFO - Sync 1 DAGs
[2021-06-28 15:26:00,042] {logging_mixin.py:104} INFO - [2021-06-28 15:26:00,042] {dag.py:2305} INFO - Setting next_dagrun for example_skip_dag to 2021-06-26 00:00:00+00:00
[2021-06-28 15:26:00,074] {scheduler_job.py:190} INFO - Processing /home/airflow/.local/lib/python3.6/site-packages/airflow/example_dags/example_skip_dag.py took 0.394 seconds
[2021-06-28 15:26:30,290] {scheduler_job.py:182} INFO - Started process (PID=1315) to work on /home/airflow/.local/lib/python3.6/site-packages/airflow/example_dags/example_skip_dag.py
[2021-06-28 15:26:30,293] {scheduler_job.py:633} INFO - Processing file /home/airflow/.local/lib/python3.6/site-packages/airflow/example_dags/example_skip_dag.py for tasks to queue
[2021-06-28 15:26:30,293] {logging_mixin.py:104} INFO - [2021-06-28 15:26:30,293] {dagbag.py:487} INFO - Filling up the DagBag from /home/airflow/.local/lib/python3.6/site-packages/airflow/example_dags/example_skip_dag.py
[2021-06-28 15:26:30,312] {scheduler_job.py:643} INFO - DAG(s) dict_keys(['example_skip_dag']) retrieved from /home/airflow/.local/lib/python3.6/site-packages/airflow/example_dags/example_skip_dag.py
[2021-06-28 15:26:30,338] {logging_mixin.py:104} INFO - [2021-06-28 15:26:30,338] {dag.py:1832} INFO - Sync 1 DAGs
[2021-06-28 15:26:30,374] {logging_mixin.py:104} INFO - [2021-06-28 15:26:30,374] {dag.py:2305} INFO - Setting next_dagrun for example_skip_dag to 2021-06-26 00:00:00+00:00
[2021-06-28 15:26:30,392] {scheduler_job.py:190} INFO - Processing /home/airflow/.local/lib/python3.6/site-packages/airflow/example_dags/example_skip_dag.py took 0.106 seconds
[2021-06-28 15:27:00,662] {scheduler_job.py:182} INFO - Started process (PID=1376) to work on /home/airflow/.local/lib/python3.6/site-packages/airflow/example_dags/example_skip_dag.py
[2021-06-28 15:27:00,664] {scheduler_job.py:633} INFO - Processing file /home/airflow/.local/lib/python3.6/site-packages/airflow/example_dags/example_skip_dag.py for tasks to queue
[2021-06-28 15:27:00,666] {logging_mixin.py:104} INFO - [2021-06-28 15:27:00,665] {dagbag.py:487} INFO - Filling up the DagBag from /home/airflow/.local/lib/python3.6/site-packages/airflow/example_dags/example_skip_dag.py
[2021-06-28 15:27:00,691] {scheduler_job.py:643} INFO - DAG(s) dict_keys(['example_skip_dag']) retrieved from /home/airflow/.local/lib/python3.6/site-packages/airflow/example_dags/example_skip_dag.py
[2021-06-28 15:27:00,738] {logging_mixin.py:104} INFO - [2021-06-28 15:27:00,738] {dag.py:1832} INFO - Sync 1 DAGs
[2021-06-28 15:27:00,798] {logging_mixin.py:104} INFO - [2021-06-28 15:27:00,798] {dag.py:2305} INFO - Setting next_dagrun for example_skip_dag to 2021-06-26 00:00:00+00:00
[2021-06-28 15:27:00,852] {scheduler_job.py:190} INFO - Processing /home/airflow/.local/lib/python3.6/site-packages/airflow/example_dags/example_skip_dag.py took 0.195 seconds
[2021-06-28 15:27:31,187] {scheduler_job.py:182} INFO - Started process (PID=1436) to work on /home/airflow/.local/lib/python3.6/site-packages/airflow/example_dags/example_skip_dag.py
[2021-06-28 15:27:31,191] {scheduler_job.py:633} INFO - Processing file /home/airflow/.local/lib/python3.6/site-packages/airflow/example_dags/example_skip_dag.py for tasks to queue
[2021-06-28 15:27:31,195] {logging_mixin.py:104} INFO - [2021-06-28 15:27:31,194] {dagbag.py:487} INFO - Filling up the DagBag from /home/airflow/.local/lib/python3.6/site-packages/airflow/example_dags/example_skip_dag.py
[2021-06-28 15:27:31,215] {scheduler_job.py:643} INFO - DAG(s) dict_keys(['example_skip_dag']) retrieved from /home/airflow/.local/lib/python3.6/site-packages/airflow/example_dags/example_skip_dag.py
[2021-06-28 15:27:31,248] {logging_mixin.py:104} INFO - [2021-06-28 15:27:31,248] {dag.py:1832} INFO - Sync 1 DAGs
[2021-06-28 15:27:31,284] {logging_mixin.py:104} INFO - [2021-06-28 15:27:31,284] {dag.py:2305} INFO - Setting next_dagrun for example_skip_dag to 2021-06-26 00:00:00+00:00
[2021-06-28 15:27:31,302] {scheduler_job.py:190} INFO - Processing /home/airflow/.local/lib/python3.6/site-packages/airflow/example_dags/example_skip_dag.py took 0.125 seconds
[2021-06-28 15:28:01,600] {scheduler_job.py:182} INFO - Started process (PID=1512) to work on /home/airflow/.local/lib/python3.6/site-packages/airflow/example_dags/example_skip_dag.py
[2021-06-28 15:28:01,602] {scheduler_job.py:633} INFO - Processing file /home/airflow/.local/lib/python3.6/site-packages/airflow/example_dags/example_skip_dag.py for tasks to queue
[2021-06-28 15:28:01,613] {logging_mixin.py:104} INFO - [2021-06-28 15:28:01,613] {dagbag.py:487} INFO - Filling up the DagBag from /home/airflow/.local/lib/python3.6/site-packages/airflow/example_dags/example_skip_dag.py
[2021-06-28 15:28:01,652] {scheduler_job.py:643} INFO - DAG(s) dict_keys(['example_skip_dag']) retrieved from /home/airflow/.local/lib/python3.6/site-packages/airflow/example_dags/example_skip_dag.py
[2021-06-28 15:28:01,721] {logging_mixin.py:104} INFO - [2021-06-28 15:28:01,720] {dag.py:1832} INFO - Sync 1 DAGs
[2021-06-28 15:28:01,749] {logging_mixin.py:104} INFO - [2021-06-28 15:28:01,749] {dag.py:2305} INFO - Setting next_dagrun for example_skip_dag to 2021-06-26 00:00:00+00:00
[2021-06-28 15:28:01,769] {scheduler_job.py:190} INFO - Processing /home/airflow/.local/lib/python3.6/site-packages/airflow/example_dags/example_skip_dag.py took 0.181 seconds
[2021-06-28 15:28:32,284] {scheduler_job.py:182} INFO - Started process (PID=1572) to work on /home/airflow/.local/lib/python3.6/site-packages/airflow/example_dags/example_skip_dag.py
[2021-06-28 15:28:32,285] {scheduler_job.py:633} INFO - Processing file /home/airflow/.local/lib/python3.6/site-packages/airflow/example_dags/example_skip_dag.py for tasks to queue
[2021-06-28 15:28:32,286] {logging_mixin.py:104} INFO - [2021-06-28 15:28:32,286] {dagbag.py:487} INFO - Filling up the DagBag from /home/airflow/.local/lib/python3.6/site-packages/airflow/example_dags/example_skip_dag.py
[2021-06-28 15:28:32,333] {scheduler_job.py:643} INFO - DAG(s) dict_keys(['example_skip_dag']) retrieved from /home/airflow/.local/lib/python3.6/site-packages/airflow/example_dags/example_skip_dag.py
[2021-06-28 15:28:32,388] {logging_mixin.py:104} INFO - [2021-06-28 15:28:32,388] {dag.py:1832} INFO - Sync 1 DAGs
[2021-06-28 15:28:32,437] {logging_mixin.py:104} INFO - [2021-06-28 15:28:32,437] {dag.py:2305} INFO - Setting next_dagrun for example_skip_dag to 2021-06-26 00:00:00+00:00
[2021-06-28 15:28:32,501] {scheduler_job.py:190} INFO - Processing /home/airflow/.local/lib/python3.6/site-packages/airflow/example_dags/example_skip_dag.py took 0.241 seconds
[2021-06-28 15:29:02,799] {scheduler_job.py:182} INFO - Started process (PID=1631) to work on /home/airflow/.local/lib/python3.6/site-packages/airflow/example_dags/example_skip_dag.py
[2021-06-28 15:29:02,800] {scheduler_job.py:633} INFO - Processing file /home/airflow/.local/lib/python3.6/site-packages/airflow/example_dags/example_skip_dag.py for tasks to queue
[2021-06-28 15:29:02,801] {logging_mixin.py:104} INFO - [2021-06-28 15:29:02,801] {dagbag.py:487} INFO - Filling up the DagBag from /home/airflow/.local/lib/python3.6/site-packages/airflow/example_dags/example_skip_dag.py
[2021-06-28 15:29:02,828] {scheduler_job.py:643} INFO - DAG(s) dict_keys(['example_skip_dag']) retrieved from /home/airflow/.local/lib/python3.6/site-packages/airflow/example_dags/example_skip_dag.py
[2021-06-28 15:29:02,868] {logging_mixin.py:104} INFO - [2021-06-28 15:29:02,868] {dag.py:1832} INFO - Sync 1 DAGs
[2021-06-28 15:29:02,893] {logging_mixin.py:104} INFO - [2021-06-28 15:29:02,893] {dag.py:2305} INFO - Setting next_dagrun for example_skip_dag to 2021-06-26 00:00:00+00:00
[2021-06-28 15:29:02,915] {scheduler_job.py:190} INFO - Processing /home/airflow/.local/lib/python3.6/site-packages/airflow/example_dags/example_skip_dag.py took 0.123 seconds
[2021-06-28 15:29:33,172] {scheduler_job.py:182} INFO - Started process (PID=1691) to work on /home/airflow/.local/lib/python3.6/site-packages/airflow/example_dags/example_skip_dag.py
[2021-06-28 15:29:33,176] {scheduler_job.py:633} INFO - Processing file /home/airflow/.local/lib/python3.6/site-packages/airflow/example_dags/example_skip_dag.py for tasks to queue
[2021-06-28 15:29:33,177] {logging_mixin.py:104} INFO - [2021-06-28 15:29:33,177] {dagbag.py:487} INFO - Filling up the DagBag from /home/airflow/.local/lib/python3.6/site-packages/airflow/example_dags/example_skip_dag.py
[2021-06-28 15:29:33,197] {scheduler_job.py:643} INFO - DAG(s) dict_keys(['example_skip_dag']) retrieved from /home/airflow/.local/lib/python3.6/site-packages/airflow/example_dags/example_skip_dag.py
[2021-06-28 15:29:33,227] {logging_mixin.py:104} INFO - [2021-06-28 15:29:33,227] {dag.py:1832} INFO - Sync 1 DAGs
[2021-06-28 15:29:33,256] {logging_mixin.py:104} INFO - [2021-06-28 15:29:33,256] {dag.py:2305} INFO - Setting next_dagrun for example_skip_dag to 2021-06-26 00:00:00+00:00
[2021-06-28 15:29:33,269] {scheduler_job.py:190} INFO - Processing /home/airflow/.local/lib/python3.6/site-packages/airflow/example_dags/example_skip_dag.py took 0.102 seconds
[2021-06-28 15:30:03,655] {scheduler_job.py:182} INFO - Started process (PID=1750) to work on /home/airflow/.local/lib/python3.6/site-packages/airflow/example_dags/example_skip_dag.py
[2021-06-28 15:30:03,657] {scheduler_job.py:633} INFO - Processing file /home/airflow/.local/lib/python3.6/site-packages/airflow/example_dags/example_skip_dag.py for tasks to queue
[2021-06-28 15:30:03,658] {logging_mixin.py:104} INFO - [2021-06-28 15:30:03,658] {dagbag.py:487} INFO - Filling up the DagBag from /home/airflow/.local/lib/python3.6/site-packages/airflow/example_dags/example_skip_dag.py
[2021-06-28 15:30:03,683] {scheduler_job.py:643} INFO - DAG(s) dict_keys(['example_skip_dag']) retrieved from /home/airflow/.local/lib/python3.6/site-packages/airflow/example_dags/example_skip_dag.py
[2021-06-28 15:30:03,738] {logging_mixin.py:104} INFO - [2021-06-28 15:30:03,738] {dag.py:1832} INFO - Sync 1 DAGs
[2021-06-28 15:30:03,768] {logging_mixin.py:104} INFO - [2021-06-28 15:30:03,768] {dag.py:2305} INFO - Setting next_dagrun for example_skip_dag to 2021-06-26 00:00:00+00:00
[2021-06-28 15:30:03,826] {scheduler_job.py:190} INFO - Processing /home/airflow/.local/lib/python3.6/site-packages/airflow/example_dags/example_skip_dag.py took 0.186 seconds
[2021-06-28 15:30:34,359] {scheduler_job.py:182} INFO - Started process (PID=1820) to work on /home/airflow/.local/lib/python3.6/site-packages/airflow/example_dags/example_skip_dag.py
[2021-06-28 15:30:34,362] {scheduler_job.py:633} INFO - Processing file /home/airflow/.local/lib/python3.6/site-packages/airflow/example_dags/example_skip_dag.py for tasks to queue
[2021-06-28 15:30:34,363] {logging_mixin.py:104} INFO - [2021-06-28 15:30:34,363] {dagbag.py:487} INFO - Filling up the DagBag from /home/airflow/.local/lib/python3.6/site-packages/airflow/example_dags/example_skip_dag.py
[2021-06-28 15:30:34,402] {scheduler_job.py:643} INFO - DAG(s) dict_keys(['example_skip_dag']) retrieved from /home/airflow/.local/lib/python3.6/site-packages/airflow/example_dags/example_skip_dag.py
[2021-06-28 15:30:34,535] {logging_mixin.py:104} INFO - [2021-06-28 15:30:34,525] {dag.py:1832} INFO - Sync 1 DAGs
[2021-06-28 15:30:34,603] {logging_mixin.py:104} INFO - [2021-06-28 15:30:34,602] {dag.py:2305} INFO - Setting next_dagrun for example_skip_dag to 2021-06-26 00:00:00+00:00
[2021-06-28 15:30:34,633] {scheduler_job.py:190} INFO - Processing /home/airflow/.local/lib/python3.6/site-packages/airflow/example_dags/example_skip_dag.py took 0.282 seconds
[2021-06-28 15:31:04,676] {scheduler_job.py:182} INFO - Started process (PID=1871) to work on /home/airflow/.local/lib/python3.6/site-packages/airflow/example_dags/example_skip_dag.py
[2021-06-28 15:31:04,682] {scheduler_job.py:633} INFO - Processing file /home/airflow/.local/lib/python3.6/site-packages/airflow/example_dags/example_skip_dag.py for tasks to queue
[2021-06-28 15:31:04,683] {logging_mixin.py:104} INFO - [2021-06-28 15:31:04,682] {dagbag.py:487} INFO - Filling up the DagBag from /home/airflow/.local/lib/python3.6/site-packages/airflow/example_dags/example_skip_dag.py
[2021-06-28 15:31:04,698] {scheduler_job.py:643} INFO - DAG(s) dict_keys(['example_skip_dag']) retrieved from /home/airflow/.local/lib/python3.6/site-packages/airflow/example_dags/example_skip_dag.py
[2021-06-28 15:31:04,727] {logging_mixin.py:104} INFO - [2021-06-28 15:31:04,727] {dag.py:1832} INFO - Sync 1 DAGs
[2021-06-28 15:31:04,754] {logging_mixin.py:104} INFO - [2021-06-28 15:31:04,754] {dag.py:2305} INFO - Setting next_dagrun for example_skip_dag to 2021-06-26 00:00:00+00:00
[2021-06-28 15:31:04,770] {scheduler_job.py:190} INFO - Processing /home/airflow/.local/lib/python3.6/site-packages/airflow/example_dags/example_skip_dag.py took 0.099 seconds
[2021-06-28 15:31:35,452] {scheduler_job.py:182} INFO - Started process (PID=1940) to work on /home/airflow/.local/lib/python3.6/site-packages/airflow/example_dags/example_skip_dag.py
[2021-06-28 15:31:35,455] {scheduler_job.py:633} INFO - Processing file /home/airflow/.local/lib/python3.6/site-packages/airflow/example_dags/example_skip_dag.py for tasks to queue
[2021-06-28 15:31:35,457] {logging_mixin.py:104} INFO - [2021-06-28 15:31:35,456] {dagbag.py:487} INFO - Filling up the DagBag from /home/airflow/.local/lib/python3.6/site-packages/airflow/example_dags/example_skip_dag.py
[2021-06-28 15:31:35,477] {scheduler_job.py:643} INFO - DAG(s) dict_keys(['example_skip_dag']) retrieved from /home/airflow/.local/lib/python3.6/site-packages/airflow/example_dags/example_skip_dag.py
[2021-06-28 15:31:35,519] {logging_mixin.py:104} INFO - [2021-06-28 15:31:35,519] {dag.py:1832} INFO - Sync 1 DAGs
[2021-06-28 15:31:35,584] {logging_mixin.py:104} INFO - [2021-06-28 15:31:35,584] {dag.py:2305} INFO - Setting next_dagrun for example_skip_dag to 2021-06-26 00:00:00+00:00
[2021-06-28 15:31:35,602] {scheduler_job.py:190} INFO - Processing /home/airflow/.local/lib/python3.6/site-packages/airflow/example_dags/example_skip_dag.py took 0.155 seconds
[2021-06-28 15:33:53,408] {scheduler_job.py:182} INFO - Started process (PID=49) to work on /home/airflow/.local/lib/python3.6/site-packages/airflow/example_dags/example_skip_dag.py
[2021-06-28 15:33:53,410] {scheduler_job.py:633} INFO - Processing file /home/airflow/.local/lib/python3.6/site-packages/airflow/example_dags/example_skip_dag.py for tasks to queue
[2021-06-28 15:33:53,413] {logging_mixin.py:104} INFO - [2021-06-28 15:33:53,413] {dagbag.py:487} INFO - Filling up the DagBag from /home/airflow/.local/lib/python3.6/site-packages/airflow/example_dags/example_skip_dag.py
[2021-06-28 15:33:53,444] {scheduler_job.py:643} INFO - DAG(s) dict_keys(['example_skip_dag']) retrieved from /home/airflow/.local/lib/python3.6/site-packages/airflow/example_dags/example_skip_dag.py
[2021-06-28 15:33:53,764] {logging_mixin.py:104} INFO - [2021-06-28 15:33:53,764] {dag.py:1832} INFO - Sync 1 DAGs
[2021-06-28 15:33:53,903] {logging_mixin.py:104} INFO - [2021-06-28 15:33:53,903] {dag.py:2305} INFO - Setting next_dagrun for example_skip_dag to 2021-06-26 00:00:00+00:00
[2021-06-28 15:33:53,991] {scheduler_job.py:190} INFO - Processing /home/airflow/.local/lib/python3.6/site-packages/airflow/example_dags/example_skip_dag.py took 0.597 seconds
[2021-06-28 15:34:25,510] {scheduler_job.py:182} INFO - Started process (PID=106) to work on /home/airflow/.local/lib/python3.6/site-packages/airflow/example_dags/example_skip_dag.py
[2021-06-28 15:34:25,526] {scheduler_job.py:633} INFO - Processing file /home/airflow/.local/lib/python3.6/site-packages/airflow/example_dags/example_skip_dag.py for tasks to queue
[2021-06-28 15:34:25,554] {logging_mixin.py:104} INFO - [2021-06-28 15:34:25,553] {dagbag.py:487} INFO - Filling up the DagBag from /home/airflow/.local/lib/python3.6/site-packages/airflow/example_dags/example_skip_dag.py
[2021-06-28 15:34:25,642] {scheduler_job.py:643} INFO - DAG(s) dict_keys(['example_skip_dag']) retrieved from /home/airflow/.local/lib/python3.6/site-packages/airflow/example_dags/example_skip_dag.py
[2021-06-28 15:34:25,839] {logging_mixin.py:104} INFO - [2021-06-28 15:34:25,839] {dag.py:1832} INFO - Sync 1 DAGs
[2021-06-28 15:34:25,979] {logging_mixin.py:104} INFO - [2021-06-28 15:34:25,979] {dag.py:2305} INFO - Setting next_dagrun for example_skip_dag to 2021-06-26 00:00:00+00:00
[2021-06-28 15:34:26,045] {scheduler_job.py:190} INFO - Processing /home/airflow/.local/lib/python3.6/site-packages/airflow/example_dags/example_skip_dag.py took 0.574 seconds
[2021-06-28 15:34:56,233] {scheduler_job.py:182} INFO - Started process (PID=156) to work on /home/airflow/.local/lib/python3.6/site-packages/airflow/example_dags/example_skip_dag.py
[2021-06-28 15:34:56,236] {scheduler_job.py:633} INFO - Processing file /home/airflow/.local/lib/python3.6/site-packages/airflow/example_dags/example_skip_dag.py for tasks to queue
[2021-06-28 15:34:56,237] {logging_mixin.py:104} INFO - [2021-06-28 15:34:56,237] {dagbag.py:487} INFO - Filling up the DagBag from /home/airflow/.local/lib/python3.6/site-packages/airflow/example_dags/example_skip_dag.py
[2021-06-28 15:34:56,256] {scheduler_job.py:643} INFO - DAG(s) dict_keys(['example_skip_dag']) retrieved from /home/airflow/.local/lib/python3.6/site-packages/airflow/example_dags/example_skip_dag.py
[2021-06-28 15:34:56,300] {logging_mixin.py:104} INFO - [2021-06-28 15:34:56,299] {dag.py:1832} INFO - Sync 1 DAGs
[2021-06-28 15:34:56,323] {logging_mixin.py:104} INFO - [2021-06-28 15:34:56,322] {dag.py:2305} INFO - Setting next_dagrun for example_skip_dag to 2021-06-26 00:00:00+00:00
[2021-06-28 15:34:56,373] {scheduler_job.py:190} INFO - Processing /home/airflow/.local/lib/python3.6/site-packages/airflow/example_dags/example_skip_dag.py took 0.147 seconds
[2021-06-28 15:35:27,474] {scheduler_job.py:182} INFO - Started process (PID=216) to work on /home/airflow/.local/lib/python3.6/site-packages/airflow/example_dags/example_skip_dag.py
[2021-06-28 15:35:27,476] {scheduler_job.py:633} INFO - Processing file /home/airflow/.local/lib/python3.6/site-packages/airflow/example_dags/example_skip_dag.py for tasks to queue
[2021-06-28 15:35:27,483] {logging_mixin.py:104} INFO - [2021-06-28 15:35:27,482] {dagbag.py:487} INFO - Filling up the DagBag from /home/airflow/.local/lib/python3.6/site-packages/airflow/example_dags/example_skip_dag.py
[2021-06-28 15:35:27,519] {scheduler_job.py:643} INFO - DAG(s) dict_keys(['example_skip_dag']) retrieved from /home/airflow/.local/lib/python3.6/site-packages/airflow/example_dags/example_skip_dag.py
[2021-06-28 15:35:27,572] {logging_mixin.py:104} INFO - [2021-06-28 15:35:27,572] {dag.py:1832} INFO - Sync 1 DAGs
[2021-06-28 15:35:27,614] {logging_mixin.py:104} INFO - [2021-06-28 15:35:27,614] {dag.py:2305} INFO - Setting next_dagrun for example_skip_dag to 2021-06-26 00:00:00+00:00
[2021-06-28 15:35:27,650] {scheduler_job.py:190} INFO - Processing /home/airflow/.local/lib/python3.6/site-packages/airflow/example_dags/example_skip_dag.py took 0.181 seconds
[2021-06-28 15:35:58,372] {scheduler_job.py:182} INFO - Started process (PID=280) to work on /home/airflow/.local/lib/python3.6/site-packages/airflow/example_dags/example_skip_dag.py
[2021-06-28 15:35:58,378] {scheduler_job.py:633} INFO - Processing file /home/airflow/.local/lib/python3.6/site-packages/airflow/example_dags/example_skip_dag.py for tasks to queue
[2021-06-28 15:35:58,379] {logging_mixin.py:104} INFO - [2021-06-28 15:35:58,378] {dagbag.py:487} INFO - Filling up the DagBag from /home/airflow/.local/lib/python3.6/site-packages/airflow/example_dags/example_skip_dag.py
[2021-06-28 15:35:58,396] {scheduler_job.py:643} INFO - DAG(s) dict_keys(['example_skip_dag']) retrieved from /home/airflow/.local/lib/python3.6/site-packages/airflow/example_dags/example_skip_dag.py
[2021-06-28 15:35:58,458] {logging_mixin.py:104} INFO - [2021-06-28 15:35:58,455] {dag.py:1832} INFO - Sync 1 DAGs
[2021-06-28 15:35:58,486] {logging_mixin.py:104} INFO - [2021-06-28 15:35:58,486] {dag.py:2305} INFO - Setting next_dagrun for example_skip_dag to 2021-06-26 00:00:00+00:00
[2021-06-28 15:35:58,531] {scheduler_job.py:190} INFO - Processing /home/airflow/.local/lib/python3.6/site-packages/airflow/example_dags/example_skip_dag.py took 0.165 seconds
[2021-06-28 15:36:28,980] {scheduler_job.py:182} INFO - Started process (PID=339) to work on /home/airflow/.local/lib/python3.6/site-packages/airflow/example_dags/example_skip_dag.py
[2021-06-28 15:36:28,981] {scheduler_job.py:633} INFO - Processing file /home/airflow/.local/lib/python3.6/site-packages/airflow/example_dags/example_skip_dag.py for tasks to queue
[2021-06-28 15:36:28,982] {logging_mixin.py:104} INFO - [2021-06-28 15:36:28,982] {dagbag.py:487} INFO - Filling up the DagBag from /home/airflow/.local/lib/python3.6/site-packages/airflow/example_dags/example_skip_dag.py
[2021-06-28 15:36:29,014] {scheduler_job.py:643} INFO - DAG(s) dict_keys(['example_skip_dag']) retrieved from /home/airflow/.local/lib/python3.6/site-packages/airflow/example_dags/example_skip_dag.py
[2021-06-28 15:36:29,067] {logging_mixin.py:104} INFO - [2021-06-28 15:36:29,067] {dag.py:1832} INFO - Sync 1 DAGs
[2021-06-28 15:36:29,143] {logging_mixin.py:104} INFO - [2021-06-28 15:36:29,143] {dag.py:2305} INFO - Setting next_dagrun for example_skip_dag to 2021-06-26 00:00:00+00:00
[2021-06-28 15:36:29,160] {scheduler_job.py:190} INFO - Processing /home/airflow/.local/lib/python3.6/site-packages/airflow/example_dags/example_skip_dag.py took 0.185 seconds
[2021-06-28 15:36:59,260] {scheduler_job.py:182} INFO - Started process (PID=399) to work on /home/airflow/.local/lib/python3.6/site-packages/airflow/example_dags/example_skip_dag.py
[2021-06-28 15:36:59,262] {scheduler_job.py:633} INFO - Processing file /home/airflow/.local/lib/python3.6/site-packages/airflow/example_dags/example_skip_dag.py for tasks to queue
[2021-06-28 15:36:59,263] {logging_mixin.py:104} INFO - [2021-06-28 15:36:59,263] {dagbag.py:487} INFO - Filling up the DagBag from /home/airflow/.local/lib/python3.6/site-packages/airflow/example_dags/example_skip_dag.py
[2021-06-28 15:36:59,283] {scheduler_job.py:643} INFO - DAG(s) dict_keys(['example_skip_dag']) retrieved from /home/airflow/.local/lib/python3.6/site-packages/airflow/example_dags/example_skip_dag.py
[2021-06-28 15:36:59,323] {logging_mixin.py:104} INFO - [2021-06-28 15:36:59,323] {dag.py:1832} INFO - Sync 1 DAGs
[2021-06-28 15:36:59,355] {logging_mixin.py:104} INFO - [2021-06-28 15:36:59,355] {dag.py:2305} INFO - Setting next_dagrun for example_skip_dag to 2021-06-26 00:00:00+00:00
[2021-06-28 15:36:59,375] {scheduler_job.py:190} INFO - Processing /home/airflow/.local/lib/python3.6/site-packages/airflow/example_dags/example_skip_dag.py took 0.120 seconds
[2021-06-28 15:37:29,517] {scheduler_job.py:182} INFO - Started process (PID=458) to work on /home/airflow/.local/lib/python3.6/site-packages/airflow/example_dags/example_skip_dag.py
[2021-06-28 15:37:29,520] {scheduler_job.py:633} INFO - Processing file /home/airflow/.local/lib/python3.6/site-packages/airflow/example_dags/example_skip_dag.py for tasks to queue
[2021-06-28 15:37:29,522] {logging_mixin.py:104} INFO - [2021-06-28 15:37:29,522] {dagbag.py:487} INFO - Filling up the DagBag from /home/airflow/.local/lib/python3.6/site-packages/airflow/example_dags/example_skip_dag.py
[2021-06-28 15:37:29,538] {scheduler_job.py:643} INFO - DAG(s) dict_keys(['example_skip_dag']) retrieved from /home/airflow/.local/lib/python3.6/site-packages/airflow/example_dags/example_skip_dag.py
[2021-06-28 15:37:29,581] {logging_mixin.py:104} INFO - [2021-06-28 15:37:29,580] {dag.py:1832} INFO - Sync 1 DAGs
[2021-06-28 15:37:29,606] {logging_mixin.py:104} INFO - [2021-06-28 15:37:29,606] {dag.py:2305} INFO - Setting next_dagrun for example_skip_dag to 2021-06-26 00:00:00+00:00
[2021-06-28 15:37:29,636] {scheduler_job.py:190} INFO - Processing /home/airflow/.local/lib/python3.6/site-packages/airflow/example_dags/example_skip_dag.py took 0.122 seconds
[2021-06-28 15:37:59,850] {scheduler_job.py:182} INFO - Started process (PID=531) to work on /home/airflow/.local/lib/python3.6/site-packages/airflow/example_dags/example_skip_dag.py
[2021-06-28 15:37:59,878] {scheduler_job.py:633} INFO - Processing file /home/airflow/.local/lib/python3.6/site-packages/airflow/example_dags/example_skip_dag.py for tasks to queue
[2021-06-28 15:37:59,879] {logging_mixin.py:104} INFO - [2021-06-28 15:37:59,879] {dagbag.py:487} INFO - Filling up the DagBag from /home/airflow/.local/lib/python3.6/site-packages/airflow/example_dags/example_skip_dag.py
[2021-06-28 15:37:59,900] {scheduler_job.py:643} INFO - DAG(s) dict_keys(['example_skip_dag']) retrieved from /home/airflow/.local/lib/python3.6/site-packages/airflow/example_dags/example_skip_dag.py
[2021-06-28 15:37:59,961] {logging_mixin.py:104} INFO - [2021-06-28 15:37:59,960] {dag.py:1832} INFO - Sync 1 DAGs
[2021-06-28 15:37:59,988] {logging_mixin.py:104} INFO - [2021-06-28 15:37:59,988] {dag.py:2305} INFO - Setting next_dagrun for example_skip_dag to 2021-06-26 00:00:00+00:00
[2021-06-28 15:38:00,022] {scheduler_job.py:190} INFO - Processing /home/airflow/.local/lib/python3.6/site-packages/airflow/example_dags/example_skip_dag.py took 0.176 seconds
[2021-06-28 15:38:30,830] {scheduler_job.py:182} INFO - Started process (PID=608) to work on /home/airflow/.local/lib/python3.6/site-packages/airflow/example_dags/example_skip_dag.py
[2021-06-28 15:38:30,861] {scheduler_job.py:633} INFO - Processing file /home/airflow/.local/lib/python3.6/site-packages/airflow/example_dags/example_skip_dag.py for tasks to queue
[2021-06-28 15:38:30,862] {logging_mixin.py:104} INFO - [2021-06-28 15:38:30,862] {dagbag.py:487} INFO - Filling up the DagBag from /home/airflow/.local/lib/python3.6/site-packages/airflow/example_dags/example_skip_dag.py
[2021-06-28 15:38:30,959] {scheduler_job.py:643} INFO - DAG(s) dict_keys(['example_skip_dag']) retrieved from /home/airflow/.local/lib/python3.6/site-packages/airflow/example_dags/example_skip_dag.py
[2021-06-28 15:38:31,040] {logging_mixin.py:104} INFO - [2021-06-28 15:38:31,040] {dag.py:1832} INFO - Sync 1 DAGs
[2021-06-28 15:38:31,082] {logging_mixin.py:104} INFO - [2021-06-28 15:38:31,082] {dag.py:2305} INFO - Setting next_dagrun for example_skip_dag to 2021-06-26 00:00:00+00:00
[2021-06-28 15:38:31,099] {scheduler_job.py:190} INFO - Processing /home/airflow/.local/lib/python3.6/site-packages/airflow/example_dags/example_skip_dag.py took 0.274 seconds
[2021-06-28 15:39:01,773] {scheduler_job.py:182} INFO - Started process (PID=677) to work on /home/airflow/.local/lib/python3.6/site-packages/airflow/example_dags/example_skip_dag.py
[2021-06-28 15:39:01,784] {scheduler_job.py:633} INFO - Processing file /home/airflow/.local/lib/python3.6/site-packages/airflow/example_dags/example_skip_dag.py for tasks to queue
[2021-06-28 15:39:01,792] {logging_mixin.py:104} INFO - [2021-06-28 15:39:01,792] {dagbag.py:487} INFO - Filling up the DagBag from /home/airflow/.local/lib/python3.6/site-packages/airflow/example_dags/example_skip_dag.py
[2021-06-28 15:39:01,825] {scheduler_job.py:643} INFO - DAG(s) dict_keys(['example_skip_dag']) retrieved from /home/airflow/.local/lib/python3.6/site-packages/airflow/example_dags/example_skip_dag.py
[2021-06-28 15:39:01,930] {logging_mixin.py:104} INFO - [2021-06-28 15:39:01,930] {dag.py:1832} INFO - Sync 1 DAGs
[2021-06-28 15:39:02,013] {logging_mixin.py:104} INFO - [2021-06-28 15:39:02,012] {dag.py:2305} INFO - Setting next_dagrun for example_skip_dag to 2021-06-26 00:00:00+00:00
[2021-06-28 15:39:02,046] {scheduler_job.py:190} INFO - Processing /home/airflow/.local/lib/python3.6/site-packages/airflow/example_dags/example_skip_dag.py took 0.294 seconds
[2021-06-28 15:39:32,246] {scheduler_job.py:182} INFO - Started process (PID=737) to work on /home/airflow/.local/lib/python3.6/site-packages/airflow/example_dags/example_skip_dag.py
[2021-06-28 15:39:32,249] {scheduler_job.py:633} INFO - Processing file /home/airflow/.local/lib/python3.6/site-packages/airflow/example_dags/example_skip_dag.py for tasks to queue
[2021-06-28 15:39:32,251] {logging_mixin.py:104} INFO - [2021-06-28 15:39:32,251] {dagbag.py:487} INFO - Filling up the DagBag from /home/airflow/.local/lib/python3.6/site-packages/airflow/example_dags/example_skip_dag.py
[2021-06-28 15:39:32,273] {scheduler_job.py:643} INFO - DAG(s) dict_keys(['example_skip_dag']) retrieved from /home/airflow/.local/lib/python3.6/site-packages/airflow/example_dags/example_skip_dag.py
[2021-06-28 15:39:32,350] {logging_mixin.py:104} INFO - [2021-06-28 15:39:32,350] {dag.py:1832} INFO - Sync 1 DAGs
[2021-06-28 15:39:32,385] {logging_mixin.py:104} INFO - [2021-06-28 15:39:32,385] {dag.py:2305} INFO - Setting next_dagrun for example_skip_dag to 2021-06-26 00:00:00+00:00
[2021-06-28 15:39:32,405] {scheduler_job.py:190} INFO - Processing /home/airflow/.local/lib/python3.6/site-packages/airflow/example_dags/example_skip_dag.py took 0.163 seconds
[2021-06-28 15:40:03,069] {scheduler_job.py:182} INFO - Started process (PID=800) to work on /home/airflow/.local/lib/python3.6/site-packages/airflow/example_dags/example_skip_dag.py
[2021-06-28 15:40:03,072] {scheduler_job.py:633} INFO - Processing file /home/airflow/.local/lib/python3.6/site-packages/airflow/example_dags/example_skip_dag.py for tasks to queue
[2021-06-28 15:40:03,074] {logging_mixin.py:104} INFO - [2021-06-28 15:40:03,073] {dagbag.py:487} INFO - Filling up the DagBag from /home/airflow/.local/lib/python3.6/site-packages/airflow/example_dags/example_skip_dag.py
[2021-06-28 15:40:03,108] {scheduler_job.py:643} INFO - DAG(s) dict_keys(['example_skip_dag']) retrieved from /home/airflow/.local/lib/python3.6/site-packages/airflow/example_dags/example_skip_dag.py
[2021-06-28 15:40:03,168] {logging_mixin.py:104} INFO - [2021-06-28 15:40:03,168] {dag.py:1832} INFO - Sync 1 DAGs
[2021-06-28 15:40:03,224] {logging_mixin.py:104} INFO - [2021-06-28 15:40:03,223] {dag.py:2305} INFO - Setting next_dagrun for example_skip_dag to 2021-06-26 00:00:00+00:00
[2021-06-28 15:40:03,277] {scheduler_job.py:190} INFO - Processing /home/airflow/.local/lib/python3.6/site-packages/airflow/example_dags/example_skip_dag.py took 0.217 seconds
[2021-06-28 15:40:33,768] {scheduler_job.py:182} INFO - Started process (PID=875) to work on /home/airflow/.local/lib/python3.6/site-packages/airflow/example_dags/example_skip_dag.py
[2021-06-28 15:40:33,770] {scheduler_job.py:633} INFO - Processing file /home/airflow/.local/lib/python3.6/site-packages/airflow/example_dags/example_skip_dag.py for tasks to queue
[2021-06-28 15:40:33,771] {logging_mixin.py:104} INFO - [2021-06-28 15:40:33,771] {dagbag.py:487} INFO - Filling up the DagBag from /home/airflow/.local/lib/python3.6/site-packages/airflow/example_dags/example_skip_dag.py
[2021-06-28 15:40:33,802] {scheduler_job.py:643} INFO - DAG(s) dict_keys(['example_skip_dag']) retrieved from /home/airflow/.local/lib/python3.6/site-packages/airflow/example_dags/example_skip_dag.py
[2021-06-28 15:40:33,916] {logging_mixin.py:104} INFO - [2021-06-28 15:40:33,915] {dag.py:1832} INFO - Sync 1 DAGs
[2021-06-28 15:40:34,007] {logging_mixin.py:104} INFO - [2021-06-28 15:40:34,006] {dag.py:2305} INFO - Setting next_dagrun for example_skip_dag to 2021-06-26 00:00:00+00:00
[2021-06-28 15:40:34,083] {scheduler_job.py:190} INFO - Processing /home/airflow/.local/lib/python3.6/site-packages/airflow/example_dags/example_skip_dag.py took 0.329 seconds
[2021-06-28 15:41:04,354] {scheduler_job.py:182} INFO - Started process (PID=936) to work on /home/airflow/.local/lib/python3.6/site-packages/airflow/example_dags/example_skip_dag.py
[2021-06-28 15:41:04,356] {scheduler_job.py:633} INFO - Processing file /home/airflow/.local/lib/python3.6/site-packages/airflow/example_dags/example_skip_dag.py for tasks to queue
[2021-06-28 15:41:04,357] {logging_mixin.py:104} INFO - [2021-06-28 15:41:04,357] {dagbag.py:487} INFO - Filling up the DagBag from /home/airflow/.local/lib/python3.6/site-packages/airflow/example_dags/example_skip_dag.py
[2021-06-28 15:41:04,386] {scheduler_job.py:643} INFO - DAG(s) dict_keys(['example_skip_dag']) retrieved from /home/airflow/.local/lib/python3.6/site-packages/airflow/example_dags/example_skip_dag.py
[2021-06-28 15:41:04,430] {logging_mixin.py:104} INFO - [2021-06-28 15:41:04,430] {dag.py:1832} INFO - Sync 1 DAGs
[2021-06-28 15:41:04,461] {logging_mixin.py:104} INFO - [2021-06-28 15:41:04,461] {dag.py:2305} INFO - Setting next_dagrun for example_skip_dag to 2021-06-26 00:00:00+00:00
[2021-06-28 15:41:04,481] {scheduler_job.py:190} INFO - Processing /home/airflow/.local/lib/python3.6/site-packages/airflow/example_dags/example_skip_dag.py took 0.132 seconds
[2021-06-28 15:41:34,770] {scheduler_job.py:182} INFO - Started process (PID=997) to work on /home/airflow/.local/lib/python3.6/site-packages/airflow/example_dags/example_skip_dag.py
[2021-06-28 15:41:34,774] {scheduler_job.py:633} INFO - Processing file /home/airflow/.local/lib/python3.6/site-packages/airflow/example_dags/example_skip_dag.py for tasks to queue
[2021-06-28 15:41:34,776] {logging_mixin.py:104} INFO - [2021-06-28 15:41:34,775] {dagbag.py:487} INFO - Filling up the DagBag from /home/airflow/.local/lib/python3.6/site-packages/airflow/example_dags/example_skip_dag.py
[2021-06-28 15:41:34,796] {scheduler_job.py:643} INFO - DAG(s) dict_keys(['example_skip_dag']) retrieved from /home/airflow/.local/lib/python3.6/site-packages/airflow/example_dags/example_skip_dag.py
[2021-06-28 15:41:34,838] {logging_mixin.py:104} INFO - [2021-06-28 15:41:34,838] {dag.py:1832} INFO - Sync 1 DAGs
[2021-06-28 15:41:34,868] {logging_mixin.py:104} INFO - [2021-06-28 15:41:34,868] {dag.py:2305} INFO - Setting next_dagrun for example_skip_dag to 2021-06-26 00:00:00+00:00
[2021-06-28 15:41:34,888] {scheduler_job.py:190} INFO - Processing /home/airflow/.local/lib/python3.6/site-packages/airflow/example_dags/example_skip_dag.py took 0.122 seconds
[2021-06-28 15:42:05,087] {scheduler_job.py:182} INFO - Started process (PID=1057) to work on /home/airflow/.local/lib/python3.6/site-packages/airflow/example_dags/example_skip_dag.py
[2021-06-28 15:42:05,089] {scheduler_job.py:633} INFO - Processing file /home/airflow/.local/lib/python3.6/site-packages/airflow/example_dags/example_skip_dag.py for tasks to queue
[2021-06-28 15:42:05,090] {logging_mixin.py:104} INFO - [2021-06-28 15:42:05,089] {dagbag.py:487} INFO - Filling up the DagBag from /home/airflow/.local/lib/python3.6/site-packages/airflow/example_dags/example_skip_dag.py
[2021-06-28 15:42:05,108] {scheduler_job.py:643} INFO - DAG(s) dict_keys(['example_skip_dag']) retrieved from /home/airflow/.local/lib/python3.6/site-packages/airflow/example_dags/example_skip_dag.py
[2021-06-28 15:42:05,153] {logging_mixin.py:104} INFO - [2021-06-28 15:42:05,153] {dag.py:1832} INFO - Sync 1 DAGs
[2021-06-28 15:42:05,175] {logging_mixin.py:104} INFO - [2021-06-28 15:42:05,175] {dag.py:2305} INFO - Setting next_dagrun for example_skip_dag to 2021-06-26 00:00:00+00:00
[2021-06-28 15:42:05,197] {scheduler_job.py:190} INFO - Processing /home/airflow/.local/lib/python3.6/site-packages/airflow/example_dags/example_skip_dag.py took 0.114 seconds
[2021-06-28 15:42:35,526] {scheduler_job.py:182} INFO - Started process (PID=1128) to work on /home/airflow/.local/lib/python3.6/site-packages/airflow/example_dags/example_skip_dag.py
[2021-06-28 15:42:35,527] {scheduler_job.py:633} INFO - Processing file /home/airflow/.local/lib/python3.6/site-packages/airflow/example_dags/example_skip_dag.py for tasks to queue
[2021-06-28 15:42:35,528] {logging_mixin.py:104} INFO - [2021-06-28 15:42:35,528] {dagbag.py:487} INFO - Filling up the DagBag from /home/airflow/.local/lib/python3.6/site-packages/airflow/example_dags/example_skip_dag.py
[2021-06-28 15:42:35,575] {scheduler_job.py:643} INFO - DAG(s) dict_keys(['example_skip_dag']) retrieved from /home/airflow/.local/lib/python3.6/site-packages/airflow/example_dags/example_skip_dag.py
[2021-06-28 15:42:35,624] {logging_mixin.py:104} INFO - [2021-06-28 15:42:35,623] {dag.py:1832} INFO - Sync 1 DAGs
[2021-06-28 15:42:35,688] {logging_mixin.py:104} INFO - [2021-06-28 15:42:35,688] {dag.py:2305} INFO - Setting next_dagrun for example_skip_dag to 2021-06-26 00:00:00+00:00
[2021-06-28 15:42:35,715] {scheduler_job.py:190} INFO - Processing /home/airflow/.local/lib/python3.6/site-packages/airflow/example_dags/example_skip_dag.py took 0.195 seconds
[2021-06-28 15:43:05,769] {scheduler_job.py:182} INFO - Started process (PID=1190) to work on /home/airflow/.local/lib/python3.6/site-packages/airflow/example_dags/example_skip_dag.py
[2021-06-28 15:43:05,770] {scheduler_job.py:633} INFO - Processing file /home/airflow/.local/lib/python3.6/site-packages/airflow/example_dags/example_skip_dag.py for tasks to queue
[2021-06-28 15:43:05,771] {logging_mixin.py:104} INFO - [2021-06-28 15:43:05,771] {dagbag.py:487} INFO - Filling up the DagBag from /home/airflow/.local/lib/python3.6/site-packages/airflow/example_dags/example_skip_dag.py
[2021-06-28 15:43:05,788] {scheduler_job.py:643} INFO - DAG(s) dict_keys(['example_skip_dag']) retrieved from /home/airflow/.local/lib/python3.6/site-packages/airflow/example_dags/example_skip_dag.py
[2021-06-28 15:43:05,845] {logging_mixin.py:104} INFO - [2021-06-28 15:43:05,845] {dag.py:1832} INFO - Sync 1 DAGs
[2021-06-28 15:43:05,874] {logging_mixin.py:104} INFO - [2021-06-28 15:43:05,874] {dag.py:2305} INFO - Setting next_dagrun for example_skip_dag to 2021-06-26 00:00:00+00:00
[2021-06-28 15:43:05,891] {scheduler_job.py:190} INFO - Processing /home/airflow/.local/lib/python3.6/site-packages/airflow/example_dags/example_skip_dag.py took 0.126 seconds
[2021-06-28 15:43:36,198] {scheduler_job.py:182} INFO - Started process (PID=1247) to work on /home/airflow/.local/lib/python3.6/site-packages/airflow/example_dags/example_skip_dag.py
[2021-06-28 15:43:36,199] {scheduler_job.py:633} INFO - Processing file /home/airflow/.local/lib/python3.6/site-packages/airflow/example_dags/example_skip_dag.py for tasks to queue
[2021-06-28 15:43:36,200] {logging_mixin.py:104} INFO - [2021-06-28 15:43:36,200] {dagbag.py:487} INFO - Filling up the DagBag from /home/airflow/.local/lib/python3.6/site-packages/airflow/example_dags/example_skip_dag.py
[2021-06-28 15:43:36,217] {scheduler_job.py:643} INFO - DAG(s) dict_keys(['example_skip_dag']) retrieved from /home/airflow/.local/lib/python3.6/site-packages/airflow/example_dags/example_skip_dag.py
[2021-06-28 15:43:36,260] {logging_mixin.py:104} INFO - [2021-06-28 15:43:36,260] {dag.py:1832} INFO - Sync 1 DAGs
[2021-06-28 15:43:36,304] {logging_mixin.py:104} INFO - [2021-06-28 15:43:36,303] {dag.py:2305} INFO - Setting next_dagrun for example_skip_dag to 2021-06-26 00:00:00+00:00
[2021-06-28 15:43:36,337] {scheduler_job.py:190} INFO - Processing /home/airflow/.local/lib/python3.6/site-packages/airflow/example_dags/example_skip_dag.py took 0.144 seconds
[2021-06-28 15:44:06,518] {scheduler_job.py:182} INFO - Started process (PID=1306) to work on /home/airflow/.local/lib/python3.6/site-packages/airflow/example_dags/example_skip_dag.py
[2021-06-28 15:44:06,520] {scheduler_job.py:633} INFO - Processing file /home/airflow/.local/lib/python3.6/site-packages/airflow/example_dags/example_skip_dag.py for tasks to queue
[2021-06-28 15:44:06,520] {logging_mixin.py:104} INFO - [2021-06-28 15:44:06,520] {dagbag.py:487} INFO - Filling up the DagBag from /home/airflow/.local/lib/python3.6/site-packages/airflow/example_dags/example_skip_dag.py
[2021-06-28 15:44:06,538] {scheduler_job.py:643} INFO - DAG(s) dict_keys(['example_skip_dag']) retrieved from /home/airflow/.local/lib/python3.6/site-packages/airflow/example_dags/example_skip_dag.py
[2021-06-28 15:44:06,624] {logging_mixin.py:104} INFO - [2021-06-28 15:44:06,624] {dag.py:1832} INFO - Sync 1 DAGs
[2021-06-28 15:44:06,660] {logging_mixin.py:104} INFO - [2021-06-28 15:44:06,659] {dag.py:2305} INFO - Setting next_dagrun for example_skip_dag to 2021-06-26 00:00:00+00:00
[2021-06-28 15:44:06,680] {scheduler_job.py:190} INFO - Processing /home/airflow/.local/lib/python3.6/site-packages/airflow/example_dags/example_skip_dag.py took 0.166 seconds
