[2021-06-28 15:16:05,538] {scheduler_job.py:182} INFO - Started process (PID=71) to work on /home/airflow/.local/lib/python3.6/site-packages/airflow/example_dags/example_kubernetes_executor.py
[2021-06-28 15:16:05,540] {scheduler_job.py:633} INFO - Processing file /home/airflow/.local/lib/python3.6/site-packages/airflow/example_dags/example_kubernetes_executor.py for tasks to queue
[2021-06-28 15:16:05,541] {logging_mixin.py:104} INFO - [2021-06-28 15:16:05,541] {dagbag.py:487} INFO - Filling up the DagBag from /home/airflow/.local/lib/python3.6/site-packages/airflow/example_dags/example_kubernetes_executor.py
[2021-06-28 15:16:05,722] {scheduler_job.py:643} INFO - DAG(s) dict_keys(['example_kubernetes_executor']) retrieved from /home/airflow/.local/lib/python3.6/site-packages/airflow/example_dags/example_kubernetes_executor.py
[2021-06-28 15:16:09,954] {logging_mixin.py:104} INFO - [2021-06-28 15:16:09,940] {dag.py:1832} INFO - Sync 1 DAGs
[2021-06-28 15:16:10,040] {logging_mixin.py:104} INFO - [2021-06-28 15:16:10,034] {dag.py:2305} INFO - Setting next_dagrun for example_kubernetes_executor to None
[2021-06-28 15:16:10,139] {scheduler_job.py:190} INFO - Processing /home/airflow/.local/lib/python3.6/site-packages/airflow/example_dags/example_kubernetes_executor.py took 4.609 seconds
[2021-06-28 15:16:40,581] {scheduler_job.py:182} INFO - Started process (PID=130) to work on /home/airflow/.local/lib/python3.6/site-packages/airflow/example_dags/example_kubernetes_executor.py
[2021-06-28 15:16:40,582] {scheduler_job.py:633} INFO - Processing file /home/airflow/.local/lib/python3.6/site-packages/airflow/example_dags/example_kubernetes_executor.py for tasks to queue
[2021-06-28 15:16:40,603] {logging_mixin.py:104} INFO - [2021-06-28 15:16:40,603] {dagbag.py:487} INFO - Filling up the DagBag from /home/airflow/.local/lib/python3.6/site-packages/airflow/example_dags/example_kubernetes_executor.py
[2021-06-28 15:16:40,675] {scheduler_job.py:643} INFO - DAG(s) dict_keys(['example_kubernetes_executor']) retrieved from /home/airflow/.local/lib/python3.6/site-packages/airflow/example_dags/example_kubernetes_executor.py
[2021-06-28 15:16:40,773] {logging_mixin.py:104} INFO - [2021-06-28 15:16:40,773] {dag.py:1832} INFO - Sync 1 DAGs
[2021-06-28 15:16:40,808] {logging_mixin.py:104} INFO - [2021-06-28 15:16:40,808] {dag.py:2305} INFO - Setting next_dagrun for example_kubernetes_executor to None
[2021-06-28 15:16:40,836] {scheduler_job.py:190} INFO - Processing /home/airflow/.local/lib/python3.6/site-packages/airflow/example_dags/example_kubernetes_executor.py took 0.262 seconds
[2021-06-28 15:17:11,137] {scheduler_job.py:182} INFO - Started process (PID=191) to work on /home/airflow/.local/lib/python3.6/site-packages/airflow/example_dags/example_kubernetes_executor.py
[2021-06-28 15:17:11,140] {scheduler_job.py:633} INFO - Processing file /home/airflow/.local/lib/python3.6/site-packages/airflow/example_dags/example_kubernetes_executor.py for tasks to queue
[2021-06-28 15:17:11,142] {logging_mixin.py:104} INFO - [2021-06-28 15:17:11,142] {dagbag.py:487} INFO - Filling up the DagBag from /home/airflow/.local/lib/python3.6/site-packages/airflow/example_dags/example_kubernetes_executor.py
[2021-06-28 15:17:11,166] {scheduler_job.py:643} INFO - DAG(s) dict_keys(['example_kubernetes_executor']) retrieved from /home/airflow/.local/lib/python3.6/site-packages/airflow/example_dags/example_kubernetes_executor.py
[2021-06-28 15:17:11,277] {logging_mixin.py:104} INFO - [2021-06-28 15:17:11,275] {dag.py:1832} INFO - Sync 1 DAGs
[2021-06-28 15:17:11,310] {logging_mixin.py:104} INFO - [2021-06-28 15:17:11,310] {dag.py:2305} INFO - Setting next_dagrun for example_kubernetes_executor to None
[2021-06-28 15:17:11,335] {scheduler_job.py:190} INFO - Processing /home/airflow/.local/lib/python3.6/site-packages/airflow/example_dags/example_kubernetes_executor.py took 0.206 seconds
[2021-06-28 15:17:41,452] {scheduler_job.py:182} INFO - Started process (PID=255) to work on /home/airflow/.local/lib/python3.6/site-packages/airflow/example_dags/example_kubernetes_executor.py
[2021-06-28 15:17:41,464] {scheduler_job.py:633} INFO - Processing file /home/airflow/.local/lib/python3.6/site-packages/airflow/example_dags/example_kubernetes_executor.py for tasks to queue
[2021-06-28 15:17:41,465] {logging_mixin.py:104} INFO - [2021-06-28 15:17:41,465] {dagbag.py:487} INFO - Filling up the DagBag from /home/airflow/.local/lib/python3.6/site-packages/airflow/example_dags/example_kubernetes_executor.py
[2021-06-28 15:17:41,534] {scheduler_job.py:643} INFO - DAG(s) dict_keys(['example_kubernetes_executor']) retrieved from /home/airflow/.local/lib/python3.6/site-packages/airflow/example_dags/example_kubernetes_executor.py
[2021-06-28 15:17:41,571] {logging_mixin.py:104} INFO - [2021-06-28 15:17:41,571] {dag.py:1832} INFO - Sync 1 DAGs
[2021-06-28 15:17:41,606] {logging_mixin.py:104} INFO - [2021-06-28 15:17:41,606] {dag.py:2305} INFO - Setting next_dagrun for example_kubernetes_executor to None
[2021-06-28 15:17:41,637] {scheduler_job.py:190} INFO - Processing /home/airflow/.local/lib/python3.6/site-packages/airflow/example_dags/example_kubernetes_executor.py took 0.190 seconds
[2021-06-28 15:18:12,502] {scheduler_job.py:182} INFO - Started process (PID=312) to work on /home/airflow/.local/lib/python3.6/site-packages/airflow/example_dags/example_kubernetes_executor.py
[2021-06-28 15:18:12,503] {scheduler_job.py:633} INFO - Processing file /home/airflow/.local/lib/python3.6/site-packages/airflow/example_dags/example_kubernetes_executor.py for tasks to queue
[2021-06-28 15:18:12,504] {logging_mixin.py:104} INFO - [2021-06-28 15:18:12,504] {dagbag.py:487} INFO - Filling up the DagBag from /home/airflow/.local/lib/python3.6/site-packages/airflow/example_dags/example_kubernetes_executor.py
[2021-06-28 15:18:12,528] {scheduler_job.py:643} INFO - DAG(s) dict_keys(['example_kubernetes_executor']) retrieved from /home/airflow/.local/lib/python3.6/site-packages/airflow/example_dags/example_kubernetes_executor.py
[2021-06-28 15:18:12,568] {logging_mixin.py:104} INFO - [2021-06-28 15:18:12,567] {dag.py:1832} INFO - Sync 1 DAGs
[2021-06-28 15:18:12,592] {logging_mixin.py:104} INFO - [2021-06-28 15:18:12,591] {dag.py:2305} INFO - Setting next_dagrun for example_kubernetes_executor to None
[2021-06-28 15:18:12,632] {scheduler_job.py:190} INFO - Processing /home/airflow/.local/lib/python3.6/site-packages/airflow/example_dags/example_kubernetes_executor.py took 0.137 seconds
[2021-06-28 15:18:43,561] {scheduler_job.py:182} INFO - Started process (PID=383) to work on /home/airflow/.local/lib/python3.6/site-packages/airflow/example_dags/example_kubernetes_executor.py
[2021-06-28 15:18:43,563] {scheduler_job.py:633} INFO - Processing file /home/airflow/.local/lib/python3.6/site-packages/airflow/example_dags/example_kubernetes_executor.py for tasks to queue
[2021-06-28 15:18:43,563] {logging_mixin.py:104} INFO - [2021-06-28 15:18:43,563] {dagbag.py:487} INFO - Filling up the DagBag from /home/airflow/.local/lib/python3.6/site-packages/airflow/example_dags/example_kubernetes_executor.py
[2021-06-28 15:18:43,588] {scheduler_job.py:643} INFO - DAG(s) dict_keys(['example_kubernetes_executor']) retrieved from /home/airflow/.local/lib/python3.6/site-packages/airflow/example_dags/example_kubernetes_executor.py
[2021-06-28 15:18:43,655] {logging_mixin.py:104} INFO - [2021-06-28 15:18:43,655] {dag.py:1832} INFO - Sync 1 DAGs
[2021-06-28 15:18:43,764] {logging_mixin.py:104} INFO - [2021-06-28 15:18:43,764] {dag.py:2305} INFO - Setting next_dagrun for example_kubernetes_executor to None
[2021-06-28 15:18:43,811] {scheduler_job.py:190} INFO - Processing /home/airflow/.local/lib/python3.6/site-packages/airflow/example_dags/example_kubernetes_executor.py took 0.259 seconds
[2021-06-28 15:19:14,561] {scheduler_job.py:182} INFO - Started process (PID=445) to work on /home/airflow/.local/lib/python3.6/site-packages/airflow/example_dags/example_kubernetes_executor.py
[2021-06-28 15:19:14,579] {scheduler_job.py:633} INFO - Processing file /home/airflow/.local/lib/python3.6/site-packages/airflow/example_dags/example_kubernetes_executor.py for tasks to queue
[2021-06-28 15:19:14,583] {logging_mixin.py:104} INFO - [2021-06-28 15:19:14,583] {dagbag.py:487} INFO - Filling up the DagBag from /home/airflow/.local/lib/python3.6/site-packages/airflow/example_dags/example_kubernetes_executor.py
[2021-06-28 15:19:14,704] {scheduler_job.py:643} INFO - DAG(s) dict_keys(['example_kubernetes_executor']) retrieved from /home/airflow/.local/lib/python3.6/site-packages/airflow/example_dags/example_kubernetes_executor.py
[2021-06-28 15:19:14,807] {logging_mixin.py:104} INFO - [2021-06-28 15:19:14,807] {dag.py:1832} INFO - Sync 1 DAGs
[2021-06-28 15:19:15,004] {logging_mixin.py:104} INFO - [2021-06-28 15:19:15,004] {dag.py:2305} INFO - Setting next_dagrun for example_kubernetes_executor to None
[2021-06-28 15:19:15,060] {scheduler_job.py:190} INFO - Processing /home/airflow/.local/lib/python3.6/site-packages/airflow/example_dags/example_kubernetes_executor.py took 0.514 seconds
[2021-06-28 15:19:45,208] {scheduler_job.py:182} INFO - Started process (PID=500) to work on /home/airflow/.local/lib/python3.6/site-packages/airflow/example_dags/example_kubernetes_executor.py
[2021-06-28 15:19:45,217] {scheduler_job.py:633} INFO - Processing file /home/airflow/.local/lib/python3.6/site-packages/airflow/example_dags/example_kubernetes_executor.py for tasks to queue
[2021-06-28 15:19:45,223] {logging_mixin.py:104} INFO - [2021-06-28 15:19:45,223] {dagbag.py:487} INFO - Filling up the DagBag from /home/airflow/.local/lib/python3.6/site-packages/airflow/example_dags/example_kubernetes_executor.py
[2021-06-28 15:19:45,294] {scheduler_job.py:643} INFO - DAG(s) dict_keys(['example_kubernetes_executor']) retrieved from /home/airflow/.local/lib/python3.6/site-packages/airflow/example_dags/example_kubernetes_executor.py
[2021-06-28 15:19:45,519] {logging_mixin.py:104} INFO - [2021-06-28 15:19:45,519] {dag.py:1832} INFO - Sync 1 DAGs
[2021-06-28 15:19:45,610] {logging_mixin.py:104} INFO - [2021-06-28 15:19:45,610] {dag.py:2305} INFO - Setting next_dagrun for example_kubernetes_executor to None
[2021-06-28 15:19:45,663] {scheduler_job.py:190} INFO - Processing /home/airflow/.local/lib/python3.6/site-packages/airflow/example_dags/example_kubernetes_executor.py took 0.466 seconds
[2021-06-28 15:20:16,220] {scheduler_job.py:182} INFO - Started process (PID=570) to work on /home/airflow/.local/lib/python3.6/site-packages/airflow/example_dags/example_kubernetes_executor.py
[2021-06-28 15:20:16,237] {scheduler_job.py:633} INFO - Processing file /home/airflow/.local/lib/python3.6/site-packages/airflow/example_dags/example_kubernetes_executor.py for tasks to queue
[2021-06-28 15:20:16,238] {logging_mixin.py:104} INFO - [2021-06-28 15:20:16,238] {dagbag.py:487} INFO - Filling up the DagBag from /home/airflow/.local/lib/python3.6/site-packages/airflow/example_dags/example_kubernetes_executor.py
[2021-06-28 15:20:16,292] {scheduler_job.py:643} INFO - DAG(s) dict_keys(['example_kubernetes_executor']) retrieved from /home/airflow/.local/lib/python3.6/site-packages/airflow/example_dags/example_kubernetes_executor.py
[2021-06-28 15:20:16,401] {logging_mixin.py:104} INFO - [2021-06-28 15:20:16,401] {dag.py:1832} INFO - Sync 1 DAGs
[2021-06-28 15:20:16,443] {logging_mixin.py:104} INFO - [2021-06-28 15:20:16,443] {dag.py:2305} INFO - Setting next_dagrun for example_kubernetes_executor to None
[2021-06-28 15:20:16,489] {scheduler_job.py:190} INFO - Processing /home/airflow/.local/lib/python3.6/site-packages/airflow/example_dags/example_kubernetes_executor.py took 0.274 seconds
[2021-06-28 15:20:47,178] {scheduler_job.py:182} INFO - Started process (PID=628) to work on /home/airflow/.local/lib/python3.6/site-packages/airflow/example_dags/example_kubernetes_executor.py
[2021-06-28 15:20:47,181] {scheduler_job.py:633} INFO - Processing file /home/airflow/.local/lib/python3.6/site-packages/airflow/example_dags/example_kubernetes_executor.py for tasks to queue
[2021-06-28 15:20:47,185] {logging_mixin.py:104} INFO - [2021-06-28 15:20:47,184] {dagbag.py:487} INFO - Filling up the DagBag from /home/airflow/.local/lib/python3.6/site-packages/airflow/example_dags/example_kubernetes_executor.py
[2021-06-28 15:20:47,218] {scheduler_job.py:643} INFO - DAG(s) dict_keys(['example_kubernetes_executor']) retrieved from /home/airflow/.local/lib/python3.6/site-packages/airflow/example_dags/example_kubernetes_executor.py
[2021-06-28 15:20:47,294] {logging_mixin.py:104} INFO - [2021-06-28 15:20:47,294] {dag.py:1832} INFO - Sync 1 DAGs
[2021-06-28 15:20:47,337] {logging_mixin.py:104} INFO - [2021-06-28 15:20:47,337] {dag.py:2305} INFO - Setting next_dagrun for example_kubernetes_executor to None
[2021-06-28 15:20:47,368] {scheduler_job.py:190} INFO - Processing /home/airflow/.local/lib/python3.6/site-packages/airflow/example_dags/example_kubernetes_executor.py took 0.205 seconds
[2021-06-28 15:21:17,527] {scheduler_job.py:182} INFO - Started process (PID=687) to work on /home/airflow/.local/lib/python3.6/site-packages/airflow/example_dags/example_kubernetes_executor.py
[2021-06-28 15:21:17,529] {scheduler_job.py:633} INFO - Processing file /home/airflow/.local/lib/python3.6/site-packages/airflow/example_dags/example_kubernetes_executor.py for tasks to queue
[2021-06-28 15:21:17,531] {logging_mixin.py:104} INFO - [2021-06-28 15:21:17,531] {dagbag.py:487} INFO - Filling up the DagBag from /home/airflow/.local/lib/python3.6/site-packages/airflow/example_dags/example_kubernetes_executor.py
[2021-06-28 15:21:17,554] {scheduler_job.py:643} INFO - DAG(s) dict_keys(['example_kubernetes_executor']) retrieved from /home/airflow/.local/lib/python3.6/site-packages/airflow/example_dags/example_kubernetes_executor.py
[2021-06-28 15:21:17,619] {logging_mixin.py:104} INFO - [2021-06-28 15:21:17,618] {dag.py:1832} INFO - Sync 1 DAGs
[2021-06-28 15:21:17,683] {logging_mixin.py:104} INFO - [2021-06-28 15:21:17,683] {dag.py:2305} INFO - Setting next_dagrun for example_kubernetes_executor to None
[2021-06-28 15:21:17,701] {scheduler_job.py:190} INFO - Processing /home/airflow/.local/lib/python3.6/site-packages/airflow/example_dags/example_kubernetes_executor.py took 0.179 seconds
[2021-06-28 15:21:47,965] {scheduler_job.py:182} INFO - Started process (PID=747) to work on /home/airflow/.local/lib/python3.6/site-packages/airflow/example_dags/example_kubernetes_executor.py
[2021-06-28 15:21:47,972] {scheduler_job.py:633} INFO - Processing file /home/airflow/.local/lib/python3.6/site-packages/airflow/example_dags/example_kubernetes_executor.py for tasks to queue
[2021-06-28 15:21:47,986] {logging_mixin.py:104} INFO - [2021-06-28 15:21:47,985] {dagbag.py:487} INFO - Filling up the DagBag from /home/airflow/.local/lib/python3.6/site-packages/airflow/example_dags/example_kubernetes_executor.py
[2021-06-28 15:21:48,104] {scheduler_job.py:643} INFO - DAG(s) dict_keys(['example_kubernetes_executor']) retrieved from /home/airflow/.local/lib/python3.6/site-packages/airflow/example_dags/example_kubernetes_executor.py
[2021-06-28 15:21:48,190] {logging_mixin.py:104} INFO - [2021-06-28 15:21:48,190] {dag.py:1832} INFO - Sync 1 DAGs
[2021-06-28 15:21:48,218] {logging_mixin.py:104} INFO - [2021-06-28 15:21:48,218] {dag.py:2305} INFO - Setting next_dagrun for example_kubernetes_executor to None
[2021-06-28 15:21:48,241] {scheduler_job.py:190} INFO - Processing /home/airflow/.local/lib/python3.6/site-packages/airflow/example_dags/example_kubernetes_executor.py took 0.293 seconds
[2021-06-28 15:22:18,387] {scheduler_job.py:182} INFO - Started process (PID=806) to work on /home/airflow/.local/lib/python3.6/site-packages/airflow/example_dags/example_kubernetes_executor.py
[2021-06-28 15:22:18,390] {scheduler_job.py:633} INFO - Processing file /home/airflow/.local/lib/python3.6/site-packages/airflow/example_dags/example_kubernetes_executor.py for tasks to queue
[2021-06-28 15:22:18,399] {logging_mixin.py:104} INFO - [2021-06-28 15:22:18,399] {dagbag.py:487} INFO - Filling up the DagBag from /home/airflow/.local/lib/python3.6/site-packages/airflow/example_dags/example_kubernetes_executor.py
[2021-06-28 15:22:18,443] {scheduler_job.py:643} INFO - DAG(s) dict_keys(['example_kubernetes_executor']) retrieved from /home/airflow/.local/lib/python3.6/site-packages/airflow/example_dags/example_kubernetes_executor.py
[2021-06-28 15:22:18,538] {logging_mixin.py:104} INFO - [2021-06-28 15:22:18,538] {dag.py:1832} INFO - Sync 1 DAGs
[2021-06-28 15:22:18,617] {logging_mixin.py:104} INFO - [2021-06-28 15:22:18,617] {dag.py:2305} INFO - Setting next_dagrun for example_kubernetes_executor to None
[2021-06-28 15:22:18,655] {scheduler_job.py:190} INFO - Processing /home/airflow/.local/lib/python3.6/site-packages/airflow/example_dags/example_kubernetes_executor.py took 0.280 seconds
[2021-06-28 15:22:48,797] {scheduler_job.py:182} INFO - Started process (PID=864) to work on /home/airflow/.local/lib/python3.6/site-packages/airflow/example_dags/example_kubernetes_executor.py
[2021-06-28 15:22:48,809] {scheduler_job.py:633} INFO - Processing file /home/airflow/.local/lib/python3.6/site-packages/airflow/example_dags/example_kubernetes_executor.py for tasks to queue
[2021-06-28 15:22:48,810] {logging_mixin.py:104} INFO - [2021-06-28 15:22:48,810] {dagbag.py:487} INFO - Filling up the DagBag from /home/airflow/.local/lib/python3.6/site-packages/airflow/example_dags/example_kubernetes_executor.py
[2021-06-28 15:22:48,845] {scheduler_job.py:643} INFO - DAG(s) dict_keys(['example_kubernetes_executor']) retrieved from /home/airflow/.local/lib/python3.6/site-packages/airflow/example_dags/example_kubernetes_executor.py
[2021-06-28 15:22:48,908] {logging_mixin.py:104} INFO - [2021-06-28 15:22:48,908] {dag.py:1832} INFO - Sync 1 DAGs
[2021-06-28 15:22:48,939] {logging_mixin.py:104} INFO - [2021-06-28 15:22:48,939] {dag.py:2305} INFO - Setting next_dagrun for example_kubernetes_executor to None
[2021-06-28 15:22:48,964] {scheduler_job.py:190} INFO - Processing /home/airflow/.local/lib/python3.6/site-packages/airflow/example_dags/example_kubernetes_executor.py took 0.181 seconds
[2021-06-28 15:23:19,138] {scheduler_job.py:182} INFO - Started process (PID=924) to work on /home/airflow/.local/lib/python3.6/site-packages/airflow/example_dags/example_kubernetes_executor.py
[2021-06-28 15:23:19,141] {scheduler_job.py:633} INFO - Processing file /home/airflow/.local/lib/python3.6/site-packages/airflow/example_dags/example_kubernetes_executor.py for tasks to queue
[2021-06-28 15:23:19,143] {logging_mixin.py:104} INFO - [2021-06-28 15:23:19,143] {dagbag.py:487} INFO - Filling up the DagBag from /home/airflow/.local/lib/python3.6/site-packages/airflow/example_dags/example_kubernetes_executor.py
[2021-06-28 15:23:19,170] {scheduler_job.py:643} INFO - DAG(s) dict_keys(['example_kubernetes_executor']) retrieved from /home/airflow/.local/lib/python3.6/site-packages/airflow/example_dags/example_kubernetes_executor.py
[2021-06-28 15:23:19,213] {logging_mixin.py:104} INFO - [2021-06-28 15:23:19,213] {dag.py:1832} INFO - Sync 1 DAGs
[2021-06-28 15:23:19,245] {logging_mixin.py:104} INFO - [2021-06-28 15:23:19,245] {dag.py:2305} INFO - Setting next_dagrun for example_kubernetes_executor to None
[2021-06-28 15:23:19,268] {scheduler_job.py:190} INFO - Processing /home/airflow/.local/lib/python3.6/site-packages/airflow/example_dags/example_kubernetes_executor.py took 0.136 seconds
[2021-06-28 15:23:50,063] {scheduler_job.py:182} INFO - Started process (PID=982) to work on /home/airflow/.local/lib/python3.6/site-packages/airflow/example_dags/example_kubernetes_executor.py
[2021-06-28 15:23:50,064] {scheduler_job.py:633} INFO - Processing file /home/airflow/.local/lib/python3.6/site-packages/airflow/example_dags/example_kubernetes_executor.py for tasks to queue
[2021-06-28 15:23:50,065] {logging_mixin.py:104} INFO - [2021-06-28 15:23:50,065] {dagbag.py:487} INFO - Filling up the DagBag from /home/airflow/.local/lib/python3.6/site-packages/airflow/example_dags/example_kubernetes_executor.py
[2021-06-28 15:23:50,084] {scheduler_job.py:643} INFO - DAG(s) dict_keys(['example_kubernetes_executor']) retrieved from /home/airflow/.local/lib/python3.6/site-packages/airflow/example_dags/example_kubernetes_executor.py
[2021-06-28 15:23:50,113] {logging_mixin.py:104} INFO - [2021-06-28 15:23:50,113] {dag.py:1832} INFO - Sync 1 DAGs
[2021-06-28 15:23:50,153] {logging_mixin.py:104} INFO - [2021-06-28 15:23:50,153] {dag.py:2305} INFO - Setting next_dagrun for example_kubernetes_executor to None
[2021-06-28 15:23:50,171] {scheduler_job.py:190} INFO - Processing /home/airflow/.local/lib/python3.6/site-packages/airflow/example_dags/example_kubernetes_executor.py took 0.117 seconds
[2021-06-28 15:24:20,869] {scheduler_job.py:182} INFO - Started process (PID=1056) to work on /home/airflow/.local/lib/python3.6/site-packages/airflow/example_dags/example_kubernetes_executor.py
[2021-06-28 15:24:20,870] {scheduler_job.py:633} INFO - Processing file /home/airflow/.local/lib/python3.6/site-packages/airflow/example_dags/example_kubernetes_executor.py for tasks to queue
[2021-06-28 15:24:20,871] {logging_mixin.py:104} INFO - [2021-06-28 15:24:20,871] {dagbag.py:487} INFO - Filling up the DagBag from /home/airflow/.local/lib/python3.6/site-packages/airflow/example_dags/example_kubernetes_executor.py
[2021-06-28 15:24:20,893] {scheduler_job.py:643} INFO - DAG(s) dict_keys(['example_kubernetes_executor']) retrieved from /home/airflow/.local/lib/python3.6/site-packages/airflow/example_dags/example_kubernetes_executor.py
[2021-06-28 15:24:20,926] {logging_mixin.py:104} INFO - [2021-06-28 15:24:20,926] {dag.py:1832} INFO - Sync 1 DAGs
[2021-06-28 15:24:20,951] {logging_mixin.py:104} INFO - [2021-06-28 15:24:20,951] {dag.py:2305} INFO - Setting next_dagrun for example_kubernetes_executor to None
[2021-06-28 15:24:20,967] {scheduler_job.py:190} INFO - Processing /home/airflow/.local/lib/python3.6/site-packages/airflow/example_dags/example_kubernetes_executor.py took 0.102 seconds
[2021-06-28 15:24:51,432] {scheduler_job.py:182} INFO - Started process (PID=1115) to work on /home/airflow/.local/lib/python3.6/site-packages/airflow/example_dags/example_kubernetes_executor.py
[2021-06-28 15:24:51,447] {scheduler_job.py:633} INFO - Processing file /home/airflow/.local/lib/python3.6/site-packages/airflow/example_dags/example_kubernetes_executor.py for tasks to queue
[2021-06-28 15:24:51,448] {logging_mixin.py:104} INFO - [2021-06-28 15:24:51,448] {dagbag.py:487} INFO - Filling up the DagBag from /home/airflow/.local/lib/python3.6/site-packages/airflow/example_dags/example_kubernetes_executor.py
[2021-06-28 15:24:51,484] {scheduler_job.py:643} INFO - DAG(s) dict_keys(['example_kubernetes_executor']) retrieved from /home/airflow/.local/lib/python3.6/site-packages/airflow/example_dags/example_kubernetes_executor.py
[2021-06-28 15:24:51,518] {logging_mixin.py:104} INFO - [2021-06-28 15:24:51,518] {dag.py:1832} INFO - Sync 1 DAGs
[2021-06-28 15:24:51,544] {logging_mixin.py:104} INFO - [2021-06-28 15:24:51,544] {dag.py:2305} INFO - Setting next_dagrun for example_kubernetes_executor to None
[2021-06-28 15:24:51,569] {scheduler_job.py:190} INFO - Processing /home/airflow/.local/lib/python3.6/site-packages/airflow/example_dags/example_kubernetes_executor.py took 0.142 seconds
[2021-06-28 15:25:21,874] {scheduler_job.py:182} INFO - Started process (PID=1178) to work on /home/airflow/.local/lib/python3.6/site-packages/airflow/example_dags/example_kubernetes_executor.py
[2021-06-28 15:25:21,876] {scheduler_job.py:633} INFO - Processing file /home/airflow/.local/lib/python3.6/site-packages/airflow/example_dags/example_kubernetes_executor.py for tasks to queue
[2021-06-28 15:25:21,878] {logging_mixin.py:104} INFO - [2021-06-28 15:25:21,877] {dagbag.py:487} INFO - Filling up the DagBag from /home/airflow/.local/lib/python3.6/site-packages/airflow/example_dags/example_kubernetes_executor.py
[2021-06-28 15:25:21,911] {scheduler_job.py:643} INFO - DAG(s) dict_keys(['example_kubernetes_executor']) retrieved from /home/airflow/.local/lib/python3.6/site-packages/airflow/example_dags/example_kubernetes_executor.py
[2021-06-28 15:25:21,975] {logging_mixin.py:104} INFO - [2021-06-28 15:25:21,971] {dag.py:1832} INFO - Sync 1 DAGs
[2021-06-28 15:25:22,042] {logging_mixin.py:104} INFO - [2021-06-28 15:25:22,042] {dag.py:2305} INFO - Setting next_dagrun for example_kubernetes_executor to None
[2021-06-28 15:25:22,092] {scheduler_job.py:190} INFO - Processing /home/airflow/.local/lib/python3.6/site-packages/airflow/example_dags/example_kubernetes_executor.py took 0.230 seconds
[2021-06-28 15:25:52,884] {scheduler_job.py:182} INFO - Started process (PID=1236) to work on /home/airflow/.local/lib/python3.6/site-packages/airflow/example_dags/example_kubernetes_executor.py
[2021-06-28 15:25:52,894] {scheduler_job.py:633} INFO - Processing file /home/airflow/.local/lib/python3.6/site-packages/airflow/example_dags/example_kubernetes_executor.py for tasks to queue
[2021-06-28 15:25:52,895] {logging_mixin.py:104} INFO - [2021-06-28 15:25:52,895] {dagbag.py:487} INFO - Filling up the DagBag from /home/airflow/.local/lib/python3.6/site-packages/airflow/example_dags/example_kubernetes_executor.py
[2021-06-28 15:25:52,920] {scheduler_job.py:643} INFO - DAG(s) dict_keys(['example_kubernetes_executor']) retrieved from /home/airflow/.local/lib/python3.6/site-packages/airflow/example_dags/example_kubernetes_executor.py
[2021-06-28 15:25:52,967] {logging_mixin.py:104} INFO - [2021-06-28 15:25:52,967] {dag.py:1832} INFO - Sync 1 DAGs
[2021-06-28 15:25:52,995] {logging_mixin.py:104} INFO - [2021-06-28 15:25:52,995] {dag.py:2305} INFO - Setting next_dagrun for example_kubernetes_executor to None
[2021-06-28 15:25:53,012] {scheduler_job.py:190} INFO - Processing /home/airflow/.local/lib/python3.6/site-packages/airflow/example_dags/example_kubernetes_executor.py took 0.135 seconds
[2021-06-28 15:26:23,788] {scheduler_job.py:182} INFO - Started process (PID=1305) to work on /home/airflow/.local/lib/python3.6/site-packages/airflow/example_dags/example_kubernetes_executor.py
[2021-06-28 15:26:23,793] {scheduler_job.py:633} INFO - Processing file /home/airflow/.local/lib/python3.6/site-packages/airflow/example_dags/example_kubernetes_executor.py for tasks to queue
[2021-06-28 15:26:23,795] {logging_mixin.py:104} INFO - [2021-06-28 15:26:23,794] {dagbag.py:487} INFO - Filling up the DagBag from /home/airflow/.local/lib/python3.6/site-packages/airflow/example_dags/example_kubernetes_executor.py
[2021-06-28 15:26:23,825] {scheduler_job.py:643} INFO - DAG(s) dict_keys(['example_kubernetes_executor']) retrieved from /home/airflow/.local/lib/python3.6/site-packages/airflow/example_dags/example_kubernetes_executor.py
[2021-06-28 15:26:23,878] {logging_mixin.py:104} INFO - [2021-06-28 15:26:23,878] {dag.py:1832} INFO - Sync 1 DAGs
[2021-06-28 15:26:23,920] {logging_mixin.py:104} INFO - [2021-06-28 15:26:23,919] {dag.py:2305} INFO - Setting next_dagrun for example_kubernetes_executor to None
[2021-06-28 15:26:23,973] {scheduler_job.py:190} INFO - Processing /home/airflow/.local/lib/python3.6/site-packages/airflow/example_dags/example_kubernetes_executor.py took 0.189 seconds
[2021-06-28 15:26:54,203] {scheduler_job.py:182} INFO - Started process (PID=1369) to work on /home/airflow/.local/lib/python3.6/site-packages/airflow/example_dags/example_kubernetes_executor.py
[2021-06-28 15:26:54,215] {scheduler_job.py:633} INFO - Processing file /home/airflow/.local/lib/python3.6/site-packages/airflow/example_dags/example_kubernetes_executor.py for tasks to queue
[2021-06-28 15:26:54,216] {logging_mixin.py:104} INFO - [2021-06-28 15:26:54,216] {dagbag.py:487} INFO - Filling up the DagBag from /home/airflow/.local/lib/python3.6/site-packages/airflow/example_dags/example_kubernetes_executor.py
[2021-06-28 15:26:54,270] {scheduler_job.py:643} INFO - DAG(s) dict_keys(['example_kubernetes_executor']) retrieved from /home/airflow/.local/lib/python3.6/site-packages/airflow/example_dags/example_kubernetes_executor.py
[2021-06-28 15:26:54,305] {logging_mixin.py:104} INFO - [2021-06-28 15:26:54,305] {dag.py:1832} INFO - Sync 1 DAGs
[2021-06-28 15:26:54,338] {logging_mixin.py:104} INFO - [2021-06-28 15:26:54,338] {dag.py:2305} INFO - Setting next_dagrun for example_kubernetes_executor to None
[2021-06-28 15:26:54,367] {scheduler_job.py:190} INFO - Processing /home/airflow/.local/lib/python3.6/site-packages/airflow/example_dags/example_kubernetes_executor.py took 0.170 seconds
[2021-06-28 15:27:25,002] {scheduler_job.py:182} INFO - Started process (PID=1429) to work on /home/airflow/.local/lib/python3.6/site-packages/airflow/example_dags/example_kubernetes_executor.py
[2021-06-28 15:27:25,010] {scheduler_job.py:633} INFO - Processing file /home/airflow/.local/lib/python3.6/site-packages/airflow/example_dags/example_kubernetes_executor.py for tasks to queue
[2021-06-28 15:27:25,014] {logging_mixin.py:104} INFO - [2021-06-28 15:27:25,013] {dagbag.py:487} INFO - Filling up the DagBag from /home/airflow/.local/lib/python3.6/site-packages/airflow/example_dags/example_kubernetes_executor.py
[2021-06-28 15:27:25,041] {scheduler_job.py:643} INFO - DAG(s) dict_keys(['example_kubernetes_executor']) retrieved from /home/airflow/.local/lib/python3.6/site-packages/airflow/example_dags/example_kubernetes_executor.py
[2021-06-28 15:27:25,108] {logging_mixin.py:104} INFO - [2021-06-28 15:27:25,108] {dag.py:1832} INFO - Sync 1 DAGs
[2021-06-28 15:27:25,161] {logging_mixin.py:104} INFO - [2021-06-28 15:27:25,161] {dag.py:2305} INFO - Setting next_dagrun for example_kubernetes_executor to None
[2021-06-28 15:27:25,202] {scheduler_job.py:190} INFO - Processing /home/airflow/.local/lib/python3.6/site-packages/airflow/example_dags/example_kubernetes_executor.py took 0.205 seconds
[2021-06-28 15:27:55,892] {scheduler_job.py:182} INFO - Started process (PID=1489) to work on /home/airflow/.local/lib/python3.6/site-packages/airflow/example_dags/example_kubernetes_executor.py
[2021-06-28 15:27:55,895] {scheduler_job.py:633} INFO - Processing file /home/airflow/.local/lib/python3.6/site-packages/airflow/example_dags/example_kubernetes_executor.py for tasks to queue
[2021-06-28 15:27:55,899] {logging_mixin.py:104} INFO - [2021-06-28 15:27:55,898] {dagbag.py:487} INFO - Filling up the DagBag from /home/airflow/.local/lib/python3.6/site-packages/airflow/example_dags/example_kubernetes_executor.py
[2021-06-28 15:27:55,944] {scheduler_job.py:643} INFO - DAG(s) dict_keys(['example_kubernetes_executor']) retrieved from /home/airflow/.local/lib/python3.6/site-packages/airflow/example_dags/example_kubernetes_executor.py
[2021-06-28 15:27:56,066] {logging_mixin.py:104} INFO - [2021-06-28 15:27:56,065] {dag.py:1832} INFO - Sync 1 DAGs
[2021-06-28 15:27:56,198] {logging_mixin.py:104} INFO - [2021-06-28 15:27:56,198] {dag.py:2305} INFO - Setting next_dagrun for example_kubernetes_executor to None
[2021-06-28 15:27:56,240] {scheduler_job.py:190} INFO - Processing /home/airflow/.local/lib/python3.6/site-packages/airflow/example_dags/example_kubernetes_executor.py took 0.360 seconds
[2021-06-28 15:28:27,555] {scheduler_job.py:182} INFO - Started process (PID=1562) to work on /home/airflow/.local/lib/python3.6/site-packages/airflow/example_dags/example_kubernetes_executor.py
[2021-06-28 15:28:27,561] {scheduler_job.py:633} INFO - Processing file /home/airflow/.local/lib/python3.6/site-packages/airflow/example_dags/example_kubernetes_executor.py for tasks to queue
[2021-06-28 15:28:27,564] {logging_mixin.py:104} INFO - [2021-06-28 15:28:27,564] {dagbag.py:487} INFO - Filling up the DagBag from /home/airflow/.local/lib/python3.6/site-packages/airflow/example_dags/example_kubernetes_executor.py
[2021-06-28 15:28:27,695] {scheduler_job.py:643} INFO - DAG(s) dict_keys(['example_kubernetes_executor']) retrieved from /home/airflow/.local/lib/python3.6/site-packages/airflow/example_dags/example_kubernetes_executor.py
[2021-06-28 15:28:27,794] {logging_mixin.py:104} INFO - [2021-06-28 15:28:27,793] {dag.py:1832} INFO - Sync 1 DAGs
[2021-06-28 15:28:27,896] {logging_mixin.py:104} INFO - [2021-06-28 15:28:27,896] {dag.py:2305} INFO - Setting next_dagrun for example_kubernetes_executor to None
[2021-06-28 15:28:27,935] {scheduler_job.py:190} INFO - Processing /home/airflow/.local/lib/python3.6/site-packages/airflow/example_dags/example_kubernetes_executor.py took 0.388 seconds
[2021-06-28 15:28:58,602] {scheduler_job.py:182} INFO - Started process (PID=1624) to work on /home/airflow/.local/lib/python3.6/site-packages/airflow/example_dags/example_kubernetes_executor.py
[2021-06-28 15:28:58,614] {scheduler_job.py:633} INFO - Processing file /home/airflow/.local/lib/python3.6/site-packages/airflow/example_dags/example_kubernetes_executor.py for tasks to queue
[2021-06-28 15:28:58,619] {logging_mixin.py:104} INFO - [2021-06-28 15:28:58,619] {dagbag.py:487} INFO - Filling up the DagBag from /home/airflow/.local/lib/python3.6/site-packages/airflow/example_dags/example_kubernetes_executor.py
[2021-06-28 15:28:58,641] {scheduler_job.py:643} INFO - DAG(s) dict_keys(['example_kubernetes_executor']) retrieved from /home/airflow/.local/lib/python3.6/site-packages/airflow/example_dags/example_kubernetes_executor.py
[2021-06-28 15:28:58,680] {logging_mixin.py:104} INFO - [2021-06-28 15:28:58,679] {dag.py:1832} INFO - Sync 1 DAGs
[2021-06-28 15:28:58,704] {logging_mixin.py:104} INFO - [2021-06-28 15:28:58,704] {dag.py:2305} INFO - Setting next_dagrun for example_kubernetes_executor to None
[2021-06-28 15:28:58,736] {scheduler_job.py:190} INFO - Processing /home/airflow/.local/lib/python3.6/site-packages/airflow/example_dags/example_kubernetes_executor.py took 0.149 seconds
[2021-06-28 15:29:29,171] {scheduler_job.py:182} INFO - Started process (PID=1684) to work on /home/airflow/.local/lib/python3.6/site-packages/airflow/example_dags/example_kubernetes_executor.py
[2021-06-28 15:29:29,172] {scheduler_job.py:633} INFO - Processing file /home/airflow/.local/lib/python3.6/site-packages/airflow/example_dags/example_kubernetes_executor.py for tasks to queue
[2021-06-28 15:29:29,173] {logging_mixin.py:104} INFO - [2021-06-28 15:29:29,173] {dagbag.py:487} INFO - Filling up the DagBag from /home/airflow/.local/lib/python3.6/site-packages/airflow/example_dags/example_kubernetes_executor.py
[2021-06-28 15:29:29,190] {scheduler_job.py:643} INFO - DAG(s) dict_keys(['example_kubernetes_executor']) retrieved from /home/airflow/.local/lib/python3.6/site-packages/airflow/example_dags/example_kubernetes_executor.py
[2021-06-28 15:29:29,219] {logging_mixin.py:104} INFO - [2021-06-28 15:29:29,219] {dag.py:1832} INFO - Sync 1 DAGs
[2021-06-28 15:29:29,243] {logging_mixin.py:104} INFO - [2021-06-28 15:29:29,243] {dag.py:2305} INFO - Setting next_dagrun for example_kubernetes_executor to None
[2021-06-28 15:29:29,279] {scheduler_job.py:190} INFO - Processing /home/airflow/.local/lib/python3.6/site-packages/airflow/example_dags/example_kubernetes_executor.py took 0.112 seconds
[2021-06-28 15:29:59,923] {scheduler_job.py:182} INFO - Started process (PID=1743) to work on /home/airflow/.local/lib/python3.6/site-packages/airflow/example_dags/example_kubernetes_executor.py
[2021-06-28 15:29:59,924] {scheduler_job.py:633} INFO - Processing file /home/airflow/.local/lib/python3.6/site-packages/airflow/example_dags/example_kubernetes_executor.py for tasks to queue
[2021-06-28 15:29:59,925] {logging_mixin.py:104} INFO - [2021-06-28 15:29:59,925] {dagbag.py:487} INFO - Filling up the DagBag from /home/airflow/.local/lib/python3.6/site-packages/airflow/example_dags/example_kubernetes_executor.py
[2021-06-28 15:29:59,976] {scheduler_job.py:643} INFO - DAG(s) dict_keys(['example_kubernetes_executor']) retrieved from /home/airflow/.local/lib/python3.6/site-packages/airflow/example_dags/example_kubernetes_executor.py
[2021-06-28 15:30:00,054] {logging_mixin.py:104} INFO - [2021-06-28 15:30:00,054] {dag.py:1832} INFO - Sync 1 DAGs
[2021-06-28 15:30:00,117] {logging_mixin.py:104} INFO - [2021-06-28 15:30:00,117] {dag.py:2305} INFO - Setting next_dagrun for example_kubernetes_executor to None
[2021-06-28 15:30:00,168] {scheduler_job.py:190} INFO - Processing /home/airflow/.local/lib/python3.6/site-packages/airflow/example_dags/example_kubernetes_executor.py took 0.259 seconds
[2021-06-28 15:30:30,476] {scheduler_job.py:182} INFO - Started process (PID=1802) to work on /home/airflow/.local/lib/python3.6/site-packages/airflow/example_dags/example_kubernetes_executor.py
[2021-06-28 15:30:30,478] {scheduler_job.py:633} INFO - Processing file /home/airflow/.local/lib/python3.6/site-packages/airflow/example_dags/example_kubernetes_executor.py for tasks to queue
[2021-06-28 15:30:30,480] {logging_mixin.py:104} INFO - [2021-06-28 15:30:30,480] {dagbag.py:487} INFO - Filling up the DagBag from /home/airflow/.local/lib/python3.6/site-packages/airflow/example_dags/example_kubernetes_executor.py
[2021-06-28 15:30:30,500] {scheduler_job.py:643} INFO - DAG(s) dict_keys(['example_kubernetes_executor']) retrieved from /home/airflow/.local/lib/python3.6/site-packages/airflow/example_dags/example_kubernetes_executor.py
[2021-06-28 15:30:30,535] {logging_mixin.py:104} INFO - [2021-06-28 15:30:30,535] {dag.py:1832} INFO - Sync 1 DAGs
[2021-06-28 15:30:30,557] {logging_mixin.py:104} INFO - [2021-06-28 15:30:30,556] {dag.py:2305} INFO - Setting next_dagrun for example_kubernetes_executor to None
[2021-06-28 15:30:30,587] {scheduler_job.py:190} INFO - Processing /home/airflow/.local/lib/python3.6/site-packages/airflow/example_dags/example_kubernetes_executor.py took 0.117 seconds
[2021-06-28 15:31:01,086] {scheduler_job.py:182} INFO - Started process (PID=1864) to work on /home/airflow/.local/lib/python3.6/site-packages/airflow/example_dags/example_kubernetes_executor.py
[2021-06-28 15:31:01,089] {scheduler_job.py:633} INFO - Processing file /home/airflow/.local/lib/python3.6/site-packages/airflow/example_dags/example_kubernetes_executor.py for tasks to queue
[2021-06-28 15:31:01,092] {logging_mixin.py:104} INFO - [2021-06-28 15:31:01,092] {dagbag.py:487} INFO - Filling up the DagBag from /home/airflow/.local/lib/python3.6/site-packages/airflow/example_dags/example_kubernetes_executor.py
[2021-06-28 15:31:01,128] {scheduler_job.py:643} INFO - DAG(s) dict_keys(['example_kubernetes_executor']) retrieved from /home/airflow/.local/lib/python3.6/site-packages/airflow/example_dags/example_kubernetes_executor.py
[2021-06-28 15:31:01,209] {logging_mixin.py:104} INFO - [2021-06-28 15:31:01,209] {dag.py:1832} INFO - Sync 1 DAGs
[2021-06-28 15:31:01,252] {logging_mixin.py:104} INFO - [2021-06-28 15:31:01,251] {dag.py:2305} INFO - Setting next_dagrun for example_kubernetes_executor to None
[2021-06-28 15:31:01,281] {scheduler_job.py:190} INFO - Processing /home/airflow/.local/lib/python3.6/site-packages/airflow/example_dags/example_kubernetes_executor.py took 0.206 seconds
[2021-06-28 15:31:32,222] {scheduler_job.py:182} INFO - Started process (PID=1923) to work on /home/airflow/.local/lib/python3.6/site-packages/airflow/example_dags/example_kubernetes_executor.py
[2021-06-28 15:31:32,227] {scheduler_job.py:633} INFO - Processing file /home/airflow/.local/lib/python3.6/site-packages/airflow/example_dags/example_kubernetes_executor.py for tasks to queue
[2021-06-28 15:31:32,228] {logging_mixin.py:104} INFO - [2021-06-28 15:31:32,228] {dagbag.py:487} INFO - Filling up the DagBag from /home/airflow/.local/lib/python3.6/site-packages/airflow/example_dags/example_kubernetes_executor.py
[2021-06-28 15:31:32,249] {scheduler_job.py:643} INFO - DAG(s) dict_keys(['example_kubernetes_executor']) retrieved from /home/airflow/.local/lib/python3.6/site-packages/airflow/example_dags/example_kubernetes_executor.py
[2021-06-28 15:31:32,286] {logging_mixin.py:104} INFO - [2021-06-28 15:31:32,286] {dag.py:1832} INFO - Sync 1 DAGs
[2021-06-28 15:31:32,312] {logging_mixin.py:104} INFO - [2021-06-28 15:31:32,312] {dag.py:2305} INFO - Setting next_dagrun for example_kubernetes_executor to None
[2021-06-28 15:31:32,335] {scheduler_job.py:190} INFO - Processing /home/airflow/.local/lib/python3.6/site-packages/airflow/example_dags/example_kubernetes_executor.py took 0.117 seconds
[2021-06-28 15:33:49,514] {scheduler_job.py:182} INFO - Started process (PID=41) to work on /home/airflow/.local/lib/python3.6/site-packages/airflow/example_dags/example_kubernetes_executor.py
[2021-06-28 15:33:49,516] {scheduler_job.py:633} INFO - Processing file /home/airflow/.local/lib/python3.6/site-packages/airflow/example_dags/example_kubernetes_executor.py for tasks to queue
[2021-06-28 15:33:49,536] {logging_mixin.py:104} INFO - [2021-06-28 15:33:49,536] {dagbag.py:487} INFO - Filling up the DagBag from /home/airflow/.local/lib/python3.6/site-packages/airflow/example_dags/example_kubernetes_executor.py
[2021-06-28 15:33:49,630] {scheduler_job.py:643} INFO - DAG(s) dict_keys(['example_kubernetes_executor']) retrieved from /home/airflow/.local/lib/python3.6/site-packages/airflow/example_dags/example_kubernetes_executor.py
[2021-06-28 15:33:49,813] {logging_mixin.py:104} INFO - [2021-06-28 15:33:49,813] {dag.py:1832} INFO - Sync 1 DAGs
[2021-06-28 15:33:49,939] {logging_mixin.py:104} INFO - [2021-06-28 15:33:49,939] {dag.py:2305} INFO - Setting next_dagrun for example_kubernetes_executor to None
[2021-06-28 15:33:50,123] {scheduler_job.py:190} INFO - Processing /home/airflow/.local/lib/python3.6/site-packages/airflow/example_dags/example_kubernetes_executor.py took 0.753 seconds
[2021-06-28 15:34:20,341] {scheduler_job.py:182} INFO - Started process (PID=90) to work on /home/airflow/.local/lib/python3.6/site-packages/airflow/example_dags/example_kubernetes_executor.py
[2021-06-28 15:34:20,348] {scheduler_job.py:633} INFO - Processing file /home/airflow/.local/lib/python3.6/site-packages/airflow/example_dags/example_kubernetes_executor.py for tasks to queue
[2021-06-28 15:34:20,351] {logging_mixin.py:104} INFO - [2021-06-28 15:34:20,351] {dagbag.py:487} INFO - Filling up the DagBag from /home/airflow/.local/lib/python3.6/site-packages/airflow/example_dags/example_kubernetes_executor.py
[2021-06-28 15:34:20,402] {scheduler_job.py:643} INFO - DAG(s) dict_keys(['example_kubernetes_executor']) retrieved from /home/airflow/.local/lib/python3.6/site-packages/airflow/example_dags/example_kubernetes_executor.py
[2021-06-28 15:34:20,483] {logging_mixin.py:104} INFO - [2021-06-28 15:34:20,483] {dag.py:1832} INFO - Sync 1 DAGs
[2021-06-28 15:34:20,567] {logging_mixin.py:104} INFO - [2021-06-28 15:34:20,567] {dag.py:2305} INFO - Setting next_dagrun for example_kubernetes_executor to None
[2021-06-28 15:34:20,634] {scheduler_job.py:190} INFO - Processing /home/airflow/.local/lib/python3.6/site-packages/airflow/example_dags/example_kubernetes_executor.py took 0.306 seconds
[2021-06-28 15:34:50,769] {scheduler_job.py:182} INFO - Started process (PID=149) to work on /home/airflow/.local/lib/python3.6/site-packages/airflow/example_dags/example_kubernetes_executor.py
[2021-06-28 15:34:50,781] {scheduler_job.py:633} INFO - Processing file /home/airflow/.local/lib/python3.6/site-packages/airflow/example_dags/example_kubernetes_executor.py for tasks to queue
[2021-06-28 15:34:50,783] {logging_mixin.py:104} INFO - [2021-06-28 15:34:50,783] {dagbag.py:487} INFO - Filling up the DagBag from /home/airflow/.local/lib/python3.6/site-packages/airflow/example_dags/example_kubernetes_executor.py
[2021-06-28 15:34:50,817] {scheduler_job.py:643} INFO - DAG(s) dict_keys(['example_kubernetes_executor']) retrieved from /home/airflow/.local/lib/python3.6/site-packages/airflow/example_dags/example_kubernetes_executor.py
[2021-06-28 15:34:50,865] {logging_mixin.py:104} INFO - [2021-06-28 15:34:50,864] {dag.py:1832} INFO - Sync 1 DAGs
[2021-06-28 15:34:50,901] {logging_mixin.py:104} INFO - [2021-06-28 15:34:50,901] {dag.py:2305} INFO - Setting next_dagrun for example_kubernetes_executor to None
[2021-06-28 15:34:50,917] {scheduler_job.py:190} INFO - Processing /home/airflow/.local/lib/python3.6/site-packages/airflow/example_dags/example_kubernetes_executor.py took 0.156 seconds
[2021-06-28 15:35:21,143] {scheduler_job.py:182} INFO - Started process (PID=209) to work on /home/airflow/.local/lib/python3.6/site-packages/airflow/example_dags/example_kubernetes_executor.py
[2021-06-28 15:35:21,150] {scheduler_job.py:633} INFO - Processing file /home/airflow/.local/lib/python3.6/site-packages/airflow/example_dags/example_kubernetes_executor.py for tasks to queue
[2021-06-28 15:35:21,159] {logging_mixin.py:104} INFO - [2021-06-28 15:35:21,158] {dagbag.py:487} INFO - Filling up the DagBag from /home/airflow/.local/lib/python3.6/site-packages/airflow/example_dags/example_kubernetes_executor.py
[2021-06-28 15:35:21,191] {scheduler_job.py:643} INFO - DAG(s) dict_keys(['example_kubernetes_executor']) retrieved from /home/airflow/.local/lib/python3.6/site-packages/airflow/example_dags/example_kubernetes_executor.py
[2021-06-28 15:35:21,258] {logging_mixin.py:104} INFO - [2021-06-28 15:35:21,258] {dag.py:1832} INFO - Sync 1 DAGs
[2021-06-28 15:35:21,301] {logging_mixin.py:104} INFO - [2021-06-28 15:35:21,300] {dag.py:2305} INFO - Setting next_dagrun for example_kubernetes_executor to None
[2021-06-28 15:35:21,340] {scheduler_job.py:190} INFO - Processing /home/airflow/.local/lib/python3.6/site-packages/airflow/example_dags/example_kubernetes_executor.py took 0.214 seconds
[2021-06-28 15:35:51,832] {scheduler_job.py:182} INFO - Started process (PID=273) to work on /home/airflow/.local/lib/python3.6/site-packages/airflow/example_dags/example_kubernetes_executor.py
[2021-06-28 15:35:51,833] {scheduler_job.py:633} INFO - Processing file /home/airflow/.local/lib/python3.6/site-packages/airflow/example_dags/example_kubernetes_executor.py for tasks to queue
[2021-06-28 15:35:51,836] {logging_mixin.py:104} INFO - [2021-06-28 15:35:51,834] {dagbag.py:487} INFO - Filling up the DagBag from /home/airflow/.local/lib/python3.6/site-packages/airflow/example_dags/example_kubernetes_executor.py
[2021-06-28 15:35:51,871] {scheduler_job.py:643} INFO - DAG(s) dict_keys(['example_kubernetes_executor']) retrieved from /home/airflow/.local/lib/python3.6/site-packages/airflow/example_dags/example_kubernetes_executor.py
[2021-06-28 15:35:51,916] {logging_mixin.py:104} INFO - [2021-06-28 15:35:51,916] {dag.py:1832} INFO - Sync 1 DAGs
[2021-06-28 15:35:51,946] {logging_mixin.py:104} INFO - [2021-06-28 15:35:51,945] {dag.py:2305} INFO - Setting next_dagrun for example_kubernetes_executor to None
[2021-06-28 15:35:51,964] {scheduler_job.py:190} INFO - Processing /home/airflow/.local/lib/python3.6/site-packages/airflow/example_dags/example_kubernetes_executor.py took 0.138 seconds
[2021-06-28 15:36:22,144] {scheduler_job.py:182} INFO - Started process (PID=330) to work on /home/airflow/.local/lib/python3.6/site-packages/airflow/example_dags/example_kubernetes_executor.py
[2021-06-28 15:36:22,146] {scheduler_job.py:633} INFO - Processing file /home/airflow/.local/lib/python3.6/site-packages/airflow/example_dags/example_kubernetes_executor.py for tasks to queue
[2021-06-28 15:36:22,147] {logging_mixin.py:104} INFO - [2021-06-28 15:36:22,147] {dagbag.py:487} INFO - Filling up the DagBag from /home/airflow/.local/lib/python3.6/site-packages/airflow/example_dags/example_kubernetes_executor.py
[2021-06-28 15:36:22,198] {scheduler_job.py:643} INFO - DAG(s) dict_keys(['example_kubernetes_executor']) retrieved from /home/airflow/.local/lib/python3.6/site-packages/airflow/example_dags/example_kubernetes_executor.py
[2021-06-28 15:36:22,281] {logging_mixin.py:104} INFO - [2021-06-28 15:36:22,280] {dag.py:1832} INFO - Sync 1 DAGs
[2021-06-28 15:36:22,383] {logging_mixin.py:104} INFO - [2021-06-28 15:36:22,383] {dag.py:2305} INFO - Setting next_dagrun for example_kubernetes_executor to None
[2021-06-28 15:36:22,460] {scheduler_job.py:190} INFO - Processing /home/airflow/.local/lib/python3.6/site-packages/airflow/example_dags/example_kubernetes_executor.py took 0.331 seconds
[2021-06-28 15:36:53,256] {scheduler_job.py:182} INFO - Started process (PID=393) to work on /home/airflow/.local/lib/python3.6/site-packages/airflow/example_dags/example_kubernetes_executor.py
[2021-06-28 15:36:53,260] {scheduler_job.py:633} INFO - Processing file /home/airflow/.local/lib/python3.6/site-packages/airflow/example_dags/example_kubernetes_executor.py for tasks to queue
[2021-06-28 15:36:53,261] {logging_mixin.py:104} INFO - [2021-06-28 15:36:53,261] {dagbag.py:487} INFO - Filling up the DagBag from /home/airflow/.local/lib/python3.6/site-packages/airflow/example_dags/example_kubernetes_executor.py
[2021-06-28 15:36:53,301] {scheduler_job.py:643} INFO - DAG(s) dict_keys(['example_kubernetes_executor']) retrieved from /home/airflow/.local/lib/python3.6/site-packages/airflow/example_dags/example_kubernetes_executor.py
[2021-06-28 15:36:53,370] {logging_mixin.py:104} INFO - [2021-06-28 15:36:53,370] {dag.py:1832} INFO - Sync 1 DAGs
[2021-06-28 15:36:53,437] {logging_mixin.py:104} INFO - [2021-06-28 15:36:53,437] {dag.py:2305} INFO - Setting next_dagrun for example_kubernetes_executor to None
[2021-06-28 15:36:53,525] {scheduler_job.py:190} INFO - Processing /home/airflow/.local/lib/python3.6/site-packages/airflow/example_dags/example_kubernetes_executor.py took 0.280 seconds
[2021-06-28 15:37:23,875] {scheduler_job.py:182} INFO - Started process (PID=452) to work on /home/airflow/.local/lib/python3.6/site-packages/airflow/example_dags/example_kubernetes_executor.py
[2021-06-28 15:37:23,884] {scheduler_job.py:633} INFO - Processing file /home/airflow/.local/lib/python3.6/site-packages/airflow/example_dags/example_kubernetes_executor.py for tasks to queue
[2021-06-28 15:37:23,887] {logging_mixin.py:104} INFO - [2021-06-28 15:37:23,887] {dagbag.py:487} INFO - Filling up the DagBag from /home/airflow/.local/lib/python3.6/site-packages/airflow/example_dags/example_kubernetes_executor.py
[2021-06-28 15:37:23,938] {scheduler_job.py:643} INFO - DAG(s) dict_keys(['example_kubernetes_executor']) retrieved from /home/airflow/.local/lib/python3.6/site-packages/airflow/example_dags/example_kubernetes_executor.py
[2021-06-28 15:37:23,988] {logging_mixin.py:104} INFO - [2021-06-28 15:37:23,987] {dag.py:1832} INFO - Sync 1 DAGs
[2021-06-28 15:37:24,024] {logging_mixin.py:104} INFO - [2021-06-28 15:37:24,024] {dag.py:2305} INFO - Setting next_dagrun for example_kubernetes_executor to None
[2021-06-28 15:37:24,042] {scheduler_job.py:190} INFO - Processing /home/airflow/.local/lib/python3.6/site-packages/airflow/example_dags/example_kubernetes_executor.py took 0.179 seconds
[2021-06-28 15:37:54,413] {scheduler_job.py:182} INFO - Started process (PID=511) to work on /home/airflow/.local/lib/python3.6/site-packages/airflow/example_dags/example_kubernetes_executor.py
[2021-06-28 15:37:54,415] {scheduler_job.py:633} INFO - Processing file /home/airflow/.local/lib/python3.6/site-packages/airflow/example_dags/example_kubernetes_executor.py for tasks to queue
[2021-06-28 15:37:54,416] {logging_mixin.py:104} INFO - [2021-06-28 15:37:54,416] {dagbag.py:487} INFO - Filling up the DagBag from /home/airflow/.local/lib/python3.6/site-packages/airflow/example_dags/example_kubernetes_executor.py
[2021-06-28 15:37:54,459] {scheduler_job.py:643} INFO - DAG(s) dict_keys(['example_kubernetes_executor']) retrieved from /home/airflow/.local/lib/python3.6/site-packages/airflow/example_dags/example_kubernetes_executor.py
[2021-06-28 15:37:54,503] {logging_mixin.py:104} INFO - [2021-06-28 15:37:54,502] {dag.py:1832} INFO - Sync 1 DAGs
[2021-06-28 15:37:54,543] {logging_mixin.py:104} INFO - [2021-06-28 15:37:54,543] {dag.py:2305} INFO - Setting next_dagrun for example_kubernetes_executor to None
[2021-06-28 15:37:54,560] {scheduler_job.py:190} INFO - Processing /home/airflow/.local/lib/python3.6/site-packages/airflow/example_dags/example_kubernetes_executor.py took 0.177 seconds
[2021-06-28 15:38:25,594] {scheduler_job.py:182} INFO - Started process (PID=595) to work on /home/airflow/.local/lib/python3.6/site-packages/airflow/example_dags/example_kubernetes_executor.py
[2021-06-28 15:38:25,596] {scheduler_job.py:633} INFO - Processing file /home/airflow/.local/lib/python3.6/site-packages/airflow/example_dags/example_kubernetes_executor.py for tasks to queue
[2021-06-28 15:38:25,597] {logging_mixin.py:104} INFO - [2021-06-28 15:38:25,597] {dagbag.py:487} INFO - Filling up the DagBag from /home/airflow/.local/lib/python3.6/site-packages/airflow/example_dags/example_kubernetes_executor.py
[2021-06-28 15:38:25,796] {scheduler_job.py:643} INFO - DAG(s) dict_keys(['example_kubernetes_executor']) retrieved from /home/airflow/.local/lib/python3.6/site-packages/airflow/example_dags/example_kubernetes_executor.py
[2021-06-28 15:38:25,907] {logging_mixin.py:104} INFO - [2021-06-28 15:38:25,907] {dag.py:1832} INFO - Sync 1 DAGs
[2021-06-28 15:38:25,953] {logging_mixin.py:104} INFO - [2021-06-28 15:38:25,953] {dag.py:2305} INFO - Setting next_dagrun for example_kubernetes_executor to None
[2021-06-28 15:38:25,977] {scheduler_job.py:190} INFO - Processing /home/airflow/.local/lib/python3.6/site-packages/airflow/example_dags/example_kubernetes_executor.py took 0.426 seconds
[2021-06-28 15:38:56,769] {scheduler_job.py:182} INFO - Started process (PID=652) to work on /home/airflow/.local/lib/python3.6/site-packages/airflow/example_dags/example_kubernetes_executor.py
[2021-06-28 15:38:56,776] {scheduler_job.py:633} INFO - Processing file /home/airflow/.local/lib/python3.6/site-packages/airflow/example_dags/example_kubernetes_executor.py for tasks to queue
[2021-06-28 15:38:56,780] {logging_mixin.py:104} INFO - [2021-06-28 15:38:56,779] {dagbag.py:487} INFO - Filling up the DagBag from /home/airflow/.local/lib/python3.6/site-packages/airflow/example_dags/example_kubernetes_executor.py
[2021-06-28 15:38:56,853] {scheduler_job.py:643} INFO - DAG(s) dict_keys(['example_kubernetes_executor']) retrieved from /home/airflow/.local/lib/python3.6/site-packages/airflow/example_dags/example_kubernetes_executor.py
[2021-06-28 15:38:56,909] {logging_mixin.py:104} INFO - [2021-06-28 15:38:56,908] {dag.py:1832} INFO - Sync 1 DAGs
[2021-06-28 15:38:56,950] {logging_mixin.py:104} INFO - [2021-06-28 15:38:56,949] {dag.py:2305} INFO - Setting next_dagrun for example_kubernetes_executor to None
[2021-06-28 15:38:56,971] {scheduler_job.py:190} INFO - Processing /home/airflow/.local/lib/python3.6/site-packages/airflow/example_dags/example_kubernetes_executor.py took 0.232 seconds
[2021-06-28 15:39:27,404] {scheduler_job.py:182} INFO - Started process (PID=728) to work on /home/airflow/.local/lib/python3.6/site-packages/airflow/example_dags/example_kubernetes_executor.py
[2021-06-28 15:39:27,408] {scheduler_job.py:633} INFO - Processing file /home/airflow/.local/lib/python3.6/site-packages/airflow/example_dags/example_kubernetes_executor.py for tasks to queue
[2021-06-28 15:39:27,409] {logging_mixin.py:104} INFO - [2021-06-28 15:39:27,409] {dagbag.py:487} INFO - Filling up the DagBag from /home/airflow/.local/lib/python3.6/site-packages/airflow/example_dags/example_kubernetes_executor.py
[2021-06-28 15:39:27,525] {scheduler_job.py:643} INFO - DAG(s) dict_keys(['example_kubernetes_executor']) retrieved from /home/airflow/.local/lib/python3.6/site-packages/airflow/example_dags/example_kubernetes_executor.py
[2021-06-28 15:39:27,573] {logging_mixin.py:104} INFO - [2021-06-28 15:39:27,573] {dag.py:1832} INFO - Sync 1 DAGs
[2021-06-28 15:39:27,606] {logging_mixin.py:104} INFO - [2021-06-28 15:39:27,606] {dag.py:2305} INFO - Setting next_dagrun for example_kubernetes_executor to None
[2021-06-28 15:39:27,626] {scheduler_job.py:190} INFO - Processing /home/airflow/.local/lib/python3.6/site-packages/airflow/example_dags/example_kubernetes_executor.py took 0.226 seconds
[2021-06-28 15:39:58,536] {scheduler_job.py:182} INFO - Started process (PID=794) to work on /home/airflow/.local/lib/python3.6/site-packages/airflow/example_dags/example_kubernetes_executor.py
[2021-06-28 15:39:58,537] {scheduler_job.py:633} INFO - Processing file /home/airflow/.local/lib/python3.6/site-packages/airflow/example_dags/example_kubernetes_executor.py for tasks to queue
[2021-06-28 15:39:58,538] {logging_mixin.py:104} INFO - [2021-06-28 15:39:58,538] {dagbag.py:487} INFO - Filling up the DagBag from /home/airflow/.local/lib/python3.6/site-packages/airflow/example_dags/example_kubernetes_executor.py
[2021-06-28 15:39:58,554] {scheduler_job.py:643} INFO - DAG(s) dict_keys(['example_kubernetes_executor']) retrieved from /home/airflow/.local/lib/python3.6/site-packages/airflow/example_dags/example_kubernetes_executor.py
[2021-06-28 15:39:58,580] {logging_mixin.py:104} INFO - [2021-06-28 15:39:58,580] {dag.py:1832} INFO - Sync 1 DAGs
[2021-06-28 15:39:58,603] {logging_mixin.py:104} INFO - [2021-06-28 15:39:58,603] {dag.py:2305} INFO - Setting next_dagrun for example_kubernetes_executor to None
[2021-06-28 15:39:58,618] {scheduler_job.py:190} INFO - Processing /home/airflow/.local/lib/python3.6/site-packages/airflow/example_dags/example_kubernetes_executor.py took 0.087 seconds
[2021-06-28 15:40:29,122] {scheduler_job.py:182} INFO - Started process (PID=856) to work on /home/airflow/.local/lib/python3.6/site-packages/airflow/example_dags/example_kubernetes_executor.py
[2021-06-28 15:40:29,124] {scheduler_job.py:633} INFO - Processing file /home/airflow/.local/lib/python3.6/site-packages/airflow/example_dags/example_kubernetes_executor.py for tasks to queue
[2021-06-28 15:40:29,125] {logging_mixin.py:104} INFO - [2021-06-28 15:40:29,124] {dagbag.py:487} INFO - Filling up the DagBag from /home/airflow/.local/lib/python3.6/site-packages/airflow/example_dags/example_kubernetes_executor.py
[2021-06-28 15:40:29,156] {scheduler_job.py:643} INFO - DAG(s) dict_keys(['example_kubernetes_executor']) retrieved from /home/airflow/.local/lib/python3.6/site-packages/airflow/example_dags/example_kubernetes_executor.py
[2021-06-28 15:40:29,193] {logging_mixin.py:104} INFO - [2021-06-28 15:40:29,192] {dag.py:1832} INFO - Sync 1 DAGs
[2021-06-28 15:40:29,218] {logging_mixin.py:104} INFO - [2021-06-28 15:40:29,218] {dag.py:2305} INFO - Setting next_dagrun for example_kubernetes_executor to None
[2021-06-28 15:40:29,239] {scheduler_job.py:190} INFO - Processing /home/airflow/.local/lib/python3.6/site-packages/airflow/example_dags/example_kubernetes_executor.py took 0.124 seconds
[2021-06-28 15:40:59,782] {scheduler_job.py:182} INFO - Started process (PID=917) to work on /home/airflow/.local/lib/python3.6/site-packages/airflow/example_dags/example_kubernetes_executor.py
[2021-06-28 15:40:59,787] {scheduler_job.py:633} INFO - Processing file /home/airflow/.local/lib/python3.6/site-packages/airflow/example_dags/example_kubernetes_executor.py for tasks to queue
[2021-06-28 15:40:59,788] {logging_mixin.py:104} INFO - [2021-06-28 15:40:59,788] {dagbag.py:487} INFO - Filling up the DagBag from /home/airflow/.local/lib/python3.6/site-packages/airflow/example_dags/example_kubernetes_executor.py
[2021-06-28 15:40:59,816] {scheduler_job.py:643} INFO - DAG(s) dict_keys(['example_kubernetes_executor']) retrieved from /home/airflow/.local/lib/python3.6/site-packages/airflow/example_dags/example_kubernetes_executor.py
[2021-06-28 15:40:59,866] {logging_mixin.py:104} INFO - [2021-06-28 15:40:59,866] {dag.py:1832} INFO - Sync 1 DAGs
[2021-06-28 15:40:59,897] {logging_mixin.py:104} INFO - [2021-06-28 15:40:59,897] {dag.py:2305} INFO - Setting next_dagrun for example_kubernetes_executor to None
[2021-06-28 15:40:59,939] {scheduler_job.py:190} INFO - Processing /home/airflow/.local/lib/python3.6/site-packages/airflow/example_dags/example_kubernetes_executor.py took 0.164 seconds
[2021-06-28 15:41:30,921] {scheduler_job.py:182} INFO - Started process (PID=991) to work on /home/airflow/.local/lib/python3.6/site-packages/airflow/example_dags/example_kubernetes_executor.py
[2021-06-28 15:41:30,923] {scheduler_job.py:633} INFO - Processing file /home/airflow/.local/lib/python3.6/site-packages/airflow/example_dags/example_kubernetes_executor.py for tasks to queue
[2021-06-28 15:41:30,924] {logging_mixin.py:104} INFO - [2021-06-28 15:41:30,924] {dagbag.py:487} INFO - Filling up the DagBag from /home/airflow/.local/lib/python3.6/site-packages/airflow/example_dags/example_kubernetes_executor.py
[2021-06-28 15:41:30,946] {scheduler_job.py:643} INFO - DAG(s) dict_keys(['example_kubernetes_executor']) retrieved from /home/airflow/.local/lib/python3.6/site-packages/airflow/example_dags/example_kubernetes_executor.py
[2021-06-28 15:41:31,013] {logging_mixin.py:104} INFO - [2021-06-28 15:41:31,009] {dag.py:1832} INFO - Sync 1 DAGs
[2021-06-28 15:41:31,060] {logging_mixin.py:104} INFO - [2021-06-28 15:41:31,060] {dag.py:2305} INFO - Setting next_dagrun for example_kubernetes_executor to None
[2021-06-28 15:41:31,121] {scheduler_job.py:190} INFO - Processing /home/airflow/.local/lib/python3.6/site-packages/airflow/example_dags/example_kubernetes_executor.py took 0.209 seconds
[2021-06-28 15:42:01,480] {scheduler_job.py:182} INFO - Started process (PID=1051) to work on /home/airflow/.local/lib/python3.6/site-packages/airflow/example_dags/example_kubernetes_executor.py
[2021-06-28 15:42:01,481] {scheduler_job.py:633} INFO - Processing file /home/airflow/.local/lib/python3.6/site-packages/airflow/example_dags/example_kubernetes_executor.py for tasks to queue
[2021-06-28 15:42:01,482] {logging_mixin.py:104} INFO - [2021-06-28 15:42:01,482] {dagbag.py:487} INFO - Filling up the DagBag from /home/airflow/.local/lib/python3.6/site-packages/airflow/example_dags/example_kubernetes_executor.py
[2021-06-28 15:42:01,512] {scheduler_job.py:643} INFO - DAG(s) dict_keys(['example_kubernetes_executor']) retrieved from /home/airflow/.local/lib/python3.6/site-packages/airflow/example_dags/example_kubernetes_executor.py
[2021-06-28 15:42:01,573] {logging_mixin.py:104} INFO - [2021-06-28 15:42:01,572] {dag.py:1832} INFO - Sync 1 DAGs
[2021-06-28 15:42:01,611] {logging_mixin.py:104} INFO - [2021-06-28 15:42:01,610] {dag.py:2305} INFO - Setting next_dagrun for example_kubernetes_executor to None
[2021-06-28 15:42:01,648] {scheduler_job.py:190} INFO - Processing /home/airflow/.local/lib/python3.6/site-packages/airflow/example_dags/example_kubernetes_executor.py took 0.177 seconds
[2021-06-28 15:42:31,852] {scheduler_job.py:182} INFO - Started process (PID=1111) to work on /home/airflow/.local/lib/python3.6/site-packages/airflow/example_dags/example_kubernetes_executor.py
[2021-06-28 15:42:31,881] {scheduler_job.py:633} INFO - Processing file /home/airflow/.local/lib/python3.6/site-packages/airflow/example_dags/example_kubernetes_executor.py for tasks to queue
[2021-06-28 15:42:31,895] {logging_mixin.py:104} INFO - [2021-06-28 15:42:31,895] {dagbag.py:487} INFO - Filling up the DagBag from /home/airflow/.local/lib/python3.6/site-packages/airflow/example_dags/example_kubernetes_executor.py
[2021-06-28 15:42:31,958] {scheduler_job.py:643} INFO - DAG(s) dict_keys(['example_kubernetes_executor']) retrieved from /home/airflow/.local/lib/python3.6/site-packages/airflow/example_dags/example_kubernetes_executor.py
[2021-06-28 15:42:32,034] {logging_mixin.py:104} INFO - [2021-06-28 15:42:32,034] {dag.py:1832} INFO - Sync 1 DAGs
[2021-06-28 15:42:32,065] {logging_mixin.py:104} INFO - [2021-06-28 15:42:32,065] {dag.py:2305} INFO - Setting next_dagrun for example_kubernetes_executor to None
[2021-06-28 15:42:32,087] {scheduler_job.py:190} INFO - Processing /home/airflow/.local/lib/python3.6/site-packages/airflow/example_dags/example_kubernetes_executor.py took 0.240 seconds
[2021-06-28 15:43:02,149] {scheduler_job.py:182} INFO - Started process (PID=1180) to work on /home/airflow/.local/lib/python3.6/site-packages/airflow/example_dags/example_kubernetes_executor.py
[2021-06-28 15:43:02,157] {scheduler_job.py:633} INFO - Processing file /home/airflow/.local/lib/python3.6/site-packages/airflow/example_dags/example_kubernetes_executor.py for tasks to queue
[2021-06-28 15:43:02,161] {logging_mixin.py:104} INFO - [2021-06-28 15:43:02,161] {dagbag.py:487} INFO - Filling up the DagBag from /home/airflow/.local/lib/python3.6/site-packages/airflow/example_dags/example_kubernetes_executor.py
[2021-06-28 15:43:02,236] {scheduler_job.py:643} INFO - DAG(s) dict_keys(['example_kubernetes_executor']) retrieved from /home/airflow/.local/lib/python3.6/site-packages/airflow/example_dags/example_kubernetes_executor.py
[2021-06-28 15:43:02,315] {logging_mixin.py:104} INFO - [2021-06-28 15:43:02,315] {dag.py:1832} INFO - Sync 1 DAGs
[2021-06-28 15:43:02,369] {logging_mixin.py:104} INFO - [2021-06-28 15:43:02,369] {dag.py:2305} INFO - Setting next_dagrun for example_kubernetes_executor to None
[2021-06-28 15:43:02,430] {scheduler_job.py:190} INFO - Processing /home/airflow/.local/lib/python3.6/site-packages/airflow/example_dags/example_kubernetes_executor.py took 0.289 seconds
[2021-06-28 15:43:32,706] {scheduler_job.py:182} INFO - Started process (PID=1241) to work on /home/airflow/.local/lib/python3.6/site-packages/airflow/example_dags/example_kubernetes_executor.py
[2021-06-28 15:43:32,707] {scheduler_job.py:633} INFO - Processing file /home/airflow/.local/lib/python3.6/site-packages/airflow/example_dags/example_kubernetes_executor.py for tasks to queue
[2021-06-28 15:43:32,708] {logging_mixin.py:104} INFO - [2021-06-28 15:43:32,708] {dagbag.py:487} INFO - Filling up the DagBag from /home/airflow/.local/lib/python3.6/site-packages/airflow/example_dags/example_kubernetes_executor.py
[2021-06-28 15:43:32,726] {scheduler_job.py:643} INFO - DAG(s) dict_keys(['example_kubernetes_executor']) retrieved from /home/airflow/.local/lib/python3.6/site-packages/airflow/example_dags/example_kubernetes_executor.py
[2021-06-28 15:43:32,753] {logging_mixin.py:104} INFO - [2021-06-28 15:43:32,752] {dag.py:1832} INFO - Sync 1 DAGs
[2021-06-28 15:43:32,776] {logging_mixin.py:104} INFO - [2021-06-28 15:43:32,775] {dag.py:2305} INFO - Setting next_dagrun for example_kubernetes_executor to None
[2021-06-28 15:43:32,789] {scheduler_job.py:190} INFO - Processing /home/airflow/.local/lib/python3.6/site-packages/airflow/example_dags/example_kubernetes_executor.py took 0.087 seconds
[2021-06-28 15:44:03,131] {scheduler_job.py:182} INFO - Started process (PID=1300) to work on /home/airflow/.local/lib/python3.6/site-packages/airflow/example_dags/example_kubernetes_executor.py
[2021-06-28 15:44:03,137] {scheduler_job.py:633} INFO - Processing file /home/airflow/.local/lib/python3.6/site-packages/airflow/example_dags/example_kubernetes_executor.py for tasks to queue
[2021-06-28 15:44:03,138] {logging_mixin.py:104} INFO - [2021-06-28 15:44:03,138] {dagbag.py:487} INFO - Filling up the DagBag from /home/airflow/.local/lib/python3.6/site-packages/airflow/example_dags/example_kubernetes_executor.py
[2021-06-28 15:44:03,163] {scheduler_job.py:643} INFO - DAG(s) dict_keys(['example_kubernetes_executor']) retrieved from /home/airflow/.local/lib/python3.6/site-packages/airflow/example_dags/example_kubernetes_executor.py
[2021-06-28 15:44:03,206] {logging_mixin.py:104} INFO - [2021-06-28 15:44:03,206] {dag.py:1832} INFO - Sync 1 DAGs
[2021-06-28 15:44:03,239] {logging_mixin.py:104} INFO - [2021-06-28 15:44:03,239] {dag.py:2305} INFO - Setting next_dagrun for example_kubernetes_executor to None
[2021-06-28 15:44:03,272] {scheduler_job.py:190} INFO - Processing /home/airflow/.local/lib/python3.6/site-packages/airflow/example_dags/example_kubernetes_executor.py took 0.146 seconds
[2021-06-28 15:44:33,558] {scheduler_job.py:182} INFO - Started process (PID=1360) to work on /home/airflow/.local/lib/python3.6/site-packages/airflow/example_dags/example_kubernetes_executor.py
[2021-06-28 15:44:33,572] {scheduler_job.py:633} INFO - Processing file /home/airflow/.local/lib/python3.6/site-packages/airflow/example_dags/example_kubernetes_executor.py for tasks to queue
[2021-06-28 15:44:33,574] {logging_mixin.py:104} INFO - [2021-06-28 15:44:33,574] {dagbag.py:487} INFO - Filling up the DagBag from /home/airflow/.local/lib/python3.6/site-packages/airflow/example_dags/example_kubernetes_executor.py
[2021-06-28 15:44:33,650] {scheduler_job.py:643} INFO - DAG(s) dict_keys(['example_kubernetes_executor']) retrieved from /home/airflow/.local/lib/python3.6/site-packages/airflow/example_dags/example_kubernetes_executor.py
[2021-06-28 15:44:33,691] {logging_mixin.py:104} INFO - [2021-06-28 15:44:33,691] {dag.py:1832} INFO - Sync 1 DAGs
[2021-06-28 15:44:33,736] {logging_mixin.py:104} INFO - [2021-06-28 15:44:33,736] {dag.py:2305} INFO - Setting next_dagrun for example_kubernetes_executor to None
[2021-06-28 15:44:33,757] {scheduler_job.py:190} INFO - Processing /home/airflow/.local/lib/python3.6/site-packages/airflow/example_dags/example_kubernetes_executor.py took 0.215 seconds
