[2021-06-28 15:16:27,124] {scheduler_job.py:182} INFO - Started process (PID=105) to work on /home/airflow/.local/lib/python3.6/site-packages/airflow/example_dags/example_nested_branch_dag.py
[2021-06-28 15:16:27,129] {scheduler_job.py:633} INFO - Processing file /home/airflow/.local/lib/python3.6/site-packages/airflow/example_dags/example_nested_branch_dag.py for tasks to queue
[2021-06-28 15:16:27,132] {logging_mixin.py:104} INFO - [2021-06-28 15:16:27,131] {dagbag.py:487} INFO - Filling up the DagBag from /home/airflow/.local/lib/python3.6/site-packages/airflow/example_dags/example_nested_branch_dag.py
[2021-06-28 15:16:27,196] {scheduler_job.py:643} INFO - DAG(s) dict_keys(['example_nested_branch_dag']) retrieved from /home/airflow/.local/lib/python3.6/site-packages/airflow/example_dags/example_nested_branch_dag.py
[2021-06-28 15:16:28,139] {logging_mixin.py:104} INFO - [2021-06-28 15:16:28,139] {dag.py:1832} INFO - Sync 1 DAGs
[2021-06-28 15:16:28,194] {logging_mixin.py:104} INFO - [2021-06-28 15:16:28,194] {dag.py:2305} INFO - Setting next_dagrun for example_nested_branch_dag to 2021-06-26 00:00:00+00:00
[2021-06-28 15:16:28,232] {scheduler_job.py:190} INFO - Processing /home/airflow/.local/lib/python3.6/site-packages/airflow/example_dags/example_nested_branch_dag.py took 1.114 seconds
[2021-06-28 15:16:58,484] {scheduler_job.py:182} INFO - Started process (PID=163) to work on /home/airflow/.local/lib/python3.6/site-packages/airflow/example_dags/example_nested_branch_dag.py
[2021-06-28 15:16:58,507] {scheduler_job.py:633} INFO - Processing file /home/airflow/.local/lib/python3.6/site-packages/airflow/example_dags/example_nested_branch_dag.py for tasks to queue
[2021-06-28 15:16:58,509] {logging_mixin.py:104} INFO - [2021-06-28 15:16:58,509] {dagbag.py:487} INFO - Filling up the DagBag from /home/airflow/.local/lib/python3.6/site-packages/airflow/example_dags/example_nested_branch_dag.py
[2021-06-28 15:16:58,556] {scheduler_job.py:643} INFO - DAG(s) dict_keys(['example_nested_branch_dag']) retrieved from /home/airflow/.local/lib/python3.6/site-packages/airflow/example_dags/example_nested_branch_dag.py
[2021-06-28 15:16:58,645] {logging_mixin.py:104} INFO - [2021-06-28 15:16:58,645] {dag.py:1832} INFO - Sync 1 DAGs
[2021-06-28 15:16:58,745] {logging_mixin.py:104} INFO - [2021-06-28 15:16:58,745] {dag.py:2305} INFO - Setting next_dagrun for example_nested_branch_dag to 2021-06-26 00:00:00+00:00
[2021-06-28 15:16:58,766] {scheduler_job.py:190} INFO - Processing /home/airflow/.local/lib/python3.6/site-packages/airflow/example_dags/example_nested_branch_dag.py took 0.297 seconds
[2021-06-28 15:17:29,155] {scheduler_job.py:182} INFO - Started process (PID=225) to work on /home/airflow/.local/lib/python3.6/site-packages/airflow/example_dags/example_nested_branch_dag.py
[2021-06-28 15:17:29,156] {scheduler_job.py:633} INFO - Processing file /home/airflow/.local/lib/python3.6/site-packages/airflow/example_dags/example_nested_branch_dag.py for tasks to queue
[2021-06-28 15:17:29,157] {logging_mixin.py:104} INFO - [2021-06-28 15:17:29,157] {dagbag.py:487} INFO - Filling up the DagBag from /home/airflow/.local/lib/python3.6/site-packages/airflow/example_dags/example_nested_branch_dag.py
[2021-06-28 15:17:29,180] {scheduler_job.py:643} INFO - DAG(s) dict_keys(['example_nested_branch_dag']) retrieved from /home/airflow/.local/lib/python3.6/site-packages/airflow/example_dags/example_nested_branch_dag.py
[2021-06-28 15:17:29,228] {logging_mixin.py:104} INFO - [2021-06-28 15:17:29,228] {dag.py:1832} INFO - Sync 1 DAGs
[2021-06-28 15:17:29,260] {logging_mixin.py:104} INFO - [2021-06-28 15:17:29,259] {dag.py:2305} INFO - Setting next_dagrun for example_nested_branch_dag to 2021-06-26 00:00:00+00:00
[2021-06-28 15:17:29,286] {scheduler_job.py:190} INFO - Processing /home/airflow/.local/lib/python3.6/site-packages/airflow/example_dags/example_nested_branch_dag.py took 0.135 seconds
[2021-06-28 15:17:59,458] {scheduler_job.py:182} INFO - Started process (PID=284) to work on /home/airflow/.local/lib/python3.6/site-packages/airflow/example_dags/example_nested_branch_dag.py
[2021-06-28 15:17:59,464] {scheduler_job.py:633} INFO - Processing file /home/airflow/.local/lib/python3.6/site-packages/airflow/example_dags/example_nested_branch_dag.py for tasks to queue
[2021-06-28 15:17:59,465] {logging_mixin.py:104} INFO - [2021-06-28 15:17:59,465] {dagbag.py:487} INFO - Filling up the DagBag from /home/airflow/.local/lib/python3.6/site-packages/airflow/example_dags/example_nested_branch_dag.py
[2021-06-28 15:17:59,484] {scheduler_job.py:643} INFO - DAG(s) dict_keys(['example_nested_branch_dag']) retrieved from /home/airflow/.local/lib/python3.6/site-packages/airflow/example_dags/example_nested_branch_dag.py
[2021-06-28 15:17:59,514] {logging_mixin.py:104} INFO - [2021-06-28 15:17:59,514] {dag.py:1832} INFO - Sync 1 DAGs
[2021-06-28 15:17:59,546] {logging_mixin.py:104} INFO - [2021-06-28 15:17:59,546] {dag.py:2305} INFO - Setting next_dagrun for example_nested_branch_dag to 2021-06-26 00:00:00+00:00
[2021-06-28 15:17:59,560] {scheduler_job.py:190} INFO - Processing /home/airflow/.local/lib/python3.6/site-packages/airflow/example_dags/example_nested_branch_dag.py took 0.105 seconds
[2021-06-28 15:18:29,637] {scheduler_job.py:182} INFO - Started process (PID=344) to work on /home/airflow/.local/lib/python3.6/site-packages/airflow/example_dags/example_nested_branch_dag.py
[2021-06-28 15:18:29,638] {scheduler_job.py:633} INFO - Processing file /home/airflow/.local/lib/python3.6/site-packages/airflow/example_dags/example_nested_branch_dag.py for tasks to queue
[2021-06-28 15:18:29,639] {logging_mixin.py:104} INFO - [2021-06-28 15:18:29,639] {dagbag.py:487} INFO - Filling up the DagBag from /home/airflow/.local/lib/python3.6/site-packages/airflow/example_dags/example_nested_branch_dag.py
[2021-06-28 15:18:29,679] {scheduler_job.py:643} INFO - DAG(s) dict_keys(['example_nested_branch_dag']) retrieved from /home/airflow/.local/lib/python3.6/site-packages/airflow/example_dags/example_nested_branch_dag.py
[2021-06-28 15:18:29,752] {logging_mixin.py:104} INFO - [2021-06-28 15:18:29,752] {dag.py:1832} INFO - Sync 1 DAGs
[2021-06-28 15:18:29,853] {logging_mixin.py:104} INFO - [2021-06-28 15:18:29,852] {dag.py:2305} INFO - Setting next_dagrun for example_nested_branch_dag to 2021-06-26 00:00:00+00:00
[2021-06-28 15:18:29,916] {scheduler_job.py:190} INFO - Processing /home/airflow/.local/lib/python3.6/site-packages/airflow/example_dags/example_nested_branch_dag.py took 0.287 seconds
[2021-06-28 15:19:00,442] {scheduler_job.py:182} INFO - Started process (PID=416) to work on /home/airflow/.local/lib/python3.6/site-packages/airflow/example_dags/example_nested_branch_dag.py
[2021-06-28 15:19:00,445] {scheduler_job.py:633} INFO - Processing file /home/airflow/.local/lib/python3.6/site-packages/airflow/example_dags/example_nested_branch_dag.py for tasks to queue
[2021-06-28 15:19:00,446] {logging_mixin.py:104} INFO - [2021-06-28 15:19:00,446] {dagbag.py:487} INFO - Filling up the DagBag from /home/airflow/.local/lib/python3.6/site-packages/airflow/example_dags/example_nested_branch_dag.py
[2021-06-28 15:19:00,481] {scheduler_job.py:643} INFO - DAG(s) dict_keys(['example_nested_branch_dag']) retrieved from /home/airflow/.local/lib/python3.6/site-packages/airflow/example_dags/example_nested_branch_dag.py
[2021-06-28 15:19:00,549] {logging_mixin.py:104} INFO - [2021-06-28 15:19:00,549] {dag.py:1832} INFO - Sync 1 DAGs
[2021-06-28 15:19:00,582] {logging_mixin.py:104} INFO - [2021-06-28 15:19:00,581] {dag.py:2305} INFO - Setting next_dagrun for example_nested_branch_dag to 2021-06-26 00:00:00+00:00
[2021-06-28 15:19:00,622] {scheduler_job.py:190} INFO - Processing /home/airflow/.local/lib/python3.6/site-packages/airflow/example_dags/example_nested_branch_dag.py took 0.189 seconds
[2021-06-28 15:19:30,668] {scheduler_job.py:182} INFO - Started process (PID=465) to work on /home/airflow/.local/lib/python3.6/site-packages/airflow/example_dags/example_nested_branch_dag.py
[2021-06-28 15:19:30,671] {scheduler_job.py:633} INFO - Processing file /home/airflow/.local/lib/python3.6/site-packages/airflow/example_dags/example_nested_branch_dag.py for tasks to queue
[2021-06-28 15:19:30,672] {logging_mixin.py:104} INFO - [2021-06-28 15:19:30,672] {dagbag.py:487} INFO - Filling up the DagBag from /home/airflow/.local/lib/python3.6/site-packages/airflow/example_dags/example_nested_branch_dag.py
[2021-06-28 15:19:30,743] {scheduler_job.py:643} INFO - DAG(s) dict_keys(['example_nested_branch_dag']) retrieved from /home/airflow/.local/lib/python3.6/site-packages/airflow/example_dags/example_nested_branch_dag.py
[2021-06-28 15:19:30,799] {logging_mixin.py:104} INFO - [2021-06-28 15:19:30,798] {dag.py:1832} INFO - Sync 1 DAGs
[2021-06-28 15:19:30,856] {logging_mixin.py:104} INFO - [2021-06-28 15:19:30,856] {dag.py:2305} INFO - Setting next_dagrun for example_nested_branch_dag to 2021-06-26 00:00:00+00:00
[2021-06-28 15:19:30,885] {scheduler_job.py:190} INFO - Processing /home/airflow/.local/lib/python3.6/site-packages/airflow/example_dags/example_nested_branch_dag.py took 0.233 seconds
[2021-06-28 15:20:01,121] {scheduler_job.py:182} INFO - Started process (PID=529) to work on /home/airflow/.local/lib/python3.6/site-packages/airflow/example_dags/example_nested_branch_dag.py
[2021-06-28 15:20:01,124] {scheduler_job.py:633} INFO - Processing file /home/airflow/.local/lib/python3.6/site-packages/airflow/example_dags/example_nested_branch_dag.py for tasks to queue
[2021-06-28 15:20:01,130] {logging_mixin.py:104} INFO - [2021-06-28 15:20:01,130] {dagbag.py:487} INFO - Filling up the DagBag from /home/airflow/.local/lib/python3.6/site-packages/airflow/example_dags/example_nested_branch_dag.py
[2021-06-28 15:20:01,222] {scheduler_job.py:643} INFO - DAG(s) dict_keys(['example_nested_branch_dag']) retrieved from /home/airflow/.local/lib/python3.6/site-packages/airflow/example_dags/example_nested_branch_dag.py
[2021-06-28 15:20:01,310] {logging_mixin.py:104} INFO - [2021-06-28 15:20:01,310] {dag.py:1832} INFO - Sync 1 DAGs
[2021-06-28 15:20:01,397] {logging_mixin.py:104} INFO - [2021-06-28 15:20:01,397] {dag.py:2305} INFO - Setting next_dagrun for example_nested_branch_dag to 2021-06-26 00:00:00+00:00
[2021-06-28 15:20:01,429] {scheduler_job.py:190} INFO - Processing /home/airflow/.local/lib/python3.6/site-packages/airflow/example_dags/example_nested_branch_dag.py took 0.313 seconds
[2021-06-28 15:20:32,371] {scheduler_job.py:182} INFO - Started process (PID=600) to work on /home/airflow/.local/lib/python3.6/site-packages/airflow/example_dags/example_nested_branch_dag.py
[2021-06-28 15:20:32,396] {scheduler_job.py:633} INFO - Processing file /home/airflow/.local/lib/python3.6/site-packages/airflow/example_dags/example_nested_branch_dag.py for tasks to queue
[2021-06-28 15:20:32,399] {logging_mixin.py:104} INFO - [2021-06-28 15:20:32,399] {dagbag.py:487} INFO - Filling up the DagBag from /home/airflow/.local/lib/python3.6/site-packages/airflow/example_dags/example_nested_branch_dag.py
[2021-06-28 15:20:32,473] {scheduler_job.py:643} INFO - DAG(s) dict_keys(['example_nested_branch_dag']) retrieved from /home/airflow/.local/lib/python3.6/site-packages/airflow/example_dags/example_nested_branch_dag.py
[2021-06-28 15:20:32,632] {logging_mixin.py:104} INFO - [2021-06-28 15:20:32,631] {dag.py:1832} INFO - Sync 1 DAGs
[2021-06-28 15:20:32,691] {logging_mixin.py:104} INFO - [2021-06-28 15:20:32,691] {dag.py:2305} INFO - Setting next_dagrun for example_nested_branch_dag to 2021-06-26 00:00:00+00:00
[2021-06-28 15:20:32,721] {scheduler_job.py:190} INFO - Processing /home/airflow/.local/lib/python3.6/site-packages/airflow/example_dags/example_nested_branch_dag.py took 0.361 seconds
[2021-06-28 15:21:02,968] {scheduler_job.py:182} INFO - Started process (PID=659) to work on /home/airflow/.local/lib/python3.6/site-packages/airflow/example_dags/example_nested_branch_dag.py
[2021-06-28 15:21:02,978] {scheduler_job.py:633} INFO - Processing file /home/airflow/.local/lib/python3.6/site-packages/airflow/example_dags/example_nested_branch_dag.py for tasks to queue
[2021-06-28 15:21:02,979] {logging_mixin.py:104} INFO - [2021-06-28 15:21:02,979] {dagbag.py:487} INFO - Filling up the DagBag from /home/airflow/.local/lib/python3.6/site-packages/airflow/example_dags/example_nested_branch_dag.py
[2021-06-28 15:21:03,032] {scheduler_job.py:643} INFO - DAG(s) dict_keys(['example_nested_branch_dag']) retrieved from /home/airflow/.local/lib/python3.6/site-packages/airflow/example_dags/example_nested_branch_dag.py
[2021-06-28 15:21:03,139] {logging_mixin.py:104} INFO - [2021-06-28 15:21:03,138] {dag.py:1832} INFO - Sync 1 DAGs
[2021-06-28 15:21:03,360] {logging_mixin.py:104} INFO - [2021-06-28 15:21:03,360] {dag.py:2305} INFO - Setting next_dagrun for example_nested_branch_dag to 2021-06-26 00:00:00+00:00
[2021-06-28 15:21:03,508] {scheduler_job.py:190} INFO - Processing /home/airflow/.local/lib/python3.6/site-packages/airflow/example_dags/example_nested_branch_dag.py took 0.545 seconds
[2021-06-28 15:21:33,771] {scheduler_job.py:182} INFO - Started process (PID=718) to work on /home/airflow/.local/lib/python3.6/site-packages/airflow/example_dags/example_nested_branch_dag.py
[2021-06-28 15:21:33,784] {scheduler_job.py:633} INFO - Processing file /home/airflow/.local/lib/python3.6/site-packages/airflow/example_dags/example_nested_branch_dag.py for tasks to queue
[2021-06-28 15:21:33,785] {logging_mixin.py:104} INFO - [2021-06-28 15:21:33,785] {dagbag.py:487} INFO - Filling up the DagBag from /home/airflow/.local/lib/python3.6/site-packages/airflow/example_dags/example_nested_branch_dag.py
[2021-06-28 15:21:33,914] {scheduler_job.py:643} INFO - DAG(s) dict_keys(['example_nested_branch_dag']) retrieved from /home/airflow/.local/lib/python3.6/site-packages/airflow/example_dags/example_nested_branch_dag.py
[2021-06-28 15:21:34,099] {logging_mixin.py:104} INFO - [2021-06-28 15:21:34,099] {dag.py:1832} INFO - Sync 1 DAGs
[2021-06-28 15:21:34,262] {logging_mixin.py:104} INFO - [2021-06-28 15:21:34,262] {dag.py:2305} INFO - Setting next_dagrun for example_nested_branch_dag to 2021-06-26 00:00:00+00:00
[2021-06-28 15:21:34,310] {scheduler_job.py:190} INFO - Processing /home/airflow/.local/lib/python3.6/site-packages/airflow/example_dags/example_nested_branch_dag.py took 0.552 seconds
[2021-06-28 15:22:04,939] {scheduler_job.py:182} INFO - Started process (PID=778) to work on /home/airflow/.local/lib/python3.6/site-packages/airflow/example_dags/example_nested_branch_dag.py
[2021-06-28 15:22:04,954] {scheduler_job.py:633} INFO - Processing file /home/airflow/.local/lib/python3.6/site-packages/airflow/example_dags/example_nested_branch_dag.py for tasks to queue
[2021-06-28 15:22:04,961] {logging_mixin.py:104} INFO - [2021-06-28 15:22:04,960] {dagbag.py:487} INFO - Filling up the DagBag from /home/airflow/.local/lib/python3.6/site-packages/airflow/example_dags/example_nested_branch_dag.py
[2021-06-28 15:22:05,042] {scheduler_job.py:643} INFO - DAG(s) dict_keys(['example_nested_branch_dag']) retrieved from /home/airflow/.local/lib/python3.6/site-packages/airflow/example_dags/example_nested_branch_dag.py
[2021-06-28 15:22:05,256] {logging_mixin.py:104} INFO - [2021-06-28 15:22:05,255] {dag.py:1832} INFO - Sync 1 DAGs
[2021-06-28 15:22:05,328] {logging_mixin.py:104} INFO - [2021-06-28 15:22:05,328] {dag.py:2305} INFO - Setting next_dagrun for example_nested_branch_dag to 2021-06-26 00:00:00+00:00
[2021-06-28 15:22:05,355] {scheduler_job.py:190} INFO - Processing /home/airflow/.local/lib/python3.6/site-packages/airflow/example_dags/example_nested_branch_dag.py took 0.423 seconds
[2021-06-28 15:22:35,567] {scheduler_job.py:182} INFO - Started process (PID=835) to work on /home/airflow/.local/lib/python3.6/site-packages/airflow/example_dags/example_nested_branch_dag.py
[2021-06-28 15:22:35,569] {scheduler_job.py:633} INFO - Processing file /home/airflow/.local/lib/python3.6/site-packages/airflow/example_dags/example_nested_branch_dag.py for tasks to queue
[2021-06-28 15:22:35,571] {logging_mixin.py:104} INFO - [2021-06-28 15:22:35,571] {dagbag.py:487} INFO - Filling up the DagBag from /home/airflow/.local/lib/python3.6/site-packages/airflow/example_dags/example_nested_branch_dag.py
[2021-06-28 15:22:35,622] {scheduler_job.py:643} INFO - DAG(s) dict_keys(['example_nested_branch_dag']) retrieved from /home/airflow/.local/lib/python3.6/site-packages/airflow/example_dags/example_nested_branch_dag.py
[2021-06-28 15:22:35,707] {logging_mixin.py:104} INFO - [2021-06-28 15:22:35,707] {dag.py:1832} INFO - Sync 1 DAGs
[2021-06-28 15:22:35,780] {logging_mixin.py:104} INFO - [2021-06-28 15:22:35,780] {dag.py:2305} INFO - Setting next_dagrun for example_nested_branch_dag to 2021-06-26 00:00:00+00:00
[2021-06-28 15:22:35,870] {scheduler_job.py:190} INFO - Processing /home/airflow/.local/lib/python3.6/site-packages/airflow/example_dags/example_nested_branch_dag.py took 0.324 seconds
[2021-06-28 15:23:06,299] {scheduler_job.py:182} INFO - Started process (PID=894) to work on /home/airflow/.local/lib/python3.6/site-packages/airflow/example_dags/example_nested_branch_dag.py
[2021-06-28 15:23:06,300] {scheduler_job.py:633} INFO - Processing file /home/airflow/.local/lib/python3.6/site-packages/airflow/example_dags/example_nested_branch_dag.py for tasks to queue
[2021-06-28 15:23:06,301] {logging_mixin.py:104} INFO - [2021-06-28 15:23:06,301] {dagbag.py:487} INFO - Filling up the DagBag from /home/airflow/.local/lib/python3.6/site-packages/airflow/example_dags/example_nested_branch_dag.py
[2021-06-28 15:23:06,323] {scheduler_job.py:643} INFO - DAG(s) dict_keys(['example_nested_branch_dag']) retrieved from /home/airflow/.local/lib/python3.6/site-packages/airflow/example_dags/example_nested_branch_dag.py
[2021-06-28 15:23:06,363] {logging_mixin.py:104} INFO - [2021-06-28 15:23:06,363] {dag.py:1832} INFO - Sync 1 DAGs
[2021-06-28 15:23:06,393] {logging_mixin.py:104} INFO - [2021-06-28 15:23:06,393] {dag.py:2305} INFO - Setting next_dagrun for example_nested_branch_dag to 2021-06-26 00:00:00+00:00
[2021-06-28 15:23:06,408] {scheduler_job.py:190} INFO - Processing /home/airflow/.local/lib/python3.6/site-packages/airflow/example_dags/example_nested_branch_dag.py took 0.112 seconds
[2021-06-28 15:23:36,513] {scheduler_job.py:182} INFO - Started process (PID=953) to work on /home/airflow/.local/lib/python3.6/site-packages/airflow/example_dags/example_nested_branch_dag.py
[2021-06-28 15:23:36,514] {scheduler_job.py:633} INFO - Processing file /home/airflow/.local/lib/python3.6/site-packages/airflow/example_dags/example_nested_branch_dag.py for tasks to queue
[2021-06-28 15:23:36,515] {logging_mixin.py:104} INFO - [2021-06-28 15:23:36,515] {dagbag.py:487} INFO - Filling up the DagBag from /home/airflow/.local/lib/python3.6/site-packages/airflow/example_dags/example_nested_branch_dag.py
[2021-06-28 15:23:36,558] {scheduler_job.py:643} INFO - DAG(s) dict_keys(['example_nested_branch_dag']) retrieved from /home/airflow/.local/lib/python3.6/site-packages/airflow/example_dags/example_nested_branch_dag.py
[2021-06-28 15:23:36,644] {logging_mixin.py:104} INFO - [2021-06-28 15:23:36,643] {dag.py:1832} INFO - Sync 1 DAGs
[2021-06-28 15:23:36,698] {logging_mixin.py:104} INFO - [2021-06-28 15:23:36,698] {dag.py:2305} INFO - Setting next_dagrun for example_nested_branch_dag to 2021-06-26 00:00:00+00:00
[2021-06-28 15:23:36,714] {scheduler_job.py:190} INFO - Processing /home/airflow/.local/lib/python3.6/site-packages/airflow/example_dags/example_nested_branch_dag.py took 0.214 seconds
[2021-06-28 15:24:07,545] {scheduler_job.py:182} INFO - Started process (PID=1027) to work on /home/airflow/.local/lib/python3.6/site-packages/airflow/example_dags/example_nested_branch_dag.py
[2021-06-28 15:24:07,546] {scheduler_job.py:633} INFO - Processing file /home/airflow/.local/lib/python3.6/site-packages/airflow/example_dags/example_nested_branch_dag.py for tasks to queue
[2021-06-28 15:24:07,547] {logging_mixin.py:104} INFO - [2021-06-28 15:24:07,547] {dagbag.py:487} INFO - Filling up the DagBag from /home/airflow/.local/lib/python3.6/site-packages/airflow/example_dags/example_nested_branch_dag.py
[2021-06-28 15:24:07,588] {scheduler_job.py:643} INFO - DAG(s) dict_keys(['example_nested_branch_dag']) retrieved from /home/airflow/.local/lib/python3.6/site-packages/airflow/example_dags/example_nested_branch_dag.py
[2021-06-28 15:24:07,629] {logging_mixin.py:104} INFO - [2021-06-28 15:24:07,629] {dag.py:1832} INFO - Sync 1 DAGs
[2021-06-28 15:24:07,669] {logging_mixin.py:104} INFO - [2021-06-28 15:24:07,669] {dag.py:2305} INFO - Setting next_dagrun for example_nested_branch_dag to 2021-06-26 00:00:00+00:00
[2021-06-28 15:24:07,692] {scheduler_job.py:190} INFO - Processing /home/airflow/.local/lib/python3.6/site-packages/airflow/example_dags/example_nested_branch_dag.py took 0.154 seconds
[2021-06-28 15:24:38,039] {scheduler_job.py:182} INFO - Started process (PID=1086) to work on /home/airflow/.local/lib/python3.6/site-packages/airflow/example_dags/example_nested_branch_dag.py
[2021-06-28 15:24:38,041] {scheduler_job.py:633} INFO - Processing file /home/airflow/.local/lib/python3.6/site-packages/airflow/example_dags/example_nested_branch_dag.py for tasks to queue
[2021-06-28 15:24:38,053] {logging_mixin.py:104} INFO - [2021-06-28 15:24:38,053] {dagbag.py:487} INFO - Filling up the DagBag from /home/airflow/.local/lib/python3.6/site-packages/airflow/example_dags/example_nested_branch_dag.py
[2021-06-28 15:24:38,090] {scheduler_job.py:643} INFO - DAG(s) dict_keys(['example_nested_branch_dag']) retrieved from /home/airflow/.local/lib/python3.6/site-packages/airflow/example_dags/example_nested_branch_dag.py
[2021-06-28 15:24:38,152] {logging_mixin.py:104} INFO - [2021-06-28 15:24:38,152] {dag.py:1832} INFO - Sync 1 DAGs
[2021-06-28 15:24:38,209] {logging_mixin.py:104} INFO - [2021-06-28 15:24:38,209] {dag.py:2305} INFO - Setting next_dagrun for example_nested_branch_dag to 2021-06-26 00:00:00+00:00
[2021-06-28 15:24:38,247] {scheduler_job.py:190} INFO - Processing /home/airflow/.local/lib/python3.6/site-packages/airflow/example_dags/example_nested_branch_dag.py took 0.218 seconds
[2021-06-28 15:25:09,081] {scheduler_job.py:182} INFO - Started process (PID=1145) to work on /home/airflow/.local/lib/python3.6/site-packages/airflow/example_dags/example_nested_branch_dag.py
[2021-06-28 15:25:09,087] {scheduler_job.py:633} INFO - Processing file /home/airflow/.local/lib/python3.6/site-packages/airflow/example_dags/example_nested_branch_dag.py for tasks to queue
[2021-06-28 15:25:09,096] {logging_mixin.py:104} INFO - [2021-06-28 15:25:09,096] {dagbag.py:487} INFO - Filling up the DagBag from /home/airflow/.local/lib/python3.6/site-packages/airflow/example_dags/example_nested_branch_dag.py
[2021-06-28 15:25:09,129] {scheduler_job.py:643} INFO - DAG(s) dict_keys(['example_nested_branch_dag']) retrieved from /home/airflow/.local/lib/python3.6/site-packages/airflow/example_dags/example_nested_branch_dag.py
[2021-06-28 15:25:09,180] {logging_mixin.py:104} INFO - [2021-06-28 15:25:09,180] {dag.py:1832} INFO - Sync 1 DAGs
[2021-06-28 15:25:09,231] {logging_mixin.py:104} INFO - [2021-06-28 15:25:09,231] {dag.py:2305} INFO - Setting next_dagrun for example_nested_branch_dag to 2021-06-26 00:00:00+00:00
[2021-06-28 15:25:09,264] {scheduler_job.py:190} INFO - Processing /home/airflow/.local/lib/python3.6/site-packages/airflow/example_dags/example_nested_branch_dag.py took 0.188 seconds
[2021-06-28 15:25:39,540] {scheduler_job.py:182} INFO - Started process (PID=1216) to work on /home/airflow/.local/lib/python3.6/site-packages/airflow/example_dags/example_nested_branch_dag.py
[2021-06-28 15:25:39,553] {scheduler_job.py:633} INFO - Processing file /home/airflow/.local/lib/python3.6/site-packages/airflow/example_dags/example_nested_branch_dag.py for tasks to queue
[2021-06-28 15:25:39,554] {logging_mixin.py:104} INFO - [2021-06-28 15:25:39,554] {dagbag.py:487} INFO - Filling up the DagBag from /home/airflow/.local/lib/python3.6/site-packages/airflow/example_dags/example_nested_branch_dag.py
[2021-06-28 15:25:39,629] {scheduler_job.py:643} INFO - DAG(s) dict_keys(['example_nested_branch_dag']) retrieved from /home/airflow/.local/lib/python3.6/site-packages/airflow/example_dags/example_nested_branch_dag.py
[2021-06-28 15:25:39,868] {logging_mixin.py:104} INFO - [2021-06-28 15:25:39,868] {dag.py:1832} INFO - Sync 1 DAGs
[2021-06-28 15:25:40,125] {logging_mixin.py:104} INFO - [2021-06-28 15:25:40,124] {dag.py:2305} INFO - Setting next_dagrun for example_nested_branch_dag to 2021-06-26 00:00:00+00:00
[2021-06-28 15:25:40,184] {scheduler_job.py:190} INFO - Processing /home/airflow/.local/lib/python3.6/site-packages/airflow/example_dags/example_nested_branch_dag.py took 0.649 seconds
[2021-06-28 15:26:10,248] {scheduler_job.py:182} INFO - Started process (PID=1276) to work on /home/airflow/.local/lib/python3.6/site-packages/airflow/example_dags/example_nested_branch_dag.py
[2021-06-28 15:26:10,250] {scheduler_job.py:633} INFO - Processing file /home/airflow/.local/lib/python3.6/site-packages/airflow/example_dags/example_nested_branch_dag.py for tasks to queue
[2021-06-28 15:26:10,251] {logging_mixin.py:104} INFO - [2021-06-28 15:26:10,251] {dagbag.py:487} INFO - Filling up the DagBag from /home/airflow/.local/lib/python3.6/site-packages/airflow/example_dags/example_nested_branch_dag.py
[2021-06-28 15:26:10,270] {scheduler_job.py:643} INFO - DAG(s) dict_keys(['example_nested_branch_dag']) retrieved from /home/airflow/.local/lib/python3.6/site-packages/airflow/example_dags/example_nested_branch_dag.py
[2021-06-28 15:26:10,315] {logging_mixin.py:104} INFO - [2021-06-28 15:26:10,315] {dag.py:1832} INFO - Sync 1 DAGs
[2021-06-28 15:26:10,344] {logging_mixin.py:104} INFO - [2021-06-28 15:26:10,344] {dag.py:2305} INFO - Setting next_dagrun for example_nested_branch_dag to 2021-06-26 00:00:00+00:00
[2021-06-28 15:26:10,359] {scheduler_job.py:190} INFO - Processing /home/airflow/.local/lib/python3.6/site-packages/airflow/example_dags/example_nested_branch_dag.py took 0.115 seconds
[2021-06-28 15:26:40,521] {scheduler_job.py:182} INFO - Started process (PID=1339) to work on /home/airflow/.local/lib/python3.6/site-packages/airflow/example_dags/example_nested_branch_dag.py
[2021-06-28 15:26:40,524] {scheduler_job.py:633} INFO - Processing file /home/airflow/.local/lib/python3.6/site-packages/airflow/example_dags/example_nested_branch_dag.py for tasks to queue
[2021-06-28 15:26:40,525] {logging_mixin.py:104} INFO - [2021-06-28 15:26:40,525] {dagbag.py:487} INFO - Filling up the DagBag from /home/airflow/.local/lib/python3.6/site-packages/airflow/example_dags/example_nested_branch_dag.py
[2021-06-28 15:26:40,552] {scheduler_job.py:643} INFO - DAG(s) dict_keys(['example_nested_branch_dag']) retrieved from /home/airflow/.local/lib/python3.6/site-packages/airflow/example_dags/example_nested_branch_dag.py
[2021-06-28 15:26:40,601] {logging_mixin.py:104} INFO - [2021-06-28 15:26:40,601] {dag.py:1832} INFO - Sync 1 DAGs
[2021-06-28 15:26:40,637] {logging_mixin.py:104} INFO - [2021-06-28 15:26:40,636] {dag.py:2305} INFO - Setting next_dagrun for example_nested_branch_dag to 2021-06-26 00:00:00+00:00
[2021-06-28 15:26:40,654] {scheduler_job.py:190} INFO - Processing /home/airflow/.local/lib/python3.6/site-packages/airflow/example_dags/example_nested_branch_dag.py took 0.137 seconds
[2021-06-28 15:27:10,801] {scheduler_job.py:182} INFO - Started process (PID=1399) to work on /home/airflow/.local/lib/python3.6/site-packages/airflow/example_dags/example_nested_branch_dag.py
[2021-06-28 15:27:10,831] {scheduler_job.py:633} INFO - Processing file /home/airflow/.local/lib/python3.6/site-packages/airflow/example_dags/example_nested_branch_dag.py for tasks to queue
[2021-06-28 15:27:10,834] {logging_mixin.py:104} INFO - [2021-06-28 15:27:10,834] {dagbag.py:487} INFO - Filling up the DagBag from /home/airflow/.local/lib/python3.6/site-packages/airflow/example_dags/example_nested_branch_dag.py
[2021-06-28 15:27:10,933] {scheduler_job.py:643} INFO - DAG(s) dict_keys(['example_nested_branch_dag']) retrieved from /home/airflow/.local/lib/python3.6/site-packages/airflow/example_dags/example_nested_branch_dag.py
[2021-06-28 15:27:11,013] {logging_mixin.py:104} INFO - [2021-06-28 15:27:11,013] {dag.py:1832} INFO - Sync 1 DAGs
[2021-06-28 15:27:11,068] {logging_mixin.py:104} INFO - [2021-06-28 15:27:11,068] {dag.py:2305} INFO - Setting next_dagrun for example_nested_branch_dag to 2021-06-26 00:00:00+00:00
[2021-06-28 15:27:11,100] {scheduler_job.py:190} INFO - Processing /home/airflow/.local/lib/python3.6/site-packages/airflow/example_dags/example_nested_branch_dag.py took 0.315 seconds
[2021-06-28 15:27:41,862] {scheduler_job.py:182} INFO - Started process (PID=1460) to work on /home/airflow/.local/lib/python3.6/site-packages/airflow/example_dags/example_nested_branch_dag.py
[2021-06-28 15:27:41,864] {scheduler_job.py:633} INFO - Processing file /home/airflow/.local/lib/python3.6/site-packages/airflow/example_dags/example_nested_branch_dag.py for tasks to queue
[2021-06-28 15:27:41,865] {logging_mixin.py:104} INFO - [2021-06-28 15:27:41,865] {dagbag.py:487} INFO - Filling up the DagBag from /home/airflow/.local/lib/python3.6/site-packages/airflow/example_dags/example_nested_branch_dag.py
[2021-06-28 15:27:41,891] {scheduler_job.py:643} INFO - DAG(s) dict_keys(['example_nested_branch_dag']) retrieved from /home/airflow/.local/lib/python3.6/site-packages/airflow/example_dags/example_nested_branch_dag.py
[2021-06-28 15:27:41,965] {logging_mixin.py:104} INFO - [2021-06-28 15:27:41,965] {dag.py:1832} INFO - Sync 1 DAGs
[2021-06-28 15:27:41,997] {logging_mixin.py:104} INFO - [2021-06-28 15:27:41,997] {dag.py:2305} INFO - Setting next_dagrun for example_nested_branch_dag to 2021-06-26 00:00:00+00:00
[2021-06-28 15:27:42,016] {scheduler_job.py:190} INFO - Processing /home/airflow/.local/lib/python3.6/site-packages/airflow/example_dags/example_nested_branch_dag.py took 0.160 seconds
[2021-06-28 15:28:12,645] {scheduler_job.py:182} INFO - Started process (PID=1531) to work on /home/airflow/.local/lib/python3.6/site-packages/airflow/example_dags/example_nested_branch_dag.py
[2021-06-28 15:28:12,648] {scheduler_job.py:633} INFO - Processing file /home/airflow/.local/lib/python3.6/site-packages/airflow/example_dags/example_nested_branch_dag.py for tasks to queue
[2021-06-28 15:28:12,650] {logging_mixin.py:104} INFO - [2021-06-28 15:28:12,649] {dagbag.py:487} INFO - Filling up the DagBag from /home/airflow/.local/lib/python3.6/site-packages/airflow/example_dags/example_nested_branch_dag.py
[2021-06-28 15:28:12,675] {scheduler_job.py:643} INFO - DAG(s) dict_keys(['example_nested_branch_dag']) retrieved from /home/airflow/.local/lib/python3.6/site-packages/airflow/example_dags/example_nested_branch_dag.py
[2021-06-28 15:28:12,731] {logging_mixin.py:104} INFO - [2021-06-28 15:28:12,731] {dag.py:1832} INFO - Sync 1 DAGs
[2021-06-28 15:28:12,777] {logging_mixin.py:104} INFO - [2021-06-28 15:28:12,777] {dag.py:2305} INFO - Setting next_dagrun for example_nested_branch_dag to 2021-06-26 00:00:00+00:00
[2021-06-28 15:28:12,805] {scheduler_job.py:190} INFO - Processing /home/airflow/.local/lib/python3.6/site-packages/airflow/example_dags/example_nested_branch_dag.py took 0.177 seconds
[2021-06-28 15:28:43,428] {scheduler_job.py:182} INFO - Started process (PID=1593) to work on /home/airflow/.local/lib/python3.6/site-packages/airflow/example_dags/example_nested_branch_dag.py
[2021-06-28 15:28:43,436] {scheduler_job.py:633} INFO - Processing file /home/airflow/.local/lib/python3.6/site-packages/airflow/example_dags/example_nested_branch_dag.py for tasks to queue
[2021-06-28 15:28:43,438] {logging_mixin.py:104} INFO - [2021-06-28 15:28:43,437] {dagbag.py:487} INFO - Filling up the DagBag from /home/airflow/.local/lib/python3.6/site-packages/airflow/example_dags/example_nested_branch_dag.py
[2021-06-28 15:28:43,478] {scheduler_job.py:643} INFO - DAG(s) dict_keys(['example_nested_branch_dag']) retrieved from /home/airflow/.local/lib/python3.6/site-packages/airflow/example_dags/example_nested_branch_dag.py
[2021-06-28 15:28:43,596] {logging_mixin.py:104} INFO - [2021-06-28 15:28:43,596] {dag.py:1832} INFO - Sync 1 DAGs
[2021-06-28 15:28:43,654] {logging_mixin.py:104} INFO - [2021-06-28 15:28:43,654] {dag.py:2305} INFO - Setting next_dagrun for example_nested_branch_dag to 2021-06-26 00:00:00+00:00
[2021-06-28 15:28:43,691] {scheduler_job.py:190} INFO - Processing /home/airflow/.local/lib/python3.6/site-packages/airflow/example_dags/example_nested_branch_dag.py took 0.289 seconds
[2021-06-28 15:29:14,012] {scheduler_job.py:182} INFO - Started process (PID=1654) to work on /home/airflow/.local/lib/python3.6/site-packages/airflow/example_dags/example_nested_branch_dag.py
[2021-06-28 15:29:14,015] {scheduler_job.py:633} INFO - Processing file /home/airflow/.local/lib/python3.6/site-packages/airflow/example_dags/example_nested_branch_dag.py for tasks to queue
[2021-06-28 15:29:14,016] {logging_mixin.py:104} INFO - [2021-06-28 15:29:14,015] {dagbag.py:487} INFO - Filling up the DagBag from /home/airflow/.local/lib/python3.6/site-packages/airflow/example_dags/example_nested_branch_dag.py
[2021-06-28 15:29:14,038] {scheduler_job.py:643} INFO - DAG(s) dict_keys(['example_nested_branch_dag']) retrieved from /home/airflow/.local/lib/python3.6/site-packages/airflow/example_dags/example_nested_branch_dag.py
[2021-06-28 15:29:14,081] {logging_mixin.py:104} INFO - [2021-06-28 15:29:14,081] {dag.py:1832} INFO - Sync 1 DAGs
[2021-06-28 15:29:14,120] {logging_mixin.py:104} INFO - [2021-06-28 15:29:14,120] {dag.py:2305} INFO - Setting next_dagrun for example_nested_branch_dag to 2021-06-26 00:00:00+00:00
[2021-06-28 15:29:14,154] {scheduler_job.py:190} INFO - Processing /home/airflow/.local/lib/python3.6/site-packages/airflow/example_dags/example_nested_branch_dag.py took 0.147 seconds
[2021-06-28 15:29:44,796] {scheduler_job.py:182} INFO - Started process (PID=1715) to work on /home/airflow/.local/lib/python3.6/site-packages/airflow/example_dags/example_nested_branch_dag.py
[2021-06-28 15:29:44,800] {scheduler_job.py:633} INFO - Processing file /home/airflow/.local/lib/python3.6/site-packages/airflow/example_dags/example_nested_branch_dag.py for tasks to queue
[2021-06-28 15:29:44,801] {logging_mixin.py:104} INFO - [2021-06-28 15:29:44,801] {dagbag.py:487} INFO - Filling up the DagBag from /home/airflow/.local/lib/python3.6/site-packages/airflow/example_dags/example_nested_branch_dag.py
[2021-06-28 15:29:44,835] {scheduler_job.py:643} INFO - DAG(s) dict_keys(['example_nested_branch_dag']) retrieved from /home/airflow/.local/lib/python3.6/site-packages/airflow/example_dags/example_nested_branch_dag.py
[2021-06-28 15:29:44,882] {logging_mixin.py:104} INFO - [2021-06-28 15:29:44,882] {dag.py:1832} INFO - Sync 1 DAGs
[2021-06-28 15:29:44,918] {logging_mixin.py:104} INFO - [2021-06-28 15:29:44,918] {dag.py:2305} INFO - Setting next_dagrun for example_nested_branch_dag to 2021-06-26 00:00:00+00:00
[2021-06-28 15:29:44,940] {scheduler_job.py:190} INFO - Processing /home/airflow/.local/lib/python3.6/site-packages/airflow/example_dags/example_nested_branch_dag.py took 0.155 seconds
[2021-06-28 15:30:15,687] {scheduler_job.py:182} INFO - Started process (PID=1774) to work on /home/airflow/.local/lib/python3.6/site-packages/airflow/example_dags/example_nested_branch_dag.py
[2021-06-28 15:30:15,690] {scheduler_job.py:633} INFO - Processing file /home/airflow/.local/lib/python3.6/site-packages/airflow/example_dags/example_nested_branch_dag.py for tasks to queue
[2021-06-28 15:30:15,699] {logging_mixin.py:104} INFO - [2021-06-28 15:30:15,699] {dagbag.py:487} INFO - Filling up the DagBag from /home/airflow/.local/lib/python3.6/site-packages/airflow/example_dags/example_nested_branch_dag.py
[2021-06-28 15:30:15,718] {scheduler_job.py:643} INFO - DAG(s) dict_keys(['example_nested_branch_dag']) retrieved from /home/airflow/.local/lib/python3.6/site-packages/airflow/example_dags/example_nested_branch_dag.py
[2021-06-28 15:30:15,749] {logging_mixin.py:104} INFO - [2021-06-28 15:30:15,749] {dag.py:1832} INFO - Sync 1 DAGs
[2021-06-28 15:30:15,779] {logging_mixin.py:104} INFO - [2021-06-28 15:30:15,779] {dag.py:2305} INFO - Setting next_dagrun for example_nested_branch_dag to 2021-06-26 00:00:00+00:00
[2021-06-28 15:30:15,793] {scheduler_job.py:190} INFO - Processing /home/airflow/.local/lib/python3.6/site-packages/airflow/example_dags/example_nested_branch_dag.py took 0.109 seconds
[2021-06-28 15:30:45,929] {scheduler_job.py:182} INFO - Started process (PID=1833) to work on /home/airflow/.local/lib/python3.6/site-packages/airflow/example_dags/example_nested_branch_dag.py
[2021-06-28 15:30:45,933] {scheduler_job.py:633} INFO - Processing file /home/airflow/.local/lib/python3.6/site-packages/airflow/example_dags/example_nested_branch_dag.py for tasks to queue
[2021-06-28 15:30:45,934] {logging_mixin.py:104} INFO - [2021-06-28 15:30:45,934] {dagbag.py:487} INFO - Filling up the DagBag from /home/airflow/.local/lib/python3.6/site-packages/airflow/example_dags/example_nested_branch_dag.py
[2021-06-28 15:30:46,007] {scheduler_job.py:643} INFO - DAG(s) dict_keys(['example_nested_branch_dag']) retrieved from /home/airflow/.local/lib/python3.6/site-packages/airflow/example_dags/example_nested_branch_dag.py
[2021-06-28 15:30:46,190] {logging_mixin.py:104} INFO - [2021-06-28 15:30:46,190] {dag.py:1832} INFO - Sync 1 DAGs
[2021-06-28 15:30:46,333] {logging_mixin.py:104} INFO - [2021-06-28 15:30:46,325] {dag.py:2305} INFO - Setting next_dagrun for example_nested_branch_dag to 2021-06-26 00:00:00+00:00
[2021-06-28 15:30:46,414] {scheduler_job.py:190} INFO - Processing /home/airflow/.local/lib/python3.6/site-packages/airflow/example_dags/example_nested_branch_dag.py took 0.516 seconds
[2021-06-28 15:31:17,181] {scheduler_job.py:182} INFO - Started process (PID=1895) to work on /home/airflow/.local/lib/python3.6/site-packages/airflow/example_dags/example_nested_branch_dag.py
[2021-06-28 15:31:17,183] {scheduler_job.py:633} INFO - Processing file /home/airflow/.local/lib/python3.6/site-packages/airflow/example_dags/example_nested_branch_dag.py for tasks to queue
[2021-06-28 15:31:17,194] {logging_mixin.py:104} INFO - [2021-06-28 15:31:17,194] {dagbag.py:487} INFO - Filling up the DagBag from /home/airflow/.local/lib/python3.6/site-packages/airflow/example_dags/example_nested_branch_dag.py
[2021-06-28 15:31:17,279] {scheduler_job.py:643} INFO - DAG(s) dict_keys(['example_nested_branch_dag']) retrieved from /home/airflow/.local/lib/python3.6/site-packages/airflow/example_dags/example_nested_branch_dag.py
[2021-06-28 15:31:17,358] {logging_mixin.py:104} INFO - [2021-06-28 15:31:17,358] {dag.py:1832} INFO - Sync 1 DAGs
[2021-06-28 15:31:17,416] {logging_mixin.py:104} INFO - [2021-06-28 15:31:17,416] {dag.py:2305} INFO - Setting next_dagrun for example_nested_branch_dag to 2021-06-26 00:00:00+00:00
[2021-06-28 15:31:17,450] {scheduler_job.py:190} INFO - Processing /home/airflow/.local/lib/python3.6/site-packages/airflow/example_dags/example_nested_branch_dag.py took 0.289 seconds
[2021-06-28 15:33:56,552] {scheduler_job.py:182} INFO - Started process (PID=61) to work on /home/airflow/.local/lib/python3.6/site-packages/airflow/example_dags/example_nested_branch_dag.py
[2021-06-28 15:33:56,558] {scheduler_job.py:633} INFO - Processing file /home/airflow/.local/lib/python3.6/site-packages/airflow/example_dags/example_nested_branch_dag.py for tasks to queue
[2021-06-28 15:33:56,563] {logging_mixin.py:104} INFO - [2021-06-28 15:33:56,563] {dagbag.py:487} INFO - Filling up the DagBag from /home/airflow/.local/lib/python3.6/site-packages/airflow/example_dags/example_nested_branch_dag.py
[2021-06-28 15:33:56,608] {scheduler_job.py:643} INFO - DAG(s) dict_keys(['example_nested_branch_dag']) retrieved from /home/airflow/.local/lib/python3.6/site-packages/airflow/example_dags/example_nested_branch_dag.py
[2021-06-28 15:33:56,779] {logging_mixin.py:104} INFO - [2021-06-28 15:33:56,779] {dag.py:1832} INFO - Sync 1 DAGs
[2021-06-28 15:33:56,915] {logging_mixin.py:104} INFO - [2021-06-28 15:33:56,915] {dag.py:2305} INFO - Setting next_dagrun for example_nested_branch_dag to 2021-06-26 00:00:00+00:00
[2021-06-28 15:33:56,950] {scheduler_job.py:190} INFO - Processing /home/airflow/.local/lib/python3.6/site-packages/airflow/example_dags/example_nested_branch_dag.py took 0.403 seconds
[2021-06-28 15:34:29,809] {scheduler_job.py:182} INFO - Started process (PID=116) to work on /home/airflow/.local/lib/python3.6/site-packages/airflow/example_dags/example_nested_branch_dag.py
[2021-06-28 15:34:29,812] {scheduler_job.py:633} INFO - Processing file /home/airflow/.local/lib/python3.6/site-packages/airflow/example_dags/example_nested_branch_dag.py for tasks to queue
[2021-06-28 15:34:29,833] {logging_mixin.py:104} INFO - [2021-06-28 15:34:29,833] {dagbag.py:487} INFO - Filling up the DagBag from /home/airflow/.local/lib/python3.6/site-packages/airflow/example_dags/example_nested_branch_dag.py
[2021-06-28 15:34:29,906] {scheduler_job.py:643} INFO - DAG(s) dict_keys(['example_nested_branch_dag']) retrieved from /home/airflow/.local/lib/python3.6/site-packages/airflow/example_dags/example_nested_branch_dag.py
[2021-06-28 15:34:30,108] {logging_mixin.py:104} INFO - [2021-06-28 15:34:30,108] {dag.py:1832} INFO - Sync 1 DAGs
[2021-06-28 15:34:30,181] {logging_mixin.py:104} INFO - [2021-06-28 15:34:30,181] {dag.py:2305} INFO - Setting next_dagrun for example_nested_branch_dag to 2021-06-26 00:00:00+00:00
[2021-06-28 15:34:30,254] {scheduler_job.py:190} INFO - Processing /home/airflow/.local/lib/python3.6/site-packages/airflow/example_dags/example_nested_branch_dag.py took 0.465 seconds
[2021-06-28 15:35:01,125] {scheduler_job.py:182} INFO - Started process (PID=180) to work on /home/airflow/.local/lib/python3.6/site-packages/airflow/example_dags/example_nested_branch_dag.py
[2021-06-28 15:35:01,126] {scheduler_job.py:633} INFO - Processing file /home/airflow/.local/lib/python3.6/site-packages/airflow/example_dags/example_nested_branch_dag.py for tasks to queue
[2021-06-28 15:35:01,130] {logging_mixin.py:104} INFO - [2021-06-28 15:35:01,129] {dagbag.py:487} INFO - Filling up the DagBag from /home/airflow/.local/lib/python3.6/site-packages/airflow/example_dags/example_nested_branch_dag.py
[2021-06-28 15:35:01,170] {scheduler_job.py:643} INFO - DAG(s) dict_keys(['example_nested_branch_dag']) retrieved from /home/airflow/.local/lib/python3.6/site-packages/airflow/example_dags/example_nested_branch_dag.py
[2021-06-28 15:35:01,325] {logging_mixin.py:104} INFO - [2021-06-28 15:35:01,324] {dag.py:1832} INFO - Sync 1 DAGs
[2021-06-28 15:35:01,412] {logging_mixin.py:104} INFO - [2021-06-28 15:35:01,412] {dag.py:2305} INFO - Setting next_dagrun for example_nested_branch_dag to 2021-06-26 00:00:00+00:00
[2021-06-28 15:35:01,448] {scheduler_job.py:190} INFO - Processing /home/airflow/.local/lib/python3.6/site-packages/airflow/example_dags/example_nested_branch_dag.py took 0.334 seconds
[2021-06-28 15:35:32,061] {scheduler_job.py:182} INFO - Started process (PID=238) to work on /home/airflow/.local/lib/python3.6/site-packages/airflow/example_dags/example_nested_branch_dag.py
[2021-06-28 15:35:32,062] {scheduler_job.py:633} INFO - Processing file /home/airflow/.local/lib/python3.6/site-packages/airflow/example_dags/example_nested_branch_dag.py for tasks to queue
[2021-06-28 15:35:32,064] {logging_mixin.py:104} INFO - [2021-06-28 15:35:32,063] {dagbag.py:487} INFO - Filling up the DagBag from /home/airflow/.local/lib/python3.6/site-packages/airflow/example_dags/example_nested_branch_dag.py
[2021-06-28 15:35:32,142] {scheduler_job.py:643} INFO - DAG(s) dict_keys(['example_nested_branch_dag']) retrieved from /home/airflow/.local/lib/python3.6/site-packages/airflow/example_dags/example_nested_branch_dag.py
[2021-06-28 15:35:32,256] {logging_mixin.py:104} INFO - [2021-06-28 15:35:32,255] {dag.py:1832} INFO - Sync 1 DAGs
[2021-06-28 15:35:32,423] {logging_mixin.py:104} INFO - [2021-06-28 15:35:32,422] {dag.py:2305} INFO - Setting next_dagrun for example_nested_branch_dag to 2021-06-26 00:00:00+00:00
[2021-06-28 15:35:32,512] {scheduler_job.py:190} INFO - Processing /home/airflow/.local/lib/python3.6/site-packages/airflow/example_dags/example_nested_branch_dag.py took 0.467 seconds
[2021-06-28 15:36:03,432] {scheduler_job.py:182} INFO - Started process (PID=298) to work on /home/airflow/.local/lib/python3.6/site-packages/airflow/example_dags/example_nested_branch_dag.py
[2021-06-28 15:36:03,434] {scheduler_job.py:633} INFO - Processing file /home/airflow/.local/lib/python3.6/site-packages/airflow/example_dags/example_nested_branch_dag.py for tasks to queue
[2021-06-28 15:36:03,438] {logging_mixin.py:104} INFO - [2021-06-28 15:36:03,437] {dagbag.py:487} INFO - Filling up the DagBag from /home/airflow/.local/lib/python3.6/site-packages/airflow/example_dags/example_nested_branch_dag.py
[2021-06-28 15:36:03,489] {scheduler_job.py:643} INFO - DAG(s) dict_keys(['example_nested_branch_dag']) retrieved from /home/airflow/.local/lib/python3.6/site-packages/airflow/example_dags/example_nested_branch_dag.py
[2021-06-28 15:36:03,552] {logging_mixin.py:104} INFO - [2021-06-28 15:36:03,551] {dag.py:1832} INFO - Sync 1 DAGs
[2021-06-28 15:36:03,638] {logging_mixin.py:104} INFO - [2021-06-28 15:36:03,638] {dag.py:2305} INFO - Setting next_dagrun for example_nested_branch_dag to 2021-06-26 00:00:00+00:00
[2021-06-28 15:36:03,677] {scheduler_job.py:190} INFO - Processing /home/airflow/.local/lib/python3.6/site-packages/airflow/example_dags/example_nested_branch_dag.py took 0.263 seconds
[2021-06-28 15:36:34,516] {scheduler_job.py:182} INFO - Started process (PID=356) to work on /home/airflow/.local/lib/python3.6/site-packages/airflow/example_dags/example_nested_branch_dag.py
[2021-06-28 15:36:34,517] {scheduler_job.py:633} INFO - Processing file /home/airflow/.local/lib/python3.6/site-packages/airflow/example_dags/example_nested_branch_dag.py for tasks to queue
[2021-06-28 15:36:34,519] {logging_mixin.py:104} INFO - [2021-06-28 15:36:34,518] {dagbag.py:487} INFO - Filling up the DagBag from /home/airflow/.local/lib/python3.6/site-packages/airflow/example_dags/example_nested_branch_dag.py
[2021-06-28 15:36:34,615] {scheduler_job.py:643} INFO - DAG(s) dict_keys(['example_nested_branch_dag']) retrieved from /home/airflow/.local/lib/python3.6/site-packages/airflow/example_dags/example_nested_branch_dag.py
[2021-06-28 15:36:34,707] {logging_mixin.py:104} INFO - [2021-06-28 15:36:34,707] {dag.py:1832} INFO - Sync 1 DAGs
[2021-06-28 15:36:34,752] {logging_mixin.py:104} INFO - [2021-06-28 15:36:34,752] {dag.py:2305} INFO - Setting next_dagrun for example_nested_branch_dag to 2021-06-26 00:00:00+00:00
[2021-06-28 15:36:34,794] {scheduler_job.py:190} INFO - Processing /home/airflow/.local/lib/python3.6/site-packages/airflow/example_dags/example_nested_branch_dag.py took 0.299 seconds
[2021-06-28 15:37:05,474] {scheduler_job.py:182} INFO - Started process (PID=422) to work on /home/airflow/.local/lib/python3.6/site-packages/airflow/example_dags/example_nested_branch_dag.py
[2021-06-28 15:37:05,477] {scheduler_job.py:633} INFO - Processing file /home/airflow/.local/lib/python3.6/site-packages/airflow/example_dags/example_nested_branch_dag.py for tasks to queue
[2021-06-28 15:37:05,480] {logging_mixin.py:104} INFO - [2021-06-28 15:37:05,479] {dagbag.py:487} INFO - Filling up the DagBag from /home/airflow/.local/lib/python3.6/site-packages/airflow/example_dags/example_nested_branch_dag.py
[2021-06-28 15:37:05,596] {scheduler_job.py:643} INFO - DAG(s) dict_keys(['example_nested_branch_dag']) retrieved from /home/airflow/.local/lib/python3.6/site-packages/airflow/example_dags/example_nested_branch_dag.py
[2021-06-28 15:37:05,683] {logging_mixin.py:104} INFO - [2021-06-28 15:37:05,683] {dag.py:1832} INFO - Sync 1 DAGs
[2021-06-28 15:37:05,773] {logging_mixin.py:104} INFO - [2021-06-28 15:37:05,773] {dag.py:2305} INFO - Setting next_dagrun for example_nested_branch_dag to 2021-06-26 00:00:00+00:00
[2021-06-28 15:37:05,828] {scheduler_job.py:190} INFO - Processing /home/airflow/.local/lib/python3.6/site-packages/airflow/example_dags/example_nested_branch_dag.py took 0.368 seconds
[2021-06-28 15:37:36,078] {scheduler_job.py:182} INFO - Started process (PID=479) to work on /home/airflow/.local/lib/python3.6/site-packages/airflow/example_dags/example_nested_branch_dag.py
[2021-06-28 15:37:36,080] {scheduler_job.py:633} INFO - Processing file /home/airflow/.local/lib/python3.6/site-packages/airflow/example_dags/example_nested_branch_dag.py for tasks to queue
[2021-06-28 15:37:36,081] {logging_mixin.py:104} INFO - [2021-06-28 15:37:36,080] {dagbag.py:487} INFO - Filling up the DagBag from /home/airflow/.local/lib/python3.6/site-packages/airflow/example_dags/example_nested_branch_dag.py
[2021-06-28 15:37:36,099] {scheduler_job.py:643} INFO - DAG(s) dict_keys(['example_nested_branch_dag']) retrieved from /home/airflow/.local/lib/python3.6/site-packages/airflow/example_dags/example_nested_branch_dag.py
[2021-06-28 15:37:36,131] {logging_mixin.py:104} INFO - [2021-06-28 15:37:36,130] {dag.py:1832} INFO - Sync 1 DAGs
[2021-06-28 15:37:36,163] {logging_mixin.py:104} INFO - [2021-06-28 15:37:36,163] {dag.py:2305} INFO - Setting next_dagrun for example_nested_branch_dag to 2021-06-26 00:00:00+00:00
[2021-06-28 15:37:36,179] {scheduler_job.py:190} INFO - Processing /home/airflow/.local/lib/python3.6/site-packages/airflow/example_dags/example_nested_branch_dag.py took 0.110 seconds
[2021-06-28 15:38:06,501] {scheduler_job.py:182} INFO - Started process (PID=539) to work on /home/airflow/.local/lib/python3.6/site-packages/airflow/example_dags/example_nested_branch_dag.py
[2021-06-28 15:38:06,503] {scheduler_job.py:633} INFO - Processing file /home/airflow/.local/lib/python3.6/site-packages/airflow/example_dags/example_nested_branch_dag.py for tasks to queue
[2021-06-28 15:38:06,504] {logging_mixin.py:104} INFO - [2021-06-28 15:38:06,504] {dagbag.py:487} INFO - Filling up the DagBag from /home/airflow/.local/lib/python3.6/site-packages/airflow/example_dags/example_nested_branch_dag.py
[2021-06-28 15:38:06,530] {scheduler_job.py:643} INFO - DAG(s) dict_keys(['example_nested_branch_dag']) retrieved from /home/airflow/.local/lib/python3.6/site-packages/airflow/example_dags/example_nested_branch_dag.py
[2021-06-28 15:38:06,577] {logging_mixin.py:104} INFO - [2021-06-28 15:38:06,577] {dag.py:1832} INFO - Sync 1 DAGs
[2021-06-28 15:38:06,602] {logging_mixin.py:104} INFO - [2021-06-28 15:38:06,602] {dag.py:2305} INFO - Setting next_dagrun for example_nested_branch_dag to 2021-06-26 00:00:00+00:00
[2021-06-28 15:38:06,618] {scheduler_job.py:190} INFO - Processing /home/airflow/.local/lib/python3.6/site-packages/airflow/example_dags/example_nested_branch_dag.py took 0.121 seconds
[2021-06-28 15:38:36,734] {scheduler_job.py:182} INFO - Started process (PID=621) to work on /home/airflow/.local/lib/python3.6/site-packages/airflow/example_dags/example_nested_branch_dag.py
[2021-06-28 15:38:36,737] {scheduler_job.py:633} INFO - Processing file /home/airflow/.local/lib/python3.6/site-packages/airflow/example_dags/example_nested_branch_dag.py for tasks to queue
[2021-06-28 15:38:36,738] {logging_mixin.py:104} INFO - [2021-06-28 15:38:36,738] {dagbag.py:487} INFO - Filling up the DagBag from /home/airflow/.local/lib/python3.6/site-packages/airflow/example_dags/example_nested_branch_dag.py
[2021-06-28 15:38:36,767] {scheduler_job.py:643} INFO - DAG(s) dict_keys(['example_nested_branch_dag']) retrieved from /home/airflow/.local/lib/python3.6/site-packages/airflow/example_dags/example_nested_branch_dag.py
[2021-06-28 15:38:36,818] {logging_mixin.py:104} INFO - [2021-06-28 15:38:36,818] {dag.py:1832} INFO - Sync 1 DAGs
[2021-06-28 15:38:36,899] {logging_mixin.py:104} INFO - [2021-06-28 15:38:36,899] {dag.py:2305} INFO - Setting next_dagrun for example_nested_branch_dag to 2021-06-26 00:00:00+00:00
[2021-06-28 15:38:36,932] {scheduler_job.py:190} INFO - Processing /home/airflow/.local/lib/python3.6/site-packages/airflow/example_dags/example_nested_branch_dag.py took 0.202 seconds
[2021-06-28 15:39:07,416] {scheduler_job.py:182} INFO - Started process (PID=685) to work on /home/airflow/.local/lib/python3.6/site-packages/airflow/example_dags/example_nested_branch_dag.py
[2021-06-28 15:39:07,418] {scheduler_job.py:633} INFO - Processing file /home/airflow/.local/lib/python3.6/site-packages/airflow/example_dags/example_nested_branch_dag.py for tasks to queue
[2021-06-28 15:39:07,419] {logging_mixin.py:104} INFO - [2021-06-28 15:39:07,419] {dagbag.py:487} INFO - Filling up the DagBag from /home/airflow/.local/lib/python3.6/site-packages/airflow/example_dags/example_nested_branch_dag.py
[2021-06-28 15:39:07,439] {scheduler_job.py:643} INFO - DAG(s) dict_keys(['example_nested_branch_dag']) retrieved from /home/airflow/.local/lib/python3.6/site-packages/airflow/example_dags/example_nested_branch_dag.py
[2021-06-28 15:39:07,469] {logging_mixin.py:104} INFO - [2021-06-28 15:39:07,469] {dag.py:1832} INFO - Sync 1 DAGs
[2021-06-28 15:39:07,508] {logging_mixin.py:104} INFO - [2021-06-28 15:39:07,508] {dag.py:2305} INFO - Setting next_dagrun for example_nested_branch_dag to 2021-06-26 00:00:00+00:00
[2021-06-28 15:39:07,523] {scheduler_job.py:190} INFO - Processing /home/airflow/.local/lib/python3.6/site-packages/airflow/example_dags/example_nested_branch_dag.py took 0.112 seconds
[2021-06-28 15:39:37,913] {scheduler_job.py:182} INFO - Started process (PID=745) to work on /home/airflow/.local/lib/python3.6/site-packages/airflow/example_dags/example_nested_branch_dag.py
[2021-06-28 15:39:37,915] {scheduler_job.py:633} INFO - Processing file /home/airflow/.local/lib/python3.6/site-packages/airflow/example_dags/example_nested_branch_dag.py for tasks to queue
[2021-06-28 15:39:37,916] {logging_mixin.py:104} INFO - [2021-06-28 15:39:37,916] {dagbag.py:487} INFO - Filling up the DagBag from /home/airflow/.local/lib/python3.6/site-packages/airflow/example_dags/example_nested_branch_dag.py
[2021-06-28 15:39:37,942] {scheduler_job.py:643} INFO - DAG(s) dict_keys(['example_nested_branch_dag']) retrieved from /home/airflow/.local/lib/python3.6/site-packages/airflow/example_dags/example_nested_branch_dag.py
[2021-06-28 15:39:37,991] {logging_mixin.py:104} INFO - [2021-06-28 15:39:37,991] {dag.py:1832} INFO - Sync 1 DAGs
[2021-06-28 15:39:38,027] {logging_mixin.py:104} INFO - [2021-06-28 15:39:38,027] {dag.py:2305} INFO - Setting next_dagrun for example_nested_branch_dag to 2021-06-26 00:00:00+00:00
[2021-06-28 15:39:38,056] {scheduler_job.py:190} INFO - Processing /home/airflow/.local/lib/python3.6/site-packages/airflow/example_dags/example_nested_branch_dag.py took 0.147 seconds
[2021-06-28 15:40:08,598] {scheduler_job.py:182} INFO - Started process (PID=823) to work on /home/airflow/.local/lib/python3.6/site-packages/airflow/example_dags/example_nested_branch_dag.py
[2021-06-28 15:40:08,601] {scheduler_job.py:633} INFO - Processing file /home/airflow/.local/lib/python3.6/site-packages/airflow/example_dags/example_nested_branch_dag.py for tasks to queue
[2021-06-28 15:40:08,603] {logging_mixin.py:104} INFO - [2021-06-28 15:40:08,602] {dagbag.py:487} INFO - Filling up the DagBag from /home/airflow/.local/lib/python3.6/site-packages/airflow/example_dags/example_nested_branch_dag.py
[2021-06-28 15:40:08,628] {scheduler_job.py:643} INFO - DAG(s) dict_keys(['example_nested_branch_dag']) retrieved from /home/airflow/.local/lib/python3.6/site-packages/airflow/example_dags/example_nested_branch_dag.py
[2021-06-28 15:40:08,660] {logging_mixin.py:104} INFO - [2021-06-28 15:40:08,660] {dag.py:1832} INFO - Sync 1 DAGs
[2021-06-28 15:40:08,694] {logging_mixin.py:104} INFO - [2021-06-28 15:40:08,694] {dag.py:2305} INFO - Setting next_dagrun for example_nested_branch_dag to 2021-06-26 00:00:00+00:00
[2021-06-28 15:40:08,711] {scheduler_job.py:190} INFO - Processing /home/airflow/.local/lib/python3.6/site-packages/airflow/example_dags/example_nested_branch_dag.py took 0.118 seconds
[2021-06-28 15:40:38,858] {scheduler_job.py:182} INFO - Started process (PID=886) to work on /home/airflow/.local/lib/python3.6/site-packages/airflow/example_dags/example_nested_branch_dag.py
[2021-06-28 15:40:38,860] {scheduler_job.py:633} INFO - Processing file /home/airflow/.local/lib/python3.6/site-packages/airflow/example_dags/example_nested_branch_dag.py for tasks to queue
[2021-06-28 15:40:38,862] {logging_mixin.py:104} INFO - [2021-06-28 15:40:38,862] {dagbag.py:487} INFO - Filling up the DagBag from /home/airflow/.local/lib/python3.6/site-packages/airflow/example_dags/example_nested_branch_dag.py
[2021-06-28 15:40:38,889] {scheduler_job.py:643} INFO - DAG(s) dict_keys(['example_nested_branch_dag']) retrieved from /home/airflow/.local/lib/python3.6/site-packages/airflow/example_dags/example_nested_branch_dag.py
[2021-06-28 15:40:38,983] {logging_mixin.py:104} INFO - [2021-06-28 15:40:38,983] {dag.py:1832} INFO - Sync 1 DAGs
[2021-06-28 15:40:39,061] {logging_mixin.py:104} INFO - [2021-06-28 15:40:39,061] {dag.py:2305} INFO - Setting next_dagrun for example_nested_branch_dag to 2021-06-26 00:00:00+00:00
[2021-06-28 15:40:39,096] {scheduler_job.py:190} INFO - Processing /home/airflow/.local/lib/python3.6/site-packages/airflow/example_dags/example_nested_branch_dag.py took 0.249 seconds
[2021-06-28 15:41:09,882] {scheduler_job.py:182} INFO - Started process (PID=944) to work on /home/airflow/.local/lib/python3.6/site-packages/airflow/example_dags/example_nested_branch_dag.py
[2021-06-28 15:41:09,884] {scheduler_job.py:633} INFO - Processing file /home/airflow/.local/lib/python3.6/site-packages/airflow/example_dags/example_nested_branch_dag.py for tasks to queue
[2021-06-28 15:41:09,886] {logging_mixin.py:104} INFO - [2021-06-28 15:41:09,886] {dagbag.py:487} INFO - Filling up the DagBag from /home/airflow/.local/lib/python3.6/site-packages/airflow/example_dags/example_nested_branch_dag.py
[2021-06-28 15:41:09,905] {scheduler_job.py:643} INFO - DAG(s) dict_keys(['example_nested_branch_dag']) retrieved from /home/airflow/.local/lib/python3.6/site-packages/airflow/example_dags/example_nested_branch_dag.py
[2021-06-28 15:41:09,945] {logging_mixin.py:104} INFO - [2021-06-28 15:41:09,945] {dag.py:1832} INFO - Sync 1 DAGs
[2021-06-28 15:41:09,973] {logging_mixin.py:104} INFO - [2021-06-28 15:41:09,973] {dag.py:2305} INFO - Setting next_dagrun for example_nested_branch_dag to 2021-06-26 00:00:00+00:00
[2021-06-28 15:41:09,994] {scheduler_job.py:190} INFO - Processing /home/airflow/.local/lib/python3.6/site-packages/airflow/example_dags/example_nested_branch_dag.py took 0.115 seconds
[2021-06-28 15:41:40,295] {scheduler_job.py:182} INFO - Started process (PID=1005) to work on /home/airflow/.local/lib/python3.6/site-packages/airflow/example_dags/example_nested_branch_dag.py
[2021-06-28 15:41:40,297] {scheduler_job.py:633} INFO - Processing file /home/airflow/.local/lib/python3.6/site-packages/airflow/example_dags/example_nested_branch_dag.py for tasks to queue
[2021-06-28 15:41:40,298] {logging_mixin.py:104} INFO - [2021-06-28 15:41:40,298] {dagbag.py:487} INFO - Filling up the DagBag from /home/airflow/.local/lib/python3.6/site-packages/airflow/example_dags/example_nested_branch_dag.py
[2021-06-28 15:41:40,328] {scheduler_job.py:643} INFO - DAG(s) dict_keys(['example_nested_branch_dag']) retrieved from /home/airflow/.local/lib/python3.6/site-packages/airflow/example_dags/example_nested_branch_dag.py
[2021-06-28 15:41:40,372] {logging_mixin.py:104} INFO - [2021-06-28 15:41:40,372] {dag.py:1832} INFO - Sync 1 DAGs
[2021-06-28 15:41:40,421] {logging_mixin.py:104} INFO - [2021-06-28 15:41:40,420] {dag.py:2305} INFO - Setting next_dagrun for example_nested_branch_dag to 2021-06-26 00:00:00+00:00
[2021-06-28 15:41:40,507] {scheduler_job.py:190} INFO - Processing /home/airflow/.local/lib/python3.6/site-packages/airflow/example_dags/example_nested_branch_dag.py took 0.216 seconds
[2021-06-28 15:42:10,795] {scheduler_job.py:182} INFO - Started process (PID=1079) to work on /home/airflow/.local/lib/python3.6/site-packages/airflow/example_dags/example_nested_branch_dag.py
[2021-06-28 15:42:10,820] {scheduler_job.py:633} INFO - Processing file /home/airflow/.local/lib/python3.6/site-packages/airflow/example_dags/example_nested_branch_dag.py for tasks to queue
[2021-06-28 15:42:10,821] {logging_mixin.py:104} INFO - [2021-06-28 15:42:10,821] {dagbag.py:487} INFO - Filling up the DagBag from /home/airflow/.local/lib/python3.6/site-packages/airflow/example_dags/example_nested_branch_dag.py
[2021-06-28 15:42:10,857] {scheduler_job.py:643} INFO - DAG(s) dict_keys(['example_nested_branch_dag']) retrieved from /home/airflow/.local/lib/python3.6/site-packages/airflow/example_dags/example_nested_branch_dag.py
[2021-06-28 15:42:10,907] {logging_mixin.py:104} INFO - [2021-06-28 15:42:10,906] {dag.py:1832} INFO - Sync 1 DAGs
[2021-06-28 15:42:10,944] {logging_mixin.py:104} INFO - [2021-06-28 15:42:10,944] {dag.py:2305} INFO - Setting next_dagrun for example_nested_branch_dag to 2021-06-26 00:00:00+00:00
[2021-06-28 15:42:10,972] {scheduler_job.py:190} INFO - Processing /home/airflow/.local/lib/python3.6/site-packages/airflow/example_dags/example_nested_branch_dag.py took 0.183 seconds
[2021-06-28 15:42:41,258] {scheduler_job.py:182} INFO - Started process (PID=1139) to work on /home/airflow/.local/lib/python3.6/site-packages/airflow/example_dags/example_nested_branch_dag.py
[2021-06-28 15:42:41,259] {scheduler_job.py:633} INFO - Processing file /home/airflow/.local/lib/python3.6/site-packages/airflow/example_dags/example_nested_branch_dag.py for tasks to queue
[2021-06-28 15:42:41,260] {logging_mixin.py:104} INFO - [2021-06-28 15:42:41,260] {dagbag.py:487} INFO - Filling up the DagBag from /home/airflow/.local/lib/python3.6/site-packages/airflow/example_dags/example_nested_branch_dag.py
[2021-06-28 15:42:41,304] {scheduler_job.py:643} INFO - DAG(s) dict_keys(['example_nested_branch_dag']) retrieved from /home/airflow/.local/lib/python3.6/site-packages/airflow/example_dags/example_nested_branch_dag.py
[2021-06-28 15:42:41,367] {logging_mixin.py:104} INFO - [2021-06-28 15:42:41,367] {dag.py:1832} INFO - Sync 1 DAGs
[2021-06-28 15:42:41,403] {logging_mixin.py:104} INFO - [2021-06-28 15:42:41,403] {dag.py:2305} INFO - Setting next_dagrun for example_nested_branch_dag to 2021-06-26 00:00:00+00:00
[2021-06-28 15:42:41,426] {scheduler_job.py:190} INFO - Processing /home/airflow/.local/lib/python3.6/site-packages/airflow/example_dags/example_nested_branch_dag.py took 0.176 seconds
[2021-06-28 15:43:11,615] {scheduler_job.py:182} INFO - Started process (PID=1198) to work on /home/airflow/.local/lib/python3.6/site-packages/airflow/example_dags/example_nested_branch_dag.py
[2021-06-28 15:43:11,617] {scheduler_job.py:633} INFO - Processing file /home/airflow/.local/lib/python3.6/site-packages/airflow/example_dags/example_nested_branch_dag.py for tasks to queue
[2021-06-28 15:43:11,619] {logging_mixin.py:104} INFO - [2021-06-28 15:43:11,618] {dagbag.py:487} INFO - Filling up the DagBag from /home/airflow/.local/lib/python3.6/site-packages/airflow/example_dags/example_nested_branch_dag.py
[2021-06-28 15:43:11,662] {scheduler_job.py:643} INFO - DAG(s) dict_keys(['example_nested_branch_dag']) retrieved from /home/airflow/.local/lib/python3.6/site-packages/airflow/example_dags/example_nested_branch_dag.py
[2021-06-28 15:43:11,731] {logging_mixin.py:104} INFO - [2021-06-28 15:43:11,731] {dag.py:1832} INFO - Sync 1 DAGs
[2021-06-28 15:43:11,792] {logging_mixin.py:104} INFO - [2021-06-28 15:43:11,792] {dag.py:2305} INFO - Setting next_dagrun for example_nested_branch_dag to 2021-06-26 00:00:00+00:00
[2021-06-28 15:43:11,824] {scheduler_job.py:190} INFO - Processing /home/airflow/.local/lib/python3.6/site-packages/airflow/example_dags/example_nested_branch_dag.py took 0.213 seconds
[2021-06-28 15:43:41,912] {scheduler_job.py:182} INFO - Started process (PID=1255) to work on /home/airflow/.local/lib/python3.6/site-packages/airflow/example_dags/example_nested_branch_dag.py
[2021-06-28 15:43:41,913] {scheduler_job.py:633} INFO - Processing file /home/airflow/.local/lib/python3.6/site-packages/airflow/example_dags/example_nested_branch_dag.py for tasks to queue
[2021-06-28 15:43:41,916] {logging_mixin.py:104} INFO - [2021-06-28 15:43:41,916] {dagbag.py:487} INFO - Filling up the DagBag from /home/airflow/.local/lib/python3.6/site-packages/airflow/example_dags/example_nested_branch_dag.py
[2021-06-28 15:43:41,946] {scheduler_job.py:643} INFO - DAG(s) dict_keys(['example_nested_branch_dag']) retrieved from /home/airflow/.local/lib/python3.6/site-packages/airflow/example_dags/example_nested_branch_dag.py
[2021-06-28 15:43:41,989] {logging_mixin.py:104} INFO - [2021-06-28 15:43:41,989] {dag.py:1832} INFO - Sync 1 DAGs
[2021-06-28 15:43:42,051] {logging_mixin.py:104} INFO - [2021-06-28 15:43:42,050] {dag.py:2305} INFO - Setting next_dagrun for example_nested_branch_dag to 2021-06-26 00:00:00+00:00
[2021-06-28 15:43:42,096] {scheduler_job.py:190} INFO - Processing /home/airflow/.local/lib/python3.6/site-packages/airflow/example_dags/example_nested_branch_dag.py took 0.189 seconds
[2021-06-28 15:44:12,168] {scheduler_job.py:182} INFO - Started process (PID=1323) to work on /home/airflow/.local/lib/python3.6/site-packages/airflow/example_dags/example_nested_branch_dag.py
[2021-06-28 15:44:12,176] {scheduler_job.py:633} INFO - Processing file /home/airflow/.local/lib/python3.6/site-packages/airflow/example_dags/example_nested_branch_dag.py for tasks to queue
[2021-06-28 15:44:12,187] {logging_mixin.py:104} INFO - [2021-06-28 15:44:12,185] {dagbag.py:487} INFO - Filling up the DagBag from /home/airflow/.local/lib/python3.6/site-packages/airflow/example_dags/example_nested_branch_dag.py
[2021-06-28 15:44:12,240] {scheduler_job.py:643} INFO - DAG(s) dict_keys(['example_nested_branch_dag']) retrieved from /home/airflow/.local/lib/python3.6/site-packages/airflow/example_dags/example_nested_branch_dag.py
[2021-06-28 15:44:12,315] {logging_mixin.py:104} INFO - [2021-06-28 15:44:12,314] {dag.py:1832} INFO - Sync 1 DAGs
[2021-06-28 15:44:12,382] {logging_mixin.py:104} INFO - [2021-06-28 15:44:12,382] {dag.py:2305} INFO - Setting next_dagrun for example_nested_branch_dag to 2021-06-26 00:00:00+00:00
[2021-06-28 15:44:12,438] {scheduler_job.py:190} INFO - Processing /home/airflow/.local/lib/python3.6/site-packages/airflow/example_dags/example_nested_branch_dag.py took 0.275 seconds
