[2021-06-28 15:16:22,629] {scheduler_job.py:182} INFO - Started process (PID=96) to work on /home/airflow/.local/lib/python3.6/site-packages/airflow/example_dags/tutorial.py
[2021-06-28 15:16:22,655] {scheduler_job.py:633} INFO - Processing file /home/airflow/.local/lib/python3.6/site-packages/airflow/example_dags/tutorial.py for tasks to queue
[2021-06-28 15:16:22,659] {logging_mixin.py:104} INFO - [2021-06-28 15:16:22,659] {dagbag.py:487} INFO - Filling up the DagBag from /home/airflow/.local/lib/python3.6/site-packages/airflow/example_dags/tutorial.py
[2021-06-28 15:16:22,711] {scheduler_job.py:643} INFO - DAG(s) dict_keys(['tutorial']) retrieved from /home/airflow/.local/lib/python3.6/site-packages/airflow/example_dags/tutorial.py
[2021-06-28 15:16:23,841] {logging_mixin.py:104} INFO - [2021-06-28 15:16:23,839] {dag.py:1832} INFO - Sync 1 DAGs
[2021-06-28 15:16:23,893] {logging_mixin.py:104} INFO - [2021-06-28 15:16:23,893] {dag.py:2305} INFO - Setting next_dagrun for tutorial to 2021-06-26 00:00:00+00:00
[2021-06-28 15:16:23,951] {scheduler_job.py:190} INFO - Processing /home/airflow/.local/lib/python3.6/site-packages/airflow/example_dags/tutorial.py took 1.326 seconds
[2021-06-28 15:16:54,200] {scheduler_job.py:182} INFO - Started process (PID=154) to work on /home/airflow/.local/lib/python3.6/site-packages/airflow/example_dags/tutorial.py
[2021-06-28 15:16:54,231] {scheduler_job.py:633} INFO - Processing file /home/airflow/.local/lib/python3.6/site-packages/airflow/example_dags/tutorial.py for tasks to queue
[2021-06-28 15:16:54,252] {logging_mixin.py:104} INFO - [2021-06-28 15:16:54,232] {dagbag.py:487} INFO - Filling up the DagBag from /home/airflow/.local/lib/python3.6/site-packages/airflow/example_dags/tutorial.py
[2021-06-28 15:16:54,304] {scheduler_job.py:643} INFO - DAG(s) dict_keys(['tutorial']) retrieved from /home/airflow/.local/lib/python3.6/site-packages/airflow/example_dags/tutorial.py
[2021-06-28 15:16:54,352] {logging_mixin.py:104} INFO - [2021-06-28 15:16:54,352] {dag.py:1832} INFO - Sync 1 DAGs
[2021-06-28 15:16:54,413] {logging_mixin.py:104} INFO - [2021-06-28 15:16:54,412] {dag.py:2305} INFO - Setting next_dagrun for tutorial to 2021-06-26 00:00:00+00:00
[2021-06-28 15:16:54,457] {scheduler_job.py:190} INFO - Processing /home/airflow/.local/lib/python3.6/site-packages/airflow/example_dags/tutorial.py took 0.268 seconds
[2021-06-28 15:17:24,627] {scheduler_job.py:182} INFO - Started process (PID=215) to work on /home/airflow/.local/lib/python3.6/site-packages/airflow/example_dags/tutorial.py
[2021-06-28 15:17:24,638] {scheduler_job.py:633} INFO - Processing file /home/airflow/.local/lib/python3.6/site-packages/airflow/example_dags/tutorial.py for tasks to queue
[2021-06-28 15:17:24,640] {logging_mixin.py:104} INFO - [2021-06-28 15:17:24,640] {dagbag.py:487} INFO - Filling up the DagBag from /home/airflow/.local/lib/python3.6/site-packages/airflow/example_dags/tutorial.py
[2021-06-28 15:17:24,669] {scheduler_job.py:643} INFO - DAG(s) dict_keys(['tutorial']) retrieved from /home/airflow/.local/lib/python3.6/site-packages/airflow/example_dags/tutorial.py
[2021-06-28 15:17:24,742] {logging_mixin.py:104} INFO - [2021-06-28 15:17:24,742] {dag.py:1832} INFO - Sync 1 DAGs
[2021-06-28 15:17:24,795] {logging_mixin.py:104} INFO - [2021-06-28 15:17:24,795] {dag.py:2305} INFO - Setting next_dagrun for tutorial to 2021-06-26 00:00:00+00:00
[2021-06-28 15:17:24,849] {scheduler_job.py:190} INFO - Processing /home/airflow/.local/lib/python3.6/site-packages/airflow/example_dags/tutorial.py took 0.227 seconds
[2021-06-28 15:17:55,948] {scheduler_job.py:182} INFO - Started process (PID=278) to work on /home/airflow/.local/lib/python3.6/site-packages/airflow/example_dags/tutorial.py
[2021-06-28 15:17:55,949] {scheduler_job.py:633} INFO - Processing file /home/airflow/.local/lib/python3.6/site-packages/airflow/example_dags/tutorial.py for tasks to queue
[2021-06-28 15:17:55,950] {logging_mixin.py:104} INFO - [2021-06-28 15:17:55,950] {dagbag.py:487} INFO - Filling up the DagBag from /home/airflow/.local/lib/python3.6/site-packages/airflow/example_dags/tutorial.py
[2021-06-28 15:17:55,992] {scheduler_job.py:643} INFO - DAG(s) dict_keys(['tutorial']) retrieved from /home/airflow/.local/lib/python3.6/site-packages/airflow/example_dags/tutorial.py
[2021-06-28 15:17:56,067] {logging_mixin.py:104} INFO - [2021-06-28 15:17:56,067] {dag.py:1832} INFO - Sync 1 DAGs
[2021-06-28 15:17:56,105] {logging_mixin.py:104} INFO - [2021-06-28 15:17:56,105] {dag.py:2305} INFO - Setting next_dagrun for tutorial to 2021-06-26 00:00:00+00:00
[2021-06-28 15:17:56,133] {scheduler_job.py:190} INFO - Processing /home/airflow/.local/lib/python3.6/site-packages/airflow/example_dags/tutorial.py took 0.190 seconds
[2021-06-28 15:18:26,313] {scheduler_job.py:182} INFO - Started process (PID=338) to work on /home/airflow/.local/lib/python3.6/site-packages/airflow/example_dags/tutorial.py
[2021-06-28 15:18:26,314] {scheduler_job.py:633} INFO - Processing file /home/airflow/.local/lib/python3.6/site-packages/airflow/example_dags/tutorial.py for tasks to queue
[2021-06-28 15:18:26,316] {logging_mixin.py:104} INFO - [2021-06-28 15:18:26,315] {dagbag.py:487} INFO - Filling up the DagBag from /home/airflow/.local/lib/python3.6/site-packages/airflow/example_dags/tutorial.py
[2021-06-28 15:18:26,379] {scheduler_job.py:643} INFO - DAG(s) dict_keys(['tutorial']) retrieved from /home/airflow/.local/lib/python3.6/site-packages/airflow/example_dags/tutorial.py
[2021-06-28 15:18:26,497] {logging_mixin.py:104} INFO - [2021-06-28 15:18:26,497] {dag.py:1832} INFO - Sync 1 DAGs
[2021-06-28 15:18:26,563] {logging_mixin.py:104} INFO - [2021-06-28 15:18:26,563] {dag.py:2305} INFO - Setting next_dagrun for tutorial to 2021-06-26 00:00:00+00:00
[2021-06-28 15:18:26,646] {scheduler_job.py:190} INFO - Processing /home/airflow/.local/lib/python3.6/site-packages/airflow/example_dags/tutorial.py took 0.344 seconds
[2021-06-28 15:18:56,732] {scheduler_job.py:182} INFO - Started process (PID=400) to work on /home/airflow/.local/lib/python3.6/site-packages/airflow/example_dags/tutorial.py
[2021-06-28 15:18:56,734] {scheduler_job.py:633} INFO - Processing file /home/airflow/.local/lib/python3.6/site-packages/airflow/example_dags/tutorial.py for tasks to queue
[2021-06-28 15:18:56,735] {logging_mixin.py:104} INFO - [2021-06-28 15:18:56,735] {dagbag.py:487} INFO - Filling up the DagBag from /home/airflow/.local/lib/python3.6/site-packages/airflow/example_dags/tutorial.py
[2021-06-28 15:18:56,760] {scheduler_job.py:643} INFO - DAG(s) dict_keys(['tutorial']) retrieved from /home/airflow/.local/lib/python3.6/site-packages/airflow/example_dags/tutorial.py
[2021-06-28 15:18:56,790] {logging_mixin.py:104} INFO - [2021-06-28 15:18:56,789] {dag.py:1832} INFO - Sync 1 DAGs
[2021-06-28 15:18:56,814] {logging_mixin.py:104} INFO - [2021-06-28 15:18:56,814] {dag.py:2305} INFO - Setting next_dagrun for tutorial to 2021-06-26 00:00:00+00:00
[2021-06-28 15:18:56,830] {scheduler_job.py:190} INFO - Processing /home/airflow/.local/lib/python3.6/site-packages/airflow/example_dags/tutorial.py took 0.105 seconds
[2021-06-28 15:19:27,209] {scheduler_job.py:182} INFO - Started process (PID=460) to work on /home/airflow/.local/lib/python3.6/site-packages/airflow/example_dags/tutorial.py
[2021-06-28 15:19:27,214] {scheduler_job.py:633} INFO - Processing file /home/airflow/.local/lib/python3.6/site-packages/airflow/example_dags/tutorial.py for tasks to queue
[2021-06-28 15:19:27,215] {logging_mixin.py:104} INFO - [2021-06-28 15:19:27,215] {dagbag.py:487} INFO - Filling up the DagBag from /home/airflow/.local/lib/python3.6/site-packages/airflow/example_dags/tutorial.py
[2021-06-28 15:19:27,232] {scheduler_job.py:643} INFO - DAG(s) dict_keys(['tutorial']) retrieved from /home/airflow/.local/lib/python3.6/site-packages/airflow/example_dags/tutorial.py
[2021-06-28 15:19:27,266] {logging_mixin.py:104} INFO - [2021-06-28 15:19:27,266] {dag.py:1832} INFO - Sync 1 DAGs
[2021-06-28 15:19:27,290] {logging_mixin.py:104} INFO - [2021-06-28 15:19:27,290] {dag.py:2305} INFO - Setting next_dagrun for tutorial to 2021-06-26 00:00:00+00:00
[2021-06-28 15:19:27,304] {scheduler_job.py:190} INFO - Processing /home/airflow/.local/lib/python3.6/site-packages/airflow/example_dags/tutorial.py took 0.098 seconds
[2021-06-28 15:19:57,528] {scheduler_job.py:182} INFO - Started process (PID=524) to work on /home/airflow/.local/lib/python3.6/site-packages/airflow/example_dags/tutorial.py
[2021-06-28 15:19:57,541] {scheduler_job.py:633} INFO - Processing file /home/airflow/.local/lib/python3.6/site-packages/airflow/example_dags/tutorial.py for tasks to queue
[2021-06-28 15:19:57,545] {logging_mixin.py:104} INFO - [2021-06-28 15:19:57,545] {dagbag.py:487} INFO - Filling up the DagBag from /home/airflow/.local/lib/python3.6/site-packages/airflow/example_dags/tutorial.py
[2021-06-28 15:19:57,578] {scheduler_job.py:643} INFO - DAG(s) dict_keys(['tutorial']) retrieved from /home/airflow/.local/lib/python3.6/site-packages/airflow/example_dags/tutorial.py
[2021-06-28 15:19:57,650] {logging_mixin.py:104} INFO - [2021-06-28 15:19:57,650] {dag.py:1832} INFO - Sync 1 DAGs
[2021-06-28 15:19:57,694] {logging_mixin.py:104} INFO - [2021-06-28 15:19:57,694] {dag.py:2305} INFO - Setting next_dagrun for tutorial to 2021-06-26 00:00:00+00:00
[2021-06-28 15:19:57,721] {scheduler_job.py:190} INFO - Processing /home/airflow/.local/lib/python3.6/site-packages/airflow/example_dags/tutorial.py took 0.208 seconds
[2021-06-28 15:20:27,951] {scheduler_job.py:182} INFO - Started process (PID=591) to work on /home/airflow/.local/lib/python3.6/site-packages/airflow/example_dags/tutorial.py
[2021-06-28 15:20:27,973] {scheduler_job.py:633} INFO - Processing file /home/airflow/.local/lib/python3.6/site-packages/airflow/example_dags/tutorial.py for tasks to queue
[2021-06-28 15:20:27,978] {logging_mixin.py:104} INFO - [2021-06-28 15:20:27,974] {dagbag.py:487} INFO - Filling up the DagBag from /home/airflow/.local/lib/python3.6/site-packages/airflow/example_dags/tutorial.py
[2021-06-28 15:20:28,050] {scheduler_job.py:643} INFO - DAG(s) dict_keys(['tutorial']) retrieved from /home/airflow/.local/lib/python3.6/site-packages/airflow/example_dags/tutorial.py
[2021-06-28 15:20:28,135] {logging_mixin.py:104} INFO - [2021-06-28 15:20:28,135] {dag.py:1832} INFO - Sync 1 DAGs
[2021-06-28 15:20:28,183] {logging_mixin.py:104} INFO - [2021-06-28 15:20:28,183] {dag.py:2305} INFO - Setting next_dagrun for tutorial to 2021-06-26 00:00:00+00:00
[2021-06-28 15:20:28,247] {scheduler_job.py:190} INFO - Processing /home/airflow/.local/lib/python3.6/site-packages/airflow/example_dags/tutorial.py took 0.300 seconds
[2021-06-28 15:20:58,752] {scheduler_job.py:182} INFO - Started process (PID=650) to work on /home/airflow/.local/lib/python3.6/site-packages/airflow/example_dags/tutorial.py
[2021-06-28 15:20:58,756] {scheduler_job.py:633} INFO - Processing file /home/airflow/.local/lib/python3.6/site-packages/airflow/example_dags/tutorial.py for tasks to queue
[2021-06-28 15:20:58,758] {logging_mixin.py:104} INFO - [2021-06-28 15:20:58,758] {dagbag.py:487} INFO - Filling up the DagBag from /home/airflow/.local/lib/python3.6/site-packages/airflow/example_dags/tutorial.py
[2021-06-28 15:20:58,782] {scheduler_job.py:643} INFO - DAG(s) dict_keys(['tutorial']) retrieved from /home/airflow/.local/lib/python3.6/site-packages/airflow/example_dags/tutorial.py
[2021-06-28 15:20:58,948] {logging_mixin.py:104} INFO - [2021-06-28 15:20:58,948] {dag.py:1832} INFO - Sync 1 DAGs
[2021-06-28 15:20:59,052] {logging_mixin.py:104} INFO - [2021-06-28 15:20:59,052] {dag.py:2305} INFO - Setting next_dagrun for tutorial to 2021-06-26 00:00:00+00:00
[2021-06-28 15:20:59,091] {scheduler_job.py:190} INFO - Processing /home/airflow/.local/lib/python3.6/site-packages/airflow/example_dags/tutorial.py took 0.355 seconds
[2021-06-28 15:21:29,190] {scheduler_job.py:182} INFO - Started process (PID=712) to work on /home/airflow/.local/lib/python3.6/site-packages/airflow/example_dags/tutorial.py
[2021-06-28 15:21:29,191] {scheduler_job.py:633} INFO - Processing file /home/airflow/.local/lib/python3.6/site-packages/airflow/example_dags/tutorial.py for tasks to queue
[2021-06-28 15:21:29,193] {logging_mixin.py:104} INFO - [2021-06-28 15:21:29,192] {dagbag.py:487} INFO - Filling up the DagBag from /home/airflow/.local/lib/python3.6/site-packages/airflow/example_dags/tutorial.py
[2021-06-28 15:21:29,212] {scheduler_job.py:643} INFO - DAG(s) dict_keys(['tutorial']) retrieved from /home/airflow/.local/lib/python3.6/site-packages/airflow/example_dags/tutorial.py
[2021-06-28 15:21:29,250] {logging_mixin.py:104} INFO - [2021-06-28 15:21:29,250] {dag.py:1832} INFO - Sync 1 DAGs
[2021-06-28 15:21:29,283] {logging_mixin.py:104} INFO - [2021-06-28 15:21:29,283] {dag.py:2305} INFO - Setting next_dagrun for tutorial to 2021-06-26 00:00:00+00:00
[2021-06-28 15:21:29,315] {scheduler_job.py:190} INFO - Processing /home/airflow/.local/lib/python3.6/site-packages/airflow/example_dags/tutorial.py took 0.128 seconds
[2021-06-28 15:21:59,574] {scheduler_job.py:182} INFO - Started process (PID=772) to work on /home/airflow/.local/lib/python3.6/site-packages/airflow/example_dags/tutorial.py
[2021-06-28 15:21:59,577] {scheduler_job.py:633} INFO - Processing file /home/airflow/.local/lib/python3.6/site-packages/airflow/example_dags/tutorial.py for tasks to queue
[2021-06-28 15:21:59,578] {logging_mixin.py:104} INFO - [2021-06-28 15:21:59,577] {dagbag.py:487} INFO - Filling up the DagBag from /home/airflow/.local/lib/python3.6/site-packages/airflow/example_dags/tutorial.py
[2021-06-28 15:21:59,599] {scheduler_job.py:643} INFO - DAG(s) dict_keys(['tutorial']) retrieved from /home/airflow/.local/lib/python3.6/site-packages/airflow/example_dags/tutorial.py
[2021-06-28 15:21:59,638] {logging_mixin.py:104} INFO - [2021-06-28 15:21:59,638] {dag.py:1832} INFO - Sync 1 DAGs
[2021-06-28 15:21:59,672] {logging_mixin.py:104} INFO - [2021-06-28 15:21:59,672] {dag.py:2305} INFO - Setting next_dagrun for tutorial to 2021-06-26 00:00:00+00:00
[2021-06-28 15:21:59,694] {scheduler_job.py:190} INFO - Processing /home/airflow/.local/lib/python3.6/site-packages/airflow/example_dags/tutorial.py took 0.124 seconds
[2021-06-28 15:22:29,953] {scheduler_job.py:182} INFO - Started process (PID=830) to work on /home/airflow/.local/lib/python3.6/site-packages/airflow/example_dags/tutorial.py
[2021-06-28 15:22:29,955] {scheduler_job.py:633} INFO - Processing file /home/airflow/.local/lib/python3.6/site-packages/airflow/example_dags/tutorial.py for tasks to queue
[2021-06-28 15:22:29,957] {logging_mixin.py:104} INFO - [2021-06-28 15:22:29,957] {dagbag.py:487} INFO - Filling up the DagBag from /home/airflow/.local/lib/python3.6/site-packages/airflow/example_dags/tutorial.py
[2021-06-28 15:22:29,977] {scheduler_job.py:643} INFO - DAG(s) dict_keys(['tutorial']) retrieved from /home/airflow/.local/lib/python3.6/site-packages/airflow/example_dags/tutorial.py
[2021-06-28 15:22:30,025] {logging_mixin.py:104} INFO - [2021-06-28 15:22:30,025] {dag.py:1832} INFO - Sync 1 DAGs
[2021-06-28 15:22:30,055] {logging_mixin.py:104} INFO - [2021-06-28 15:22:30,055] {dag.py:2305} INFO - Setting next_dagrun for tutorial to 2021-06-26 00:00:00+00:00
[2021-06-28 15:22:30,084] {scheduler_job.py:190} INFO - Processing /home/airflow/.local/lib/python3.6/site-packages/airflow/example_dags/tutorial.py took 0.137 seconds
[2021-06-28 15:23:00,811] {scheduler_job.py:182} INFO - Started process (PID=889) to work on /home/airflow/.local/lib/python3.6/site-packages/airflow/example_dags/tutorial.py
[2021-06-28 15:23:00,813] {scheduler_job.py:633} INFO - Processing file /home/airflow/.local/lib/python3.6/site-packages/airflow/example_dags/tutorial.py for tasks to queue
[2021-06-28 15:23:00,814] {logging_mixin.py:104} INFO - [2021-06-28 15:23:00,813] {dagbag.py:487} INFO - Filling up the DagBag from /home/airflow/.local/lib/python3.6/site-packages/airflow/example_dags/tutorial.py
[2021-06-28 15:23:00,858] {scheduler_job.py:643} INFO - DAG(s) dict_keys(['tutorial']) retrieved from /home/airflow/.local/lib/python3.6/site-packages/airflow/example_dags/tutorial.py
[2021-06-28 15:23:00,896] {logging_mixin.py:104} INFO - [2021-06-28 15:23:00,896] {dag.py:1832} INFO - Sync 1 DAGs
[2021-06-28 15:23:00,927] {logging_mixin.py:104} INFO - [2021-06-28 15:23:00,927] {dag.py:2305} INFO - Setting next_dagrun for tutorial to 2021-06-26 00:00:00+00:00
[2021-06-28 15:23:00,948] {scheduler_job.py:190} INFO - Processing /home/airflow/.local/lib/python3.6/site-packages/airflow/example_dags/tutorial.py took 0.147 seconds
[2021-06-28 15:23:31,183] {scheduler_job.py:182} INFO - Started process (PID=948) to work on /home/airflow/.local/lib/python3.6/site-packages/airflow/example_dags/tutorial.py
[2021-06-28 15:23:31,185] {scheduler_job.py:633} INFO - Processing file /home/airflow/.local/lib/python3.6/site-packages/airflow/example_dags/tutorial.py for tasks to queue
[2021-06-28 15:23:31,186] {logging_mixin.py:104} INFO - [2021-06-28 15:23:31,186] {dagbag.py:487} INFO - Filling up the DagBag from /home/airflow/.local/lib/python3.6/site-packages/airflow/example_dags/tutorial.py
[2021-06-28 15:23:31,206] {scheduler_job.py:643} INFO - DAG(s) dict_keys(['tutorial']) retrieved from /home/airflow/.local/lib/python3.6/site-packages/airflow/example_dags/tutorial.py
[2021-06-28 15:23:31,258] {logging_mixin.py:104} INFO - [2021-06-28 15:23:31,258] {dag.py:1832} INFO - Sync 1 DAGs
[2021-06-28 15:23:31,290] {logging_mixin.py:104} INFO - [2021-06-28 15:23:31,290] {dag.py:2305} INFO - Setting next_dagrun for tutorial to 2021-06-26 00:00:00+00:00
[2021-06-28 15:23:31,307] {scheduler_job.py:190} INFO - Processing /home/airflow/.local/lib/python3.6/site-packages/airflow/example_dags/tutorial.py took 0.129 seconds
[2021-06-28 15:24:01,933] {scheduler_job.py:182} INFO - Started process (PID=1007) to work on /home/airflow/.local/lib/python3.6/site-packages/airflow/example_dags/tutorial.py
[2021-06-28 15:24:01,936] {scheduler_job.py:633} INFO - Processing file /home/airflow/.local/lib/python3.6/site-packages/airflow/example_dags/tutorial.py for tasks to queue
[2021-06-28 15:24:01,937] {logging_mixin.py:104} INFO - [2021-06-28 15:24:01,937] {dagbag.py:487} INFO - Filling up the DagBag from /home/airflow/.local/lib/python3.6/site-packages/airflow/example_dags/tutorial.py
[2021-06-28 15:24:01,958] {scheduler_job.py:643} INFO - DAG(s) dict_keys(['tutorial']) retrieved from /home/airflow/.local/lib/python3.6/site-packages/airflow/example_dags/tutorial.py
[2021-06-28 15:24:01,998] {logging_mixin.py:104} INFO - [2021-06-28 15:24:01,998] {dag.py:1832} INFO - Sync 1 DAGs
[2021-06-28 15:24:02,024] {logging_mixin.py:104} INFO - [2021-06-28 15:24:02,024] {dag.py:2305} INFO - Setting next_dagrun for tutorial to 2021-06-26 00:00:00+00:00
[2021-06-28 15:24:02,047] {scheduler_job.py:190} INFO - Processing /home/airflow/.local/lib/python3.6/site-packages/airflow/example_dags/tutorial.py took 0.121 seconds
[2021-06-28 15:24:32,366] {scheduler_job.py:182} INFO - Started process (PID=1078) to work on /home/airflow/.local/lib/python3.6/site-packages/airflow/example_dags/tutorial.py
[2021-06-28 15:24:32,370] {scheduler_job.py:633} INFO - Processing file /home/airflow/.local/lib/python3.6/site-packages/airflow/example_dags/tutorial.py for tasks to queue
[2021-06-28 15:24:32,373] {logging_mixin.py:104} INFO - [2021-06-28 15:24:32,373] {dagbag.py:487} INFO - Filling up the DagBag from /home/airflow/.local/lib/python3.6/site-packages/airflow/example_dags/tutorial.py
[2021-06-28 15:24:32,415] {scheduler_job.py:643} INFO - DAG(s) dict_keys(['tutorial']) retrieved from /home/airflow/.local/lib/python3.6/site-packages/airflow/example_dags/tutorial.py
[2021-06-28 15:24:32,460] {logging_mixin.py:104} INFO - [2021-06-28 15:24:32,459] {dag.py:1832} INFO - Sync 1 DAGs
[2021-06-28 15:24:32,483] {logging_mixin.py:104} INFO - [2021-06-28 15:24:32,483] {dag.py:2305} INFO - Setting next_dagrun for tutorial to 2021-06-26 00:00:00+00:00
[2021-06-28 15:24:32,518] {scheduler_job.py:190} INFO - Processing /home/airflow/.local/lib/python3.6/site-packages/airflow/example_dags/tutorial.py took 0.161 seconds
[2021-06-28 15:25:02,680] {scheduler_job.py:182} INFO - Started process (PID=1140) to work on /home/airflow/.local/lib/python3.6/site-packages/airflow/example_dags/tutorial.py
[2021-06-28 15:25:02,682] {scheduler_job.py:633} INFO - Processing file /home/airflow/.local/lib/python3.6/site-packages/airflow/example_dags/tutorial.py for tasks to queue
[2021-06-28 15:25:02,683] {logging_mixin.py:104} INFO - [2021-06-28 15:25:02,682] {dagbag.py:487} INFO - Filling up the DagBag from /home/airflow/.local/lib/python3.6/site-packages/airflow/example_dags/tutorial.py
[2021-06-28 15:25:02,701] {scheduler_job.py:643} INFO - DAG(s) dict_keys(['tutorial']) retrieved from /home/airflow/.local/lib/python3.6/site-packages/airflow/example_dags/tutorial.py
[2021-06-28 15:25:02,733] {logging_mixin.py:104} INFO - [2021-06-28 15:25:02,733] {dag.py:1832} INFO - Sync 1 DAGs
[2021-06-28 15:25:02,770] {logging_mixin.py:104} INFO - [2021-06-28 15:25:02,769] {dag.py:2305} INFO - Setting next_dagrun for tutorial to 2021-06-26 00:00:00+00:00
[2021-06-28 15:25:02,795] {scheduler_job.py:190} INFO - Processing /home/airflow/.local/lib/python3.6/site-packages/airflow/example_dags/tutorial.py took 0.120 seconds
[2021-06-28 15:25:33,003] {scheduler_job.py:182} INFO - Started process (PID=1202) to work on /home/airflow/.local/lib/python3.6/site-packages/airflow/example_dags/tutorial.py
[2021-06-28 15:25:33,005] {scheduler_job.py:633} INFO - Processing file /home/airflow/.local/lib/python3.6/site-packages/airflow/example_dags/tutorial.py for tasks to queue
[2021-06-28 15:25:33,005] {logging_mixin.py:104} INFO - [2021-06-28 15:25:33,005] {dagbag.py:487} INFO - Filling up the DagBag from /home/airflow/.local/lib/python3.6/site-packages/airflow/example_dags/tutorial.py
[2021-06-28 15:25:33,020] {scheduler_job.py:643} INFO - DAG(s) dict_keys(['tutorial']) retrieved from /home/airflow/.local/lib/python3.6/site-packages/airflow/example_dags/tutorial.py
[2021-06-28 15:25:33,045] {logging_mixin.py:104} INFO - [2021-06-28 15:25:33,045] {dag.py:1832} INFO - Sync 1 DAGs
[2021-06-28 15:25:33,075] {logging_mixin.py:104} INFO - [2021-06-28 15:25:33,075] {dag.py:2305} INFO - Setting next_dagrun for tutorial to 2021-06-26 00:00:00+00:00
[2021-06-28 15:25:33,089] {scheduler_job.py:190} INFO - Processing /home/airflow/.local/lib/python3.6/site-packages/airflow/example_dags/tutorial.py took 0.091 seconds
[2021-06-28 15:26:03,606] {scheduler_job.py:182} INFO - Started process (PID=1261) to work on /home/airflow/.local/lib/python3.6/site-packages/airflow/example_dags/tutorial.py
[2021-06-28 15:26:03,607] {scheduler_job.py:633} INFO - Processing file /home/airflow/.local/lib/python3.6/site-packages/airflow/example_dags/tutorial.py for tasks to queue
[2021-06-28 15:26:03,608] {logging_mixin.py:104} INFO - [2021-06-28 15:26:03,608] {dagbag.py:487} INFO - Filling up the DagBag from /home/airflow/.local/lib/python3.6/site-packages/airflow/example_dags/tutorial.py
[2021-06-28 15:26:03,640] {scheduler_job.py:643} INFO - DAG(s) dict_keys(['tutorial']) retrieved from /home/airflow/.local/lib/python3.6/site-packages/airflow/example_dags/tutorial.py
[2021-06-28 15:26:03,676] {logging_mixin.py:104} INFO - [2021-06-28 15:26:03,676] {dag.py:1832} INFO - Sync 1 DAGs
[2021-06-28 15:26:03,699] {logging_mixin.py:104} INFO - [2021-06-28 15:26:03,699] {dag.py:2305} INFO - Setting next_dagrun for tutorial to 2021-06-26 00:00:00+00:00
[2021-06-28 15:26:03,716] {scheduler_job.py:190} INFO - Processing /home/airflow/.local/lib/python3.6/site-packages/airflow/example_dags/tutorial.py took 0.120 seconds
[2021-06-28 15:26:33,851] {scheduler_job.py:182} INFO - Started process (PID=1319) to work on /home/airflow/.local/lib/python3.6/site-packages/airflow/example_dags/tutorial.py
[2021-06-28 15:26:33,854] {scheduler_job.py:633} INFO - Processing file /home/airflow/.local/lib/python3.6/site-packages/airflow/example_dags/tutorial.py for tasks to queue
[2021-06-28 15:26:33,855] {logging_mixin.py:104} INFO - [2021-06-28 15:26:33,855] {dagbag.py:487} INFO - Filling up the DagBag from /home/airflow/.local/lib/python3.6/site-packages/airflow/example_dags/tutorial.py
[2021-06-28 15:26:33,879] {scheduler_job.py:643} INFO - DAG(s) dict_keys(['tutorial']) retrieved from /home/airflow/.local/lib/python3.6/site-packages/airflow/example_dags/tutorial.py
[2021-06-28 15:26:33,932] {logging_mixin.py:104} INFO - [2021-06-28 15:26:33,932] {dag.py:1832} INFO - Sync 1 DAGs
[2021-06-28 15:26:33,969] {logging_mixin.py:104} INFO - [2021-06-28 15:26:33,969] {dag.py:2305} INFO - Setting next_dagrun for tutorial to 2021-06-26 00:00:00+00:00
[2021-06-28 15:26:33,985] {scheduler_job.py:190} INFO - Processing /home/airflow/.local/lib/python3.6/site-packages/airflow/example_dags/tutorial.py took 0.149 seconds
[2021-06-28 15:27:04,453] {scheduler_job.py:182} INFO - Started process (PID=1389) to work on /home/airflow/.local/lib/python3.6/site-packages/airflow/example_dags/tutorial.py
[2021-06-28 15:27:04,454] {scheduler_job.py:633} INFO - Processing file /home/airflow/.local/lib/python3.6/site-packages/airflow/example_dags/tutorial.py for tasks to queue
[2021-06-28 15:27:04,455] {logging_mixin.py:104} INFO - [2021-06-28 15:27:04,455] {dagbag.py:487} INFO - Filling up the DagBag from /home/airflow/.local/lib/python3.6/site-packages/airflow/example_dags/tutorial.py
[2021-06-28 15:27:04,506] {scheduler_job.py:643} INFO - DAG(s) dict_keys(['tutorial']) retrieved from /home/airflow/.local/lib/python3.6/site-packages/airflow/example_dags/tutorial.py
[2021-06-28 15:27:04,556] {logging_mixin.py:104} INFO - [2021-06-28 15:27:04,555] {dag.py:1832} INFO - Sync 1 DAGs
[2021-06-28 15:27:04,607] {logging_mixin.py:104} INFO - [2021-06-28 15:27:04,607] {dag.py:2305} INFO - Setting next_dagrun for tutorial to 2021-06-26 00:00:00+00:00
[2021-06-28 15:27:04,640] {scheduler_job.py:190} INFO - Processing /home/airflow/.local/lib/python3.6/site-packages/airflow/example_dags/tutorial.py took 0.193 seconds
[2021-06-28 15:27:35,369] {scheduler_job.py:182} INFO - Started process (PID=1454) to work on /home/airflow/.local/lib/python3.6/site-packages/airflow/example_dags/tutorial.py
[2021-06-28 15:27:35,374] {scheduler_job.py:633} INFO - Processing file /home/airflow/.local/lib/python3.6/site-packages/airflow/example_dags/tutorial.py for tasks to queue
[2021-06-28 15:27:35,377] {logging_mixin.py:104} INFO - [2021-06-28 15:27:35,377] {dagbag.py:487} INFO - Filling up the DagBag from /home/airflow/.local/lib/python3.6/site-packages/airflow/example_dags/tutorial.py
[2021-06-28 15:27:35,401] {scheduler_job.py:643} INFO - DAG(s) dict_keys(['tutorial']) retrieved from /home/airflow/.local/lib/python3.6/site-packages/airflow/example_dags/tutorial.py
[2021-06-28 15:27:35,463] {logging_mixin.py:104} INFO - [2021-06-28 15:27:35,462] {dag.py:1832} INFO - Sync 1 DAGs
[2021-06-28 15:27:35,505] {logging_mixin.py:104} INFO - [2021-06-28 15:27:35,505] {dag.py:2305} INFO - Setting next_dagrun for tutorial to 2021-06-26 00:00:00+00:00
[2021-06-28 15:27:35,517] {scheduler_job.py:190} INFO - Processing /home/airflow/.local/lib/python3.6/site-packages/airflow/example_dags/tutorial.py took 0.154 seconds
[2021-06-28 15:28:05,817] {scheduler_job.py:182} INFO - Started process (PID=1515) to work on /home/airflow/.local/lib/python3.6/site-packages/airflow/example_dags/tutorial.py
[2021-06-28 15:28:05,819] {scheduler_job.py:633} INFO - Processing file /home/airflow/.local/lib/python3.6/site-packages/airflow/example_dags/tutorial.py for tasks to queue
[2021-06-28 15:28:05,820] {logging_mixin.py:104} INFO - [2021-06-28 15:28:05,820] {dagbag.py:487} INFO - Filling up the DagBag from /home/airflow/.local/lib/python3.6/site-packages/airflow/example_dags/tutorial.py
[2021-06-28 15:28:05,839] {scheduler_job.py:643} INFO - DAG(s) dict_keys(['tutorial']) retrieved from /home/airflow/.local/lib/python3.6/site-packages/airflow/example_dags/tutorial.py
[2021-06-28 15:28:05,882] {logging_mixin.py:104} INFO - [2021-06-28 15:28:05,882] {dag.py:1832} INFO - Sync 1 DAGs
[2021-06-28 15:28:05,914] {logging_mixin.py:104} INFO - [2021-06-28 15:28:05,914] {dag.py:2305} INFO - Setting next_dagrun for tutorial to 2021-06-26 00:00:00+00:00
[2021-06-28 15:28:05,957] {scheduler_job.py:190} INFO - Processing /home/airflow/.local/lib/python3.6/site-packages/airflow/example_dags/tutorial.py took 0.146 seconds
[2021-06-28 15:28:36,556] {scheduler_job.py:182} INFO - Started process (PID=1575) to work on /home/airflow/.local/lib/python3.6/site-packages/airflow/example_dags/tutorial.py
[2021-06-28 15:28:36,558] {scheduler_job.py:633} INFO - Processing file /home/airflow/.local/lib/python3.6/site-packages/airflow/example_dags/tutorial.py for tasks to queue
[2021-06-28 15:28:36,559] {logging_mixin.py:104} INFO - [2021-06-28 15:28:36,558] {dagbag.py:487} INFO - Filling up the DagBag from /home/airflow/.local/lib/python3.6/site-packages/airflow/example_dags/tutorial.py
[2021-06-28 15:28:36,622] {scheduler_job.py:643} INFO - DAG(s) dict_keys(['tutorial']) retrieved from /home/airflow/.local/lib/python3.6/site-packages/airflow/example_dags/tutorial.py
[2021-06-28 15:28:36,695] {logging_mixin.py:104} INFO - [2021-06-28 15:28:36,695] {dag.py:1832} INFO - Sync 1 DAGs
[2021-06-28 15:28:36,750] {logging_mixin.py:104} INFO - [2021-06-28 15:28:36,750] {dag.py:2305} INFO - Setting next_dagrun for tutorial to 2021-06-26 00:00:00+00:00
[2021-06-28 15:28:36,787] {scheduler_job.py:190} INFO - Processing /home/airflow/.local/lib/python3.6/site-packages/airflow/example_dags/tutorial.py took 0.246 seconds
[2021-06-28 15:29:06,957] {scheduler_job.py:182} INFO - Started process (PID=1635) to work on /home/airflow/.local/lib/python3.6/site-packages/airflow/example_dags/tutorial.py
[2021-06-28 15:29:06,962] {scheduler_job.py:633} INFO - Processing file /home/airflow/.local/lib/python3.6/site-packages/airflow/example_dags/tutorial.py for tasks to queue
[2021-06-28 15:29:06,963] {logging_mixin.py:104} INFO - [2021-06-28 15:29:06,963] {dagbag.py:487} INFO - Filling up the DagBag from /home/airflow/.local/lib/python3.6/site-packages/airflow/example_dags/tutorial.py
[2021-06-28 15:29:06,991] {scheduler_job.py:643} INFO - DAG(s) dict_keys(['tutorial']) retrieved from /home/airflow/.local/lib/python3.6/site-packages/airflow/example_dags/tutorial.py
[2021-06-28 15:29:07,041] {logging_mixin.py:104} INFO - [2021-06-28 15:29:07,041] {dag.py:1832} INFO - Sync 1 DAGs
[2021-06-28 15:29:07,083] {logging_mixin.py:104} INFO - [2021-06-28 15:29:07,082] {dag.py:2305} INFO - Setting next_dagrun for tutorial to 2021-06-26 00:00:00+00:00
[2021-06-28 15:29:07,104] {scheduler_job.py:190} INFO - Processing /home/airflow/.local/lib/python3.6/site-packages/airflow/example_dags/tutorial.py took 0.151 seconds
[2021-06-28 15:29:37,302] {scheduler_job.py:182} INFO - Started process (PID=1703) to work on /home/airflow/.local/lib/python3.6/site-packages/airflow/example_dags/tutorial.py
[2021-06-28 15:29:37,306] {scheduler_job.py:633} INFO - Processing file /home/airflow/.local/lib/python3.6/site-packages/airflow/example_dags/tutorial.py for tasks to queue
[2021-06-28 15:29:37,307] {logging_mixin.py:104} INFO - [2021-06-28 15:29:37,307] {dagbag.py:487} INFO - Filling up the DagBag from /home/airflow/.local/lib/python3.6/site-packages/airflow/example_dags/tutorial.py
[2021-06-28 15:29:37,335] {scheduler_job.py:643} INFO - DAG(s) dict_keys(['tutorial']) retrieved from /home/airflow/.local/lib/python3.6/site-packages/airflow/example_dags/tutorial.py
[2021-06-28 15:29:37,377] {logging_mixin.py:104} INFO - [2021-06-28 15:29:37,377] {dag.py:1832} INFO - Sync 1 DAGs
[2021-06-28 15:29:37,419] {logging_mixin.py:104} INFO - [2021-06-28 15:29:37,419] {dag.py:2305} INFO - Setting next_dagrun for tutorial to 2021-06-26 00:00:00+00:00
[2021-06-28 15:29:37,442] {scheduler_job.py:190} INFO - Processing /home/airflow/.local/lib/python3.6/site-packages/airflow/example_dags/tutorial.py took 0.145 seconds
[2021-06-28 15:30:08,163] {scheduler_job.py:182} INFO - Started process (PID=1765) to work on /home/airflow/.local/lib/python3.6/site-packages/airflow/example_dags/tutorial.py
[2021-06-28 15:30:08,189] {scheduler_job.py:633} INFO - Processing file /home/airflow/.local/lib/python3.6/site-packages/airflow/example_dags/tutorial.py for tasks to queue
[2021-06-28 15:30:08,190] {logging_mixin.py:104} INFO - [2021-06-28 15:30:08,190] {dagbag.py:487} INFO - Filling up the DagBag from /home/airflow/.local/lib/python3.6/site-packages/airflow/example_dags/tutorial.py
[2021-06-28 15:30:08,249] {scheduler_job.py:643} INFO - DAG(s) dict_keys(['tutorial']) retrieved from /home/airflow/.local/lib/python3.6/site-packages/airflow/example_dags/tutorial.py
[2021-06-28 15:30:08,347] {logging_mixin.py:104} INFO - [2021-06-28 15:30:08,347] {dag.py:1832} INFO - Sync 1 DAGs
[2021-06-28 15:30:08,435] {logging_mixin.py:104} INFO - [2021-06-28 15:30:08,434] {dag.py:2305} INFO - Setting next_dagrun for tutorial to 2021-06-26 00:00:00+00:00
[2021-06-28 15:30:08,505] {scheduler_job.py:190} INFO - Processing /home/airflow/.local/lib/python3.6/site-packages/airflow/example_dags/tutorial.py took 0.347 seconds
[2021-06-28 15:30:39,405] {scheduler_job.py:182} INFO - Started process (PID=1826) to work on /home/airflow/.local/lib/python3.6/site-packages/airflow/example_dags/tutorial.py
[2021-06-28 15:30:39,406] {scheduler_job.py:633} INFO - Processing file /home/airflow/.local/lib/python3.6/site-packages/airflow/example_dags/tutorial.py for tasks to queue
[2021-06-28 15:30:39,407] {logging_mixin.py:104} INFO - [2021-06-28 15:30:39,407] {dagbag.py:487} INFO - Filling up the DagBag from /home/airflow/.local/lib/python3.6/site-packages/airflow/example_dags/tutorial.py
[2021-06-28 15:30:39,445] {scheduler_job.py:643} INFO - DAG(s) dict_keys(['tutorial']) retrieved from /home/airflow/.local/lib/python3.6/site-packages/airflow/example_dags/tutorial.py
[2021-06-28 15:30:39,505] {logging_mixin.py:104} INFO - [2021-06-28 15:30:39,505] {dag.py:1832} INFO - Sync 1 DAGs
[2021-06-28 15:30:39,559] {logging_mixin.py:104} INFO - [2021-06-28 15:30:39,559] {dag.py:2305} INFO - Setting next_dagrun for tutorial to 2021-06-26 00:00:00+00:00
[2021-06-28 15:30:39,604] {scheduler_job.py:190} INFO - Processing /home/airflow/.local/lib/python3.6/site-packages/airflow/example_dags/tutorial.py took 0.209 seconds
[2021-06-28 15:31:09,980] {scheduler_job.py:182} INFO - Started process (PID=1888) to work on /home/airflow/.local/lib/python3.6/site-packages/airflow/example_dags/tutorial.py
[2021-06-28 15:31:09,982] {scheduler_job.py:633} INFO - Processing file /home/airflow/.local/lib/python3.6/site-packages/airflow/example_dags/tutorial.py for tasks to queue
[2021-06-28 15:31:09,983] {logging_mixin.py:104} INFO - [2021-06-28 15:31:09,982] {dagbag.py:487} INFO - Filling up the DagBag from /home/airflow/.local/lib/python3.6/site-packages/airflow/example_dags/tutorial.py
[2021-06-28 15:31:09,997] {scheduler_job.py:643} INFO - DAG(s) dict_keys(['tutorial']) retrieved from /home/airflow/.local/lib/python3.6/site-packages/airflow/example_dags/tutorial.py
[2021-06-28 15:31:10,024] {logging_mixin.py:104} INFO - [2021-06-28 15:31:10,024] {dag.py:1832} INFO - Sync 1 DAGs
[2021-06-28 15:31:10,041] {logging_mixin.py:104} INFO - [2021-06-28 15:31:10,041] {dag.py:2305} INFO - Setting next_dagrun for tutorial to 2021-06-26 00:00:00+00:00
[2021-06-28 15:31:10,052] {scheduler_job.py:190} INFO - Processing /home/airflow/.local/lib/python3.6/site-packages/airflow/example_dags/tutorial.py took 0.076 seconds
[2021-06-28 15:31:40,468] {scheduler_job.py:182} INFO - Started process (PID=1947) to work on /home/airflow/.local/lib/python3.6/site-packages/airflow/example_dags/tutorial.py
[2021-06-28 15:31:40,470] {scheduler_job.py:633} INFO - Processing file /home/airflow/.local/lib/python3.6/site-packages/airflow/example_dags/tutorial.py for tasks to queue
[2021-06-28 15:31:40,471] {logging_mixin.py:104} INFO - [2021-06-28 15:31:40,471] {dagbag.py:487} INFO - Filling up the DagBag from /home/airflow/.local/lib/python3.6/site-packages/airflow/example_dags/tutorial.py
[2021-06-28 15:31:40,484] {scheduler_job.py:643} INFO - DAG(s) dict_keys(['tutorial']) retrieved from /home/airflow/.local/lib/python3.6/site-packages/airflow/example_dags/tutorial.py
[2021-06-28 15:31:40,506] {logging_mixin.py:104} INFO - [2021-06-28 15:31:40,506] {dag.py:1832} INFO - Sync 1 DAGs
[2021-06-28 15:31:40,524] {logging_mixin.py:104} INFO - [2021-06-28 15:31:40,524] {dag.py:2305} INFO - Setting next_dagrun for tutorial to 2021-06-26 00:00:00+00:00
[2021-06-28 15:31:40,536] {scheduler_job.py:190} INFO - Processing /home/airflow/.local/lib/python3.6/site-packages/airflow/example_dags/tutorial.py took 0.071 seconds
[2021-06-28 15:33:54,239] {scheduler_job.py:182} INFO - Started process (PID=52) to work on /home/airflow/.local/lib/python3.6/site-packages/airflow/example_dags/tutorial.py
[2021-06-28 15:33:54,240] {scheduler_job.py:633} INFO - Processing file /home/airflow/.local/lib/python3.6/site-packages/airflow/example_dags/tutorial.py for tasks to queue
[2021-06-28 15:33:54,241] {logging_mixin.py:104} INFO - [2021-06-28 15:33:54,241] {dagbag.py:487} INFO - Filling up the DagBag from /home/airflow/.local/lib/python3.6/site-packages/airflow/example_dags/tutorial.py
[2021-06-28 15:33:54,300] {scheduler_job.py:643} INFO - DAG(s) dict_keys(['tutorial']) retrieved from /home/airflow/.local/lib/python3.6/site-packages/airflow/example_dags/tutorial.py
[2021-06-28 15:33:54,377] {logging_mixin.py:104} INFO - [2021-06-28 15:33:54,377] {dag.py:1832} INFO - Sync 1 DAGs
[2021-06-28 15:33:54,423] {logging_mixin.py:104} INFO - [2021-06-28 15:33:54,423] {dag.py:2305} INFO - Setting next_dagrun for tutorial to 2021-06-26 00:00:00+00:00
[2021-06-28 15:33:54,484] {scheduler_job.py:190} INFO - Processing /home/airflow/.local/lib/python3.6/site-packages/airflow/example_dags/tutorial.py took 0.250 seconds
[2021-06-28 15:34:26,743] {scheduler_job.py:182} INFO - Started process (PID=109) to work on /home/airflow/.local/lib/python3.6/site-packages/airflow/example_dags/tutorial.py
[2021-06-28 15:34:26,779] {scheduler_job.py:633} INFO - Processing file /home/airflow/.local/lib/python3.6/site-packages/airflow/example_dags/tutorial.py for tasks to queue
[2021-06-28 15:34:26,780] {logging_mixin.py:104} INFO - [2021-06-28 15:34:26,780] {dagbag.py:487} INFO - Filling up the DagBag from /home/airflow/.local/lib/python3.6/site-packages/airflow/example_dags/tutorial.py
[2021-06-28 15:34:26,967] {scheduler_job.py:643} INFO - DAG(s) dict_keys(['tutorial']) retrieved from /home/airflow/.local/lib/python3.6/site-packages/airflow/example_dags/tutorial.py
[2021-06-28 15:34:27,106] {logging_mixin.py:104} INFO - [2021-06-28 15:34:27,095] {dag.py:1832} INFO - Sync 1 DAGs
[2021-06-28 15:34:27,223] {logging_mixin.py:104} INFO - [2021-06-28 15:34:27,223] {dag.py:2305} INFO - Setting next_dagrun for tutorial to 2021-06-26 00:00:00+00:00
[2021-06-28 15:34:27,316] {scheduler_job.py:190} INFO - Processing /home/airflow/.local/lib/python3.6/site-packages/airflow/example_dags/tutorial.py took 0.601 seconds
[2021-06-28 15:34:57,443] {scheduler_job.py:182} INFO - Started process (PID=170) to work on /home/airflow/.local/lib/python3.6/site-packages/airflow/example_dags/tutorial.py
[2021-06-28 15:34:57,444] {scheduler_job.py:633} INFO - Processing file /home/airflow/.local/lib/python3.6/site-packages/airflow/example_dags/tutorial.py for tasks to queue
[2021-06-28 15:34:57,445] {logging_mixin.py:104} INFO - [2021-06-28 15:34:57,445] {dagbag.py:487} INFO - Filling up the DagBag from /home/airflow/.local/lib/python3.6/site-packages/airflow/example_dags/tutorial.py
[2021-06-28 15:34:57,468] {scheduler_job.py:643} INFO - DAG(s) dict_keys(['tutorial']) retrieved from /home/airflow/.local/lib/python3.6/site-packages/airflow/example_dags/tutorial.py
[2021-06-28 15:34:57,593] {logging_mixin.py:104} INFO - [2021-06-28 15:34:57,593] {dag.py:1832} INFO - Sync 1 DAGs
[2021-06-28 15:34:57,654] {logging_mixin.py:104} INFO - [2021-06-28 15:34:57,654] {dag.py:2305} INFO - Setting next_dagrun for tutorial to 2021-06-26 00:00:00+00:00
[2021-06-28 15:34:57,737] {scheduler_job.py:190} INFO - Processing /home/airflow/.local/lib/python3.6/site-packages/airflow/example_dags/tutorial.py took 0.300 seconds
[2021-06-28 15:35:27,970] {scheduler_job.py:182} INFO - Started process (PID=218) to work on /home/airflow/.local/lib/python3.6/site-packages/airflow/example_dags/tutorial.py
[2021-06-28 15:35:27,972] {scheduler_job.py:633} INFO - Processing file /home/airflow/.local/lib/python3.6/site-packages/airflow/example_dags/tutorial.py for tasks to queue
[2021-06-28 15:35:27,973] {logging_mixin.py:104} INFO - [2021-06-28 15:35:27,973] {dagbag.py:487} INFO - Filling up the DagBag from /home/airflow/.local/lib/python3.6/site-packages/airflow/example_dags/tutorial.py
[2021-06-28 15:35:28,004] {scheduler_job.py:643} INFO - DAG(s) dict_keys(['tutorial']) retrieved from /home/airflow/.local/lib/python3.6/site-packages/airflow/example_dags/tutorial.py
[2021-06-28 15:35:28,053] {logging_mixin.py:104} INFO - [2021-06-28 15:35:28,053] {dag.py:1832} INFO - Sync 1 DAGs
[2021-06-28 15:35:28,090] {logging_mixin.py:104} INFO - [2021-06-28 15:35:28,090] {dag.py:2305} INFO - Setting next_dagrun for tutorial to 2021-06-26 00:00:00+00:00
[2021-06-28 15:35:28,149] {scheduler_job.py:190} INFO - Processing /home/airflow/.local/lib/python3.6/site-packages/airflow/example_dags/tutorial.py took 0.192 seconds
[2021-06-28 15:35:58,730] {scheduler_job.py:182} INFO - Started process (PID=282) to work on /home/airflow/.local/lib/python3.6/site-packages/airflow/example_dags/tutorial.py
[2021-06-28 15:35:58,732] {scheduler_job.py:633} INFO - Processing file /home/airflow/.local/lib/python3.6/site-packages/airflow/example_dags/tutorial.py for tasks to queue
[2021-06-28 15:35:58,733] {logging_mixin.py:104} INFO - [2021-06-28 15:35:58,733] {dagbag.py:487} INFO - Filling up the DagBag from /home/airflow/.local/lib/python3.6/site-packages/airflow/example_dags/tutorial.py
[2021-06-28 15:35:58,765] {scheduler_job.py:643} INFO - DAG(s) dict_keys(['tutorial']) retrieved from /home/airflow/.local/lib/python3.6/site-packages/airflow/example_dags/tutorial.py
[2021-06-28 15:35:58,851] {logging_mixin.py:104} INFO - [2021-06-28 15:35:58,851] {dag.py:1832} INFO - Sync 1 DAGs
[2021-06-28 15:35:58,892] {logging_mixin.py:104} INFO - [2021-06-28 15:35:58,892] {dag.py:2305} INFO - Setting next_dagrun for tutorial to 2021-06-26 00:00:00+00:00
[2021-06-28 15:35:58,944] {scheduler_job.py:190} INFO - Processing /home/airflow/.local/lib/python3.6/site-packages/airflow/example_dags/tutorial.py took 0.227 seconds
[2021-06-28 15:36:29,191] {scheduler_job.py:182} INFO - Started process (PID=341) to work on /home/airflow/.local/lib/python3.6/site-packages/airflow/example_dags/tutorial.py
[2021-06-28 15:36:29,198] {scheduler_job.py:633} INFO - Processing file /home/airflow/.local/lib/python3.6/site-packages/airflow/example_dags/tutorial.py for tasks to queue
[2021-06-28 15:36:29,200] {logging_mixin.py:104} INFO - [2021-06-28 15:36:29,199] {dagbag.py:487} INFO - Filling up the DagBag from /home/airflow/.local/lib/python3.6/site-packages/airflow/example_dags/tutorial.py
[2021-06-28 15:36:29,233] {scheduler_job.py:643} INFO - DAG(s) dict_keys(['tutorial']) retrieved from /home/airflow/.local/lib/python3.6/site-packages/airflow/example_dags/tutorial.py
[2021-06-28 15:36:29,284] {logging_mixin.py:104} INFO - [2021-06-28 15:36:29,284] {dag.py:1832} INFO - Sync 1 DAGs
[2021-06-28 15:36:29,328] {logging_mixin.py:104} INFO - [2021-06-28 15:36:29,328] {dag.py:2305} INFO - Setting next_dagrun for tutorial to 2021-06-26 00:00:00+00:00
[2021-06-28 15:36:29,351] {scheduler_job.py:190} INFO - Processing /home/airflow/.local/lib/python3.6/site-packages/airflow/example_dags/tutorial.py took 0.165 seconds
[2021-06-28 15:36:59,402] {scheduler_job.py:182} INFO - Started process (PID=401) to work on /home/airflow/.local/lib/python3.6/site-packages/airflow/example_dags/tutorial.py
[2021-06-28 15:36:59,403] {scheduler_job.py:633} INFO - Processing file /home/airflow/.local/lib/python3.6/site-packages/airflow/example_dags/tutorial.py for tasks to queue
[2021-06-28 15:36:59,406] {logging_mixin.py:104} INFO - [2021-06-28 15:36:59,406] {dagbag.py:487} INFO - Filling up the DagBag from /home/airflow/.local/lib/python3.6/site-packages/airflow/example_dags/tutorial.py
[2021-06-28 15:36:59,426] {scheduler_job.py:643} INFO - DAG(s) dict_keys(['tutorial']) retrieved from /home/airflow/.local/lib/python3.6/site-packages/airflow/example_dags/tutorial.py
[2021-06-28 15:36:59,465] {logging_mixin.py:104} INFO - [2021-06-28 15:36:59,465] {dag.py:1832} INFO - Sync 1 DAGs
[2021-06-28 15:36:59,506] {logging_mixin.py:104} INFO - [2021-06-28 15:36:59,505] {dag.py:2305} INFO - Setting next_dagrun for tutorial to 2021-06-26 00:00:00+00:00
[2021-06-28 15:36:59,535] {scheduler_job.py:190} INFO - Processing /home/airflow/.local/lib/python3.6/site-packages/airflow/example_dags/tutorial.py took 0.140 seconds
[2021-06-28 15:37:29,650] {scheduler_job.py:182} INFO - Started process (PID=460) to work on /home/airflow/.local/lib/python3.6/site-packages/airflow/example_dags/tutorial.py
[2021-06-28 15:37:29,652] {scheduler_job.py:633} INFO - Processing file /home/airflow/.local/lib/python3.6/site-packages/airflow/example_dags/tutorial.py for tasks to queue
[2021-06-28 15:37:29,653] {logging_mixin.py:104} INFO - [2021-06-28 15:37:29,653] {dagbag.py:487} INFO - Filling up the DagBag from /home/airflow/.local/lib/python3.6/site-packages/airflow/example_dags/tutorial.py
[2021-06-28 15:37:29,670] {scheduler_job.py:643} INFO - DAG(s) dict_keys(['tutorial']) retrieved from /home/airflow/.local/lib/python3.6/site-packages/airflow/example_dags/tutorial.py
[2021-06-28 15:37:29,703] {logging_mixin.py:104} INFO - [2021-06-28 15:37:29,702] {dag.py:1832} INFO - Sync 1 DAGs
[2021-06-28 15:37:29,730] {logging_mixin.py:104} INFO - [2021-06-28 15:37:29,730] {dag.py:2305} INFO - Setting next_dagrun for tutorial to 2021-06-26 00:00:00+00:00
[2021-06-28 15:37:29,746] {scheduler_job.py:190} INFO - Processing /home/airflow/.local/lib/python3.6/site-packages/airflow/example_dags/tutorial.py took 0.101 seconds
[2021-06-28 15:38:00,047] {scheduler_job.py:182} INFO - Started process (PID=533) to work on /home/airflow/.local/lib/python3.6/site-packages/airflow/example_dags/tutorial.py
[2021-06-28 15:38:00,048] {scheduler_job.py:633} INFO - Processing file /home/airflow/.local/lib/python3.6/site-packages/airflow/example_dags/tutorial.py for tasks to queue
[2021-06-28 15:38:00,049] {logging_mixin.py:104} INFO - [2021-06-28 15:38:00,049] {dagbag.py:487} INFO - Filling up the DagBag from /home/airflow/.local/lib/python3.6/site-packages/airflow/example_dags/tutorial.py
[2021-06-28 15:38:00,067] {scheduler_job.py:643} INFO - DAG(s) dict_keys(['tutorial']) retrieved from /home/airflow/.local/lib/python3.6/site-packages/airflow/example_dags/tutorial.py
[2021-06-28 15:38:00,102] {logging_mixin.py:104} INFO - [2021-06-28 15:38:00,102] {dag.py:1832} INFO - Sync 1 DAGs
[2021-06-28 15:38:00,130] {logging_mixin.py:104} INFO - [2021-06-28 15:38:00,130] {dag.py:2305} INFO - Setting next_dagrun for tutorial to 2021-06-26 00:00:00+00:00
[2021-06-28 15:38:00,149] {scheduler_job.py:190} INFO - Processing /home/airflow/.local/lib/python3.6/site-packages/airflow/example_dags/tutorial.py took 0.106 seconds
[2021-06-28 15:38:31,176] {scheduler_job.py:182} INFO - Started process (PID=610) to work on /home/airflow/.local/lib/python3.6/site-packages/airflow/example_dags/tutorial.py
[2021-06-28 15:38:31,178] {scheduler_job.py:633} INFO - Processing file /home/airflow/.local/lib/python3.6/site-packages/airflow/example_dags/tutorial.py for tasks to queue
[2021-06-28 15:38:31,179] {logging_mixin.py:104} INFO - [2021-06-28 15:38:31,179] {dagbag.py:487} INFO - Filling up the DagBag from /home/airflow/.local/lib/python3.6/site-packages/airflow/example_dags/tutorial.py
[2021-06-28 15:38:31,198] {scheduler_job.py:643} INFO - DAG(s) dict_keys(['tutorial']) retrieved from /home/airflow/.local/lib/python3.6/site-packages/airflow/example_dags/tutorial.py
[2021-06-28 15:38:31,236] {logging_mixin.py:104} INFO - [2021-06-28 15:38:31,235] {dag.py:1832} INFO - Sync 1 DAGs
[2021-06-28 15:38:31,306] {logging_mixin.py:104} INFO - [2021-06-28 15:38:31,306] {dag.py:2305} INFO - Setting next_dagrun for tutorial to 2021-06-26 00:00:00+00:00
[2021-06-28 15:38:31,338] {scheduler_job.py:190} INFO - Processing /home/airflow/.local/lib/python3.6/site-packages/airflow/example_dags/tutorial.py took 0.183 seconds
[2021-06-28 15:39:02,126] {scheduler_job.py:182} INFO - Started process (PID=679) to work on /home/airflow/.local/lib/python3.6/site-packages/airflow/example_dags/tutorial.py
[2021-06-28 15:39:02,127] {scheduler_job.py:633} INFO - Processing file /home/airflow/.local/lib/python3.6/site-packages/airflow/example_dags/tutorial.py for tasks to queue
[2021-06-28 15:39:02,128] {logging_mixin.py:104} INFO - [2021-06-28 15:39:02,128] {dagbag.py:487} INFO - Filling up the DagBag from /home/airflow/.local/lib/python3.6/site-packages/airflow/example_dags/tutorial.py
[2021-06-28 15:39:02,159] {scheduler_job.py:643} INFO - DAG(s) dict_keys(['tutorial']) retrieved from /home/airflow/.local/lib/python3.6/site-packages/airflow/example_dags/tutorial.py
[2021-06-28 15:39:02,250] {logging_mixin.py:104} INFO - [2021-06-28 15:39:02,250] {dag.py:1832} INFO - Sync 1 DAGs
[2021-06-28 15:39:02,286] {logging_mixin.py:104} INFO - [2021-06-28 15:39:02,286] {dag.py:2305} INFO - Setting next_dagrun for tutorial to 2021-06-26 00:00:00+00:00
[2021-06-28 15:39:02,307] {scheduler_job.py:190} INFO - Processing /home/airflow/.local/lib/python3.6/site-packages/airflow/example_dags/tutorial.py took 0.197 seconds
[2021-06-28 15:39:32,429] {scheduler_job.py:182} INFO - Started process (PID=739) to work on /home/airflow/.local/lib/python3.6/site-packages/airflow/example_dags/tutorial.py
[2021-06-28 15:39:32,431] {scheduler_job.py:633} INFO - Processing file /home/airflow/.local/lib/python3.6/site-packages/airflow/example_dags/tutorial.py for tasks to queue
[2021-06-28 15:39:32,432] {logging_mixin.py:104} INFO - [2021-06-28 15:39:32,432] {dagbag.py:487} INFO - Filling up the DagBag from /home/airflow/.local/lib/python3.6/site-packages/airflow/example_dags/tutorial.py
[2021-06-28 15:39:32,456] {scheduler_job.py:643} INFO - DAG(s) dict_keys(['tutorial']) retrieved from /home/airflow/.local/lib/python3.6/site-packages/airflow/example_dags/tutorial.py
[2021-06-28 15:39:32,535] {logging_mixin.py:104} INFO - [2021-06-28 15:39:32,535] {dag.py:1832} INFO - Sync 1 DAGs
[2021-06-28 15:39:32,561] {logging_mixin.py:104} INFO - [2021-06-28 15:39:32,560] {dag.py:2305} INFO - Setting next_dagrun for tutorial to 2021-06-26 00:00:00+00:00
[2021-06-28 15:39:32,578] {scheduler_job.py:190} INFO - Processing /home/airflow/.local/lib/python3.6/site-packages/airflow/example_dags/tutorial.py took 0.153 seconds
[2021-06-28 15:40:03,235] {scheduler_job.py:182} INFO - Started process (PID=802) to work on /home/airflow/.local/lib/python3.6/site-packages/airflow/example_dags/tutorial.py
[2021-06-28 15:40:03,237] {scheduler_job.py:633} INFO - Processing file /home/airflow/.local/lib/python3.6/site-packages/airflow/example_dags/tutorial.py for tasks to queue
[2021-06-28 15:40:03,238] {logging_mixin.py:104} INFO - [2021-06-28 15:40:03,238] {dagbag.py:487} INFO - Filling up the DagBag from /home/airflow/.local/lib/python3.6/site-packages/airflow/example_dags/tutorial.py
[2021-06-28 15:40:03,265] {scheduler_job.py:643} INFO - DAG(s) dict_keys(['tutorial']) retrieved from /home/airflow/.local/lib/python3.6/site-packages/airflow/example_dags/tutorial.py
[2021-06-28 15:40:03,344] {logging_mixin.py:104} INFO - [2021-06-28 15:40:03,344] {dag.py:1832} INFO - Sync 1 DAGs
[2021-06-28 15:40:03,414] {logging_mixin.py:104} INFO - [2021-06-28 15:40:03,414] {dag.py:2305} INFO - Setting next_dagrun for tutorial to 2021-06-26 00:00:00+00:00
[2021-06-28 15:40:03,452] {scheduler_job.py:190} INFO - Processing /home/airflow/.local/lib/python3.6/site-packages/airflow/example_dags/tutorial.py took 0.222 seconds
[2021-06-28 15:40:34,079] {scheduler_job.py:182} INFO - Started process (PID=877) to work on /home/airflow/.local/lib/python3.6/site-packages/airflow/example_dags/tutorial.py
[2021-06-28 15:40:34,093] {scheduler_job.py:633} INFO - Processing file /home/airflow/.local/lib/python3.6/site-packages/airflow/example_dags/tutorial.py for tasks to queue
[2021-06-28 15:40:34,098] {logging_mixin.py:104} INFO - [2021-06-28 15:40:34,098] {dagbag.py:487} INFO - Filling up the DagBag from /home/airflow/.local/lib/python3.6/site-packages/airflow/example_dags/tutorial.py
[2021-06-28 15:40:34,136] {scheduler_job.py:643} INFO - DAG(s) dict_keys(['tutorial']) retrieved from /home/airflow/.local/lib/python3.6/site-packages/airflow/example_dags/tutorial.py
[2021-06-28 15:40:34,197] {logging_mixin.py:104} INFO - [2021-06-28 15:40:34,197] {dag.py:1832} INFO - Sync 1 DAGs
[2021-06-28 15:40:34,251] {logging_mixin.py:104} INFO - [2021-06-28 15:40:34,251] {dag.py:2305} INFO - Setting next_dagrun for tutorial to 2021-06-26 00:00:00+00:00
[2021-06-28 15:40:34,283] {scheduler_job.py:190} INFO - Processing /home/airflow/.local/lib/python3.6/site-packages/airflow/example_dags/tutorial.py took 0.215 seconds
[2021-06-28 15:41:04,512] {scheduler_job.py:182} INFO - Started process (PID=938) to work on /home/airflow/.local/lib/python3.6/site-packages/airflow/example_dags/tutorial.py
[2021-06-28 15:41:04,513] {scheduler_job.py:633} INFO - Processing file /home/airflow/.local/lib/python3.6/site-packages/airflow/example_dags/tutorial.py for tasks to queue
[2021-06-28 15:41:04,516] {logging_mixin.py:104} INFO - [2021-06-28 15:41:04,516] {dagbag.py:487} INFO - Filling up the DagBag from /home/airflow/.local/lib/python3.6/site-packages/airflow/example_dags/tutorial.py
[2021-06-28 15:41:04,537] {scheduler_job.py:643} INFO - DAG(s) dict_keys(['tutorial']) retrieved from /home/airflow/.local/lib/python3.6/site-packages/airflow/example_dags/tutorial.py
[2021-06-28 15:41:04,586] {logging_mixin.py:104} INFO - [2021-06-28 15:41:04,586] {dag.py:1832} INFO - Sync 1 DAGs
[2021-06-28 15:41:04,622] {logging_mixin.py:104} INFO - [2021-06-28 15:41:04,622] {dag.py:2305} INFO - Setting next_dagrun for tutorial to 2021-06-26 00:00:00+00:00
[2021-06-28 15:41:04,640] {scheduler_job.py:190} INFO - Processing /home/airflow/.local/lib/python3.6/site-packages/airflow/example_dags/tutorial.py took 0.132 seconds
[2021-06-28 15:41:34,909] {scheduler_job.py:182} INFO - Started process (PID=999) to work on /home/airflow/.local/lib/python3.6/site-packages/airflow/example_dags/tutorial.py
[2021-06-28 15:41:34,921] {scheduler_job.py:633} INFO - Processing file /home/airflow/.local/lib/python3.6/site-packages/airflow/example_dags/tutorial.py for tasks to queue
[2021-06-28 15:41:34,924] {logging_mixin.py:104} INFO - [2021-06-28 15:41:34,924] {dagbag.py:487} INFO - Filling up the DagBag from /home/airflow/.local/lib/python3.6/site-packages/airflow/example_dags/tutorial.py
[2021-06-28 15:41:34,943] {scheduler_job.py:643} INFO - DAG(s) dict_keys(['tutorial']) retrieved from /home/airflow/.local/lib/python3.6/site-packages/airflow/example_dags/tutorial.py
[2021-06-28 15:41:34,972] {logging_mixin.py:104} INFO - [2021-06-28 15:41:34,972] {dag.py:1832} INFO - Sync 1 DAGs
[2021-06-28 15:41:35,004] {logging_mixin.py:104} INFO - [2021-06-28 15:41:35,004] {dag.py:2305} INFO - Setting next_dagrun for tutorial to 2021-06-26 00:00:00+00:00
[2021-06-28 15:41:35,018] {scheduler_job.py:190} INFO - Processing /home/airflow/.local/lib/python3.6/site-packages/airflow/example_dags/tutorial.py took 0.117 seconds
[2021-06-28 15:42:05,218] {scheduler_job.py:182} INFO - Started process (PID=1059) to work on /home/airflow/.local/lib/python3.6/site-packages/airflow/example_dags/tutorial.py
[2021-06-28 15:42:05,220] {scheduler_job.py:633} INFO - Processing file /home/airflow/.local/lib/python3.6/site-packages/airflow/example_dags/tutorial.py for tasks to queue
[2021-06-28 15:42:05,220] {logging_mixin.py:104} INFO - [2021-06-28 15:42:05,220] {dagbag.py:487} INFO - Filling up the DagBag from /home/airflow/.local/lib/python3.6/site-packages/airflow/example_dags/tutorial.py
[2021-06-28 15:42:05,239] {scheduler_job.py:643} INFO - DAG(s) dict_keys(['tutorial']) retrieved from /home/airflow/.local/lib/python3.6/site-packages/airflow/example_dags/tutorial.py
[2021-06-28 15:42:05,268] {logging_mixin.py:104} INFO - [2021-06-28 15:42:05,267] {dag.py:1832} INFO - Sync 1 DAGs
[2021-06-28 15:42:05,291] {logging_mixin.py:104} INFO - [2021-06-28 15:42:05,291] {dag.py:2305} INFO - Setting next_dagrun for tutorial to 2021-06-26 00:00:00+00:00
[2021-06-28 15:42:05,305] {scheduler_job.py:190} INFO - Processing /home/airflow/.local/lib/python3.6/site-packages/airflow/example_dags/tutorial.py took 0.094 seconds
[2021-06-28 15:42:35,763] {scheduler_job.py:182} INFO - Started process (PID=1130) to work on /home/airflow/.local/lib/python3.6/site-packages/airflow/example_dags/tutorial.py
[2021-06-28 15:42:35,766] {scheduler_job.py:633} INFO - Processing file /home/airflow/.local/lib/python3.6/site-packages/airflow/example_dags/tutorial.py for tasks to queue
[2021-06-28 15:42:35,767] {logging_mixin.py:104} INFO - [2021-06-28 15:42:35,767] {dagbag.py:487} INFO - Filling up the DagBag from /home/airflow/.local/lib/python3.6/site-packages/airflow/example_dags/tutorial.py
[2021-06-28 15:42:35,789] {scheduler_job.py:643} INFO - DAG(s) dict_keys(['tutorial']) retrieved from /home/airflow/.local/lib/python3.6/site-packages/airflow/example_dags/tutorial.py
[2021-06-28 15:42:35,834] {logging_mixin.py:104} INFO - [2021-06-28 15:42:35,834] {dag.py:1832} INFO - Sync 1 DAGs
[2021-06-28 15:42:35,866] {logging_mixin.py:104} INFO - [2021-06-28 15:42:35,866] {dag.py:2305} INFO - Setting next_dagrun for tutorial to 2021-06-26 00:00:00+00:00
[2021-06-28 15:42:35,886] {scheduler_job.py:190} INFO - Processing /home/airflow/.local/lib/python3.6/site-packages/airflow/example_dags/tutorial.py took 0.143 seconds
[2021-06-28 15:43:05,941] {scheduler_job.py:182} INFO - Started process (PID=1192) to work on /home/airflow/.local/lib/python3.6/site-packages/airflow/example_dags/tutorial.py
[2021-06-28 15:43:05,943] {scheduler_job.py:633} INFO - Processing file /home/airflow/.local/lib/python3.6/site-packages/airflow/example_dags/tutorial.py for tasks to queue
[2021-06-28 15:43:05,943] {logging_mixin.py:104} INFO - [2021-06-28 15:43:05,943] {dagbag.py:487} INFO - Filling up the DagBag from /home/airflow/.local/lib/python3.6/site-packages/airflow/example_dags/tutorial.py
[2021-06-28 15:43:05,960] {scheduler_job.py:643} INFO - DAG(s) dict_keys(['tutorial']) retrieved from /home/airflow/.local/lib/python3.6/site-packages/airflow/example_dags/tutorial.py
[2021-06-28 15:43:05,991] {logging_mixin.py:104} INFO - [2021-06-28 15:43:05,991] {dag.py:1832} INFO - Sync 1 DAGs
[2021-06-28 15:43:06,016] {logging_mixin.py:104} INFO - [2021-06-28 15:43:06,016] {dag.py:2305} INFO - Setting next_dagrun for tutorial to 2021-06-26 00:00:00+00:00
[2021-06-28 15:43:06,031] {scheduler_job.py:190} INFO - Processing /home/airflow/.local/lib/python3.6/site-packages/airflow/example_dags/tutorial.py took 0.095 seconds
[2021-06-28 15:43:36,367] {scheduler_job.py:182} INFO - Started process (PID=1249) to work on /home/airflow/.local/lib/python3.6/site-packages/airflow/example_dags/tutorial.py
[2021-06-28 15:43:36,369] {scheduler_job.py:633} INFO - Processing file /home/airflow/.local/lib/python3.6/site-packages/airflow/example_dags/tutorial.py for tasks to queue
[2021-06-28 15:43:36,370] {logging_mixin.py:104} INFO - [2021-06-28 15:43:36,370] {dagbag.py:487} INFO - Filling up the DagBag from /home/airflow/.local/lib/python3.6/site-packages/airflow/example_dags/tutorial.py
[2021-06-28 15:43:36,388] {scheduler_job.py:643} INFO - DAG(s) dict_keys(['tutorial']) retrieved from /home/airflow/.local/lib/python3.6/site-packages/airflow/example_dags/tutorial.py
[2021-06-28 15:43:36,424] {logging_mixin.py:104} INFO - [2021-06-28 15:43:36,424] {dag.py:1832} INFO - Sync 1 DAGs
[2021-06-28 15:43:36,446] {logging_mixin.py:104} INFO - [2021-06-28 15:43:36,446] {dag.py:2305} INFO - Setting next_dagrun for tutorial to 2021-06-26 00:00:00+00:00
[2021-06-28 15:43:36,464] {scheduler_job.py:190} INFO - Processing /home/airflow/.local/lib/python3.6/site-packages/airflow/example_dags/tutorial.py took 0.105 seconds
[2021-06-28 15:44:06,704] {scheduler_job.py:182} INFO - Started process (PID=1308) to work on /home/airflow/.local/lib/python3.6/site-packages/airflow/example_dags/tutorial.py
[2021-06-28 15:44:06,707] {scheduler_job.py:633} INFO - Processing file /home/airflow/.local/lib/python3.6/site-packages/airflow/example_dags/tutorial.py for tasks to queue
[2021-06-28 15:44:06,710] {logging_mixin.py:104} INFO - [2021-06-28 15:44:06,709] {dagbag.py:487} INFO - Filling up the DagBag from /home/airflow/.local/lib/python3.6/site-packages/airflow/example_dags/tutorial.py
[2021-06-28 15:44:06,726] {scheduler_job.py:643} INFO - DAG(s) dict_keys(['tutorial']) retrieved from /home/airflow/.local/lib/python3.6/site-packages/airflow/example_dags/tutorial.py
[2021-06-28 15:44:06,755] {logging_mixin.py:104} INFO - [2021-06-28 15:44:06,754] {dag.py:1832} INFO - Sync 1 DAGs
[2021-06-28 15:44:06,780] {logging_mixin.py:104} INFO - [2021-06-28 15:44:06,780] {dag.py:2305} INFO - Setting next_dagrun for tutorial to 2021-06-26 00:00:00+00:00
[2021-06-28 15:44:06,807] {scheduler_job.py:190} INFO - Processing /home/airflow/.local/lib/python3.6/site-packages/airflow/example_dags/tutorial.py took 0.107 seconds
