[2021-06-28 15:16:16,999] {scheduler_job.py:182} INFO - Started process (PID=92) to work on /home/airflow/.local/lib/python3.6/site-packages/airflow/example_dags/tutorial_etl_dag.py
[2021-06-28 15:16:17,002] {scheduler_job.py:633} INFO - Processing file /home/airflow/.local/lib/python3.6/site-packages/airflow/example_dags/tutorial_etl_dag.py for tasks to queue
[2021-06-28 15:16:17,026] {logging_mixin.py:104} INFO - [2021-06-28 15:16:17,026] {dagbag.py:487} INFO - Filling up the DagBag from /home/airflow/.local/lib/python3.6/site-packages/airflow/example_dags/tutorial_etl_dag.py
[2021-06-28 15:16:17,168] {scheduler_job.py:643} INFO - DAG(s) dict_keys(['tutorial_etl_dag']) retrieved from /home/airflow/.local/lib/python3.6/site-packages/airflow/example_dags/tutorial_etl_dag.py
[2021-06-28 15:16:20,787] {logging_mixin.py:104} INFO - [2021-06-28 15:16:20,786] {dag.py:1832} INFO - Sync 1 DAGs
[2021-06-28 15:16:20,852] {logging_mixin.py:104} INFO - [2021-06-28 15:16:20,852] {dag.py:2305} INFO - Setting next_dagrun for tutorial_etl_dag to None
[2021-06-28 15:16:20,943] {scheduler_job.py:190} INFO - Processing /home/airflow/.local/lib/python3.6/site-packages/airflow/example_dags/tutorial_etl_dag.py took 3.949 seconds
[2021-06-28 15:16:51,725] {scheduler_job.py:182} INFO - Started process (PID=141) to work on /home/airflow/.local/lib/python3.6/site-packages/airflow/example_dags/tutorial_etl_dag.py
[2021-06-28 15:16:51,734] {scheduler_job.py:633} INFO - Processing file /home/airflow/.local/lib/python3.6/site-packages/airflow/example_dags/tutorial_etl_dag.py for tasks to queue
[2021-06-28 15:16:51,736] {logging_mixin.py:104} INFO - [2021-06-28 15:16:51,735] {dagbag.py:487} INFO - Filling up the DagBag from /home/airflow/.local/lib/python3.6/site-packages/airflow/example_dags/tutorial_etl_dag.py
[2021-06-28 15:16:51,780] {scheduler_job.py:643} INFO - DAG(s) dict_keys(['tutorial_etl_dag']) retrieved from /home/airflow/.local/lib/python3.6/site-packages/airflow/example_dags/tutorial_etl_dag.py
[2021-06-28 15:16:51,997] {logging_mixin.py:104} INFO - [2021-06-28 15:16:51,996] {dag.py:1832} INFO - Sync 1 DAGs
[2021-06-28 15:16:52,059] {logging_mixin.py:104} INFO - [2021-06-28 15:16:52,059] {dag.py:2305} INFO - Setting next_dagrun for tutorial_etl_dag to None
[2021-06-28 15:16:52,115] {scheduler_job.py:190} INFO - Processing /home/airflow/.local/lib/python3.6/site-packages/airflow/example_dags/tutorial_etl_dag.py took 0.398 seconds
[2021-06-28 15:17:22,423] {scheduler_job.py:182} INFO - Started process (PID=202) to work on /home/airflow/.local/lib/python3.6/site-packages/airflow/example_dags/tutorial_etl_dag.py
[2021-06-28 15:17:22,425] {scheduler_job.py:633} INFO - Processing file /home/airflow/.local/lib/python3.6/site-packages/airflow/example_dags/tutorial_etl_dag.py for tasks to queue
[2021-06-28 15:17:22,426] {logging_mixin.py:104} INFO - [2021-06-28 15:17:22,425] {dagbag.py:487} INFO - Filling up the DagBag from /home/airflow/.local/lib/python3.6/site-packages/airflow/example_dags/tutorial_etl_dag.py
[2021-06-28 15:17:22,448] {scheduler_job.py:643} INFO - DAG(s) dict_keys(['tutorial_etl_dag']) retrieved from /home/airflow/.local/lib/python3.6/site-packages/airflow/example_dags/tutorial_etl_dag.py
[2021-06-28 15:17:22,487] {logging_mixin.py:104} INFO - [2021-06-28 15:17:22,486] {dag.py:1832} INFO - Sync 1 DAGs
[2021-06-28 15:17:22,520] {logging_mixin.py:104} INFO - [2021-06-28 15:17:22,520] {dag.py:2305} INFO - Setting next_dagrun for tutorial_etl_dag to None
[2021-06-28 15:17:22,555] {scheduler_job.py:190} INFO - Processing /home/airflow/.local/lib/python3.6/site-packages/airflow/example_dags/tutorial_etl_dag.py took 0.136 seconds
[2021-06-28 15:17:52,702] {scheduler_job.py:182} INFO - Started process (PID=273) to work on /home/airflow/.local/lib/python3.6/site-packages/airflow/example_dags/tutorial_etl_dag.py
[2021-06-28 15:17:52,707] {scheduler_job.py:633} INFO - Processing file /home/airflow/.local/lib/python3.6/site-packages/airflow/example_dags/tutorial_etl_dag.py for tasks to queue
[2021-06-28 15:17:52,710] {logging_mixin.py:104} INFO - [2021-06-28 15:17:52,710] {dagbag.py:487} INFO - Filling up the DagBag from /home/airflow/.local/lib/python3.6/site-packages/airflow/example_dags/tutorial_etl_dag.py
[2021-06-28 15:17:52,737] {scheduler_job.py:643} INFO - DAG(s) dict_keys(['tutorial_etl_dag']) retrieved from /home/airflow/.local/lib/python3.6/site-packages/airflow/example_dags/tutorial_etl_dag.py
[2021-06-28 15:17:52,775] {logging_mixin.py:104} INFO - [2021-06-28 15:17:52,775] {dag.py:1832} INFO - Sync 1 DAGs
[2021-06-28 15:17:52,807] {logging_mixin.py:104} INFO - [2021-06-28 15:17:52,807] {dag.py:2305} INFO - Setting next_dagrun for tutorial_etl_dag to None
[2021-06-28 15:17:52,841] {scheduler_job.py:190} INFO - Processing /home/airflow/.local/lib/python3.6/site-packages/airflow/example_dags/tutorial_etl_dag.py took 0.145 seconds
[2021-06-28 15:18:23,159] {scheduler_job.py:182} INFO - Started process (PID=336) to work on /home/airflow/.local/lib/python3.6/site-packages/airflow/example_dags/tutorial_etl_dag.py
[2021-06-28 15:18:23,161] {scheduler_job.py:633} INFO - Processing file /home/airflow/.local/lib/python3.6/site-packages/airflow/example_dags/tutorial_etl_dag.py for tasks to queue
[2021-06-28 15:18:23,162] {logging_mixin.py:104} INFO - [2021-06-28 15:18:23,162] {dagbag.py:487} INFO - Filling up the DagBag from /home/airflow/.local/lib/python3.6/site-packages/airflow/example_dags/tutorial_etl_dag.py
[2021-06-28 15:18:23,190] {scheduler_job.py:643} INFO - DAG(s) dict_keys(['tutorial_etl_dag']) retrieved from /home/airflow/.local/lib/python3.6/site-packages/airflow/example_dags/tutorial_etl_dag.py
[2021-06-28 15:18:23,219] {logging_mixin.py:104} INFO - [2021-06-28 15:18:23,219] {dag.py:1832} INFO - Sync 1 DAGs
[2021-06-28 15:18:23,239] {logging_mixin.py:104} INFO - [2021-06-28 15:18:23,239] {dag.py:2305} INFO - Setting next_dagrun for tutorial_etl_dag to None
[2021-06-28 15:18:23,256] {scheduler_job.py:190} INFO - Processing /home/airflow/.local/lib/python3.6/site-packages/airflow/example_dags/tutorial_etl_dag.py took 0.109 seconds
[2021-06-28 15:18:53,344] {scheduler_job.py:182} INFO - Started process (PID=398) to work on /home/airflow/.local/lib/python3.6/site-packages/airflow/example_dags/tutorial_etl_dag.py
[2021-06-28 15:18:53,346] {scheduler_job.py:633} INFO - Processing file /home/airflow/.local/lib/python3.6/site-packages/airflow/example_dags/tutorial_etl_dag.py for tasks to queue
[2021-06-28 15:18:53,347] {logging_mixin.py:104} INFO - [2021-06-28 15:18:53,347] {dagbag.py:487} INFO - Filling up the DagBag from /home/airflow/.local/lib/python3.6/site-packages/airflow/example_dags/tutorial_etl_dag.py
[2021-06-28 15:18:53,384] {scheduler_job.py:643} INFO - DAG(s) dict_keys(['tutorial_etl_dag']) retrieved from /home/airflow/.local/lib/python3.6/site-packages/airflow/example_dags/tutorial_etl_dag.py
[2021-06-28 15:18:53,428] {logging_mixin.py:104} INFO - [2021-06-28 15:18:53,428] {dag.py:1832} INFO - Sync 1 DAGs
[2021-06-28 15:18:53,462] {logging_mixin.py:104} INFO - [2021-06-28 15:18:53,462] {dag.py:2305} INFO - Setting next_dagrun for tutorial_etl_dag to None
[2021-06-28 15:18:53,483] {scheduler_job.py:190} INFO - Processing /home/airflow/.local/lib/python3.6/site-packages/airflow/example_dags/tutorial_etl_dag.py took 0.144 seconds
[2021-06-28 15:19:23,971] {scheduler_job.py:182} INFO - Started process (PID=458) to work on /home/airflow/.local/lib/python3.6/site-packages/airflow/example_dags/tutorial_etl_dag.py
[2021-06-28 15:19:23,984] {scheduler_job.py:633} INFO - Processing file /home/airflow/.local/lib/python3.6/site-packages/airflow/example_dags/tutorial_etl_dag.py for tasks to queue
[2021-06-28 15:19:23,988] {logging_mixin.py:104} INFO - [2021-06-28 15:19:23,988] {dagbag.py:487} INFO - Filling up the DagBag from /home/airflow/.local/lib/python3.6/site-packages/airflow/example_dags/tutorial_etl_dag.py
[2021-06-28 15:19:24,036] {scheduler_job.py:643} INFO - DAG(s) dict_keys(['tutorial_etl_dag']) retrieved from /home/airflow/.local/lib/python3.6/site-packages/airflow/example_dags/tutorial_etl_dag.py
[2021-06-28 15:19:24,128] {logging_mixin.py:104} INFO - [2021-06-28 15:19:24,127] {dag.py:1832} INFO - Sync 1 DAGs
[2021-06-28 15:19:24,160] {logging_mixin.py:104} INFO - [2021-06-28 15:19:24,160] {dag.py:2305} INFO - Setting next_dagrun for tutorial_etl_dag to None
[2021-06-28 15:19:24,178] {scheduler_job.py:190} INFO - Processing /home/airflow/.local/lib/python3.6/site-packages/airflow/example_dags/tutorial_etl_dag.py took 0.241 seconds
[2021-06-28 15:19:54,648] {scheduler_job.py:182} INFO - Started process (PID=522) to work on /home/airflow/.local/lib/python3.6/site-packages/airflow/example_dags/tutorial_etl_dag.py
[2021-06-28 15:19:54,676] {scheduler_job.py:633} INFO - Processing file /home/airflow/.local/lib/python3.6/site-packages/airflow/example_dags/tutorial_etl_dag.py for tasks to queue
[2021-06-28 15:19:54,677] {logging_mixin.py:104} INFO - [2021-06-28 15:19:54,677] {dagbag.py:487} INFO - Filling up the DagBag from /home/airflow/.local/lib/python3.6/site-packages/airflow/example_dags/tutorial_etl_dag.py
[2021-06-28 15:19:54,743] {scheduler_job.py:643} INFO - DAG(s) dict_keys(['tutorial_etl_dag']) retrieved from /home/airflow/.local/lib/python3.6/site-packages/airflow/example_dags/tutorial_etl_dag.py
[2021-06-28 15:19:54,795] {logging_mixin.py:104} INFO - [2021-06-28 15:19:54,795] {dag.py:1832} INFO - Sync 1 DAGs
[2021-06-28 15:19:54,873] {logging_mixin.py:104} INFO - [2021-06-28 15:19:54,873] {dag.py:2305} INFO - Setting next_dagrun for tutorial_etl_dag to None
[2021-06-28 15:19:54,898] {scheduler_job.py:190} INFO - Processing /home/airflow/.local/lib/python3.6/site-packages/airflow/example_dags/tutorial_etl_dag.py took 0.290 seconds
[2021-06-28 15:20:25,153] {scheduler_job.py:182} INFO - Started process (PID=578) to work on /home/airflow/.local/lib/python3.6/site-packages/airflow/example_dags/tutorial_etl_dag.py
[2021-06-28 15:20:25,156] {scheduler_job.py:633} INFO - Processing file /home/airflow/.local/lib/python3.6/site-packages/airflow/example_dags/tutorial_etl_dag.py for tasks to queue
[2021-06-28 15:20:25,164] {logging_mixin.py:104} INFO - [2021-06-28 15:20:25,163] {dagbag.py:487} INFO - Filling up the DagBag from /home/airflow/.local/lib/python3.6/site-packages/airflow/example_dags/tutorial_etl_dag.py
[2021-06-28 15:20:25,188] {scheduler_job.py:643} INFO - DAG(s) dict_keys(['tutorial_etl_dag']) retrieved from /home/airflow/.local/lib/python3.6/site-packages/airflow/example_dags/tutorial_etl_dag.py
[2021-06-28 15:20:25,252] {logging_mixin.py:104} INFO - [2021-06-28 15:20:25,251] {dag.py:1832} INFO - Sync 1 DAGs
[2021-06-28 15:20:25,347] {logging_mixin.py:104} INFO - [2021-06-28 15:20:25,346] {dag.py:2305} INFO - Setting next_dagrun for tutorial_etl_dag to None
[2021-06-28 15:20:25,384] {scheduler_job.py:190} INFO - Processing /home/airflow/.local/lib/python3.6/site-packages/airflow/example_dags/tutorial_etl_dag.py took 0.238 seconds
[2021-06-28 15:20:55,711] {scheduler_job.py:182} INFO - Started process (PID=637) to work on /home/airflow/.local/lib/python3.6/site-packages/airflow/example_dags/tutorial_etl_dag.py
[2021-06-28 15:20:55,713] {scheduler_job.py:633} INFO - Processing file /home/airflow/.local/lib/python3.6/site-packages/airflow/example_dags/tutorial_etl_dag.py for tasks to queue
[2021-06-28 15:20:55,714] {logging_mixin.py:104} INFO - [2021-06-28 15:20:55,714] {dagbag.py:487} INFO - Filling up the DagBag from /home/airflow/.local/lib/python3.6/site-packages/airflow/example_dags/tutorial_etl_dag.py
[2021-06-28 15:20:55,734] {scheduler_job.py:643} INFO - DAG(s) dict_keys(['tutorial_etl_dag']) retrieved from /home/airflow/.local/lib/python3.6/site-packages/airflow/example_dags/tutorial_etl_dag.py
[2021-06-28 15:20:55,765] {logging_mixin.py:104} INFO - [2021-06-28 15:20:55,765] {dag.py:1832} INFO - Sync 1 DAGs
[2021-06-28 15:20:55,812] {logging_mixin.py:104} INFO - [2021-06-28 15:20:55,812] {dag.py:2305} INFO - Setting next_dagrun for tutorial_etl_dag to None
[2021-06-28 15:20:55,841] {scheduler_job.py:190} INFO - Processing /home/airflow/.local/lib/python3.6/site-packages/airflow/example_dags/tutorial_etl_dag.py took 0.134 seconds
[2021-06-28 15:21:25,939] {scheduler_job.py:182} INFO - Started process (PID=706) to work on /home/airflow/.local/lib/python3.6/site-packages/airflow/example_dags/tutorial_etl_dag.py
[2021-06-28 15:21:25,943] {scheduler_job.py:633} INFO - Processing file /home/airflow/.local/lib/python3.6/site-packages/airflow/example_dags/tutorial_etl_dag.py for tasks to queue
[2021-06-28 15:21:25,944] {logging_mixin.py:104} INFO - [2021-06-28 15:21:25,943] {dagbag.py:487} INFO - Filling up the DagBag from /home/airflow/.local/lib/python3.6/site-packages/airflow/example_dags/tutorial_etl_dag.py
[2021-06-28 15:21:25,965] {scheduler_job.py:643} INFO - DAG(s) dict_keys(['tutorial_etl_dag']) retrieved from /home/airflow/.local/lib/python3.6/site-packages/airflow/example_dags/tutorial_etl_dag.py
[2021-06-28 15:21:26,008] {logging_mixin.py:104} INFO - [2021-06-28 15:21:26,008] {dag.py:1832} INFO - Sync 1 DAGs
[2021-06-28 15:21:26,034] {logging_mixin.py:104} INFO - [2021-06-28 15:21:26,034] {dag.py:2305} INFO - Setting next_dagrun for tutorial_etl_dag to None
[2021-06-28 15:21:26,054] {scheduler_job.py:190} INFO - Processing /home/airflow/.local/lib/python3.6/site-packages/airflow/example_dags/tutorial_etl_dag.py took 0.124 seconds
[2021-06-28 15:21:56,668] {scheduler_job.py:182} INFO - Started process (PID=767) to work on /home/airflow/.local/lib/python3.6/site-packages/airflow/example_dags/tutorial_etl_dag.py
[2021-06-28 15:21:56,672] {scheduler_job.py:633} INFO - Processing file /home/airflow/.local/lib/python3.6/site-packages/airflow/example_dags/tutorial_etl_dag.py for tasks to queue
[2021-06-28 15:21:56,675] {logging_mixin.py:104} INFO - [2021-06-28 15:21:56,675] {dagbag.py:487} INFO - Filling up the DagBag from /home/airflow/.local/lib/python3.6/site-packages/airflow/example_dags/tutorial_etl_dag.py
[2021-06-28 15:21:56,698] {scheduler_job.py:643} INFO - DAG(s) dict_keys(['tutorial_etl_dag']) retrieved from /home/airflow/.local/lib/python3.6/site-packages/airflow/example_dags/tutorial_etl_dag.py
[2021-06-28 15:21:56,760] {logging_mixin.py:104} INFO - [2021-06-28 15:21:56,760] {dag.py:1832} INFO - Sync 1 DAGs
[2021-06-28 15:21:56,844] {logging_mixin.py:104} INFO - [2021-06-28 15:21:56,844] {dag.py:2305} INFO - Setting next_dagrun for tutorial_etl_dag to None
[2021-06-28 15:21:56,875] {scheduler_job.py:190} INFO - Processing /home/airflow/.local/lib/python3.6/site-packages/airflow/example_dags/tutorial_etl_dag.py took 0.211 seconds
[2021-06-28 15:22:27,314] {scheduler_job.py:182} INFO - Started process (PID=827) to work on /home/airflow/.local/lib/python3.6/site-packages/airflow/example_dags/tutorial_etl_dag.py
[2021-06-28 15:22:27,316] {scheduler_job.py:633} INFO - Processing file /home/airflow/.local/lib/python3.6/site-packages/airflow/example_dags/tutorial_etl_dag.py for tasks to queue
[2021-06-28 15:22:27,318] {logging_mixin.py:104} INFO - [2021-06-28 15:22:27,317] {dagbag.py:487} INFO - Filling up the DagBag from /home/airflow/.local/lib/python3.6/site-packages/airflow/example_dags/tutorial_etl_dag.py
[2021-06-28 15:22:27,335] {scheduler_job.py:643} INFO - DAG(s) dict_keys(['tutorial_etl_dag']) retrieved from /home/airflow/.local/lib/python3.6/site-packages/airflow/example_dags/tutorial_etl_dag.py
[2021-06-28 15:22:27,367] {logging_mixin.py:104} INFO - [2021-06-28 15:22:27,367] {dag.py:1832} INFO - Sync 1 DAGs
[2021-06-28 15:22:27,390] {logging_mixin.py:104} INFO - [2021-06-28 15:22:27,390] {dag.py:2305} INFO - Setting next_dagrun for tutorial_etl_dag to None
[2021-06-28 15:22:27,420] {scheduler_job.py:190} INFO - Processing /home/airflow/.local/lib/python3.6/site-packages/airflow/example_dags/tutorial_etl_dag.py took 0.111 seconds
[2021-06-28 15:22:57,555] {scheduler_job.py:182} INFO - Started process (PID=886) to work on /home/airflow/.local/lib/python3.6/site-packages/airflow/example_dags/tutorial_etl_dag.py
[2021-06-28 15:22:57,558] {scheduler_job.py:633} INFO - Processing file /home/airflow/.local/lib/python3.6/site-packages/airflow/example_dags/tutorial_etl_dag.py for tasks to queue
[2021-06-28 15:22:57,562] {logging_mixin.py:104} INFO - [2021-06-28 15:22:57,562] {dagbag.py:487} INFO - Filling up the DagBag from /home/airflow/.local/lib/python3.6/site-packages/airflow/example_dags/tutorial_etl_dag.py
[2021-06-28 15:22:57,600] {scheduler_job.py:643} INFO - DAG(s) dict_keys(['tutorial_etl_dag']) retrieved from /home/airflow/.local/lib/python3.6/site-packages/airflow/example_dags/tutorial_etl_dag.py
[2021-06-28 15:22:57,679] {logging_mixin.py:104} INFO - [2021-06-28 15:22:57,679] {dag.py:1832} INFO - Sync 1 DAGs
[2021-06-28 15:22:57,732] {logging_mixin.py:104} INFO - [2021-06-28 15:22:57,732] {dag.py:2305} INFO - Setting next_dagrun for tutorial_etl_dag to None
[2021-06-28 15:22:57,762] {scheduler_job.py:190} INFO - Processing /home/airflow/.local/lib/python3.6/site-packages/airflow/example_dags/tutorial_etl_dag.py took 0.225 seconds
[2021-06-28 15:23:28,018] {scheduler_job.py:182} INFO - Started process (PID=945) to work on /home/airflow/.local/lib/python3.6/site-packages/airflow/example_dags/tutorial_etl_dag.py
[2021-06-28 15:23:28,023] {scheduler_job.py:633} INFO - Processing file /home/airflow/.local/lib/python3.6/site-packages/airflow/example_dags/tutorial_etl_dag.py for tasks to queue
[2021-06-28 15:23:28,024] {logging_mixin.py:104} INFO - [2021-06-28 15:23:28,024] {dagbag.py:487} INFO - Filling up the DagBag from /home/airflow/.local/lib/python3.6/site-packages/airflow/example_dags/tutorial_etl_dag.py
[2021-06-28 15:23:28,042] {scheduler_job.py:643} INFO - DAG(s) dict_keys(['tutorial_etl_dag']) retrieved from /home/airflow/.local/lib/python3.6/site-packages/airflow/example_dags/tutorial_etl_dag.py
[2021-06-28 15:23:28,075] {logging_mixin.py:104} INFO - [2021-06-28 15:23:28,075] {dag.py:1832} INFO - Sync 1 DAGs
[2021-06-28 15:23:28,108] {logging_mixin.py:104} INFO - [2021-06-28 15:23:28,107] {dag.py:2305} INFO - Setting next_dagrun for tutorial_etl_dag to None
[2021-06-28 15:23:28,143] {scheduler_job.py:190} INFO - Processing /home/airflow/.local/lib/python3.6/site-packages/airflow/example_dags/tutorial_etl_dag.py took 0.129 seconds
[2021-06-28 15:23:58,271] {scheduler_job.py:182} INFO - Started process (PID=1003) to work on /home/airflow/.local/lib/python3.6/site-packages/airflow/example_dags/tutorial_etl_dag.py
[2021-06-28 15:23:58,279] {scheduler_job.py:633} INFO - Processing file /home/airflow/.local/lib/python3.6/site-packages/airflow/example_dags/tutorial_etl_dag.py for tasks to queue
[2021-06-28 15:23:58,282] {logging_mixin.py:104} INFO - [2021-06-28 15:23:58,282] {dagbag.py:487} INFO - Filling up the DagBag from /home/airflow/.local/lib/python3.6/site-packages/airflow/example_dags/tutorial_etl_dag.py
[2021-06-28 15:23:58,309] {scheduler_job.py:643} INFO - DAG(s) dict_keys(['tutorial_etl_dag']) retrieved from /home/airflow/.local/lib/python3.6/site-packages/airflow/example_dags/tutorial_etl_dag.py
[2021-06-28 15:23:58,339] {logging_mixin.py:104} INFO - [2021-06-28 15:23:58,339] {dag.py:1832} INFO - Sync 1 DAGs
[2021-06-28 15:23:58,377] {logging_mixin.py:104} INFO - [2021-06-28 15:23:58,377] {dag.py:2305} INFO - Setting next_dagrun for tutorial_etl_dag to None
[2021-06-28 15:23:58,424] {scheduler_job.py:190} INFO - Processing /home/airflow/.local/lib/python3.6/site-packages/airflow/example_dags/tutorial_etl_dag.py took 0.167 seconds
[2021-06-28 15:24:28,882] {scheduler_job.py:182} INFO - Started process (PID=1063) to work on /home/airflow/.local/lib/python3.6/site-packages/airflow/example_dags/tutorial_etl_dag.py
[2021-06-28 15:24:28,883] {scheduler_job.py:633} INFO - Processing file /home/airflow/.local/lib/python3.6/site-packages/airflow/example_dags/tutorial_etl_dag.py for tasks to queue
[2021-06-28 15:24:28,884] {logging_mixin.py:104} INFO - [2021-06-28 15:24:28,884] {dagbag.py:487} INFO - Filling up the DagBag from /home/airflow/.local/lib/python3.6/site-packages/airflow/example_dags/tutorial_etl_dag.py
[2021-06-28 15:24:28,901] {scheduler_job.py:643} INFO - DAG(s) dict_keys(['tutorial_etl_dag']) retrieved from /home/airflow/.local/lib/python3.6/site-packages/airflow/example_dags/tutorial_etl_dag.py
[2021-06-28 15:24:28,931] {logging_mixin.py:104} INFO - [2021-06-28 15:24:28,931] {dag.py:1832} INFO - Sync 1 DAGs
[2021-06-28 15:24:28,951] {logging_mixin.py:104} INFO - [2021-06-28 15:24:28,951] {dag.py:2305} INFO - Setting next_dagrun for tutorial_etl_dag to None
[2021-06-28 15:24:28,963] {scheduler_job.py:190} INFO - Processing /home/airflow/.local/lib/python3.6/site-packages/airflow/example_dags/tutorial_etl_dag.py took 0.090 seconds
[2021-06-28 15:24:59,191] {scheduler_job.py:182} INFO - Started process (PID=1132) to work on /home/airflow/.local/lib/python3.6/site-packages/airflow/example_dags/tutorial_etl_dag.py
[2021-06-28 15:24:59,194] {scheduler_job.py:633} INFO - Processing file /home/airflow/.local/lib/python3.6/site-packages/airflow/example_dags/tutorial_etl_dag.py for tasks to queue
[2021-06-28 15:24:59,196] {logging_mixin.py:104} INFO - [2021-06-28 15:24:59,195] {dagbag.py:487} INFO - Filling up the DagBag from /home/airflow/.local/lib/python3.6/site-packages/airflow/example_dags/tutorial_etl_dag.py
[2021-06-28 15:24:59,217] {scheduler_job.py:643} INFO - DAG(s) dict_keys(['tutorial_etl_dag']) retrieved from /home/airflow/.local/lib/python3.6/site-packages/airflow/example_dags/tutorial_etl_dag.py
[2021-06-28 15:24:59,250] {logging_mixin.py:104} INFO - [2021-06-28 15:24:59,250] {dag.py:1832} INFO - Sync 1 DAGs
[2021-06-28 15:24:59,288] {logging_mixin.py:104} INFO - [2021-06-28 15:24:59,288] {dag.py:2305} INFO - Setting next_dagrun for tutorial_etl_dag to None
[2021-06-28 15:24:59,337] {scheduler_job.py:190} INFO - Processing /home/airflow/.local/lib/python3.6/site-packages/airflow/example_dags/tutorial_etl_dag.py took 0.150 seconds
[2021-06-28 15:25:29,748] {scheduler_job.py:182} INFO - Started process (PID=1198) to work on /home/airflow/.local/lib/python3.6/site-packages/airflow/example_dags/tutorial_etl_dag.py
[2021-06-28 15:25:29,750] {scheduler_job.py:633} INFO - Processing file /home/airflow/.local/lib/python3.6/site-packages/airflow/example_dags/tutorial_etl_dag.py for tasks to queue
[2021-06-28 15:25:29,751] {logging_mixin.py:104} INFO - [2021-06-28 15:25:29,751] {dagbag.py:487} INFO - Filling up the DagBag from /home/airflow/.local/lib/python3.6/site-packages/airflow/example_dags/tutorial_etl_dag.py
[2021-06-28 15:25:29,765] {scheduler_job.py:643} INFO - DAG(s) dict_keys(['tutorial_etl_dag']) retrieved from /home/airflow/.local/lib/python3.6/site-packages/airflow/example_dags/tutorial_etl_dag.py
[2021-06-28 15:25:29,789] {logging_mixin.py:104} INFO - [2021-06-28 15:25:29,789] {dag.py:1832} INFO - Sync 1 DAGs
[2021-06-28 15:25:29,822] {logging_mixin.py:104} INFO - [2021-06-28 15:25:29,821] {dag.py:2305} INFO - Setting next_dagrun for tutorial_etl_dag to None
[2021-06-28 15:25:29,834] {scheduler_job.py:190} INFO - Processing /home/airflow/.local/lib/python3.6/site-packages/airflow/example_dags/tutorial_etl_dag.py took 0.090 seconds
[2021-06-28 15:26:00,123] {scheduler_job.py:182} INFO - Started process (PID=1257) to work on /home/airflow/.local/lib/python3.6/site-packages/airflow/example_dags/tutorial_etl_dag.py
[2021-06-28 15:26:00,129] {scheduler_job.py:633} INFO - Processing file /home/airflow/.local/lib/python3.6/site-packages/airflow/example_dags/tutorial_etl_dag.py for tasks to queue
[2021-06-28 15:26:00,132] {logging_mixin.py:104} INFO - [2021-06-28 15:26:00,132] {dagbag.py:487} INFO - Filling up the DagBag from /home/airflow/.local/lib/python3.6/site-packages/airflow/example_dags/tutorial_etl_dag.py
[2021-06-28 15:26:00,161] {scheduler_job.py:643} INFO - DAG(s) dict_keys(['tutorial_etl_dag']) retrieved from /home/airflow/.local/lib/python3.6/site-packages/airflow/example_dags/tutorial_etl_dag.py
[2021-06-28 15:26:00,223] {logging_mixin.py:104} INFO - [2021-06-28 15:26:00,223] {dag.py:1832} INFO - Sync 1 DAGs
[2021-06-28 15:26:00,270] {logging_mixin.py:104} INFO - [2021-06-28 15:26:00,270] {dag.py:2305} INFO - Setting next_dagrun for tutorial_etl_dag to None
[2021-06-28 15:26:00,291] {scheduler_job.py:190} INFO - Processing /home/airflow/.local/lib/python3.6/site-packages/airflow/example_dags/tutorial_etl_dag.py took 0.176 seconds
[2021-06-28 15:26:30,409] {scheduler_job.py:182} INFO - Started process (PID=1316) to work on /home/airflow/.local/lib/python3.6/site-packages/airflow/example_dags/tutorial_etl_dag.py
[2021-06-28 15:26:30,412] {scheduler_job.py:633} INFO - Processing file /home/airflow/.local/lib/python3.6/site-packages/airflow/example_dags/tutorial_etl_dag.py for tasks to queue
[2021-06-28 15:26:30,416] {logging_mixin.py:104} INFO - [2021-06-28 15:26:30,416] {dagbag.py:487} INFO - Filling up the DagBag from /home/airflow/.local/lib/python3.6/site-packages/airflow/example_dags/tutorial_etl_dag.py
[2021-06-28 15:26:30,437] {scheduler_job.py:643} INFO - DAG(s) dict_keys(['tutorial_etl_dag']) retrieved from /home/airflow/.local/lib/python3.6/site-packages/airflow/example_dags/tutorial_etl_dag.py
[2021-06-28 15:26:30,468] {logging_mixin.py:104} INFO - [2021-06-28 15:26:30,468] {dag.py:1832} INFO - Sync 1 DAGs
[2021-06-28 15:26:30,498] {logging_mixin.py:104} INFO - [2021-06-28 15:26:30,497] {dag.py:2305} INFO - Setting next_dagrun for tutorial_etl_dag to None
[2021-06-28 15:26:30,511] {scheduler_job.py:190} INFO - Processing /home/airflow/.local/lib/python3.6/site-packages/airflow/example_dags/tutorial_etl_dag.py took 0.105 seconds
[2021-06-28 15:27:00,662] {scheduler_job.py:182} INFO - Started process (PID=1375) to work on /home/airflow/.local/lib/python3.6/site-packages/airflow/example_dags/tutorial_etl_dag.py
[2021-06-28 15:27:00,664] {scheduler_job.py:633} INFO - Processing file /home/airflow/.local/lib/python3.6/site-packages/airflow/example_dags/tutorial_etl_dag.py for tasks to queue
[2021-06-28 15:27:00,666] {logging_mixin.py:104} INFO - [2021-06-28 15:27:00,666] {dagbag.py:487} INFO - Filling up the DagBag from /home/airflow/.local/lib/python3.6/site-packages/airflow/example_dags/tutorial_etl_dag.py
[2021-06-28 15:27:00,692] {scheduler_job.py:643} INFO - DAG(s) dict_keys(['tutorial_etl_dag']) retrieved from /home/airflow/.local/lib/python3.6/site-packages/airflow/example_dags/tutorial_etl_dag.py
[2021-06-28 15:27:00,768] {logging_mixin.py:104} INFO - [2021-06-28 15:27:00,768] {dag.py:1832} INFO - Sync 1 DAGs
[2021-06-28 15:27:00,798] {logging_mixin.py:104} INFO - [2021-06-28 15:27:00,798] {dag.py:2305} INFO - Setting next_dagrun for tutorial_etl_dag to None
[2021-06-28 15:27:00,819] {scheduler_job.py:190} INFO - Processing /home/airflow/.local/lib/python3.6/site-packages/airflow/example_dags/tutorial_etl_dag.py took 0.162 seconds
[2021-06-28 15:27:31,169] {scheduler_job.py:182} INFO - Started process (PID=1435) to work on /home/airflow/.local/lib/python3.6/site-packages/airflow/example_dags/tutorial_etl_dag.py
[2021-06-28 15:27:31,171] {scheduler_job.py:633} INFO - Processing file /home/airflow/.local/lib/python3.6/site-packages/airflow/example_dags/tutorial_etl_dag.py for tasks to queue
[2021-06-28 15:27:31,172] {logging_mixin.py:104} INFO - [2021-06-28 15:27:31,171] {dagbag.py:487} INFO - Filling up the DagBag from /home/airflow/.local/lib/python3.6/site-packages/airflow/example_dags/tutorial_etl_dag.py
[2021-06-28 15:27:31,195] {scheduler_job.py:643} INFO - DAG(s) dict_keys(['tutorial_etl_dag']) retrieved from /home/airflow/.local/lib/python3.6/site-packages/airflow/example_dags/tutorial_etl_dag.py
[2021-06-28 15:27:31,239] {logging_mixin.py:104} INFO - [2021-06-28 15:27:31,238] {dag.py:1832} INFO - Sync 1 DAGs
[2021-06-28 15:27:31,279] {logging_mixin.py:104} INFO - [2021-06-28 15:27:31,279] {dag.py:2305} INFO - Setting next_dagrun for tutorial_etl_dag to None
[2021-06-28 15:27:31,296] {scheduler_job.py:190} INFO - Processing /home/airflow/.local/lib/python3.6/site-packages/airflow/example_dags/tutorial_etl_dag.py took 0.131 seconds
[2021-06-28 15:28:01,591] {scheduler_job.py:182} INFO - Started process (PID=1511) to work on /home/airflow/.local/lib/python3.6/site-packages/airflow/example_dags/tutorial_etl_dag.py
[2021-06-28 15:28:01,594] {scheduler_job.py:633} INFO - Processing file /home/airflow/.local/lib/python3.6/site-packages/airflow/example_dags/tutorial_etl_dag.py for tasks to queue
[2021-06-28 15:28:01,596] {logging_mixin.py:104} INFO - [2021-06-28 15:28:01,596] {dagbag.py:487} INFO - Filling up the DagBag from /home/airflow/.local/lib/python3.6/site-packages/airflow/example_dags/tutorial_etl_dag.py
[2021-06-28 15:28:01,626] {scheduler_job.py:643} INFO - DAG(s) dict_keys(['tutorial_etl_dag']) retrieved from /home/airflow/.local/lib/python3.6/site-packages/airflow/example_dags/tutorial_etl_dag.py
[2021-06-28 15:28:01,680] {logging_mixin.py:104} INFO - [2021-06-28 15:28:01,676] {dag.py:1832} INFO - Sync 1 DAGs
[2021-06-28 15:28:01,717] {logging_mixin.py:104} INFO - [2021-06-28 15:28:01,717] {dag.py:2305} INFO - Setting next_dagrun for tutorial_etl_dag to None
[2021-06-28 15:28:01,742] {scheduler_job.py:190} INFO - Processing /home/airflow/.local/lib/python3.6/site-packages/airflow/example_dags/tutorial_etl_dag.py took 0.155 seconds
[2021-06-28 15:28:31,821] {scheduler_job.py:182} INFO - Started process (PID=1570) to work on /home/airflow/.local/lib/python3.6/site-packages/airflow/example_dags/tutorial_etl_dag.py
[2021-06-28 15:28:31,823] {scheduler_job.py:633} INFO - Processing file /home/airflow/.local/lib/python3.6/site-packages/airflow/example_dags/tutorial_etl_dag.py for tasks to queue
[2021-06-28 15:28:31,824] {logging_mixin.py:104} INFO - [2021-06-28 15:28:31,824] {dagbag.py:487} INFO - Filling up the DagBag from /home/airflow/.local/lib/python3.6/site-packages/airflow/example_dags/tutorial_etl_dag.py
[2021-06-28 15:28:31,893] {scheduler_job.py:643} INFO - DAG(s) dict_keys(['tutorial_etl_dag']) retrieved from /home/airflow/.local/lib/python3.6/site-packages/airflow/example_dags/tutorial_etl_dag.py
[2021-06-28 15:28:32,008] {logging_mixin.py:104} INFO - [2021-06-28 15:28:32,008] {dag.py:1832} INFO - Sync 1 DAGs
[2021-06-28 15:28:32,082] {logging_mixin.py:104} INFO - [2021-06-28 15:28:32,082] {dag.py:2305} INFO - Setting next_dagrun for tutorial_etl_dag to None
[2021-06-28 15:28:32,217] {scheduler_job.py:190} INFO - Processing /home/airflow/.local/lib/python3.6/site-packages/airflow/example_dags/tutorial_etl_dag.py took 0.443 seconds
[2021-06-28 15:29:02,672] {scheduler_job.py:182} INFO - Started process (PID=1630) to work on /home/airflow/.local/lib/python3.6/site-packages/airflow/example_dags/tutorial_etl_dag.py
[2021-06-28 15:29:02,674] {scheduler_job.py:633} INFO - Processing file /home/airflow/.local/lib/python3.6/site-packages/airflow/example_dags/tutorial_etl_dag.py for tasks to queue
[2021-06-28 15:29:02,675] {logging_mixin.py:104} INFO - [2021-06-28 15:29:02,675] {dagbag.py:487} INFO - Filling up the DagBag from /home/airflow/.local/lib/python3.6/site-packages/airflow/example_dags/tutorial_etl_dag.py
[2021-06-28 15:29:02,700] {scheduler_job.py:643} INFO - DAG(s) dict_keys(['tutorial_etl_dag']) retrieved from /home/airflow/.local/lib/python3.6/site-packages/airflow/example_dags/tutorial_etl_dag.py
[2021-06-28 15:29:02,735] {logging_mixin.py:104} INFO - [2021-06-28 15:29:02,735] {dag.py:1832} INFO - Sync 1 DAGs
[2021-06-28 15:29:02,764] {logging_mixin.py:104} INFO - [2021-06-28 15:29:02,764] {dag.py:2305} INFO - Setting next_dagrun for tutorial_etl_dag to None
[2021-06-28 15:29:02,778] {scheduler_job.py:190} INFO - Processing /home/airflow/.local/lib/python3.6/site-packages/airflow/example_dags/tutorial_etl_dag.py took 0.119 seconds
[2021-06-28 15:29:33,040] {scheduler_job.py:182} INFO - Started process (PID=1690) to work on /home/airflow/.local/lib/python3.6/site-packages/airflow/example_dags/tutorial_etl_dag.py
[2021-06-28 15:29:33,046] {scheduler_job.py:633} INFO - Processing file /home/airflow/.local/lib/python3.6/site-packages/airflow/example_dags/tutorial_etl_dag.py for tasks to queue
[2021-06-28 15:29:33,047] {logging_mixin.py:104} INFO - [2021-06-28 15:29:33,047] {dagbag.py:487} INFO - Filling up the DagBag from /home/airflow/.local/lib/python3.6/site-packages/airflow/example_dags/tutorial_etl_dag.py
[2021-06-28 15:29:33,064] {scheduler_job.py:643} INFO - DAG(s) dict_keys(['tutorial_etl_dag']) retrieved from /home/airflow/.local/lib/python3.6/site-packages/airflow/example_dags/tutorial_etl_dag.py
[2021-06-28 15:29:33,100] {logging_mixin.py:104} INFO - [2021-06-28 15:29:33,100] {dag.py:1832} INFO - Sync 1 DAGs
[2021-06-28 15:29:33,127] {logging_mixin.py:104} INFO - [2021-06-28 15:29:33,127] {dag.py:2305} INFO - Setting next_dagrun for tutorial_etl_dag to None
[2021-06-28 15:29:33,150] {scheduler_job.py:190} INFO - Processing /home/airflow/.local/lib/python3.6/site-packages/airflow/example_dags/tutorial_etl_dag.py took 0.115 seconds
[2021-06-28 15:30:03,389] {scheduler_job.py:182} INFO - Started process (PID=1749) to work on /home/airflow/.local/lib/python3.6/site-packages/airflow/example_dags/tutorial_etl_dag.py
[2021-06-28 15:30:03,391] {scheduler_job.py:633} INFO - Processing file /home/airflow/.local/lib/python3.6/site-packages/airflow/example_dags/tutorial_etl_dag.py for tasks to queue
[2021-06-28 15:30:03,393] {logging_mixin.py:104} INFO - [2021-06-28 15:30:03,393] {dagbag.py:487} INFO - Filling up the DagBag from /home/airflow/.local/lib/python3.6/site-packages/airflow/example_dags/tutorial_etl_dag.py
[2021-06-28 15:30:03,439] {scheduler_job.py:643} INFO - DAG(s) dict_keys(['tutorial_etl_dag']) retrieved from /home/airflow/.local/lib/python3.6/site-packages/airflow/example_dags/tutorial_etl_dag.py
[2021-06-28 15:30:03,497] {logging_mixin.py:104} INFO - [2021-06-28 15:30:03,497] {dag.py:1832} INFO - Sync 1 DAGs
[2021-06-28 15:30:03,544] {logging_mixin.py:104} INFO - [2021-06-28 15:30:03,544] {dag.py:2305} INFO - Setting next_dagrun for tutorial_etl_dag to None
[2021-06-28 15:30:03,614] {scheduler_job.py:190} INFO - Processing /home/airflow/.local/lib/python3.6/site-packages/airflow/example_dags/tutorial_etl_dag.py took 0.231 seconds
[2021-06-28 15:30:34,132] {scheduler_job.py:182} INFO - Started process (PID=1819) to work on /home/airflow/.local/lib/python3.6/site-packages/airflow/example_dags/tutorial_etl_dag.py
[2021-06-28 15:30:34,137] {scheduler_job.py:633} INFO - Processing file /home/airflow/.local/lib/python3.6/site-packages/airflow/example_dags/tutorial_etl_dag.py for tasks to queue
[2021-06-28 15:30:34,139] {logging_mixin.py:104} INFO - [2021-06-28 15:30:34,139] {dagbag.py:487} INFO - Filling up the DagBag from /home/airflow/.local/lib/python3.6/site-packages/airflow/example_dags/tutorial_etl_dag.py
[2021-06-28 15:30:34,156] {scheduler_job.py:643} INFO - DAG(s) dict_keys(['tutorial_etl_dag']) retrieved from /home/airflow/.local/lib/python3.6/site-packages/airflow/example_dags/tutorial_etl_dag.py
[2021-06-28 15:30:34,212] {logging_mixin.py:104} INFO - [2021-06-28 15:30:34,212] {dag.py:1832} INFO - Sync 1 DAGs
[2021-06-28 15:30:34,263] {logging_mixin.py:104} INFO - [2021-06-28 15:30:34,263] {dag.py:2305} INFO - Setting next_dagrun for tutorial_etl_dag to None
[2021-06-28 15:30:34,306] {scheduler_job.py:190} INFO - Processing /home/airflow/.local/lib/python3.6/site-packages/airflow/example_dags/tutorial_etl_dag.py took 0.179 seconds
[2021-06-28 15:31:04,531] {scheduler_job.py:182} INFO - Started process (PID=1870) to work on /home/airflow/.local/lib/python3.6/site-packages/airflow/example_dags/tutorial_etl_dag.py
[2021-06-28 15:31:04,534] {scheduler_job.py:633} INFO - Processing file /home/airflow/.local/lib/python3.6/site-packages/airflow/example_dags/tutorial_etl_dag.py for tasks to queue
[2021-06-28 15:31:04,535] {logging_mixin.py:104} INFO - [2021-06-28 15:31:04,535] {dagbag.py:487} INFO - Filling up the DagBag from /home/airflow/.local/lib/python3.6/site-packages/airflow/example_dags/tutorial_etl_dag.py
[2021-06-28 15:31:04,560] {scheduler_job.py:643} INFO - DAG(s) dict_keys(['tutorial_etl_dag']) retrieved from /home/airflow/.local/lib/python3.6/site-packages/airflow/example_dags/tutorial_etl_dag.py
[2021-06-28 15:31:04,600] {logging_mixin.py:104} INFO - [2021-06-28 15:31:04,600] {dag.py:1832} INFO - Sync 1 DAGs
[2021-06-28 15:31:04,626] {logging_mixin.py:104} INFO - [2021-06-28 15:31:04,626] {dag.py:2305} INFO - Setting next_dagrun for tutorial_etl_dag to None
[2021-06-28 15:31:04,654] {scheduler_job.py:190} INFO - Processing /home/airflow/.local/lib/python3.6/site-packages/airflow/example_dags/tutorial_etl_dag.py took 0.129 seconds
[2021-06-28 15:31:35,189] {scheduler_job.py:182} INFO - Started process (PID=1939) to work on /home/airflow/.local/lib/python3.6/site-packages/airflow/example_dags/tutorial_etl_dag.py
[2021-06-28 15:31:35,192] {scheduler_job.py:633} INFO - Processing file /home/airflow/.local/lib/python3.6/site-packages/airflow/example_dags/tutorial_etl_dag.py for tasks to queue
[2021-06-28 15:31:35,196] {logging_mixin.py:104} INFO - [2021-06-28 15:31:35,195] {dagbag.py:487} INFO - Filling up the DagBag from /home/airflow/.local/lib/python3.6/site-packages/airflow/example_dags/tutorial_etl_dag.py
[2021-06-28 15:31:35,242] {scheduler_job.py:643} INFO - DAG(s) dict_keys(['tutorial_etl_dag']) retrieved from /home/airflow/.local/lib/python3.6/site-packages/airflow/example_dags/tutorial_etl_dag.py
[2021-06-28 15:31:35,335] {logging_mixin.py:104} INFO - [2021-06-28 15:31:35,335] {dag.py:1832} INFO - Sync 1 DAGs
[2021-06-28 15:31:35,398] {logging_mixin.py:104} INFO - [2021-06-28 15:31:35,398] {dag.py:2305} INFO - Setting next_dagrun for tutorial_etl_dag to None
[2021-06-28 15:31:35,425] {scheduler_job.py:190} INFO - Processing /home/airflow/.local/lib/python3.6/site-packages/airflow/example_dags/tutorial_etl_dag.py took 0.241 seconds
[2021-06-28 15:33:53,268] {scheduler_job.py:182} INFO - Started process (PID=48) to work on /home/airflow/.local/lib/python3.6/site-packages/airflow/example_dags/tutorial_etl_dag.py
[2021-06-28 15:33:53,294] {scheduler_job.py:633} INFO - Processing file /home/airflow/.local/lib/python3.6/site-packages/airflow/example_dags/tutorial_etl_dag.py for tasks to queue
[2021-06-28 15:33:53,295] {logging_mixin.py:104} INFO - [2021-06-28 15:33:53,294] {dagbag.py:487} INFO - Filling up the DagBag from /home/airflow/.local/lib/python3.6/site-packages/airflow/example_dags/tutorial_etl_dag.py
[2021-06-28 15:33:53,377] {scheduler_job.py:643} INFO - DAG(s) dict_keys(['tutorial_etl_dag']) retrieved from /home/airflow/.local/lib/python3.6/site-packages/airflow/example_dags/tutorial_etl_dag.py
[2021-06-28 15:33:53,495] {logging_mixin.py:104} INFO - [2021-06-28 15:33:53,495] {dag.py:1832} INFO - Sync 1 DAGs
[2021-06-28 15:33:53,573] {logging_mixin.py:104} INFO - [2021-06-28 15:33:53,573] {dag.py:2305} INFO - Setting next_dagrun for tutorial_etl_dag to None
[2021-06-28 15:33:53,615] {scheduler_job.py:190} INFO - Processing /home/airflow/.local/lib/python3.6/site-packages/airflow/example_dags/tutorial_etl_dag.py took 0.362 seconds
[2021-06-28 15:34:25,345] {scheduler_job.py:182} INFO - Started process (PID=105) to work on /home/airflow/.local/lib/python3.6/site-packages/airflow/example_dags/tutorial_etl_dag.py
[2021-06-28 15:34:25,371] {scheduler_job.py:633} INFO - Processing file /home/airflow/.local/lib/python3.6/site-packages/airflow/example_dags/tutorial_etl_dag.py for tasks to queue
[2021-06-28 15:34:25,387] {logging_mixin.py:104} INFO - [2021-06-28 15:34:25,386] {dagbag.py:487} INFO - Filling up the DagBag from /home/airflow/.local/lib/python3.6/site-packages/airflow/example_dags/tutorial_etl_dag.py
[2021-06-28 15:34:25,536] {scheduler_job.py:643} INFO - DAG(s) dict_keys(['tutorial_etl_dag']) retrieved from /home/airflow/.local/lib/python3.6/site-packages/airflow/example_dags/tutorial_etl_dag.py
[2021-06-28 15:34:25,677] {logging_mixin.py:104} INFO - [2021-06-28 15:34:25,677] {dag.py:1832} INFO - Sync 1 DAGs
[2021-06-28 15:34:25,830] {logging_mixin.py:104} INFO - [2021-06-28 15:34:25,830] {dag.py:2305} INFO - Setting next_dagrun for tutorial_etl_dag to None
[2021-06-28 15:34:25,957] {scheduler_job.py:190} INFO - Processing /home/airflow/.local/lib/python3.6/site-packages/airflow/example_dags/tutorial_etl_dag.py took 0.629 seconds
[2021-06-28 15:34:56,071] {scheduler_job.py:182} INFO - Started process (PID=155) to work on /home/airflow/.local/lib/python3.6/site-packages/airflow/example_dags/tutorial_etl_dag.py
[2021-06-28 15:34:56,073] {scheduler_job.py:633} INFO - Processing file /home/airflow/.local/lib/python3.6/site-packages/airflow/example_dags/tutorial_etl_dag.py for tasks to queue
[2021-06-28 15:34:56,074] {logging_mixin.py:104} INFO - [2021-06-28 15:34:56,074] {dagbag.py:487} INFO - Filling up the DagBag from /home/airflow/.local/lib/python3.6/site-packages/airflow/example_dags/tutorial_etl_dag.py
[2021-06-28 15:34:56,099] {scheduler_job.py:643} INFO - DAG(s) dict_keys(['tutorial_etl_dag']) retrieved from /home/airflow/.local/lib/python3.6/site-packages/airflow/example_dags/tutorial_etl_dag.py
[2021-06-28 15:34:56,146] {logging_mixin.py:104} INFO - [2021-06-28 15:34:56,146] {dag.py:1832} INFO - Sync 1 DAGs
[2021-06-28 15:34:56,173] {logging_mixin.py:104} INFO - [2021-06-28 15:34:56,173] {dag.py:2305} INFO - Setting next_dagrun for tutorial_etl_dag to None
[2021-06-28 15:34:56,201] {scheduler_job.py:190} INFO - Processing /home/airflow/.local/lib/python3.6/site-packages/airflow/example_dags/tutorial_etl_dag.py took 0.138 seconds
[2021-06-28 15:35:26,337] {scheduler_job.py:182} INFO - Started process (PID=214) to work on /home/airflow/.local/lib/python3.6/site-packages/airflow/example_dags/tutorial_etl_dag.py
[2021-06-28 15:35:26,339] {scheduler_job.py:633} INFO - Processing file /home/airflow/.local/lib/python3.6/site-packages/airflow/example_dags/tutorial_etl_dag.py for tasks to queue
[2021-06-28 15:35:26,341] {logging_mixin.py:104} INFO - [2021-06-28 15:35:26,340] {dagbag.py:487} INFO - Filling up the DagBag from /home/airflow/.local/lib/python3.6/site-packages/airflow/example_dags/tutorial_etl_dag.py
[2021-06-28 15:35:26,404] {scheduler_job.py:643} INFO - DAG(s) dict_keys(['tutorial_etl_dag']) retrieved from /home/airflow/.local/lib/python3.6/site-packages/airflow/example_dags/tutorial_etl_dag.py
[2021-06-28 15:35:26,475] {logging_mixin.py:104} INFO - [2021-06-28 15:35:26,474] {dag.py:1832} INFO - Sync 1 DAGs
[2021-06-28 15:35:26,537] {logging_mixin.py:104} INFO - [2021-06-28 15:35:26,537] {dag.py:2305} INFO - Setting next_dagrun for tutorial_etl_dag to None
[2021-06-28 15:35:26,635] {scheduler_job.py:190} INFO - Processing /home/airflow/.local/lib/python3.6/site-packages/airflow/example_dags/tutorial_etl_dag.py took 0.312 seconds
[2021-06-28 15:35:57,159] {scheduler_job.py:182} INFO - Started process (PID=278) to work on /home/airflow/.local/lib/python3.6/site-packages/airflow/example_dags/tutorial_etl_dag.py
[2021-06-28 15:35:57,162] {scheduler_job.py:633} INFO - Processing file /home/airflow/.local/lib/python3.6/site-packages/airflow/example_dags/tutorial_etl_dag.py for tasks to queue
[2021-06-28 15:35:57,167] {logging_mixin.py:104} INFO - [2021-06-28 15:35:57,167] {dagbag.py:487} INFO - Filling up the DagBag from /home/airflow/.local/lib/python3.6/site-packages/airflow/example_dags/tutorial_etl_dag.py
[2021-06-28 15:35:57,210] {scheduler_job.py:643} INFO - DAG(s) dict_keys(['tutorial_etl_dag']) retrieved from /home/airflow/.local/lib/python3.6/site-packages/airflow/example_dags/tutorial_etl_dag.py
[2021-06-28 15:35:57,291] {logging_mixin.py:104} INFO - [2021-06-28 15:35:57,291] {dag.py:1832} INFO - Sync 1 DAGs
[2021-06-28 15:35:57,334] {logging_mixin.py:104} INFO - [2021-06-28 15:35:57,333] {dag.py:2305} INFO - Setting next_dagrun for tutorial_etl_dag to None
[2021-06-28 15:35:57,359] {scheduler_job.py:190} INFO - Processing /home/airflow/.local/lib/python3.6/site-packages/airflow/example_dags/tutorial_etl_dag.py took 0.207 seconds
[2021-06-28 15:36:27,783] {scheduler_job.py:182} INFO - Started process (PID=338) to work on /home/airflow/.local/lib/python3.6/site-packages/airflow/example_dags/tutorial_etl_dag.py
[2021-06-28 15:36:27,784] {scheduler_job.py:633} INFO - Processing file /home/airflow/.local/lib/python3.6/site-packages/airflow/example_dags/tutorial_etl_dag.py for tasks to queue
[2021-06-28 15:36:27,794] {logging_mixin.py:104} INFO - [2021-06-28 15:36:27,794] {dagbag.py:487} INFO - Filling up the DagBag from /home/airflow/.local/lib/python3.6/site-packages/airflow/example_dags/tutorial_etl_dag.py
[2021-06-28 15:36:27,827] {scheduler_job.py:643} INFO - DAG(s) dict_keys(['tutorial_etl_dag']) retrieved from /home/airflow/.local/lib/python3.6/site-packages/airflow/example_dags/tutorial_etl_dag.py
[2021-06-28 15:36:27,889] {logging_mixin.py:104} INFO - [2021-06-28 15:36:27,889] {dag.py:1832} INFO - Sync 1 DAGs
[2021-06-28 15:36:27,923] {logging_mixin.py:104} INFO - [2021-06-28 15:36:27,923] {dag.py:2305} INFO - Setting next_dagrun for tutorial_etl_dag to None
[2021-06-28 15:36:27,950] {scheduler_job.py:190} INFO - Processing /home/airflow/.local/lib/python3.6/site-packages/airflow/example_dags/tutorial_etl_dag.py took 0.172 seconds
[2021-06-28 15:36:58,090] {scheduler_job.py:182} INFO - Started process (PID=398) to work on /home/airflow/.local/lib/python3.6/site-packages/airflow/example_dags/tutorial_etl_dag.py
[2021-06-28 15:36:58,093] {scheduler_job.py:633} INFO - Processing file /home/airflow/.local/lib/python3.6/site-packages/airflow/example_dags/tutorial_etl_dag.py for tasks to queue
[2021-06-28 15:36:58,094] {logging_mixin.py:104} INFO - [2021-06-28 15:36:58,094] {dagbag.py:487} INFO - Filling up the DagBag from /home/airflow/.local/lib/python3.6/site-packages/airflow/example_dags/tutorial_etl_dag.py
[2021-06-28 15:36:58,129] {scheduler_job.py:643} INFO - DAG(s) dict_keys(['tutorial_etl_dag']) retrieved from /home/airflow/.local/lib/python3.6/site-packages/airflow/example_dags/tutorial_etl_dag.py
[2021-06-28 15:36:58,162] {logging_mixin.py:104} INFO - [2021-06-28 15:36:58,161] {dag.py:1832} INFO - Sync 1 DAGs
[2021-06-28 15:36:58,188] {logging_mixin.py:104} INFO - [2021-06-28 15:36:58,188] {dag.py:2305} INFO - Setting next_dagrun for tutorial_etl_dag to None
[2021-06-28 15:36:58,207] {scheduler_job.py:190} INFO - Processing /home/airflow/.local/lib/python3.6/site-packages/airflow/example_dags/tutorial_etl_dag.py took 0.126 seconds
[2021-06-28 15:37:28,332] {scheduler_job.py:182} INFO - Started process (PID=457) to work on /home/airflow/.local/lib/python3.6/site-packages/airflow/example_dags/tutorial_etl_dag.py
[2021-06-28 15:37:28,334] {scheduler_job.py:633} INFO - Processing file /home/airflow/.local/lib/python3.6/site-packages/airflow/example_dags/tutorial_etl_dag.py for tasks to queue
[2021-06-28 15:37:28,335] {logging_mixin.py:104} INFO - [2021-06-28 15:37:28,335] {dagbag.py:487} INFO - Filling up the DagBag from /home/airflow/.local/lib/python3.6/site-packages/airflow/example_dags/tutorial_etl_dag.py
[2021-06-28 15:37:28,358] {scheduler_job.py:643} INFO - DAG(s) dict_keys(['tutorial_etl_dag']) retrieved from /home/airflow/.local/lib/python3.6/site-packages/airflow/example_dags/tutorial_etl_dag.py
[2021-06-28 15:37:28,406] {logging_mixin.py:104} INFO - [2021-06-28 15:37:28,406] {dag.py:1832} INFO - Sync 1 DAGs
[2021-06-28 15:37:28,438] {logging_mixin.py:104} INFO - [2021-06-28 15:37:28,437] {dag.py:2305} INFO - Setting next_dagrun for tutorial_etl_dag to None
[2021-06-28 15:37:28,485] {scheduler_job.py:190} INFO - Processing /home/airflow/.local/lib/python3.6/site-packages/airflow/example_dags/tutorial_etl_dag.py took 0.159 seconds
[2021-06-28 15:37:58,724] {scheduler_job.py:182} INFO - Started process (PID=530) to work on /home/airflow/.local/lib/python3.6/site-packages/airflow/example_dags/tutorial_etl_dag.py
[2021-06-28 15:37:58,726] {scheduler_job.py:633} INFO - Processing file /home/airflow/.local/lib/python3.6/site-packages/airflow/example_dags/tutorial_etl_dag.py for tasks to queue
[2021-06-28 15:37:58,727] {logging_mixin.py:104} INFO - [2021-06-28 15:37:58,726] {dagbag.py:487} INFO - Filling up the DagBag from /home/airflow/.local/lib/python3.6/site-packages/airflow/example_dags/tutorial_etl_dag.py
[2021-06-28 15:37:58,744] {scheduler_job.py:643} INFO - DAG(s) dict_keys(['tutorial_etl_dag']) retrieved from /home/airflow/.local/lib/python3.6/site-packages/airflow/example_dags/tutorial_etl_dag.py
[2021-06-28 15:37:58,790] {logging_mixin.py:104} INFO - [2021-06-28 15:37:58,790] {dag.py:1832} INFO - Sync 1 DAGs
[2021-06-28 15:37:58,814] {logging_mixin.py:104} INFO - [2021-06-28 15:37:58,814] {dag.py:2305} INFO - Setting next_dagrun for tutorial_etl_dag to None
[2021-06-28 15:37:58,849] {scheduler_job.py:190} INFO - Processing /home/airflow/.local/lib/python3.6/site-packages/airflow/example_dags/tutorial_etl_dag.py took 0.133 seconds
[2021-06-28 15:38:29,403] {scheduler_job.py:182} INFO - Started process (PID=604) to work on /home/airflow/.local/lib/python3.6/site-packages/airflow/example_dags/tutorial_etl_dag.py
[2021-06-28 15:38:29,405] {scheduler_job.py:633} INFO - Processing file /home/airflow/.local/lib/python3.6/site-packages/airflow/example_dags/tutorial_etl_dag.py for tasks to queue
[2021-06-28 15:38:29,406] {logging_mixin.py:104} INFO - [2021-06-28 15:38:29,406] {dagbag.py:487} INFO - Filling up the DagBag from /home/airflow/.local/lib/python3.6/site-packages/airflow/example_dags/tutorial_etl_dag.py
[2021-06-28 15:38:29,482] {scheduler_job.py:643} INFO - DAG(s) dict_keys(['tutorial_etl_dag']) retrieved from /home/airflow/.local/lib/python3.6/site-packages/airflow/example_dags/tutorial_etl_dag.py
[2021-06-28 15:38:29,585] {logging_mixin.py:104} INFO - [2021-06-28 15:38:29,584] {dag.py:1832} INFO - Sync 1 DAGs
[2021-06-28 15:38:29,737] {logging_mixin.py:104} INFO - [2021-06-28 15:38:29,737] {dag.py:2305} INFO - Setting next_dagrun for tutorial_etl_dag to None
[2021-06-28 15:38:29,820] {scheduler_job.py:190} INFO - Processing /home/airflow/.local/lib/python3.6/site-packages/airflow/example_dags/tutorial_etl_dag.py took 0.430 seconds
[2021-06-28 15:39:00,392] {scheduler_job.py:182} INFO - Started process (PID=673) to work on /home/airflow/.local/lib/python3.6/site-packages/airflow/example_dags/tutorial_etl_dag.py
[2021-06-28 15:39:00,394] {scheduler_job.py:633} INFO - Processing file /home/airflow/.local/lib/python3.6/site-packages/airflow/example_dags/tutorial_etl_dag.py for tasks to queue
[2021-06-28 15:39:00,395] {logging_mixin.py:104} INFO - [2021-06-28 15:39:00,394] {dagbag.py:487} INFO - Filling up the DagBag from /home/airflow/.local/lib/python3.6/site-packages/airflow/example_dags/tutorial_etl_dag.py
[2021-06-28 15:39:00,462] {scheduler_job.py:643} INFO - DAG(s) dict_keys(['tutorial_etl_dag']) retrieved from /home/airflow/.local/lib/python3.6/site-packages/airflow/example_dags/tutorial_etl_dag.py
[2021-06-28 15:39:00,610] {logging_mixin.py:104} INFO - [2021-06-28 15:39:00,610] {dag.py:1832} INFO - Sync 1 DAGs
[2021-06-28 15:39:00,648] {logging_mixin.py:104} INFO - [2021-06-28 15:39:00,648] {dag.py:2305} INFO - Setting next_dagrun for tutorial_etl_dag to None
[2021-06-28 15:39:00,717] {scheduler_job.py:190} INFO - Processing /home/airflow/.local/lib/python3.6/site-packages/airflow/example_dags/tutorial_etl_dag.py took 0.348 seconds
[2021-06-28 15:39:31,039] {scheduler_job.py:182} INFO - Started process (PID=736) to work on /home/airflow/.local/lib/python3.6/site-packages/airflow/example_dags/tutorial_etl_dag.py
[2021-06-28 15:39:31,048] {scheduler_job.py:633} INFO - Processing file /home/airflow/.local/lib/python3.6/site-packages/airflow/example_dags/tutorial_etl_dag.py for tasks to queue
[2021-06-28 15:39:31,052] {logging_mixin.py:104} INFO - [2021-06-28 15:39:31,052] {dagbag.py:487} INFO - Filling up the DagBag from /home/airflow/.local/lib/python3.6/site-packages/airflow/example_dags/tutorial_etl_dag.py
[2021-06-28 15:39:31,093] {scheduler_job.py:643} INFO - DAG(s) dict_keys(['tutorial_etl_dag']) retrieved from /home/airflow/.local/lib/python3.6/site-packages/airflow/example_dags/tutorial_etl_dag.py
[2021-06-28 15:39:31,166] {logging_mixin.py:104} INFO - [2021-06-28 15:39:31,166] {dag.py:1832} INFO - Sync 1 DAGs
[2021-06-28 15:39:31,203] {logging_mixin.py:104} INFO - [2021-06-28 15:39:31,203] {dag.py:2305} INFO - Setting next_dagrun for tutorial_etl_dag to None
[2021-06-28 15:39:31,237] {scheduler_job.py:190} INFO - Processing /home/airflow/.local/lib/python3.6/site-packages/airflow/example_dags/tutorial_etl_dag.py took 0.210 seconds
[2021-06-28 15:40:01,862] {scheduler_job.py:182} INFO - Started process (PID=799) to work on /home/airflow/.local/lib/python3.6/site-packages/airflow/example_dags/tutorial_etl_dag.py
[2021-06-28 15:40:01,864] {scheduler_job.py:633} INFO - Processing file /home/airflow/.local/lib/python3.6/site-packages/airflow/example_dags/tutorial_etl_dag.py for tasks to queue
[2021-06-28 15:40:01,865] {logging_mixin.py:104} INFO - [2021-06-28 15:40:01,865] {dagbag.py:487} INFO - Filling up the DagBag from /home/airflow/.local/lib/python3.6/site-packages/airflow/example_dags/tutorial_etl_dag.py
[2021-06-28 15:40:01,900] {scheduler_job.py:643} INFO - DAG(s) dict_keys(['tutorial_etl_dag']) retrieved from /home/airflow/.local/lib/python3.6/site-packages/airflow/example_dags/tutorial_etl_dag.py
[2021-06-28 15:40:01,960] {logging_mixin.py:104} INFO - [2021-06-28 15:40:01,960] {dag.py:1832} INFO - Sync 1 DAGs
[2021-06-28 15:40:02,016] {logging_mixin.py:104} INFO - [2021-06-28 15:40:02,016] {dag.py:2305} INFO - Setting next_dagrun for tutorial_etl_dag to None
[2021-06-28 15:40:02,038] {scheduler_job.py:190} INFO - Processing /home/airflow/.local/lib/python3.6/site-packages/airflow/example_dags/tutorial_etl_dag.py took 0.203 seconds
[2021-06-28 15:40:32,490] {scheduler_job.py:182} INFO - Started process (PID=873) to work on /home/airflow/.local/lib/python3.6/site-packages/airflow/example_dags/tutorial_etl_dag.py
[2021-06-28 15:40:32,500] {scheduler_job.py:633} INFO - Processing file /home/airflow/.local/lib/python3.6/site-packages/airflow/example_dags/tutorial_etl_dag.py for tasks to queue
[2021-06-28 15:40:32,501] {logging_mixin.py:104} INFO - [2021-06-28 15:40:32,500] {dagbag.py:487} INFO - Filling up the DagBag from /home/airflow/.local/lib/python3.6/site-packages/airflow/example_dags/tutorial_etl_dag.py
[2021-06-28 15:40:32,555] {scheduler_job.py:643} INFO - DAG(s) dict_keys(['tutorial_etl_dag']) retrieved from /home/airflow/.local/lib/python3.6/site-packages/airflow/example_dags/tutorial_etl_dag.py
[2021-06-28 15:40:32,607] {logging_mixin.py:104} INFO - [2021-06-28 15:40:32,606] {dag.py:1832} INFO - Sync 1 DAGs
[2021-06-28 15:40:32,638] {logging_mixin.py:104} INFO - [2021-06-28 15:40:32,637] {dag.py:2305} INFO - Setting next_dagrun for tutorial_etl_dag to None
[2021-06-28 15:40:32,711] {scheduler_job.py:190} INFO - Processing /home/airflow/.local/lib/python3.6/site-packages/airflow/example_dags/tutorial_etl_dag.py took 0.230 seconds
[2021-06-28 15:41:03,221] {scheduler_job.py:182} INFO - Started process (PID=935) to work on /home/airflow/.local/lib/python3.6/site-packages/airflow/example_dags/tutorial_etl_dag.py
[2021-06-28 15:41:03,243] {scheduler_job.py:633} INFO - Processing file /home/airflow/.local/lib/python3.6/site-packages/airflow/example_dags/tutorial_etl_dag.py for tasks to queue
[2021-06-28 15:41:03,244] {logging_mixin.py:104} INFO - [2021-06-28 15:41:03,243] {dagbag.py:487} INFO - Filling up the DagBag from /home/airflow/.local/lib/python3.6/site-packages/airflow/example_dags/tutorial_etl_dag.py
[2021-06-28 15:41:03,275] {scheduler_job.py:643} INFO - DAG(s) dict_keys(['tutorial_etl_dag']) retrieved from /home/airflow/.local/lib/python3.6/site-packages/airflow/example_dags/tutorial_etl_dag.py
[2021-06-28 15:41:03,324] {logging_mixin.py:104} INFO - [2021-06-28 15:41:03,324] {dag.py:1832} INFO - Sync 1 DAGs
[2021-06-28 15:41:03,354] {logging_mixin.py:104} INFO - [2021-06-28 15:41:03,354] {dag.py:2305} INFO - Setting next_dagrun for tutorial_etl_dag to None
[2021-06-28 15:41:03,374] {scheduler_job.py:190} INFO - Processing /home/airflow/.local/lib/python3.6/site-packages/airflow/example_dags/tutorial_etl_dag.py took 0.157 seconds
[2021-06-28 15:41:33,556] {scheduler_job.py:182} INFO - Started process (PID=996) to work on /home/airflow/.local/lib/python3.6/site-packages/airflow/example_dags/tutorial_etl_dag.py
[2021-06-28 15:41:33,560] {scheduler_job.py:633} INFO - Processing file /home/airflow/.local/lib/python3.6/site-packages/airflow/example_dags/tutorial_etl_dag.py for tasks to queue
[2021-06-28 15:41:33,561] {logging_mixin.py:104} INFO - [2021-06-28 15:41:33,561] {dagbag.py:487} INFO - Filling up the DagBag from /home/airflow/.local/lib/python3.6/site-packages/airflow/example_dags/tutorial_etl_dag.py
[2021-06-28 15:41:33,603] {scheduler_job.py:643} INFO - DAG(s) dict_keys(['tutorial_etl_dag']) retrieved from /home/airflow/.local/lib/python3.6/site-packages/airflow/example_dags/tutorial_etl_dag.py
[2021-06-28 15:41:33,695] {logging_mixin.py:104} INFO - [2021-06-28 15:41:33,693] {dag.py:1832} INFO - Sync 1 DAGs
[2021-06-28 15:41:33,766] {logging_mixin.py:104} INFO - [2021-06-28 15:41:33,766] {dag.py:2305} INFO - Setting next_dagrun for tutorial_etl_dag to None
[2021-06-28 15:41:33,789] {scheduler_job.py:190} INFO - Processing /home/airflow/.local/lib/python3.6/site-packages/airflow/example_dags/tutorial_etl_dag.py took 0.238 seconds
[2021-06-28 15:42:03,941] {scheduler_job.py:182} INFO - Started process (PID=1056) to work on /home/airflow/.local/lib/python3.6/site-packages/airflow/example_dags/tutorial_etl_dag.py
[2021-06-28 15:42:03,946] {scheduler_job.py:633} INFO - Processing file /home/airflow/.local/lib/python3.6/site-packages/airflow/example_dags/tutorial_etl_dag.py for tasks to queue
[2021-06-28 15:42:03,947] {logging_mixin.py:104} INFO - [2021-06-28 15:42:03,947] {dagbag.py:487} INFO - Filling up the DagBag from /home/airflow/.local/lib/python3.6/site-packages/airflow/example_dags/tutorial_etl_dag.py
[2021-06-28 15:42:03,974] {scheduler_job.py:643} INFO - DAG(s) dict_keys(['tutorial_etl_dag']) retrieved from /home/airflow/.local/lib/python3.6/site-packages/airflow/example_dags/tutorial_etl_dag.py
[2021-06-28 15:42:04,011] {logging_mixin.py:104} INFO - [2021-06-28 15:42:04,011] {dag.py:1832} INFO - Sync 1 DAGs
[2021-06-28 15:42:04,044] {logging_mixin.py:104} INFO - [2021-06-28 15:42:04,044] {dag.py:2305} INFO - Setting next_dagrun for tutorial_etl_dag to None
[2021-06-28 15:42:04,066] {scheduler_job.py:190} INFO - Processing /home/airflow/.local/lib/python3.6/site-packages/airflow/example_dags/tutorial_etl_dag.py took 0.129 seconds
[2021-06-28 15:42:34,328] {scheduler_job.py:182} INFO - Started process (PID=1126) to work on /home/airflow/.local/lib/python3.6/site-packages/airflow/example_dags/tutorial_etl_dag.py
[2021-06-28 15:42:34,329] {scheduler_job.py:633} INFO - Processing file /home/airflow/.local/lib/python3.6/site-packages/airflow/example_dags/tutorial_etl_dag.py for tasks to queue
[2021-06-28 15:42:34,330] {logging_mixin.py:104} INFO - [2021-06-28 15:42:34,330] {dagbag.py:487} INFO - Filling up the DagBag from /home/airflow/.local/lib/python3.6/site-packages/airflow/example_dags/tutorial_etl_dag.py
[2021-06-28 15:42:34,382] {scheduler_job.py:643} INFO - DAG(s) dict_keys(['tutorial_etl_dag']) retrieved from /home/airflow/.local/lib/python3.6/site-packages/airflow/example_dags/tutorial_etl_dag.py
[2021-06-28 15:42:34,482] {logging_mixin.py:104} INFO - [2021-06-28 15:42:34,481] {dag.py:1832} INFO - Sync 1 DAGs
[2021-06-28 15:42:34,512] {logging_mixin.py:104} INFO - [2021-06-28 15:42:34,512] {dag.py:2305} INFO - Setting next_dagrun for tutorial_etl_dag to None
[2021-06-28 15:42:34,529] {scheduler_job.py:190} INFO - Processing /home/airflow/.local/lib/python3.6/site-packages/airflow/example_dags/tutorial_etl_dag.py took 0.207 seconds
[2021-06-28 15:43:04,669] {scheduler_job.py:182} INFO - Started process (PID=1189) to work on /home/airflow/.local/lib/python3.6/site-packages/airflow/example_dags/tutorial_etl_dag.py
[2021-06-28 15:43:04,671] {scheduler_job.py:633} INFO - Processing file /home/airflow/.local/lib/python3.6/site-packages/airflow/example_dags/tutorial_etl_dag.py for tasks to queue
[2021-06-28 15:43:04,671] {logging_mixin.py:104} INFO - [2021-06-28 15:43:04,671] {dagbag.py:487} INFO - Filling up the DagBag from /home/airflow/.local/lib/python3.6/site-packages/airflow/example_dags/tutorial_etl_dag.py
[2021-06-28 15:43:04,684] {scheduler_job.py:643} INFO - DAG(s) dict_keys(['tutorial_etl_dag']) retrieved from /home/airflow/.local/lib/python3.6/site-packages/airflow/example_dags/tutorial_etl_dag.py
[2021-06-28 15:43:04,706] {logging_mixin.py:104} INFO - [2021-06-28 15:43:04,706] {dag.py:1832} INFO - Sync 1 DAGs
[2021-06-28 15:43:04,725] {logging_mixin.py:104} INFO - [2021-06-28 15:43:04,725] {dag.py:2305} INFO - Setting next_dagrun for tutorial_etl_dag to None
[2021-06-28 15:43:04,739] {scheduler_job.py:190} INFO - Processing /home/airflow/.local/lib/python3.6/site-packages/airflow/example_dags/tutorial_etl_dag.py took 0.076 seconds
[2021-06-28 15:43:34,970] {scheduler_job.py:182} INFO - Started process (PID=1246) to work on /home/airflow/.local/lib/python3.6/site-packages/airflow/example_dags/tutorial_etl_dag.py
[2021-06-28 15:43:34,971] {scheduler_job.py:633} INFO - Processing file /home/airflow/.local/lib/python3.6/site-packages/airflow/example_dags/tutorial_etl_dag.py for tasks to queue
[2021-06-28 15:43:34,984] {logging_mixin.py:104} INFO - [2021-06-28 15:43:34,972] {dagbag.py:487} INFO - Filling up the DagBag from /home/airflow/.local/lib/python3.6/site-packages/airflow/example_dags/tutorial_etl_dag.py
[2021-06-28 15:43:35,025] {scheduler_job.py:643} INFO - DAG(s) dict_keys(['tutorial_etl_dag']) retrieved from /home/airflow/.local/lib/python3.6/site-packages/airflow/example_dags/tutorial_etl_dag.py
[2021-06-28 15:43:35,109] {logging_mixin.py:104} INFO - [2021-06-28 15:43:35,109] {dag.py:1832} INFO - Sync 1 DAGs
[2021-06-28 15:43:35,134] {logging_mixin.py:104} INFO - [2021-06-28 15:43:35,134] {dag.py:2305} INFO - Setting next_dagrun for tutorial_etl_dag to None
[2021-06-28 15:43:35,170] {scheduler_job.py:190} INFO - Processing /home/airflow/.local/lib/python3.6/site-packages/airflow/example_dags/tutorial_etl_dag.py took 0.205 seconds
[2021-06-28 15:44:05,508] {scheduler_job.py:182} INFO - Started process (PID=1305) to work on /home/airflow/.local/lib/python3.6/site-packages/airflow/example_dags/tutorial_etl_dag.py
[2021-06-28 15:44:05,510] {scheduler_job.py:633} INFO - Processing file /home/airflow/.local/lib/python3.6/site-packages/airflow/example_dags/tutorial_etl_dag.py for tasks to queue
[2021-06-28 15:44:05,511] {logging_mixin.py:104} INFO - [2021-06-28 15:44:05,511] {dagbag.py:487} INFO - Filling up the DagBag from /home/airflow/.local/lib/python3.6/site-packages/airflow/example_dags/tutorial_etl_dag.py
[2021-06-28 15:44:05,531] {scheduler_job.py:643} INFO - DAG(s) dict_keys(['tutorial_etl_dag']) retrieved from /home/airflow/.local/lib/python3.6/site-packages/airflow/example_dags/tutorial_etl_dag.py
[2021-06-28 15:44:05,569] {logging_mixin.py:104} INFO - [2021-06-28 15:44:05,569] {dag.py:1832} INFO - Sync 1 DAGs
[2021-06-28 15:44:05,602] {logging_mixin.py:104} INFO - [2021-06-28 15:44:05,602] {dag.py:2305} INFO - Setting next_dagrun for tutorial_etl_dag to None
[2021-06-28 15:44:05,621] {scheduler_job.py:190} INFO - Processing /home/airflow/.local/lib/python3.6/site-packages/airflow/example_dags/tutorial_etl_dag.py took 0.120 seconds
[2021-06-28 15:44:36,063] {scheduler_job.py:182} INFO - Started process (PID=1365) to work on /home/airflow/.local/lib/python3.6/site-packages/airflow/example_dags/tutorial_etl_dag.py
[2021-06-28 15:44:36,065] {scheduler_job.py:633} INFO - Processing file /home/airflow/.local/lib/python3.6/site-packages/airflow/example_dags/tutorial_etl_dag.py for tasks to queue
[2021-06-28 15:44:36,066] {logging_mixin.py:104} INFO - [2021-06-28 15:44:36,066] {dagbag.py:487} INFO - Filling up the DagBag from /home/airflow/.local/lib/python3.6/site-packages/airflow/example_dags/tutorial_etl_dag.py
[2021-06-28 15:44:36,096] {scheduler_job.py:643} INFO - DAG(s) dict_keys(['tutorial_etl_dag']) retrieved from /home/airflow/.local/lib/python3.6/site-packages/airflow/example_dags/tutorial_etl_dag.py
[2021-06-28 15:44:36,146] {logging_mixin.py:104} INFO - [2021-06-28 15:44:36,146] {dag.py:1832} INFO - Sync 1 DAGs
[2021-06-28 15:44:36,176] {logging_mixin.py:104} INFO - [2021-06-28 15:44:36,176] {dag.py:2305} INFO - Setting next_dagrun for tutorial_etl_dag to None
[2021-06-28 15:44:36,199] {scheduler_job.py:190} INFO - Processing /home/airflow/.local/lib/python3.6/site-packages/airflow/example_dags/tutorial_etl_dag.py took 0.143 seconds
