[2021-06-16 13:21:20,684] {taskinstance.py:876} INFO - Dependencies all met for <TaskInstance: summary_db.ambassador_locationbk 2021-06-15T02:30:00+00:00 [queued]>
[2021-06-16 13:21:20,769] {taskinstance.py:876} INFO - Dependencies all met for <TaskInstance: summary_db.ambassador_locationbk 2021-06-15T02:30:00+00:00 [queued]>
[2021-06-16 13:21:20,770] {taskinstance.py:1067} INFO - 
--------------------------------------------------------------------------------
[2021-06-16 13:21:20,770] {taskinstance.py:1068} INFO - Starting attempt 2 of 5
[2021-06-16 13:21:20,770] {taskinstance.py:1069} INFO - 
--------------------------------------------------------------------------------
[2021-06-16 13:21:20,812] {taskinstance.py:1087} INFO - Executing <Task(PythonOperator): ambassador_locationbk> on 2021-06-15T02:30:00+00:00
[2021-06-16 13:21:20,836] {standard_task_runner.py:52} INFO - Started process 2167 to run task
[2021-06-16 13:21:20,841] {standard_task_runner.py:76} INFO - Running: ['***', 'tasks', 'run', 'summary_db', 'ambassador_locationbk', '2021-06-15T02:30:00+00:00', '--job-id', '245', '--pool', 'default_pool', '--raw', '--subdir', 'DAGS_FOLDER/first_dag.py', '--cfg-path', '/tmp/tmpq2slj08n', '--error-file', '/tmp/tmpfbjtm7qj']
[2021-06-16 13:21:20,842] {standard_task_runner.py:77} INFO - Job 245: Subtask ambassador_locationbk
[2021-06-16 13:21:20,939] {logging_mixin.py:104} INFO - Running <TaskInstance: summary_db.ambassador_locationbk 2021-06-15T02:30:00+00:00 [running]> on host ac3e7c1eb084
[2021-06-16 13:21:21,039] {taskinstance.py:1282} INFO - Exporting the following env vars:
AIRFLOW_CTX_DAG_OWNER=***
AIRFLOW_CTX_DAG_ID=summary_db
AIRFLOW_CTX_TASK_ID=ambassador_locationbk
AIRFLOW_CTX_EXECUTION_DATE=2021-06-15T02:30:00+00:00
AIRFLOW_CTX_DAG_RUN_ID=scheduled__2021-06-15T02:30:00+00:00
[2021-06-16 13:21:21,040] {logging_mixin.py:104} INFO - ------------------------------------Inside Function-----------------------------
[2021-06-16 13:21:41,334] {logging_mixin.py:104} INFO - -------------------------------Data read into dataframe---------------------------
[2021-06-16 13:21:47,919] {taskinstance.py:1481} ERROR - Task failed with exception
Traceback (most recent call last):
  File "/home/airflow/.local/lib/python3.6/site-packages/sqlalchemy/engine/base.py", line 1257, in _execute_context
    cursor, statement, parameters, context
  File "/home/airflow/.local/lib/python3.6/site-packages/sqlalchemy/dialects/mysql/mysqldb.py", line 148, in do_executemany
    rowcount = cursor.executemany(statement, parameters)
  File "/home/airflow/.local/lib/python3.6/site-packages/MySQLdb/cursors.py", line 236, in executemany
    self._get_db().encoding,
  File "/home/airflow/.local/lib/python3.6/site-packages/MySQLdb/cursors.py", line 261, in _do_execute_many
    rows += self.execute(sql + postfix)
  File "/home/airflow/.local/lib/python3.6/site-packages/MySQLdb/cursors.py", line 206, in execute
    res = self._query(query)
  File "/home/airflow/.local/lib/python3.6/site-packages/MySQLdb/cursors.py", line 319, in _query
    db.query(q)
  File "/home/airflow/.local/lib/python3.6/site-packages/MySQLdb/connections.py", line 259, in query
    _mysql.connection.query(self, query)
MySQLdb._exceptions.IntegrityError: (1062, "Duplicate entry '202559943' for key 'PRIMARY'")

The above exception was the direct cause of the following exception:

Traceback (most recent call last):
  File "/home/airflow/.local/lib/python3.6/site-packages/airflow/models/taskinstance.py", line 1137, in _run_raw_task
    self._prepare_and_execute_task_with_callbacks(context, task)
  File "/home/airflow/.local/lib/python3.6/site-packages/airflow/models/taskinstance.py", line 1311, in _prepare_and_execute_task_with_callbacks
    result = self._execute_task(context, task_copy)
  File "/home/airflow/.local/lib/python3.6/site-packages/airflow/models/taskinstance.py", line 1341, in _execute_task
    result = task_copy.execute(context=context)
  File "/home/airflow/.local/lib/python3.6/site-packages/airflow/operators/python.py", line 150, in execute
    return_value = self.execute_callable()
  File "/home/airflow/.local/lib/python3.6/site-packages/airflow/operators/python.py", line 161, in execute_callable
    return self.python_callable(*self.op_args, **self.op_kwargs)
  File "/opt/airflow/dags/first_dag.py", line 131, in ambassador_locationbk
    index=False)
  File "/home/airflow/.local/lib/python3.6/site-packages/pandas/core/generic.py", line 2615, in to_sql
    method=method,
  File "/home/airflow/.local/lib/python3.6/site-packages/pandas/io/sql.py", line 598, in to_sql
    method=method,
  File "/home/airflow/.local/lib/python3.6/site-packages/pandas/io/sql.py", line 1406, in to_sql
    raise err
  File "/home/airflow/.local/lib/python3.6/site-packages/pandas/io/sql.py", line 1398, in to_sql
    table.insert(chunksize, method=method)
  File "/home/airflow/.local/lib/python3.6/site-packages/pandas/io/sql.py", line 830, in insert
    exec_insert(conn, keys, chunk_iter)
  File "/home/airflow/.local/lib/python3.6/site-packages/pandas/io/sql.py", line 747, in _execute_insert
    conn.execute(self.table.insert(), data)
  File "/home/airflow/.local/lib/python3.6/site-packages/sqlalchemy/engine/base.py", line 1011, in execute
    return meth(self, multiparams, params)
  File "/home/airflow/.local/lib/python3.6/site-packages/sqlalchemy/sql/elements.py", line 298, in _execute_on_connection
    return connection._execute_clauseelement(self, multiparams, params)
  File "/home/airflow/.local/lib/python3.6/site-packages/sqlalchemy/engine/base.py", line 1130, in _execute_clauseelement
    distilled_params,
  File "/home/airflow/.local/lib/python3.6/site-packages/sqlalchemy/engine/base.py", line 1317, in _execute_context
    e, statement, parameters, cursor, context
  File "/home/airflow/.local/lib/python3.6/site-packages/sqlalchemy/engine/base.py", line 1511, in _handle_dbapi_exception
    sqlalchemy_exception, with_traceback=exc_info[2], from_=e
  File "/home/airflow/.local/lib/python3.6/site-packages/sqlalchemy/util/compat.py", line 182, in raise_
    raise exception
  File "/home/airflow/.local/lib/python3.6/site-packages/sqlalchemy/engine/base.py", line 1257, in _execute_context
    cursor, statement, parameters, context
  File "/home/airflow/.local/lib/python3.6/site-packages/sqlalchemy/dialects/mysql/mysqldb.py", line 148, in do_executemany
    rowcount = cursor.executemany(statement, parameters)
  File "/home/airflow/.local/lib/python3.6/site-packages/MySQLdb/cursors.py", line 236, in executemany
    self._get_db().encoding,
  File "/home/airflow/.local/lib/python3.6/site-packages/MySQLdb/cursors.py", line 261, in _do_execute_many
    rows += self.execute(sql + postfix)
  File "/home/airflow/.local/lib/python3.6/site-packages/MySQLdb/cursors.py", line 206, in execute
    res = self._query(query)
  File "/home/airflow/.local/lib/python3.6/site-packages/MySQLdb/cursors.py", line 319, in _query
    db.query(q)
  File "/home/airflow/.local/lib/python3.6/site-packages/MySQLdb/connections.py", line 259, in query
    _mysql.connection.query(self, query)
sqlalchemy.exc.IntegrityError: (MySQLdb._exceptions.IntegrityError) (1062, "Duplicate entry '202559943' for key 'PRIMARY'")
[SQL: INSERT INTO analytics.`21N_ambassador_locationbk` (id, ambassador_id, presentlat, presentlong, presenttime, altitude, speed, course, devicetoken, version, iscurrent, queueid, state) VALUES (%s, %s, %s, %s, %s, %s, %s, %s, %s, %s, %s, %s, %s)]
[parameters: ((202559943, 325204, 23.0629469, 72.4993288, datetime.datetime(2021, 6, 15, 18, 51, 23), 31.02, 0.0, '0', '44b107ce11c531aa', '2.2.0', 0, 1636733, 602), (202559944, 815395, 19.230445, 72.8387216666667, datetime.datetime(2021, 6, 15, 18, 51, 24), 14.9, 9.479948044, '66.54000091552734', '6999f1fb3bb3cc16', '2.3.0', 0, 1635269, 612), (202559945, 325191, 23.0814231, 72.6776606, datetime.datetime(2021, 6, 15, 18, 51, 24), -40.58, 39.481656647, '66.26274108886719', '5ceb0ada274802da', '2.3.0', 0, 1636716, 842), (202559946, 868373, 22.9926483333333, 72.5348716666667, datetime.datetime(2021, 6, 15, 18, 51, 24), 23.1, 0.0, '0', 'e41cd2152d42e68d', '2.3.0', 0, 1635490, 712), (202559947, 756082, 18.6620233333333, 73.7921783333333, datetime.datetime(2021, 6, 15, 18, 51, 26), 207.5, 0.0, '0', 'fc9f2101af1a676a', '2.2.0', 0, 1635216, 702), (202559948, 859177, 22.9344696, 72.59496389, datetime.datetime(2021, 6, 15, 18, 51, 26), -24.62, 31.212000275, '345.1000061035156', '42d1fc9141a514a7', '2.3.0', 0, 1638468, 4300), (202559949, 851763, 22.9361668, 72.5952059, datetime.datetime(2021, 6, 15, 18, 51, 29), -34.09, 1.440000021, '119', '9f520c95437abc8f', '2.3.0', 0, 1638359, 210), (202559950, 868270, 28.6760146, 77.3091718, datetime.datetime(2021, 6, 15, 18, 51, 29), 158.1, 0.0, '0', '16082d2ad8428a89', '2.3.0', 0, 1634539, 602)  ... displaying 10 of 51828 total bound parameter sets ...  (202611770, 65232, 28.6756116666667, 77.3201583333333, datetime.datetime(2021, 6, 16, 10, 1, 59), 188.5, 0.0, '0', 'a4ac2f57bf36ebd2', '2.2.0', 0, 1637726, 420), (202611771, 627564, 28.447955, 77.5077716666667, datetime.datetime(2021, 6, 16, 10, 2), 182.8, 3.326135087, '142.24000549316406', '86cf2193c8dbc224', '2.2.0', 0, 1627192, 802))]
(Background on this error at: http://sqlalche.me/e/13/gkpj)
[2021-06-16 13:21:48,369] {taskinstance.py:1531} INFO - Marking task as UP_FOR_RETRY. dag_id=summary_db, task_id=ambassador_locationbk, execution_date=20210615T023000, start_date=20210616T132120, end_date=20210616T132148
[2021-06-16 13:21:48,436] {local_task_job.py:151} INFO - Task exited with return code 1
