[2021-06-16 13:02:46,704] {taskinstance.py:876} INFO - Dependencies all met for <TaskInstance: summary_db.queue_cash_collected_multiple_queueid 2021-06-15T00:00:00+00:00 [queued]>
[2021-06-16 13:02:47,230] {taskinstance.py:876} INFO - Dependencies all met for <TaskInstance: summary_db.queue_cash_collected_multiple_queueid 2021-06-15T00:00:00+00:00 [queued]>
[2021-06-16 13:02:47,230] {taskinstance.py:1067} INFO - 
--------------------------------------------------------------------------------
[2021-06-16 13:02:47,238] {taskinstance.py:1068} INFO - Starting attempt 1 of 4
[2021-06-16 13:02:47,239] {taskinstance.py:1069} INFO - 
--------------------------------------------------------------------------------
[2021-06-16 13:02:47,645] {taskinstance.py:1087} INFO - Executing <Task(PythonOperator): queue_cash_collected_multiple_queueid> on 2021-06-15T00:00:00+00:00
[2021-06-16 13:02:49,915] {standard_task_runner.py:52} INFO - Started process 1269 to run task
[2021-06-16 13:03:00,019] {standard_task_runner.py:76} INFO - Running: ['***', 'tasks', 'run', 'summary_db', 'queue_cash_collected_multiple_queueid', '2021-06-15T00:00:00+00:00', '--job-id', '190', '--pool', 'default_pool', '--raw', '--subdir', 'DAGS_FOLDER/first_dag.py', '--cfg-path', '/tmp/tmpg6c3dyo7', '--error-file', '/tmp/tmpwppyfiqs']
[2021-06-16 13:03:01,286] {standard_task_runner.py:77} INFO - Job 190: Subtask queue_cash_collected_multiple_queueid
[2021-06-16 13:03:20,932] {logging_mixin.py:104} INFO - Running <TaskInstance: summary_db.queue_cash_collected_multiple_queueid 2021-06-15T00:00:00+00:00 [running]> on host ac3e7c1eb084
[2021-06-16 13:03:42,413] {taskinstance.py:1282} INFO - Exporting the following env vars:
AIRFLOW_CTX_DAG_OWNER=***
AIRFLOW_CTX_DAG_ID=summary_db
AIRFLOW_CTX_TASK_ID=queue_cash_collected_multiple_queueid
AIRFLOW_CTX_EXECUTION_DATE=2021-06-15T00:00:00+00:00
AIRFLOW_CTX_DAG_RUN_ID=scheduled__2021-06-15T00:00:00+00:00
[2021-06-16 13:03:43,534] {logging_mixin.py:104} INFO - ------------------------------------Inside Function-----------------------------
[2021-06-16 13:04:18,250] {logging_mixin.py:104} INFO - -------------------------------Data read into dataframe---------------------------
[2021-06-16 13:04:20,040] {logging_mixin.py:104} INFO - ----------------------------------Data written into summary DB----------------------
[2021-06-16 13:04:20,040] {python.py:151} INFO - Done. Returned value was: None
[2021-06-16 13:04:20,083] {taskinstance.py:1191} INFO - Marking task as SUCCESS. dag_id=summary_db, task_id=queue_cash_collected_multiple_queueid, execution_date=20210615T000000, start_date=20210616T130246, end_date=20210616T130420
[2021-06-16 13:04:20,227] {taskinstance.py:1245} INFO - 0 downstream tasks scheduled from follow-on schedule check
[2021-06-16 13:04:20,301] {local_task_job.py:151} INFO - Task exited with return code 0
