[2021-06-28 15:20:20,766] {taskinstance.py:876} INFO - Dependencies all met for <TaskInstance: summary_db.queue_state 2021-06-26T23:45:00+00:00 [queued]>
[2021-06-28 15:20:21,008] {taskinstance.py:876} INFO - Dependencies all met for <TaskInstance: summary_db.queue_state 2021-06-26T23:45:00+00:00 [queued]>
[2021-06-28 15:20:21,015] {taskinstance.py:1067} INFO - 
--------------------------------------------------------------------------------
[2021-06-28 15:20:21,015] {taskinstance.py:1068} INFO - Starting attempt 1 of 4
[2021-06-28 15:20:21,015] {taskinstance.py:1069} INFO - 
--------------------------------------------------------------------------------
[2021-06-28 15:20:21,095] {taskinstance.py:1087} INFO - Executing <Task(PythonOperator): queue_state> on 2021-06-26T23:45:00+00:00
[2021-06-28 15:20:21,149] {standard_task_runner.py:76} INFO - Running: ['***', 'tasks', 'run', 'summary_db', 'queue_state', '2021-06-26T23:45:00+00:00', '--job-id', '283', '--pool', 'default_pool', '--raw', '--subdir', 'DAGS_FOLDER/analytics_summary.py', '--cfg-path', '/tmp/tmpyr68wp1u', '--error-file', '/tmp/tmpsyxlegaz']
[2021-06-28 15:20:21,172] {standard_task_runner.py:77} INFO - Job 283: Subtask queue_state
[2021-06-28 15:20:21,189] {standard_task_runner.py:52} INFO - Started process 332 to run task
[2021-06-28 15:20:21,409] {logging_mixin.py:104} INFO - Running <TaskInstance: summary_db.queue_state 2021-06-26T23:45:00+00:00 [running]> on host 32c9461fc328
[2021-06-28 15:20:22,039] {taskinstance.py:1282} INFO - Exporting the following env vars:
AIRFLOW_CTX_DAG_OWNER=***
AIRFLOW_CTX_DAG_ID=summary_db
AIRFLOW_CTX_TASK_ID=queue_state
AIRFLOW_CTX_EXECUTION_DATE=2021-06-26T23:45:00+00:00
AIRFLOW_CTX_DAG_RUN_ID=scheduled__2021-06-26T23:45:00+00:00
[2021-06-28 15:20:22,040] {logging_mixin.py:104} INFO - ------------------------------------Inside Function-----------------------------
[2021-06-28 15:20:23,900] {logging_mixin.py:104} INFO - -------------------------------Data read into dataframe---------------------------
[2021-06-28 15:20:25,752] {logging_mixin.py:104} INFO - ----------------------------------Data written into summary DB----------------------
[2021-06-28 15:20:25,752] {python.py:151} INFO - Done. Returned value was: None
[2021-06-28 15:20:25,786] {taskinstance.py:1191} INFO - Marking task as SUCCESS. dag_id=summary_db, task_id=queue_state, execution_date=20210626T234500, start_date=20210628T152020, end_date=20210628T152025
[2021-06-28 15:20:25,890] {taskinstance.py:1245} INFO - 0 downstream tasks scheduled from follow-on schedule check
[2021-06-28 15:20:25,945] {local_task_job.py:151} INFO - Task exited with return code 0
[2021-06-28 15:39:44,407] {taskinstance.py:876} INFO - Dependencies all met for <TaskInstance: summary_db.queue_state 2021-06-26T23:45:00+00:00 [queued]>
[2021-06-28 15:39:44,441] {taskinstance.py:876} INFO - Dependencies all met for <TaskInstance: summary_db.queue_state 2021-06-26T23:45:00+00:00 [queued]>
[2021-06-28 15:39:44,441] {taskinstance.py:1067} INFO - 
--------------------------------------------------------------------------------
[2021-06-28 15:39:44,442] {taskinstance.py:1068} INFO - Starting attempt 1 of 4
[2021-06-28 15:39:44,442] {taskinstance.py:1069} INFO - 
--------------------------------------------------------------------------------
[2021-06-28 15:39:44,475] {taskinstance.py:1087} INFO - Executing <Task(PythonOperator): queue_state> on 2021-06-26T23:45:00+00:00
[2021-06-28 15:39:44,486] {standard_task_runner.py:52} INFO - Started process 415 to run task
[2021-06-28 15:39:44,491] {standard_task_runner.py:76} INFO - Running: ['***', 'tasks', 'run', 'summary_db', 'queue_state', '2021-06-26T23:45:00+00:00', '--job-id', '317', '--pool', 'default_pool', '--raw', '--subdir', 'DAGS_FOLDER/analytics_summary.py', '--cfg-path', '/tmp/tmpoat7dbsu', '--error-file', '/tmp/tmp9d4_3hvr']
[2021-06-28 15:39:44,492] {standard_task_runner.py:77} INFO - Job 317: Subtask queue_state
[2021-06-28 15:39:44,579] {logging_mixin.py:104} INFO - Running <TaskInstance: summary_db.queue_state 2021-06-26T23:45:00+00:00 [running]> on host 32c9461fc328
[2021-06-28 15:39:44,781] {taskinstance.py:1282} INFO - Exporting the following env vars:
AIRFLOW_CTX_DAG_OWNER=***
AIRFLOW_CTX_DAG_ID=summary_db
AIRFLOW_CTX_TASK_ID=queue_state
AIRFLOW_CTX_EXECUTION_DATE=2021-06-26T23:45:00+00:00
AIRFLOW_CTX_DAG_RUN_ID=scheduled__2021-06-26T23:45:00+00:00
[2021-06-28 15:39:44,782] {logging_mixin.py:104} INFO - ------------------------------------Inside Function-----------------------------
[2021-06-28 15:39:46,966] {logging_mixin.py:104} INFO - -------------------------------Data read into dataframe---------------------------
[2021-06-28 15:39:48,742] {logging_mixin.py:104} INFO - ----------------------------------Data written into summary DB----------------------
[2021-06-28 15:39:48,742] {python.py:151} INFO - Done. Returned value was: None
[2021-06-28 15:39:48,773] {taskinstance.py:1191} INFO - Marking task as SUCCESS. dag_id=summary_db, task_id=queue_state, execution_date=20210626T234500, start_date=20210628T153944, end_date=20210628T153948
[2021-06-28 15:39:48,933] {taskinstance.py:1245} INFO - 0 downstream tasks scheduled from follow-on schedule check
[2021-06-28 15:39:48,977] {local_task_job.py:151} INFO - Task exited with return code 0
