[2021-06-09 06:29:15,117] {taskinstance.py:876} INFO - Dependencies all met for <TaskInstance: first_dag.db_conn 2021-06-09T06:24:10.179974+00:00 [queued]>
[2021-06-09 06:29:15,143] {taskinstance.py:876} INFO - Dependencies all met for <TaskInstance: first_dag.db_conn 2021-06-09T06:24:10.179974+00:00 [queued]>
[2021-06-09 06:29:15,143] {taskinstance.py:1067} INFO - 
--------------------------------------------------------------------------------
[2021-06-09 06:29:15,143] {taskinstance.py:1068} INFO - Starting attempt 2 of 2
[2021-06-09 06:29:15,148] {taskinstance.py:1069} INFO - 
--------------------------------------------------------------------------------
[2021-06-09 06:29:15,165] {taskinstance.py:1087} INFO - Executing <Task(MySqlOperator): db_conn> on 2021-06-09T06:24:10.179974+00:00
[2021-06-09 06:29:15,177] {standard_task_runner.py:52} INFO - Started process 578 to run task
[2021-06-09 06:29:15,192] {standard_task_runner.py:76} INFO - Running: ['***', 'tasks', 'run', 'first_dag', 'db_conn', '2021-06-09T06:24:10.179974+00:00', '--job-id', '23', '--pool', 'default_pool', '--raw', '--subdir', 'DAGS_FOLDER/first_dag.py', '--cfg-path', '/tmp/tmpmu7ru3ps', '--error-file', '/tmp/tmptm8xyxuv']
[2021-06-09 06:29:15,193] {standard_task_runner.py:77} INFO - Job 23: Subtask db_conn
[2021-06-09 06:29:15,267] {logging_mixin.py:104} INFO - Running <TaskInstance: first_dag.db_conn 2021-06-09T06:24:10.179974+00:00 [running]> on host a67e871f23f3
[2021-06-09 06:29:15,365] {taskinstance.py:1282} INFO - Exporting the following env vars:
AIRFLOW_CTX_DAG_OWNER=***
AIRFLOW_CTX_DAG_ID=first_dag
AIRFLOW_CTX_TASK_ID=db_conn
AIRFLOW_CTX_EXECUTION_DATE=2021-06-09T06:24:10.179974+00:00
AIRFLOW_CTX_DAG_RUN_ID=manual__2021-06-09T06:24:10.179974+00:00
[2021-06-09 06:29:15,365] {mysql.py:72} INFO - Executing: SELECT * FROM 21N_ambassador_login;
[2021-06-09 06:29:15,380] {base.py:78} INFO - Using connection to: id: 21n_replica. Host: 3.0.136.197, Port: 3306, Schema: 21north, Login: yantra, Password: ***, extra: {'ssl-mode': 'DISABLED'}
[2021-06-09 06:29:16,912] {taskinstance.py:1481} ERROR - Task failed with exception
Traceback (most recent call last):
  File "/home/airflow/.local/lib/python3.6/site-packages/airflow/models/taskinstance.py", line 1137, in _run_raw_task
    self._prepare_and_execute_task_with_callbacks(context, task)
  File "/home/airflow/.local/lib/python3.6/site-packages/airflow/models/taskinstance.py", line 1311, in _prepare_and_execute_task_with_callbacks
    result = self._execute_task(context, task_copy)
  File "/home/airflow/.local/lib/python3.6/site-packages/airflow/models/taskinstance.py", line 1341, in _execute_task
    result = task_copy.execute(context=context)
  File "/home/airflow/.local/lib/python3.6/site-packages/airflow/providers/mysql/operators/mysql.py", line 74, in execute
    hook.run(self.sql, autocommit=self.autocommit, parameters=self.parameters)
  File "/home/airflow/.local/lib/python3.6/site-packages/airflow/hooks/dbapi.py", line 177, in run
    with closing(self.get_conn()) as conn:
  File "/home/airflow/.local/lib/python3.6/site-packages/airflow/providers/mysql/hooks/mysql.py", line 168, in get_conn
    return MySQLdb.connect(**conn_config)
  File "/home/airflow/.local/lib/python3.6/site-packages/MySQLdb/__init__.py", line 130, in Connect
    return Connection(*args, **kwargs)
  File "/home/airflow/.local/lib/python3.6/site-packages/MySQLdb/connections.py", line 185, in __init__
    super().__init__(*args, **kwargs2)
MySQLdb._exceptions.OperationalError: (2026, 'SSL connection error: error:1425F102:SSL routines:ssl_choose_client_version:unsupported protocol')
[2021-06-09 06:29:16,915] {taskinstance.py:1531} INFO - Marking task as FAILED. dag_id=first_dag, task_id=db_conn, execution_date=20210609T062410, start_date=20210609T062915, end_date=20210609T062916
[2021-06-09 06:29:16,973] {local_task_job.py:151} INFO - Task exited with return code 1
