[2021-06-28 15:20:01,884] {taskinstance.py:876} INFO - Dependencies all met for <TaskInstance: summary_db.ambassador_info 2021-06-26T23:45:00+00:00 [queued]>
[2021-06-28 15:20:02,073] {taskinstance.py:876} INFO - Dependencies all met for <TaskInstance: summary_db.ambassador_info 2021-06-26T23:45:00+00:00 [queued]>
[2021-06-28 15:20:02,074] {taskinstance.py:1067} INFO - 
--------------------------------------------------------------------------------
[2021-06-28 15:20:02,074] {taskinstance.py:1068} INFO - Starting attempt 1 of 4
[2021-06-28 15:20:02,075] {taskinstance.py:1069} INFO - 
--------------------------------------------------------------------------------
[2021-06-28 15:20:02,434] {taskinstance.py:1087} INFO - Executing <Task(PythonOperator): ambassador_info> on 2021-06-26T23:45:00+00:00
[2021-06-28 15:20:02,610] {standard_task_runner.py:52} INFO - Started process 306 to run task
[2021-06-28 15:20:02,635] {standard_task_runner.py:76} INFO - Running: ['***', 'tasks', 'run', 'summary_db', 'ambassador_info', '2021-06-26T23:45:00+00:00', '--job-id', '280', '--pool', 'default_pool', '--raw', '--subdir', 'DAGS_FOLDER/analytics_summary.py', '--cfg-path', '/tmp/tmpl592q22d', '--error-file', '/tmp/tmpxso8slyj']
[2021-06-28 15:20:02,636] {standard_task_runner.py:77} INFO - Job 280: Subtask ambassador_info
[2021-06-28 15:20:03,100] {logging_mixin.py:104} INFO - Running <TaskInstance: summary_db.ambassador_info 2021-06-26T23:45:00+00:00 [running]> on host 32c9461fc328
[2021-06-28 15:20:03,457] {taskinstance.py:1282} INFO - Exporting the following env vars:
AIRFLOW_CTX_DAG_OWNER=***
AIRFLOW_CTX_DAG_ID=summary_db
AIRFLOW_CTX_TASK_ID=ambassador_info
AIRFLOW_CTX_EXECUTION_DATE=2021-06-26T23:45:00+00:00
AIRFLOW_CTX_DAG_RUN_ID=scheduled__2021-06-26T23:45:00+00:00
[2021-06-28 15:20:03,458] {logging_mixin.py:104} INFO - ------------------------------------Inside Function-----------------------------
[2021-06-28 15:20:17,342] {logging_mixin.py:104} INFO - -------------------------------Data read into dataframe---------------------------
[2021-06-28 15:20:48,317] {logging_mixin.py:104} INFO - ----------------------------------Data written into summary DB----------------------
[2021-06-28 15:20:48,327] {python.py:151} INFO - Done. Returned value was: None
[2021-06-28 15:20:48,344] {taskinstance.py:1191} INFO - Marking task as SUCCESS. dag_id=summary_db, task_id=ambassador_info, execution_date=20210626T234500, start_date=20210628T152001, end_date=20210628T152048
[2021-06-28 15:20:48,399] {taskinstance.py:1245} INFO - 0 downstream tasks scheduled from follow-on schedule check
[2021-06-28 15:20:48,449] {local_task_job.py:151} INFO - Task exited with return code 0
[2021-06-28 15:38:19,890] {taskinstance.py:876} INFO - Dependencies all met for <TaskInstance: summary_db.ambassador_info 2021-06-26T23:45:00+00:00 [queued]>
[2021-06-28 15:38:19,971] {taskinstance.py:876} INFO - Dependencies all met for <TaskInstance: summary_db.ambassador_info 2021-06-26T23:45:00+00:00 [queued]>
[2021-06-28 15:38:19,972] {taskinstance.py:1067} INFO - 
--------------------------------------------------------------------------------
[2021-06-28 15:38:19,972] {taskinstance.py:1068} INFO - Starting attempt 1 of 4
[2021-06-28 15:38:19,972] {taskinstance.py:1069} INFO - 
--------------------------------------------------------------------------------
[2021-06-28 15:38:19,996] {taskinstance.py:1087} INFO - Executing <Task(PythonOperator): ambassador_info> on 2021-06-26T23:45:00+00:00
[2021-06-28 15:38:20,008] {standard_task_runner.py:52} INFO - Started process 291 to run task
[2021-06-28 15:38:20,027] {standard_task_runner.py:76} INFO - Running: ['***', 'tasks', 'run', 'summary_db', 'ambassador_info', '2021-06-26T23:45:00+00:00', '--job-id', '298', '--pool', 'default_pool', '--raw', '--subdir', 'DAGS_FOLDER/analytics_summary.py', '--cfg-path', '/tmp/tmp26m1x32e', '--error-file', '/tmp/tmpmvr73wxd']
[2021-06-28 15:38:20,028] {standard_task_runner.py:77} INFO - Job 298: Subtask ambassador_info
[2021-06-28 15:38:20,144] {logging_mixin.py:104} INFO - Running <TaskInstance: summary_db.ambassador_info 2021-06-26T23:45:00+00:00 [running]> on host 32c9461fc328
[2021-06-28 15:38:20,267] {taskinstance.py:1282} INFO - Exporting the following env vars:
AIRFLOW_CTX_DAG_OWNER=***
AIRFLOW_CTX_DAG_ID=summary_db
AIRFLOW_CTX_TASK_ID=ambassador_info
AIRFLOW_CTX_EXECUTION_DATE=2021-06-26T23:45:00+00:00
AIRFLOW_CTX_DAG_RUN_ID=scheduled__2021-06-26T23:45:00+00:00
[2021-06-28 15:38:20,270] {logging_mixin.py:104} INFO - ------------------------------------Inside Function-----------------------------
[2021-06-28 15:38:31,339] {logging_mixin.py:104} INFO - -------------------------------Data read into dataframe---------------------------
[2021-06-28 15:38:55,393] {logging_mixin.py:104} INFO - ----------------------------------Data written into summary DB----------------------
[2021-06-28 15:38:55,401] {python.py:151} INFO - Done. Returned value was: None
[2021-06-28 15:38:55,414] {taskinstance.py:1191} INFO - Marking task as SUCCESS. dag_id=summary_db, task_id=ambassador_info, execution_date=20210626T234500, start_date=20210628T153819, end_date=20210628T153855
[2021-06-28 15:38:55,461] {taskinstance.py:1245} INFO - 0 downstream tasks scheduled from follow-on schedule check
[2021-06-28 15:38:55,503] {local_task_job.py:151} INFO - Task exited with return code 0
