[2021-06-28 15:20:21,190] {taskinstance.py:876} INFO - Dependencies all met for <TaskInstance: summary_db.queue_rescheduled 2021-06-26T23:45:00+00:00 [queued]>
[2021-06-28 15:20:21,301] {taskinstance.py:876} INFO - Dependencies all met for <TaskInstance: summary_db.queue_rescheduled 2021-06-26T23:45:00+00:00 [queued]>
[2021-06-28 15:20:21,302] {taskinstance.py:1067} INFO - 
--------------------------------------------------------------------------------
[2021-06-28 15:20:21,302] {taskinstance.py:1068} INFO - Starting attempt 1 of 4
[2021-06-28 15:20:21,304] {taskinstance.py:1069} INFO - 
--------------------------------------------------------------------------------
[2021-06-28 15:20:21,454] {taskinstance.py:1087} INFO - Executing <Task(PythonOperator): queue_rescheduled> on 2021-06-26T23:45:00+00:00
[2021-06-28 15:20:21,487] {standard_task_runner.py:52} INFO - Started process 333 to run task
[2021-06-28 15:20:21,528] {standard_task_runner.py:76} INFO - Running: ['***', 'tasks', 'run', 'summary_db', 'queue_rescheduled', '2021-06-26T23:45:00+00:00', '--job-id', '284', '--pool', 'default_pool', '--raw', '--subdir', 'DAGS_FOLDER/analytics_summary.py', '--cfg-path', '/tmp/tmpt1ohuajn', '--error-file', '/tmp/tmpixy3_iu2']
[2021-06-28 15:20:21,529] {standard_task_runner.py:77} INFO - Job 284: Subtask queue_rescheduled
[2021-06-28 15:20:21,977] {logging_mixin.py:104} INFO - Running <TaskInstance: summary_db.queue_rescheduled 2021-06-26T23:45:00+00:00 [running]> on host 32c9461fc328
[2021-06-28 15:20:22,499] {taskinstance.py:1282} INFO - Exporting the following env vars:
AIRFLOW_CTX_DAG_OWNER=***
AIRFLOW_CTX_DAG_ID=summary_db
AIRFLOW_CTX_TASK_ID=queue_rescheduled
AIRFLOW_CTX_EXECUTION_DATE=2021-06-26T23:45:00+00:00
AIRFLOW_CTX_DAG_RUN_ID=scheduled__2021-06-26T23:45:00+00:00
[2021-06-28 15:20:22,502] {logging_mixin.py:104} INFO - ------------------------------------Inside Function-----------------------------
[2021-06-28 15:20:24,313] {logging_mixin.py:104} INFO - -------------------------------Data read into dataframe---------------------------
[2021-06-28 15:20:25,987] {logging_mixin.py:104} INFO - ----------------------------------Data written into summary DB----------------------
[2021-06-28 15:20:25,987] {python.py:151} INFO - Done. Returned value was: None
[2021-06-28 15:20:26,045] {taskinstance.py:1191} INFO - Marking task as SUCCESS. dag_id=summary_db, task_id=queue_rescheduled, execution_date=20210626T234500, start_date=20210628T152021, end_date=20210628T152026
[2021-06-28 15:20:26,156] {taskinstance.py:1245} INFO - 0 downstream tasks scheduled from follow-on schedule check
[2021-06-28 15:20:26,173] {local_task_job.py:151} INFO - Task exited with return code 0
[2021-06-28 15:39:40,382] {taskinstance.py:876} INFO - Dependencies all met for <TaskInstance: summary_db.queue_rescheduled 2021-06-26T23:45:00+00:00 [queued]>
[2021-06-28 15:39:40,426] {taskinstance.py:876} INFO - Dependencies all met for <TaskInstance: summary_db.queue_rescheduled 2021-06-26T23:45:00+00:00 [queued]>
[2021-06-28 15:39:40,427] {taskinstance.py:1067} INFO - 
--------------------------------------------------------------------------------
[2021-06-28 15:39:40,427] {taskinstance.py:1068} INFO - Starting attempt 1 of 4
[2021-06-28 15:39:40,427] {taskinstance.py:1069} INFO - 
--------------------------------------------------------------------------------
[2021-06-28 15:39:40,455] {taskinstance.py:1087} INFO - Executing <Task(PythonOperator): queue_rescheduled> on 2021-06-26T23:45:00+00:00
[2021-06-28 15:39:40,465] {standard_task_runner.py:52} INFO - Started process 398 to run task
[2021-06-28 15:39:40,476] {standard_task_runner.py:76} INFO - Running: ['***', 'tasks', 'run', 'summary_db', 'queue_rescheduled', '2021-06-26T23:45:00+00:00', '--job-id', '316', '--pool', 'default_pool', '--raw', '--subdir', 'DAGS_FOLDER/analytics_summary.py', '--cfg-path', '/tmp/tmpt2r_1vnt', '--error-file', '/tmp/tmp6xbqtjkr']
[2021-06-28 15:39:40,476] {standard_task_runner.py:77} INFO - Job 316: Subtask queue_rescheduled
[2021-06-28 15:39:40,621] {logging_mixin.py:104} INFO - Running <TaskInstance: summary_db.queue_rescheduled 2021-06-26T23:45:00+00:00 [running]> on host 32c9461fc328
[2021-06-28 15:39:40,746] {taskinstance.py:1282} INFO - Exporting the following env vars:
AIRFLOW_CTX_DAG_OWNER=***
AIRFLOW_CTX_DAG_ID=summary_db
AIRFLOW_CTX_TASK_ID=queue_rescheduled
AIRFLOW_CTX_EXECUTION_DATE=2021-06-26T23:45:00+00:00
AIRFLOW_CTX_DAG_RUN_ID=scheduled__2021-06-26T23:45:00+00:00
[2021-06-28 15:39:40,748] {logging_mixin.py:104} INFO - ------------------------------------Inside Function-----------------------------
[2021-06-28 15:39:43,471] {logging_mixin.py:104} INFO - -------------------------------Data read into dataframe---------------------------
[2021-06-28 15:39:45,146] {logging_mixin.py:104} INFO - ----------------------------------Data written into summary DB----------------------
[2021-06-28 15:39:45,147] {python.py:151} INFO - Done. Returned value was: None
[2021-06-28 15:39:45,178] {taskinstance.py:1191} INFO - Marking task as SUCCESS. dag_id=summary_db, task_id=queue_rescheduled, execution_date=20210626T234500, start_date=20210628T153940, end_date=20210628T153945
[2021-06-28 15:39:45,292] {taskinstance.py:1245} INFO - 0 downstream tasks scheduled from follow-on schedule check
[2021-06-28 15:39:45,356] {local_task_job.py:151} INFO - Task exited with return code 0
