[2021-06-14 12:49:19,798] {taskinstance.py:876} INFO - Dependencies all met for <TaskInstance: summary_db.vola_list 2021-06-13T00:00:00+00:00 [queued]>
[2021-06-14 12:49:19,885] {taskinstance.py:876} INFO - Dependencies all met for <TaskInstance: summary_db.vola_list 2021-06-13T00:00:00+00:00 [queued]>
[2021-06-14 12:49:19,885] {taskinstance.py:1067} INFO - 
--------------------------------------------------------------------------------
[2021-06-14 12:49:19,885] {taskinstance.py:1068} INFO - Starting attempt 1 of 2
[2021-06-14 12:49:19,886] {taskinstance.py:1069} INFO - 
--------------------------------------------------------------------------------
[2021-06-14 12:49:19,929] {taskinstance.py:1087} INFO - Executing <Task(PythonOperator): vola_list> on 2021-06-13T00:00:00+00:00
[2021-06-14 12:49:19,943] {standard_task_runner.py:52} INFO - Started process 415 to run task
[2021-06-14 12:49:20,004] {standard_task_runner.py:76} INFO - Running: ['***', 'tasks', 'run', 'summary_db', 'vola_list', '2021-06-13T00:00:00+00:00', '--job-id', '57', '--pool', 'default_pool', '--raw', '--subdir', 'DAGS_FOLDER/first_dag.py', '--cfg-path', '/tmp/tmpz53wi76p', '--error-file', '/tmp/tmpssb2x1_k']
[2021-06-14 12:49:20,005] {standard_task_runner.py:77} INFO - Job 57: Subtask vola_list
[2021-06-14 12:49:20,301] {logging_mixin.py:104} INFO - Running <TaskInstance: summary_db.vola_list 2021-06-13T00:00:00+00:00 [running]> on host 7874826b9cd7
[2021-06-14 12:49:20,690] {taskinstance.py:1282} INFO - Exporting the following env vars:
AIRFLOW_CTX_DAG_OWNER=***
AIRFLOW_CTX_DAG_ID=summary_db
AIRFLOW_CTX_TASK_ID=vola_list
AIRFLOW_CTX_EXECUTION_DATE=2021-06-13T00:00:00+00:00
AIRFLOW_CTX_DAG_RUN_ID=scheduled__2021-06-13T00:00:00+00:00
[2021-06-14 12:49:20,691] {logging_mixin.py:104} INFO - ------------------------------------Inside Function-----------------------------
[2021-06-14 12:49:22,948] {logging_mixin.py:104} INFO - -------------------------------Data read into dataframe---------------------------
[2021-06-14 12:49:23,198] {logging_mixin.py:104} WARNING - /home/***/.local/lib/python3.6/site-packages/pandas/io/sql.py:1423 UserWarning: The provided table name '21N_vola_list' is not found exactly as such in the database after writing the table, possibly due to case sensitivity issues. Consider using lower case table names.
[2021-06-14 12:49:23,199] {logging_mixin.py:104} INFO - ----------------------------------Data written into summary DB----------------------
[2021-06-14 12:49:23,199] {python.py:151} INFO - Done. Returned value was: None
[2021-06-14 12:49:23,245] {taskinstance.py:1191} INFO - Marking task as SUCCESS. dag_id=summary_db, task_id=vola_list, execution_date=20210613T000000, start_date=20210614T124919, end_date=20210614T124923
[2021-06-14 12:49:23,356] {taskinstance.py:1245} INFO - 0 downstream tasks scheduled from follow-on schedule check
[2021-06-14 12:49:23,412] {local_task_job.py:151} INFO - Task exited with return code 0
[2021-06-14 15:28:37,683] {taskinstance.py:876} INFO - Dependencies all met for <TaskInstance: summary_db.vola_list 2021-06-13T00:00:00+00:00 [queued]>
[2021-06-14 15:28:37,838] {taskinstance.py:876} INFO - Dependencies all met for <TaskInstance: summary_db.vola_list 2021-06-13T00:00:00+00:00 [queued]>
[2021-06-14 15:28:37,838] {taskinstance.py:1067} INFO - 
--------------------------------------------------------------------------------
[2021-06-14 15:28:37,838] {taskinstance.py:1068} INFO - Starting attempt 1 of 2
[2021-06-14 15:28:37,838] {taskinstance.py:1069} INFO - 
--------------------------------------------------------------------------------
[2021-06-14 15:28:37,903] {taskinstance.py:1087} INFO - Executing <Task(PythonOperator): vola_list> on 2021-06-13T00:00:00+00:00
[2021-06-14 15:28:37,964] {standard_task_runner.py:52} INFO - Started process 846 to run task
[2021-06-14 15:28:38,078] {standard_task_runner.py:76} INFO - Running: ['***', 'tasks', 'run', 'summary_db', 'vola_list', '2021-06-13T00:00:00+00:00', '--job-id', '94', '--pool', 'default_pool', '--raw', '--subdir', 'DAGS_FOLDER/first_dag.py', '--cfg-path', '/tmp/tmp1onwulfy', '--error-file', '/tmp/tmp6l97asa1']
[2021-06-14 15:28:38,078] {standard_task_runner.py:77} INFO - Job 94: Subtask vola_list
[2021-06-14 15:28:38,607] {logging_mixin.py:104} INFO - Running <TaskInstance: summary_db.vola_list 2021-06-13T00:00:00+00:00 [running]> on host 7874826b9cd7
[2021-06-14 15:28:38,979] {taskinstance.py:1282} INFO - Exporting the following env vars:
AIRFLOW_CTX_DAG_OWNER=***
AIRFLOW_CTX_DAG_ID=summary_db
AIRFLOW_CTX_TASK_ID=vola_list
AIRFLOW_CTX_EXECUTION_DATE=2021-06-13T00:00:00+00:00
AIRFLOW_CTX_DAG_RUN_ID=scheduled__2021-06-13T00:00:00+00:00
[2021-06-14 15:28:38,981] {logging_mixin.py:104} INFO - ------------------------------------Inside Function-----------------------------
[2021-06-14 15:28:41,485] {logging_mixin.py:104} INFO - -------------------------------Data read into dataframe---------------------------
[2021-06-14 15:28:41,990] {logging_mixin.py:104} WARNING - /home/***/.local/lib/python3.6/site-packages/pandas/io/sql.py:1423 UserWarning: The provided table name '21N_vola_list' is not found exactly as such in the database after writing the table, possibly due to case sensitivity issues. Consider using lower case table names.
[2021-06-14 15:28:41,990] {logging_mixin.py:104} INFO - ----------------------------------Data written into summary DB----------------------
[2021-06-14 15:28:42,012] {python.py:151} INFO - Done. Returned value was: None
[2021-06-14 15:28:42,067] {taskinstance.py:1191} INFO - Marking task as SUCCESS. dag_id=summary_db, task_id=vola_list, execution_date=20210613T000000, start_date=20210614T152837, end_date=20210614T152842
[2021-06-14 15:28:42,249] {taskinstance.py:1245} INFO - 0 downstream tasks scheduled from follow-on schedule check
[2021-06-14 15:28:42,277] {local_task_job.py:151} INFO - Task exited with return code 0
[2021-06-14 18:34:36,607] {taskinstance.py:876} INFO - Dependencies all met for <TaskInstance: summary_db.vola_list 2021-06-13T00:00:00+00:00 [queued]>
[2021-06-14 18:34:37,144] {taskinstance.py:876} INFO - Dependencies all met for <TaskInstance: summary_db.vola_list 2021-06-13T00:00:00+00:00 [queued]>
[2021-06-14 18:34:37,146] {taskinstance.py:1067} INFO - 
--------------------------------------------------------------------------------
[2021-06-14 18:34:37,147] {taskinstance.py:1068} INFO - Starting attempt 1 of 2
[2021-06-14 18:34:37,148] {taskinstance.py:1069} INFO - 
--------------------------------------------------------------------------------
[2021-06-14 18:34:37,226] {taskinstance.py:1087} INFO - Executing <Task(PythonOperator): vola_list> on 2021-06-13T00:00:00+00:00
[2021-06-14 18:34:37,302] {standard_task_runner.py:52} INFO - Started process 305 to run task
[2021-06-14 18:34:37,324] {standard_task_runner.py:76} INFO - Running: ['***', 'tasks', 'run', 'summary_db', 'vola_list', '2021-06-13T00:00:00+00:00', '--job-id', '122', '--pool', 'default_pool', '--raw', '--subdir', 'DAGS_FOLDER/first_dag.py', '--cfg-path', '/tmp/tmpj4zc9xfu', '--error-file', '/tmp/tmpctwaes7n']
[2021-06-14 18:34:37,360] {standard_task_runner.py:77} INFO - Job 122: Subtask vola_list
[2021-06-14 18:34:37,943] {logging_mixin.py:104} INFO - Running <TaskInstance: summary_db.vola_list 2021-06-13T00:00:00+00:00 [running]> on host 89c270a4555f
[2021-06-14 18:34:38,478] {taskinstance.py:1282} INFO - Exporting the following env vars:
AIRFLOW_CTX_DAG_OWNER=***
AIRFLOW_CTX_DAG_ID=summary_db
AIRFLOW_CTX_TASK_ID=vola_list
AIRFLOW_CTX_EXECUTION_DATE=2021-06-13T00:00:00+00:00
AIRFLOW_CTX_DAG_RUN_ID=scheduled__2021-06-13T00:00:00+00:00
[2021-06-14 18:34:38,479] {logging_mixin.py:104} INFO - ------------------------------------Inside Function-----------------------------
[2021-06-14 18:34:48,952] {logging_mixin.py:104} INFO - -------------------------------Data read into dataframe---------------------------
[2021-06-14 18:34:49,676] {logging_mixin.py:104} WARNING - /home/***/.local/lib/python3.6/site-packages/pandas/io/sql.py:1423 UserWarning: The provided table name '21N_vola_list' is not found exactly as such in the database after writing the table, possibly due to case sensitivity issues. Consider using lower case table names.
[2021-06-14 18:34:49,682] {logging_mixin.py:104} INFO - ----------------------------------Data written into summary DB----------------------
[2021-06-14 18:34:49,685] {python.py:151} INFO - Done. Returned value was: None
[2021-06-14 18:34:49,800] {taskinstance.py:1191} INFO - Marking task as SUCCESS. dag_id=summary_db, task_id=vola_list, execution_date=20210613T000000, start_date=20210614T183436, end_date=20210614T183449
[2021-06-14 18:34:50,040] {taskinstance.py:1245} INFO - 0 downstream tasks scheduled from follow-on schedule check
[2021-06-14 18:34:50,147] {local_task_job.py:151} INFO - Task exited with return code 0
