[2021-06-16 13:15:58,572] {taskinstance.py:876} INFO - Dependencies all met for <TaskInstance: summary_db.ambassador_refunds 2021-06-15T02:30:00+00:00 [queued]>
[2021-06-16 13:16:12,234] {taskinstance.py:876} INFO - Dependencies all met for <TaskInstance: summary_db.ambassador_refunds 2021-06-15T02:30:00+00:00 [queued]>
[2021-06-16 13:16:12,234] {taskinstance.py:1067} INFO - 
--------------------------------------------------------------------------------
[2021-06-16 13:16:12,234] {taskinstance.py:1068} INFO - Starting attempt 1 of 4
[2021-06-16 13:16:12,234] {taskinstance.py:1069} INFO - 
--------------------------------------------------------------------------------
[2021-06-16 13:16:20,263] {taskinstance.py:1087} INFO - Executing <Task(PythonOperator): ambassador_refunds> on 2021-06-15T02:30:00+00:00
[2021-06-16 13:16:20,313] {standard_task_runner.py:52} INFO - Started process 1941 to run task
[2021-06-16 13:16:28,198] {standard_task_runner.py:76} INFO - Running: ['***', 'tasks', 'run', 'summary_db', 'ambassador_refunds', '2021-06-15T02:30:00+00:00', '--job-id', '217', '--pool', 'default_pool', '--raw', '--subdir', 'DAGS_FOLDER/first_dag.py', '--cfg-path', '/tmp/tmpca8nxe1d', '--error-file', '/tmp/tmpwnm10nsa']
[2021-06-16 13:16:28,300] {standard_task_runner.py:77} INFO - Job 217: Subtask ambassador_refunds
[2021-06-16 13:16:57,499] {logging_mixin.py:104} INFO - Running <TaskInstance: summary_db.ambassador_refunds 2021-06-15T02:30:00+00:00 [running]> on host ac3e7c1eb084
[2021-06-16 13:17:03,167] {taskinstance.py:1282} INFO - Exporting the following env vars:
AIRFLOW_CTX_DAG_OWNER=***
AIRFLOW_CTX_DAG_ID=summary_db
AIRFLOW_CTX_TASK_ID=ambassador_refunds
AIRFLOW_CTX_EXECUTION_DATE=2021-06-15T02:30:00+00:00
AIRFLOW_CTX_DAG_RUN_ID=scheduled__2021-06-15T02:30:00+00:00
[2021-06-16 13:17:03,179] {logging_mixin.py:104} INFO - ------------------------------------Inside Function-----------------------------
[2021-06-16 13:17:54,177] {logging_mixin.py:104} INFO - -------------------------------Data read into dataframe---------------------------
[2021-06-16 13:18:02,686] {logging_mixin.py:104} INFO - ----------------------------------Data written into summary DB----------------------
[2021-06-16 13:18:02,686] {python.py:151} INFO - Done. Returned value was: None
[2021-06-16 13:18:02,715] {taskinstance.py:1191} INFO - Marking task as SUCCESS. dag_id=summary_db, task_id=ambassador_refunds, execution_date=20210615T023000, start_date=20210616T131558, end_date=20210616T131802
[2021-06-16 13:18:02,802] {taskinstance.py:1245} INFO - 0 downstream tasks scheduled from follow-on schedule check
[2021-06-16 13:18:02,840] {local_task_job.py:151} INFO - Task exited with return code 0
