[2021-06-15 17:51:13,258] {taskinstance.py:876} INFO - Dependencies all met for <TaskInstance: summary_db.queue_rescheduled 2021-06-14T00:00:00+00:00 [queued]>
[2021-06-15 17:51:13,401] {taskinstance.py:876} INFO - Dependencies all met for <TaskInstance: summary_db.queue_rescheduled 2021-06-14T00:00:00+00:00 [queued]>
[2021-06-15 17:51:13,401] {taskinstance.py:1067} INFO - 
--------------------------------------------------------------------------------
[2021-06-15 17:51:13,401] {taskinstance.py:1068} INFO - Starting attempt 1 of 2
[2021-06-15 17:51:13,401] {taskinstance.py:1069} INFO - 
--------------------------------------------------------------------------------
[2021-06-15 17:51:13,442] {taskinstance.py:1087} INFO - Executing <Task(PythonOperator): queue_rescheduled> on 2021-06-14T00:00:00+00:00
[2021-06-15 17:51:13,457] {standard_task_runner.py:52} INFO - Started process 959 to run task
[2021-06-15 17:51:13,558] {standard_task_runner.py:76} INFO - Running: ['***', 'tasks', 'run', 'summary_db', 'queue_rescheduled', '2021-06-14T00:00:00+00:00', '--job-id', '140', '--pool', 'default_pool', '--raw', '--subdir', 'DAGS_FOLDER/first_dag.py', '--cfg-path', '/tmp/tmpaaeelp9o', '--error-file', '/tmp/tmpdghkmyxj']
[2021-06-15 17:51:13,559] {standard_task_runner.py:77} INFO - Job 140: Subtask queue_rescheduled
[2021-06-15 17:51:13,931] {logging_mixin.py:104} INFO - Running <TaskInstance: summary_db.queue_rescheduled 2021-06-14T00:00:00+00:00 [running]> on host bb8bb196dd92
[2021-06-15 17:51:14,249] {taskinstance.py:1282} INFO - Exporting the following env vars:
AIRFLOW_CTX_DAG_OWNER=***
AIRFLOW_CTX_DAG_ID=summary_db
AIRFLOW_CTX_TASK_ID=queue_rescheduled
AIRFLOW_CTX_EXECUTION_DATE=2021-06-14T00:00:00+00:00
AIRFLOW_CTX_DAG_RUN_ID=scheduled__2021-06-14T00:00:00+00:00
[2021-06-15 17:51:14,251] {logging_mixin.py:104} INFO - ------------------------------------Inside Function-----------------------------
[2021-06-15 17:51:17,634] {logging_mixin.py:104} INFO - -------------------------------Data read into dataframe---------------------------
[2021-06-15 17:51:22,388] {logging_mixin.py:104} WARNING - /home/***/.local/lib/python3.6/site-packages/pandas/io/sql.py:1423 UserWarning: The provided table name '21N_queue_rescheduled' is not found exactly as such in the database after writing the table, possibly due to case sensitivity issues. Consider using lower case table names.
[2021-06-15 17:51:22,399] {logging_mixin.py:104} INFO - ----------------------------------Data written into summary DB----------------------
[2021-06-15 17:51:22,400] {python.py:151} INFO - Done. Returned value was: None
[2021-06-15 17:51:22,940] {taskinstance.py:1191} INFO - Marking task as SUCCESS. dag_id=summary_db, task_id=queue_rescheduled, execution_date=20210614T000000, start_date=20210615T175113, end_date=20210615T175122
[2021-06-15 17:51:23,422] {taskinstance.py:1245} INFO - 0 downstream tasks scheduled from follow-on schedule check
[2021-06-15 17:51:23,478] {local_task_job.py:151} INFO - Task exited with return code 0
