[2021-06-14 05:32:54,959] {taskinstance.py:876} INFO - Dependencies all met for <TaskInstance: summary_db.ambassador_channel_partner 2021-06-13T00:00:00+00:00 [queued]>
[2021-06-14 05:32:55,048] {taskinstance.py:876} INFO - Dependencies all met for <TaskInstance: summary_db.ambassador_channel_partner 2021-06-13T00:00:00+00:00 [queued]>
[2021-06-14 05:32:55,060] {taskinstance.py:1067} INFO - 
--------------------------------------------------------------------------------
[2021-06-14 05:32:55,060] {taskinstance.py:1068} INFO - Starting attempt 1 of 2
[2021-06-14 05:32:55,060] {taskinstance.py:1069} INFO - 
--------------------------------------------------------------------------------
[2021-06-14 05:32:55,117] {taskinstance.py:1087} INFO - Executing <Task(PythonOperator): ambassador_channel_partner> on 2021-06-13T00:00:00+00:00
[2021-06-14 05:32:55,153] {standard_task_runner.py:52} INFO - Started process 210 to run task
[2021-06-14 05:32:55,150] {standard_task_runner.py:76} INFO - Running: ['***', 'tasks', 'run', 'summary_db', 'ambassador_channel_partner', '2021-06-13T00:00:00+00:00', '--job-id', '30', '--pool', 'default_pool', '--raw', '--subdir', 'DAGS_FOLDER/first_dag.py', '--cfg-path', '/tmp/tmp4t4idovt', '--error-file', '/tmp/tmpc1bq4mxy']
[2021-06-14 05:32:55,170] {standard_task_runner.py:77} INFO - Job 30: Subtask ambassador_channel_partner
[2021-06-14 05:32:55,609] {logging_mixin.py:104} INFO - Running <TaskInstance: summary_db.ambassador_channel_partner 2021-06-13T00:00:00+00:00 [running]> on host cd286abfa59f
[2021-06-14 05:32:56,001] {taskinstance.py:1282} INFO - Exporting the following env vars:
AIRFLOW_CTX_DAG_OWNER=***
AIRFLOW_CTX_DAG_ID=summary_db
AIRFLOW_CTX_TASK_ID=ambassador_channel_partner
AIRFLOW_CTX_EXECUTION_DATE=2021-06-13T00:00:00+00:00
AIRFLOW_CTX_DAG_RUN_ID=scheduled__2021-06-13T00:00:00+00:00
[2021-06-14 05:32:56,004] {logging_mixin.py:104} INFO - ------------------------------------Inside Function-----------------------------
[2021-06-14 05:32:57,798] {logging_mixin.py:104} INFO - -------------------------------Data read into dataframe---------------------------
[2021-06-14 05:32:58,049] {logging_mixin.py:104} WARNING - /home/***/.local/lib/python3.6/site-packages/pandas/io/sql.py:1423 UserWarning: The provided table name '21N_ambassador_channel_partner' is not found exactly as such in the database after writing the table, possibly due to case sensitivity issues. Consider using lower case table names.
[2021-06-14 05:32:58,054] {logging_mixin.py:104} INFO - ----------------------------------Data written into summary DB----------------------
[2021-06-14 05:32:58,055] {python.py:151} INFO - Done. Returned value was: None
[2021-06-14 05:32:58,142] {taskinstance.py:1191} INFO - Marking task as SUCCESS. dag_id=summary_db, task_id=ambassador_channel_partner, execution_date=20210613T000000, start_date=20210614T053254, end_date=20210614T053258
[2021-06-14 05:32:58,272] {taskinstance.py:1245} INFO - 0 downstream tasks scheduled from follow-on schedule check
[2021-06-14 05:32:58,324] {local_task_job.py:151} INFO - Task exited with return code 0
[2021-06-14 12:49:00,865] {taskinstance.py:876} INFO - Dependencies all met for <TaskInstance: summary_db.ambassador_channel_partner 2021-06-13T00:00:00+00:00 [queued]>
[2021-06-14 12:49:01,332] {taskinstance.py:876} INFO - Dependencies all met for <TaskInstance: summary_db.ambassador_channel_partner 2021-06-13T00:00:00+00:00 [queued]>
[2021-06-14 12:49:01,333] {taskinstance.py:1067} INFO - 
--------------------------------------------------------------------------------
[2021-06-14 12:49:01,333] {taskinstance.py:1068} INFO - Starting attempt 1 of 2
[2021-06-14 12:49:01,404] {taskinstance.py:1069} INFO - 
--------------------------------------------------------------------------------
[2021-06-14 12:49:01,511] {taskinstance.py:1087} INFO - Executing <Task(PythonOperator): ambassador_channel_partner> on 2021-06-13T00:00:00+00:00
[2021-06-14 12:49:01,547] {standard_task_runner.py:52} INFO - Started process 383 to run task
[2021-06-14 12:49:01,721] {standard_task_runner.py:76} INFO - Running: ['***', 'tasks', 'run', 'summary_db', 'ambassador_channel_partner', '2021-06-13T00:00:00+00:00', '--job-id', '48', '--pool', 'default_pool', '--raw', '--subdir', 'DAGS_FOLDER/first_dag.py', '--cfg-path', '/tmp/tmp06iqlkgs', '--error-file', '/tmp/tmpvxe64_lo']
[2021-06-14 12:49:01,823] {standard_task_runner.py:77} INFO - Job 48: Subtask ambassador_channel_partner
[2021-06-14 12:49:02,378] {logging_mixin.py:104} INFO - Running <TaskInstance: summary_db.ambassador_channel_partner 2021-06-13T00:00:00+00:00 [running]> on host 7874826b9cd7
[2021-06-14 12:49:02,677] {taskinstance.py:1282} INFO - Exporting the following env vars:
AIRFLOW_CTX_DAG_OWNER=***
AIRFLOW_CTX_DAG_ID=summary_db
AIRFLOW_CTX_TASK_ID=ambassador_channel_partner
AIRFLOW_CTX_EXECUTION_DATE=2021-06-13T00:00:00+00:00
AIRFLOW_CTX_DAG_RUN_ID=scheduled__2021-06-13T00:00:00+00:00
[2021-06-14 12:49:02,678] {logging_mixin.py:104} INFO - ------------------------------------Inside Function-----------------------------
[2021-06-14 12:49:05,262] {logging_mixin.py:104} INFO - -------------------------------Data read into dataframe---------------------------
[2021-06-14 12:49:05,976] {logging_mixin.py:104} WARNING - /home/***/.local/lib/python3.6/site-packages/pandas/io/sql.py:1423 UserWarning: The provided table name '21N_ambassador_channel_partner' is not found exactly as such in the database after writing the table, possibly due to case sensitivity issues. Consider using lower case table names.
[2021-06-14 12:49:06,000] {logging_mixin.py:104} INFO - ----------------------------------Data written into summary DB----------------------
[2021-06-14 12:49:06,013] {python.py:151} INFO - Done. Returned value was: None
[2021-06-14 12:49:06,277] {taskinstance.py:1191} INFO - Marking task as SUCCESS. dag_id=summary_db, task_id=ambassador_channel_partner, execution_date=20210613T000000, start_date=20210614T124900, end_date=20210614T124906
[2021-06-14 12:49:06,722] {taskinstance.py:1245} INFO - 0 downstream tasks scheduled from follow-on schedule check
[2021-06-14 12:49:06,868] {local_task_job.py:151} INFO - Task exited with return code 0
[2021-06-14 15:28:06,207] {taskinstance.py:876} INFO - Dependencies all met for <TaskInstance: summary_db.ambassador_channel_partner 2021-06-13T00:00:00+00:00 [queued]>
[2021-06-14 15:28:06,759] {taskinstance.py:876} INFO - Dependencies all met for <TaskInstance: summary_db.ambassador_channel_partner 2021-06-13T00:00:00+00:00 [queued]>
[2021-06-14 15:28:06,759] {taskinstance.py:1067} INFO - 
--------------------------------------------------------------------------------
[2021-06-14 15:28:06,759] {taskinstance.py:1068} INFO - Starting attempt 1 of 2
[2021-06-14 15:28:06,759] {taskinstance.py:1069} INFO - 
--------------------------------------------------------------------------------
[2021-06-14 15:28:06,965] {taskinstance.py:1087} INFO - Executing <Task(PythonOperator): ambassador_channel_partner> on 2021-06-13T00:00:00+00:00
[2021-06-14 15:28:07,234] {standard_task_runner.py:52} INFO - Started process 795 to run task
[2021-06-14 15:28:07,455] {standard_task_runner.py:76} INFO - Running: ['***', 'tasks', 'run', 'summary_db', 'ambassador_channel_partner', '2021-06-13T00:00:00+00:00', '--job-id', '74', '--pool', 'default_pool', '--raw', '--subdir', 'DAGS_FOLDER/first_dag.py', '--cfg-path', '/tmp/tmpe1_7iny9', '--error-file', '/tmp/tmpdt_oir4a']
[2021-06-14 15:28:07,456] {standard_task_runner.py:77} INFO - Job 74: Subtask ambassador_channel_partner
[2021-06-14 15:28:08,672] {logging_mixin.py:104} INFO - Running <TaskInstance: summary_db.ambassador_channel_partner 2021-06-13T00:00:00+00:00 [running]> on host 7874826b9cd7
[2021-06-14 15:28:09,537] {taskinstance.py:1282} INFO - Exporting the following env vars:
AIRFLOW_CTX_DAG_OWNER=***
AIRFLOW_CTX_DAG_ID=summary_db
AIRFLOW_CTX_TASK_ID=ambassador_channel_partner
AIRFLOW_CTX_EXECUTION_DATE=2021-06-13T00:00:00+00:00
AIRFLOW_CTX_DAG_RUN_ID=scheduled__2021-06-13T00:00:00+00:00
[2021-06-14 15:28:09,539] {logging_mixin.py:104} INFO - ------------------------------------Inside Function-----------------------------
[2021-06-14 15:28:11,763] {logging_mixin.py:104} INFO - -------------------------------Data read into dataframe---------------------------
[2021-06-14 15:28:13,299] {logging_mixin.py:104} WARNING - /home/***/.local/lib/python3.6/site-packages/pandas/io/sql.py:1423 UserWarning: The provided table name '21N_ambassador_channel_partner' is not found exactly as such in the database after writing the table, possibly due to case sensitivity issues. Consider using lower case table names.
[2021-06-14 15:28:13,304] {logging_mixin.py:104} INFO - ----------------------------------Data written into summary DB----------------------
[2021-06-14 15:28:13,304] {python.py:151} INFO - Done. Returned value was: None
[2021-06-14 15:28:13,507] {taskinstance.py:1191} INFO - Marking task as SUCCESS. dag_id=summary_db, task_id=ambassador_channel_partner, execution_date=20210613T000000, start_date=20210614T152806, end_date=20210614T152813
[2021-06-14 15:28:14,216] {taskinstance.py:1245} INFO - 0 downstream tasks scheduled from follow-on schedule check
[2021-06-14 15:28:14,646] {local_task_job.py:151} INFO - Task exited with return code 0
[2021-06-14 18:33:54,395] {taskinstance.py:876} INFO - Dependencies all met for <TaskInstance: summary_db.ambassador_channel_partner 2021-06-13T00:00:00+00:00 [queued]>
[2021-06-14 18:33:55,716] {taskinstance.py:876} INFO - Dependencies all met for <TaskInstance: summary_db.ambassador_channel_partner 2021-06-13T00:00:00+00:00 [queued]>
[2021-06-14 18:33:55,717] {taskinstance.py:1067} INFO - 
--------------------------------------------------------------------------------
[2021-06-14 18:33:55,717] {taskinstance.py:1068} INFO - Starting attempt 1 of 2
[2021-06-14 18:33:55,717] {taskinstance.py:1069} INFO - 
--------------------------------------------------------------------------------
[2021-06-14 18:33:55,844] {taskinstance.py:1087} INFO - Executing <Task(PythonOperator): ambassador_channel_partner> on 2021-06-13T00:00:00+00:00
[2021-06-14 18:33:56,044] {standard_task_runner.py:52} INFO - Started process 258 to run task
[2021-06-14 18:33:56,223] {standard_task_runner.py:76} INFO - Running: ['***', 'tasks', 'run', 'summary_db', 'ambassador_channel_partner', '2021-06-13T00:00:00+00:00', '--job-id', '112', '--pool', 'default_pool', '--raw', '--subdir', 'DAGS_FOLDER/first_dag.py', '--cfg-path', '/tmp/tmpc5sms0mm', '--error-file', '/tmp/tmpsqooblco']
[2021-06-14 18:33:56,224] {standard_task_runner.py:77} INFO - Job 112: Subtask ambassador_channel_partner
[2021-06-14 18:33:57,191] {logging_mixin.py:104} INFO - Running <TaskInstance: summary_db.ambassador_channel_partner 2021-06-13T00:00:00+00:00 [running]> on host 89c270a4555f
[2021-06-14 18:33:58,552] {taskinstance.py:1282} INFO - Exporting the following env vars:
AIRFLOW_CTX_DAG_OWNER=***
AIRFLOW_CTX_DAG_ID=summary_db
AIRFLOW_CTX_TASK_ID=ambassador_channel_partner
AIRFLOW_CTX_EXECUTION_DATE=2021-06-13T00:00:00+00:00
AIRFLOW_CTX_DAG_RUN_ID=scheduled__2021-06-13T00:00:00+00:00
[2021-06-14 18:33:58,553] {logging_mixin.py:104} INFO - ------------------------------------Inside Function-----------------------------
[2021-06-14 18:34:09,994] {logging_mixin.py:104} INFO - -------------------------------Data read into dataframe---------------------------
[2021-06-14 18:34:10,301] {logging_mixin.py:104} WARNING - /home/***/.local/lib/python3.6/site-packages/pandas/io/sql.py:1423 UserWarning: The provided table name '21N_ambassador_channel_partner' is not found exactly as such in the database after writing the table, possibly due to case sensitivity issues. Consider using lower case table names.
[2021-06-14 18:34:10,301] {logging_mixin.py:104} INFO - ----------------------------------Data written into summary DB----------------------
[2021-06-14 18:34:10,302] {python.py:151} INFO - Done. Returned value was: None
[2021-06-14 18:34:10,397] {taskinstance.py:1191} INFO - Marking task as SUCCESS. dag_id=summary_db, task_id=ambassador_channel_partner, execution_date=20210613T000000, start_date=20210614T183354, end_date=20210614T183410
[2021-06-14 18:34:10,594] {taskinstance.py:1245} INFO - 0 downstream tasks scheduled from follow-on schedule check
[2021-06-14 18:34:10,692] {local_task_job.py:151} INFO - Task exited with return code 0
