[2021-06-16 13:17:39,900] {taskinstance.py:876} INFO - Dependencies all met for <TaskInstance: summary_db.servicecentre 2021-06-15T02:30:00+00:00 [queued]>
[2021-06-16 13:17:40,037] {taskinstance.py:876} INFO - Dependencies all met for <TaskInstance: summary_db.servicecentre 2021-06-15T02:30:00+00:00 [queued]>
[2021-06-16 13:17:40,038] {taskinstance.py:1067} INFO - 
--------------------------------------------------------------------------------
[2021-06-16 13:17:40,038] {taskinstance.py:1068} INFO - Starting attempt 1 of 4
[2021-06-16 13:17:40,038] {taskinstance.py:1069} INFO - 
--------------------------------------------------------------------------------
[2021-06-16 13:17:40,128] {taskinstance.py:1087} INFO - Executing <Task(PythonOperator): servicecentre> on 2021-06-15T02:30:00+00:00
[2021-06-16 13:17:40,151] {standard_task_runner.py:76} INFO - Running: ['***', 'tasks', 'run', 'summary_db', 'servicecentre', '2021-06-15T02:30:00+00:00', '--job-id', '234', '--pool', 'default_pool', '--raw', '--subdir', 'DAGS_FOLDER/first_dag.py', '--cfg-path', '/tmp/tmp1o5v3o2p', '--error-file', '/tmp/tmpqj8_4nv2']
[2021-06-16 13:17:40,152] {standard_task_runner.py:77} INFO - Job 234: Subtask servicecentre
[2021-06-16 13:17:40,141] {standard_task_runner.py:52} INFO - Started process 1976 to run task
[2021-06-16 13:17:40,612] {logging_mixin.py:104} INFO - Running <TaskInstance: summary_db.servicecentre 2021-06-15T02:30:00+00:00 [running]> on host ac3e7c1eb084
[2021-06-16 13:17:41,043] {taskinstance.py:1282} INFO - Exporting the following env vars:
AIRFLOW_CTX_DAG_OWNER=***
AIRFLOW_CTX_DAG_ID=summary_db
AIRFLOW_CTX_TASK_ID=servicecentre
AIRFLOW_CTX_EXECUTION_DATE=2021-06-15T02:30:00+00:00
AIRFLOW_CTX_DAG_RUN_ID=scheduled__2021-06-15T02:30:00+00:00
[2021-06-16 13:17:41,044] {logging_mixin.py:104} INFO - ------------------------------------Inside Function-----------------------------
[2021-06-16 13:17:44,094] {logging_mixin.py:104} INFO - -------------------------------Data read into dataframe---------------------------
[2021-06-16 13:17:46,560] {logging_mixin.py:104} INFO - ----------------------------------Data written into summary DB----------------------
[2021-06-16 13:17:46,560] {python.py:151} INFO - Done. Returned value was: None
[2021-06-16 13:17:46,707] {taskinstance.py:1191} INFO - Marking task as SUCCESS. dag_id=summary_db, task_id=servicecentre, execution_date=20210615T023000, start_date=20210616T131739, end_date=20210616T131746
[2021-06-16 13:17:47,068] {taskinstance.py:1245} INFO - 0 downstream tasks scheduled from follow-on schedule check
[2021-06-16 13:17:47,224] {local_task_job.py:151} INFO - Task exited with return code 0
