[2021-06-10 06:39:13,400] {taskinstance.py:876} INFO - Dependencies all met for <TaskInstance: Summary_db.db_conn 2021-06-09T00:00:00+00:00 [queued]>
[2021-06-10 06:39:13,416] {taskinstance.py:876} INFO - Dependencies all met for <TaskInstance: Summary_db.db_conn 2021-06-09T00:00:00+00:00 [queued]>
[2021-06-10 06:39:13,417] {taskinstance.py:1067} INFO - 
--------------------------------------------------------------------------------
[2021-06-10 06:39:13,417] {taskinstance.py:1068} INFO - Starting attempt 2 of 2
[2021-06-10 06:39:13,419] {taskinstance.py:1069} INFO - 
--------------------------------------------------------------------------------
[2021-06-10 06:39:13,428] {taskinstance.py:1087} INFO - Executing <Task(PythonOperator): db_conn> on 2021-06-09T00:00:00+00:00
[2021-06-10 06:39:13,433] {standard_task_runner.py:52} INFO - Started process 6142 to run task
[2021-06-10 06:39:13,437] {standard_task_runner.py:76} INFO - Running: ['***', 'tasks', 'run', 'Summary_db', 'db_conn', '2021-06-09T00:00:00+00:00', '--job-id', '54', '--pool', 'default_pool', '--raw', '--subdir', 'DAGS_FOLDER/first_dag.py', '--cfg-path', '/tmp/tmp5lqpbf50', '--error-file', '/tmp/tmp_7obxxa9']
[2021-06-10 06:39:13,438] {standard_task_runner.py:77} INFO - Job 54: Subtask db_conn
[2021-06-10 06:39:13,479] {logging_mixin.py:104} INFO - Running <TaskInstance: Summary_db.db_conn 2021-06-09T00:00:00+00:00 [running]> on host 92d10234ca3a
[2021-06-10 06:39:13,523] {taskinstance.py:1282} INFO - Exporting the following env vars:
AIRFLOW_CTX_DAG_OWNER=***
AIRFLOW_CTX_DAG_ID=Summary_db
AIRFLOW_CTX_TASK_ID=db_conn
AIRFLOW_CTX_EXECUTION_DATE=2021-06-09T00:00:00+00:00
AIRFLOW_CTX_DAG_RUN_ID=scheduled__2021-06-09T00:00:00+00:00
[2021-06-10 06:39:13,523] {logging_mixin.py:104} INFO - DB Connection started
[2021-06-10 06:39:13,523] {logging_mixin.py:104} INFO - replica DB -------------->>>>>>>>>>>>>>> <***.providers.mysql.hooks.mysql.MySqlHook object at 0x7fe438230048>
[2021-06-10 06:39:13,524] {logging_mixin.py:104} INFO - localhost-------------------------->>>>>>>>>>>>>>>> <***.providers.mysql.hooks.mysql.MySqlHook object at 0x7fe4382302b0>
[2021-06-10 06:39:13,534] {base.py:78} INFO - Using connection to: id: 21n_replica. Host: 3.0.136.197, Port: 3306, Schema: 21north, Login: yantra, Password: ***, extra: {}
[2021-06-10 06:39:15,152] {taskinstance.py:1481} ERROR - Task failed with exception
Traceback (most recent call last):
  File "/home/airflow/.local/lib/python3.6/site-packages/airflow/models/taskinstance.py", line 1137, in _run_raw_task
    self._prepare_and_execute_task_with_callbacks(context, task)
  File "/home/airflow/.local/lib/python3.6/site-packages/airflow/models/taskinstance.py", line 1311, in _prepare_and_execute_task_with_callbacks
    result = self._execute_task(context, task_copy)
  File "/home/airflow/.local/lib/python3.6/site-packages/airflow/models/taskinstance.py", line 1341, in _execute_task
    result = task_copy.execute(context=context)
  File "/home/airflow/.local/lib/python3.6/site-packages/airflow/operators/python.py", line 150, in execute
    return_value = self.execute_callable()
  File "/home/airflow/.local/lib/python3.6/site-packages/airflow/operators/python.py", line 161, in execute_callable
    return self.python_callable(*self.op_args, **self.op_kwargs)
  File "/opt/airflow/dags/first_dag.py", line 44, in db_conn
    src_conn = replica_db_connector.get_conn()
  File "/home/airflow/.local/lib/python3.6/site-packages/airflow/providers/mysql/hooks/mysql.py", line 168, in get_conn
    return MySQLdb.connect(**conn_config)
  File "/home/airflow/.local/lib/python3.6/site-packages/MySQLdb/__init__.py", line 130, in Connect
    return Connection(*args, **kwargs)
  File "/home/airflow/.local/lib/python3.6/site-packages/MySQLdb/connections.py", line 185, in __init__
    super().__init__(*args, **kwargs2)
MySQLdb._exceptions.OperationalError: (2026, 'SSL connection error: error:1425F102:SSL routines:ssl_choose_client_version:unsupported protocol')
[2021-06-10 06:39:15,155] {taskinstance.py:1531} INFO - Marking task as FAILED. dag_id=Summary_db, task_id=db_conn, execution_date=20210609T000000, start_date=20210610T063913, end_date=20210610T063915
[2021-06-10 06:39:15,216] {local_task_job.py:151} INFO - Task exited with return code 1
[2021-06-10 08:31:28,690] {taskinstance.py:876} INFO - Dependencies all met for <TaskInstance: Summary_db.db_conn 2021-06-09T00:00:00+00:00 [queued]>
[2021-06-10 08:31:28,706] {taskinstance.py:876} INFO - Dependencies all met for <TaskInstance: Summary_db.db_conn 2021-06-09T00:00:00+00:00 [queued]>
[2021-06-10 08:31:28,707] {taskinstance.py:1067} INFO - 
--------------------------------------------------------------------------------
[2021-06-10 08:31:28,707] {taskinstance.py:1068} INFO - Starting attempt 2 of 2
[2021-06-10 08:31:28,709] {taskinstance.py:1069} INFO - 
--------------------------------------------------------------------------------
[2021-06-10 08:31:28,719] {taskinstance.py:1087} INFO - Executing <Task(PythonOperator): db_conn> on 2021-06-09T00:00:00+00:00
[2021-06-10 08:31:28,723] {standard_task_runner.py:52} INFO - Started process 444 to run task
[2021-06-10 08:31:28,727] {standard_task_runner.py:76} INFO - Running: ['***', 'tasks', 'run', 'Summary_db', 'db_conn', '2021-06-09T00:00:00+00:00', '--job-id', '57', '--pool', 'default_pool', '--raw', '--subdir', 'DAGS_FOLDER/first_dag.py', '--cfg-path', '/tmp/tmpzbww16so', '--error-file', '/tmp/tmp8e871rkq']
[2021-06-10 08:31:28,727] {standard_task_runner.py:77} INFO - Job 57: Subtask db_conn
[2021-06-10 08:31:28,768] {logging_mixin.py:104} INFO - Running <TaskInstance: Summary_db.db_conn 2021-06-09T00:00:00+00:00 [running]> on host ed71f694199d
[2021-06-10 08:31:28,812] {taskinstance.py:1282} INFO - Exporting the following env vars:
AIRFLOW_CTX_DAG_OWNER=***
AIRFLOW_CTX_DAG_ID=Summary_db
AIRFLOW_CTX_TASK_ID=db_conn
AIRFLOW_CTX_EXECUTION_DATE=2021-06-09T00:00:00+00:00
AIRFLOW_CTX_DAG_RUN_ID=scheduled__2021-06-09T00:00:00+00:00
[2021-06-10 08:31:28,813] {logging_mixin.py:104} INFO - DB Connection started
[2021-06-10 08:31:28,813] {taskinstance.py:1481} ERROR - Task failed with exception
Traceback (most recent call last):
  File "/home/airflow/.local/lib/python3.6/site-packages/airflow/models/taskinstance.py", line 1137, in _run_raw_task
    self._prepare_and_execute_task_with_callbacks(context, task)
  File "/home/airflow/.local/lib/python3.6/site-packages/airflow/models/taskinstance.py", line 1311, in _prepare_and_execute_task_with_callbacks
    result = self._execute_task(context, task_copy)
  File "/home/airflow/.local/lib/python3.6/site-packages/airflow/models/taskinstance.py", line 1341, in _execute_task
    result = task_copy.execute(context=context)
  File "/home/airflow/.local/lib/python3.6/site-packages/airflow/operators/python.py", line 150, in execute
    return_value = self.execute_callable()
  File "/home/airflow/.local/lib/python3.6/site-packages/airflow/operators/python.py", line 161, in execute_callable
    return self.python_callable(*self.op_args, **self.op_kwargs)
  File "/opt/airflow/dags/first_dag.py", line 38, in db_conn
    replica_db_engine = create_engine("mysql://yantra:0FRZ*j7,>M>C,&tJ@3.0.136.197/21north")
NameError: name 'create_engine' is not defined
[2021-06-10 08:31:28,815] {taskinstance.py:1531} INFO - Marking task as FAILED. dag_id=Summary_db, task_id=db_conn, execution_date=20210609T000000, start_date=20210610T083128, end_date=20210610T083128
[2021-06-10 08:31:28,858] {local_task_job.py:151} INFO - Task exited with return code 1
[2021-06-10 08:48:00,168] {taskinstance.py:876} INFO - Dependencies all met for <TaskInstance: Summary_db.db_conn 2021-06-09T00:00:00+00:00 [queued]>
[2021-06-10 08:48:00,192] {taskinstance.py:876} INFO - Dependencies all met for <TaskInstance: Summary_db.db_conn 2021-06-09T00:00:00+00:00 [queued]>
[2021-06-10 08:48:00,192] {taskinstance.py:1067} INFO - 
--------------------------------------------------------------------------------
[2021-06-10 08:48:00,192] {taskinstance.py:1068} INFO - Starting attempt 2 of 2
[2021-06-10 08:48:00,196] {taskinstance.py:1069} INFO - 
--------------------------------------------------------------------------------
[2021-06-10 08:48:00,225] {taskinstance.py:1087} INFO - Executing <Task(PythonOperator): db_conn> on 2021-06-09T00:00:00+00:00
[2021-06-10 08:48:00,232] {standard_task_runner.py:52} INFO - Started process 525 to run task
[2021-06-10 08:48:00,237] {standard_task_runner.py:76} INFO - Running: ['***', 'tasks', 'run', 'Summary_db', 'db_conn', '2021-06-09T00:00:00+00:00', '--job-id', '60', '--pool', 'default_pool', '--raw', '--subdir', 'DAGS_FOLDER/first_dag.py', '--cfg-path', '/tmp/tmphlztugo_', '--error-file', '/tmp/tmp_f2hx_4x']
[2021-06-10 08:48:00,238] {standard_task_runner.py:77} INFO - Job 60: Subtask db_conn
[2021-06-10 08:48:00,358] {logging_mixin.py:104} INFO - Running <TaskInstance: Summary_db.db_conn 2021-06-09T00:00:00+00:00 [running]> on host d66661c0d609
[2021-06-10 08:48:00,469] {taskinstance.py:1282} INFO - Exporting the following env vars:
AIRFLOW_CTX_DAG_OWNER=***
AIRFLOW_CTX_DAG_ID=Summary_db
AIRFLOW_CTX_TASK_ID=db_conn
AIRFLOW_CTX_EXECUTION_DATE=2021-06-09T00:00:00+00:00
AIRFLOW_CTX_DAG_RUN_ID=scheduled__2021-06-09T00:00:00+00:00
[2021-06-10 08:48:00,470] {logging_mixin.py:104} INFO - DB Connection started
[2021-06-10 08:48:00,471] {taskinstance.py:1481} ERROR - Task failed with exception
Traceback (most recent call last):
  File "/home/airflow/.local/lib/python3.6/site-packages/airflow/models/taskinstance.py", line 1137, in _run_raw_task
    self._prepare_and_execute_task_with_callbacks(context, task)
  File "/home/airflow/.local/lib/python3.6/site-packages/airflow/models/taskinstance.py", line 1311, in _prepare_and_execute_task_with_callbacks
    result = self._execute_task(context, task_copy)
  File "/home/airflow/.local/lib/python3.6/site-packages/airflow/models/taskinstance.py", line 1341, in _execute_task
    result = task_copy.execute(context=context)
  File "/home/airflow/.local/lib/python3.6/site-packages/airflow/operators/python.py", line 150, in execute
    return_value = self.execute_callable()
  File "/home/airflow/.local/lib/python3.6/site-packages/airflow/operators/python.py", line 161, in execute_callable
    return self.python_callable(*self.op_args, **self.op_kwargs)
  File "/opt/airflow/dags/first_dag.py", line 38, in db_conn
    replica_db_engine = create_engine("mysql://yantra:0FRZ*j7,>M>C,&tJ@3.0.136.197/21north")
NameError: name 'create_engine' is not defined
[2021-06-10 08:48:00,473] {taskinstance.py:1531} INFO - Marking task as FAILED. dag_id=Summary_db, task_id=db_conn, execution_date=20210609T000000, start_date=20210610T084800, end_date=20210610T084800
[2021-06-10 08:48:00,534] {local_task_job.py:151} INFO - Task exited with return code 1
[2021-06-10 08:59:08,898] {taskinstance.py:876} INFO - Dependencies all met for <TaskInstance: Summary_db.db_conn 2021-06-09T00:00:00+00:00 [queued]>
[2021-06-10 08:59:08,925] {taskinstance.py:876} INFO - Dependencies all met for <TaskInstance: Summary_db.db_conn 2021-06-09T00:00:00+00:00 [queued]>
[2021-06-10 08:59:08,925] {taskinstance.py:1067} INFO - 
--------------------------------------------------------------------------------
[2021-06-10 08:59:08,925] {taskinstance.py:1068} INFO - Starting attempt 2 of 2
[2021-06-10 08:59:08,928] {taskinstance.py:1069} INFO - 
--------------------------------------------------------------------------------
[2021-06-10 08:59:08,944] {taskinstance.py:1087} INFO - Executing <Task(PythonOperator): db_conn> on 2021-06-09T00:00:00+00:00
[2021-06-10 08:59:08,950] {standard_task_runner.py:52} INFO - Started process 485 to run task
[2021-06-10 08:59:08,956] {standard_task_runner.py:76} INFO - Running: ['***', 'tasks', 'run', 'Summary_db', 'db_conn', '2021-06-09T00:00:00+00:00', '--job-id', '63', '--pool', 'default_pool', '--raw', '--subdir', 'DAGS_FOLDER/first_dag.py', '--cfg-path', '/tmp/tmpgnjft1ic', '--error-file', '/tmp/tmpj95j6f2h']
[2021-06-10 08:59:08,956] {standard_task_runner.py:77} INFO - Job 63: Subtask db_conn
[2021-06-10 08:59:09,026] {logging_mixin.py:104} INFO - Running <TaskInstance: Summary_db.db_conn 2021-06-09T00:00:00+00:00 [running]> on host ec14d2de4cb7
[2021-06-10 08:59:09,113] {taskinstance.py:1282} INFO - Exporting the following env vars:
AIRFLOW_CTX_DAG_OWNER=***
AIRFLOW_CTX_DAG_ID=Summary_db
AIRFLOW_CTX_TASK_ID=db_conn
AIRFLOW_CTX_EXECUTION_DATE=2021-06-09T00:00:00+00:00
AIRFLOW_CTX_DAG_RUN_ID=scheduled__2021-06-09T00:00:00+00:00
[2021-06-10 08:59:09,114] {logging_mixin.py:104} INFO - DB Connection started
[2021-06-10 08:59:09,114] {taskinstance.py:1481} ERROR - Task failed with exception
Traceback (most recent call last):
  File "/home/airflow/.local/lib/python3.6/site-packages/airflow/models/taskinstance.py", line 1137, in _run_raw_task
    self._prepare_and_execute_task_with_callbacks(context, task)
  File "/home/airflow/.local/lib/python3.6/site-packages/airflow/models/taskinstance.py", line 1311, in _prepare_and_execute_task_with_callbacks
    result = self._execute_task(context, task_copy)
  File "/home/airflow/.local/lib/python3.6/site-packages/airflow/models/taskinstance.py", line 1341, in _execute_task
    result = task_copy.execute(context=context)
  File "/home/airflow/.local/lib/python3.6/site-packages/airflow/operators/python.py", line 150, in execute
    return_value = self.execute_callable()
  File "/home/airflow/.local/lib/python3.6/site-packages/airflow/operators/python.py", line 161, in execute_callable
    return self.python_callable(*self.op_args, **self.op_kwargs)
  File "/opt/airflow/dags/first_dag.py", line 27, in db_conn
    print("SQL ALCHEMY VERSION : ",sqlalchemy.__version__)
NameError: name 'sqlalchemy' is not defined
[2021-06-10 08:59:09,116] {taskinstance.py:1531} INFO - Marking task as FAILED. dag_id=Summary_db, task_id=db_conn, execution_date=20210609T000000, start_date=20210610T085908, end_date=20210610T085909
[2021-06-10 08:59:09,146] {local_task_job.py:151} INFO - Task exited with return code 1
[2021-06-10 09:24:07,631] {taskinstance.py:876} INFO - Dependencies all met for <TaskInstance: Summary_db.db_conn 2021-06-09T00:00:00+00:00 [queued]>
[2021-06-10 09:24:07,651] {taskinstance.py:876} INFO - Dependencies all met for <TaskInstance: Summary_db.db_conn 2021-06-09T00:00:00+00:00 [queued]>
[2021-06-10 09:24:07,651] {taskinstance.py:1067} INFO - 
--------------------------------------------------------------------------------
[2021-06-10 09:24:07,652] {taskinstance.py:1068} INFO - Starting attempt 2 of 2
[2021-06-10 09:24:07,654] {taskinstance.py:1069} INFO - 
--------------------------------------------------------------------------------
[2021-06-10 09:24:07,665] {taskinstance.py:1087} INFO - Executing <Task(PythonOperator): db_conn> on 2021-06-09T00:00:00+00:00
[2021-06-10 09:24:07,675] {standard_task_runner.py:76} INFO - Running: ['***', 'tasks', 'run', 'Summary_db', 'db_conn', '2021-06-09T00:00:00+00:00', '--job-id', '102', '--pool', 'default_pool', '--raw', '--subdir', 'DAGS_FOLDER/first_dag.py', '--cfg-path', '/tmp/tmp5l7qzwy9', '--error-file', '/tmp/tmpb2a70pp1']
[2021-06-10 09:24:07,676] {standard_task_runner.py:77} INFO - Job 102: Subtask db_conn
[2021-06-10 09:24:07,682] {standard_task_runner.py:52} INFO - Started process 433 to run task
[2021-06-10 09:24:07,723] {logging_mixin.py:104} INFO - Running <TaskInstance: Summary_db.db_conn 2021-06-09T00:00:00+00:00 [running]> on host 9efec01384c8
[2021-06-10 09:24:07,784] {taskinstance.py:1282} INFO - Exporting the following env vars:
AIRFLOW_CTX_DAG_OWNER=***
AIRFLOW_CTX_DAG_ID=Summary_db
AIRFLOW_CTX_TASK_ID=db_conn
AIRFLOW_CTX_EXECUTION_DATE=2021-06-09T00:00:00+00:00
AIRFLOW_CTX_DAG_RUN_ID=scheduled__2021-06-09T00:00:00+00:00
[2021-06-10 09:24:07,785] {logging_mixin.py:104} INFO - DB Connection started
[2021-06-10 09:24:07,785] {taskinstance.py:1481} ERROR - Task failed with exception
Traceback (most recent call last):
  File "/home/airflow/.local/lib/python3.6/site-packages/airflow/models/taskinstance.py", line 1137, in _run_raw_task
    self._prepare_and_execute_task_with_callbacks(context, task)
  File "/home/airflow/.local/lib/python3.6/site-packages/airflow/models/taskinstance.py", line 1311, in _prepare_and_execute_task_with_callbacks
    result = self._execute_task(context, task_copy)
  File "/home/airflow/.local/lib/python3.6/site-packages/airflow/models/taskinstance.py", line 1341, in _execute_task
    result = task_copy.execute(context=context)
  File "/home/airflow/.local/lib/python3.6/site-packages/airflow/operators/python.py", line 150, in execute
    return_value = self.execute_callable()
  File "/home/airflow/.local/lib/python3.6/site-packages/airflow/operators/python.py", line 161, in execute_callable
    return self.python_callable(*self.op_args, **self.op_kwargs)
  File "/opt/airflow/dags/first_dag.py", line 27, in db_conn
    print("SQL ALCHEMY VERSION : ",sqlalchemy.__version__)
NameError: name 'sqlalchemy' is not defined
[2021-06-10 09:24:07,787] {taskinstance.py:1531} INFO - Marking task as FAILED. dag_id=Summary_db, task_id=db_conn, execution_date=20210609T000000, start_date=20210610T092407, end_date=20210610T092407
[2021-06-10 09:24:07,819] {local_task_job.py:151} INFO - Task exited with return code 1
[2021-06-10 11:53:13,667] {taskinstance.py:876} INFO - Dependencies all met for <TaskInstance: Summary_db.db_conn 2021-06-09T00:00:00+00:00 [queued]>
[2021-06-10 11:53:13,712] {taskinstance.py:876} INFO - Dependencies all met for <TaskInstance: Summary_db.db_conn 2021-06-09T00:00:00+00:00 [queued]>
[2021-06-10 11:53:13,713] {taskinstance.py:1067} INFO - 
--------------------------------------------------------------------------------
[2021-06-10 11:53:13,713] {taskinstance.py:1068} INFO - Starting attempt 2 of 2
[2021-06-10 11:53:13,719] {taskinstance.py:1069} INFO - 
--------------------------------------------------------------------------------
[2021-06-10 11:53:13,773] {taskinstance.py:1087} INFO - Executing <Task(PythonOperator): db_conn> on 2021-06-09T00:00:00+00:00
[2021-06-10 11:53:13,782] {standard_task_runner.py:52} INFO - Started process 59 to run task
[2021-06-10 11:53:13,788] {standard_task_runner.py:76} INFO - Running: ['***', 'tasks', 'run', 'Summary_db', 'db_conn', '2021-06-09T00:00:00+00:00', '--job-id', '122', '--pool', 'default_pool', '--raw', '--subdir', 'DAGS_FOLDER/first_dag.py', '--cfg-path', '/tmp/tmph7jl8nx1', '--error-file', '/tmp/tmpk_5sq0rd']
[2021-06-10 11:53:13,792] {standard_task_runner.py:77} INFO - Job 122: Subtask db_conn
[2021-06-10 11:53:13,925] {logging_mixin.py:104} INFO - Running <TaskInstance: Summary_db.db_conn 2021-06-09T00:00:00+00:00 [running]> on host 730f8b56b104
[2021-06-10 11:53:14,081] {taskinstance.py:1282} INFO - Exporting the following env vars:
AIRFLOW_CTX_DAG_OWNER=***
AIRFLOW_CTX_DAG_ID=Summary_db
AIRFLOW_CTX_TASK_ID=db_conn
AIRFLOW_CTX_EXECUTION_DATE=2021-06-09T00:00:00+00:00
AIRFLOW_CTX_DAG_RUN_ID=scheduled__2021-06-09T00:00:00+00:00
[2021-06-10 11:53:14,082] {logging_mixin.py:104} INFO - DB Connection started
[2021-06-10 11:53:14,082] {taskinstance.py:1481} ERROR - Task failed with exception
Traceback (most recent call last):
  File "/home/airflow/.local/lib/python3.6/site-packages/airflow/models/taskinstance.py", line 1137, in _run_raw_task
    self._prepare_and_execute_task_with_callbacks(context, task)
  File "/home/airflow/.local/lib/python3.6/site-packages/airflow/models/taskinstance.py", line 1311, in _prepare_and_execute_task_with_callbacks
    result = self._execute_task(context, task_copy)
  File "/home/airflow/.local/lib/python3.6/site-packages/airflow/models/taskinstance.py", line 1341, in _execute_task
    result = task_copy.execute(context=context)
  File "/home/airflow/.local/lib/python3.6/site-packages/airflow/operators/python.py", line 150, in execute
    return_value = self.execute_callable()
  File "/home/airflow/.local/lib/python3.6/site-packages/airflow/operators/python.py", line 161, in execute_callable
    return self.python_callable(*self.op_args, **self.op_kwargs)
  File "/opt/airflow/dags/first_dag.py", line 27, in db_conn
    print("SQL ALCHEMY VERSION : ",sqlalchemy.__version__)
NameError: name 'sqlalchemy' is not defined
[2021-06-10 11:53:14,085] {taskinstance.py:1531} INFO - Marking task as FAILED. dag_id=Summary_db, task_id=db_conn, execution_date=20210609T000000, start_date=20210610T115313, end_date=20210610T115314
[2021-06-10 11:53:14,134] {local_task_job.py:151} INFO - Task exited with return code 1
[2021-06-10 12:12:48,541] {taskinstance.py:876} INFO - Dependencies all met for <TaskInstance: Summary_db.db_conn 2021-06-09T00:00:00+00:00 [queued]>
[2021-06-10 12:12:48,568] {taskinstance.py:876} INFO - Dependencies all met for <TaskInstance: Summary_db.db_conn 2021-06-09T00:00:00+00:00 [queued]>
[2021-06-10 12:12:48,568] {taskinstance.py:1067} INFO - 
--------------------------------------------------------------------------------
[2021-06-10 12:12:48,568] {taskinstance.py:1068} INFO - Starting attempt 2 of 2
[2021-06-10 12:12:48,571] {taskinstance.py:1069} INFO - 
--------------------------------------------------------------------------------
[2021-06-10 12:12:48,590] {taskinstance.py:1087} INFO - Executing <Task(PythonOperator): db_conn> on 2021-06-09T00:00:00+00:00
[2021-06-10 12:12:48,595] {standard_task_runner.py:52} INFO - Started process 426 to run task
[2021-06-10 12:12:48,601] {standard_task_runner.py:76} INFO - Running: ['***', 'tasks', 'run', 'Summary_db', 'db_conn', '2021-06-09T00:00:00+00:00', '--job-id', '126', '--pool', 'default_pool', '--raw', '--subdir', 'DAGS_FOLDER/first_dag.py', '--cfg-path', '/tmp/tmp5vknq7lb', '--error-file', '/tmp/tmpareta7fq']
[2021-06-10 12:12:48,602] {standard_task_runner.py:77} INFO - Job 126: Subtask db_conn
[2021-06-10 12:12:48,668] {logging_mixin.py:104} INFO - Running <TaskInstance: Summary_db.db_conn 2021-06-09T00:00:00+00:00 [running]> on host f0500f0a0a5b
[2021-06-10 12:12:48,741] {taskinstance.py:1282} INFO - Exporting the following env vars:
AIRFLOW_CTX_DAG_OWNER=***
AIRFLOW_CTX_DAG_ID=Summary_db
AIRFLOW_CTX_TASK_ID=db_conn
AIRFLOW_CTX_EXECUTION_DATE=2021-06-09T00:00:00+00:00
AIRFLOW_CTX_DAG_RUN_ID=scheduled__2021-06-09T00:00:00+00:00
[2021-06-10 12:12:48,743] {logging_mixin.py:104} INFO - DB Connection started
[2021-06-10 12:12:48,743] {taskinstance.py:1481} ERROR - Task failed with exception
Traceback (most recent call last):
  File "/home/airflow/.local/lib/python3.6/site-packages/airflow/models/taskinstance.py", line 1137, in _run_raw_task
    self._prepare_and_execute_task_with_callbacks(context, task)
  File "/home/airflow/.local/lib/python3.6/site-packages/airflow/models/taskinstance.py", line 1311, in _prepare_and_execute_task_with_callbacks
    result = self._execute_task(context, task_copy)
  File "/home/airflow/.local/lib/python3.6/site-packages/airflow/models/taskinstance.py", line 1341, in _execute_task
    result = task_copy.execute(context=context)
  File "/home/airflow/.local/lib/python3.6/site-packages/airflow/operators/python.py", line 150, in execute
    return_value = self.execute_callable()
  File "/home/airflow/.local/lib/python3.6/site-packages/airflow/operators/python.py", line 161, in execute_callable
    return self.python_callable(*self.op_args, **self.op_kwargs)
  File "/opt/airflow/dags/first_dag.py", line 27, in db_conn
    print("SQL ALCHEMY VERSION : ",sqlalchemy.__version__)
NameError: name 'sqlalchemy' is not defined
[2021-06-10 12:12:48,746] {taskinstance.py:1531} INFO - Marking task as FAILED. dag_id=Summary_db, task_id=db_conn, execution_date=20210609T000000, start_date=20210610T121248, end_date=20210610T121248
[2021-06-10 12:12:48,783] {local_task_job.py:151} INFO - Task exited with return code 1
[2021-06-10 14:38:34,444] {taskinstance.py:876} INFO - Dependencies all met for <TaskInstance: Summary_db.db_conn 2021-06-09T00:00:00+00:00 [queued]>
[2021-06-10 14:38:34,461] {taskinstance.py:876} INFO - Dependencies all met for <TaskInstance: Summary_db.db_conn 2021-06-09T00:00:00+00:00 [queued]>
[2021-06-10 14:38:34,461] {taskinstance.py:1067} INFO - 
--------------------------------------------------------------------------------
[2021-06-10 14:38:34,461] {taskinstance.py:1068} INFO - Starting attempt 2 of 2
[2021-06-10 14:38:34,464] {taskinstance.py:1069} INFO - 
--------------------------------------------------------------------------------
[2021-06-10 14:38:34,496] {taskinstance.py:1087} INFO - Executing <Task(PythonOperator): db_conn> on 2021-06-09T00:00:00+00:00
[2021-06-10 14:38:34,502] {standard_task_runner.py:52} INFO - Started process 623 to run task
[2021-06-10 14:38:34,506] {standard_task_runner.py:76} INFO - Running: ['***', 'tasks', 'run', 'Summary_db', 'db_conn', '2021-06-09T00:00:00+00:00', '--job-id', '129', '--pool', 'default_pool', '--raw', '--subdir', 'DAGS_FOLDER/first_dag.py', '--cfg-path', '/tmp/tmpwcpwtuzx', '--error-file', '/tmp/tmproegfe2u']
[2021-06-10 14:38:34,507] {standard_task_runner.py:77} INFO - Job 129: Subtask db_conn
[2021-06-10 14:38:34,568] {logging_mixin.py:104} INFO - Running <TaskInstance: Summary_db.db_conn 2021-06-09T00:00:00+00:00 [running]> on host 54cea8f01d18
[2021-06-10 14:38:34,650] {taskinstance.py:1282} INFO - Exporting the following env vars:
AIRFLOW_CTX_DAG_OWNER=***
AIRFLOW_CTX_DAG_ID=Summary_db
AIRFLOW_CTX_TASK_ID=db_conn
AIRFLOW_CTX_EXECUTION_DATE=2021-06-09T00:00:00+00:00
AIRFLOW_CTX_DAG_RUN_ID=scheduled__2021-06-09T00:00:00+00:00
[2021-06-10 14:38:34,651] {logging_mixin.py:104} INFO - DB Connection started
[2021-06-10 14:38:34,651] {taskinstance.py:1481} ERROR - Task failed with exception
Traceback (most recent call last):
  File "/home/airflow/.local/lib/python3.6/site-packages/airflow/models/taskinstance.py", line 1137, in _run_raw_task
    self._prepare_and_execute_task_with_callbacks(context, task)
  File "/home/airflow/.local/lib/python3.6/site-packages/airflow/models/taskinstance.py", line 1311, in _prepare_and_execute_task_with_callbacks
    result = self._execute_task(context, task_copy)
  File "/home/airflow/.local/lib/python3.6/site-packages/airflow/models/taskinstance.py", line 1341, in _execute_task
    result = task_copy.execute(context=context)
  File "/home/airflow/.local/lib/python3.6/site-packages/airflow/operators/python.py", line 150, in execute
    return_value = self.execute_callable()
  File "/home/airflow/.local/lib/python3.6/site-packages/airflow/operators/python.py", line 161, in execute_callable
    return self.python_callable(*self.op_args, **self.op_kwargs)
  File "/opt/airflow/dags/first_dag.py", line 27, in db_conn
    print("SQL ALCHEMY VERSION : ",sqlalchemy.__version__)
NameError: name 'sqlalchemy' is not defined
[2021-06-10 14:38:34,653] {taskinstance.py:1531} INFO - Marking task as FAILED. dag_id=Summary_db, task_id=db_conn, execution_date=20210609T000000, start_date=20210610T143834, end_date=20210610T143834
[2021-06-10 14:38:34,720] {local_task_job.py:151} INFO - Task exited with return code 1
