[2021-06-16 13:07:15,952] {taskinstance.py:876} INFO - Dependencies all met for <TaskInstance: summary_db.servicecentre_invoices 2021-06-15T00:00:00+00:00 [queued]>
[2021-06-16 13:07:16,092] {taskinstance.py:876} INFO - Dependencies all met for <TaskInstance: summary_db.servicecentre_invoices 2021-06-15T00:00:00+00:00 [queued]>
[2021-06-16 13:07:16,092] {taskinstance.py:1067} INFO - 
--------------------------------------------------------------------------------
[2021-06-16 13:07:16,092] {taskinstance.py:1068} INFO - Starting attempt 2 of 5
[2021-06-16 13:07:16,093] {taskinstance.py:1069} INFO - 
--------------------------------------------------------------------------------
[2021-06-16 13:07:16,120] {taskinstance.py:1087} INFO - Executing <Task(PythonOperator): servicecentre_invoices> on 2021-06-15T00:00:00+00:00
[2021-06-16 13:07:16,133] {standard_task_runner.py:52} INFO - Started process 1453 to run task
[2021-06-16 13:07:16,141] {standard_task_runner.py:76} INFO - Running: ['***', 'tasks', 'run', 'summary_db', 'servicecentre_invoices', '2021-06-15T00:00:00+00:00', '--job-id', '215', '--pool', 'default_pool', '--raw', '--subdir', 'DAGS_FOLDER/first_dag.py', '--cfg-path', '/tmp/tmpqua8a4zk', '--error-file', '/tmp/tmpdoec7f1u']
[2021-06-16 13:07:16,142] {standard_task_runner.py:77} INFO - Job 215: Subtask servicecentre_invoices
[2021-06-16 13:07:16,254] {logging_mixin.py:104} INFO - Running <TaskInstance: summary_db.servicecentre_invoices 2021-06-15T00:00:00+00:00 [running]> on host ac3e7c1eb084
[2021-06-16 13:07:16,366] {taskinstance.py:1282} INFO - Exporting the following env vars:
AIRFLOW_CTX_DAG_OWNER=***
AIRFLOW_CTX_DAG_ID=summary_db
AIRFLOW_CTX_TASK_ID=servicecentre_invoices
AIRFLOW_CTX_EXECUTION_DATE=2021-06-15T00:00:00+00:00
AIRFLOW_CTX_DAG_RUN_ID=scheduled__2021-06-15T00:00:00+00:00
[2021-06-16 13:07:16,367] {logging_mixin.py:104} INFO - ------------------------------------Inside Function-----------------------------
[2021-06-16 13:07:22,333] {logging_mixin.py:104} INFO - -------------------------------Data read into dataframe---------------------------
[2021-06-16 13:07:24,166] {logging_mixin.py:104} INFO - ----------------------------------Data written into summary DB----------------------
[2021-06-16 13:07:24,166] {python.py:151} INFO - Done. Returned value was: None
[2021-06-16 13:07:24,248] {taskinstance.py:1191} INFO - Marking task as SUCCESS. dag_id=summary_db, task_id=servicecentre_invoices, execution_date=20210615T000000, start_date=20210616T130715, end_date=20210616T130724
[2021-06-16 13:07:24,344] {taskinstance.py:1245} INFO - 0 downstream tasks scheduled from follow-on schedule check
[2021-06-16 13:07:24,397] {local_task_job.py:151} INFO - Task exited with return code 0
