[2021-06-16 13:17:32,459] {taskinstance.py:876} INFO - Dependencies all met for <TaskInstance: summary_db.queue_prepaid_list 2021-06-15T02:30:00+00:00 [queued]>
[2021-06-16 13:17:32,616] {taskinstance.py:876} INFO - Dependencies all met for <TaskInstance: summary_db.queue_prepaid_list 2021-06-15T02:30:00+00:00 [queued]>
[2021-06-16 13:17:32,617] {taskinstance.py:1067} INFO - 
--------------------------------------------------------------------------------
[2021-06-16 13:17:32,618] {taskinstance.py:1068} INFO - Starting attempt 1 of 4
[2021-06-16 13:17:32,620] {taskinstance.py:1069} INFO - 
--------------------------------------------------------------------------------
[2021-06-16 13:17:32,729] {taskinstance.py:1087} INFO - Executing <Task(PythonOperator): queue_prepaid_list> on 2021-06-15T02:30:00+00:00
[2021-06-16 13:17:32,777] {standard_task_runner.py:52} INFO - Started process 1971 to run task
[2021-06-16 13:17:33,102] {standard_task_runner.py:76} INFO - Running: ['***', 'tasks', 'run', 'summary_db', 'queue_prepaid_list', '2021-06-15T02:30:00+00:00', '--job-id', '230', '--pool', 'default_pool', '--raw', '--subdir', 'DAGS_FOLDER/first_dag.py', '--cfg-path', '/tmp/tmpgl3sapa5', '--error-file', '/tmp/tmpml9bdldk']
[2021-06-16 13:17:33,103] {standard_task_runner.py:77} INFO - Job 230: Subtask queue_prepaid_list
[2021-06-16 13:17:33,813] {logging_mixin.py:104} INFO - Running <TaskInstance: summary_db.queue_prepaid_list 2021-06-15T02:30:00+00:00 [running]> on host ac3e7c1eb084
[2021-06-16 13:17:34,449] {taskinstance.py:1282} INFO - Exporting the following env vars:
AIRFLOW_CTX_DAG_OWNER=***
AIRFLOW_CTX_DAG_ID=summary_db
AIRFLOW_CTX_TASK_ID=queue_prepaid_list
AIRFLOW_CTX_EXECUTION_DATE=2021-06-15T02:30:00+00:00
AIRFLOW_CTX_DAG_RUN_ID=scheduled__2021-06-15T02:30:00+00:00
[2021-06-16 13:17:34,464] {logging_mixin.py:104} INFO - ------------------------------------Inside Function-----------------------------
[2021-06-16 13:17:52,283] {logging_mixin.py:104} INFO - -------------------------------Data read into dataframe---------------------------
[2021-06-16 13:18:02,598] {logging_mixin.py:104} INFO - ----------------------------------Data written into summary DB----------------------
[2021-06-16 13:18:02,598] {python.py:151} INFO - Done. Returned value was: None
[2021-06-16 13:18:02,631] {taskinstance.py:1191} INFO - Marking task as SUCCESS. dag_id=summary_db, task_id=queue_prepaid_list, execution_date=20210615T023000, start_date=20210616T131732, end_date=20210616T131802
[2021-06-16 13:18:02,690] {taskinstance.py:1245} INFO - 0 downstream tasks scheduled from follow-on schedule check
[2021-06-16 13:18:02,725] {local_task_job.py:151} INFO - Task exited with return code 0
