[2021-06-16 13:06:22,902] {taskinstance.py:876} INFO - Dependencies all met for <TaskInstance: summary_db.ambassador_login 2021-06-15T00:00:00+00:00 [queued]>
[2021-06-16 13:06:23,087] {taskinstance.py:876} INFO - Dependencies all met for <TaskInstance: summary_db.ambassador_login 2021-06-15T00:00:00+00:00 [queued]>
[2021-06-16 13:06:23,089] {taskinstance.py:1067} INFO - 
--------------------------------------------------------------------------------
[2021-06-16 13:06:23,089] {taskinstance.py:1068} INFO - Starting attempt 2 of 5
[2021-06-16 13:06:23,092] {taskinstance.py:1069} INFO - 
--------------------------------------------------------------------------------
[2021-06-16 13:06:23,127] {taskinstance.py:1087} INFO - Executing <Task(PythonOperator): ambassador_login> on 2021-06-15T00:00:00+00:00
[2021-06-16 13:06:23,151] {standard_task_runner.py:52} INFO - Started process 1413 to run task
[2021-06-16 13:06:23,184] {standard_task_runner.py:76} INFO - Running: ['***', 'tasks', 'run', 'summary_db', 'ambassador_login', '2021-06-15T00:00:00+00:00', '--job-id', '209', '--pool', 'default_pool', '--raw', '--subdir', 'DAGS_FOLDER/first_dag.py', '--cfg-path', '/tmp/tmpyi6upx_4', '--error-file', '/tmp/tmpk2_vltwk']
[2021-06-16 13:06:23,185] {standard_task_runner.py:77} INFO - Job 209: Subtask ambassador_login
[2021-06-16 13:06:23,325] {logging_mixin.py:104} INFO - Running <TaskInstance: summary_db.ambassador_login 2021-06-15T00:00:00+00:00 [running]> on host ac3e7c1eb084
[2021-06-16 13:06:23,646] {taskinstance.py:1282} INFO - Exporting the following env vars:
AIRFLOW_CTX_DAG_OWNER=***
AIRFLOW_CTX_DAG_ID=summary_db
AIRFLOW_CTX_TASK_ID=ambassador_login
AIRFLOW_CTX_EXECUTION_DATE=2021-06-15T00:00:00+00:00
AIRFLOW_CTX_DAG_RUN_ID=scheduled__2021-06-15T00:00:00+00:00
[2021-06-16 13:06:23,647] {logging_mixin.py:104} INFO - ------------------------------------Inside Function-----------------------------
[2021-06-16 13:06:26,413] {logging_mixin.py:104} INFO - -------------------------------Data read into dataframe---------------------------
[2021-06-16 13:06:29,464] {logging_mixin.py:104} INFO - ----------------------------------Data written into summary DB----------------------
[2021-06-16 13:06:29,465] {python.py:151} INFO - Done. Returned value was: None
[2021-06-16 13:06:29,563] {taskinstance.py:1191} INFO - Marking task as SUCCESS. dag_id=summary_db, task_id=ambassador_login, execution_date=20210615T000000, start_date=20210616T130622, end_date=20210616T130629
[2021-06-16 13:06:30,095] {taskinstance.py:1245} INFO - 0 downstream tasks scheduled from follow-on schedule check
[2021-06-16 13:06:30,152] {local_task_job.py:151} INFO - Task exited with return code 0
