[2021-06-15 18:01:04,005] {taskinstance.py:876} INFO - Dependencies all met for <TaskInstance: summary_db.ambassador_info 2021-06-14T00:00:00+00:00 [queued]>
[2021-06-15 18:01:04,059] {taskinstance.py:876} INFO - Dependencies all met for <TaskInstance: summary_db.ambassador_info 2021-06-14T00:00:00+00:00 [queued]>
[2021-06-15 18:01:04,060] {taskinstance.py:1067} INFO - 
--------------------------------------------------------------------------------
[2021-06-15 18:01:04,061] {taskinstance.py:1068} INFO - Starting attempt 2 of 3
[2021-06-15 18:01:04,061] {taskinstance.py:1069} INFO - 
--------------------------------------------------------------------------------
[2021-06-15 18:01:04,116] {taskinstance.py:1087} INFO - Executing <Task(PythonOperator): ambassador_info> on 2021-06-14T00:00:00+00:00
[2021-06-15 18:01:04,135] {standard_task_runner.py:52} INFO - Started process 1480 to run task
[2021-06-15 18:01:04,149] {standard_task_runner.py:76} INFO - Running: ['***', 'tasks', 'run', 'summary_db', 'ambassador_info', '2021-06-14T00:00:00+00:00', '--job-id', '153', '--pool', 'default_pool', '--raw', '--subdir', 'DAGS_FOLDER/first_dag.py', '--cfg-path', '/tmp/tmp0ve7hcoy', '--error-file', '/tmp/tmp3dowpj2c']
[2021-06-15 18:01:04,150] {standard_task_runner.py:77} INFO - Job 153: Subtask ambassador_info
[2021-06-15 18:01:04,250] {logging_mixin.py:104} INFO - Running <TaskInstance: summary_db.ambassador_info 2021-06-14T00:00:00+00:00 [running]> on host bb8bb196dd92
[2021-06-15 18:01:04,522] {taskinstance.py:1282} INFO - Exporting the following env vars:
AIRFLOW_CTX_DAG_OWNER=***
AIRFLOW_CTX_DAG_ID=summary_db
AIRFLOW_CTX_TASK_ID=ambassador_info
AIRFLOW_CTX_EXECUTION_DATE=2021-06-14T00:00:00+00:00
AIRFLOW_CTX_DAG_RUN_ID=scheduled__2021-06-14T00:00:00+00:00
[2021-06-15 18:01:04,523] {logging_mixin.py:104} INFO - ------------------------------------Inside Function-----------------------------
[2021-06-15 18:01:14,103] {logging_mixin.py:104} INFO - -------------------------------Data read into dataframe---------------------------
[2021-06-15 18:01:31,135] {logging_mixin.py:104} INFO - ----------------------------------Data written into summary DB----------------------
[2021-06-15 18:01:31,537] {python.py:151} INFO - Done. Returned value was: None
[2021-06-15 18:01:31,611] {taskinstance.py:1191} INFO - Marking task as SUCCESS. dag_id=summary_db, task_id=ambassador_info, execution_date=20210614T000000, start_date=20210615T180104, end_date=20210615T180131
[2021-06-15 18:01:31,816] {taskinstance.py:1245} INFO - 0 downstream tasks scheduled from follow-on schedule check
[2021-06-15 18:01:31,880] {local_task_job.py:151} INFO - Task exited with return code 0
