[2021-06-16 13:22:13,929] {taskinstance.py:876} INFO - Dependencies all met for <TaskInstance: summary_db.queue_completedby 2021-06-15T02:30:00+00:00 [queued]>
[2021-06-16 13:22:13,952] {taskinstance.py:876} INFO - Dependencies all met for <TaskInstance: summary_db.queue_completedby 2021-06-15T02:30:00+00:00 [queued]>
[2021-06-16 13:22:13,953] {taskinstance.py:1067} INFO - 
--------------------------------------------------------------------------------
[2021-06-16 13:22:13,953] {taskinstance.py:1068} INFO - Starting attempt 2 of 4
[2021-06-16 13:22:13,953] {taskinstance.py:1069} INFO - 
--------------------------------------------------------------------------------
[2021-06-16 13:22:13,965] {taskinstance.py:1087} INFO - Executing <Task(PythonOperator): queue_completedby> on 2021-06-15T02:30:00+00:00
[2021-06-16 13:22:13,974] {standard_task_runner.py:52} INFO - Started process 2234 to run task
[2021-06-16 13:22:13,978] {standard_task_runner.py:76} INFO - Running: ['***', 'tasks', 'run', 'summary_db', 'queue_completedby', '2021-06-15T02:30:00+00:00', '--job-id', '251', '--pool', 'default_pool', '--raw', '--subdir', 'DAGS_FOLDER/first_dag.py', '--cfg-path', '/tmp/tmpj6spe99g', '--error-file', '/tmp/tmpiu4xbetl']
[2021-06-16 13:22:13,978] {standard_task_runner.py:77} INFO - Job 251: Subtask queue_completedby
[2021-06-16 13:22:14,030] {logging_mixin.py:104} INFO - Running <TaskInstance: summary_db.queue_completedby 2021-06-15T02:30:00+00:00 [running]> on host ac3e7c1eb084
[2021-06-16 13:22:14,109] {taskinstance.py:1282} INFO - Exporting the following env vars:
AIRFLOW_CTX_DAG_OWNER=***
AIRFLOW_CTX_DAG_ID=summary_db
AIRFLOW_CTX_TASK_ID=queue_completedby
AIRFLOW_CTX_EXECUTION_DATE=2021-06-15T02:30:00+00:00
AIRFLOW_CTX_DAG_RUN_ID=scheduled__2021-06-15T02:30:00+00:00
[2021-06-16 13:22:14,110] {logging_mixin.py:104} INFO - ------------------------------------Inside Function-----------------------------
[2021-06-16 13:22:16,791] {logging_mixin.py:104} INFO - -------------------------------Data read into dataframe---------------------------
[2021-06-16 13:22:19,173] {logging_mixin.py:104} INFO - ----------------------------------Data written into summary DB----------------------
[2021-06-16 13:22:19,173] {python.py:151} INFO - Done. Returned value was: None
[2021-06-16 13:22:19,199] {taskinstance.py:1191} INFO - Marking task as SUCCESS. dag_id=summary_db, task_id=queue_completedby, execution_date=20210615T023000, start_date=20210616T132213, end_date=20210616T132219
[2021-06-16 13:22:19,291] {taskinstance.py:1245} INFO - 0 downstream tasks scheduled from follow-on schedule check
[2021-06-16 13:22:19,310] {local_task_job.py:151} INFO - Task exited with return code 0
