[2021-06-15 17:51:07,521] {taskinstance.py:876} INFO - Dependencies all met for <TaskInstance: summary_db.ambassador_mishaps 2021-06-14T00:00:00+00:00 [queued]>
[2021-06-15 17:51:07,903] {taskinstance.py:876} INFO - Dependencies all met for <TaskInstance: summary_db.ambassador_mishaps 2021-06-14T00:00:00+00:00 [queued]>
[2021-06-15 17:51:07,903] {taskinstance.py:1067} INFO - 
--------------------------------------------------------------------------------
[2021-06-15 17:51:07,905] {taskinstance.py:1068} INFO - Starting attempt 1 of 2
[2021-06-15 17:51:07,905] {taskinstance.py:1069} INFO - 
--------------------------------------------------------------------------------
[2021-06-15 17:51:08,279] {taskinstance.py:1087} INFO - Executing <Task(PythonOperator): ambassador_mishaps> on 2021-06-14T00:00:00+00:00
[2021-06-15 17:51:08,462] {standard_task_runner.py:52} INFO - Started process 951 to run task
[2021-06-15 17:51:08,536] {standard_task_runner.py:76} INFO - Running: ['***', 'tasks', 'run', 'summary_db', 'ambassador_mishaps', '2021-06-14T00:00:00+00:00', '--job-id', '138', '--pool', 'default_pool', '--raw', '--subdir', 'DAGS_FOLDER/first_dag.py', '--cfg-path', '/tmp/tmpt8238y15', '--error-file', '/tmp/tmpyr54da6o']
[2021-06-15 17:51:08,537] {standard_task_runner.py:77} INFO - Job 138: Subtask ambassador_mishaps
[2021-06-15 17:51:09,371] {logging_mixin.py:104} INFO - Running <TaskInstance: summary_db.ambassador_mishaps 2021-06-14T00:00:00+00:00 [running]> on host bb8bb196dd92
[2021-06-15 17:51:10,728] {taskinstance.py:1282} INFO - Exporting the following env vars:
AIRFLOW_CTX_DAG_OWNER=***
AIRFLOW_CTX_DAG_ID=summary_db
AIRFLOW_CTX_TASK_ID=ambassador_mishaps
AIRFLOW_CTX_EXECUTION_DATE=2021-06-14T00:00:00+00:00
AIRFLOW_CTX_DAG_RUN_ID=scheduled__2021-06-14T00:00:00+00:00
[2021-06-15 17:51:10,745] {logging_mixin.py:104} INFO - ------------------------------------Inside Function-----------------------------
[2021-06-15 17:51:13,962] {logging_mixin.py:104} INFO - -------------------------------Data read into dataframe---------------------------
[2021-06-15 17:51:30,309] {logging_mixin.py:104} INFO - ----------------------------------Data written into summary DB----------------------
[2021-06-15 17:51:30,310] {python.py:151} INFO - Done. Returned value was: None
[2021-06-15 17:51:30,371] {taskinstance.py:1191} INFO - Marking task as SUCCESS. dag_id=summary_db, task_id=ambassador_mishaps, execution_date=20210614T000000, start_date=20210615T175107, end_date=20210615T175130
[2021-06-15 17:51:30,472] {taskinstance.py:1245} INFO - 0 downstream tasks scheduled from follow-on schedule check
[2021-06-15 17:51:30,530] {local_task_job.py:151} INFO - Task exited with return code 0
