[2021-06-16 13:21:13,893] {taskinstance.py:876} INFO - Dependencies all met for <TaskInstance: summary_db.ambassador_info 2021-06-15T02:30:00+00:00 [queued]>
[2021-06-16 13:21:13,955] {taskinstance.py:876} INFO - Dependencies all met for <TaskInstance: summary_db.ambassador_info 2021-06-15T02:30:00+00:00 [queued]>
[2021-06-16 13:21:13,956] {taskinstance.py:1067} INFO - 
--------------------------------------------------------------------------------
[2021-06-16 13:21:13,956] {taskinstance.py:1068} INFO - Starting attempt 2 of 5
[2021-06-16 13:21:13,956] {taskinstance.py:1069} INFO - 
--------------------------------------------------------------------------------
[2021-06-16 13:21:13,990] {taskinstance.py:1087} INFO - Executing <Task(PythonOperator): ambassador_info> on 2021-06-15T02:30:00+00:00
[2021-06-16 13:21:14,001] {standard_task_runner.py:52} INFO - Started process 2165 to run task
[2021-06-16 13:21:14,008] {standard_task_runner.py:76} INFO - Running: ['***', 'tasks', 'run', 'summary_db', 'ambassador_info', '2021-06-15T02:30:00+00:00', '--job-id', '244', '--pool', 'default_pool', '--raw', '--subdir', 'DAGS_FOLDER/first_dag.py', '--cfg-path', '/tmp/tmpe6uf168s', '--error-file', '/tmp/tmp26xijs78']
[2021-06-16 13:21:14,008] {standard_task_runner.py:77} INFO - Job 244: Subtask ambassador_info
[2021-06-16 13:21:14,232] {logging_mixin.py:104} INFO - Running <TaskInstance: summary_db.ambassador_info 2021-06-15T02:30:00+00:00 [running]> on host ac3e7c1eb084
[2021-06-16 13:21:14,423] {taskinstance.py:1282} INFO - Exporting the following env vars:
AIRFLOW_CTX_DAG_OWNER=***
AIRFLOW_CTX_DAG_ID=summary_db
AIRFLOW_CTX_TASK_ID=ambassador_info
AIRFLOW_CTX_EXECUTION_DATE=2021-06-15T02:30:00+00:00
AIRFLOW_CTX_DAG_RUN_ID=scheduled__2021-06-15T02:30:00+00:00
[2021-06-16 13:21:14,424] {logging_mixin.py:104} INFO - ------------------------------------Inside Function-----------------------------
[2021-06-16 13:21:24,570] {logging_mixin.py:104} INFO - -------------------------------Data read into dataframe---------------------------
[2021-06-16 13:21:57,088] {logging_mixin.py:104} INFO - ----------------------------------Data written into summary DB----------------------
[2021-06-16 13:21:57,105] {python.py:151} INFO - Done. Returned value was: None
[2021-06-16 13:21:57,141] {taskinstance.py:1191} INFO - Marking task as SUCCESS. dag_id=summary_db, task_id=ambassador_info, execution_date=20210615T023000, start_date=20210616T132113, end_date=20210616T132157
[2021-06-16 13:21:57,228] {taskinstance.py:1245} INFO - 0 downstream tasks scheduled from follow-on schedule check
[2021-06-16 13:21:57,277] {local_task_job.py:151} INFO - Task exited with return code 0
