[2021-06-08 16:36:23,463] {taskinstance.py:876} INFO - Dependencies all met for <TaskInstance: first_dag.db_conn 2021-06-07T00:00:00+00:00 [queued]>
[2021-06-08 16:36:23,548] {taskinstance.py:876} INFO - Dependencies all met for <TaskInstance: first_dag.db_conn 2021-06-07T00:00:00+00:00 [queued]>
[2021-06-08 16:36:23,549] {taskinstance.py:1067} INFO - 
--------------------------------------------------------------------------------
[2021-06-08 16:36:23,549] {taskinstance.py:1068} INFO - Starting attempt 1 of 2
[2021-06-08 16:36:23,560] {taskinstance.py:1069} INFO - 
--------------------------------------------------------------------------------
[2021-06-08 16:36:23,586] {taskinstance.py:1087} INFO - Executing <Task(MySqlOperator): db_conn> on 2021-06-07T00:00:00+00:00
[2021-06-08 16:36:23,601] {standard_task_runner.py:52} INFO - Started process 126 to run task
[2021-06-08 16:36:23,605] {standard_task_runner.py:76} INFO - Running: ['***', 'tasks', 'run', 'first_dag', 'db_conn', '2021-06-07T00:00:00+00:00', '--job-id', '3', '--pool', 'default_pool', '--raw', '--subdir', 'DAGS_FOLDER/first_dag.py', '--cfg-path', '/tmp/tmp1hupzv37', '--error-file', '/tmp/tmp1jiolani']
[2021-06-08 16:36:23,607] {standard_task_runner.py:77} INFO - Job 3: Subtask db_conn
[2021-06-08 16:36:23,689] {logging_mixin.py:104} INFO - Running <TaskInstance: first_dag.db_conn 2021-06-07T00:00:00+00:00 [running]> on host b504216ed7b1
[2021-06-08 16:36:23,794] {taskinstance.py:1282} INFO - Exporting the following env vars:
AIRFLOW_CTX_DAG_OWNER=***
AIRFLOW_CTX_DAG_ID=first_dag
AIRFLOW_CTX_TASK_ID=db_conn
AIRFLOW_CTX_EXECUTION_DATE=2021-06-07T00:00:00+00:00
AIRFLOW_CTX_DAG_RUN_ID=scheduled__2021-06-07T00:00:00+00:00
[2021-06-08 16:36:23,795] {mysql.py:72} INFO - Executing: SELECT * FROM 21N_ambassador_login;
[2021-06-08 16:36:23,823] {taskinstance.py:1481} ERROR - Task failed with exception
Traceback (most recent call last):
  File "/home/airflow/.local/lib/python3.6/site-packages/airflow/models/taskinstance.py", line 1137, in _run_raw_task
    self._prepare_and_execute_task_with_callbacks(context, task)
  File "/home/airflow/.local/lib/python3.6/site-packages/airflow/models/taskinstance.py", line 1311, in _prepare_and_execute_task_with_callbacks
    result = self._execute_task(context, task_copy)
  File "/home/airflow/.local/lib/python3.6/site-packages/airflow/models/taskinstance.py", line 1341, in _execute_task
    result = task_copy.execute(context=context)
  File "/home/airflow/.local/lib/python3.6/site-packages/airflow/providers/mysql/operators/mysql.py", line 74, in execute
    hook.run(self.sql, autocommit=self.autocommit, parameters=self.parameters)
  File "/home/airflow/.local/lib/python3.6/site-packages/airflow/hooks/dbapi.py", line 177, in run
    with closing(self.get_conn()) as conn:
  File "/home/airflow/.local/lib/python3.6/site-packages/airflow/providers/mysql/hooks/mysql.py", line 159, in get_conn
    getattr(self, self.conn_name_attr)
  File "/home/airflow/.local/lib/python3.6/site-packages/airflow/hooks/base.py", line 67, in get_connection
    conn = Connection.get_connection_from_secrets(conn_id)
  File "/home/airflow/.local/lib/python3.6/site-packages/airflow/models/connection.py", line 379, in get_connection_from_secrets
    raise AirflowNotFoundException(f"The conn_id `{conn_id}` isn't defined")
airflow.exceptions.AirflowNotFoundException: The conn_id `21N_replica` isn't defined
[2021-06-08 16:36:23,827] {taskinstance.py:1531} INFO - Marking task as UP_FOR_RETRY. dag_id=first_dag, task_id=db_conn, execution_date=20210607T000000, start_date=20210608T163623, end_date=20210608T163623
[2021-06-08 16:36:23,866] {local_task_job.py:151} INFO - Task exited with return code 1
[2021-06-08 16:38:28,502] {taskinstance.py:876} INFO - Dependencies all met for <TaskInstance: first_dag.db_conn 2021-06-07T00:00:00+00:00 [queued]>
[2021-06-08 16:38:28,536] {taskinstance.py:876} INFO - Dependencies all met for <TaskInstance: first_dag.db_conn 2021-06-07T00:00:00+00:00 [queued]>
[2021-06-08 16:38:28,536] {taskinstance.py:1067} INFO - 
--------------------------------------------------------------------------------
[2021-06-08 16:38:28,536] {taskinstance.py:1068} INFO - Starting attempt 1 of 2
[2021-06-08 16:38:28,539] {taskinstance.py:1069} INFO - 
--------------------------------------------------------------------------------
[2021-06-08 16:38:28,549] {taskinstance.py:1087} INFO - Executing <Task(MySqlOperator): db_conn> on 2021-06-07T00:00:00+00:00
[2021-06-08 16:38:28,558] {standard_task_runner.py:52} INFO - Started process 257 to run task
[2021-06-08 16:38:28,564] {standard_task_runner.py:76} INFO - Running: ['***', 'tasks', 'run', 'first_dag', 'db_conn', '2021-06-07T00:00:00+00:00', '--job-id', '4', '--pool', 'default_pool', '--raw', '--subdir', 'DAGS_FOLDER/first_dag.py', '--cfg-path', '/tmp/tmpqlg_l1s_', '--error-file', '/tmp/tmp6z4l5af0']
[2021-06-08 16:38:28,564] {standard_task_runner.py:77} INFO - Job 4: Subtask db_conn
[2021-06-08 16:38:28,614] {logging_mixin.py:104} INFO - Running <TaskInstance: first_dag.db_conn 2021-06-07T00:00:00+00:00 [running]> on host b504216ed7b1
[2021-06-08 16:38:28,678] {taskinstance.py:1282} INFO - Exporting the following env vars:
AIRFLOW_CTX_DAG_OWNER=***
AIRFLOW_CTX_DAG_ID=first_dag
AIRFLOW_CTX_TASK_ID=db_conn
AIRFLOW_CTX_EXECUTION_DATE=2021-06-07T00:00:00+00:00
AIRFLOW_CTX_DAG_RUN_ID=scheduled__2021-06-07T00:00:00+00:00
[2021-06-08 16:38:28,678] {mysql.py:72} INFO - Executing: SELECT * FROM 21N_ambassador_login;
[2021-06-08 16:38:28,690] {base.py:78} INFO - Using connection to: id: 21n_replica. Host: 3.0.136.197, Port: 3306, Schema: 21north, Login: yantra, Password: ***, extra: {}
[2021-06-08 16:38:49,745] {taskinstance.py:1481} ERROR - Task failed with exception
Traceback (most recent call last):
  File "/home/airflow/.local/lib/python3.6/site-packages/airflow/models/taskinstance.py", line 1137, in _run_raw_task
    self._prepare_and_execute_task_with_callbacks(context, task)
  File "/home/airflow/.local/lib/python3.6/site-packages/airflow/models/taskinstance.py", line 1311, in _prepare_and_execute_task_with_callbacks
    result = self._execute_task(context, task_copy)
  File "/home/airflow/.local/lib/python3.6/site-packages/airflow/models/taskinstance.py", line 1341, in _execute_task
    result = task_copy.execute(context=context)
  File "/home/airflow/.local/lib/python3.6/site-packages/airflow/providers/mysql/operators/mysql.py", line 74, in execute
    hook.run(self.sql, autocommit=self.autocommit, parameters=self.parameters)
  File "/home/airflow/.local/lib/python3.6/site-packages/airflow/hooks/dbapi.py", line 177, in run
    with closing(self.get_conn()) as conn:
  File "/home/airflow/.local/lib/python3.6/site-packages/airflow/providers/mysql/hooks/mysql.py", line 168, in get_conn
    return MySQLdb.connect(**conn_config)
  File "/home/airflow/.local/lib/python3.6/site-packages/MySQLdb/__init__.py", line 130, in Connect
    return Connection(*args, **kwargs)
  File "/home/airflow/.local/lib/python3.6/site-packages/MySQLdb/connections.py", line 185, in __init__
    super().__init__(*args, **kwargs2)
MySQLdb._exceptions.OperationalError: (2003, "Can't connect to MySQL server on '3.0.136.197:3306' (111)")
[2021-06-08 16:38:49,748] {taskinstance.py:1531} INFO - Marking task as UP_FOR_RETRY. dag_id=first_dag, task_id=db_conn, execution_date=20210607T000000, start_date=20210608T163828, end_date=20210608T163849
[2021-06-08 16:38:49,813] {local_task_job.py:151} INFO - Task exited with return code 1
[2021-06-08 16:41:01,359] {taskinstance.py:876} INFO - Dependencies all met for <TaskInstance: first_dag.db_conn 2021-06-07T00:00:00+00:00 [queued]>
[2021-06-08 16:41:01,393] {taskinstance.py:876} INFO - Dependencies all met for <TaskInstance: first_dag.db_conn 2021-06-07T00:00:00+00:00 [queued]>
[2021-06-08 16:41:01,393] {taskinstance.py:1067} INFO - 
--------------------------------------------------------------------------------
[2021-06-08 16:41:01,393] {taskinstance.py:1068} INFO - Starting attempt 1 of 2
[2021-06-08 16:41:01,397] {taskinstance.py:1069} INFO - 
--------------------------------------------------------------------------------
[2021-06-08 16:41:01,411] {taskinstance.py:1087} INFO - Executing <Task(MySqlOperator): db_conn> on 2021-06-07T00:00:00+00:00
[2021-06-08 16:41:01,423] {standard_task_runner.py:52} INFO - Started process 394 to run task
[2021-06-08 16:41:01,430] {standard_task_runner.py:76} INFO - Running: ['***', 'tasks', 'run', 'first_dag', 'db_conn', '2021-06-07T00:00:00+00:00', '--job-id', '5', '--pool', 'default_pool', '--raw', '--subdir', 'DAGS_FOLDER/first_dag.py', '--cfg-path', '/tmp/tmp8i5deyl_', '--error-file', '/tmp/tmp2ekj_5f1']
[2021-06-08 16:41:01,431] {standard_task_runner.py:77} INFO - Job 5: Subtask db_conn
[2021-06-08 16:41:01,508] {logging_mixin.py:104} INFO - Running <TaskInstance: first_dag.db_conn 2021-06-07T00:00:00+00:00 [running]> on host b504216ed7b1
[2021-06-08 16:41:01,581] {taskinstance.py:1282} INFO - Exporting the following env vars:
AIRFLOW_CTX_DAG_OWNER=***
AIRFLOW_CTX_DAG_ID=first_dag
AIRFLOW_CTX_TASK_ID=db_conn
AIRFLOW_CTX_EXECUTION_DATE=2021-06-07T00:00:00+00:00
AIRFLOW_CTX_DAG_RUN_ID=scheduled__2021-06-07T00:00:00+00:00
[2021-06-08 16:41:01,581] {mysql.py:72} INFO - Executing: SELECT * FROM 21N_ambassador_login;
[2021-06-08 16:41:01,593] {base.py:78} INFO - Using connection to: id: 21n_replica. Host: 3.0.136.197, Port: 3306, Schema: 21north, Login: yantra, Password: ***, extra: {}
[2021-06-08 16:41:02,253] {taskinstance.py:1481} ERROR - Task failed with exception
Traceback (most recent call last):
  File "/home/airflow/.local/lib/python3.6/site-packages/airflow/models/taskinstance.py", line 1137, in _run_raw_task
    self._prepare_and_execute_task_with_callbacks(context, task)
  File "/home/airflow/.local/lib/python3.6/site-packages/airflow/models/taskinstance.py", line 1311, in _prepare_and_execute_task_with_callbacks
    result = self._execute_task(context, task_copy)
  File "/home/airflow/.local/lib/python3.6/site-packages/airflow/models/taskinstance.py", line 1341, in _execute_task
    result = task_copy.execute(context=context)
  File "/home/airflow/.local/lib/python3.6/site-packages/airflow/providers/mysql/operators/mysql.py", line 74, in execute
    hook.run(self.sql, autocommit=self.autocommit, parameters=self.parameters)
  File "/home/airflow/.local/lib/python3.6/site-packages/airflow/hooks/dbapi.py", line 177, in run
    with closing(self.get_conn()) as conn:
  File "/home/airflow/.local/lib/python3.6/site-packages/airflow/providers/mysql/hooks/mysql.py", line 168, in get_conn
    return MySQLdb.connect(**conn_config)
  File "/home/airflow/.local/lib/python3.6/site-packages/MySQLdb/__init__.py", line 130, in Connect
    return Connection(*args, **kwargs)
  File "/home/airflow/.local/lib/python3.6/site-packages/MySQLdb/connections.py", line 185, in __init__
    super().__init__(*args, **kwargs2)
MySQLdb._exceptions.OperationalError: (2026, 'SSL connection error: error:1425F102:SSL routines:ssl_choose_client_version:unsupported protocol')
[2021-06-08 16:41:02,257] {taskinstance.py:1531} INFO - Marking task as UP_FOR_RETRY. dag_id=first_dag, task_id=db_conn, execution_date=20210607T000000, start_date=20210608T164101, end_date=20210608T164102
[2021-06-08 16:41:02,292] {local_task_job.py:151} INFO - Task exited with return code 1
[2021-06-08 16:48:18,204] {taskinstance.py:876} INFO - Dependencies all met for <TaskInstance: first_dag.db_conn 2021-06-07T00:00:00+00:00 [queued]>
[2021-06-08 16:48:18,252] {taskinstance.py:876} INFO - Dependencies all met for <TaskInstance: first_dag.db_conn 2021-06-07T00:00:00+00:00 [queued]>
[2021-06-08 16:48:18,253] {taskinstance.py:1067} INFO - 
--------------------------------------------------------------------------------
[2021-06-08 16:48:18,254] {taskinstance.py:1068} INFO - Starting attempt 1 of 2
[2021-06-08 16:48:18,262] {taskinstance.py:1069} INFO - 
--------------------------------------------------------------------------------
[2021-06-08 16:48:18,294] {taskinstance.py:1087} INFO - Executing <Task(MySqlOperator): db_conn> on 2021-06-07T00:00:00+00:00
[2021-06-08 16:48:18,318] {standard_task_runner.py:52} INFO - Started process 129 to run task
[2021-06-08 16:48:18,331] {standard_task_runner.py:76} INFO - Running: ['***', 'tasks', 'run', 'first_dag', 'db_conn', '2021-06-07T00:00:00+00:00', '--job-id', '7', '--pool', 'default_pool', '--raw', '--subdir', 'DAGS_FOLDER/first_dag.py', '--cfg-path', '/tmp/tmpwg0af5vc', '--error-file', '/tmp/tmp16ehno5c']
[2021-06-08 16:48:18,332] {standard_task_runner.py:77} INFO - Job 7: Subtask db_conn
[2021-06-08 16:48:18,462] {logging_mixin.py:104} INFO - Running <TaskInstance: first_dag.db_conn 2021-06-07T00:00:00+00:00 [running]> on host b504216ed7b1
[2021-06-08 16:48:18,622] {taskinstance.py:1282} INFO - Exporting the following env vars:
AIRFLOW_CTX_DAG_OWNER=***
AIRFLOW_CTX_DAG_ID=first_dag
AIRFLOW_CTX_TASK_ID=db_conn
AIRFLOW_CTX_EXECUTION_DATE=2021-06-07T00:00:00+00:00
AIRFLOW_CTX_DAG_RUN_ID=scheduled__2021-06-07T00:00:00+00:00
[2021-06-08 16:48:18,622] {mysql.py:72} INFO - Executing: SELECT * FROM 21N_ambassador_login;
[2021-06-08 16:48:18,646] {base.py:78} INFO - Using connection to: id: 21n_replica. Host: 3.0.136.197, Port: 3306, Schema: 21north, Login: yantra, Password: ***, extra: {}
[2021-06-08 16:48:19,403] {taskinstance.py:1481} ERROR - Task failed with exception
Traceback (most recent call last):
  File "/home/airflow/.local/lib/python3.6/site-packages/airflow/models/taskinstance.py", line 1137, in _run_raw_task
    self._prepare_and_execute_task_with_callbacks(context, task)
  File "/home/airflow/.local/lib/python3.6/site-packages/airflow/models/taskinstance.py", line 1311, in _prepare_and_execute_task_with_callbacks
    result = self._execute_task(context, task_copy)
  File "/home/airflow/.local/lib/python3.6/site-packages/airflow/models/taskinstance.py", line 1341, in _execute_task
    result = task_copy.execute(context=context)
  File "/home/airflow/.local/lib/python3.6/site-packages/airflow/providers/mysql/operators/mysql.py", line 74, in execute
    hook.run(self.sql, autocommit=self.autocommit, parameters=self.parameters)
  File "/home/airflow/.local/lib/python3.6/site-packages/airflow/hooks/dbapi.py", line 177, in run
    with closing(self.get_conn()) as conn:
  File "/home/airflow/.local/lib/python3.6/site-packages/airflow/providers/mysql/hooks/mysql.py", line 168, in get_conn
    return MySQLdb.connect(**conn_config)
  File "/home/airflow/.local/lib/python3.6/site-packages/MySQLdb/__init__.py", line 130, in Connect
    return Connection(*args, **kwargs)
  File "/home/airflow/.local/lib/python3.6/site-packages/MySQLdb/connections.py", line 185, in __init__
    super().__init__(*args, **kwargs2)
MySQLdb._exceptions.OperationalError: (2026, 'SSL connection error: error:1425F102:SSL routines:ssl_choose_client_version:unsupported protocol')
[2021-06-08 16:48:19,414] {taskinstance.py:1531} INFO - Marking task as UP_FOR_RETRY. dag_id=first_dag, task_id=db_conn, execution_date=20210607T000000, start_date=20210608T164818, end_date=20210608T164819
[2021-06-08 16:48:19,502] {local_task_job.py:151} INFO - Task exited with return code 1
