[2021-06-16 13:05:24,909] {taskinstance.py:876} INFO - Dependencies all met for <TaskInstance: summary_db.ambassador_channel_partner_comission 2021-06-15T00:00:00+00:00 [queued]>
[2021-06-16 13:05:25,032] {taskinstance.py:876} INFO - Dependencies all met for <TaskInstance: summary_db.ambassador_channel_partner_comission 2021-06-15T00:00:00+00:00 [queued]>
[2021-06-16 13:05:25,033] {taskinstance.py:1067} INFO - 
--------------------------------------------------------------------------------
[2021-06-16 13:05:25,033] {taskinstance.py:1068} INFO - Starting attempt 2 of 5
[2021-06-16 13:05:25,033] {taskinstance.py:1069} INFO - 
--------------------------------------------------------------------------------
[2021-06-16 13:05:25,073] {taskinstance.py:1087} INFO - Executing <Task(PythonOperator): ambassador_channel_partner_comission> on 2021-06-15T00:00:00+00:00
[2021-06-16 13:05:25,110] {standard_task_runner.py:52} INFO - Started process 1356 to run task
[2021-06-16 13:05:25,125] {standard_task_runner.py:76} INFO - Running: ['***', 'tasks', 'run', 'summary_db', 'ambassador_channel_partner_comission', '2021-06-15T00:00:00+00:00', '--job-id', '206', '--pool', 'default_pool', '--raw', '--subdir', 'DAGS_FOLDER/first_dag.py', '--cfg-path', '/tmp/tmph3dxezof', '--error-file', '/tmp/tmp_g9a0jzg']
[2021-06-16 13:05:25,127] {standard_task_runner.py:77} INFO - Job 206: Subtask ambassador_channel_partner_comission
[2021-06-16 13:05:25,420] {logging_mixin.py:104} INFO - Running <TaskInstance: summary_db.ambassador_channel_partner_comission 2021-06-15T00:00:00+00:00 [running]> on host ac3e7c1eb084
[2021-06-16 13:05:25,647] {taskinstance.py:1282} INFO - Exporting the following env vars:
AIRFLOW_CTX_DAG_OWNER=***
AIRFLOW_CTX_DAG_ID=summary_db
AIRFLOW_CTX_TASK_ID=ambassador_channel_partner_comission
AIRFLOW_CTX_EXECUTION_DATE=2021-06-15T00:00:00+00:00
AIRFLOW_CTX_DAG_RUN_ID=scheduled__2021-06-15T00:00:00+00:00
[2021-06-16 13:05:25,649] {logging_mixin.py:104} INFO - ------------------------------------Inside Function-----------------------------
[2021-06-16 13:05:27,304] {logging_mixin.py:104} INFO - -------------------------------Data read into dataframe---------------------------
[2021-06-16 13:05:29,916] {logging_mixin.py:104} INFO - ----------------------------------Data written into summary DB----------------------
[2021-06-16 13:05:29,926] {python.py:151} INFO - Done. Returned value was: None
[2021-06-16 13:05:30,029] {taskinstance.py:1191} INFO - Marking task as SUCCESS. dag_id=summary_db, task_id=ambassador_channel_partner_comission, execution_date=20210615T000000, start_date=20210616T130524, end_date=20210616T130530
[2021-06-16 13:05:30,114] {taskinstance.py:1245} INFO - 0 downstream tasks scheduled from follow-on schedule check
[2021-06-16 13:05:30,130] {local_task_job.py:151} INFO - Task exited with return code 0
