[2021-06-16 13:21:49,230] {taskinstance.py:876} INFO - Dependencies all met for <TaskInstance: summary_db.customer_servicecentre_logins 2021-06-15T02:30:00+00:00 [queued]>
[2021-06-16 13:21:49,282] {taskinstance.py:876} INFO - Dependencies all met for <TaskInstance: summary_db.customer_servicecentre_logins 2021-06-15T02:30:00+00:00 [queued]>
[2021-06-16 13:21:49,282] {taskinstance.py:1067} INFO - 
--------------------------------------------------------------------------------
[2021-06-16 13:21:49,283] {taskinstance.py:1068} INFO - Starting attempt 2 of 5
[2021-06-16 13:21:49,287] {taskinstance.py:1069} INFO - 
--------------------------------------------------------------------------------
[2021-06-16 13:21:49,334] {taskinstance.py:1087} INFO - Executing <Task(PythonOperator): customer_servicecentre_logins> on 2021-06-15T02:30:00+00:00
[2021-06-16 13:21:49,351] {standard_task_runner.py:52} INFO - Started process 2207 to run task
[2021-06-16 13:21:49,359] {standard_task_runner.py:76} INFO - Running: ['***', 'tasks', 'run', 'summary_db', 'customer_servicecentre_logins', '2021-06-15T02:30:00+00:00', '--job-id', '248', '--pool', 'default_pool', '--raw', '--subdir', 'DAGS_FOLDER/first_dag.py', '--cfg-path', '/tmp/tmp18dwtk5i', '--error-file', '/tmp/tmpkxmghjja']
[2021-06-16 13:21:49,360] {standard_task_runner.py:77} INFO - Job 248: Subtask customer_servicecentre_logins
[2021-06-16 13:21:49,440] {logging_mixin.py:104} INFO - Running <TaskInstance: summary_db.customer_servicecentre_logins 2021-06-15T02:30:00+00:00 [running]> on host ac3e7c1eb084
[2021-06-16 13:21:49,558] {taskinstance.py:1282} INFO - Exporting the following env vars:
AIRFLOW_CTX_DAG_OWNER=***
AIRFLOW_CTX_DAG_ID=summary_db
AIRFLOW_CTX_TASK_ID=customer_servicecentre_logins
AIRFLOW_CTX_EXECUTION_DATE=2021-06-15T02:30:00+00:00
AIRFLOW_CTX_DAG_RUN_ID=scheduled__2021-06-15T02:30:00+00:00
[2021-06-16 13:21:49,560] {logging_mixin.py:104} INFO - ------------------------------------Inside Function-----------------------------
[2021-06-16 13:21:51,655] {logging_mixin.py:104} INFO - -------------------------------Data read into dataframe---------------------------
[2021-06-16 13:21:53,442] {logging_mixin.py:104} INFO - ----------------------------------Data written into summary DB----------------------
[2021-06-16 13:21:53,443] {python.py:151} INFO - Done. Returned value was: None
[2021-06-16 13:21:53,479] {taskinstance.py:1191} INFO - Marking task as SUCCESS. dag_id=summary_db, task_id=customer_servicecentre_logins, execution_date=20210615T023000, start_date=20210616T132149, end_date=20210616T132153
[2021-06-16 13:21:53,585] {taskinstance.py:1245} INFO - 0 downstream tasks scheduled from follow-on schedule check
[2021-06-16 13:21:53,606] {local_task_job.py:151} INFO - Task exited with return code 0
