[2021-06-16 13:21:36,253] {taskinstance.py:876} INFO - Dependencies all met for <TaskInstance: summary_db.ambassador_mishaps 2021-06-15T02:30:00+00:00 [queued]>
[2021-06-16 13:21:36,398] {taskinstance.py:876} INFO - Dependencies all met for <TaskInstance: summary_db.ambassador_mishaps 2021-06-15T02:30:00+00:00 [queued]>
[2021-06-16 13:21:36,398] {taskinstance.py:1067} INFO - 
--------------------------------------------------------------------------------
[2021-06-16 13:21:36,399] {taskinstance.py:1068} INFO - Starting attempt 2 of 5
[2021-06-16 13:21:36,413] {taskinstance.py:1069} INFO - 
--------------------------------------------------------------------------------
[2021-06-16 13:21:36,514] {taskinstance.py:1087} INFO - Executing <Task(PythonOperator): ambassador_mishaps> on 2021-06-15T02:30:00+00:00
[2021-06-16 13:21:36,562] {standard_task_runner.py:52} INFO - Started process 2190 to run task
[2021-06-16 13:21:36,582] {standard_task_runner.py:76} INFO - Running: ['***', 'tasks', 'run', 'summary_db', 'ambassador_mishaps', '2021-06-15T02:30:00+00:00', '--job-id', '247', '--pool', 'default_pool', '--raw', '--subdir', 'DAGS_FOLDER/first_dag.py', '--cfg-path', '/tmp/tmpri9xsr0u', '--error-file', '/tmp/tmp7nvy8tnu']
[2021-06-16 13:21:36,583] {standard_task_runner.py:77} INFO - Job 247: Subtask ambassador_mishaps
[2021-06-16 13:21:36,724] {logging_mixin.py:104} INFO - Running <TaskInstance: summary_db.ambassador_mishaps 2021-06-15T02:30:00+00:00 [running]> on host ac3e7c1eb084
[2021-06-16 13:21:37,013] {taskinstance.py:1282} INFO - Exporting the following env vars:
AIRFLOW_CTX_DAG_OWNER=***
AIRFLOW_CTX_DAG_ID=summary_db
AIRFLOW_CTX_TASK_ID=ambassador_mishaps
AIRFLOW_CTX_EXECUTION_DATE=2021-06-15T02:30:00+00:00
AIRFLOW_CTX_DAG_RUN_ID=scheduled__2021-06-15T02:30:00+00:00
[2021-06-16 13:21:37,015] {logging_mixin.py:104} INFO - ------------------------------------Inside Function-----------------------------
[2021-06-16 13:21:40,131] {logging_mixin.py:104} INFO - -------------------------------Data read into dataframe---------------------------
[2021-06-16 13:21:45,433] {logging_mixin.py:104} INFO - ----------------------------------Data written into summary DB----------------------
[2021-06-16 13:21:45,433] {python.py:151} INFO - Done. Returned value was: None
[2021-06-16 13:21:45,754] {taskinstance.py:1191} INFO - Marking task as SUCCESS. dag_id=summary_db, task_id=ambassador_mishaps, execution_date=20210615T023000, start_date=20210616T132136, end_date=20210616T132145
[2021-06-16 13:21:45,907] {taskinstance.py:1245} INFO - 0 downstream tasks scheduled from follow-on schedule check
[2021-06-16 13:21:45,950] {local_task_job.py:151} INFO - Task exited with return code 0
