[2021-06-16 13:15:58,554] {taskinstance.py:876} INFO - Dependencies all met for <TaskInstance: summary_db.ambassador_refunds_type 2021-06-15T02:30:00+00:00 [queued]>
[2021-06-16 13:16:00,958] {taskinstance.py:876} INFO - Dependencies all met for <TaskInstance: summary_db.ambassador_refunds_type 2021-06-15T02:30:00+00:00 [queued]>
[2021-06-16 13:16:00,959] {taskinstance.py:1067} INFO - 
--------------------------------------------------------------------------------
[2021-06-16 13:16:00,959] {taskinstance.py:1068} INFO - Starting attempt 1 of 4
[2021-06-16 13:16:00,959] {taskinstance.py:1069} INFO - 
--------------------------------------------------------------------------------
[2021-06-16 13:16:05,372] {taskinstance.py:1087} INFO - Executing <Task(PythonOperator): ambassador_refunds_type> on 2021-06-15T02:30:00+00:00
[2021-06-16 13:16:10,000] {standard_task_runner.py:52} INFO - Started process 1939 to run task
[2021-06-16 13:16:12,115] {standard_task_runner.py:76} INFO - Running: ['***', 'tasks', 'run', 'summary_db', 'ambassador_refunds_type', '2021-06-15T02:30:00+00:00', '--job-id', '218', '--pool', 'default_pool', '--raw', '--subdir', 'DAGS_FOLDER/first_dag.py', '--cfg-path', '/tmp/tmp1qxlqsr_', '--error-file', '/tmp/tmpcjbhwant']
[2021-06-16 13:16:12,126] {standard_task_runner.py:77} INFO - Job 218: Subtask ambassador_refunds_type
[2021-06-16 13:16:28,312] {logging_mixin.py:104} INFO - Running <TaskInstance: summary_db.ambassador_refunds_type 2021-06-15T02:30:00+00:00 [running]> on host ac3e7c1eb084
[2021-06-16 13:16:33,674] {taskinstance.py:1282} INFO - Exporting the following env vars:
AIRFLOW_CTX_DAG_OWNER=***
AIRFLOW_CTX_DAG_ID=summary_db
AIRFLOW_CTX_TASK_ID=ambassador_refunds_type
AIRFLOW_CTX_EXECUTION_DATE=2021-06-15T02:30:00+00:00
AIRFLOW_CTX_DAG_RUN_ID=scheduled__2021-06-15T02:30:00+00:00
[2021-06-16 13:16:33,675] {logging_mixin.py:104} INFO - ------------------------------------Inside Function-----------------------------
[2021-06-16 13:43:13,266] {local_task_job.py:76} ERROR - Received SIGTERM. Terminating subprocesses
[2021-06-16 13:43:13,283] {process_utils.py:100} INFO - Sending Signals.SIGTERM to GPID 1939
