[2021-06-16 13:21:06,069] {taskinstance.py:876} INFO - Dependencies all met for <TaskInstance: summary_db.ambassador_channel_partner_tied 2021-06-15T02:30:00+00:00 [queued]>
[2021-06-16 13:21:06,123] {taskinstance.py:876} INFO - Dependencies all met for <TaskInstance: summary_db.ambassador_channel_partner_tied 2021-06-15T02:30:00+00:00 [queued]>
[2021-06-16 13:21:06,129] {taskinstance.py:1067} INFO - 
--------------------------------------------------------------------------------
[2021-06-16 13:21:06,131] {taskinstance.py:1068} INFO - Starting attempt 2 of 5
[2021-06-16 13:21:06,134] {taskinstance.py:1069} INFO - 
--------------------------------------------------------------------------------
[2021-06-16 13:21:06,219] {taskinstance.py:1087} INFO - Executing <Task(PythonOperator): ambassador_channel_partner_tied> on 2021-06-15T02:30:00+00:00
[2021-06-16 13:21:06,244] {standard_task_runner.py:52} INFO - Started process 2160 to run task
[2021-06-16 13:21:06,264] {standard_task_runner.py:76} INFO - Running: ['***', 'tasks', 'run', 'summary_db', 'ambassador_channel_partner_tied', '2021-06-15T02:30:00+00:00', '--job-id', '243', '--pool', 'default_pool', '--raw', '--subdir', 'DAGS_FOLDER/first_dag.py', '--cfg-path', '/tmp/tmphp4koaff', '--error-file', '/tmp/tmp7lk5ucip']
[2021-06-16 13:21:06,278] {standard_task_runner.py:77} INFO - Job 243: Subtask ambassador_channel_partner_tied
[2021-06-16 13:21:06,528] {logging_mixin.py:104} INFO - Running <TaskInstance: summary_db.ambassador_channel_partner_tied 2021-06-15T02:30:00+00:00 [running]> on host ac3e7c1eb084
[2021-06-16 13:21:06,984] {taskinstance.py:1282} INFO - Exporting the following env vars:
AIRFLOW_CTX_DAG_OWNER=***
AIRFLOW_CTX_DAG_ID=summary_db
AIRFLOW_CTX_TASK_ID=ambassador_channel_partner_tied
AIRFLOW_CTX_EXECUTION_DATE=2021-06-15T02:30:00+00:00
AIRFLOW_CTX_DAG_RUN_ID=scheduled__2021-06-15T02:30:00+00:00
[2021-06-16 13:21:06,987] {logging_mixin.py:104} INFO - ------------------------------------Inside Function-----------------------------
[2021-06-16 13:21:10,638] {logging_mixin.py:104} INFO - -------------------------------Data read into dataframe---------------------------
[2021-06-16 13:21:14,677] {logging_mixin.py:104} INFO - ----------------------------------Data written into summary DB----------------------
[2021-06-16 13:21:14,677] {python.py:151} INFO - Done. Returned value was: None
[2021-06-16 13:21:14,720] {taskinstance.py:1191} INFO - Marking task as SUCCESS. dag_id=summary_db, task_id=ambassador_channel_partner_tied, execution_date=20210615T023000, start_date=20210616T132106, end_date=20210616T132114
[2021-06-16 13:21:14,860] {taskinstance.py:1245} INFO - 0 downstream tasks scheduled from follow-on schedule check
[2021-06-16 13:21:14,890] {local_task_job.py:151} INFO - Task exited with return code 0
