[2021-06-14 12:49:18,048] {taskinstance.py:876} INFO - Dependencies all met for <TaskInstance: summary_db.queue_state 2021-06-13T00:00:00+00:00 [queued]>
[2021-06-14 12:49:18,222] {taskinstance.py:876} INFO - Dependencies all met for <TaskInstance: summary_db.queue_state 2021-06-13T00:00:00+00:00 [queued]>
[2021-06-14 12:49:18,227] {taskinstance.py:1067} INFO - 
--------------------------------------------------------------------------------
[2021-06-14 12:49:18,228] {taskinstance.py:1068} INFO - Starting attempt 1 of 2
[2021-06-14 12:49:18,230] {taskinstance.py:1069} INFO - 
--------------------------------------------------------------------------------
[2021-06-14 12:49:18,345] {taskinstance.py:1087} INFO - Executing <Task(PythonOperator): queue_state> on 2021-06-13T00:00:00+00:00
[2021-06-14 12:49:18,403] {standard_task_runner.py:52} INFO - Started process 412 to run task
[2021-06-14 12:49:18,418] {standard_task_runner.py:76} INFO - Running: ['***', 'tasks', 'run', 'summary_db', 'queue_state', '2021-06-13T00:00:00+00:00', '--job-id', '54', '--pool', 'default_pool', '--raw', '--subdir', 'DAGS_FOLDER/first_dag.py', '--cfg-path', '/tmp/tmpmmech3up', '--error-file', '/tmp/tmpdxl1o4ey']
[2021-06-14 12:49:18,418] {standard_task_runner.py:77} INFO - Job 54: Subtask queue_state
[2021-06-14 12:49:18,923] {logging_mixin.py:104} INFO - Running <TaskInstance: summary_db.queue_state 2021-06-13T00:00:00+00:00 [running]> on host 7874826b9cd7
[2021-06-14 12:49:19,483] {taskinstance.py:1282} INFO - Exporting the following env vars:
AIRFLOW_CTX_DAG_OWNER=***
AIRFLOW_CTX_DAG_ID=summary_db
AIRFLOW_CTX_TASK_ID=queue_state
AIRFLOW_CTX_EXECUTION_DATE=2021-06-13T00:00:00+00:00
AIRFLOW_CTX_DAG_RUN_ID=scheduled__2021-06-13T00:00:00+00:00
[2021-06-14 12:49:19,485] {logging_mixin.py:104} INFO - ------------------------------------Inside Function-----------------------------
[2021-06-14 12:49:46,371] {logging_mixin.py:104} INFO - -------------------------------Data read into dataframe---------------------------
[2021-06-14 12:49:57,811] {logging_mixin.py:104} WARNING - /home/***/.local/lib/python3.6/site-packages/pandas/io/sql.py:1423 UserWarning: The provided table name '21N_queue_state' is not found exactly as such in the database after writing the table, possibly due to case sensitivity issues. Consider using lower case table names.
[2021-06-14 12:49:57,811] {logging_mixin.py:104} INFO - ----------------------------------Data written into summary DB----------------------
[2021-06-14 12:49:57,825] {python.py:151} INFO - Done. Returned value was: None
[2021-06-14 12:49:57,894] {taskinstance.py:1191} INFO - Marking task as SUCCESS. dag_id=summary_db, task_id=queue_state, execution_date=20210613T000000, start_date=20210614T124918, end_date=20210614T124957
[2021-06-14 12:49:57,990] {taskinstance.py:1245} INFO - 0 downstream tasks scheduled from follow-on schedule check
[2021-06-14 12:49:58,032] {local_task_job.py:151} INFO - Task exited with return code 0
[2021-06-14 15:28:31,426] {taskinstance.py:876} INFO - Dependencies all met for <TaskInstance: summary_db.queue_state 2021-06-13T00:00:00+00:00 [queued]>
[2021-06-14 15:28:31,682] {taskinstance.py:876} INFO - Dependencies all met for <TaskInstance: summary_db.queue_state 2021-06-13T00:00:00+00:00 [queued]>
[2021-06-14 15:28:31,687] {taskinstance.py:1067} INFO - 
--------------------------------------------------------------------------------
[2021-06-14 15:28:31,708] {taskinstance.py:1068} INFO - Starting attempt 1 of 2
[2021-06-14 15:28:31,717] {taskinstance.py:1069} INFO - 
--------------------------------------------------------------------------------
[2021-06-14 15:28:31,877] {taskinstance.py:1087} INFO - Executing <Task(PythonOperator): queue_state> on 2021-06-13T00:00:00+00:00
[2021-06-14 15:28:32,034] {standard_task_runner.py:52} INFO - Started process 837 to run task
[2021-06-14 15:28:32,111] {standard_task_runner.py:76} INFO - Running: ['***', 'tasks', 'run', 'summary_db', 'queue_state', '2021-06-13T00:00:00+00:00', '--job-id', '88', '--pool', 'default_pool', '--raw', '--subdir', 'DAGS_FOLDER/first_dag.py', '--cfg-path', '/tmp/tmpwdgwbcqu', '--error-file', '/tmp/tmphh78lfxj']
[2021-06-14 15:28:32,112] {standard_task_runner.py:77} INFO - Job 88: Subtask queue_state
[2021-06-14 15:28:32,777] {logging_mixin.py:104} INFO - Running <TaskInstance: summary_db.queue_state 2021-06-13T00:00:00+00:00 [running]> on host 7874826b9cd7
[2021-06-14 15:28:33,894] {taskinstance.py:1282} INFO - Exporting the following env vars:
AIRFLOW_CTX_DAG_OWNER=***
AIRFLOW_CTX_DAG_ID=summary_db
AIRFLOW_CTX_TASK_ID=queue_state
AIRFLOW_CTX_EXECUTION_DATE=2021-06-13T00:00:00+00:00
AIRFLOW_CTX_DAG_RUN_ID=scheduled__2021-06-13T00:00:00+00:00
[2021-06-14 15:28:33,916] {logging_mixin.py:104} INFO - ------------------------------------Inside Function-----------------------------
[2021-06-14 15:28:57,818] {logging_mixin.py:104} INFO - -------------------------------Data read into dataframe---------------------------
[2021-06-14 15:29:26,713] {logging_mixin.py:104} WARNING - /home/***/.local/lib/python3.6/site-packages/pandas/io/sql.py:1423 UserWarning: The provided table name '21N_queue_state' is not found exactly as such in the database after writing the table, possibly due to case sensitivity issues. Consider using lower case table names.
[2021-06-14 15:29:26,714] {logging_mixin.py:104} INFO - ----------------------------------Data written into summary DB----------------------
[2021-06-14 15:29:26,744] {python.py:151} INFO - Done. Returned value was: None
[2021-06-14 15:29:26,820] {taskinstance.py:1191} INFO - Marking task as SUCCESS. dag_id=summary_db, task_id=queue_state, execution_date=20210613T000000, start_date=20210614T152831, end_date=20210614T152926
[2021-06-14 15:29:26,958] {taskinstance.py:1245} INFO - 0 downstream tasks scheduled from follow-on schedule check
[2021-06-14 15:29:27,031] {local_task_job.py:151} INFO - Task exited with return code 0
[2021-06-14 18:34:35,025] {taskinstance.py:876} INFO - Dependencies all met for <TaskInstance: summary_db.queue_state 2021-06-13T00:00:00+00:00 [queued]>
[2021-06-14 18:34:35,292] {taskinstance.py:876} INFO - Dependencies all met for <TaskInstance: summary_db.queue_state 2021-06-13T00:00:00+00:00 [queued]>
[2021-06-14 18:34:35,292] {taskinstance.py:1067} INFO - 
--------------------------------------------------------------------------------
[2021-06-14 18:34:35,306] {taskinstance.py:1068} INFO - Starting attempt 1 of 2
[2021-06-14 18:34:35,344] {taskinstance.py:1069} INFO - 
--------------------------------------------------------------------------------
[2021-06-14 18:34:35,540] {taskinstance.py:1087} INFO - Executing <Task(PythonOperator): queue_state> on 2021-06-13T00:00:00+00:00
[2021-06-14 18:34:35,582] {standard_task_runner.py:52} INFO - Started process 304 to run task
[2021-06-14 18:34:35,642] {standard_task_runner.py:76} INFO - Running: ['***', 'tasks', 'run', 'summary_db', 'queue_state', '2021-06-13T00:00:00+00:00', '--job-id', '121', '--pool', 'default_pool', '--raw', '--subdir', 'DAGS_FOLDER/first_dag.py', '--cfg-path', '/tmp/tmppyq5rdug', '--error-file', '/tmp/tmpvcmeajqz']
[2021-06-14 18:34:35,655] {standard_task_runner.py:77} INFO - Job 121: Subtask queue_state
[2021-06-14 18:34:36,334] {logging_mixin.py:104} INFO - Running <TaskInstance: summary_db.queue_state 2021-06-13T00:00:00+00:00 [running]> on host 89c270a4555f
[2021-06-14 18:34:37,380] {taskinstance.py:1282} INFO - Exporting the following env vars:
AIRFLOW_CTX_DAG_OWNER=***
AIRFLOW_CTX_DAG_ID=summary_db
AIRFLOW_CTX_TASK_ID=queue_state
AIRFLOW_CTX_EXECUTION_DATE=2021-06-13T00:00:00+00:00
AIRFLOW_CTX_DAG_RUN_ID=scheduled__2021-06-13T00:00:00+00:00
[2021-06-14 18:34:37,382] {logging_mixin.py:104} INFO - ------------------------------------Inside Function-----------------------------
[2021-06-14 18:35:11,528] {logging_mixin.py:104} INFO - -------------------------------Data read into dataframe---------------------------
[2021-06-14 18:35:35,817] {logging_mixin.py:104} WARNING - /home/***/.local/lib/python3.6/site-packages/pandas/io/sql.py:1423 UserWarning: The provided table name '21N_queue_state' is not found exactly as such in the database after writing the table, possibly due to case sensitivity issues. Consider using lower case table names.
[2021-06-14 18:35:35,845] {logging_mixin.py:104} INFO - ----------------------------------Data written into summary DB----------------------
[2021-06-14 18:35:35,852] {python.py:151} INFO - Done. Returned value was: None
[2021-06-14 18:35:35,945] {taskinstance.py:1191} INFO - Marking task as SUCCESS. dag_id=summary_db, task_id=queue_state, execution_date=20210613T000000, start_date=20210614T183435, end_date=20210614T183535
[2021-06-14 18:35:36,079] {taskinstance.py:1245} INFO - 0 downstream tasks scheduled from follow-on schedule check
[2021-06-14 18:35:36,115] {local_task_job.py:151} INFO - Task exited with return code 0
