[2021-06-28 15:20:00,528] {taskinstance.py:876} INFO - Dependencies all met for <TaskInstance: summary_db.ambassador_ontime_history 2021-06-26T23:45:00+00:00 [queued]>
[2021-06-28 15:20:00,748] {taskinstance.py:876} INFO - Dependencies all met for <TaskInstance: summary_db.ambassador_ontime_history 2021-06-26T23:45:00+00:00 [queued]>
[2021-06-28 15:20:00,750] {taskinstance.py:1067} INFO - 
--------------------------------------------------------------------------------
[2021-06-28 15:20:00,752] {taskinstance.py:1068} INFO - Starting attempt 1 of 4
[2021-06-28 15:20:00,766] {taskinstance.py:1069} INFO - 
--------------------------------------------------------------------------------
[2021-06-28 15:20:00,940] {taskinstance.py:1087} INFO - Executing <Task(PythonOperator): ambassador_ontime_history> on 2021-06-26T23:45:00+00:00
[2021-06-28 15:20:00,957] {standard_task_runner.py:52} INFO - Started process 297 to run task
[2021-06-28 15:20:01,020] {standard_task_runner.py:76} INFO - Running: ['***', 'tasks', 'run', 'summary_db', 'ambassador_ontime_history', '2021-06-26T23:45:00+00:00', '--job-id', '270', '--pool', 'default_pool', '--raw', '--subdir', 'DAGS_FOLDER/analytics_summary.py', '--cfg-path', '/tmp/tmpo8o9dwxo', '--error-file', '/tmp/tmpg5yujol_']
[2021-06-28 15:20:01,021] {standard_task_runner.py:77} INFO - Job 270: Subtask ambassador_ontime_history
[2021-06-28 15:20:01,909] {logging_mixin.py:104} INFO - Running <TaskInstance: summary_db.ambassador_ontime_history 2021-06-26T23:45:00+00:00 [running]> on host 32c9461fc328
[2021-06-28 15:20:02,689] {taskinstance.py:1282} INFO - Exporting the following env vars:
AIRFLOW_CTX_DAG_OWNER=***
AIRFLOW_CTX_DAG_ID=summary_db
AIRFLOW_CTX_TASK_ID=ambassador_ontime_history
AIRFLOW_CTX_EXECUTION_DATE=2021-06-26T23:45:00+00:00
AIRFLOW_CTX_DAG_RUN_ID=scheduled__2021-06-26T23:45:00+00:00
[2021-06-28 15:20:02,690] {logging_mixin.py:104} INFO - ------------------------------------Inside Function-----------------------------
[2021-06-28 15:20:10,596] {logging_mixin.py:104} INFO - -------------------------------Data read into dataframe---------------------------
[2021-06-28 15:20:12,752] {logging_mixin.py:104} INFO - ----------------------------------Data written into summary DB----------------------
[2021-06-28 15:20:12,753] {python.py:151} INFO - Done. Returned value was: None
[2021-06-28 15:20:12,845] {taskinstance.py:1191} INFO - Marking task as SUCCESS. dag_id=summary_db, task_id=ambassador_ontime_history, execution_date=20210626T234500, start_date=20210628T152000, end_date=20210628T152012
[2021-06-28 15:20:13,280] {taskinstance.py:1245} INFO - 0 downstream tasks scheduled from follow-on schedule check
[2021-06-28 15:20:13,526] {local_task_job.py:151} INFO - Task exited with return code 0
[2021-06-28 15:38:35,498] {taskinstance.py:876} INFO - Dependencies all met for <TaskInstance: summary_db.ambassador_ontime_history 2021-06-26T23:45:00+00:00 [queued]>
[2021-06-28 15:38:35,530] {taskinstance.py:876} INFO - Dependencies all met for <TaskInstance: summary_db.ambassador_ontime_history 2021-06-26T23:45:00+00:00 [queued]>
[2021-06-28 15:38:35,531] {taskinstance.py:1067} INFO - 
--------------------------------------------------------------------------------
[2021-06-28 15:38:35,531] {taskinstance.py:1068} INFO - Starting attempt 1 of 4
[2021-06-28 15:38:35,531] {taskinstance.py:1069} INFO - 
--------------------------------------------------------------------------------
[2021-06-28 15:38:35,545] {taskinstance.py:1087} INFO - Executing <Task(PythonOperator): ambassador_ontime_history> on 2021-06-26T23:45:00+00:00
[2021-06-28 15:38:35,560] {standard_task_runner.py:52} INFO - Started process 314 to run task
[2021-06-28 15:38:35,563] {standard_task_runner.py:76} INFO - Running: ['***', 'tasks', 'run', 'summary_db', 'ambassador_ontime_history', '2021-06-26T23:45:00+00:00', '--job-id', '304', '--pool', 'default_pool', '--raw', '--subdir', 'DAGS_FOLDER/analytics_summary.py', '--cfg-path', '/tmp/tmp18cres1a', '--error-file', '/tmp/tmpg_40_vwu']
[2021-06-28 15:38:35,564] {standard_task_runner.py:77} INFO - Job 304: Subtask ambassador_ontime_history
[2021-06-28 15:38:35,660] {logging_mixin.py:104} INFO - Running <TaskInstance: summary_db.ambassador_ontime_history 2021-06-26T23:45:00+00:00 [running]> on host 32c9461fc328
[2021-06-28 15:38:35,820] {taskinstance.py:1282} INFO - Exporting the following env vars:
AIRFLOW_CTX_DAG_OWNER=***
AIRFLOW_CTX_DAG_ID=summary_db
AIRFLOW_CTX_TASK_ID=ambassador_ontime_history
AIRFLOW_CTX_EXECUTION_DATE=2021-06-26T23:45:00+00:00
AIRFLOW_CTX_DAG_RUN_ID=scheduled__2021-06-26T23:45:00+00:00
[2021-06-28 15:38:35,823] {logging_mixin.py:104} INFO - ------------------------------------Inside Function-----------------------------
[2021-06-28 15:39:36,986] {logging_mixin.py:104} INFO - -------------------------------Data read into dataframe---------------------------
[2021-06-28 15:39:38,548] {logging_mixin.py:104} INFO - ----------------------------------Data written into summary DB----------------------
[2021-06-28 15:39:38,548] {python.py:151} INFO - Done. Returned value was: None
[2021-06-28 15:39:38,568] {taskinstance.py:1191} INFO - Marking task as SUCCESS. dag_id=summary_db, task_id=ambassador_ontime_history, execution_date=20210626T234500, start_date=20210628T153835, end_date=20210628T153938
[2021-06-28 15:39:38,603] {taskinstance.py:1245} INFO - 0 downstream tasks scheduled from follow-on schedule check
[2021-06-28 15:39:38,654] {local_task_job.py:151} INFO - Task exited with return code 0
