[2021-06-15 18:00:35,626] {taskinstance.py:876} INFO - Dependencies all met for <TaskInstance: summary_db.ambassador_channel_partner_comission 2021-06-14T00:00:00+00:00 [queued]>
[2021-06-15 18:00:35,661] {taskinstance.py:876} INFO - Dependencies all met for <TaskInstance: summary_db.ambassador_channel_partner_comission 2021-06-14T00:00:00+00:00 [queued]>
[2021-06-15 18:00:35,662] {taskinstance.py:1067} INFO - 
--------------------------------------------------------------------------------
[2021-06-15 18:00:35,663] {taskinstance.py:1068} INFO - Starting attempt 2 of 3
[2021-06-15 18:00:35,664] {taskinstance.py:1069} INFO - 
--------------------------------------------------------------------------------
[2021-06-15 18:00:35,708] {taskinstance.py:1087} INFO - Executing <Task(PythonOperator): ambassador_channel_partner_comission> on 2021-06-14T00:00:00+00:00
[2021-06-15 18:00:35,733] {standard_task_runner.py:52} INFO - Started process 1452 to run task
[2021-06-15 18:00:35,740] {standard_task_runner.py:76} INFO - Running: ['***', 'tasks', 'run', 'summary_db', 'ambassador_channel_partner_comission', '2021-06-14T00:00:00+00:00', '--job-id', '150', '--pool', 'default_pool', '--raw', '--subdir', 'DAGS_FOLDER/first_dag.py', '--cfg-path', '/tmp/tmpe6c9yqd9', '--error-file', '/tmp/tmpy1wq5g4k']
[2021-06-15 18:00:35,741] {standard_task_runner.py:77} INFO - Job 150: Subtask ambassador_channel_partner_comission
[2021-06-15 18:00:35,944] {logging_mixin.py:104} INFO - Running <TaskInstance: summary_db.ambassador_channel_partner_comission 2021-06-14T00:00:00+00:00 [running]> on host bb8bb196dd92
[2021-06-15 18:00:36,171] {taskinstance.py:1282} INFO - Exporting the following env vars:
AIRFLOW_CTX_DAG_OWNER=***
AIRFLOW_CTX_DAG_ID=summary_db
AIRFLOW_CTX_TASK_ID=ambassador_channel_partner_comission
AIRFLOW_CTX_EXECUTION_DATE=2021-06-14T00:00:00+00:00
AIRFLOW_CTX_DAG_RUN_ID=scheduled__2021-06-14T00:00:00+00:00
[2021-06-15 18:00:36,172] {logging_mixin.py:104} INFO - ------------------------------------Inside Function-----------------------------
[2021-06-15 18:00:37,971] {logging_mixin.py:104} INFO - -------------------------------Data read into dataframe---------------------------
[2021-06-15 18:00:38,683] {logging_mixin.py:104} WARNING - /home/***/.local/lib/python3.6/site-packages/pandas/io/sql.py:1423 UserWarning: The provided table name '21N_ambassador_channel_partner_comission' is not found exactly as such in the database after writing the table, possibly due to case sensitivity issues. Consider using lower case table names.
[2021-06-15 18:00:38,683] {logging_mixin.py:104} INFO - ----------------------------------Data written into summary DB----------------------
[2021-06-15 18:00:38,683] {python.py:151} INFO - Done. Returned value was: None
[2021-06-15 18:00:38,695] {taskinstance.py:1191} INFO - Marking task as SUCCESS. dag_id=summary_db, task_id=ambassador_channel_partner_comission, execution_date=20210614T000000, start_date=20210615T180035, end_date=20210615T180038
[2021-06-15 18:00:38,722] {taskinstance.py:1245} INFO - 0 downstream tasks scheduled from follow-on schedule check
[2021-06-15 18:00:38,748] {local_task_job.py:151} INFO - Task exited with return code 0
