[2021-06-28 15:19:59,827] {taskinstance.py:876} INFO - Dependencies all met for <TaskInstance: summary_db.ambassador_refunds_type 2021-06-26T23:45:00+00:00 [queued]>
[2021-06-28 15:19:59,900] {taskinstance.py:876} INFO - Dependencies all met for <TaskInstance: summary_db.ambassador_refunds_type 2021-06-26T23:45:00+00:00 [queued]>
[2021-06-28 15:19:59,901] {taskinstance.py:1067} INFO - 
--------------------------------------------------------------------------------
[2021-06-28 15:19:59,901] {taskinstance.py:1068} INFO - Starting attempt 1 of 4
[2021-06-28 15:19:59,901] {taskinstance.py:1069} INFO - 
--------------------------------------------------------------------------------
[2021-06-28 15:20:00,014] {taskinstance.py:1087} INFO - Executing <Task(PythonOperator): ambassador_refunds_type> on 2021-06-26T23:45:00+00:00
[2021-06-28 15:20:00,147] {standard_task_runner.py:52} INFO - Started process 293 to run task
[2021-06-28 15:20:00,178] {standard_task_runner.py:76} INFO - Running: ['***', 'tasks', 'run', 'summary_db', 'ambassador_refunds_type', '2021-06-26T23:45:00+00:00', '--job-id', '267', '--pool', 'default_pool', '--raw', '--subdir', 'DAGS_FOLDER/analytics_summary.py', '--cfg-path', '/tmp/tmpri76h5ms', '--error-file', '/tmp/tmp4_vvqdhx']
[2021-06-28 15:20:00,179] {standard_task_runner.py:77} INFO - Job 267: Subtask ambassador_refunds_type
[2021-06-28 15:20:00,532] {logging_mixin.py:104} INFO - Running <TaskInstance: summary_db.ambassador_refunds_type 2021-06-26T23:45:00+00:00 [running]> on host 32c9461fc328
[2021-06-28 15:20:01,236] {taskinstance.py:1282} INFO - Exporting the following env vars:
AIRFLOW_CTX_DAG_OWNER=***
AIRFLOW_CTX_DAG_ID=summary_db
AIRFLOW_CTX_TASK_ID=ambassador_refunds_type
AIRFLOW_CTX_EXECUTION_DATE=2021-06-26T23:45:00+00:00
AIRFLOW_CTX_DAG_RUN_ID=scheduled__2021-06-26T23:45:00+00:00
[2021-06-28 15:20:01,239] {logging_mixin.py:104} INFO - ------------------------------------Inside Function-----------------------------
[2021-06-28 15:20:04,525] {logging_mixin.py:104} INFO - -------------------------------Data read into dataframe---------------------------
[2021-06-28 15:20:08,946] {logging_mixin.py:104} INFO - ----------------------------------Data written into summary DB----------------------
[2021-06-28 15:20:08,948] {python.py:151} INFO - Done. Returned value was: None
[2021-06-28 15:20:09,049] {taskinstance.py:1191} INFO - Marking task as SUCCESS. dag_id=summary_db, task_id=ambassador_refunds_type, execution_date=20210626T234500, start_date=20210628T151959, end_date=20210628T152009
[2021-06-28 15:20:09,376] {taskinstance.py:1245} INFO - 0 downstream tasks scheduled from follow-on schedule check
[2021-06-28 15:20:09,446] {local_task_job.py:151} INFO - Task exited with return code 0
[2021-06-28 15:38:35,645] {taskinstance.py:876} INFO - Dependencies all met for <TaskInstance: summary_db.ambassador_refunds_type 2021-06-26T23:45:00+00:00 [queued]>
[2021-06-28 15:38:35,706] {taskinstance.py:876} INFO - Dependencies all met for <TaskInstance: summary_db.ambassador_refunds_type 2021-06-26T23:45:00+00:00 [queued]>
[2021-06-28 15:38:35,706] {taskinstance.py:1067} INFO - 
--------------------------------------------------------------------------------
[2021-06-28 15:38:35,706] {taskinstance.py:1068} INFO - Starting attempt 1 of 4
[2021-06-28 15:38:35,707] {taskinstance.py:1069} INFO - 
--------------------------------------------------------------------------------
[2021-06-28 15:38:35,748] {taskinstance.py:1087} INFO - Executing <Task(PythonOperator): ambassador_refunds_type> on 2021-06-26T23:45:00+00:00
[2021-06-28 15:38:35,759] {standard_task_runner.py:52} INFO - Started process 315 to run task
[2021-06-28 15:38:35,775] {standard_task_runner.py:76} INFO - Running: ['***', 'tasks', 'run', 'summary_db', 'ambassador_refunds_type', '2021-06-26T23:45:00+00:00', '--job-id', '305', '--pool', 'default_pool', '--raw', '--subdir', 'DAGS_FOLDER/analytics_summary.py', '--cfg-path', '/tmp/tmp7mb3dhj4', '--error-file', '/tmp/tmpyl2e7v83']
[2021-06-28 15:38:35,776] {standard_task_runner.py:77} INFO - Job 305: Subtask ambassador_refunds_type
[2021-06-28 15:38:35,904] {logging_mixin.py:104} INFO - Running <TaskInstance: summary_db.ambassador_refunds_type 2021-06-26T23:45:00+00:00 [running]> on host 32c9461fc328
[2021-06-28 15:38:36,156] {taskinstance.py:1282} INFO - Exporting the following env vars:
AIRFLOW_CTX_DAG_OWNER=***
AIRFLOW_CTX_DAG_ID=summary_db
AIRFLOW_CTX_TASK_ID=ambassador_refunds_type
AIRFLOW_CTX_EXECUTION_DATE=2021-06-26T23:45:00+00:00
AIRFLOW_CTX_DAG_RUN_ID=scheduled__2021-06-26T23:45:00+00:00
[2021-06-28 15:38:36,158] {logging_mixin.py:104} INFO - ------------------------------------Inside Function-----------------------------
[2021-06-28 15:38:37,922] {logging_mixin.py:104} INFO - -------------------------------Data read into dataframe---------------------------
[2021-06-28 15:38:40,953] {logging_mixin.py:104} INFO - ----------------------------------Data written into summary DB----------------------
[2021-06-28 15:38:40,953] {python.py:151} INFO - Done. Returned value was: None
[2021-06-28 15:38:40,977] {taskinstance.py:1191} INFO - Marking task as SUCCESS. dag_id=summary_db, task_id=ambassador_refunds_type, execution_date=20210626T234500, start_date=20210628T153835, end_date=20210628T153840
[2021-06-28 15:38:41,093] {taskinstance.py:1245} INFO - 0 downstream tasks scheduled from follow-on schedule check
[2021-06-28 15:38:41,131] {local_task_job.py:151} INFO - Task exited with return code 0
