[2021-06-28 15:20:21,866] {taskinstance.py:876} INFO - Dependencies all met for <TaskInstance: summary_db.servicecentre 2021-06-26T23:45:00+00:00 [queued]>
[2021-06-28 15:20:22,332] {taskinstance.py:876} INFO - Dependencies all met for <TaskInstance: summary_db.servicecentre 2021-06-26T23:45:00+00:00 [queued]>
[2021-06-28 15:20:22,332] {taskinstance.py:1067} INFO - 
--------------------------------------------------------------------------------
[2021-06-28 15:20:22,333] {taskinstance.py:1068} INFO - Starting attempt 1 of 4
[2021-06-28 15:20:22,333] {taskinstance.py:1069} INFO - 
--------------------------------------------------------------------------------
[2021-06-28 15:20:22,466] {taskinstance.py:1087} INFO - Executing <Task(PythonOperator): servicecentre> on 2021-06-26T23:45:00+00:00
[2021-06-28 15:20:22,525] {standard_task_runner.py:52} INFO - Started process 337 to run task
[2021-06-28 15:20:22,512] {standard_task_runner.py:76} INFO - Running: ['***', 'tasks', 'run', 'summary_db', 'servicecentre', '2021-06-26T23:45:00+00:00', '--job-id', '288', '--pool', 'default_pool', '--raw', '--subdir', 'DAGS_FOLDER/analytics_summary.py', '--cfg-path', '/tmp/tmp9z6u1lhu', '--error-file', '/tmp/tmpoyf60rvn']
[2021-06-28 15:20:22,529] {standard_task_runner.py:77} INFO - Job 288: Subtask servicecentre
[2021-06-28 15:20:22,875] {logging_mixin.py:104} INFO - Running <TaskInstance: summary_db.servicecentre 2021-06-26T23:45:00+00:00 [running]> on host 32c9461fc328
[2021-06-28 15:20:23,179] {taskinstance.py:1282} INFO - Exporting the following env vars:
AIRFLOW_CTX_DAG_OWNER=***
AIRFLOW_CTX_DAG_ID=summary_db
AIRFLOW_CTX_TASK_ID=servicecentre
AIRFLOW_CTX_EXECUTION_DATE=2021-06-26T23:45:00+00:00
AIRFLOW_CTX_DAG_RUN_ID=scheduled__2021-06-26T23:45:00+00:00
[2021-06-28 15:20:23,183] {logging_mixin.py:104} INFO - ------------------------------------Inside Function-----------------------------
[2021-06-28 15:20:24,917] {logging_mixin.py:104} INFO - -------------------------------Data read into dataframe---------------------------
[2021-06-28 15:20:26,704] {logging_mixin.py:104} INFO - ----------------------------------Data written into summary DB----------------------
[2021-06-28 15:20:26,705] {python.py:151} INFO - Done. Returned value was: None
[2021-06-28 15:20:26,771] {taskinstance.py:1191} INFO - Marking task as SUCCESS. dag_id=summary_db, task_id=servicecentre, execution_date=20210626T234500, start_date=20210628T152022, end_date=20210628T152026
[2021-06-28 15:20:27,029] {taskinstance.py:1245} INFO - 0 downstream tasks scheduled from follow-on schedule check
[2021-06-28 15:20:27,132] {local_task_job.py:151} INFO - Task exited with return code 0
[2021-06-28 15:39:50,727] {taskinstance.py:876} INFO - Dependencies all met for <TaskInstance: summary_db.servicecentre 2021-06-26T23:45:00+00:00 [queued]>
[2021-06-28 15:39:50,767] {taskinstance.py:876} INFO - Dependencies all met for <TaskInstance: summary_db.servicecentre 2021-06-26T23:45:00+00:00 [queued]>
[2021-06-28 15:39:50,768] {taskinstance.py:1067} INFO - 
--------------------------------------------------------------------------------
[2021-06-28 15:39:50,768] {taskinstance.py:1068} INFO - Starting attempt 1 of 4
[2021-06-28 15:39:50,768] {taskinstance.py:1069} INFO - 
--------------------------------------------------------------------------------
[2021-06-28 15:39:50,781] {taskinstance.py:1087} INFO - Executing <Task(PythonOperator): servicecentre> on 2021-06-26T23:45:00+00:00
[2021-06-28 15:39:50,789] {standard_task_runner.py:52} INFO - Started process 422 to run task
[2021-06-28 15:39:50,796] {standard_task_runner.py:76} INFO - Running: ['***', 'tasks', 'run', 'summary_db', 'servicecentre', '2021-06-26T23:45:00+00:00', '--job-id', '319', '--pool', 'default_pool', '--raw', '--subdir', 'DAGS_FOLDER/analytics_summary.py', '--cfg-path', '/tmp/tmprhemlyes', '--error-file', '/tmp/tmpurrtojg9']
[2021-06-28 15:39:50,796] {standard_task_runner.py:77} INFO - Job 319: Subtask servicecentre
[2021-06-28 15:39:50,862] {logging_mixin.py:104} INFO - Running <TaskInstance: summary_db.servicecentre 2021-06-26T23:45:00+00:00 [running]> on host 32c9461fc328
[2021-06-28 15:39:50,925] {taskinstance.py:1282} INFO - Exporting the following env vars:
AIRFLOW_CTX_DAG_OWNER=***
AIRFLOW_CTX_DAG_ID=summary_db
AIRFLOW_CTX_TASK_ID=servicecentre
AIRFLOW_CTX_EXECUTION_DATE=2021-06-26T23:45:00+00:00
AIRFLOW_CTX_DAG_RUN_ID=scheduled__2021-06-26T23:45:00+00:00
[2021-06-28 15:39:50,926] {logging_mixin.py:104} INFO - ------------------------------------Inside Function-----------------------------
[2021-06-28 15:39:53,642] {logging_mixin.py:104} INFO - -------------------------------Data read into dataframe---------------------------
[2021-06-28 15:39:55,405] {logging_mixin.py:104} INFO - ----------------------------------Data written into summary DB----------------------
[2021-06-28 15:39:55,412] {python.py:151} INFO - Done. Returned value was: None
[2021-06-28 15:39:55,452] {taskinstance.py:1191} INFO - Marking task as SUCCESS. dag_id=summary_db, task_id=servicecentre, execution_date=20210626T234500, start_date=20210628T153950, end_date=20210628T153955
[2021-06-28 15:39:55,541] {taskinstance.py:1245} INFO - 0 downstream tasks scheduled from follow-on schedule check
[2021-06-28 15:39:55,572] {local_task_job.py:151} INFO - Task exited with return code 0
