[2021-06-11 04:41:35,502] {taskinstance.py:876} INFO - Dependencies all met for <TaskInstance: Summary_db.db_conn 2021-06-10T00:00:00+00:00 [queued]>
[2021-06-11 04:41:35,595] {taskinstance.py:876} INFO - Dependencies all met for <TaskInstance: Summary_db.db_conn 2021-06-10T00:00:00+00:00 [queued]>
[2021-06-11 04:41:35,595] {taskinstance.py:1067} INFO - 
--------------------------------------------------------------------------------
[2021-06-11 04:41:35,596] {taskinstance.py:1068} INFO - Starting attempt 2 of 2
[2021-06-11 04:41:35,610] {taskinstance.py:1069} INFO - 
--------------------------------------------------------------------------------
[2021-06-11 04:41:35,718] {taskinstance.py:1087} INFO - Executing <Task(PythonOperator): db_conn> on 2021-06-10T00:00:00+00:00
[2021-06-11 04:41:35,735] {standard_task_runner.py:52} INFO - Started process 465 to run task
[2021-06-11 04:41:35,741] {standard_task_runner.py:76} INFO - Running: ['***', 'tasks', 'run', 'Summary_db', 'db_conn', '2021-06-10T00:00:00+00:00', '--job-id', '11', '--pool', 'default_pool', '--raw', '--subdir', 'DAGS_FOLDER/first_dag.py', '--cfg-path', '/tmp/tmpgklrvqlr', '--error-file', '/tmp/tmpyjf4ly97']
[2021-06-11 04:41:35,742] {standard_task_runner.py:77} INFO - Job 11: Subtask db_conn
[2021-06-11 04:41:35,952] {logging_mixin.py:104} INFO - Running <TaskInstance: Summary_db.db_conn 2021-06-10T00:00:00+00:00 [running]> on host 3a143cf31ae1
[2021-06-11 04:41:36,031] {taskinstance.py:1282} INFO - Exporting the following env vars:
AIRFLOW_CTX_DAG_OWNER=***
AIRFLOW_CTX_DAG_ID=Summary_db
AIRFLOW_CTX_TASK_ID=db_conn
AIRFLOW_CTX_EXECUTION_DATE=2021-06-10T00:00:00+00:00
AIRFLOW_CTX_DAG_RUN_ID=scheduled__2021-06-10T00:00:00+00:00
[2021-06-11 04:41:36,032] {logging_mixin.py:104} INFO - DB Connection started
[2021-06-11 04:41:36,033] {taskinstance.py:1481} ERROR - Task failed with exception
Traceback (most recent call last):
  File "/home/airflow/.local/lib/python3.6/site-packages/airflow/models/taskinstance.py", line 1137, in _run_raw_task
    self._prepare_and_execute_task_with_callbacks(context, task)
  File "/home/airflow/.local/lib/python3.6/site-packages/airflow/models/taskinstance.py", line 1311, in _prepare_and_execute_task_with_callbacks
    result = self._execute_task(context, task_copy)
  File "/home/airflow/.local/lib/python3.6/site-packages/airflow/models/taskinstance.py", line 1341, in _execute_task
    result = task_copy.execute(context=context)
  File "/home/airflow/.local/lib/python3.6/site-packages/airflow/operators/python.py", line 150, in execute
    return_value = self.execute_callable()
  File "/home/airflow/.local/lib/python3.6/site-packages/airflow/operators/python.py", line 161, in execute_callable
    return self.python_callable(*self.op_args, **self.op_kwargs)
  File "/opt/airflow/dags/first_dag.py", line 37, in db_conn
    replica_db_connector = mysql.connector.connect(host= '3.0.136.197', user='yantra', password='0FRZ*j7,>M>C,&tJ',ssl_disabled=True)
NameError: name 'mysql' is not defined
[2021-06-11 04:41:36,036] {taskinstance.py:1531} INFO - Marking task as FAILED. dag_id=Summary_db, task_id=db_conn, execution_date=20210610T000000, start_date=20210611T044135, end_date=20210611T044136
[2021-06-11 04:41:36,082] {local_task_job.py:151} INFO - Task exited with return code 1
