[2021-06-14 12:48:59,432] {taskinstance.py:876} INFO - Dependencies all met for <TaskInstance: summary_db.ambassador_ontime_history 2021-06-13T00:00:00+00:00 [queued]>
[2021-06-14 12:48:59,607] {taskinstance.py:876} INFO - Dependencies all met for <TaskInstance: summary_db.ambassador_ontime_history 2021-06-13T00:00:00+00:00 [queued]>
[2021-06-14 12:48:59,608] {taskinstance.py:1067} INFO - 
--------------------------------------------------------------------------------
[2021-06-14 12:48:59,608] {taskinstance.py:1068} INFO - Starting attempt 1 of 2
[2021-06-14 12:48:59,608] {taskinstance.py:1069} INFO - 
--------------------------------------------------------------------------------
[2021-06-14 12:48:59,824] {taskinstance.py:1087} INFO - Executing <Task(PythonOperator): ambassador_ontime_history> on 2021-06-13T00:00:00+00:00
[2021-06-14 12:48:59,994] {standard_task_runner.py:52} INFO - Started process 369 to run task
[2021-06-14 12:49:00,069] {standard_task_runner.py:76} INFO - Running: ['***', 'tasks', 'run', 'summary_db', 'ambassador_ontime_history', '2021-06-13T00:00:00+00:00', '--job-id', '35', '--pool', 'default_pool', '--raw', '--subdir', 'DAGS_FOLDER/first_dag.py', '--cfg-path', '/tmp/tmpgwf818k5', '--error-file', '/tmp/tmpblz6c577']
[2021-06-14 12:49:00,069] {standard_task_runner.py:77} INFO - Job 35: Subtask ambassador_ontime_history
[2021-06-14 12:49:00,593] {logging_mixin.py:104} INFO - Running <TaskInstance: summary_db.ambassador_ontime_history 2021-06-13T00:00:00+00:00 [running]> on host 7874826b9cd7
[2021-06-14 12:49:01,549] {taskinstance.py:1282} INFO - Exporting the following env vars:
AIRFLOW_CTX_DAG_OWNER=***
AIRFLOW_CTX_DAG_ID=summary_db
AIRFLOW_CTX_TASK_ID=ambassador_ontime_history
AIRFLOW_CTX_EXECUTION_DATE=2021-06-13T00:00:00+00:00
AIRFLOW_CTX_DAG_RUN_ID=scheduled__2021-06-13T00:00:00+00:00
[2021-06-14 12:49:01,552] {logging_mixin.py:104} INFO - ------------------------------------Inside Function-----------------------------
[2021-06-14 12:50:05,849] {logging_mixin.py:104} INFO - -------------------------------Data read into dataframe---------------------------
[2021-06-14 12:50:06,578] {logging_mixin.py:104} WARNING - /home/***/.local/lib/python3.6/site-packages/pandas/io/sql.py:1423 UserWarning: The provided table name '21N_ambassador_ontime_history' is not found exactly as such in the database after writing the table, possibly due to case sensitivity issues. Consider using lower case table names.
[2021-06-14 12:50:06,579] {logging_mixin.py:104} INFO - ----------------------------------Data written into summary DB----------------------
[2021-06-14 12:50:06,579] {python.py:151} INFO - Done. Returned value was: None
[2021-06-14 12:50:06,631] {taskinstance.py:1191} INFO - Marking task as SUCCESS. dag_id=summary_db, task_id=ambassador_ontime_history, execution_date=20210613T000000, start_date=20210614T124859, end_date=20210614T125006
[2021-06-14 12:50:06,749] {taskinstance.py:1245} INFO - 0 downstream tasks scheduled from follow-on schedule check
[2021-06-14 12:50:06,785] {local_task_job.py:151} INFO - Task exited with return code 0
[2021-06-14 15:28:07,117] {taskinstance.py:876} INFO - Dependencies all met for <TaskInstance: summary_db.ambassador_ontime_history 2021-06-13T00:00:00+00:00 [queued]>
[2021-06-14 15:28:07,344] {taskinstance.py:876} INFO - Dependencies all met for <TaskInstance: summary_db.ambassador_ontime_history 2021-06-13T00:00:00+00:00 [queued]>
[2021-06-14 15:28:07,345] {taskinstance.py:1067} INFO - 
--------------------------------------------------------------------------------
[2021-06-14 15:28:07,345] {taskinstance.py:1068} INFO - Starting attempt 1 of 2
[2021-06-14 15:28:07,346] {taskinstance.py:1069} INFO - 
--------------------------------------------------------------------------------
[2021-06-14 15:28:07,434] {taskinstance.py:1087} INFO - Executing <Task(PythonOperator): ambassador_ontime_history> on 2021-06-13T00:00:00+00:00
[2021-06-14 15:28:07,555] {standard_task_runner.py:52} INFO - Started process 799 to run task
[2021-06-14 15:28:07,652] {standard_task_runner.py:76} INFO - Running: ['***', 'tasks', 'run', 'summary_db', 'ambassador_ontime_history', '2021-06-13T00:00:00+00:00', '--job-id', '80', '--pool', 'default_pool', '--raw', '--subdir', 'DAGS_FOLDER/first_dag.py', '--cfg-path', '/tmp/tmpctrv33kb', '--error-file', '/tmp/tmpqn1dghjm']
[2021-06-14 15:28:07,673] {standard_task_runner.py:77} INFO - Job 80: Subtask ambassador_ontime_history
[2021-06-14 15:28:09,018] {logging_mixin.py:104} INFO - Running <TaskInstance: summary_db.ambassador_ontime_history 2021-06-13T00:00:00+00:00 [running]> on host 7874826b9cd7
[2021-06-14 15:28:09,572] {taskinstance.py:1282} INFO - Exporting the following env vars:
AIRFLOW_CTX_DAG_OWNER=***
AIRFLOW_CTX_DAG_ID=summary_db
AIRFLOW_CTX_TASK_ID=ambassador_ontime_history
AIRFLOW_CTX_EXECUTION_DATE=2021-06-13T00:00:00+00:00
AIRFLOW_CTX_DAG_RUN_ID=scheduled__2021-06-13T00:00:00+00:00
[2021-06-14 15:28:09,607] {logging_mixin.py:104} INFO - ------------------------------------Inside Function-----------------------------
[2021-06-14 15:29:03,766] {logging_mixin.py:104} INFO - -------------------------------Data read into dataframe---------------------------
[2021-06-14 15:29:05,192] {logging_mixin.py:104} WARNING - /home/***/.local/lib/python3.6/site-packages/pandas/io/sql.py:1423 UserWarning: The provided table name '21N_ambassador_ontime_history' is not found exactly as such in the database after writing the table, possibly due to case sensitivity issues. Consider using lower case table names.
[2021-06-14 15:29:05,193] {logging_mixin.py:104} INFO - ----------------------------------Data written into summary DB----------------------
[2021-06-14 15:29:05,193] {python.py:151} INFO - Done. Returned value was: None
[2021-06-14 15:29:05,275] {taskinstance.py:1191} INFO - Marking task as SUCCESS. dag_id=summary_db, task_id=ambassador_ontime_history, execution_date=20210613T000000, start_date=20210614T152807, end_date=20210614T152905
[2021-06-14 15:29:05,473] {taskinstance.py:1245} INFO - 0 downstream tasks scheduled from follow-on schedule check
[2021-06-14 15:29:05,526] {local_task_job.py:151} INFO - Task exited with return code 0
[2021-06-14 18:33:53,838] {taskinstance.py:876} INFO - Dependencies all met for <TaskInstance: summary_db.ambassador_ontime_history 2021-06-13T00:00:00+00:00 [queued]>
[2021-06-14 18:33:54,773] {taskinstance.py:876} INFO - Dependencies all met for <TaskInstance: summary_db.ambassador_ontime_history 2021-06-13T00:00:00+00:00 [queued]>
[2021-06-14 18:33:54,773] {taskinstance.py:1067} INFO - 
--------------------------------------------------------------------------------
[2021-06-14 18:33:54,774] {taskinstance.py:1068} INFO - Starting attempt 1 of 2
[2021-06-14 18:33:54,774] {taskinstance.py:1069} INFO - 
--------------------------------------------------------------------------------
[2021-06-14 18:33:55,092] {taskinstance.py:1087} INFO - Executing <Task(PythonOperator): ambassador_ontime_history> on 2021-06-13T00:00:00+00:00
[2021-06-14 18:33:55,485] {standard_task_runner.py:76} INFO - Running: ['***', 'tasks', 'run', 'summary_db', 'ambassador_ontime_history', '2021-06-13T00:00:00+00:00', '--job-id', '111', '--pool', 'default_pool', '--raw', '--subdir', 'DAGS_FOLDER/first_dag.py', '--cfg-path', '/tmp/tmprum0kfvd', '--error-file', '/tmp/tmp0irqkt8p']
[2021-06-14 18:33:55,498] {standard_task_runner.py:77} INFO - Job 111: Subtask ambassador_ontime_history
[2021-06-14 18:33:55,335] {standard_task_runner.py:52} INFO - Started process 255 to run task
[2021-06-14 18:33:56,992] {logging_mixin.py:104} INFO - Running <TaskInstance: summary_db.ambassador_ontime_history 2021-06-13T00:00:00+00:00 [running]> on host 89c270a4555f
[2021-06-14 18:33:58,369] {taskinstance.py:1282} INFO - Exporting the following env vars:
AIRFLOW_CTX_DAG_OWNER=***
AIRFLOW_CTX_DAG_ID=summary_db
AIRFLOW_CTX_TASK_ID=ambassador_ontime_history
AIRFLOW_CTX_EXECUTION_DATE=2021-06-13T00:00:00+00:00
AIRFLOW_CTX_DAG_RUN_ID=scheduled__2021-06-13T00:00:00+00:00
[2021-06-14 18:33:58,379] {logging_mixin.py:104} INFO - ------------------------------------Inside Function-----------------------------
[2021-06-14 18:35:12,016] {logging_mixin.py:104} INFO - -------------------------------Data read into dataframe---------------------------
[2021-06-14 18:35:13,838] {logging_mixin.py:104} WARNING - /home/***/.local/lib/python3.6/site-packages/pandas/io/sql.py:1423 UserWarning: The provided table name '21N_ambassador_ontime_history' is not found exactly as such in the database after writing the table, possibly due to case sensitivity issues. Consider using lower case table names.
[2021-06-14 18:35:13,839] {logging_mixin.py:104} INFO - ----------------------------------Data written into summary DB----------------------
[2021-06-14 18:35:13,839] {python.py:151} INFO - Done. Returned value was: None
[2021-06-14 18:35:13,902] {taskinstance.py:1191} INFO - Marking task as SUCCESS. dag_id=summary_db, task_id=ambassador_ontime_history, execution_date=20210613T000000, start_date=20210614T183353, end_date=20210614T183513
[2021-06-14 18:35:14,165] {taskinstance.py:1245} INFO - 0 downstream tasks scheduled from follow-on schedule check
[2021-06-14 18:35:14,226] {local_task_job.py:151} INFO - Task exited with return code 0
