[2021-06-14 12:49:00,446] {taskinstance.py:876} INFO - Dependencies all met for <TaskInstance: summary_db.queue_distance_eta 2021-06-13T00:00:00+00:00 [queued]>
[2021-06-14 12:49:00,941] {taskinstance.py:876} INFO - Dependencies all met for <TaskInstance: summary_db.queue_distance_eta 2021-06-13T00:00:00+00:00 [queued]>
[2021-06-14 12:49:00,942] {taskinstance.py:1067} INFO - 
--------------------------------------------------------------------------------
[2021-06-14 12:49:00,942] {taskinstance.py:1068} INFO - Starting attempt 1 of 2
[2021-06-14 12:49:00,942] {taskinstance.py:1069} INFO - 
--------------------------------------------------------------------------------
[2021-06-14 12:49:01,239] {taskinstance.py:1087} INFO - Executing <Task(PythonOperator): queue_distance_eta> on 2021-06-13T00:00:00+00:00
[2021-06-14 12:49:01,417] {standard_task_runner.py:52} INFO - Started process 382 to run task
[2021-06-14 12:49:01,454] {standard_task_runner.py:76} INFO - Running: ['***', 'tasks', 'run', 'summary_db', 'queue_distance_eta', '2021-06-13T00:00:00+00:00', '--job-id', '47', '--pool', 'default_pool', '--raw', '--subdir', 'DAGS_FOLDER/first_dag.py', '--cfg-path', '/tmp/tmp9aeyphsk', '--error-file', '/tmp/tmp9sqyhn_b']
[2021-06-14 12:49:01,459] {standard_task_runner.py:77} INFO - Job 47: Subtask queue_distance_eta
[2021-06-14 12:49:01,854] {logging_mixin.py:104} INFO - Running <TaskInstance: summary_db.queue_distance_eta 2021-06-13T00:00:00+00:00 [running]> on host 7874826b9cd7
[2021-06-14 12:49:02,472] {taskinstance.py:1282} INFO - Exporting the following env vars:
AIRFLOW_CTX_DAG_OWNER=***
AIRFLOW_CTX_DAG_ID=summary_db
AIRFLOW_CTX_TASK_ID=queue_distance_eta
AIRFLOW_CTX_EXECUTION_DATE=2021-06-13T00:00:00+00:00
AIRFLOW_CTX_DAG_RUN_ID=scheduled__2021-06-13T00:00:00+00:00
[2021-06-14 12:49:02,485] {logging_mixin.py:104} INFO - ------------------------------------Inside Function-----------------------------
[2021-06-14 12:50:09,391] {logging_mixin.py:104} INFO - -------------------------------Data read into dataframe---------------------------
[2021-06-14 12:50:10,328] {logging_mixin.py:104} WARNING - /home/***/.local/lib/python3.6/site-packages/pandas/io/sql.py:1423 UserWarning: The provided table name '21N_queue_distance_eta' is not found exactly as such in the database after writing the table, possibly due to case sensitivity issues. Consider using lower case table names.
[2021-06-14 12:50:10,345] {logging_mixin.py:104} INFO - ----------------------------------Data written into summary DB----------------------
[2021-06-14 12:50:10,345] {python.py:151} INFO - Done. Returned value was: None
[2021-06-14 12:50:10,369] {taskinstance.py:1191} INFO - Marking task as SUCCESS. dag_id=summary_db, task_id=queue_distance_eta, execution_date=20210613T000000, start_date=20210614T124900, end_date=20210614T125010
[2021-06-14 12:50:10,485] {taskinstance.py:1245} INFO - 0 downstream tasks scheduled from follow-on schedule check
[2021-06-14 12:50:10,506] {local_task_job.py:151} INFO - Task exited with return code 0
[2021-06-14 15:28:05,457] {taskinstance.py:876} INFO - Dependencies all met for <TaskInstance: summary_db.queue_distance_eta 2021-06-13T00:00:00+00:00 [queued]>
[2021-06-14 15:28:05,597] {taskinstance.py:876} INFO - Dependencies all met for <TaskInstance: summary_db.queue_distance_eta 2021-06-13T00:00:00+00:00 [queued]>
[2021-06-14 15:28:05,604] {taskinstance.py:1067} INFO - 
--------------------------------------------------------------------------------
[2021-06-14 15:28:05,604] {taskinstance.py:1068} INFO - Starting attempt 1 of 2
[2021-06-14 15:28:05,604] {taskinstance.py:1069} INFO - 
--------------------------------------------------------------------------------
[2021-06-14 15:28:05,718] {taskinstance.py:1087} INFO - Executing <Task(PythonOperator): queue_distance_eta> on 2021-06-13T00:00:00+00:00
[2021-06-14 15:28:05,783] {standard_task_runner.py:52} INFO - Started process 792 to run task
[2021-06-14 15:28:05,851] {standard_task_runner.py:76} INFO - Running: ['***', 'tasks', 'run', 'summary_db', 'queue_distance_eta', '2021-06-13T00:00:00+00:00', '--job-id', '71', '--pool', 'default_pool', '--raw', '--subdir', 'DAGS_FOLDER/first_dag.py', '--cfg-path', '/tmp/tmpjy1yys2e', '--error-file', '/tmp/tmpuu350at7']
[2021-06-14 15:28:05,852] {standard_task_runner.py:77} INFO - Job 71: Subtask queue_distance_eta
[2021-06-14 15:28:06,648] {logging_mixin.py:104} INFO - Running <TaskInstance: summary_db.queue_distance_eta 2021-06-13T00:00:00+00:00 [running]> on host 7874826b9cd7
[2021-06-14 15:28:07,229] {taskinstance.py:1282} INFO - Exporting the following env vars:
AIRFLOW_CTX_DAG_OWNER=***
AIRFLOW_CTX_DAG_ID=summary_db
AIRFLOW_CTX_TASK_ID=queue_distance_eta
AIRFLOW_CTX_EXECUTION_DATE=2021-06-13T00:00:00+00:00
AIRFLOW_CTX_DAG_RUN_ID=scheduled__2021-06-13T00:00:00+00:00
[2021-06-14 15:28:07,230] {logging_mixin.py:104} INFO - ------------------------------------Inside Function-----------------------------
[2021-06-14 15:29:33,955] {logging_mixin.py:104} INFO - -------------------------------Data read into dataframe---------------------------
[2021-06-14 15:29:35,121] {logging_mixin.py:104} WARNING - /home/***/.local/lib/python3.6/site-packages/pandas/io/sql.py:1423 UserWarning: The provided table name '21N_queue_distance_eta' is not found exactly as such in the database after writing the table, possibly due to case sensitivity issues. Consider using lower case table names.
[2021-06-14 15:29:35,122] {logging_mixin.py:104} INFO - ----------------------------------Data written into summary DB----------------------
[2021-06-14 15:29:35,122] {python.py:151} INFO - Done. Returned value was: None
[2021-06-14 15:29:35,206] {taskinstance.py:1191} INFO - Marking task as SUCCESS. dag_id=summary_db, task_id=queue_distance_eta, execution_date=20210613T000000, start_date=20210614T152805, end_date=20210614T152935
[2021-06-14 15:29:35,363] {local_task_job.py:197} WARNING - State of this instance has been externally set to success. Terminating instance.
[2021-06-14 15:29:35,429] {taskinstance.py:1245} INFO - 0 downstream tasks scheduled from follow-on schedule check
[2021-06-14 15:29:35,378] {process_utils.py:100} INFO - Sending Signals.SIGTERM to GPID 792
[2021-06-14 15:29:35,458] {process_utils.py:66} INFO - Process psutil.Process(pid=792, status='terminated', exitcode=0, started='15:28:04') (792) terminated with exit code 0
[2021-06-14 18:33:52,711] {taskinstance.py:876} INFO - Dependencies all met for <TaskInstance: summary_db.queue_distance_eta 2021-06-13T00:00:00+00:00 [queued]>
[2021-06-14 18:33:53,191] {taskinstance.py:876} INFO - Dependencies all met for <TaskInstance: summary_db.queue_distance_eta 2021-06-13T00:00:00+00:00 [queued]>
[2021-06-14 18:33:53,191] {taskinstance.py:1067} INFO - 
--------------------------------------------------------------------------------
[2021-06-14 18:33:53,192] {taskinstance.py:1068} INFO - Starting attempt 1 of 2
[2021-06-14 18:33:53,192] {taskinstance.py:1069} INFO - 
--------------------------------------------------------------------------------
[2021-06-14 18:33:53,497] {taskinstance.py:1087} INFO - Executing <Task(PythonOperator): queue_distance_eta> on 2021-06-13T00:00:00+00:00
[2021-06-14 18:33:53,685] {standard_task_runner.py:52} INFO - Started process 247 to run task
[2021-06-14 18:33:53,912] {standard_task_runner.py:76} INFO - Running: ['***', 'tasks', 'run', 'summary_db', 'queue_distance_eta', '2021-06-13T00:00:00+00:00', '--job-id', '102', '--pool', 'default_pool', '--raw', '--subdir', 'DAGS_FOLDER/first_dag.py', '--cfg-path', '/tmp/tmpon0oqrv0', '--error-file', '/tmp/tmpvmhcwik1']
[2021-06-14 18:33:53,931] {standard_task_runner.py:77} INFO - Job 102: Subtask queue_distance_eta
[2021-06-14 18:33:55,710] {logging_mixin.py:104} INFO - Running <TaskInstance: summary_db.queue_distance_eta 2021-06-13T00:00:00+00:00 [running]> on host 89c270a4555f
[2021-06-14 18:33:56,925] {taskinstance.py:1282} INFO - Exporting the following env vars:
AIRFLOW_CTX_DAG_OWNER=***
AIRFLOW_CTX_DAG_ID=summary_db
AIRFLOW_CTX_TASK_ID=queue_distance_eta
AIRFLOW_CTX_EXECUTION_DATE=2021-06-13T00:00:00+00:00
AIRFLOW_CTX_DAG_RUN_ID=scheduled__2021-06-13T00:00:00+00:00
[2021-06-14 18:33:56,926] {logging_mixin.py:104} INFO - ------------------------------------Inside Function-----------------------------
[2021-06-14 18:35:13,658] {logging_mixin.py:104} INFO - -------------------------------Data read into dataframe---------------------------
[2021-06-14 18:35:14,937] {logging_mixin.py:104} WARNING - /home/***/.local/lib/python3.6/site-packages/pandas/io/sql.py:1423 UserWarning: The provided table name '21N_queue_distance_eta' is not found exactly as such in the database after writing the table, possibly due to case sensitivity issues. Consider using lower case table names.
[2021-06-14 18:35:14,937] {logging_mixin.py:104} INFO - ----------------------------------Data written into summary DB----------------------
[2021-06-14 18:35:14,937] {python.py:151} INFO - Done. Returned value was: None
[2021-06-14 18:35:14,971] {taskinstance.py:1191} INFO - Marking task as SUCCESS. dag_id=summary_db, task_id=queue_distance_eta, execution_date=20210613T000000, start_date=20210614T183352, end_date=20210614T183514
[2021-06-14 18:35:15,162] {taskinstance.py:1245} INFO - 0 downstream tasks scheduled from follow-on schedule check
[2021-06-14 18:35:15,233] {local_task_job.py:151} INFO - Task exited with return code 0
