[2021-06-16 13:03:21,205] {taskinstance.py:876} INFO - Dependencies all met for <TaskInstance: summary_db.queue_completedby 2021-06-15T00:00:00+00:00 [queued]>
[2021-06-16 13:03:21,838] {taskinstance.py:876} INFO - Dependencies all met for <TaskInstance: summary_db.queue_completedby 2021-06-15T00:00:00+00:00 [queued]>
[2021-06-16 13:03:21,838] {taskinstance.py:1067} INFO - 
--------------------------------------------------------------------------------
[2021-06-16 13:03:21,838] {taskinstance.py:1068} INFO - Starting attempt 1 of 4
[2021-06-16 13:03:21,838] {taskinstance.py:1069} INFO - 
--------------------------------------------------------------------------------
[2021-06-16 13:03:24,022] {taskinstance.py:1087} INFO - Executing <Task(PythonOperator): queue_completedby> on 2021-06-15T00:00:00+00:00
[2021-06-16 13:03:27,178] {standard_task_runner.py:52} INFO - Started process 1276 to run task
[2021-06-16 13:03:27,343] {standard_task_runner.py:76} INFO - Running: ['***', 'tasks', 'run', 'summary_db', 'queue_completedby', '2021-06-15T00:00:00+00:00', '--job-id', '200', '--pool', 'default_pool', '--raw', '--subdir', 'DAGS_FOLDER/first_dag.py', '--cfg-path', '/tmp/tmpulou7p8m', '--error-file', '/tmp/tmphpcky0ok']
[2021-06-16 13:03:27,344] {standard_task_runner.py:77} INFO - Job 200: Subtask queue_completedby
[2021-06-16 13:03:42,688] {logging_mixin.py:104} INFO - Running <TaskInstance: summary_db.queue_completedby 2021-06-15T00:00:00+00:00 [running]> on host ac3e7c1eb084
[2021-06-16 13:04:03,629] {taskinstance.py:1282} INFO - Exporting the following env vars:
AIRFLOW_CTX_DAG_OWNER=***
AIRFLOW_CTX_DAG_ID=summary_db
AIRFLOW_CTX_TASK_ID=queue_completedby
AIRFLOW_CTX_EXECUTION_DATE=2021-06-15T00:00:00+00:00
AIRFLOW_CTX_DAG_RUN_ID=scheduled__2021-06-15T00:00:00+00:00
[2021-06-16 13:04:03,630] {logging_mixin.py:104} INFO - ------------------------------------Inside Function-----------------------------
[2021-06-16 13:04:10,832] {logging_mixin.py:104} INFO - -------------------------------Data read into dataframe---------------------------
[2021-06-16 13:04:13,997] {logging_mixin.py:104} INFO - ----------------------------------Data written into summary DB----------------------
[2021-06-16 13:04:14,011] {python.py:151} INFO - Done. Returned value was: None
[2021-06-16 13:04:14,098] {taskinstance.py:1191} INFO - Marking task as SUCCESS. dag_id=summary_db, task_id=queue_completedby, execution_date=20210615T000000, start_date=20210616T130321, end_date=20210616T130414
[2021-06-16 13:04:14,225] {taskinstance.py:1245} INFO - 0 downstream tasks scheduled from follow-on schedule check
[2021-06-16 13:04:14,280] {local_task_job.py:151} INFO - Task exited with return code 0
