[2021-06-10 04:52:09,283] {taskinstance.py:876} INFO - Dependencies all met for <TaskInstance: first_dag.db_conn 2021-06-09T00:00:00+00:00 [queued]>
[2021-06-10 04:52:09,352] {taskinstance.py:876} INFO - Dependencies all met for <TaskInstance: first_dag.db_conn 2021-06-09T00:00:00+00:00 [queued]>
[2021-06-10 04:52:09,352] {taskinstance.py:1067} INFO - 
--------------------------------------------------------------------------------
[2021-06-10 04:52:09,352] {taskinstance.py:1068} INFO - Starting attempt 1 of 2
[2021-06-10 04:52:09,356] {taskinstance.py:1069} INFO - 
--------------------------------------------------------------------------------
[2021-06-10 04:52:09,383] {taskinstance.py:1087} INFO - Executing <Task(PythonOperator): db_conn> on 2021-06-09T00:00:00+00:00
[2021-06-10 04:52:09,389] {standard_task_runner.py:52} INFO - Started process 60 to run task
[2021-06-10 04:52:09,396] {standard_task_runner.py:76} INFO - Running: ['***', 'tasks', 'run', 'first_dag', 'db_conn', '2021-06-09T00:00:00+00:00', '--job-id', '47', '--pool', 'default_pool', '--raw', '--subdir', 'DAGS_FOLDER/first_dag.py', '--cfg-path', '/tmp/tmp_vjlo103', '--error-file', '/tmp/tmpb7szl7h_']
[2021-06-10 04:52:09,397] {standard_task_runner.py:77} INFO - Job 47: Subtask db_conn
[2021-06-10 04:52:09,520] {logging_mixin.py:104} INFO - Running <TaskInstance: first_dag.db_conn 2021-06-09T00:00:00+00:00 [running]> on host 83f27f9a563a
[2021-06-10 04:52:09,672] {taskinstance.py:1282} INFO - Exporting the following env vars:
AIRFLOW_CTX_DAG_OWNER=***
AIRFLOW_CTX_DAG_ID=first_dag
AIRFLOW_CTX_TASK_ID=db_conn
AIRFLOW_CTX_EXECUTION_DATE=2021-06-09T00:00:00+00:00
AIRFLOW_CTX_DAG_RUN_ID=scheduled__2021-06-09T00:00:00+00:00
[2021-06-10 04:52:09,673] {logging_mixin.py:104} INFO - DB Connection started
[2021-06-10 04:52:09,674] {logging_mixin.py:104} INFO - replica DB -------------->>>>>>>>>>>>>>> <***.providers.mysql.hooks.mysql.MySqlHook object at 0x7fbee868b9e8>
[2021-06-10 04:52:09,675] {logging_mixin.py:104} INFO - localhost-------------------------->>>>>>>>>>>>>>>> <***.providers.mysql.hooks.mysql.MySqlHook object at 0x7fbee868bf98>
[2021-06-10 04:52:09,711] {base.py:78} INFO - Using connection to: id: 21n_replica. Host: 3.0.136.197, Port: 3306, Schema: 21north, Login: yantra, Password: ***, extra: {'ssl-mode': 'DISABLED'}
[2021-06-10 04:52:31,039] {taskinstance.py:1481} ERROR - Task failed with exception
Traceback (most recent call last):
  File "/home/airflow/.local/lib/python3.6/site-packages/airflow/models/taskinstance.py", line 1137, in _run_raw_task
    self._prepare_and_execute_task_with_callbacks(context, task)
  File "/home/airflow/.local/lib/python3.6/site-packages/airflow/models/taskinstance.py", line 1311, in _prepare_and_execute_task_with_callbacks
    result = self._execute_task(context, task_copy)
  File "/home/airflow/.local/lib/python3.6/site-packages/airflow/models/taskinstance.py", line 1341, in _execute_task
    result = task_copy.execute(context=context)
  File "/home/airflow/.local/lib/python3.6/site-packages/airflow/operators/python.py", line 150, in execute
    return_value = self.execute_callable()
  File "/home/airflow/.local/lib/python3.6/site-packages/airflow/operators/python.py", line 161, in execute_callable
    return self.python_callable(*self.op_args, **self.op_kwargs)
  File "/opt/airflow/dags/first_dag.py", line 44, in db_conn
    src_conn = replica_db_connector.get_conn()
  File "/home/airflow/.local/lib/python3.6/site-packages/airflow/providers/mysql/hooks/mysql.py", line 168, in get_conn
    return MySQLdb.connect(**conn_config)
  File "/home/airflow/.local/lib/python3.6/site-packages/MySQLdb/__init__.py", line 130, in Connect
    return Connection(*args, **kwargs)
  File "/home/airflow/.local/lib/python3.6/site-packages/MySQLdb/connections.py", line 185, in __init__
    super().__init__(*args, **kwargs2)
MySQLdb._exceptions.OperationalError: (2003, "Can't connect to MySQL server on '3.0.136.197:3306' (111)")
[2021-06-10 04:52:31,042] {taskinstance.py:1531} INFO - Marking task as UP_FOR_RETRY. dag_id=first_dag, task_id=db_conn, execution_date=20210609T000000, start_date=20210610T045209, end_date=20210610T045231
[2021-06-10 04:52:31,076] {local_task_job.py:151} INFO - Task exited with return code 1
[2021-06-10 05:03:21,998] {taskinstance.py:876} INFO - Dependencies all met for <TaskInstance: first_dag.db_conn 2021-06-09T00:00:00+00:00 [queued]>
[2021-06-10 05:03:22,015] {taskinstance.py:876} INFO - Dependencies all met for <TaskInstance: first_dag.db_conn 2021-06-09T00:00:00+00:00 [queued]>
[2021-06-10 05:03:22,015] {taskinstance.py:1067} INFO - 
--------------------------------------------------------------------------------
[2021-06-10 05:03:22,015] {taskinstance.py:1068} INFO - Starting attempt 1 of 2
[2021-06-10 05:03:22,017] {taskinstance.py:1069} INFO - 
--------------------------------------------------------------------------------
[2021-06-10 05:03:22,029] {taskinstance.py:1087} INFO - Executing <Task(PythonOperator): db_conn> on 2021-06-09T00:00:00+00:00
[2021-06-10 05:03:22,033] {standard_task_runner.py:52} INFO - Started process 329 to run task
[2021-06-10 05:03:22,037] {standard_task_runner.py:76} INFO - Running: ['***', 'tasks', 'run', 'first_dag', 'db_conn', '2021-06-09T00:00:00+00:00', '--job-id', '50', '--pool', 'default_pool', '--raw', '--subdir', 'DAGS_FOLDER/first_dag.py', '--cfg-path', '/tmp/tmp10dmrlpe', '--error-file', '/tmp/tmpjbscj4bf']
[2021-06-10 05:03:22,038] {standard_task_runner.py:77} INFO - Job 50: Subtask db_conn
[2021-06-10 05:03:22,080] {logging_mixin.py:104} INFO - Running <TaskInstance: first_dag.db_conn 2021-06-09T00:00:00+00:00 [running]> on host fb863332359f
[2021-06-10 05:03:22,129] {taskinstance.py:1282} INFO - Exporting the following env vars:
AIRFLOW_CTX_DAG_OWNER=***
AIRFLOW_CTX_DAG_ID=first_dag
AIRFLOW_CTX_TASK_ID=db_conn
AIRFLOW_CTX_EXECUTION_DATE=2021-06-09T00:00:00+00:00
AIRFLOW_CTX_DAG_RUN_ID=scheduled__2021-06-09T00:00:00+00:00
[2021-06-10 05:03:22,129] {logging_mixin.py:104} INFO - DB Connection started
[2021-06-10 05:03:22,130] {logging_mixin.py:104} INFO - replica DB -------------->>>>>>>>>>>>>>> <***.providers.mysql.hooks.mysql.MySqlHook object at 0x7f4571fb1ba8>
[2021-06-10 05:03:22,130] {logging_mixin.py:104} INFO - localhost-------------------------->>>>>>>>>>>>>>>> <***.providers.mysql.hooks.mysql.MySqlHook object at 0x7f4571fb1c18>
[2021-06-10 05:03:22,140] {base.py:78} INFO - Using connection to: id: 21n_replica. Host: 3.0.136.197, Port: 3306, Schema: 21north, Login: yantra, Password: ***, extra: {'ssl-mode': 'DISABLED'}
[2021-06-10 05:03:43,210] {taskinstance.py:1481} ERROR - Task failed with exception
Traceback (most recent call last):
  File "/home/airflow/.local/lib/python3.6/site-packages/airflow/models/taskinstance.py", line 1137, in _run_raw_task
    self._prepare_and_execute_task_with_callbacks(context, task)
  File "/home/airflow/.local/lib/python3.6/site-packages/airflow/models/taskinstance.py", line 1311, in _prepare_and_execute_task_with_callbacks
    result = self._execute_task(context, task_copy)
  File "/home/airflow/.local/lib/python3.6/site-packages/airflow/models/taskinstance.py", line 1341, in _execute_task
    result = task_copy.execute(context=context)
  File "/home/airflow/.local/lib/python3.6/site-packages/airflow/operators/python.py", line 150, in execute
    return_value = self.execute_callable()
  File "/home/airflow/.local/lib/python3.6/site-packages/airflow/operators/python.py", line 161, in execute_callable
    return self.python_callable(*self.op_args, **self.op_kwargs)
  File "/opt/airflow/dags/first_dag.py", line 44, in db_conn
    src_conn = replica_db_connector.get_conn()
  File "/home/airflow/.local/lib/python3.6/site-packages/airflow/providers/mysql/hooks/mysql.py", line 168, in get_conn
    return MySQLdb.connect(**conn_config)
  File "/home/airflow/.local/lib/python3.6/site-packages/MySQLdb/__init__.py", line 130, in Connect
    return Connection(*args, **kwargs)
  File "/home/airflow/.local/lib/python3.6/site-packages/MySQLdb/connections.py", line 185, in __init__
    super().__init__(*args, **kwargs2)
MySQLdb._exceptions.OperationalError: (2003, "Can't connect to MySQL server on '3.0.136.197:3306' (111)")
[2021-06-10 05:03:43,215] {taskinstance.py:1531} INFO - Marking task as UP_FOR_RETRY. dag_id=first_dag, task_id=db_conn, execution_date=20210609T000000, start_date=20210610T050322, end_date=20210610T050343
[2021-06-10 05:03:43,273] {local_task_job.py:151} INFO - Task exited with return code 1
