[2021-06-16 13:20:57,479] {taskinstance.py:876} INFO - Dependencies all met for <TaskInstance: summary_db.ambassador_channel_partner 2021-06-15T02:30:00+00:00 [queued]>
[2021-06-16 13:20:57,629] {taskinstance.py:876} INFO - Dependencies all met for <TaskInstance: summary_db.ambassador_channel_partner 2021-06-15T02:30:00+00:00 [queued]>
[2021-06-16 13:20:57,629] {taskinstance.py:1067} INFO - 
--------------------------------------------------------------------------------
[2021-06-16 13:20:57,629] {taskinstance.py:1068} INFO - Starting attempt 2 of 5
[2021-06-16 13:20:57,629] {taskinstance.py:1069} INFO - 
--------------------------------------------------------------------------------
[2021-06-16 13:20:57,674] {taskinstance.py:1087} INFO - Executing <Task(PythonOperator): ambassador_channel_partner> on 2021-06-15T02:30:00+00:00
[2021-06-16 13:20:57,704] {standard_task_runner.py:52} INFO - Started process 2148 to run task
[2021-06-16 13:20:57,735] {standard_task_runner.py:76} INFO - Running: ['***', 'tasks', 'run', 'summary_db', 'ambassador_channel_partner', '2021-06-15T02:30:00+00:00', '--job-id', '242', '--pool', 'default_pool', '--raw', '--subdir', 'DAGS_FOLDER/first_dag.py', '--cfg-path', '/tmp/tmp8x44b7q6', '--error-file', '/tmp/tmpjo706qr6']
[2021-06-16 13:20:57,736] {standard_task_runner.py:77} INFO - Job 242: Subtask ambassador_channel_partner
[2021-06-16 13:20:58,108] {logging_mixin.py:104} INFO - Running <TaskInstance: summary_db.ambassador_channel_partner 2021-06-15T02:30:00+00:00 [running]> on host ac3e7c1eb084
[2021-06-16 13:20:58,437] {taskinstance.py:1282} INFO - Exporting the following env vars:
AIRFLOW_CTX_DAG_OWNER=***
AIRFLOW_CTX_DAG_ID=summary_db
AIRFLOW_CTX_TASK_ID=ambassador_channel_partner
AIRFLOW_CTX_EXECUTION_DATE=2021-06-15T02:30:00+00:00
AIRFLOW_CTX_DAG_RUN_ID=scheduled__2021-06-15T02:30:00+00:00
[2021-06-16 13:20:58,438] {logging_mixin.py:104} INFO - ------------------------------------Inside Function-----------------------------
[2021-06-16 13:21:01,159] {logging_mixin.py:104} INFO - -------------------------------Data read into dataframe---------------------------
[2021-06-16 13:21:03,247] {logging_mixin.py:104} INFO - ----------------------------------Data written into summary DB----------------------
[2021-06-16 13:21:03,248] {python.py:151} INFO - Done. Returned value was: None
[2021-06-16 13:21:03,340] {taskinstance.py:1191} INFO - Marking task as SUCCESS. dag_id=summary_db, task_id=ambassador_channel_partner, execution_date=20210615T023000, start_date=20210616T132057, end_date=20210616T132103
[2021-06-16 13:21:03,461] {taskinstance.py:1245} INFO - 0 downstream tasks scheduled from follow-on schedule check
[2021-06-16 13:21:03,544] {local_task_job.py:151} INFO - Task exited with return code 0
