[2021-06-16 13:06:54,942] {taskinstance.py:876} INFO - Dependencies all met for <TaskInstance: summary_db.dealer_master 2021-06-15T00:00:00+00:00 [queued]>
[2021-06-16 13:06:54,996] {taskinstance.py:876} INFO - Dependencies all met for <TaskInstance: summary_db.dealer_master 2021-06-15T00:00:00+00:00 [queued]>
[2021-06-16 13:06:54,996] {taskinstance.py:1067} INFO - 
--------------------------------------------------------------------------------
[2021-06-16 13:06:54,996] {taskinstance.py:1068} INFO - Starting attempt 2 of 5
[2021-06-16 13:06:54,997] {taskinstance.py:1069} INFO - 
--------------------------------------------------------------------------------
[2021-06-16 13:06:55,022] {taskinstance.py:1087} INFO - Executing <Task(PythonOperator): dealer_master> on 2021-06-15T00:00:00+00:00
[2021-06-16 13:06:55,035] {standard_task_runner.py:52} INFO - Started process 1436 to run task
[2021-06-16 13:06:55,043] {standard_task_runner.py:76} INFO - Running: ['***', 'tasks', 'run', 'summary_db', 'dealer_master', '2021-06-15T00:00:00+00:00', '--job-id', '213', '--pool', 'default_pool', '--raw', '--subdir', 'DAGS_FOLDER/first_dag.py', '--cfg-path', '/tmp/tmpfphm6f8m', '--error-file', '/tmp/tmp__9t0d_l']
[2021-06-16 13:06:55,044] {standard_task_runner.py:77} INFO - Job 213: Subtask dealer_master
[2021-06-16 13:06:55,143] {logging_mixin.py:104} INFO - Running <TaskInstance: summary_db.dealer_master 2021-06-15T00:00:00+00:00 [running]> on host ac3e7c1eb084
[2021-06-16 13:06:55,306] {taskinstance.py:1282} INFO - Exporting the following env vars:
AIRFLOW_CTX_DAG_OWNER=***
AIRFLOW_CTX_DAG_ID=summary_db
AIRFLOW_CTX_TASK_ID=dealer_master
AIRFLOW_CTX_EXECUTION_DATE=2021-06-15T00:00:00+00:00
AIRFLOW_CTX_DAG_RUN_ID=scheduled__2021-06-15T00:00:00+00:00
[2021-06-16 13:06:55,309] {logging_mixin.py:104} INFO - ------------------------------------Inside Function-----------------------------
[2021-06-16 13:06:57,762] {logging_mixin.py:104} INFO - -------------------------------Data read into dataframe---------------------------
[2021-06-16 13:07:04,181] {logging_mixin.py:104} INFO - ----------------------------------Data written into summary DB----------------------
[2021-06-16 13:07:04,182] {python.py:151} INFO - Done. Returned value was: None
[2021-06-16 13:07:04,237] {taskinstance.py:1191} INFO - Marking task as SUCCESS. dag_id=summary_db, task_id=dealer_master, execution_date=20210615T000000, start_date=20210616T130654, end_date=20210616T130704
[2021-06-16 13:07:04,358] {taskinstance.py:1245} INFO - 0 downstream tasks scheduled from follow-on schedule check
[2021-06-16 13:07:04,420] {local_task_job.py:151} INFO - Task exited with return code 0
