[2021-06-15 18:02:18,556] {taskinstance.py:876} INFO - Dependencies all met for <TaskInstance: summary_db.dealer_master 2021-06-14T00:00:00+00:00 [queued]>
[2021-06-15 18:02:18,667] {taskinstance.py:876} INFO - Dependencies all met for <TaskInstance: summary_db.dealer_master 2021-06-14T00:00:00+00:00 [queued]>
[2021-06-15 18:02:18,668] {taskinstance.py:1067} INFO - 
--------------------------------------------------------------------------------
[2021-06-15 18:02:18,668] {taskinstance.py:1068} INFO - Starting attempt 2 of 3
[2021-06-15 18:02:18,668] {taskinstance.py:1069} INFO - 
--------------------------------------------------------------------------------
[2021-06-15 18:02:18,842] {taskinstance.py:1087} INFO - Executing <Task(PythonOperator): dealer_master> on 2021-06-14T00:00:00+00:00
[2021-06-15 18:02:18,877] {standard_task_runner.py:52} INFO - Started process 1536 to run task
[2021-06-15 18:02:18,887] {standard_task_runner.py:76} INFO - Running: ['***', 'tasks', 'run', 'summary_db', 'dealer_master', '2021-06-14T00:00:00+00:00', '--job-id', '159', '--pool', 'default_pool', '--raw', '--subdir', 'DAGS_FOLDER/first_dag.py', '--cfg-path', '/tmp/tmpzz5ij4ui', '--error-file', '/tmp/tmpkrp7cel3']
[2021-06-15 18:02:18,888] {standard_task_runner.py:77} INFO - Job 159: Subtask dealer_master
[2021-06-15 18:02:19,057] {logging_mixin.py:104} INFO - Running <TaskInstance: summary_db.dealer_master 2021-06-14T00:00:00+00:00 [running]> on host bb8bb196dd92
[2021-06-15 18:02:19,266] {taskinstance.py:1282} INFO - Exporting the following env vars:
AIRFLOW_CTX_DAG_OWNER=***
AIRFLOW_CTX_DAG_ID=summary_db
AIRFLOW_CTX_TASK_ID=dealer_master
AIRFLOW_CTX_EXECUTION_DATE=2021-06-14T00:00:00+00:00
AIRFLOW_CTX_DAG_RUN_ID=scheduled__2021-06-14T00:00:00+00:00
[2021-06-15 18:02:19,267] {logging_mixin.py:104} INFO - ------------------------------------Inside Function-----------------------------
[2021-06-15 18:02:21,899] {logging_mixin.py:104} INFO - -------------------------------Data read into dataframe---------------------------
[2021-06-15 18:02:26,218] {logging_mixin.py:104} INFO - ----------------------------------Data written into summary DB----------------------
[2021-06-15 18:02:26,219] {python.py:151} INFO - Done. Returned value was: None
[2021-06-15 18:02:26,298] {taskinstance.py:1191} INFO - Marking task as SUCCESS. dag_id=summary_db, task_id=dealer_master, execution_date=20210614T000000, start_date=20210615T180218, end_date=20210615T180226
[2021-06-15 18:02:26,478] {taskinstance.py:1245} INFO - 0 downstream tasks scheduled from follow-on schedule check
[2021-06-15 18:02:26,587] {local_task_job.py:151} INFO - Task exited with return code 0
