[2021-06-16 13:19:58,421] {taskinstance.py:876} INFO - Dependencies all met for <TaskInstance: summary_db.ambassador_channel_partner_comission 2021-06-15T02:30:00+00:00 [queued]>
[2021-06-16 13:19:58,535] {taskinstance.py:876} INFO - Dependencies all met for <TaskInstance: summary_db.ambassador_channel_partner_comission 2021-06-15T02:30:00+00:00 [queued]>
[2021-06-16 13:19:58,536] {taskinstance.py:1067} INFO - 
--------------------------------------------------------------------------------
[2021-06-16 13:19:58,536] {taskinstance.py:1068} INFO - Starting attempt 2 of 5
[2021-06-16 13:19:58,536] {taskinstance.py:1069} INFO - 
--------------------------------------------------------------------------------
[2021-06-16 13:19:58,562] {taskinstance.py:1087} INFO - Executing <Task(PythonOperator): ambassador_channel_partner_comission> on 2021-06-15T02:30:00+00:00
[2021-06-16 13:19:58,591] {standard_task_runner.py:52} INFO - Started process 2105 to run task
[2021-06-16 13:19:58,583] {standard_task_runner.py:76} INFO - Running: ['***', 'tasks', 'run', 'summary_db', 'ambassador_channel_partner_comission', '2021-06-15T02:30:00+00:00', '--job-id', '241', '--pool', 'default_pool', '--raw', '--subdir', 'DAGS_FOLDER/first_dag.py', '--cfg-path', '/tmp/tmp47tl1rg7', '--error-file', '/tmp/tmp_a25ciba']
[2021-06-16 13:19:58,596] {standard_task_runner.py:77} INFO - Job 241: Subtask ambassador_channel_partner_comission
[2021-06-16 13:19:58,780] {logging_mixin.py:104} INFO - Running <TaskInstance: summary_db.ambassador_channel_partner_comission 2021-06-15T02:30:00+00:00 [running]> on host ac3e7c1eb084
[2021-06-16 13:19:58,984] {taskinstance.py:1282} INFO - Exporting the following env vars:
AIRFLOW_CTX_DAG_OWNER=***
AIRFLOW_CTX_DAG_ID=summary_db
AIRFLOW_CTX_TASK_ID=ambassador_channel_partner_comission
AIRFLOW_CTX_EXECUTION_DATE=2021-06-15T02:30:00+00:00
AIRFLOW_CTX_DAG_RUN_ID=scheduled__2021-06-15T02:30:00+00:00
[2021-06-16 13:19:58,994] {logging_mixin.py:104} INFO - ------------------------------------Inside Function-----------------------------
[2021-06-16 13:20:02,373] {logging_mixin.py:104} INFO - -------------------------------Data read into dataframe---------------------------
[2021-06-16 13:20:10,508] {logging_mixin.py:104} INFO - ----------------------------------Data written into summary DB----------------------
[2021-06-16 13:20:10,509] {python.py:151} INFO - Done. Returned value was: None
[2021-06-16 13:20:10,605] {taskinstance.py:1191} INFO - Marking task as SUCCESS. dag_id=summary_db, task_id=ambassador_channel_partner_comission, execution_date=20210615T023000, start_date=20210616T131958, end_date=20210616T132010
[2021-06-16 13:20:10,792] {taskinstance.py:1245} INFO - 0 downstream tasks scheduled from follow-on schedule check
[2021-06-16 13:20:10,820] {local_task_job.py:151} INFO - Task exited with return code 0
