[2021-06-16 13:22:22,748] {taskinstance.py:876} INFO - Dependencies all met for <TaskInstance: summary_db.queue_cash_collected_multiple_queueid 2021-06-15T02:30:00+00:00 [queued]>
[2021-06-16 13:22:22,848] {taskinstance.py:876} INFO - Dependencies all met for <TaskInstance: summary_db.queue_cash_collected_multiple_queueid 2021-06-15T02:30:00+00:00 [queued]>
[2021-06-16 13:22:22,849] {taskinstance.py:1067} INFO - 
--------------------------------------------------------------------------------
[2021-06-16 13:22:22,850] {taskinstance.py:1068} INFO - Starting attempt 2 of 5
[2021-06-16 13:22:22,850] {taskinstance.py:1069} INFO - 
--------------------------------------------------------------------------------
[2021-06-16 13:22:22,895] {taskinstance.py:1087} INFO - Executing <Task(PythonOperator): queue_cash_collected_multiple_queueid> on 2021-06-15T02:30:00+00:00
[2021-06-16 13:22:22,911] {standard_task_runner.py:52} INFO - Started process 2247 to run task
[2021-06-16 13:22:22,925] {standard_task_runner.py:76} INFO - Running: ['***', 'tasks', 'run', 'summary_db', 'queue_cash_collected_multiple_queueid', '2021-06-15T02:30:00+00:00', '--job-id', '252', '--pool', 'default_pool', '--raw', '--subdir', 'DAGS_FOLDER/first_dag.py', '--cfg-path', '/tmp/tmpg8_ctxr3', '--error-file', '/tmp/tmpxh6zzt7a']
[2021-06-16 13:22:22,925] {standard_task_runner.py:77} INFO - Job 252: Subtask queue_cash_collected_multiple_queueid
[2021-06-16 13:22:23,121] {logging_mixin.py:104} INFO - Running <TaskInstance: summary_db.queue_cash_collected_multiple_queueid 2021-06-15T02:30:00+00:00 [running]> on host ac3e7c1eb084
[2021-06-16 13:22:23,280] {taskinstance.py:1282} INFO - Exporting the following env vars:
AIRFLOW_CTX_DAG_OWNER=***
AIRFLOW_CTX_DAG_ID=summary_db
AIRFLOW_CTX_TASK_ID=queue_cash_collected_multiple_queueid
AIRFLOW_CTX_EXECUTION_DATE=2021-06-15T02:30:00+00:00
AIRFLOW_CTX_DAG_RUN_ID=scheduled__2021-06-15T02:30:00+00:00
[2021-06-16 13:22:23,284] {logging_mixin.py:104} INFO - ------------------------------------Inside Function-----------------------------
[2021-06-16 13:22:34,692] {logging_mixin.py:104} INFO - -------------------------------Data read into dataframe---------------------------
[2021-06-16 13:22:36,443] {logging_mixin.py:104} INFO - ----------------------------------Data written into summary DB----------------------
[2021-06-16 13:22:36,443] {python.py:151} INFO - Done. Returned value was: None
[2021-06-16 13:22:36,469] {taskinstance.py:1191} INFO - Marking task as SUCCESS. dag_id=summary_db, task_id=queue_cash_collected_multiple_queueid, execution_date=20210615T023000, start_date=20210616T132222, end_date=20210616T132236
[2021-06-16 13:22:36,582] {taskinstance.py:1245} INFO - 0 downstream tasks scheduled from follow-on schedule check
[2021-06-16 13:22:36,608] {local_task_job.py:151} INFO - Task exited with return code 0
