[2021-06-15 18:01:11,617] {taskinstance.py:876} INFO - Dependencies all met for <TaskInstance: summary_db.ambassador_locationbk 2021-06-14T00:00:00+00:00 [queued]>
[2021-06-15 18:01:11,693] {taskinstance.py:876} INFO - Dependencies all met for <TaskInstance: summary_db.ambassador_locationbk 2021-06-14T00:00:00+00:00 [queued]>
[2021-06-15 18:01:11,694] {taskinstance.py:1067} INFO - 
--------------------------------------------------------------------------------
[2021-06-15 18:01:11,694] {taskinstance.py:1068} INFO - Starting attempt 2 of 3
[2021-06-15 18:01:11,694] {taskinstance.py:1069} INFO - 
--------------------------------------------------------------------------------
[2021-06-15 18:01:11,734] {taskinstance.py:1087} INFO - Executing <Task(PythonOperator): ambassador_locationbk> on 2021-06-14T00:00:00+00:00
[2021-06-15 18:01:11,751] {standard_task_runner.py:52} INFO - Started process 1485 to run task
[2021-06-15 18:01:11,758] {standard_task_runner.py:76} INFO - Running: ['***', 'tasks', 'run', 'summary_db', 'ambassador_locationbk', '2021-06-14T00:00:00+00:00', '--job-id', '154', '--pool', 'default_pool', '--raw', '--subdir', 'DAGS_FOLDER/first_dag.py', '--cfg-path', '/tmp/tmp0yrcx2ba', '--error-file', '/tmp/tmp_6jxn3wx']
[2021-06-15 18:01:11,760] {standard_task_runner.py:77} INFO - Job 154: Subtask ambassador_locationbk
[2021-06-15 18:01:11,826] {logging_mixin.py:104} INFO - Running <TaskInstance: summary_db.ambassador_locationbk 2021-06-14T00:00:00+00:00 [running]> on host bb8bb196dd92
[2021-06-15 18:01:11,908] {taskinstance.py:1282} INFO - Exporting the following env vars:
AIRFLOW_CTX_DAG_OWNER=***
AIRFLOW_CTX_DAG_ID=summary_db
AIRFLOW_CTX_TASK_ID=ambassador_locationbk
AIRFLOW_CTX_EXECUTION_DATE=2021-06-14T00:00:00+00:00
AIRFLOW_CTX_DAG_RUN_ID=scheduled__2021-06-14T00:00:00+00:00
[2021-06-15 18:01:11,909] {logging_mixin.py:104} INFO - ------------------------------------Inside Function-----------------------------
[2021-06-15 18:01:40,175] {logging_mixin.py:104} INFO - -------------------------------Data read into dataframe---------------------------
[2021-06-15 18:04:05,115] {logging_mixin.py:104} WARNING - /home/***/.local/lib/python3.6/site-packages/pandas/io/sql.py:1423 UserWarning: The provided table name '21N_ambassador_locationbk' is not found exactly as such in the database after writing the table, possibly due to case sensitivity issues. Consider using lower case table names.
[2021-06-15 18:04:05,115] {logging_mixin.py:104} INFO - ----------------------------------Data written into summary DB----------------------
[2021-06-15 18:04:05,133] {python.py:151} INFO - Done. Returned value was: None
[2021-06-15 18:04:05,149] {taskinstance.py:1191} INFO - Marking task as SUCCESS. dag_id=summary_db, task_id=ambassador_locationbk, execution_date=20210614T000000, start_date=20210615T180111, end_date=20210615T180405
[2021-06-15 18:04:05,202] {taskinstance.py:1245} INFO - 0 downstream tasks scheduled from follow-on schedule check
[2021-06-15 18:04:05,234] {local_task_job.py:151} INFO - Task exited with return code 0
