[2021-06-28 15:20:01,508] {taskinstance.py:876} INFO - Dependencies all met for <TaskInstance: summary_db.queue_cash_collected_multiple_queueid 2021-06-26T23:45:00+00:00 [queued]>
[2021-06-28 15:20:01,732] {taskinstance.py:876} INFO - Dependencies all met for <TaskInstance: summary_db.queue_cash_collected_multiple_queueid 2021-06-26T23:45:00+00:00 [queued]>
[2021-06-28 15:20:01,740] {taskinstance.py:1067} INFO - 
--------------------------------------------------------------------------------
[2021-06-28 15:20:01,740] {taskinstance.py:1068} INFO - Starting attempt 1 of 4
[2021-06-28 15:20:01,740] {taskinstance.py:1069} INFO - 
--------------------------------------------------------------------------------
[2021-06-28 15:20:01,913] {taskinstance.py:1087} INFO - Executing <Task(PythonOperator): queue_cash_collected_multiple_queueid> on 2021-06-26T23:45:00+00:00
[2021-06-28 15:20:02,107] {standard_task_runner.py:52} INFO - Started process 303 to run task
[2021-06-28 15:20:02,121] {standard_task_runner.py:76} INFO - Running: ['***', 'tasks', 'run', 'summary_db', 'queue_cash_collected_multiple_queueid', '2021-06-26T23:45:00+00:00', '--job-id', '274', '--pool', 'default_pool', '--raw', '--subdir', 'DAGS_FOLDER/analytics_summary.py', '--cfg-path', '/tmp/tmp5peznyr9', '--error-file', '/tmp/tmpu_9sjxpy']
[2021-06-28 15:20:02,123] {standard_task_runner.py:77} INFO - Job 274: Subtask queue_cash_collected_multiple_queueid
[2021-06-28 15:20:02,875] {logging_mixin.py:104} INFO - Running <TaskInstance: summary_db.queue_cash_collected_multiple_queueid 2021-06-26T23:45:00+00:00 [running]> on host 32c9461fc328
[2021-06-28 15:20:03,290] {taskinstance.py:1282} INFO - Exporting the following env vars:
AIRFLOW_CTX_DAG_OWNER=***
AIRFLOW_CTX_DAG_ID=summary_db
AIRFLOW_CTX_TASK_ID=queue_cash_collected_multiple_queueid
AIRFLOW_CTX_EXECUTION_DATE=2021-06-26T23:45:00+00:00
AIRFLOW_CTX_DAG_RUN_ID=scheduled__2021-06-26T23:45:00+00:00
[2021-06-28 15:20:03,291] {logging_mixin.py:104} INFO - ------------------------------------Inside Function-----------------------------
[2021-06-28 15:20:06,394] {logging_mixin.py:104} INFO - -------------------------------Data read into dataframe---------------------------
[2021-06-28 15:20:08,405] {logging_mixin.py:104} INFO - ----------------------------------Data written into summary DB----------------------
[2021-06-28 15:20:08,406] {python.py:151} INFO - Done. Returned value was: None
[2021-06-28 15:20:08,615] {taskinstance.py:1191} INFO - Marking task as SUCCESS. dag_id=summary_db, task_id=queue_cash_collected_multiple_queueid, execution_date=20210626T234500, start_date=20210628T152001, end_date=20210628T152008
[2021-06-28 15:20:08,989] {taskinstance.py:1245} INFO - 0 downstream tasks scheduled from follow-on schedule check
[2021-06-28 15:20:09,090] {local_task_job.py:151} INFO - Task exited with return code 0
[2021-06-28 15:39:01,587] {taskinstance.py:876} INFO - Dependencies all met for <TaskInstance: summary_db.queue_cash_collected_multiple_queueid 2021-06-26T23:45:00+00:00 [queued]>
[2021-06-28 15:39:01,705] {taskinstance.py:876} INFO - Dependencies all met for <TaskInstance: summary_db.queue_cash_collected_multiple_queueid 2021-06-26T23:45:00+00:00 [queued]>
[2021-06-28 15:39:01,706] {taskinstance.py:1067} INFO - 
--------------------------------------------------------------------------------
[2021-06-28 15:39:01,709] {taskinstance.py:1068} INFO - Starting attempt 1 of 4
[2021-06-28 15:39:01,710] {taskinstance.py:1069} INFO - 
--------------------------------------------------------------------------------
[2021-06-28 15:39:01,729] {taskinstance.py:1087} INFO - Executing <Task(PythonOperator): queue_cash_collected_multiple_queueid> on 2021-06-26T23:45:00+00:00
[2021-06-28 15:39:01,737] {standard_task_runner.py:52} INFO - Started process 353 to run task
[2021-06-28 15:39:01,755] {standard_task_runner.py:76} INFO - Running: ['***', 'tasks', 'run', 'summary_db', 'queue_cash_collected_multiple_queueid', '2021-06-26T23:45:00+00:00', '--job-id', '310', '--pool', 'default_pool', '--raw', '--subdir', 'DAGS_FOLDER/analytics_summary.py', '--cfg-path', '/tmp/tmpxluojm16', '--error-file', '/tmp/tmpwca70c14']
[2021-06-28 15:39:01,755] {standard_task_runner.py:77} INFO - Job 310: Subtask queue_cash_collected_multiple_queueid
[2021-06-28 15:39:01,924] {logging_mixin.py:104} INFO - Running <TaskInstance: summary_db.queue_cash_collected_multiple_queueid 2021-06-26T23:45:00+00:00 [running]> on host 32c9461fc328
[2021-06-28 15:39:02,222] {taskinstance.py:1282} INFO - Exporting the following env vars:
AIRFLOW_CTX_DAG_OWNER=***
AIRFLOW_CTX_DAG_ID=summary_db
AIRFLOW_CTX_TASK_ID=queue_cash_collected_multiple_queueid
AIRFLOW_CTX_EXECUTION_DATE=2021-06-26T23:45:00+00:00
AIRFLOW_CTX_DAG_RUN_ID=scheduled__2021-06-26T23:45:00+00:00
[2021-06-28 15:39:02,223] {logging_mixin.py:104} INFO - ------------------------------------Inside Function-----------------------------
[2021-06-28 15:39:22,449] {logging_mixin.py:104} INFO - -------------------------------Data read into dataframe---------------------------
[2021-06-28 15:39:24,149] {logging_mixin.py:104} INFO - ----------------------------------Data written into summary DB----------------------
[2021-06-28 15:39:24,149] {python.py:151} INFO - Done. Returned value was: None
[2021-06-28 15:39:24,160] {taskinstance.py:1191} INFO - Marking task as SUCCESS. dag_id=summary_db, task_id=queue_cash_collected_multiple_queueid, execution_date=20210626T234500, start_date=20210628T153901, end_date=20210628T153924
[2021-06-28 15:39:24,186] {taskinstance.py:1245} INFO - 0 downstream tasks scheduled from follow-on schedule check
[2021-06-28 15:39:24,192] {local_task_job.py:151} INFO - Task exited with return code 0
