[2021-06-16 13:17:39,141] {taskinstance.py:876} INFO - Dependencies all met for <TaskInstance: summary_db.queue_repeat 2021-06-15T02:30:00+00:00 [queued]>
[2021-06-16 13:17:39,257] {taskinstance.py:876} INFO - Dependencies all met for <TaskInstance: summary_db.queue_repeat 2021-06-15T02:30:00+00:00 [queued]>
[2021-06-16 13:17:39,258] {taskinstance.py:1067} INFO - 
--------------------------------------------------------------------------------
[2021-06-16 13:17:39,258] {taskinstance.py:1068} INFO - Starting attempt 1 of 4
[2021-06-16 13:17:39,258] {taskinstance.py:1069} INFO - 
--------------------------------------------------------------------------------
[2021-06-16 13:17:39,314] {taskinstance.py:1087} INFO - Executing <Task(PythonOperator): queue_repeat> on 2021-06-15T02:30:00+00:00
[2021-06-16 13:17:39,349] {standard_task_runner.py:52} INFO - Started process 1974 to run task
[2021-06-16 13:17:39,383] {standard_task_runner.py:76} INFO - Running: ['***', 'tasks', 'run', 'summary_db', 'queue_repeat', '2021-06-15T02:30:00+00:00', '--job-id', '231', '--pool', 'default_pool', '--raw', '--subdir', 'DAGS_FOLDER/first_dag.py', '--cfg-path', '/tmp/tmp_ghleb5u', '--error-file', '/tmp/tmp10ghcbb4']
[2021-06-16 13:17:39,384] {standard_task_runner.py:77} INFO - Job 231: Subtask queue_repeat
[2021-06-16 13:17:40,018] {logging_mixin.py:104} INFO - Running <TaskInstance: summary_db.queue_repeat 2021-06-15T02:30:00+00:00 [running]> on host ac3e7c1eb084
[2021-06-16 13:17:40,458] {taskinstance.py:1282} INFO - Exporting the following env vars:
AIRFLOW_CTX_DAG_OWNER=***
AIRFLOW_CTX_DAG_ID=summary_db
AIRFLOW_CTX_TASK_ID=queue_repeat
AIRFLOW_CTX_EXECUTION_DATE=2021-06-15T02:30:00+00:00
AIRFLOW_CTX_DAG_RUN_ID=scheduled__2021-06-15T02:30:00+00:00
[2021-06-16 13:17:40,459] {logging_mixin.py:104} INFO - ------------------------------------Inside Function-----------------------------
[2021-06-16 13:17:44,433] {logging_mixin.py:104} INFO - -------------------------------Data read into dataframe---------------------------
[2021-06-16 13:17:47,203] {logging_mixin.py:104} INFO - ----------------------------------Data written into summary DB----------------------
[2021-06-16 13:17:47,203] {python.py:151} INFO - Done. Returned value was: None
[2021-06-16 13:17:47,448] {taskinstance.py:1191} INFO - Marking task as SUCCESS. dag_id=summary_db, task_id=queue_repeat, execution_date=20210615T023000, start_date=20210616T131739, end_date=20210616T131747
[2021-06-16 13:17:48,089] {taskinstance.py:1245} INFO - 0 downstream tasks scheduled from follow-on schedule check
[2021-06-16 13:17:48,167] {local_task_job.py:151} INFO - Task exited with return code 0
